  T ==K ( call run _1 ~> call _1 () ~> call run _3 ~> call _3 () ~> ret _3 () ~> call _3 () ~> ret _3 () ~> ret run () ~> call run _15 ~> call _15 () ~> ret _15 () ~> call _15 () ~> ret _15 () ~> ret run () ~> ret _1 () ~> call _1 () ~> call run _61 ~> call _61 () ~> ret _61 () ~> call _61 () ~> ret _61 () ~> ret run () ~> call run _114 ~> call _114 () ~> ret _114 () ~> call _114 () ~> ret _114 () ~> ret run () ~> ret _1 () ~> ret run () ~> call run _221 ~> call _221 () ~> call run _227 ~> call _227 () ~> ret _227 () ~> call _227 () ~> ret _227 () ~> ret run () ~> call run _307 ~> call _307 () ~> ret _307 () ~> call _307 () ~> ret _307 () ~> ret run () ~> ret _221 () ~> call _221 () ~> ret _221 () )
#Or
  T ==K ( call run _1 ~> call _1 () ~> call run _3 ~> call _3 () ~> ret _3 () ~> call _3 () ~> ret _3 () ~> ret run () ~> call run _15 ~> call _15 () ~> ret _15 () ~> call _15 () ~> ret _15 () ~> ret run () ~> ret _1 () ~> call _1 () ~> call run _61 ~> call _61 () ~> ret _61 () ~> call _61 () ~> ret _61 () ~> ret run () ~> call run _114 ~> call _114 () ~> ret _114 () ~> call _114 () ~> ret _114 () ~> ret run () ~> ret _1 () ~> ret run () ~> call run _221 ~> call _221 () ~> call run _227 ~> call _227 () ~> ret _227 () ~> call _227 () ~> ret _227 () ~> ret run () ~> ret _221 () ~> call _221 () ~> ret _221 () )
#Or
  T ==K ( call run _1 ~> call _1 () ~> call run _3 ~> call _3 () ~> ret _3 () ~> call _3 () ~> ret _3 () ~> ret run () ~> call run _15 ~> call _15 () ~> ret _15 () ~> call _15 () ~> ret _15 () ~> ret run () ~> ret _1 () ~> call _1 () ~> call run _61 ~> call _61 () ~> ret _61 () ~> call _61 () ~> ret _61 () ~> ret run () ~> ret _1 () ~> ret run () ~> call run _141 ~> call _141 () ~> call run _148 ~> call _148 () ~> ret _148 () ~> call _148 () ~> ret _148 () ~> ret run () ~> call run _228 ~> call _228 () ~> ret _228 () ~> call _228 () ~> ret _228 () ~> ret run () ~> ret _141 () ~> call _141 () ~> ret _141 () )
#Or
  T ==K ( call run _1 ~> call _1 () ~> call run _3 ~> call _3 () ~> ret _3 () ~> call _3 () ~> ret _3 () ~> ret run () ~> call run _15 ~> call _15 () ~> ret _15 () ~> call _15 () ~> ret _15 () ~> ret run () ~> ret _1 () ~> call _1 () ~> call run _61 ~> call _61 () ~> ret _61 () ~> call _61 () ~> ret _61 () ~> ret run () ~> ret _1 () ~> ret run () ~> call run _141 ~> call _141 () ~> call run _148 ~> call _148 () ~> ret _148 () ~> call _148 () ~> ret _148 () ~> ret run () ~> ret _141 () ~> call _141 () ~> ret _141 () )
#Or
  T ==K ( call run _1 ~> call _1 () ~> call run _3 ~> call _3 () ~> ret _3 () ~> call _3 () ~> ret _3 () ~> ret run () ~> call run _15 ~> call _15 () ~> ret _15 () ~> call _15 () ~> ret _15 () ~> ret run () ~> ret _1 () ~> call _1 () ~> ret _1 () )
#Or
  T ==K ( call run _1 ~> call _1 () ~> call run _3 ~> call _3 () ~> ret _3 () ~> call _3 () ~> ret _3 () ~> ret run () ~> ret _1 () ~> call _1 () ~> call run _26 ~> call _26 () ~> ret _26 () ~> call _26 () ~> ret _26 () ~> ret run () ~> call run _62 ~> call _62 () ~> ret _62 () ~> call _62 () ~> ret _62 () ~> ret run () ~> ret _1 () ~> ret run () ~> call run _142 ~> call _142 () ~> call run _149 ~> call _149 () ~> ret _149 () ~> call _149 () ~> ret _149 () ~> ret run () ~> call run _229 ~> call _229 () ~> ret _229 () ~> call _229 () ~> ret _229 () ~> ret run () ~> ret _142 () ~> call _142 () ~> ret _142 () )
#Or
  T ==K ( call run _1 ~> call _1 () ~> call run _3 ~> call _3 () ~> ret _3 () ~> call _3 () ~> ret _3 () ~> ret run () ~> ret _1 () ~> call _1 () ~> call run _26 ~> call _26 () ~> ret _26 () ~> call _26 () ~> ret _26 () ~> ret run () ~> call run _62 ~> call _62 () ~> ret _62 () ~> call _62 () ~> ret _62 () ~> ret run () ~> ret _1 () ~> ret run () ~> call run _142 ~> call _142 () ~> call run _149 ~> call _149 () ~> ret _149 () ~> call _149 () ~> ret _149 () ~> ret run () ~> ret _142 () ~> call _142 () ~> ret _142 () )
#Or
  T ==K ( call run _1 ~> call _1 () ~> call run _3 ~> call _3 () ~> ret _3 () ~> call _3 () ~> ret _3 () ~> ret run () ~> ret _1 () ~> call _1 () ~> call run _26 ~> call _26 () ~> ret _26 () ~> call _26 () ~> ret _26 () ~> ret run () ~> ret _1 () ~> ret run () ~> call run _80 ~> call _80 () ~> call run _86 ~> call _86 () ~> ret _86 () ~> call _86 () ~> ret _86 () ~> ret run () ~> call run _150 ~> call _150 () ~> ret _150 () ~> call _150 () ~> ret _150 () ~> ret run () ~> ret _80 () ~> call _80 () ~> ret _80 () )
#Or
  T ==K ( call run _1 ~> call _1 () ~> call run _3 ~> call _3 () ~> ret _3 () ~> call _3 () ~> ret _3 () ~> ret run () ~> ret _1 () ~> call _1 () ~> call run _26 ~> call _26 () ~> ret _26 () ~> call _26 () ~> ret _26 () ~> ret run () ~> ret _1 () ~> ret run () ~> call run _80 ~> call _80 () ~> call run _86 ~> call _86 () ~> ret _86 () ~> call _86 () ~> ret _86 () ~> ret run () ~> ret _80 () ~> call _80 () ~> ret _80 () )
#Or
  T ==K ( call run _1 ~> call _1 () ~> call run _3 ~> call _3 () ~> ret _3 () ~> call _3 () ~> ret _3 () ~> ret run () ~> ret _1 () ~> call _1 () ~> ret _1 () )
#Or
  T ==K ( call run _1 ~> call _1 () ~> ret _1 () ~> call _1 () ~> call run _7 ~> call _7 () ~> ret _7 () ~> call _7 () ~> ret _7 () ~> ret run () ~> call run _27 ~> call _27 () ~> ret _27 () ~> call _27 () ~> ret _27 () ~> ret run () ~> ret _1 () ~> ret run () ~> call run _81 ~> call _81 () ~> call run _87 ~> call _87 () ~> ret _87 () ~> call _87 () ~> ret _87 () ~> ret run () ~> call run _151 ~> call _151 () ~> ret _151 () ~> call _151 () ~> ret _151 () ~> ret run () ~> ret _81 () ~> call _81 () ~> ret _81 () )
#Or
  T ==K ( call run _1 ~> call _1 () ~> ret _1 () ~> call _1 () ~> call run _7 ~> call _7 () ~> ret _7 () ~> call _7 () ~> ret _7 () ~> ret run () ~> call run _27 ~> call _27 () ~> ret _27 () ~> call _27 () ~> ret _27 () ~> ret run () ~> ret _1 () ~> ret run () ~> call run _81 ~> call _81 () ~> call run _87 ~> call _87 () ~> ret _87 () ~> call _87 () ~> ret _87 () ~> ret run () ~> ret _81 () ~> call _81 () ~> ret _81 () )
#Or
  T ==K ( call run _1 ~> call _1 () ~> ret _1 () ~> call _1 () ~> call run _7 ~> call _7 () ~> ret _7 () ~> call _7 () ~> ret _7 () ~> ret run () ~> ret _1 () ~> ret run () ~> call run _39 ~> call _39 () ~> call run _43 ~> call _43 () ~> ret _43 () ~> call _43 () ~> ret _43 () ~> ret run () ~> call run _88 ~> call _88 () ~> ret _88 () ~> call _88 () ~> ret _88 () ~> ret run () ~> ret _39 () ~> call _39 () ~> ret _39 () )
#Or
  T ==K ( call run _1 ~> call _1 () ~> ret _1 () ~> call _1 () ~> call run _7 ~> call _7 () ~> ret _7 () ~> call _7 () ~> ret _7 () ~> ret run () ~> ret _1 () ~> ret run () ~> call run _39 ~> call _39 () ~> call run _43 ~> call _43 () ~> ret _43 () ~> call _43 () ~> ret _43 () ~> ret run () ~> ret _39 () ~> call _39 () ~> ret _39 () )
#Or
  T ==K ( call run _1 ~> call _1 () ~> ret _1 () ~> call _1 () ~> ret _1 () ~> ret run () ~> call run _12 ~> call _12 () ~> call run _16 ~> call _16 () ~> ret _16 () ~> call _16 () ~> ret _16 () ~> ret run () ~> call run _44 ~> call _44 () ~> ret _44 () ~> call _44 () ~> ret _44 () ~> ret run () ~> ret _12 () ~> call _12 () ~> ret _12 () )
#Or
  T ==K ( call run _1 ~> call _1 () ~> ret _1 () ~> call _1 () ~> ret _1 () ~> ret run () ~> call run _12 ~> call _12 () ~> call run _16 ~> call _16 () ~> ret _16 () ~> call _16 () ~> ret _16 () ~> ret run () ~> ret _12 () ~> call _12 () ~> ret _12 () )

real	0m7.913s
user	0m24.002s
sys	0m0.785s
