  T ==K ( call run _1 ~> call _1 () ~> call run _3 ~> call _3 () ~> ret _3 () ~> call _3 () ~> ret _3 () ~> ret run () ~> call run _17 ~> call _17 () ~> ret _17 () ~> call _17 () ~> ret _17 () ~> ret run () ~> ret _1 () ~> call _1 () ~> call run _57 ~> call _57 () ~> ret _57 () ~> call _57 () ~> ret _57 () ~> ret run () ~> call run _104 ~> call _104 () ~> ret _104 () ~> call _104 () ~> ret _104 () ~> ret run () ~> ret _1 () )
#Or
  T ==K ( call run _1 ~> call _1 () ~> call run _3 ~> call _3 () ~> ret _3 () ~> call _3 () ~> ret _3 () ~> ret run () ~> call run _17 ~> call _17 () ~> ret _17 () ~> call _17 () ~> ret _17 () ~> ret run () ~> ret _1 () ~> call _1 () ~> call run _57 ~> call _57 () ~> ret _57 () ~> call _57 () ~> ret _57 () ~> ret run () ~> ret _1 () )
#Or
  T ==K ( call run _1 ~> call _1 () ~> call run _3 ~> call _3 () ~> ret _3 () ~> call _3 () ~> ret _3 () ~> ret run () ~> call run _17 ~> call _17 () ~> ret _17 () ~> call _17 () ~> ret _17 () ~> ret run () ~> ret _1 () ~> call _1 () ~> ret _1 () ~> ret run () ~> call run _80 ~> call _80 () ~> call run _94 ~> call _94 () ~> ret _94 () ~> call _94 () ~> ret _94 () ~> ret run () ~> call run _144 ~> call _144 () ~> ret _144 () ~> call _144 () ~> ret _144 () ~> ret run () ~> ret _80 () ~> call _80 () ~> call run _189 ~> call _189 () ~> ret _189 () ~> call _189 () ~> ret _189 () ~> ret run () ~> call run _207 ~> call _207 () ~> ret _207 () ~> call _207 () ~> ret _207 () ~> ret run () ~> ret _80 () )
#Or
  T ==K ( call run _1 ~> call _1 () ~> call run _3 ~> call _3 () ~> ret _3 () ~> call _3 () ~> ret _3 () ~> ret run () ~> call run _17 ~> call _17 () ~> ret _17 () ~> call _17 () ~> ret _17 () ~> ret run () ~> ret _1 () ~> call _1 () ~> ret _1 () ~> ret run () ~> call run _80 ~> call _80 () ~> call run _94 ~> call _94 () ~> ret _94 () ~> call _94 () ~> ret _94 () ~> ret run () ~> call run _144 ~> call _144 () ~> ret _144 () ~> call _144 () ~> ret _144 () ~> ret run () ~> ret _80 () ~> call _80 () ~> call run _189 ~> call _189 () ~> ret _189 () ~> call _189 () ~> ret _189 () ~> ret run () ~> ret _80 () )
#Or
  T ==K ( call run _1 ~> call _1 () ~> call run _3 ~> call _3 () ~> ret _3 () ~> call _3 () ~> ret _3 () ~> ret run () ~> call run _17 ~> call _17 () ~> ret _17 () ~> call _17 () ~> ret _17 () ~> ret run () ~> ret _1 () ~> call _1 () ~> ret _1 () ~> ret run () ~> call run _80 ~> call _80 () ~> call run _94 ~> call _94 () ~> ret _94 () ~> call _94 () ~> ret _94 () ~> ret run () ~> ret _80 () ~> call _80 () ~> call run _154 ~> call _154 () ~> ret _154 () ~> call _154 () ~> ret _154 () ~> ret run () ~> call run _190 ~> call _190 () ~> ret _190 () ~> call _190 () ~> ret _190 () ~> ret run () ~> ret _80 () )
#Or
  T ==K ( call run _1 ~> call _1 () ~> call run _3 ~> call _3 () ~> ret _3 () ~> call _3 () ~> ret _3 () ~> ret run () ~> call run _17 ~> call _17 () ~> ret _17 () ~> call _17 () ~> ret _17 () ~> ret run () ~> ret _1 () ~> call _1 () ~> ret _1 () ~> ret run () ~> call run _80 ~> call _80 () ~> call run _94 ~> call _94 () ~> ret _94 () ~> call _94 () ~> ret _94 () ~> ret run () ~> ret _80 () ~> call _80 () ~> call run _154 ~> call _154 () ~> ret _154 () ~> call _154 () ~> ret _154 () ~> ret run () ~> ret _80 () )
#Or
  T ==K ( call run _1 ~> call _1 () ~> call run _3 ~> call _3 () ~> ret _3 () ~> call _3 () ~> ret _3 () ~> ret run () ~> call run _17 ~> call _17 () ~> ret _17 () ~> call _17 () ~> ret _17 () ~> ret run () ~> ret _1 () ~> call _1 () ~> ret _1 () ~> ret run () ~> call run _80 ~> call _80 () ~> ret _80 () ~> call _80 () ~> call run _106 ~> call _106 () ~> ret _106 () ~> call _106 () ~> ret _106 () ~> ret run () ~> call run _155 ~> call _155 () ~> ret _155 () ~> call _155 () ~> ret _155 () ~> ret run () ~> ret _80 () )
#Or
  T ==K ( call run _1 ~> call _1 () ~> call run _3 ~> call _3 () ~> ret _3 () ~> call _3 () ~> ret _3 () ~> ret run () ~> call run _17 ~> call _17 () ~> ret _17 () ~> call _17 () ~> ret _17 () ~> ret run () ~> ret _1 () ~> call _1 () ~> ret _1 () ~> ret run () ~> call run _80 ~> call _80 () ~> ret _80 () ~> call _80 () ~> call run _106 ~> call _106 () ~> ret _106 () ~> call _106 () ~> ret _106 () ~> ret run () ~> ret _80 () )
#Or
  T ==K ( call run _1 ~> call _1 () ~> call run _3 ~> call _3 () ~> ret _3 () ~> call _3 () ~> ret _3 () ~> ret run () ~> ret _1 () ~> call _1 () ~> call run _23 ~> call _23 () ~> ret _23 () ~> call _23 () ~> ret _23 () ~> ret run () ~> call run _58 ~> call _58 () ~> ret _58 () ~> call _58 () ~> ret _58 () ~> ret run () ~> ret _1 () )
#Or
  T ==K ( call run _1 ~> call _1 () ~> call run _3 ~> call _3 () ~> ret _3 () ~> call _3 () ~> ret _3 () ~> ret run () ~> ret _1 () ~> call _1 () ~> call run _23 ~> call _23 () ~> ret _23 () ~> call _23 () ~> ret _23 () ~> ret run () ~> ret _1 () )
#Or
  T ==K ( call run _1 ~> call _1 () ~> call run _3 ~> call _3 () ~> ret _3 () ~> call _3 () ~> ret _3 () ~> ret run () ~> ret _1 () ~> call _1 () ~> ret _1 () ~> ret run () ~> call run _39 ~> call _39 () ~> call run _49 ~> call _49 () ~> ret _49 () ~> call _49 () ~> ret _49 () ~> ret run () ~> call run _95 ~> call _95 () ~> ret _95 () ~> call _95 () ~> ret _95 () ~> ret run () ~> ret _39 () ~> call _39 () ~> call run _156 ~> call _156 () ~> ret _156 () ~> call _156 () ~> ret _156 () ~> ret run () ~> call run _191 ~> call _191 () ~> ret _191 () ~> call _191 () ~> ret _191 () ~> ret run () ~> ret _39 () )
#Or
  T ==K ( call run _1 ~> call _1 () ~> call run _3 ~> call _3 () ~> ret _3 () ~> call _3 () ~> ret _3 () ~> ret run () ~> ret _1 () ~> call _1 () ~> ret _1 () ~> ret run () ~> call run _39 ~> call _39 () ~> call run _49 ~> call _49 () ~> ret _49 () ~> call _49 () ~> ret _49 () ~> ret run () ~> call run _95 ~> call _95 () ~> ret _95 () ~> call _95 () ~> ret _95 () ~> ret run () ~> ret _39 () ~> call _39 () ~> call run _156 ~> call _156 () ~> ret _156 () ~> call _156 () ~> ret _156 () ~> ret run () ~> ret _39 () )
#Or
  T ==K ( call run _1 ~> call _1 () ~> call run _3 ~> call _3 () ~> ret _3 () ~> call _3 () ~> ret _3 () ~> ret run () ~> ret _1 () ~> call _1 () ~> ret _1 () ~> ret run () ~> call run _39 ~> call _39 () ~> call run _49 ~> call _49 () ~> ret _49 () ~> call _49 () ~> ret _49 () ~> ret run () ~> ret _39 () ~> call _39 () ~> call run _108 ~> call _108 () ~> ret _108 () ~> call _108 () ~> ret _108 () ~> ret run () ~> call run _157 ~> call _157 () ~> ret _157 () ~> call _157 () ~> ret _157 () ~> ret run () ~> ret _39 () )
#Or
  T ==K ( call run _1 ~> call _1 () ~> call run _3 ~> call _3 () ~> ret _3 () ~> call _3 () ~> ret _3 () ~> ret run () ~> ret _1 () ~> call _1 () ~> ret _1 () ~> ret run () ~> call run _39 ~> call _39 () ~> call run _49 ~> call _49 () ~> ret _49 () ~> call _49 () ~> ret _49 () ~> ret run () ~> ret _39 () ~> call _39 () ~> call run _108 ~> call _108 () ~> ret _108 () ~> call _108 () ~> ret _108 () ~> ret run () ~> ret _39 () )
#Or
  T ==K ( call run _1 ~> call _1 () ~> call run _3 ~> call _3 () ~> ret _3 () ~> call _3 () ~> ret _3 () ~> ret run () ~> ret _1 () ~> call _1 () ~> ret _1 () ~> ret run () ~> call run _39 ~> call _39 () ~> ret _39 () ~> call _39 () ~> call run _60 ~> call _60 () ~> ret _60 () ~> call _60 () ~> ret _60 () ~> ret run () ~> call run _109 ~> call _109 () ~> ret _109 () ~> call _109 () ~> ret _109 () ~> ret run () ~> ret _39 () )
#Or
  T ==K ( call run _1 ~> call _1 () ~> call run _3 ~> call _3 () ~> ret _3 () ~> call _3 () ~> ret _3 () ~> ret run () ~> ret _1 () ~> call _1 () ~> ret _1 () ~> ret run () ~> call run _39 ~> call _39 () ~> ret _39 () ~> call _39 () ~> call run _60 ~> call _60 () ~> ret _60 () ~> call _60 () ~> ret _60 () ~> ret run () ~> ret _39 () )
#Or
  T ==K ( call run _1 ~> call _1 () ~> ret _1 () ~> call _1 () ~> call run _6 ~> call _6 () ~> ret _6 () ~> call _6 () ~> ret _6 () ~> ret run () ~> call run _24 ~> call _24 () ~> ret _24 () ~> call _24 () ~> ret _24 () ~> ret run () ~> ret _1 () )
#Or
  T ==K ( call run _1 ~> call _1 () ~> ret _1 () ~> call _1 () ~> call run _6 ~> call _6 () ~> ret _6 () ~> call _6 () ~> ret _6 () ~> ret run () ~> ret _1 () )
#Or
  T ==K ( call run _1 ~> call _1 () ~> ret _1 () ~> call _1 () ~> ret _1 () ~> ret run () ~> call run _12 ~> call _12 () ~> call run _18 ~> call _18 () ~> ret _18 () ~> call _18 () ~> ret _18 () ~> ret run () ~> call run _50 ~> call _50 () ~> ret _50 () ~> call _50 () ~> ret _50 () ~> ret run () ~> ret _12 () ~> call _12 () ~> call run _110 ~> call _110 () ~> ret _110 () ~> call _110 () ~> ret _110 () ~> ret run () ~> call run _158 ~> call _158 () ~> ret _158 () ~> call _158 () ~> ret _158 () ~> ret run () ~> ret _12 () )
#Or
  T ==K ( call run _1 ~> call _1 () ~> ret _1 () ~> call _1 () ~> ret _1 () ~> ret run () ~> call run _12 ~> call _12 () ~> call run _18 ~> call _18 () ~> ret _18 () ~> call _18 () ~> ret _18 () ~> ret run () ~> call run _50 ~> call _50 () ~> ret _50 () ~> call _50 () ~> ret _50 () ~> ret run () ~> ret _12 () ~> call _12 () ~> call run _110 ~> call _110 () ~> ret _110 () ~> call _110 () ~> ret _110 () ~> ret run () ~> ret _12 () )
#Or
  T ==K ( call run _1 ~> call _1 () ~> ret _1 () ~> call _1 () ~> ret _1 () ~> ret run () ~> call run _12 ~> call _12 () ~> call run _18 ~> call _18 () ~> ret _18 () ~> call _18 () ~> ret _18 () ~> ret run () ~> ret _12 () ~> call _12 () ~> call run _62 ~> call _62 () ~> ret _62 () ~> call _62 () ~> ret _62 () ~> ret run () ~> call run _111 ~> call _111 () ~> ret _111 () ~> call _111 () ~> ret _111 () ~> ret run () ~> ret _12 () )
#Or
  T ==K ( call run _1 ~> call _1 () ~> ret _1 () ~> call _1 () ~> ret _1 () ~> ret run () ~> call run _12 ~> call _12 () ~> call run _18 ~> call _18 () ~> ret _18 () ~> call _18 () ~> ret _18 () ~> ret run () ~> ret _12 () ~> call _12 () ~> call run _62 ~> call _62 () ~> ret _62 () ~> call _62 () ~> ret _62 () ~> ret run () ~> ret _12 () )
#Or
  T ==K ( call run _1 ~> call _1 () ~> ret _1 () ~> call _1 () ~> ret _1 () ~> ret run () ~> call run _12 ~> call _12 () ~> ret _12 () ~> call _12 () ~> call run _26 ~> call _26 () ~> ret _26 () ~> call _26 () ~> ret _26 () ~> ret run () ~> call run _63 ~> call _63 () ~> ret _63 () ~> call _63 () ~> ret _63 () ~> ret run () ~> ret _12 () )
#Or
  T ==K ( call run _1 ~> call _1 () ~> ret _1 () ~> call _1 () ~> ret _1 () ~> ret run () ~> call run _12 ~> call _12 () ~> ret _12 () ~> call _12 () ~> call run _26 ~> call _26 () ~> ret _26 () ~> call _26 () ~> ret _26 () ~> ret run () ~> ret _12 () )

real	0m6.545s
user	0m19.091s
sys	0m0.704s
