  T ==K ( call isNone _4 ~> call syscall 0 ~> call isA _26 ~> call syscall 1 ~> ret syscall () ~> ret isA () ~> call isA _107 ~> ret isA () ~> ret syscall () ~> ret isNone () ~> call isAB _493 ~> call syscall 2 ~> call isABC _1021 ~> call syscall 3 ~> ret syscall () ~> ret isABC () ~> call isABCD _2246 )
#Or
  T ==K ( call isNone _4 ~> call syscall 0 ~> call isA _26 ~> call syscall 1 ~> ret syscall () ~> ret isA () ~> call isAB _120 ~> call syscall 2 ~> ret syscall () ~> ret isAB () ~> ret syscall () ~> ret isNone () ~> call isABC _579 ~> call syscall 3 ~> call isA _1115 ~> ret isA () ~> call isABCD _2242 )
#Or
  T ==K ( call isNone _4 ~> call syscall 0 ~> call isA _26 ~> call syscall 1 ~> ret syscall () ~> ret isA () ~> call isAB _120 ~> call syscall 2 ~> ret syscall () ~> ret isAB () ~> ret syscall () ~> ret isNone () ~> call isABC _579 ~> call syscall 3 ~> call isAB _1123 ~> ret isAB () ~> call isABCD _2287 )
#Or
  T ==K ( call isNone _4 ~> call syscall 0 ~> call isA _26 ~> call syscall 1 ~> ret syscall () ~> ret isA () ~> call isAB _120 ~> call syscall 2 ~> ret syscall () ~> ret isAB () ~> ret syscall () ~> ret isNone () ~> call isABC _579 ~> call syscall 3 ~> call isABC _1113 ~> ret isABC () ~> call isABCD _2227 )
#Or
  T ==K ( call isNone _4 ~> call syscall 0 ~> call isA _26 ~> call syscall 1 ~> ret syscall () ~> ret isA () ~> call isAB _120 ~> call syscall 2 ~> ret syscall () ~> ret isAB () ~> ret syscall () ~> ret isNone () ~> call isABC _579 ~> call syscall 3 ~> call isABCD _1117 )
#Or
  T ==K ( call isNone _4 ~> call syscall 0 ~> call isA _26 ~> call syscall 1 ~> ret syscall () ~> ret isA () ~> call isAB _120 ~> call syscall 2 ~> ret syscall () ~> ret isAB () ~> ret syscall () ~> ret isNone () ~> call isABC _579 ~> call syscall 3 ~> call isNone _1119 ~> ret isNone () ~> call isABCD _2273 )
#Or
  T ==K ( call isNone _4 ~> call syscall 0 ~> call isA _26 ~> call syscall 1 ~> ret syscall () ~> ret isA () ~> call isABC _102 ~> ret isABC () ~> ret syscall () ~> ret isNone () ~> call isAB _487 ~> call syscall 2 ~> call isABC _1010 ~> call syscall 3 ~> ret syscall () ~> ret isABC () ~> call isABCD _2231 )
#Or
  T ==K ( call isNone _4 ~> call syscall 0 ~> call isA _26 ~> call syscall 1 ~> ret syscall () ~> ret isA () ~> call isABCD _112 ~> ret isABCD () ~> ret syscall () ~> ret isNone () ~> call isAB _479 ~> call syscall 2 ~> call isABC _999 ~> call syscall 3 ~> ret syscall () ~> ret isABC () ~> call isABCD _2218 )
#Or
  T ==K ( call isNone _4 ~> call syscall 0 ~> call isA _26 ~> call syscall 1 ~> ret syscall () ~> ret isA () ~> call isNone _116 ~> ret isNone () ~> ret syscall () ~> ret isNone () ~> call isAB _503 ~> call syscall 2 ~> call isABC _1053 ~> call syscall 3 ~> ret syscall () ~> ret isABC () ~> call isABCD _2275 )
#Or
  T ==K ( call isNone _4 ~> call syscall 0 ~> call isA _26 ~> call syscall 1 ~> ret syscall () ~> ret isA () ~> ret syscall () ~> ret isNone () ~> call isAB _127 ~> call syscall 2 ~> call isABC _499 ~> call syscall 3 ~> ret syscall () ~> ret isABC () ~> call isABCD _1118 )
#Or
  T ==K ( call isNone _4 ~> call syscall 0 ~> call isAB _31 ~> ret isAB () ~> call isA _77 ~> call syscall 1 ~> ret syscall () ~> ret isA () ~> ret syscall () ~> ret isNone () ~> call isAB _506 ~> call syscall 2 ~> call isABC _1066 ~> call syscall 3 ~> ret syscall () ~> ret isABC () ~> call isABCD _2280 )
#Or
  T ==K ( call isNone _4 ~> call syscall 0 ~> call isABC _23 ~> ret isABC () ~> call isA _49 ~> call syscall 1 ~> ret syscall () ~> ret isA () ~> ret syscall () ~> ret isNone () ~> call isAB _488 ~> call syscall 2 ~> call isABC _1013 ~> call syscall 3 ~> ret syscall () ~> ret isABC () ~> call isABCD _2234 )
#Or
  T ==K ( call isNone _4 ~> call syscall 0 ~> call isABCD _28 ~> ret isABCD () ~> call isA _43 ~> call syscall 1 ~> ret syscall () ~> ret isA () ~> ret syscall () ~> ret isNone () ~> call isAB _477 ~> call syscall 2 ~> call isABC _997 ~> call syscall 3 ~> ret syscall () ~> ret isABC () ~> call isABCD _2215 )
#Or
  T ==K ( call isNone _4 ~> call syscall 0 ~> call isNone _30 ~> ret isNone () ~> call isA _71 ~> call syscall 1 ~> ret syscall () ~> ret isA () ~> ret syscall () ~> ret isNone () ~> call isAB _502 ~> call syscall 2 ~> call isABC _1049 ~> call syscall 3 ~> ret syscall () ~> ret isABC () ~> call isABCD _2266 )

real	0m17.290s
user	0m36.314s
sys	0m0.686s
