  T ==K ( call initialise () ~> call getInput () ~> call initialise () ~> call getInput () ~> call initialise () ~> call getInput () ~> call initialise () ~> call getInput () ~> ret getInput _14 ~> ret initialise () ~> ret getInput _19 )
#Or
  T ==K ( call initialise () ~> call getInput () ~> call initialise () ~> call getInput () ~> call initialise () ~> call getInput () ~> call initialise () ~> call getInput () ~> ret getInput _14 ~> ret initialise () ~> ret getInput _19 ~> ret initialise () ~> ret getInput _22 )
#Or
  T ==K ( call initialise () ~> call getInput () ~> call initialise () ~> call getInput () ~> call initialise () ~> call getInput () ~> call initialise () ~> call getInput () ~> ret getInput _14 ~> ret initialise () ~> ret getInput _19 ~> ret initialise () ~> ret getInput _22 ~> ret initialise () ~> ret getInput _24 )
#Or
  T ==K ( call initialise () ~> call getInput () ~> call initialise () ~> call getInput () ~> call initialise () ~> call getInput () ~> ret getInput _9 )
#Or
  T ==K ( call initialise () ~> call getInput () ~> call initialise () ~> call getInput () ~> call initialise () ~> call getInput () ~> ret getInput _9 ~> ret initialise () ~> ret getInput _13 )
#Or
  T ==K ( call initialise () ~> call getInput () ~> call initialise () ~> call getInput () ~> call initialise () ~> call getInput () ~> ret getInput _9 ~> ret initialise () ~> ret getInput _13 ~> ret initialise () ~> ret getInput _18 )
#Or
  T ==K ( call initialise () ~> call getInput () ~> call initialise () ~> call getInput () ~> ret getInput _5 )
#Or
  T ==K ( call initialise () ~> call getInput () ~> call initialise () ~> call getInput () ~> ret getInput _5 ~> ret initialise () ~> ret getInput _8 )
#Or
  T ==K ( call initialise () ~> call getInput () ~> ret getInput _2 )

real	0m5.923s
user	0m16.472s
sys	0m0.653s
