  T ==K ( call initialise () ~> call getInput () ~> call initialise () )
#Or
  T ==K ( call initialise () ~> call getInput () ~> ret getInput _2 ~> ret initialise () ~> call initialise () )
#Or
  T ==K ( call initialise () ~> call getInput () ~> ret getInput _2 ~> ret initialise () ~> call initialise () ~> call getInput () ~> call initialise () )
#Or
  T ==K ( call initialise () ~> call getInput () ~> ret getInput _2 ~> ret initialise () ~> call initialise () ~> call getInput () ~> ret getInput _9 ~> ret initialise () ~> call initialise () )
#Or
  T ==K ( call initialise () ~> call getInput () ~> ret getInput _2 ~> ret initialise () ~> call initialise () ~> call getInput () ~> ret getInput _9 ~> ret initialise () ~> call initialise () ~> call getInput () ~> call initialise () )
#Or
  T ==K ( call initialise () ~> call getInput () ~> ret getInput _2 ~> ret initialise () ~> call initialise () ~> call getInput () ~> ret getInput _9 ~> ret initialise () ~> call initialise () ~> call getInput () ~> ret getInput _16 ~> ret initialise () ~> call initialise () )
#Or
  T ==K ( call initialise () ~> call getInput () ~> ret getInput _2 ~> ret initialise () ~> call initialise () ~> call getInput () ~> ret getInput _9 ~> ret initialise () ~> call initialise () ~> call getInput () ~> ret getInput _16 ~> ret initialise () ~> call initialise () ~> call getInput () ~> call initialise () )
#Or
  T ==K ( call initialise () ~> call getInput () ~> ret getInput _2 ~> ret initialise () ~> call initialise () ~> call getInput () ~> ret getInput _9 ~> ret initialise () ~> call initialise () ~> call getInput () ~> ret getInput _16 ~> ret initialise () ~> call initialise () ~> call getInput () ~> ret getInput _23 ~> ret initialise () ~> call initialise () )
#Or
  T ==K ( call initialise () ~> call getInput () ~> ret getInput _2 ~> ret initialise () ~> call initialise () ~> call getInput () ~> ret getInput _9 ~> ret initialise () ~> call initialise () ~> call getInput () ~> ret getInput _16 ~> ret initialise () ~> call initialise () ~> call getInput () ~> ret getInput _23 ~> ret initialise () ~> call initialise () ~> call getInput () ~> call initialise () )

real	0m6.061s
user	0m16.921s
sys	0m0.583s
