  T ==K ( call initialise () ~> call getInput () ~> call initialise () ~> call getInput () ~> ret getInput _6 ~> ret initialise () ~> call initialise () ~> call getInput () ~> ret getInput _16 ~> ret initialise () ~> ret getInput _22 )
#Or
  T ==K ( call initialise () ~> call getInput () ~> call initialise () ~> call getInput () ~> ret getInput _6 ~> ret initialise () ~> call initialise () ~> call getInput () ~> ret getInput _16 ~> ret initialise () ~> ret getInput _22 ~> ret initialise () ~> call initialise () ~> call getInput () ~> call initialise () ~> call getInput () ~> ret getInput _45 ~> ret initialise () ~> call initialise () ~> call getInput () ~> ret getInput _56 ~> ret initialise () ~> ret getInput _59 )
#Or
  T ==K ( call initialise () ~> call getInput () ~> call initialise () ~> call getInput () ~> ret getInput _6 ~> ret initialise () ~> call initialise () ~> call getInput () ~> ret getInput _16 ~> ret initialise () ~> ret getInput _22 ~> ret initialise () ~> call initialise () ~> call getInput () ~> call initialise () ~> call getInput () ~> ret getInput _45 ~> ret initialise () ~> ret getInput _51 )
#Or
  T ==K ( call initialise () ~> call getInput () ~> call initialise () ~> call getInput () ~> ret getInput _6 ~> ret initialise () ~> call initialise () ~> call getInput () ~> ret getInput _16 ~> ret initialise () ~> ret getInput _22 ~> ret initialise () ~> call initialise () ~> call getInput () ~> ret getInput _37 )
#Or
  T ==K ( call initialise () ~> call getInput () ~> call initialise () ~> call getInput () ~> ret getInput _6 ~> ret initialise () ~> ret getInput _9 )
#Or
  T ==K ( call initialise () ~> call getInput () ~> call initialise () ~> call getInput () ~> ret getInput _6 ~> ret initialise () ~> ret getInput _9 ~> ret initialise () ~> call initialise () ~> call getInput () ~> call initialise () ~> call getInput () ~> ret getInput _31 ~> ret initialise () ~> call initialise () ~> call getInput () ~> ret getInput _46 ~> ret initialise () ~> ret getInput _52 )
#Or
  T ==K ( call initialise () ~> call getInput () ~> call initialise () ~> call getInput () ~> ret getInput _6 ~> ret initialise () ~> ret getInput _9 ~> ret initialise () ~> call initialise () ~> call getInput () ~> call initialise () ~> call getInput () ~> ret getInput _31 ~> ret initialise () ~> ret getInput _38 )
#Or
  T ==K ( call initialise () ~> call getInput () ~> call initialise () ~> call getInput () ~> ret getInput _6 ~> ret initialise () ~> ret getInput _9 ~> ret initialise () ~> call initialise () ~> call getInput () ~> ret getInput _23 )
#Or
  T ==K ( call initialise () ~> call getInput () ~> ret getInput _2 )
#Or
  T ==K ( call initialise () ~> call getInput () ~> ret getInput _2 ~> ret initialise () ~> call initialise () ~> call getInput () ~> call initialise () ~> call getInput () ~> ret getInput _17 ~> ret initialise () ~> call initialise () ~> call getInput () ~> ret getInput _32 ~> ret initialise () ~> ret getInput _39 )
#Or
  T ==K ( call initialise () ~> call getInput () ~> ret getInput _2 ~> ret initialise () ~> call initialise () ~> call getInput () ~> call initialise () ~> call getInput () ~> ret getInput _17 ~> ret initialise () ~> ret getInput _24 )
#Or
  T ==K ( call initialise () ~> call getInput () ~> ret getInput _2 ~> ret initialise () ~> call initialise () ~> call getInput () ~> ret getInput _10 )

real	0m6.405s
user	0m17.911s
sys	0m0.749s
