  T ==K ( call run () ~> call getInput () ~> call run () ~> call getInput () ~> call run () ~> call getInput () ~> ret getInput _7 ~> ret run () ~> call run () ~> call getInput () ~> ret getInput _20 ~> ret run () ~> call run () ~> call getInput () ~> ret getInput _45 ~> ret run () ~> call run () ~> call getInput () ~> ret getInput _86 ~> ret run () ~> call run () ~> call getInput () ~> ret getInput _146 ~> ret run () ~> ret getInput _185 )
#Or
  T ==K ( call run () ~> call getInput () ~> call run () ~> call getInput () ~> call run () ~> call getInput () ~> ret getInput _7 ~> ret run () ~> call run () ~> call getInput () ~> ret getInput _20 ~> ret run () ~> call run () ~> call getInput () ~> ret getInput _45 ~> ret run () ~> call run () ~> call getInput () ~> ret getInput _86 ~> ret run () ~> ret getInput _116 )
#Or
  T ==K ( call run () ~> call getInput () ~> call run () ~> call getInput () ~> call run () ~> call getInput () ~> ret getInput _7 ~> ret run () ~> call run () ~> call getInput () ~> ret getInput _20 ~> ret run () ~> call run () ~> call getInput () ~> ret getInput _45 ~> ret run () ~> ret getInput _65 )
#Or
  T ==K ( call run () ~> call getInput () ~> call run () ~> call getInput () ~> call run () ~> call getInput () ~> ret getInput _7 ~> ret run () ~> call run () ~> call getInput () ~> ret getInput _20 ~> ret run () ~> ret getInput _32 )
#Or
  T ==K ( call run () ~> call getInput () ~> call run () ~> call getInput () ~> call run () ~> call getInput () ~> ret getInput _7 ~> ret run () ~> ret getInput _13 )
#Or
  T ==K ( call run () ~> call getInput () ~> call run () ~> call getInput () ~> ret getInput _4 ~> ret run () ~> call run () ~> call getInput () ~> call run () ~> call getInput () ~> ret getInput _21 ~> ret run () ~> call run () ~> call getInput () ~> ret getInput _46 ~> ret run () ~> call run () ~> call getInput () ~> ret getInput _87 ~> ret run () ~> call run () ~> call getInput () ~> ret getInput _147 ~> ret run () ~> call run () ~> call getInput () ~> ret getInput _222 ~> ret run () ~> ret getInput _265 )
#Or
  T ==K ( call run () ~> call getInput () ~> call run () ~> call getInput () ~> ret getInput _4 ~> ret run () ~> call run () ~> call getInput () ~> call run () ~> call getInput () ~> ret getInput _21 ~> ret run () ~> call run () ~> call getInput () ~> ret getInput _46 ~> ret run () ~> call run () ~> call getInput () ~> ret getInput _87 ~> ret run () ~> call run () ~> call getInput () ~> ret getInput _147 ~> ret run () ~> ret getInput _186 )
#Or
  T ==K ( call run () ~> call getInput () ~> call run () ~> call getInput () ~> ret getInput _4 ~> ret run () ~> call run () ~> call getInput () ~> call run () ~> call getInput () ~> ret getInput _21 ~> ret run () ~> call run () ~> call getInput () ~> ret getInput _46 ~> ret run () ~> call run () ~> call getInput () ~> ret getInput _87 ~> ret run () ~> ret getInput _117 )
#Or
  T ==K ( call run () ~> call getInput () ~> call run () ~> call getInput () ~> ret getInput _4 ~> ret run () ~> call run () ~> call getInput () ~> call run () ~> call getInput () ~> ret getInput _21 ~> ret run () ~> call run () ~> call getInput () ~> ret getInput _46 ~> ret run () ~> ret getInput _66 )
#Or
  T ==K ( call run () ~> call getInput () ~> call run () ~> call getInput () ~> ret getInput _4 ~> ret run () ~> call run () ~> call getInput () ~> call run () ~> call getInput () ~> ret getInput _21 ~> ret run () ~> ret getInput _33 )
#Or
  T ==K ( call run () ~> call getInput () ~> call run () ~> call getInput () ~> ret getInput _4 ~> ret run () ~> call run () ~> call getInput () ~> ret getInput _15 ~> ret run () ~> call run () ~> call getInput () ~> call run () ~> call getInput () ~> ret getInput _47 ~> ret run () ~> call run () ~> call getInput () ~> ret getInput _88 ~> ret run () ~> call run () ~> call getInput () ~> ret getInput _148 ~> ret run () ~> call run () ~> call getInput () ~> ret getInput _223 ~> ret run () ~> call run () ~> call getInput () ~> ret getInput _305 ~> ret run () ~> ret getInput _348 )
#Or
  T ==K ( call run () ~> call getInput () ~> call run () ~> call getInput () ~> ret getInput _4 ~> ret run () ~> call run () ~> call getInput () ~> ret getInput _15 ~> ret run () ~> call run () ~> call getInput () ~> call run () ~> call getInput () ~> ret getInput _47 ~> ret run () ~> call run () ~> call getInput () ~> ret getInput _88 ~> ret run () ~> call run () ~> call getInput () ~> ret getInput _148 ~> ret run () ~> call run () ~> call getInput () ~> ret getInput _223 ~> ret run () ~> ret getInput _266 )
#Or
  T ==K ( call run () ~> call getInput () ~> call run () ~> call getInput () ~> ret getInput _4 ~> ret run () ~> call run () ~> call getInput () ~> ret getInput _15 ~> ret run () ~> call run () ~> call getInput () ~> call run () ~> call getInput () ~> ret getInput _47 ~> ret run () ~> call run () ~> call getInput () ~> ret getInput _88 ~> ret run () ~> call run () ~> call getInput () ~> ret getInput _148 ~> ret run () ~> ret getInput _187 )
#Or
  T ==K ( call run () ~> call getInput () ~> call run () ~> call getInput () ~> ret getInput _4 ~> ret run () ~> call run () ~> call getInput () ~> ret getInput _15 ~> ret run () ~> call run () ~> call getInput () ~> call run () ~> call getInput () ~> ret getInput _47 ~> ret run () ~> call run () ~> call getInput () ~> ret getInput _88 ~> ret run () ~> ret getInput _118 )
#Or
  T ==K ( call run () ~> call getInput () ~> call run () ~> call getInput () ~> ret getInput _4 ~> ret run () ~> call run () ~> call getInput () ~> ret getInput _15 ~> ret run () ~> call run () ~> call getInput () ~> call run () ~> call getInput () ~> ret getInput _47 ~> ret run () ~> ret getInput _67 )
#Or
  T ==K ( call run () ~> call getInput () ~> call run () ~> call getInput () ~> ret getInput _4 ~> ret run () ~> call run () ~> call getInput () ~> ret getInput _15 ~> ret run () ~> call run () ~> call getInput () ~> ret getInput _37 ~> ret run () ~> call run () ~> call getInput () ~> call run () ~> call getInput () ~> ret getInput _89 ~> ret run () ~> call run () ~> call getInput () ~> ret getInput _149 ~> ret run () ~> call run () ~> call getInput () ~> ret getInput _224 ~> ret run () ~> call run () ~> call getInput () ~> ret getInput _306 ~> ret run () ~> call run () ~> call getInput () ~> ret getInput _387 ~> ret run () ~> ret getInput _426 )
#Or
  T ==K ( call run () ~> call getInput () ~> call run () ~> call getInput () ~> ret getInput _4 ~> ret run () ~> call run () ~> call getInput () ~> ret getInput _15 ~> ret run () ~> call run () ~> call getInput () ~> ret getInput _37 ~> ret run () ~> call run () ~> call getInput () ~> call run () ~> call getInput () ~> ret getInput _89 ~> ret run () ~> call run () ~> call getInput () ~> ret getInput _149 ~> ret run () ~> call run () ~> call getInput () ~> ret getInput _224 ~> ret run () ~> call run () ~> call getInput () ~> ret getInput _306 ~> ret run () ~> ret getInput _349 )
#Or
  T ==K ( call run () ~> call getInput () ~> call run () ~> call getInput () ~> ret getInput _4 ~> ret run () ~> call run () ~> call getInput () ~> ret getInput _15 ~> ret run () ~> call run () ~> call getInput () ~> ret getInput _37 ~> ret run () ~> call run () ~> call getInput () ~> call run () ~> call getInput () ~> ret getInput _89 ~> ret run () ~> call run () ~> call getInput () ~> ret getInput _149 ~> ret run () ~> call run () ~> call getInput () ~> ret getInput _224 ~> ret run () ~> ret getInput _267 )
#Or
  T ==K ( call run () ~> call getInput () ~> call run () ~> call getInput () ~> ret getInput _4 ~> ret run () ~> call run () ~> call getInput () ~> ret getInput _15 ~> ret run () ~> call run () ~> call getInput () ~> ret getInput _37 ~> ret run () ~> call run () ~> call getInput () ~> call run () ~> call getInput () ~> ret getInput _89 ~> ret run () ~> call run () ~> call getInput () ~> ret getInput _149 ~> ret run () ~> ret getInput _188 )
#Or
  T ==K ( call run () ~> call getInput () ~> call run () ~> call getInput () ~> ret getInput _4 ~> ret run () ~> call run () ~> call getInput () ~> ret getInput _15 ~> ret run () ~> call run () ~> call getInput () ~> ret getInput _37 ~> ret run () ~> call run () ~> call getInput () ~> call run () ~> call getInput () ~> ret getInput _89 ~> ret run () ~> ret getInput _119 )
#Or
  T ==K ( call run () ~> call getInput () ~> call run () ~> call getInput () ~> ret getInput _4 ~> ret run () ~> call run () ~> call getInput () ~> ret getInput _15 ~> ret run () ~> call run () ~> call getInput () ~> ret getInput _37 ~> ret run () ~> call run () ~> call getInput () ~> ret getInput _74 ~> ret run () ~> call run () ~> call getInput () ~> call run () ~> call getInput () ~> ret getInput _150 ~> ret run () ~> call run () ~> call getInput () ~> ret getInput _225 ~> ret run () ~> call run () ~> call getInput () ~> ret getInput _307 ~> ret run () ~> call run () ~> call getInput () ~> ret getInput _388 ~> ret run () ~> call run () ~> call getInput () ~> ret getInput _460 ~> ret run () ~> ret getInput _491 )
#Or
  T ==K ( call run () ~> call getInput () ~> call run () ~> call getInput () ~> ret getInput _4 ~> ret run () ~> call run () ~> call getInput () ~> ret getInput _15 ~> ret run () ~> call run () ~> call getInput () ~> ret getInput _37 ~> ret run () ~> call run () ~> call getInput () ~> ret getInput _74 ~> ret run () ~> call run () ~> call getInput () ~> call run () ~> call getInput () ~> ret getInput _150 ~> ret run () ~> call run () ~> call getInput () ~> ret getInput _225 ~> ret run () ~> call run () ~> call getInput () ~> ret getInput _307 ~> ret run () ~> call run () ~> call getInput () ~> ret getInput _388 ~> ret run () ~> ret getInput _427 )
#Or
  T ==K ( call run () ~> call getInput () ~> call run () ~> call getInput () ~> ret getInput _4 ~> ret run () ~> call run () ~> call getInput () ~> ret getInput _15 ~> ret run () ~> call run () ~> call getInput () ~> ret getInput _37 ~> ret run () ~> call run () ~> call getInput () ~> ret getInput _74 ~> ret run () ~> call run () ~> call getInput () ~> call run () ~> call getInput () ~> ret getInput _150 ~> ret run () ~> call run () ~> call getInput () ~> ret getInput _225 ~> ret run () ~> call run () ~> call getInput () ~> ret getInput _307 ~> ret run () ~> ret getInput _350 )
#Or
  T ==K ( call run () ~> call getInput () ~> call run () ~> call getInput () ~> ret getInput _4 ~> ret run () ~> call run () ~> call getInput () ~> ret getInput _15 ~> ret run () ~> call run () ~> call getInput () ~> ret getInput _37 ~> ret run () ~> call run () ~> call getInput () ~> ret getInput _74 ~> ret run () ~> call run () ~> call getInput () ~> call run () ~> call getInput () ~> ret getInput _150 ~> ret run () ~> call run () ~> call getInput () ~> ret getInput _225 ~> ret run () ~> ret getInput _268 )
#Or
  T ==K ( call run () ~> call getInput () ~> call run () ~> call getInput () ~> ret getInput _4 ~> ret run () ~> call run () ~> call getInput () ~> ret getInput _15 ~> ret run () ~> call run () ~> call getInput () ~> ret getInput _37 ~> ret run () ~> call run () ~> call getInput () ~> ret getInput _74 ~> ret run () ~> call run () ~> call getInput () ~> call run () ~> call getInput () ~> ret getInput _150 ~> ret run () ~> ret getInput _189 )
#Or
  T ==K ( call run () ~> call getInput () ~> call run () ~> call getInput () ~> ret getInput _4 ~> ret run () ~> call run () ~> call getInput () ~> ret getInput _15 ~> ret run () ~> call run () ~> call getInput () ~> ret getInput _37 ~> ret run () ~> call run () ~> call getInput () ~> ret getInput _74 ~> ret run () ~> call run () ~> call getInput () ~> ret getInput _130 ~> ret run () ~> ret getInput _151 )
#Or
  T ==K ( call run () ~> call getInput () ~> call run () ~> call getInput () ~> ret getInput _4 ~> ret run () ~> call run () ~> call getInput () ~> ret getInput _15 ~> ret run () ~> call run () ~> call getInput () ~> ret getInput _37 ~> ret run () ~> call run () ~> call getInput () ~> ret getInput _74 ~> ret run () ~> ret getInput _90 )
#Or
  T ==K ( call run () ~> call getInput () ~> call run () ~> call getInput () ~> ret getInput _4 ~> ret run () ~> call run () ~> call getInput () ~> ret getInput _15 ~> ret run () ~> call run () ~> call getInput () ~> ret getInput _37 ~> ret run () ~> ret getInput _48 )
#Or
  T ==K ( call run () ~> call getInput () ~> call run () ~> call getInput () ~> ret getInput _4 ~> ret run () ~> call run () ~> call getInput () ~> ret getInput _15 ~> ret run () ~> ret getInput _22 )
#Or
  T ==K ( call run () ~> call getInput () ~> call run () ~> call getInput () ~> ret getInput _4 ~> ret run () ~> ret getInput _8 )
#Or
  T ==K ( call run () ~> call getInput () ~> ret getInput _2 ~> ret run () ~> call run () ~> call getInput () ~> call run () ~> call getInput () ~> call run () ~> call getInput () ~> ret getInput _23 ~> ret run () ~> call run () ~> call getInput () ~> ret getInput _49 ~> ret run () ~> call run () ~> call getInput () ~> ret getInput _91 ~> ret run () ~> call run () ~> call getInput () ~> ret getInput _152 ~> ret run () ~> call run () ~> call getInput () ~> ret getInput _226 ~> ret run () ~> ret getInput _269 )
#Or
  T ==K ( call run () ~> call getInput () ~> ret getInput _2 ~> ret run () ~> call run () ~> call getInput () ~> call run () ~> call getInput () ~> call run () ~> call getInput () ~> ret getInput _23 ~> ret run () ~> call run () ~> call getInput () ~> ret getInput _49 ~> ret run () ~> call run () ~> call getInput () ~> ret getInput _91 ~> ret run () ~> call run () ~> call getInput () ~> ret getInput _152 ~> ret run () ~> ret getInput _190 )
#Or
  T ==K ( call run () ~> call getInput () ~> ret getInput _2 ~> ret run () ~> call run () ~> call getInput () ~> call run () ~> call getInput () ~> call run () ~> call getInput () ~> ret getInput _23 ~> ret run () ~> call run () ~> call getInput () ~> ret getInput _49 ~> ret run () ~> call run () ~> call getInput () ~> ret getInput _91 ~> ret run () ~> ret getInput _120 )
#Or
  T ==K ( call run () ~> call getInput () ~> ret getInput _2 ~> ret run () ~> call run () ~> call getInput () ~> call run () ~> call getInput () ~> call run () ~> call getInput () ~> ret getInput _23 ~> ret run () ~> call run () ~> call getInput () ~> ret getInput _49 ~> ret run () ~> ret getInput _68 )
#Or
  T ==K ( call run () ~> call getInput () ~> ret getInput _2 ~> ret run () ~> call run () ~> call getInput () ~> call run () ~> call getInput () ~> call run () ~> call getInput () ~> ret getInput _23 ~> ret run () ~> ret getInput _34 )
#Or
  T ==K ( call run () ~> call getInput () ~> ret getInput _2 ~> ret run () ~> call run () ~> call getInput () ~> call run () ~> call getInput () ~> ret getInput _16 ~> ret run () ~> call run () ~> call getInput () ~> call run () ~> call getInput () ~> ret getInput _50 ~> ret run () ~> call run () ~> call getInput () ~> ret getInput _92 ~> ret run () ~> call run () ~> call getInput () ~> ret getInput _153 ~> ret run () ~> call run () ~> call getInput () ~> ret getInput _227 ~> ret run () ~> call run () ~> call getInput () ~> ret getInput _308 ~> ret run () ~> ret getInput _351 )
#Or
  T ==K ( call run () ~> call getInput () ~> ret getInput _2 ~> ret run () ~> call run () ~> call getInput () ~> call run () ~> call getInput () ~> ret getInput _16 ~> ret run () ~> call run () ~> call getInput () ~> call run () ~> call getInput () ~> ret getInput _50 ~> ret run () ~> call run () ~> call getInput () ~> ret getInput _92 ~> ret run () ~> call run () ~> call getInput () ~> ret getInput _153 ~> ret run () ~> call run () ~> call getInput () ~> ret getInput _227 ~> ret run () ~> ret getInput _270 )
#Or
  T ==K ( call run () ~> call getInput () ~> ret getInput _2 ~> ret run () ~> call run () ~> call getInput () ~> call run () ~> call getInput () ~> ret getInput _16 ~> ret run () ~> call run () ~> call getInput () ~> call run () ~> call getInput () ~> ret getInput _50 ~> ret run () ~> call run () ~> call getInput () ~> ret getInput _92 ~> ret run () ~> call run () ~> call getInput () ~> ret getInput _153 ~> ret run () ~> ret getInput _191 )
#Or
  T ==K ( call run () ~> call getInput () ~> ret getInput _2 ~> ret run () ~> call run () ~> call getInput () ~> call run () ~> call getInput () ~> ret getInput _16 ~> ret run () ~> call run () ~> call getInput () ~> call run () ~> call getInput () ~> ret getInput _50 ~> ret run () ~> call run () ~> call getInput () ~> ret getInput _92 ~> ret run () ~> ret getInput _121 )
#Or
  T ==K ( call run () ~> call getInput () ~> ret getInput _2 ~> ret run () ~> call run () ~> call getInput () ~> call run () ~> call getInput () ~> ret getInput _16 ~> ret run () ~> call run () ~> call getInput () ~> call run () ~> call getInput () ~> ret getInput _50 ~> ret run () ~> ret getInput _69 )
#Or
  T ==K ( call run () ~> call getInput () ~> ret getInput _2 ~> ret run () ~> call run () ~> call getInput () ~> call run () ~> call getInput () ~> ret getInput _16 ~> ret run () ~> call run () ~> call getInput () ~> ret getInput _39 ~> ret run () ~> call run () ~> call getInput () ~> call run () ~> call getInput () ~> ret getInput _93 ~> ret run () ~> call run () ~> call getInput () ~> ret getInput _154 ~> ret run () ~> call run () ~> call getInput () ~> ret getInput _228 ~> ret run () ~> call run () ~> call getInput () ~> ret getInput _309 ~> ret run () ~> call run () ~> call getInput () ~> ret getInput _389 ~> ret run () ~> ret getInput _428 )
#Or
  T ==K ( call run () ~> call getInput () ~> ret getInput _2 ~> ret run () ~> call run () ~> call getInput () ~> call run () ~> call getInput () ~> ret getInput _16 ~> ret run () ~> call run () ~> call getInput () ~> ret getInput _39 ~> ret run () ~> call run () ~> call getInput () ~> call run () ~> call getInput () ~> ret getInput _93 ~> ret run () ~> call run () ~> call getInput () ~> ret getInput _154 ~> ret run () ~> call run () ~> call getInput () ~> ret getInput _228 ~> ret run () ~> call run () ~> call getInput () ~> ret getInput _309 ~> ret run () ~> ret getInput _352 )
#Or
  T ==K ( call run () ~> call getInput () ~> ret getInput _2 ~> ret run () ~> call run () ~> call getInput () ~> call run () ~> call getInput () ~> ret getInput _16 ~> ret run () ~> call run () ~> call getInput () ~> ret getInput _39 ~> ret run () ~> call run () ~> call getInput () ~> call run () ~> call getInput () ~> ret getInput _93 ~> ret run () ~> call run () ~> call getInput () ~> ret getInput _154 ~> ret run () ~> call run () ~> call getInput () ~> ret getInput _228 ~> ret run () ~> ret getInput _271 )
#Or
  T ==K ( call run () ~> call getInput () ~> ret getInput _2 ~> ret run () ~> call run () ~> call getInput () ~> call run () ~> call getInput () ~> ret getInput _16 ~> ret run () ~> call run () ~> call getInput () ~> ret getInput _39 ~> ret run () ~> call run () ~> call getInput () ~> call run () ~> call getInput () ~> ret getInput _93 ~> ret run () ~> call run () ~> call getInput () ~> ret getInput _154 ~> ret run () ~> ret getInput _192 )
#Or
  T ==K ( call run () ~> call getInput () ~> ret getInput _2 ~> ret run () ~> call run () ~> call getInput () ~> call run () ~> call getInput () ~> ret getInput _16 ~> ret run () ~> call run () ~> call getInput () ~> ret getInput _39 ~> ret run () ~> call run () ~> call getInput () ~> call run () ~> call getInput () ~> ret getInput _93 ~> ret run () ~> ret getInput _122 )
#Or
  T ==K ( call run () ~> call getInput () ~> ret getInput _2 ~> ret run () ~> call run () ~> call getInput () ~> call run () ~> call getInput () ~> ret getInput _16 ~> ret run () ~> call run () ~> call getInput () ~> ret getInput _39 ~> ret run () ~> call run () ~> call getInput () ~> ret getInput _77 ~> ret run () ~> call run () ~> call getInput () ~> call run () ~> call getInput () ~> ret getInput _155 ~> ret run () ~> call run () ~> call getInput () ~> ret getInput _229 ~> ret run () ~> call run () ~> call getInput () ~> ret getInput _310 ~> ret run () ~> call run () ~> call getInput () ~> ret getInput _390 ~> ret run () ~> call run () ~> call getInput () ~> ret getInput _461 ~> ret run () ~> ret getInput _492 )
#Or
  T ==K ( call run () ~> call getInput () ~> ret getInput _2 ~> ret run () ~> call run () ~> call getInput () ~> call run () ~> call getInput () ~> ret getInput _16 ~> ret run () ~> call run () ~> call getInput () ~> ret getInput _39 ~> ret run () ~> call run () ~> call getInput () ~> ret getInput _77 ~> ret run () ~> call run () ~> call getInput () ~> call run () ~> call getInput () ~> ret getInput _155 ~> ret run () ~> call run () ~> call getInput () ~> ret getInput _229 ~> ret run () ~> call run () ~> call getInput () ~> ret getInput _310 ~> ret run () ~> call run () ~> call getInput () ~> ret getInput _390 ~> ret run () ~> ret getInput _429 )
#Or
  T ==K ( call run () ~> call getInput () ~> ret getInput _2 ~> ret run () ~> call run () ~> call getInput () ~> call run () ~> call getInput () ~> ret getInput _16 ~> ret run () ~> call run () ~> call getInput () ~> ret getInput _39 ~> ret run () ~> call run () ~> call getInput () ~> ret getInput _77 ~> ret run () ~> call run () ~> call getInput () ~> call run () ~> call getInput () ~> ret getInput _155 ~> ret run () ~> call run () ~> call getInput () ~> ret getInput _229 ~> ret run () ~> call run () ~> call getInput () ~> ret getInput _310 ~> ret run () ~> ret getInput _353 )
#Or
  T ==K ( call run () ~> call getInput () ~> ret getInput _2 ~> ret run () ~> call run () ~> call getInput () ~> call run () ~> call getInput () ~> ret getInput _16 ~> ret run () ~> call run () ~> call getInput () ~> ret getInput _39 ~> ret run () ~> call run () ~> call getInput () ~> ret getInput _77 ~> ret run () ~> call run () ~> call getInput () ~> call run () ~> call getInput () ~> ret getInput _155 ~> ret run () ~> call run () ~> call getInput () ~> ret getInput _229 ~> ret run () ~> ret getInput _272 )
#Or
  T ==K ( call run () ~> call getInput () ~> ret getInput _2 ~> ret run () ~> call run () ~> call getInput () ~> call run () ~> call getInput () ~> ret getInput _16 ~> ret run () ~> call run () ~> call getInput () ~> ret getInput _39 ~> ret run () ~> call run () ~> call getInput () ~> ret getInput _77 ~> ret run () ~> call run () ~> call getInput () ~> call run () ~> call getInput () ~> ret getInput _155 ~> ret run () ~> ret getInput _193 )
#Or
  T ==K ( call run () ~> call getInput () ~> ret getInput _2 ~> ret run () ~> call run () ~> call getInput () ~> call run () ~> call getInput () ~> ret getInput _16 ~> ret run () ~> call run () ~> call getInput () ~> ret getInput _39 ~> ret run () ~> call run () ~> call getInput () ~> ret getInput _77 ~> ret run () ~> call run () ~> call getInput () ~> ret getInput _134 ~> ret run () ~> call run () ~> call getInput () ~> call run () ~> call getInput () ~> ret getInput _230 ~> ret run () ~> call run () ~> call getInput () ~> ret getInput _311 ~> ret run () ~> call run () ~> call getInput () ~> ret getInput _391 ~> ret run () ~> call run () ~> call getInput () ~> ret getInput _462 ~> ret run () ~> call run () ~> call getInput () ~> ret getInput _516 ~> ret run () ~> ret getInput _536 )
#Or
  T ==K ( call run () ~> call getInput () ~> ret getInput _2 ~> ret run () ~> call run () ~> call getInput () ~> call run () ~> call getInput () ~> ret getInput _16 ~> ret run () ~> call run () ~> call getInput () ~> ret getInput _39 ~> ret run () ~> call run () ~> call getInput () ~> ret getInput _77 ~> ret run () ~> call run () ~> call getInput () ~> ret getInput _134 ~> ret run () ~> call run () ~> call getInput () ~> call run () ~> call getInput () ~> ret getInput _230 ~> ret run () ~> call run () ~> call getInput () ~> ret getInput _311 ~> ret run () ~> call run () ~> call getInput () ~> ret getInput _391 ~> ret run () ~> call run () ~> call getInput () ~> ret getInput _462 ~> ret run () ~> ret getInput _493 )
#Or
  T ==K ( call run () ~> call getInput () ~> ret getInput _2 ~> ret run () ~> call run () ~> call getInput () ~> call run () ~> call getInput () ~> ret getInput _16 ~> ret run () ~> call run () ~> call getInput () ~> ret getInput _39 ~> ret run () ~> call run () ~> call getInput () ~> ret getInput _77 ~> ret run () ~> call run () ~> call getInput () ~> ret getInput _134 ~> ret run () ~> call run () ~> call getInput () ~> call run () ~> call getInput () ~> ret getInput _230 ~> ret run () ~> call run () ~> call getInput () ~> ret getInput _311 ~> ret run () ~> call run () ~> call getInput () ~> ret getInput _391 ~> ret run () ~> ret getInput _430 )
#Or
  T ==K ( call run () ~> call getInput () ~> ret getInput _2 ~> ret run () ~> call run () ~> call getInput () ~> call run () ~> call getInput () ~> ret getInput _16 ~> ret run () ~> call run () ~> call getInput () ~> ret getInput _39 ~> ret run () ~> call run () ~> call getInput () ~> ret getInput _77 ~> ret run () ~> call run () ~> call getInput () ~> ret getInput _134 ~> ret run () ~> call run () ~> call getInput () ~> call run () ~> call getInput () ~> ret getInput _230 ~> ret run () ~> call run () ~> call getInput () ~> ret getInput _311 ~> ret run () ~> ret getInput _354 )
#Or
  T ==K ( call run () ~> call getInput () ~> ret getInput _2 ~> ret run () ~> call run () ~> call getInput () ~> call run () ~> call getInput () ~> ret getInput _16 ~> ret run () ~> call run () ~> call getInput () ~> ret getInput _39 ~> ret run () ~> call run () ~> call getInput () ~> ret getInput _77 ~> ret run () ~> call run () ~> call getInput () ~> ret getInput _134 ~> ret run () ~> call run () ~> call getInput () ~> call run () ~> call getInput () ~> ret getInput _230 ~> ret run () ~> ret getInput _273 )
#Or
  T ==K ( call run () ~> call getInput () ~> ret getInput _2 ~> ret run () ~> call run () ~> call getInput () ~> call run () ~> call getInput () ~> ret getInput _16 ~> ret run () ~> call run () ~> call getInput () ~> ret getInput _39 ~> ret run () ~> call run () ~> call getInput () ~> ret getInput _77 ~> ret run () ~> call run () ~> call getInput () ~> ret getInput _134 ~> ret run () ~> call run () ~> call getInput () ~> ret getInput _208 ~> ret run () ~> ret getInput _231 )
#Or
  T ==K ( call run () ~> call getInput () ~> ret getInput _2 ~> ret run () ~> call run () ~> call getInput () ~> call run () ~> call getInput () ~> ret getInput _16 ~> ret run () ~> call run () ~> call getInput () ~> ret getInput _39 ~> ret run () ~> call run () ~> call getInput () ~> ret getInput _77 ~> ret run () ~> call run () ~> call getInput () ~> ret getInput _134 ~> ret run () ~> ret getInput _156 )
#Or
  T ==K ( call run () ~> call getInput () ~> ret getInput _2 ~> ret run () ~> call run () ~> call getInput () ~> call run () ~> call getInput () ~> ret getInput _16 ~> ret run () ~> call run () ~> call getInput () ~> ret getInput _39 ~> ret run () ~> call run () ~> call getInput () ~> ret getInput _77 ~> ret run () ~> ret getInput _94 )
#Or
  T ==K ( call run () ~> call getInput () ~> ret getInput _2 ~> ret run () ~> call run () ~> call getInput () ~> call run () ~> call getInput () ~> ret getInput _16 ~> ret run () ~> call run () ~> call getInput () ~> ret getInput _39 ~> ret run () ~> ret getInput _51 )
#Or
  T ==K ( call run () ~> call getInput () ~> ret getInput _2 ~> ret run () ~> call run () ~> call getInput () ~> call run () ~> call getInput () ~> ret getInput _16 ~> ret run () ~> ret getInput _24 )
#Or
  T ==K ( call run () ~> call getInput () ~> ret getInput _2 ~> ret run () ~> call run () ~> call getInput () ~> ret getInput _11 ~> ret run () ~> call run () ~> call getInput () ~> call run () ~> call getInput () ~> call run () ~> call getInput () ~> ret getInput _52 ~> ret run () ~> call run () ~> call getInput () ~> ret getInput _95 ~> ret run () ~> call run () ~> call getInput () ~> ret getInput _157 ~> ret run () ~> call run () ~> call getInput () ~> ret getInput _232 ~> ret run () ~> call run () ~> call getInput () ~> ret getInput _312 ~> ret run () ~> ret getInput _355 )
#Or
  T ==K ( call run () ~> call getInput () ~> ret getInput _2 ~> ret run () ~> call run () ~> call getInput () ~> ret getInput _11 ~> ret run () ~> call run () ~> call getInput () ~> call run () ~> call getInput () ~> call run () ~> call getInput () ~> ret getInput _52 ~> ret run () ~> call run () ~> call getInput () ~> ret getInput _95 ~> ret run () ~> call run () ~> call getInput () ~> ret getInput _157 ~> ret run () ~> call run () ~> call getInput () ~> ret getInput _232 ~> ret run () ~> ret getInput _274 )
#Or
  T ==K ( call run () ~> call getInput () ~> ret getInput _2 ~> ret run () ~> call run () ~> call getInput () ~> ret getInput _11 ~> ret run () ~> call run () ~> call getInput () ~> call run () ~> call getInput () ~> call run () ~> call getInput () ~> ret getInput _52 ~> ret run () ~> call run () ~> call getInput () ~> ret getInput _95 ~> ret run () ~> call run () ~> call getInput () ~> ret getInput _157 ~> ret run () ~> ret getInput _194 )
#Or
  T ==K ( call run () ~> call getInput () ~> ret getInput _2 ~> ret run () ~> call run () ~> call getInput () ~> ret getInput _11 ~> ret run () ~> call run () ~> call getInput () ~> call run () ~> call getInput () ~> call run () ~> call getInput () ~> ret getInput _52 ~> ret run () ~> call run () ~> call getInput () ~> ret getInput _95 ~> ret run () ~> ret getInput _123 )
#Or
  T ==K ( call run () ~> call getInput () ~> ret getInput _2 ~> ret run () ~> call run () ~> call getInput () ~> ret getInput _11 ~> ret run () ~> call run () ~> call getInput () ~> call run () ~> call getInput () ~> call run () ~> call getInput () ~> ret getInput _52 ~> ret run () ~> ret getInput _70 )
#Or
  T ==K ( call run () ~> call getInput () ~> ret getInput _2 ~> ret run () ~> call run () ~> call getInput () ~> ret getInput _11 ~> ret run () ~> call run () ~> call getInput () ~> call run () ~> call getInput () ~> ret getInput _40 ~> ret run () ~> call run () ~> call getInput () ~> call run () ~> call getInput () ~> ret getInput _96 ~> ret run () ~> call run () ~> call getInput () ~> ret getInput _158 ~> ret run () ~> call run () ~> call getInput () ~> ret getInput _233 ~> ret run () ~> call run () ~> call getInput () ~> ret getInput _313 ~> ret run () ~> call run () ~> call getInput () ~> ret getInput _392 ~> ret run () ~> ret getInput _431 )
#Or
  T ==K ( call run () ~> call getInput () ~> ret getInput _2 ~> ret run () ~> call run () ~> call getInput () ~> ret getInput _11 ~> ret run () ~> call run () ~> call getInput () ~> call run () ~> call getInput () ~> ret getInput _40 ~> ret run () ~> call run () ~> call getInput () ~> call run () ~> call getInput () ~> ret getInput _96 ~> ret run () ~> call run () ~> call getInput () ~> ret getInput _158 ~> ret run () ~> call run () ~> call getInput () ~> ret getInput _233 ~> ret run () ~> call run () ~> call getInput () ~> ret getInput _313 ~> ret run () ~> ret getInput _356 )
#Or
  T ==K ( call run () ~> call getInput () ~> ret getInput _2 ~> ret run () ~> call run () ~> call getInput () ~> ret getInput _11 ~> ret run () ~> call run () ~> call getInput () ~> call run () ~> call getInput () ~> ret getInput _40 ~> ret run () ~> call run () ~> call getInput () ~> call run () ~> call getInput () ~> ret getInput _96 ~> ret run () ~> call run () ~> call getInput () ~> ret getInput _158 ~> ret run () ~> call run () ~> call getInput () ~> ret getInput _233 ~> ret run () ~> ret getInput _275 )
#Or
  T ==K ( call run () ~> call getInput () ~> ret getInput _2 ~> ret run () ~> call run () ~> call getInput () ~> ret getInput _11 ~> ret run () ~> call run () ~> call getInput () ~> call run () ~> call getInput () ~> ret getInput _40 ~> ret run () ~> call run () ~> call getInput () ~> call run () ~> call getInput () ~> ret getInput _96 ~> ret run () ~> call run () ~> call getInput () ~> ret getInput _158 ~> ret run () ~> ret getInput _195 )
#Or
  T ==K ( call run () ~> call getInput () ~> ret getInput _2 ~> ret run () ~> call run () ~> call getInput () ~> ret getInput _11 ~> ret run () ~> call run () ~> call getInput () ~> call run () ~> call getInput () ~> ret getInput _40 ~> ret run () ~> call run () ~> call getInput () ~> call run () ~> call getInput () ~> ret getInput _96 ~> ret run () ~> ret getInput _124 )
#Or
  T ==K ( call run () ~> call getInput () ~> ret getInput _2 ~> ret run () ~> call run () ~> call getInput () ~> ret getInput _11 ~> ret run () ~> call run () ~> call getInput () ~> call run () ~> call getInput () ~> ret getInput _40 ~> ret run () ~> call run () ~> call getInput () ~> ret getInput _79 ~> ret run () ~> call run () ~> call getInput () ~> call run () ~> call getInput () ~> ret getInput _159 ~> ret run () ~> call run () ~> call getInput () ~> ret getInput _234 ~> ret run () ~> call run () ~> call getInput () ~> ret getInput _314 ~> ret run () ~> call run () ~> call getInput () ~> ret getInput _393 ~> ret run () ~> call run () ~> call getInput () ~> ret getInput _463 ~> ret run () ~> ret getInput _494 )
#Or
  T ==K ( call run () ~> call getInput () ~> ret getInput _2 ~> ret run () ~> call run () ~> call getInput () ~> ret getInput _11 ~> ret run () ~> call run () ~> call getInput () ~> call run () ~> call getInput () ~> ret getInput _40 ~> ret run () ~> call run () ~> call getInput () ~> ret getInput _79 ~> ret run () ~> call run () ~> call getInput () ~> call run () ~> call getInput () ~> ret getInput _159 ~> ret run () ~> call run () ~> call getInput () ~> ret getInput _234 ~> ret run () ~> call run () ~> call getInput () ~> ret getInput _314 ~> ret run () ~> call run () ~> call getInput () ~> ret getInput _393 ~> ret run () ~> ret getInput _432 )
#Or
  T ==K ( call run () ~> call getInput () ~> ret getInput _2 ~> ret run () ~> call run () ~> call getInput () ~> ret getInput _11 ~> ret run () ~> call run () ~> call getInput () ~> call run () ~> call getInput () ~> ret getInput _40 ~> ret run () ~> call run () ~> call getInput () ~> ret getInput _79 ~> ret run () ~> call run () ~> call getInput () ~> call run () ~> call getInput () ~> ret getInput _159 ~> ret run () ~> call run () ~> call getInput () ~> ret getInput _234 ~> ret run () ~> call run () ~> call getInput () ~> ret getInput _314 ~> ret run () ~> ret getInput _357 )
#Or
  T ==K ( call run () ~> call getInput () ~> ret getInput _2 ~> ret run () ~> call run () ~> call getInput () ~> ret getInput _11 ~> ret run () ~> call run () ~> call getInput () ~> call run () ~> call getInput () ~> ret getInput _40 ~> ret run () ~> call run () ~> call getInput () ~> ret getInput _79 ~> ret run () ~> call run () ~> call getInput () ~> call run () ~> call getInput () ~> ret getInput _159 ~> ret run () ~> call run () ~> call getInput () ~> ret getInput _234 ~> ret run () ~> ret getInput _276 )
#Or
  T ==K ( call run () ~> call getInput () ~> ret getInput _2 ~> ret run () ~> call run () ~> call getInput () ~> ret getInput _11 ~> ret run () ~> call run () ~> call getInput () ~> call run () ~> call getInput () ~> ret getInput _40 ~> ret run () ~> call run () ~> call getInput () ~> ret getInput _79 ~> ret run () ~> call run () ~> call getInput () ~> call run () ~> call getInput () ~> ret getInput _159 ~> ret run () ~> ret getInput _196 )
#Or
  T ==K ( call run () ~> call getInput () ~> ret getInput _2 ~> ret run () ~> call run () ~> call getInput () ~> ret getInput _11 ~> ret run () ~> call run () ~> call getInput () ~> call run () ~> call getInput () ~> ret getInput _40 ~> ret run () ~> call run () ~> call getInput () ~> ret getInput _79 ~> ret run () ~> call run () ~> call getInput () ~> ret getInput _137 ~> ret run () ~> call run () ~> call getInput () ~> call run () ~> call getInput () ~> ret getInput _235 ~> ret run () ~> call run () ~> call getInput () ~> ret getInput _315 ~> ret run () ~> call run () ~> call getInput () ~> ret getInput _394 ~> ret run () ~> call run () ~> call getInput () ~> ret getInput _464 ~> ret run () ~> call run () ~> call getInput () ~> ret getInput _517 ~> ret run () ~> ret getInput _537 )
#Or
  T ==K ( call run () ~> call getInput () ~> ret getInput _2 ~> ret run () ~> call run () ~> call getInput () ~> ret getInput _11 ~> ret run () ~> call run () ~> call getInput () ~> call run () ~> call getInput () ~> ret getInput _40 ~> ret run () ~> call run () ~> call getInput () ~> ret getInput _79 ~> ret run () ~> call run () ~> call getInput () ~> ret getInput _137 ~> ret run () ~> call run () ~> call getInput () ~> call run () ~> call getInput () ~> ret getInput _235 ~> ret run () ~> call run () ~> call getInput () ~> ret getInput _315 ~> ret run () ~> call run () ~> call getInput () ~> ret getInput _394 ~> ret run () ~> call run () ~> call getInput () ~> ret getInput _464 ~> ret run () ~> ret getInput _495 )
#Or
  T ==K ( call run () ~> call getInput () ~> ret getInput _2 ~> ret run () ~> call run () ~> call getInput () ~> ret getInput _11 ~> ret run () ~> call run () ~> call getInput () ~> call run () ~> call getInput () ~> ret getInput _40 ~> ret run () ~> call run () ~> call getInput () ~> ret getInput _79 ~> ret run () ~> call run () ~> call getInput () ~> ret getInput _137 ~> ret run () ~> call run () ~> call getInput () ~> call run () ~> call getInput () ~> ret getInput _235 ~> ret run () ~> call run () ~> call getInput () ~> ret getInput _315 ~> ret run () ~> call run () ~> call getInput () ~> ret getInput _394 ~> ret run () ~> ret getInput _433 )
#Or
  T ==K ( call run () ~> call getInput () ~> ret getInput _2 ~> ret run () ~> call run () ~> call getInput () ~> ret getInput _11 ~> ret run () ~> call run () ~> call getInput () ~> call run () ~> call getInput () ~> ret getInput _40 ~> ret run () ~> call run () ~> call getInput () ~> ret getInput _79 ~> ret run () ~> call run () ~> call getInput () ~> ret getInput _137 ~> ret run () ~> call run () ~> call getInput () ~> call run () ~> call getInput () ~> ret getInput _235 ~> ret run () ~> call run () ~> call getInput () ~> ret getInput _315 ~> ret run () ~> ret getInput _358 )
#Or
  T ==K ( call run () ~> call getInput () ~> ret getInput _2 ~> ret run () ~> call run () ~> call getInput () ~> ret getInput _11 ~> ret run () ~> call run () ~> call getInput () ~> call run () ~> call getInput () ~> ret getInput _40 ~> ret run () ~> call run () ~> call getInput () ~> ret getInput _79 ~> ret run () ~> call run () ~> call getInput () ~> ret getInput _137 ~> ret run () ~> call run () ~> call getInput () ~> call run () ~> call getInput () ~> ret getInput _235 ~> ret run () ~> ret getInput _277 )
#Or
  T ==K ( call run () ~> call getInput () ~> ret getInput _2 ~> ret run () ~> call run () ~> call getInput () ~> ret getInput _11 ~> ret run () ~> call run () ~> call getInput () ~> call run () ~> call getInput () ~> ret getInput _40 ~> ret run () ~> call run () ~> call getInput () ~> ret getInput _79 ~> ret run () ~> call run () ~> call getInput () ~> ret getInput _137 ~> ret run () ~> call run () ~> call getInput () ~> ret getInput _212 ~> ret run () ~> call run () ~> call getInput () ~> call run () ~> call getInput () ~> ret getInput _316 ~> ret run () ~> call run () ~> call getInput () ~> ret getInput _395 ~> ret run () ~> call run () ~> call getInput () ~> ret getInput _465 ~> ret run () ~> call run () ~> call getInput () ~> ret getInput _518 ~> ret run () ~> call run () ~> call getInput () ~> ret getInput _552 ~> ret run () ~> ret getInput _564 )
#Or
  T ==K ( call run () ~> call getInput () ~> ret getInput _2 ~> ret run () ~> call run () ~> call getInput () ~> ret getInput _11 ~> ret run () ~> call run () ~> call getInput () ~> call run () ~> call getInput () ~> ret getInput _40 ~> ret run () ~> call run () ~> call getInput () ~> ret getInput _79 ~> ret run () ~> call run () ~> call getInput () ~> ret getInput _137 ~> ret run () ~> call run () ~> call getInput () ~> ret getInput _212 ~> ret run () ~> call run () ~> call getInput () ~> call run () ~> call getInput () ~> ret getInput _316 ~> ret run () ~> call run () ~> call getInput () ~> ret getInput _395 ~> ret run () ~> call run () ~> call getInput () ~> ret getInput _465 ~> ret run () ~> call run () ~> call getInput () ~> ret getInput _518 ~> ret run () ~> ret getInput _538 )
#Or
  T ==K ( call run () ~> call getInput () ~> ret getInput _2 ~> ret run () ~> call run () ~> call getInput () ~> ret getInput _11 ~> ret run () ~> call run () ~> call getInput () ~> call run () ~> call getInput () ~> ret getInput _40 ~> ret run () ~> call run () ~> call getInput () ~> ret getInput _79 ~> ret run () ~> call run () ~> call getInput () ~> ret getInput _137 ~> ret run () ~> call run () ~> call getInput () ~> ret getInput _212 ~> ret run () ~> call run () ~> call getInput () ~> call run () ~> call getInput () ~> ret getInput _316 ~> ret run () ~> call run () ~> call getInput () ~> ret getInput _395 ~> ret run () ~> call run () ~> call getInput () ~> ret getInput _465 ~> ret run () ~> ret getInput _496 )
#Or
  T ==K ( call run () ~> call getInput () ~> ret getInput _2 ~> ret run () ~> call run () ~> call getInput () ~> ret getInput _11 ~> ret run () ~> call run () ~> call getInput () ~> call run () ~> call getInput () ~> ret getInput _40 ~> ret run () ~> call run () ~> call getInput () ~> ret getInput _79 ~> ret run () ~> call run () ~> call getInput () ~> ret getInput _137 ~> ret run () ~> call run () ~> call getInput () ~> ret getInput _212 ~> ret run () ~> call run () ~> call getInput () ~> call run () ~> call getInput () ~> ret getInput _316 ~> ret run () ~> call run () ~> call getInput () ~> ret getInput _395 ~> ret run () ~> ret getInput _434 )
#Or
  T ==K ( call run () ~> call getInput () ~> ret getInput _2 ~> ret run () ~> call run () ~> call getInput () ~> ret getInput _11 ~> ret run () ~> call run () ~> call getInput () ~> call run () ~> call getInput () ~> ret getInput _40 ~> ret run () ~> call run () ~> call getInput () ~> ret getInput _79 ~> ret run () ~> call run () ~> call getInput () ~> ret getInput _137 ~> ret run () ~> call run () ~> call getInput () ~> ret getInput _212 ~> ret run () ~> call run () ~> call getInput () ~> call run () ~> call getInput () ~> ret getInput _316 ~> ret run () ~> ret getInput _359 )
#Or
  T ==K ( call run () ~> call getInput () ~> ret getInput _2 ~> ret run () ~> call run () ~> call getInput () ~> ret getInput _11 ~> ret run () ~> call run () ~> call getInput () ~> call run () ~> call getInput () ~> ret getInput _40 ~> ret run () ~> call run () ~> call getInput () ~> ret getInput _79 ~> ret run () ~> call run () ~> call getInput () ~> ret getInput _137 ~> ret run () ~> call run () ~> call getInput () ~> ret getInput _212 ~> ret run () ~> call run () ~> call getInput () ~> ret getInput _294 ~> ret run () ~> ret getInput _317 )
#Or
  T ==K ( call run () ~> call getInput () ~> ret getInput _2 ~> ret run () ~> call run () ~> call getInput () ~> ret getInput _11 ~> ret run () ~> call run () ~> call getInput () ~> call run () ~> call getInput () ~> ret getInput _40 ~> ret run () ~> call run () ~> call getInput () ~> ret getInput _79 ~> ret run () ~> call run () ~> call getInput () ~> ret getInput _137 ~> ret run () ~> call run () ~> call getInput () ~> ret getInput _212 ~> ret run () ~> ret getInput _236 )
#Or
  T ==K ( call run () ~> call getInput () ~> ret getInput _2 ~> ret run () ~> call run () ~> call getInput () ~> ret getInput _11 ~> ret run () ~> call run () ~> call getInput () ~> call run () ~> call getInput () ~> ret getInput _40 ~> ret run () ~> call run () ~> call getInput () ~> ret getInput _79 ~> ret run () ~> call run () ~> call getInput () ~> ret getInput _137 ~> ret run () ~> ret getInput _160 )
#Or
  T ==K ( call run () ~> call getInput () ~> ret getInput _2 ~> ret run () ~> call run () ~> call getInput () ~> ret getInput _11 ~> ret run () ~> call run () ~> call getInput () ~> call run () ~> call getInput () ~> ret getInput _40 ~> ret run () ~> call run () ~> call getInput () ~> ret getInput _79 ~> ret run () ~> ret getInput _97 )
#Or
  T ==K ( call run () ~> call getInput () ~> ret getInput _2 ~> ret run () ~> call run () ~> call getInput () ~> ret getInput _11 ~> ret run () ~> call run () ~> call getInput () ~> call run () ~> call getInput () ~> ret getInput _40 ~> ret run () ~> ret getInput _53 )
#Or
  T ==K ( call run () ~> call getInput () ~> ret getInput _2 ~> ret run () ~> call run () ~> call getInput () ~> ret getInput _11 ~> ret run () ~> call run () ~> call getInput () ~> ret getInput _30 ~> ret run () ~> call run () ~> call getInput () ~> call run () ~> call getInput () ~> call run () ~> call getInput () ~> ret getInput _98 ~> ret run () ~> call run () ~> call getInput () ~> ret getInput _161 ~> ret run () ~> call run () ~> call getInput () ~> ret getInput _237 ~> ret run () ~> call run () ~> call getInput () ~> ret getInput _318 ~> ret run () ~> call run () ~> call getInput () ~> ret getInput _396 ~> ret run () ~> ret getInput _435 )
#Or
  T ==K ( call run () ~> call getInput () ~> ret getInput _2 ~> ret run () ~> call run () ~> call getInput () ~> ret getInput _11 ~> ret run () ~> call run () ~> call getInput () ~> ret getInput _30 ~> ret run () ~> call run () ~> call getInput () ~> call run () ~> call getInput () ~> call run () ~> call getInput () ~> ret getInput _98 ~> ret run () ~> call run () ~> call getInput () ~> ret getInput _161 ~> ret run () ~> call run () ~> call getInput () ~> ret getInput _237 ~> ret run () ~> call run () ~> call getInput () ~> ret getInput _318 ~> ret run () ~> ret getInput _360 )
#Or
  T ==K ( call run () ~> call getInput () ~> ret getInput _2 ~> ret run () ~> call run () ~> call getInput () ~> ret getInput _11 ~> ret run () ~> call run () ~> call getInput () ~> ret getInput _30 ~> ret run () ~> call run () ~> call getInput () ~> call run () ~> call getInput () ~> call run () ~> call getInput () ~> ret getInput _98 ~> ret run () ~> call run () ~> call getInput () ~> ret getInput _161 ~> ret run () ~> call run () ~> call getInput () ~> ret getInput _237 ~> ret run () ~> ret getInput _278 )
#Or
  T ==K ( call run () ~> call getInput () ~> ret getInput _2 ~> ret run () ~> call run () ~> call getInput () ~> ret getInput _11 ~> ret run () ~> call run () ~> call getInput () ~> ret getInput _30 ~> ret run () ~> call run () ~> call getInput () ~> call run () ~> call getInput () ~> call run () ~> call getInput () ~> ret getInput _98 ~> ret run () ~> call run () ~> call getInput () ~> ret getInput _161 ~> ret run () ~> ret getInput _197 )
#Or
  T ==K ( call run () ~> call getInput () ~> ret getInput _2 ~> ret run () ~> call run () ~> call getInput () ~> ret getInput _11 ~> ret run () ~> call run () ~> call getInput () ~> ret getInput _30 ~> ret run () ~> call run () ~> call getInput () ~> call run () ~> call getInput () ~> call run () ~> call getInput () ~> ret getInput _98 ~> ret run () ~> ret getInput _125 )
#Or
  T ==K ( call run () ~> call getInput () ~> ret getInput _2 ~> ret run () ~> call run () ~> call getInput () ~> ret getInput _11 ~> ret run () ~> call run () ~> call getInput () ~> ret getInput _30 ~> ret run () ~> call run () ~> call getInput () ~> call run () ~> call getInput () ~> ret getInput _80 ~> ret run () ~> call run () ~> call getInput () ~> call run () ~> call getInput () ~> ret getInput _162 ~> ret run () ~> call run () ~> call getInput () ~> ret getInput _238 ~> ret run () ~> call run () ~> call getInput () ~> ret getInput _319 ~> ret run () ~> call run () ~> call getInput () ~> ret getInput _397 ~> ret run () ~> call run () ~> call getInput () ~> ret getInput _466 ~> ret run () ~> ret getInput _497 )
#Or
  T ==K ( call run () ~> call getInput () ~> ret getInput _2 ~> ret run () ~> call run () ~> call getInput () ~> ret getInput _11 ~> ret run () ~> call run () ~> call getInput () ~> ret getInput _30 ~> ret run () ~> call run () ~> call getInput () ~> call run () ~> call getInput () ~> ret getInput _80 ~> ret run () ~> call run () ~> call getInput () ~> call run () ~> call getInput () ~> ret getInput _162 ~> ret run () ~> call run () ~> call getInput () ~> ret getInput _238 ~> ret run () ~> call run () ~> call getInput () ~> ret getInput _319 ~> ret run () ~> call run () ~> call getInput () ~> ret getInput _397 ~> ret run () ~> ret getInput _436 )
#Or
  T ==K ( call run () ~> call getInput () ~> ret getInput _2 ~> ret run () ~> call run () ~> call getInput () ~> ret getInput _11 ~> ret run () ~> call run () ~> call getInput () ~> ret getInput _30 ~> ret run () ~> call run () ~> call getInput () ~> call run () ~> call getInput () ~> ret getInput _80 ~> ret run () ~> call run () ~> call getInput () ~> call run () ~> call getInput () ~> ret getInput _162 ~> ret run () ~> call run () ~> call getInput () ~> ret getInput _238 ~> ret run () ~> call run () ~> call getInput () ~> ret getInput _319 ~> ret run () ~> ret getInput _361 )
#Or
  T ==K ( call run () ~> call getInput () ~> ret getInput _2 ~> ret run () ~> call run () ~> call getInput () ~> ret getInput _11 ~> ret run () ~> call run () ~> call getInput () ~> ret getInput _30 ~> ret run () ~> call run () ~> call getInput () ~> call run () ~> call getInput () ~> ret getInput _80 ~> ret run () ~> call run () ~> call getInput () ~> call run () ~> call getInput () ~> ret getInput _162 ~> ret run () ~> call run () ~> call getInput () ~> ret getInput _238 ~> ret run () ~> ret getInput _279 )
#Or
  T ==K ( call run () ~> call getInput () ~> ret getInput _2 ~> ret run () ~> call run () ~> call getInput () ~> ret getInput _11 ~> ret run () ~> call run () ~> call getInput () ~> ret getInput _30 ~> ret run () ~> call run () ~> call getInput () ~> call run () ~> call getInput () ~> ret getInput _80 ~> ret run () ~> call run () ~> call getInput () ~> call run () ~> call getInput () ~> ret getInput _162 ~> ret run () ~> ret getInput _198 )
#Or
  T ==K ( call run () ~> call getInput () ~> ret getInput _2 ~> ret run () ~> call run () ~> call getInput () ~> ret getInput _11 ~> ret run () ~> call run () ~> call getInput () ~> ret getInput _30 ~> ret run () ~> call run () ~> call getInput () ~> call run () ~> call getInput () ~> ret getInput _80 ~> ret run () ~> call run () ~> call getInput () ~> ret getInput _139 ~> ret run () ~> call run () ~> call getInput () ~> call run () ~> call getInput () ~> ret getInput _239 ~> ret run () ~> call run () ~> call getInput () ~> ret getInput _320 ~> ret run () ~> call run () ~> call getInput () ~> ret getInput _398 ~> ret run () ~> call run () ~> call getInput () ~> ret getInput _467 ~> ret run () ~> call run () ~> call getInput () ~> ret getInput _519 ~> ret run () ~> ret getInput _539 )
#Or
  T ==K ( call run () ~> call getInput () ~> ret getInput _2 ~> ret run () ~> call run () ~> call getInput () ~> ret getInput _11 ~> ret run () ~> call run () ~> call getInput () ~> ret getInput _30 ~> ret run () ~> call run () ~> call getInput () ~> call run () ~> call getInput () ~> ret getInput _80 ~> ret run () ~> call run () ~> call getInput () ~> ret getInput _139 ~> ret run () ~> call run () ~> call getInput () ~> call run () ~> call getInput () ~> ret getInput _239 ~> ret run () ~> call run () ~> call getInput () ~> ret getInput _320 ~> ret run () ~> call run () ~> call getInput () ~> ret getInput _398 ~> ret run () ~> call run () ~> call getInput () ~> ret getInput _467 ~> ret run () ~> ret getInput _498 )
#Or
  T ==K ( call run () ~> call getInput () ~> ret getInput _2 ~> ret run () ~> call run () ~> call getInput () ~> ret getInput _11 ~> ret run () ~> call run () ~> call getInput () ~> ret getInput _30 ~> ret run () ~> call run () ~> call getInput () ~> call run () ~> call getInput () ~> ret getInput _80 ~> ret run () ~> call run () ~> call getInput () ~> ret getInput _139 ~> ret run () ~> call run () ~> call getInput () ~> call run () ~> call getInput () ~> ret getInput _239 ~> ret run () ~> call run () ~> call getInput () ~> ret getInput _320 ~> ret run () ~> call run () ~> call getInput () ~> ret getInput _398 ~> ret run () ~> ret getInput _437 )
#Or
  T ==K ( call run () ~> call getInput () ~> ret getInput _2 ~> ret run () ~> call run () ~> call getInput () ~> ret getInput _11 ~> ret run () ~> call run () ~> call getInput () ~> ret getInput _30 ~> ret run () ~> call run () ~> call getInput () ~> call run () ~> call getInput () ~> ret getInput _80 ~> ret run () ~> call run () ~> call getInput () ~> ret getInput _139 ~> ret run () ~> call run () ~> call getInput () ~> call run () ~> call getInput () ~> ret getInput _239 ~> ret run () ~> call run () ~> call getInput () ~> ret getInput _320 ~> ret run () ~> ret getInput _362 )
#Or
  T ==K ( call run () ~> call getInput () ~> ret getInput _2 ~> ret run () ~> call run () ~> call getInput () ~> ret getInput _11 ~> ret run () ~> call run () ~> call getInput () ~> ret getInput _30 ~> ret run () ~> call run () ~> call getInput () ~> call run () ~> call getInput () ~> ret getInput _80 ~> ret run () ~> call run () ~> call getInput () ~> ret getInput _139 ~> ret run () ~> call run () ~> call getInput () ~> call run () ~> call getInput () ~> ret getInput _239 ~> ret run () ~> ret getInput _280 )
#Or
  T ==K ( call run () ~> call getInput () ~> ret getInput _2 ~> ret run () ~> call run () ~> call getInput () ~> ret getInput _11 ~> ret run () ~> call run () ~> call getInput () ~> ret getInput _30 ~> ret run () ~> call run () ~> call getInput () ~> call run () ~> call getInput () ~> ret getInput _80 ~> ret run () ~> call run () ~> call getInput () ~> ret getInput _139 ~> ret run () ~> call run () ~> call getInput () ~> ret getInput _215 ~> ret run () ~> call run () ~> call getInput () ~> call run () ~> call getInput () ~> ret getInput _321 ~> ret run () ~> call run () ~> call getInput () ~> ret getInput _399 ~> ret run () ~> call run () ~> call getInput () ~> ret getInput _468 ~> ret run () ~> call run () ~> call getInput () ~> ret getInput _520 ~> ret run () ~> call run () ~> call getInput () ~> ret getInput _553 ~> ret run () ~> ret getInput _565 )
#Or
  T ==K ( call run () ~> call getInput () ~> ret getInput _2 ~> ret run () ~> call run () ~> call getInput () ~> ret getInput _11 ~> ret run () ~> call run () ~> call getInput () ~> ret getInput _30 ~> ret run () ~> call run () ~> call getInput () ~> call run () ~> call getInput () ~> ret getInput _80 ~> ret run () ~> call run () ~> call getInput () ~> ret getInput _139 ~> ret run () ~> call run () ~> call getInput () ~> ret getInput _215 ~> ret run () ~> call run () ~> call getInput () ~> call run () ~> call getInput () ~> ret getInput _321 ~> ret run () ~> call run () ~> call getInput () ~> ret getInput _399 ~> ret run () ~> call run () ~> call getInput () ~> ret getInput _468 ~> ret run () ~> call run () ~> call getInput () ~> ret getInput _520 ~> ret run () ~> ret getInput _540 )
#Or
  T ==K ( call run () ~> call getInput () ~> ret getInput _2 ~> ret run () ~> call run () ~> call getInput () ~> ret getInput _11 ~> ret run () ~> call run () ~> call getInput () ~> ret getInput _30 ~> ret run () ~> call run () ~> call getInput () ~> call run () ~> call getInput () ~> ret getInput _80 ~> ret run () ~> call run () ~> call getInput () ~> ret getInput _139 ~> ret run () ~> call run () ~> call getInput () ~> ret getInput _215 ~> ret run () ~> call run () ~> call getInput () ~> call run () ~> call getInput () ~> ret getInput _321 ~> ret run () ~> call run () ~> call getInput () ~> ret getInput _399 ~> ret run () ~> call run () ~> call getInput () ~> ret getInput _468 ~> ret run () ~> ret getInput _499 )
#Or
  T ==K ( call run () ~> call getInput () ~> ret getInput _2 ~> ret run () ~> call run () ~> call getInput () ~> ret getInput _11 ~> ret run () ~> call run () ~> call getInput () ~> ret getInput _30 ~> ret run () ~> call run () ~> call getInput () ~> call run () ~> call getInput () ~> ret getInput _80 ~> ret run () ~> call run () ~> call getInput () ~> ret getInput _139 ~> ret run () ~> call run () ~> call getInput () ~> ret getInput _215 ~> ret run () ~> call run () ~> call getInput () ~> call run () ~> call getInput () ~> ret getInput _321 ~> ret run () ~> call run () ~> call getInput () ~> ret getInput _399 ~> ret run () ~> ret getInput _438 )
#Or
  T ==K ( call run () ~> call getInput () ~> ret getInput _2 ~> ret run () ~> call run () ~> call getInput () ~> ret getInput _11 ~> ret run () ~> call run () ~> call getInput () ~> ret getInput _30 ~> ret run () ~> call run () ~> call getInput () ~> call run () ~> call getInput () ~> ret getInput _80 ~> ret run () ~> call run () ~> call getInput () ~> ret getInput _139 ~> ret run () ~> call run () ~> call getInput () ~> ret getInput _215 ~> ret run () ~> call run () ~> call getInput () ~> call run () ~> call getInput () ~> ret getInput _321 ~> ret run () ~> ret getInput _363 )
#Or
  T ==K ( call run () ~> call getInput () ~> ret getInput _2 ~> ret run () ~> call run () ~> call getInput () ~> ret getInput _11 ~> ret run () ~> call run () ~> call getInput () ~> ret getInput _30 ~> ret run () ~> call run () ~> call getInput () ~> call run () ~> call getInput () ~> ret getInput _80 ~> ret run () ~> call run () ~> call getInput () ~> ret getInput _139 ~> ret run () ~> call run () ~> call getInput () ~> ret getInput _215 ~> ret run () ~> call run () ~> call getInput () ~> ret getInput _298 ~> ret run () ~> call run () ~> call getInput () ~> call run () ~> call getInput () ~> ret getInput _400 ~> ret run () ~> call run () ~> call getInput () ~> ret getInput _469 ~> ret run () ~> call run () ~> call getInput () ~> ret getInput _521 ~> ret run () ~> call run () ~> call getInput () ~> ret getInput _554 ~> ret run () ~> call run () ~> call getInput () ~> ret getInput _573 ~> ret run () ~> ret getInput _579 )
#Or
  T ==K ( call run () ~> call getInput () ~> ret getInput _2 ~> ret run () ~> call run () ~> call getInput () ~> ret getInput _11 ~> ret run () ~> call run () ~> call getInput () ~> ret getInput _30 ~> ret run () ~> call run () ~> call getInput () ~> call run () ~> call getInput () ~> ret getInput _80 ~> ret run () ~> call run () ~> call getInput () ~> ret getInput _139 ~> ret run () ~> call run () ~> call getInput () ~> ret getInput _215 ~> ret run () ~> call run () ~> call getInput () ~> ret getInput _298 ~> ret run () ~> call run () ~> call getInput () ~> call run () ~> call getInput () ~> ret getInput _400 ~> ret run () ~> call run () ~> call getInput () ~> ret getInput _469 ~> ret run () ~> call run () ~> call getInput () ~> ret getInput _521 ~> ret run () ~> call run () ~> call getInput () ~> ret getInput _554 ~> ret run () ~> ret getInput _566 )
#Or
  T ==K ( call run () ~> call getInput () ~> ret getInput _2 ~> ret run () ~> call run () ~> call getInput () ~> ret getInput _11 ~> ret run () ~> call run () ~> call getInput () ~> ret getInput _30 ~> ret run () ~> call run () ~> call getInput () ~> call run () ~> call getInput () ~> ret getInput _80 ~> ret run () ~> call run () ~> call getInput () ~> ret getInput _139 ~> ret run () ~> call run () ~> call getInput () ~> ret getInput _215 ~> ret run () ~> call run () ~> call getInput () ~> ret getInput _298 ~> ret run () ~> call run () ~> call getInput () ~> call run () ~> call getInput () ~> ret getInput _400 ~> ret run () ~> call run () ~> call getInput () ~> ret getInput _469 ~> ret run () ~> call run () ~> call getInput () ~> ret getInput _521 ~> ret run () ~> ret getInput _541 )
#Or
  T ==K ( call run () ~> call getInput () ~> ret getInput _2 ~> ret run () ~> call run () ~> call getInput () ~> ret getInput _11 ~> ret run () ~> call run () ~> call getInput () ~> ret getInput _30 ~> ret run () ~> call run () ~> call getInput () ~> call run () ~> call getInput () ~> ret getInput _80 ~> ret run () ~> call run () ~> call getInput () ~> ret getInput _139 ~> ret run () ~> call run () ~> call getInput () ~> ret getInput _215 ~> ret run () ~> call run () ~> call getInput () ~> ret getInput _298 ~> ret run () ~> call run () ~> call getInput () ~> call run () ~> call getInput () ~> ret getInput _400 ~> ret run () ~> call run () ~> call getInput () ~> ret getInput _469 ~> ret run () ~> ret getInput _500 )
#Or
  T ==K ( call run () ~> call getInput () ~> ret getInput _2 ~> ret run () ~> call run () ~> call getInput () ~> ret getInput _11 ~> ret run () ~> call run () ~> call getInput () ~> ret getInput _30 ~> ret run () ~> call run () ~> call getInput () ~> call run () ~> call getInput () ~> ret getInput _80 ~> ret run () ~> call run () ~> call getInput () ~> ret getInput _139 ~> ret run () ~> call run () ~> call getInput () ~> ret getInput _215 ~> ret run () ~> call run () ~> call getInput () ~> ret getInput _298 ~> ret run () ~> call run () ~> call getInput () ~> call run () ~> call getInput () ~> ret getInput _400 ~> ret run () ~> ret getInput _439 )
#Or
  T ==K ( call run () ~> call getInput () ~> ret getInput _2 ~> ret run () ~> call run () ~> call getInput () ~> ret getInput _11 ~> ret run () ~> call run () ~> call getInput () ~> ret getInput _30 ~> ret run () ~> call run () ~> call getInput () ~> call run () ~> call getInput () ~> ret getInput _80 ~> ret run () ~> call run () ~> call getInput () ~> ret getInput _139 ~> ret run () ~> call run () ~> call getInput () ~> ret getInput _215 ~> ret run () ~> call run () ~> call getInput () ~> ret getInput _298 ~> ret run () ~> call run () ~> call getInput () ~> ret getInput _380 ~> ret run () ~> ret getInput _401 )
#Or
  T ==K ( call run () ~> call getInput () ~> ret getInput _2 ~> ret run () ~> call run () ~> call getInput () ~> ret getInput _11 ~> ret run () ~> call run () ~> call getInput () ~> ret getInput _30 ~> ret run () ~> call run () ~> call getInput () ~> call run () ~> call getInput () ~> ret getInput _80 ~> ret run () ~> call run () ~> call getInput () ~> ret getInput _139 ~> ret run () ~> call run () ~> call getInput () ~> ret getInput _215 ~> ret run () ~> call run () ~> call getInput () ~> ret getInput _298 ~> ret run () ~> ret getInput _322 )
#Or
  T ==K ( call run () ~> call getInput () ~> ret getInput _2 ~> ret run () ~> call run () ~> call getInput () ~> ret getInput _11 ~> ret run () ~> call run () ~> call getInput () ~> ret getInput _30 ~> ret run () ~> call run () ~> call getInput () ~> call run () ~> call getInput () ~> ret getInput _80 ~> ret run () ~> call run () ~> call getInput () ~> ret getInput _139 ~> ret run () ~> call run () ~> call getInput () ~> ret getInput _215 ~> ret run () ~> ret getInput _240 )
#Or
  T ==K ( call run () ~> call getInput () ~> ret getInput _2 ~> ret run () ~> call run () ~> call getInput () ~> ret getInput _11 ~> ret run () ~> call run () ~> call getInput () ~> ret getInput _30 ~> ret run () ~> call run () ~> call getInput () ~> call run () ~> call getInput () ~> ret getInput _80 ~> ret run () ~> call run () ~> call getInput () ~> ret getInput _139 ~> ret run () ~> ret getInput _163 )
#Or
  T ==K ( call run () ~> call getInput () ~> ret getInput _2 ~> ret run () ~> call run () ~> call getInput () ~> ret getInput _11 ~> ret run () ~> call run () ~> call getInput () ~> ret getInput _30 ~> ret run () ~> call run () ~> call getInput () ~> call run () ~> call getInput () ~> ret getInput _80 ~> ret run () ~> ret getInput _99 )
#Or
  T ==K ( call run () ~> call getInput () ~> ret getInput _2 ~> ret run () ~> call run () ~> call getInput () ~> ret getInput _11 ~> ret run () ~> call run () ~> call getInput () ~> ret getInput _30 ~> ret run () ~> call run () ~> call getInput () ~> ret getInput _63 ~> ret run () ~> call run () ~> call getInput () ~> call run () ~> call getInput () ~> call run () ~> call getInput () ~> ret getInput _164 ~> ret run () ~> call run () ~> call getInput () ~> ret getInput _241 ~> ret run () ~> call run () ~> call getInput () ~> ret getInput _323 ~> ret run () ~> call run () ~> call getInput () ~> ret getInput _402 ~> ret run () ~> call run () ~> call getInput () ~> ret getInput _470 ~> ret run () ~> ret getInput _501 )
#Or
  T ==K ( call run () ~> call getInput () ~> ret getInput _2 ~> ret run () ~> call run () ~> call getInput () ~> ret getInput _11 ~> ret run () ~> call run () ~> call getInput () ~> ret getInput _30 ~> ret run () ~> call run () ~> call getInput () ~> ret getInput _63 ~> ret run () ~> call run () ~> call getInput () ~> call run () ~> call getInput () ~> call run () ~> call getInput () ~> ret getInput _164 ~> ret run () ~> call run () ~> call getInput () ~> ret getInput _241 ~> ret run () ~> call run () ~> call getInput () ~> ret getInput _323 ~> ret run () ~> call run () ~> call getInput () ~> ret getInput _402 ~> ret run () ~> ret getInput _440 )
#Or
  T ==K ( call run () ~> call getInput () ~> ret getInput _2 ~> ret run () ~> call run () ~> call getInput () ~> ret getInput _11 ~> ret run () ~> call run () ~> call getInput () ~> ret getInput _30 ~> ret run () ~> call run () ~> call getInput () ~> ret getInput _63 ~> ret run () ~> call run () ~> call getInput () ~> call run () ~> call getInput () ~> call run () ~> call getInput () ~> ret getInput _164 ~> ret run () ~> call run () ~> call getInput () ~> ret getInput _241 ~> ret run () ~> call run () ~> call getInput () ~> ret getInput _323 ~> ret run () ~> ret getInput _364 )
#Or
  T ==K ( call run () ~> call getInput () ~> ret getInput _2 ~> ret run () ~> call run () ~> call getInput () ~> ret getInput _11 ~> ret run () ~> call run () ~> call getInput () ~> ret getInput _30 ~> ret run () ~> call run () ~> call getInput () ~> ret getInput _63 ~> ret run () ~> call run () ~> call getInput () ~> call run () ~> call getInput () ~> call run () ~> call getInput () ~> ret getInput _164 ~> ret run () ~> call run () ~> call getInput () ~> ret getInput _241 ~> ret run () ~> ret getInput _281 )
#Or
  T ==K ( call run () ~> call getInput () ~> ret getInput _2 ~> ret run () ~> call run () ~> call getInput () ~> ret getInput _11 ~> ret run () ~> call run () ~> call getInput () ~> ret getInput _30 ~> ret run () ~> call run () ~> call getInput () ~> ret getInput _63 ~> ret run () ~> call run () ~> call getInput () ~> call run () ~> call getInput () ~> call run () ~> call getInput () ~> ret getInput _164 ~> ret run () ~> ret getInput _199 )
#Or
  T ==K ( call run () ~> call getInput () ~> ret getInput _2 ~> ret run () ~> call run () ~> call getInput () ~> ret getInput _11 ~> ret run () ~> call run () ~> call getInput () ~> ret getInput _30 ~> ret run () ~> call run () ~> call getInput () ~> ret getInput _63 ~> ret run () ~> call run () ~> call getInput () ~> call run () ~> call getInput () ~> ret getInput _140 ~> ret run () ~> call run () ~> call getInput () ~> call run () ~> call getInput () ~> ret getInput _242 ~> ret run () ~> call run () ~> call getInput () ~> ret getInput _324 ~> ret run () ~> call run () ~> call getInput () ~> ret getInput _403 ~> ret run () ~> call run () ~> call getInput () ~> ret getInput _471 ~> ret run () ~> call run () ~> call getInput () ~> ret getInput _522 ~> ret run () ~> ret getInput _542 )
#Or
  T ==K ( call run () ~> call getInput () ~> ret getInput _2 ~> ret run () ~> call run () ~> call getInput () ~> ret getInput _11 ~> ret run () ~> call run () ~> call getInput () ~> ret getInput _30 ~> ret run () ~> call run () ~> call getInput () ~> ret getInput _63 ~> ret run () ~> call run () ~> call getInput () ~> call run () ~> call getInput () ~> ret getInput _140 ~> ret run () ~> call run () ~> call getInput () ~> call run () ~> call getInput () ~> ret getInput _242 ~> ret run () ~> call run () ~> call getInput () ~> ret getInput _324 ~> ret run () ~> call run () ~> call getInput () ~> ret getInput _403 ~> ret run () ~> call run () ~> call getInput () ~> ret getInput _471 ~> ret run () ~> ret getInput _502 )
#Or
  T ==K ( call run () ~> call getInput () ~> ret getInput _2 ~> ret run () ~> call run () ~> call getInput () ~> ret getInput _11 ~> ret run () ~> call run () ~> call getInput () ~> ret getInput _30 ~> ret run () ~> call run () ~> call getInput () ~> ret getInput _63 ~> ret run () ~> call run () ~> call getInput () ~> call run () ~> call getInput () ~> ret getInput _140 ~> ret run () ~> call run () ~> call getInput () ~> call run () ~> call getInput () ~> ret getInput _242 ~> ret run () ~> call run () ~> call getInput () ~> ret getInput _324 ~> ret run () ~> call run () ~> call getInput () ~> ret getInput _403 ~> ret run () ~> ret getInput _441 )
#Or
  T ==K ( call run () ~> call getInput () ~> ret getInput _2 ~> ret run () ~> call run () ~> call getInput () ~> ret getInput _11 ~> ret run () ~> call run () ~> call getInput () ~> ret getInput _30 ~> ret run () ~> call run () ~> call getInput () ~> ret getInput _63 ~> ret run () ~> call run () ~> call getInput () ~> call run () ~> call getInput () ~> ret getInput _140 ~> ret run () ~> call run () ~> call getInput () ~> call run () ~> call getInput () ~> ret getInput _242 ~> ret run () ~> call run () ~> call getInput () ~> ret getInput _324 ~> ret run () ~> ret getInput _365 )
#Or
  T ==K ( call run () ~> call getInput () ~> ret getInput _2 ~> ret run () ~> call run () ~> call getInput () ~> ret getInput _11 ~> ret run () ~> call run () ~> call getInput () ~> ret getInput _30 ~> ret run () ~> call run () ~> call getInput () ~> ret getInput _63 ~> ret run () ~> call run () ~> call getInput () ~> call run () ~> call getInput () ~> ret getInput _140 ~> ret run () ~> call run () ~> call getInput () ~> call run () ~> call getInput () ~> ret getInput _242 ~> ret run () ~> ret getInput _282 )
#Or
  T ==K ( call run () ~> call getInput () ~> ret getInput _2 ~> ret run () ~> call run () ~> call getInput () ~> ret getInput _11 ~> ret run () ~> call run () ~> call getInput () ~> ret getInput _30 ~> ret run () ~> call run () ~> call getInput () ~> ret getInput _63 ~> ret run () ~> call run () ~> call getInput () ~> call run () ~> call getInput () ~> ret getInput _140 ~> ret run () ~> call run () ~> call getInput () ~> ret getInput _217 ~> ret run () ~> call run () ~> call getInput () ~> call run () ~> call getInput () ~> ret getInput _325 ~> ret run () ~> call run () ~> call getInput () ~> ret getInput _404 ~> ret run () ~> call run () ~> call getInput () ~> ret getInput _472 ~> ret run () ~> call run () ~> call getInput () ~> ret getInput _523 ~> ret run () ~> call run () ~> call getInput () ~> ret getInput _555 ~> ret run () ~> ret getInput _567 )
#Or
  T ==K ( call run () ~> call getInput () ~> ret getInput _2 ~> ret run () ~> call run () ~> call getInput () ~> ret getInput _11 ~> ret run () ~> call run () ~> call getInput () ~> ret getInput _30 ~> ret run () ~> call run () ~> call getInput () ~> ret getInput _63 ~> ret run () ~> call run () ~> call getInput () ~> call run () ~> call getInput () ~> ret getInput _140 ~> ret run () ~> call run () ~> call getInput () ~> ret getInput _217 ~> ret run () ~> call run () ~> call getInput () ~> call run () ~> call getInput () ~> ret getInput _325 ~> ret run () ~> call run () ~> call getInput () ~> ret getInput _404 ~> ret run () ~> call run () ~> call getInput () ~> ret getInput _472 ~> ret run () ~> call run () ~> call getInput () ~> ret getInput _523 ~> ret run () ~> ret getInput _543 )
#Or
  T ==K ( call run () ~> call getInput () ~> ret getInput _2 ~> ret run () ~> call run () ~> call getInput () ~> ret getInput _11 ~> ret run () ~> call run () ~> call getInput () ~> ret getInput _30 ~> ret run () ~> call run () ~> call getInput () ~> ret getInput _63 ~> ret run () ~> call run () ~> call getInput () ~> call run () ~> call getInput () ~> ret getInput _140 ~> ret run () ~> call run () ~> call getInput () ~> ret getInput _217 ~> ret run () ~> call run () ~> call getInput () ~> call run () ~> call getInput () ~> ret getInput _325 ~> ret run () ~> call run () ~> call getInput () ~> ret getInput _404 ~> ret run () ~> call run () ~> call getInput () ~> ret getInput _472 ~> ret run () ~> ret getInput _503 )
#Or
  T ==K ( call run () ~> call getInput () ~> ret getInput _2 ~> ret run () ~> call run () ~> call getInput () ~> ret getInput _11 ~> ret run () ~> call run () ~> call getInput () ~> ret getInput _30 ~> ret run () ~> call run () ~> call getInput () ~> ret getInput _63 ~> ret run () ~> call run () ~> call getInput () ~> call run () ~> call getInput () ~> ret getInput _140 ~> ret run () ~> call run () ~> call getInput () ~> ret getInput _217 ~> ret run () ~> call run () ~> call getInput () ~> call run () ~> call getInput () ~> ret getInput _325 ~> ret run () ~> call run () ~> call getInput () ~> ret getInput _404 ~> ret run () ~> ret getInput _442 )
#Or
  T ==K ( call run () ~> call getInput () ~> ret getInput _2 ~> ret run () ~> call run () ~> call getInput () ~> ret getInput _11 ~> ret run () ~> call run () ~> call getInput () ~> ret getInput _30 ~> ret run () ~> call run () ~> call getInput () ~> ret getInput _63 ~> ret run () ~> call run () ~> call getInput () ~> call run () ~> call getInput () ~> ret getInput _140 ~> ret run () ~> call run () ~> call getInput () ~> ret getInput _217 ~> ret run () ~> call run () ~> call getInput () ~> call run () ~> call getInput () ~> ret getInput _325 ~> ret run () ~> ret getInput _366 )
#Or
  T ==K ( call run () ~> call getInput () ~> ret getInput _2 ~> ret run () ~> call run () ~> call getInput () ~> ret getInput _11 ~> ret run () ~> call run () ~> call getInput () ~> ret getInput _30 ~> ret run () ~> call run () ~> call getInput () ~> ret getInput _63 ~> ret run () ~> call run () ~> call getInput () ~> call run () ~> call getInput () ~> ret getInput _140 ~> ret run () ~> call run () ~> call getInput () ~> ret getInput _217 ~> ret run () ~> call run () ~> call getInput () ~> ret getInput _301 ~> ret run () ~> call run () ~> call getInput () ~> call run () ~> call getInput () ~> ret getInput _405 ~> ret run () ~> call run () ~> call getInput () ~> ret getInput _473 ~> ret run () ~> call run () ~> call getInput () ~> ret getInput _524 ~> ret run () ~> call run () ~> call getInput () ~> ret getInput _556 ~> ret run () ~> call run () ~> call getInput () ~> ret getInput _574 ~> ret run () ~> ret getInput _580 )
#Or
  T ==K ( call run () ~> call getInput () ~> ret getInput _2 ~> ret run () ~> call run () ~> call getInput () ~> ret getInput _11 ~> ret run () ~> call run () ~> call getInput () ~> ret getInput _30 ~> ret run () ~> call run () ~> call getInput () ~> ret getInput _63 ~> ret run () ~> call run () ~> call getInput () ~> call run () ~> call getInput () ~> ret getInput _140 ~> ret run () ~> call run () ~> call getInput () ~> ret getInput _217 ~> ret run () ~> call run () ~> call getInput () ~> ret getInput _301 ~> ret run () ~> call run () ~> call getInput () ~> call run () ~> call getInput () ~> ret getInput _405 ~> ret run () ~> call run () ~> call getInput () ~> ret getInput _473 ~> ret run () ~> call run () ~> call getInput () ~> ret getInput _524 ~> ret run () ~> call run () ~> call getInput () ~> ret getInput _556 ~> ret run () ~> ret getInput _568 )
#Or
  T ==K ( call run () ~> call getInput () ~> ret getInput _2 ~> ret run () ~> call run () ~> call getInput () ~> ret getInput _11 ~> ret run () ~> call run () ~> call getInput () ~> ret getInput _30 ~> ret run () ~> call run () ~> call getInput () ~> ret getInput _63 ~> ret run () ~> call run () ~> call getInput () ~> call run () ~> call getInput () ~> ret getInput _140 ~> ret run () ~> call run () ~> call getInput () ~> ret getInput _217 ~> ret run () ~> call run () ~> call getInput () ~> ret getInput _301 ~> ret run () ~> call run () ~> call getInput () ~> call run () ~> call getInput () ~> ret getInput _405 ~> ret run () ~> call run () ~> call getInput () ~> ret getInput _473 ~> ret run () ~> call run () ~> call getInput () ~> ret getInput _524 ~> ret run () ~> ret getInput _544 )
#Or
  T ==K ( call run () ~> call getInput () ~> ret getInput _2 ~> ret run () ~> call run () ~> call getInput () ~> ret getInput _11 ~> ret run () ~> call run () ~> call getInput () ~> ret getInput _30 ~> ret run () ~> call run () ~> call getInput () ~> ret getInput _63 ~> ret run () ~> call run () ~> call getInput () ~> call run () ~> call getInput () ~> ret getInput _140 ~> ret run () ~> call run () ~> call getInput () ~> ret getInput _217 ~> ret run () ~> call run () ~> call getInput () ~> ret getInput _301 ~> ret run () ~> call run () ~> call getInput () ~> call run () ~> call getInput () ~> ret getInput _405 ~> ret run () ~> call run () ~> call getInput () ~> ret getInput _473 ~> ret run () ~> ret getInput _504 )
#Or
  T ==K ( call run () ~> call getInput () ~> ret getInput _2 ~> ret run () ~> call run () ~> call getInput () ~> ret getInput _11 ~> ret run () ~> call run () ~> call getInput () ~> ret getInput _30 ~> ret run () ~> call run () ~> call getInput () ~> ret getInput _63 ~> ret run () ~> call run () ~> call getInput () ~> call run () ~> call getInput () ~> ret getInput _140 ~> ret run () ~> call run () ~> call getInput () ~> ret getInput _217 ~> ret run () ~> call run () ~> call getInput () ~> ret getInput _301 ~> ret run () ~> call run () ~> call getInput () ~> call run () ~> call getInput () ~> ret getInput _405 ~> ret run () ~> ret getInput _443 )
#Or
  T ==K ( call run () ~> call getInput () ~> ret getInput _2 ~> ret run () ~> call run () ~> call getInput () ~> ret getInput _11 ~> ret run () ~> call run () ~> call getInput () ~> ret getInput _30 ~> ret run () ~> call run () ~> call getInput () ~> ret getInput _63 ~> ret run () ~> call run () ~> call getInput () ~> call run () ~> call getInput () ~> ret getInput _140 ~> ret run () ~> call run () ~> call getInput () ~> ret getInput _217 ~> ret run () ~> call run () ~> call getInput () ~> ret getInput _301 ~> ret run () ~> call run () ~> call getInput () ~> ret getInput _384 ~> ret run () ~> call run () ~> call getInput () ~> call run () ~> call getInput () ~> ret getInput _474 ~> ret run () ~> call run () ~> call getInput () ~> ret getInput _525 ~> ret run () ~> call run () ~> call getInput () ~> ret getInput _557 ~> ret run () ~> call run () ~> call getInput () ~> ret getInput _575 ~> ret run () ~> call run () ~> call getInput () ~> ret getInput _583 ~> ret run () ~> ret getInput _585 )
#Or
  T ==K ( call run () ~> call getInput () ~> ret getInput _2 ~> ret run () ~> call run () ~> call getInput () ~> ret getInput _11 ~> ret run () ~> call run () ~> call getInput () ~> ret getInput _30 ~> ret run () ~> call run () ~> call getInput () ~> ret getInput _63 ~> ret run () ~> call run () ~> call getInput () ~> call run () ~> call getInput () ~> ret getInput _140 ~> ret run () ~> call run () ~> call getInput () ~> ret getInput _217 ~> ret run () ~> call run () ~> call getInput () ~> ret getInput _301 ~> ret run () ~> call run () ~> call getInput () ~> ret getInput _384 ~> ret run () ~> call run () ~> call getInput () ~> call run () ~> call getInput () ~> ret getInput _474 ~> ret run () ~> call run () ~> call getInput () ~> ret getInput _525 ~> ret run () ~> call run () ~> call getInput () ~> ret getInput _557 ~> ret run () ~> call run () ~> call getInput () ~> ret getInput _575 ~> ret run () ~> ret getInput _581 )
#Or
  T ==K ( call run () ~> call getInput () ~> ret getInput _2 ~> ret run () ~> call run () ~> call getInput () ~> ret getInput _11 ~> ret run () ~> call run () ~> call getInput () ~> ret getInput _30 ~> ret run () ~> call run () ~> call getInput () ~> ret getInput _63 ~> ret run () ~> call run () ~> call getInput () ~> call run () ~> call getInput () ~> ret getInput _140 ~> ret run () ~> call run () ~> call getInput () ~> ret getInput _217 ~> ret run () ~> call run () ~> call getInput () ~> ret getInput _301 ~> ret run () ~> call run () ~> call getInput () ~> ret getInput _384 ~> ret run () ~> call run () ~> call getInput () ~> call run () ~> call getInput () ~> ret getInput _474 ~> ret run () ~> call run () ~> call getInput () ~> ret getInput _525 ~> ret run () ~> call run () ~> call getInput () ~> ret getInput _557 ~> ret run () ~> ret getInput _569 )
#Or
  T ==K ( call run () ~> call getInput () ~> ret getInput _2 ~> ret run () ~> call run () ~> call getInput () ~> ret getInput _11 ~> ret run () ~> call run () ~> call getInput () ~> ret getInput _30 ~> ret run () ~> call run () ~> call getInput () ~> ret getInput _63 ~> ret run () ~> call run () ~> call getInput () ~> call run () ~> call getInput () ~> ret getInput _140 ~> ret run () ~> call run () ~> call getInput () ~> ret getInput _217 ~> ret run () ~> call run () ~> call getInput () ~> ret getInput _301 ~> ret run () ~> call run () ~> call getInput () ~> ret getInput _384 ~> ret run () ~> call run () ~> call getInput () ~> call run () ~> call getInput () ~> ret getInput _474 ~> ret run () ~> call run () ~> call getInput () ~> ret getInput _525 ~> ret run () ~> ret getInput _545 )
#Or
  T ==K ( call run () ~> call getInput () ~> ret getInput _2 ~> ret run () ~> call run () ~> call getInput () ~> ret getInput _11 ~> ret run () ~> call run () ~> call getInput () ~> ret getInput _30 ~> ret run () ~> call run () ~> call getInput () ~> ret getInput _63 ~> ret run () ~> call run () ~> call getInput () ~> call run () ~> call getInput () ~> ret getInput _140 ~> ret run () ~> call run () ~> call getInput () ~> ret getInput _217 ~> ret run () ~> call run () ~> call getInput () ~> ret getInput _301 ~> ret run () ~> call run () ~> call getInput () ~> ret getInput _384 ~> ret run () ~> call run () ~> call getInput () ~> call run () ~> call getInput () ~> ret getInput _474 ~> ret run () ~> ret getInput _505 )
#Or
  T ==K ( call run () ~> call getInput () ~> ret getInput _2 ~> ret run () ~> call run () ~> call getInput () ~> ret getInput _11 ~> ret run () ~> call run () ~> call getInput () ~> ret getInput _30 ~> ret run () ~> call run () ~> call getInput () ~> ret getInput _63 ~> ret run () ~> call run () ~> call getInput () ~> call run () ~> call getInput () ~> ret getInput _140 ~> ret run () ~> call run () ~> call getInput () ~> ret getInput _217 ~> ret run () ~> call run () ~> call getInput () ~> ret getInput _301 ~> ret run () ~> call run () ~> call getInput () ~> ret getInput _384 ~> ret run () ~> call run () ~> call getInput () ~> ret getInput _458 ~> ret run () ~> ret getInput _475 )
#Or
  T ==K ( call run () ~> call getInput () ~> ret getInput _2 ~> ret run () ~> call run () ~> call getInput () ~> ret getInput _11 ~> ret run () ~> call run () ~> call getInput () ~> ret getInput _30 ~> ret run () ~> call run () ~> call getInput () ~> ret getInput _63 ~> ret run () ~> call run () ~> call getInput () ~> call run () ~> call getInput () ~> ret getInput _140 ~> ret run () ~> call run () ~> call getInput () ~> ret getInput _217 ~> ret run () ~> call run () ~> call getInput () ~> ret getInput _301 ~> ret run () ~> call run () ~> call getInput () ~> ret getInput _384 ~> ret run () ~> ret getInput _406 )
#Or
  T ==K ( call run () ~> call getInput () ~> ret getInput _2 ~> ret run () ~> call run () ~> call getInput () ~> ret getInput _11 ~> ret run () ~> call run () ~> call getInput () ~> ret getInput _30 ~> ret run () ~> call run () ~> call getInput () ~> ret getInput _63 ~> ret run () ~> call run () ~> call getInput () ~> call run () ~> call getInput () ~> ret getInput _140 ~> ret run () ~> call run () ~> call getInput () ~> ret getInput _217 ~> ret run () ~> call run () ~> call getInput () ~> ret getInput _301 ~> ret run () ~> ret getInput _326 )
#Or
  T ==K ( call run () ~> call getInput () ~> ret getInput _2 ~> ret run () ~> call run () ~> call getInput () ~> ret getInput _11 ~> ret run () ~> call run () ~> call getInput () ~> ret getInput _30 ~> ret run () ~> call run () ~> call getInput () ~> ret getInput _63 ~> ret run () ~> call run () ~> call getInput () ~> call run () ~> call getInput () ~> ret getInput _140 ~> ret run () ~> call run () ~> call getInput () ~> ret getInput _217 ~> ret run () ~> ret getInput _243 )
#Or
  T ==K ( call run () ~> call getInput () ~> ret getInput _2 ~> ret run () ~> call run () ~> call getInput () ~> ret getInput _11 ~> ret run () ~> call run () ~> call getInput () ~> ret getInput _30 ~> ret run () ~> call run () ~> call getInput () ~> ret getInput _63 ~> ret run () ~> call run () ~> call getInput () ~> call run () ~> call getInput () ~> ret getInput _140 ~> ret run () ~> ret getInput _165 )

real	0m9.492s
user	0m28.508s
sys	0m0.741s
