  T ==K ( call run () ~> call getInput () ~> call run () ~> call getInput () ~> call run () ~> call getInput () ~> ret getInput _7 ~> ret run () ~> call run () ~> call getInput () ~> ret getInput _20 ~> ret run () ~> call run () ~> call getInput () ~> ret getInput _45 ~> ret run () ~> call run () ~> call getInput () ~> ret getInput _85 ~> ret run () ~> ret getInput _112 )
#Or
  T ==K ( call run () ~> call getInput () ~> call run () ~> call getInput () ~> call run () ~> call getInput () ~> ret getInput _7 ~> ret run () ~> call run () ~> call getInput () ~> ret getInput _20 ~> ret run () ~> call run () ~> call getInput () ~> ret getInput _45 ~> ret run () ~> ret getInput _65 )
#Or
  T ==K ( call run () ~> call getInput () ~> call run () ~> call getInput () ~> call run () ~> call getInput () ~> ret getInput _7 ~> ret run () ~> call run () ~> call getInput () ~> ret getInput _20 ~> ret run () ~> ret getInput _32 )
#Or
  T ==K ( call run () ~> call getInput () ~> call run () ~> call getInput () ~> call run () ~> call getInput () ~> ret getInput _7 ~> ret run () ~> ret getInput _13 )
#Or
  T ==K ( call run () ~> call getInput () ~> call run () ~> call getInput () ~> ret getInput _4 ~> ret run () ~> call run () ~> call getInput () ~> call run () ~> call getInput () ~> ret getInput _21 ~> ret run () ~> call run () ~> call getInput () ~> ret getInput _46 ~> ret run () ~> call run () ~> call getInput () ~> ret getInput _86 ~> ret run () ~> call run () ~> call getInput () ~> ret getInput _137 ~> ret run () ~> ret getInput _166 )
#Or
  T ==K ( call run () ~> call getInput () ~> call run () ~> call getInput () ~> ret getInput _4 ~> ret run () ~> call run () ~> call getInput () ~> call run () ~> call getInput () ~> ret getInput _21 ~> ret run () ~> call run () ~> call getInput () ~> ret getInput _46 ~> ret run () ~> call run () ~> call getInput () ~> ret getInput _86 ~> ret run () ~> ret getInput _113 )
#Or
  T ==K ( call run () ~> call getInput () ~> call run () ~> call getInput () ~> ret getInput _4 ~> ret run () ~> call run () ~> call getInput () ~> call run () ~> call getInput () ~> ret getInput _21 ~> ret run () ~> call run () ~> call getInput () ~> ret getInput _46 ~> ret run () ~> ret getInput _66 )
#Or
  T ==K ( call run () ~> call getInput () ~> call run () ~> call getInput () ~> ret getInput _4 ~> ret run () ~> call run () ~> call getInput () ~> call run () ~> call getInput () ~> ret getInput _21 ~> ret run () ~> ret getInput _33 )
#Or
  T ==K ( call run () ~> call getInput () ~> call run () ~> call getInput () ~> ret getInput _4 ~> ret run () ~> call run () ~> call getInput () ~> ret getInput _15 ~> ret run () ~> call run () ~> call getInput () ~> call run () ~> call getInput () ~> ret getInput _47 ~> ret run () ~> call run () ~> call getInput () ~> ret getInput _87 ~> ret run () ~> call run () ~> call getInput () ~> ret getInput _138 ~> ret run () ~> call run () ~> call getInput () ~> ret getInput _192 ~> ret run () ~> ret getInput _219 )
#Or
  T ==K ( call run () ~> call getInput () ~> call run () ~> call getInput () ~> ret getInput _4 ~> ret run () ~> call run () ~> call getInput () ~> ret getInput _15 ~> ret run () ~> call run () ~> call getInput () ~> call run () ~> call getInput () ~> ret getInput _47 ~> ret run () ~> call run () ~> call getInput () ~> ret getInput _87 ~> ret run () ~> call run () ~> call getInput () ~> ret getInput _138 ~> ret run () ~> ret getInput _167 )
#Or
  T ==K ( call run () ~> call getInput () ~> call run () ~> call getInput () ~> ret getInput _4 ~> ret run () ~> call run () ~> call getInput () ~> ret getInput _15 ~> ret run () ~> call run () ~> call getInput () ~> call run () ~> call getInput () ~> ret getInput _47 ~> ret run () ~> call run () ~> call getInput () ~> ret getInput _87 ~> ret run () ~> ret getInput _114 )
#Or
  T ==K ( call run () ~> call getInput () ~> call run () ~> call getInput () ~> ret getInput _4 ~> ret run () ~> call run () ~> call getInput () ~> ret getInput _15 ~> ret run () ~> call run () ~> call getInput () ~> call run () ~> call getInput () ~> ret getInput _47 ~> ret run () ~> ret getInput _67 )
#Or
  T ==K ( call run () ~> call getInput () ~> call run () ~> call getInput () ~> ret getInput _4 ~> ret run () ~> call run () ~> call getInput () ~> ret getInput _15 ~> ret run () ~> call run () ~> call getInput () ~> ret getInput _37 ~> ret run () ~> call run () ~> call getInput () ~> call run () ~> call getInput () ~> ret getInput _88 ~> ret run () ~> call run () ~> call getInput () ~> ret getInput _139 ~> ret run () ~> call run () ~> call getInput () ~> ret getInput _193 ~> ret run () ~> call run () ~> call getInput () ~> ret getInput _242 ~> ret run () ~> ret getInput _263 )
#Or
  T ==K ( call run () ~> call getInput () ~> call run () ~> call getInput () ~> ret getInput _4 ~> ret run () ~> call run () ~> call getInput () ~> ret getInput _15 ~> ret run () ~> call run () ~> call getInput () ~> ret getInput _37 ~> ret run () ~> call run () ~> call getInput () ~> call run () ~> call getInput () ~> ret getInput _88 ~> ret run () ~> call run () ~> call getInput () ~> ret getInput _139 ~> ret run () ~> call run () ~> call getInput () ~> ret getInput _193 ~> ret run () ~> ret getInput _220 )
#Or
  T ==K ( call run () ~> call getInput () ~> call run () ~> call getInput () ~> ret getInput _4 ~> ret run () ~> call run () ~> call getInput () ~> ret getInput _15 ~> ret run () ~> call run () ~> call getInput () ~> ret getInput _37 ~> ret run () ~> call run () ~> call getInput () ~> call run () ~> call getInput () ~> ret getInput _88 ~> ret run () ~> call run () ~> call getInput () ~> ret getInput _139 ~> ret run () ~> ret getInput _168 )
#Or
  T ==K ( call run () ~> call getInput () ~> call run () ~> call getInput () ~> ret getInput _4 ~> ret run () ~> call run () ~> call getInput () ~> ret getInput _15 ~> ret run () ~> call run () ~> call getInput () ~> ret getInput _37 ~> ret run () ~> call run () ~> call getInput () ~> call run () ~> call getInput () ~> ret getInput _88 ~> ret run () ~> ret getInput _115 )
#Or
  T ==K ( call run () ~> call getInput () ~> call run () ~> call getInput () ~> ret getInput _4 ~> ret run () ~> call run () ~> call getInput () ~> ret getInput _15 ~> ret run () ~> call run () ~> call getInput () ~> ret getInput _37 ~> ret run () ~> call run () ~> call getInput () ~> ret getInput _74 ~> ret run () ~> ret getInput _89 )
#Or
  T ==K ( call run () ~> call getInput () ~> call run () ~> call getInput () ~> ret getInput _4 ~> ret run () ~> call run () ~> call getInput () ~> ret getInput _15 ~> ret run () ~> call run () ~> call getInput () ~> ret getInput _37 ~> ret run () ~> ret getInput _48 )
#Or
  T ==K ( call run () ~> call getInput () ~> call run () ~> call getInput () ~> ret getInput _4 ~> ret run () ~> call run () ~> call getInput () ~> ret getInput _15 ~> ret run () ~> ret getInput _22 )
#Or
  T ==K ( call run () ~> call getInput () ~> call run () ~> call getInput () ~> ret getInput _4 ~> ret run () ~> ret getInput _8 )
#Or
  T ==K ( call run () ~> call getInput () ~> ret getInput _2 ~> ret run () ~> call run () ~> call getInput () ~> call run () ~> call getInput () ~> call run () ~> call getInput () ~> ret getInput _23 ~> ret run () ~> call run () ~> call getInput () ~> ret getInput _49 ~> ret run () ~> call run () ~> call getInput () ~> ret getInput _90 ~> ret run () ~> call run () ~> call getInput () ~> ret getInput _140 ~> ret run () ~> ret getInput _169 )
#Or
  T ==K ( call run () ~> call getInput () ~> ret getInput _2 ~> ret run () ~> call run () ~> call getInput () ~> call run () ~> call getInput () ~> call run () ~> call getInput () ~> ret getInput _23 ~> ret run () ~> call run () ~> call getInput () ~> ret getInput _49 ~> ret run () ~> call run () ~> call getInput () ~> ret getInput _90 ~> ret run () ~> ret getInput _116 )
#Or
  T ==K ( call run () ~> call getInput () ~> ret getInput _2 ~> ret run () ~> call run () ~> call getInput () ~> call run () ~> call getInput () ~> call run () ~> call getInput () ~> ret getInput _23 ~> ret run () ~> call run () ~> call getInput () ~> ret getInput _49 ~> ret run () ~> ret getInput _68 )
#Or
  T ==K ( call run () ~> call getInput () ~> ret getInput _2 ~> ret run () ~> call run () ~> call getInput () ~> call run () ~> call getInput () ~> call run () ~> call getInput () ~> ret getInput _23 ~> ret run () ~> ret getInput _34 )
#Or
  T ==K ( call run () ~> call getInput () ~> ret getInput _2 ~> ret run () ~> call run () ~> call getInput () ~> call run () ~> call getInput () ~> ret getInput _16 ~> ret run () ~> call run () ~> call getInput () ~> call run () ~> call getInput () ~> ret getInput _50 ~> ret run () ~> call run () ~> call getInput () ~> ret getInput _91 ~> ret run () ~> call run () ~> call getInput () ~> ret getInput _141 ~> ret run () ~> call run () ~> call getInput () ~> ret getInput _194 ~> ret run () ~> ret getInput _221 )
#Or
  T ==K ( call run () ~> call getInput () ~> ret getInput _2 ~> ret run () ~> call run () ~> call getInput () ~> call run () ~> call getInput () ~> ret getInput _16 ~> ret run () ~> call run () ~> call getInput () ~> call run () ~> call getInput () ~> ret getInput _50 ~> ret run () ~> call run () ~> call getInput () ~> ret getInput _91 ~> ret run () ~> call run () ~> call getInput () ~> ret getInput _141 ~> ret run () ~> ret getInput _170 )
#Or
  T ==K ( call run () ~> call getInput () ~> ret getInput _2 ~> ret run () ~> call run () ~> call getInput () ~> call run () ~> call getInput () ~> ret getInput _16 ~> ret run () ~> call run () ~> call getInput () ~> call run () ~> call getInput () ~> ret getInput _50 ~> ret run () ~> call run () ~> call getInput () ~> ret getInput _91 ~> ret run () ~> ret getInput _117 )
#Or
  T ==K ( call run () ~> call getInput () ~> ret getInput _2 ~> ret run () ~> call run () ~> call getInput () ~> call run () ~> call getInput () ~> ret getInput _16 ~> ret run () ~> call run () ~> call getInput () ~> call run () ~> call getInput () ~> ret getInput _50 ~> ret run () ~> ret getInput _69 )
#Or
  T ==K ( call run () ~> call getInput () ~> ret getInput _2 ~> ret run () ~> call run () ~> call getInput () ~> call run () ~> call getInput () ~> ret getInput _16 ~> ret run () ~> call run () ~> call getInput () ~> ret getInput _39 ~> ret run () ~> call run () ~> call getInput () ~> call run () ~> call getInput () ~> ret getInput _92 ~> ret run () ~> call run () ~> call getInput () ~> ret getInput _142 ~> ret run () ~> call run () ~> call getInput () ~> ret getInput _195 ~> ret run () ~> call run () ~> call getInput () ~> ret getInput _243 ~> ret run () ~> ret getInput _264 )
#Or
  T ==K ( call run () ~> call getInput () ~> ret getInput _2 ~> ret run () ~> call run () ~> call getInput () ~> call run () ~> call getInput () ~> ret getInput _16 ~> ret run () ~> call run () ~> call getInput () ~> ret getInput _39 ~> ret run () ~> call run () ~> call getInput () ~> call run () ~> call getInput () ~> ret getInput _92 ~> ret run () ~> call run () ~> call getInput () ~> ret getInput _142 ~> ret run () ~> call run () ~> call getInput () ~> ret getInput _195 ~> ret run () ~> ret getInput _222 )
#Or
  T ==K ( call run () ~> call getInput () ~> ret getInput _2 ~> ret run () ~> call run () ~> call getInput () ~> call run () ~> call getInput () ~> ret getInput _16 ~> ret run () ~> call run () ~> call getInput () ~> ret getInput _39 ~> ret run () ~> call run () ~> call getInput () ~> call run () ~> call getInput () ~> ret getInput _92 ~> ret run () ~> call run () ~> call getInput () ~> ret getInput _142 ~> ret run () ~> ret getInput _171 )
#Or
  T ==K ( call run () ~> call getInput () ~> ret getInput _2 ~> ret run () ~> call run () ~> call getInput () ~> call run () ~> call getInput () ~> ret getInput _16 ~> ret run () ~> call run () ~> call getInput () ~> ret getInput _39 ~> ret run () ~> call run () ~> call getInput () ~> call run () ~> call getInput () ~> ret getInput _92 ~> ret run () ~> ret getInput _118 )
#Or
  T ==K ( call run () ~> call getInput () ~> ret getInput _2 ~> ret run () ~> call run () ~> call getInput () ~> call run () ~> call getInput () ~> ret getInput _16 ~> ret run () ~> call run () ~> call getInput () ~> ret getInput _39 ~> ret run () ~> call run () ~> call getInput () ~> ret getInput _77 ~> ret run () ~> call run () ~> call getInput () ~> call run () ~> call getInput () ~> ret getInput _143 ~> ret run () ~> call run () ~> call getInput () ~> ret getInput _196 ~> ret run () ~> call run () ~> call getInput () ~> ret getInput _244 ~> ret run () ~> call run () ~> call getInput () ~> ret getInput _279 ~> ret run () ~> ret getInput _291 )
#Or
  T ==K ( call run () ~> call getInput () ~> ret getInput _2 ~> ret run () ~> call run () ~> call getInput () ~> call run () ~> call getInput () ~> ret getInput _16 ~> ret run () ~> call run () ~> call getInput () ~> ret getInput _39 ~> ret run () ~> call run () ~> call getInput () ~> ret getInput _77 ~> ret run () ~> call run () ~> call getInput () ~> call run () ~> call getInput () ~> ret getInput _143 ~> ret run () ~> call run () ~> call getInput () ~> ret getInput _196 ~> ret run () ~> call run () ~> call getInput () ~> ret getInput _244 ~> ret run () ~> ret getInput _265 )
#Or
  T ==K ( call run () ~> call getInput () ~> ret getInput _2 ~> ret run () ~> call run () ~> call getInput () ~> call run () ~> call getInput () ~> ret getInput _16 ~> ret run () ~> call run () ~> call getInput () ~> ret getInput _39 ~> ret run () ~> call run () ~> call getInput () ~> ret getInput _77 ~> ret run () ~> call run () ~> call getInput () ~> call run () ~> call getInput () ~> ret getInput _143 ~> ret run () ~> call run () ~> call getInput () ~> ret getInput _196 ~> ret run () ~> ret getInput _223 )
#Or
  T ==K ( call run () ~> call getInput () ~> ret getInput _2 ~> ret run () ~> call run () ~> call getInput () ~> call run () ~> call getInput () ~> ret getInput _16 ~> ret run () ~> call run () ~> call getInput () ~> ret getInput _39 ~> ret run () ~> call run () ~> call getInput () ~> ret getInput _77 ~> ret run () ~> call run () ~> call getInput () ~> call run () ~> call getInput () ~> ret getInput _143 ~> ret run () ~> ret getInput _172 )
#Or
  T ==K ( call run () ~> call getInput () ~> ret getInput _2 ~> ret run () ~> call run () ~> call getInput () ~> call run () ~> call getInput () ~> ret getInput _16 ~> ret run () ~> call run () ~> call getInput () ~> ret getInput _39 ~> ret run () ~> call run () ~> call getInput () ~> ret getInput _77 ~> ret run () ~> call run () ~> call getInput () ~> ret getInput _128 ~> ret run () ~> ret getInput _144 )
#Or
  T ==K ( call run () ~> call getInput () ~> ret getInput _2 ~> ret run () ~> call run () ~> call getInput () ~> call run () ~> call getInput () ~> ret getInput _16 ~> ret run () ~> call run () ~> call getInput () ~> ret getInput _39 ~> ret run () ~> call run () ~> call getInput () ~> ret getInput _77 ~> ret run () ~> ret getInput _93 )
#Or
  T ==K ( call run () ~> call getInput () ~> ret getInput _2 ~> ret run () ~> call run () ~> call getInput () ~> call run () ~> call getInput () ~> ret getInput _16 ~> ret run () ~> call run () ~> call getInput () ~> ret getInput _39 ~> ret run () ~> ret getInput _51 )
#Or
  T ==K ( call run () ~> call getInput () ~> ret getInput _2 ~> ret run () ~> call run () ~> call getInput () ~> call run () ~> call getInput () ~> ret getInput _16 ~> ret run () ~> ret getInput _24 )
#Or
  T ==K ( call run () ~> call getInput () ~> ret getInput _2 ~> ret run () ~> call run () ~> call getInput () ~> ret getInput _11 ~> ret run () ~> call run () ~> call getInput () ~> call run () ~> call getInput () ~> call run () ~> call getInput () ~> ret getInput _52 ~> ret run () ~> call run () ~> call getInput () ~> ret getInput _94 ~> ret run () ~> call run () ~> call getInput () ~> ret getInput _145 ~> ret run () ~> call run () ~> call getInput () ~> ret getInput _197 ~> ret run () ~> ret getInput _224 )
#Or
  T ==K ( call run () ~> call getInput () ~> ret getInput _2 ~> ret run () ~> call run () ~> call getInput () ~> ret getInput _11 ~> ret run () ~> call run () ~> call getInput () ~> call run () ~> call getInput () ~> call run () ~> call getInput () ~> ret getInput _52 ~> ret run () ~> call run () ~> call getInput () ~> ret getInput _94 ~> ret run () ~> call run () ~> call getInput () ~> ret getInput _145 ~> ret run () ~> ret getInput _173 )
#Or
  T ==K ( call run () ~> call getInput () ~> ret getInput _2 ~> ret run () ~> call run () ~> call getInput () ~> ret getInput _11 ~> ret run () ~> call run () ~> call getInput () ~> call run () ~> call getInput () ~> call run () ~> call getInput () ~> ret getInput _52 ~> ret run () ~> call run () ~> call getInput () ~> ret getInput _94 ~> ret run () ~> ret getInput _119 )
#Or
  T ==K ( call run () ~> call getInput () ~> ret getInput _2 ~> ret run () ~> call run () ~> call getInput () ~> ret getInput _11 ~> ret run () ~> call run () ~> call getInput () ~> call run () ~> call getInput () ~> call run () ~> call getInput () ~> ret getInput _52 ~> ret run () ~> ret getInput _70 )
#Or
  T ==K ( call run () ~> call getInput () ~> ret getInput _2 ~> ret run () ~> call run () ~> call getInput () ~> ret getInput _11 ~> ret run () ~> call run () ~> call getInput () ~> call run () ~> call getInput () ~> ret getInput _40 ~> ret run () ~> call run () ~> call getInput () ~> call run () ~> call getInput () ~> ret getInput _95 ~> ret run () ~> call run () ~> call getInput () ~> ret getInput _146 ~> ret run () ~> call run () ~> call getInput () ~> ret getInput _198 ~> ret run () ~> call run () ~> call getInput () ~> ret getInput _245 ~> ret run () ~> ret getInput _266 )
#Or
  T ==K ( call run () ~> call getInput () ~> ret getInput _2 ~> ret run () ~> call run () ~> call getInput () ~> ret getInput _11 ~> ret run () ~> call run () ~> call getInput () ~> call run () ~> call getInput () ~> ret getInput _40 ~> ret run () ~> call run () ~> call getInput () ~> call run () ~> call getInput () ~> ret getInput _95 ~> ret run () ~> call run () ~> call getInput () ~> ret getInput _146 ~> ret run () ~> call run () ~> call getInput () ~> ret getInput _198 ~> ret run () ~> ret getInput _225 )
#Or
  T ==K ( call run () ~> call getInput () ~> ret getInput _2 ~> ret run () ~> call run () ~> call getInput () ~> ret getInput _11 ~> ret run () ~> call run () ~> call getInput () ~> call run () ~> call getInput () ~> ret getInput _40 ~> ret run () ~> call run () ~> call getInput () ~> call run () ~> call getInput () ~> ret getInput _95 ~> ret run () ~> call run () ~> call getInput () ~> ret getInput _146 ~> ret run () ~> ret getInput _174 )
#Or
  T ==K ( call run () ~> call getInput () ~> ret getInput _2 ~> ret run () ~> call run () ~> call getInput () ~> ret getInput _11 ~> ret run () ~> call run () ~> call getInput () ~> call run () ~> call getInput () ~> ret getInput _40 ~> ret run () ~> call run () ~> call getInput () ~> call run () ~> call getInput () ~> ret getInput _95 ~> ret run () ~> ret getInput _120 )
#Or
  T ==K ( call run () ~> call getInput () ~> ret getInput _2 ~> ret run () ~> call run () ~> call getInput () ~> ret getInput _11 ~> ret run () ~> call run () ~> call getInput () ~> call run () ~> call getInput () ~> ret getInput _40 ~> ret run () ~> call run () ~> call getInput () ~> ret getInput _79 ~> ret run () ~> call run () ~> call getInput () ~> call run () ~> call getInput () ~> ret getInput _147 ~> ret run () ~> call run () ~> call getInput () ~> ret getInput _199 ~> ret run () ~> call run () ~> call getInput () ~> ret getInput _246 ~> ret run () ~> call run () ~> call getInput () ~> ret getInput _280 ~> ret run () ~> ret getInput _292 )
#Or
  T ==K ( call run () ~> call getInput () ~> ret getInput _2 ~> ret run () ~> call run () ~> call getInput () ~> ret getInput _11 ~> ret run () ~> call run () ~> call getInput () ~> call run () ~> call getInput () ~> ret getInput _40 ~> ret run () ~> call run () ~> call getInput () ~> ret getInput _79 ~> ret run () ~> call run () ~> call getInput () ~> call run () ~> call getInput () ~> ret getInput _147 ~> ret run () ~> call run () ~> call getInput () ~> ret getInput _199 ~> ret run () ~> call run () ~> call getInput () ~> ret getInput _246 ~> ret run () ~> ret getInput _267 )
#Or
  T ==K ( call run () ~> call getInput () ~> ret getInput _2 ~> ret run () ~> call run () ~> call getInput () ~> ret getInput _11 ~> ret run () ~> call run () ~> call getInput () ~> call run () ~> call getInput () ~> ret getInput _40 ~> ret run () ~> call run () ~> call getInput () ~> ret getInput _79 ~> ret run () ~> call run () ~> call getInput () ~> call run () ~> call getInput () ~> ret getInput _147 ~> ret run () ~> call run () ~> call getInput () ~> ret getInput _199 ~> ret run () ~> ret getInput _226 )
#Or
  T ==K ( call run () ~> call getInput () ~> ret getInput _2 ~> ret run () ~> call run () ~> call getInput () ~> ret getInput _11 ~> ret run () ~> call run () ~> call getInput () ~> call run () ~> call getInput () ~> ret getInput _40 ~> ret run () ~> call run () ~> call getInput () ~> ret getInput _79 ~> ret run () ~> call run () ~> call getInput () ~> call run () ~> call getInput () ~> ret getInput _147 ~> ret run () ~> ret getInput _175 )
#Or
  T ==K ( call run () ~> call getInput () ~> ret getInput _2 ~> ret run () ~> call run () ~> call getInput () ~> ret getInput _11 ~> ret run () ~> call run () ~> call getInput () ~> call run () ~> call getInput () ~> ret getInput _40 ~> ret run () ~> call run () ~> call getInput () ~> ret getInput _79 ~> ret run () ~> call run () ~> call getInput () ~> ret getInput _131 ~> ret run () ~> call run () ~> call getInput () ~> call run () ~> call getInput () ~> ret getInput _200 ~> ret run () ~> call run () ~> call getInput () ~> ret getInput _247 ~> ret run () ~> call run () ~> call getInput () ~> ret getInput _281 ~> ret run () ~> call run () ~> call getInput () ~> ret getInput _300 ~> ret run () ~> ret getInput _306 )
#Or
  T ==K ( call run () ~> call getInput () ~> ret getInput _2 ~> ret run () ~> call run () ~> call getInput () ~> ret getInput _11 ~> ret run () ~> call run () ~> call getInput () ~> call run () ~> call getInput () ~> ret getInput _40 ~> ret run () ~> call run () ~> call getInput () ~> ret getInput _79 ~> ret run () ~> call run () ~> call getInput () ~> ret getInput _131 ~> ret run () ~> call run () ~> call getInput () ~> call run () ~> call getInput () ~> ret getInput _200 ~> ret run () ~> call run () ~> call getInput () ~> ret getInput _247 ~> ret run () ~> call run () ~> call getInput () ~> ret getInput _281 ~> ret run () ~> ret getInput _293 )
#Or
  T ==K ( call run () ~> call getInput () ~> ret getInput _2 ~> ret run () ~> call run () ~> call getInput () ~> ret getInput _11 ~> ret run () ~> call run () ~> call getInput () ~> call run () ~> call getInput () ~> ret getInput _40 ~> ret run () ~> call run () ~> call getInput () ~> ret getInput _79 ~> ret run () ~> call run () ~> call getInput () ~> ret getInput _131 ~> ret run () ~> call run () ~> call getInput () ~> call run () ~> call getInput () ~> ret getInput _200 ~> ret run () ~> call run () ~> call getInput () ~> ret getInput _247 ~> ret run () ~> ret getInput _268 )
#Or
  T ==K ( call run () ~> call getInput () ~> ret getInput _2 ~> ret run () ~> call run () ~> call getInput () ~> ret getInput _11 ~> ret run () ~> call run () ~> call getInput () ~> call run () ~> call getInput () ~> ret getInput _40 ~> ret run () ~> call run () ~> call getInput () ~> ret getInput _79 ~> ret run () ~> call run () ~> call getInput () ~> ret getInput _131 ~> ret run () ~> call run () ~> call getInput () ~> call run () ~> call getInput () ~> ret getInput _200 ~> ret run () ~> ret getInput _227 )
#Or
  T ==K ( call run () ~> call getInput () ~> ret getInput _2 ~> ret run () ~> call run () ~> call getInput () ~> ret getInput _11 ~> ret run () ~> call run () ~> call getInput () ~> call run () ~> call getInput () ~> ret getInput _40 ~> ret run () ~> call run () ~> call getInput () ~> ret getInput _79 ~> ret run () ~> call run () ~> call getInput () ~> ret getInput _131 ~> ret run () ~> call run () ~> call getInput () ~> ret getInput _186 ~> ret run () ~> ret getInput _201 )
#Or
  T ==K ( call run () ~> call getInput () ~> ret getInput _2 ~> ret run () ~> call run () ~> call getInput () ~> ret getInput _11 ~> ret run () ~> call run () ~> call getInput () ~> call run () ~> call getInput () ~> ret getInput _40 ~> ret run () ~> call run () ~> call getInput () ~> ret getInput _79 ~> ret run () ~> call run () ~> call getInput () ~> ret getInput _131 ~> ret run () ~> ret getInput _148 )
#Or
  T ==K ( call run () ~> call getInput () ~> ret getInput _2 ~> ret run () ~> call run () ~> call getInput () ~> ret getInput _11 ~> ret run () ~> call run () ~> call getInput () ~> call run () ~> call getInput () ~> ret getInput _40 ~> ret run () ~> call run () ~> call getInput () ~> ret getInput _79 ~> ret run () ~> ret getInput _96 )
#Or
  T ==K ( call run () ~> call getInput () ~> ret getInput _2 ~> ret run () ~> call run () ~> call getInput () ~> ret getInput _11 ~> ret run () ~> call run () ~> call getInput () ~> call run () ~> call getInput () ~> ret getInput _40 ~> ret run () ~> ret getInput _53 )
#Or
  T ==K ( call run () ~> call getInput () ~> ret getInput _2 ~> ret run () ~> call run () ~> call getInput () ~> ret getInput _11 ~> ret run () ~> call run () ~> call getInput () ~> ret getInput _30 ~> ret run () ~> call run () ~> call getInput () ~> call run () ~> call getInput () ~> call run () ~> call getInput () ~> ret getInput _97 ~> ret run () ~> call run () ~> call getInput () ~> ret getInput _149 ~> ret run () ~> call run () ~> call getInput () ~> ret getInput _202 ~> ret run () ~> call run () ~> call getInput () ~> ret getInput _248 ~> ret run () ~> ret getInput _269 )
#Or
  T ==K ( call run () ~> call getInput () ~> ret getInput _2 ~> ret run () ~> call run () ~> call getInput () ~> ret getInput _11 ~> ret run () ~> call run () ~> call getInput () ~> ret getInput _30 ~> ret run () ~> call run () ~> call getInput () ~> call run () ~> call getInput () ~> call run () ~> call getInput () ~> ret getInput _97 ~> ret run () ~> call run () ~> call getInput () ~> ret getInput _149 ~> ret run () ~> call run () ~> call getInput () ~> ret getInput _202 ~> ret run () ~> ret getInput _228 )
#Or
  T ==K ( call run () ~> call getInput () ~> ret getInput _2 ~> ret run () ~> call run () ~> call getInput () ~> ret getInput _11 ~> ret run () ~> call run () ~> call getInput () ~> ret getInput _30 ~> ret run () ~> call run () ~> call getInput () ~> call run () ~> call getInput () ~> call run () ~> call getInput () ~> ret getInput _97 ~> ret run () ~> call run () ~> call getInput () ~> ret getInput _149 ~> ret run () ~> ret getInput _176 )
#Or
  T ==K ( call run () ~> call getInput () ~> ret getInput _2 ~> ret run () ~> call run () ~> call getInput () ~> ret getInput _11 ~> ret run () ~> call run () ~> call getInput () ~> ret getInput _30 ~> ret run () ~> call run () ~> call getInput () ~> call run () ~> call getInput () ~> call run () ~> call getInput () ~> ret getInput _97 ~> ret run () ~> ret getInput _121 )
#Or
  T ==K ( call run () ~> call getInput () ~> ret getInput _2 ~> ret run () ~> call run () ~> call getInput () ~> ret getInput _11 ~> ret run () ~> call run () ~> call getInput () ~> ret getInput _30 ~> ret run () ~> call run () ~> call getInput () ~> call run () ~> call getInput () ~> ret getInput _80 ~> ret run () ~> call run () ~> call getInput () ~> call run () ~> call getInput () ~> ret getInput _150 ~> ret run () ~> call run () ~> call getInput () ~> ret getInput _203 ~> ret run () ~> call run () ~> call getInput () ~> ret getInput _249 ~> ret run () ~> call run () ~> call getInput () ~> ret getInput _282 ~> ret run () ~> ret getInput _294 )
#Or
  T ==K ( call run () ~> call getInput () ~> ret getInput _2 ~> ret run () ~> call run () ~> call getInput () ~> ret getInput _11 ~> ret run () ~> call run () ~> call getInput () ~> ret getInput _30 ~> ret run () ~> call run () ~> call getInput () ~> call run () ~> call getInput () ~> ret getInput _80 ~> ret run () ~> call run () ~> call getInput () ~> call run () ~> call getInput () ~> ret getInput _150 ~> ret run () ~> call run () ~> call getInput () ~> ret getInput _203 ~> ret run () ~> call run () ~> call getInput () ~> ret getInput _249 ~> ret run () ~> ret getInput _270 )
#Or
  T ==K ( call run () ~> call getInput () ~> ret getInput _2 ~> ret run () ~> call run () ~> call getInput () ~> ret getInput _11 ~> ret run () ~> call run () ~> call getInput () ~> ret getInput _30 ~> ret run () ~> call run () ~> call getInput () ~> call run () ~> call getInput () ~> ret getInput _80 ~> ret run () ~> call run () ~> call getInput () ~> call run () ~> call getInput () ~> ret getInput _150 ~> ret run () ~> call run () ~> call getInput () ~> ret getInput _203 ~> ret run () ~> ret getInput _229 )
#Or
  T ==K ( call run () ~> call getInput () ~> ret getInput _2 ~> ret run () ~> call run () ~> call getInput () ~> ret getInput _11 ~> ret run () ~> call run () ~> call getInput () ~> ret getInput _30 ~> ret run () ~> call run () ~> call getInput () ~> call run () ~> call getInput () ~> ret getInput _80 ~> ret run () ~> call run () ~> call getInput () ~> call run () ~> call getInput () ~> ret getInput _150 ~> ret run () ~> ret getInput _177 )
#Or
  T ==K ( call run () ~> call getInput () ~> ret getInput _2 ~> ret run () ~> call run () ~> call getInput () ~> ret getInput _11 ~> ret run () ~> call run () ~> call getInput () ~> ret getInput _30 ~> ret run () ~> call run () ~> call getInput () ~> call run () ~> call getInput () ~> ret getInput _80 ~> ret run () ~> call run () ~> call getInput () ~> ret getInput _133 ~> ret run () ~> call run () ~> call getInput () ~> call run () ~> call getInput () ~> ret getInput _204 ~> ret run () ~> call run () ~> call getInput () ~> ret getInput _250 ~> ret run () ~> call run () ~> call getInput () ~> ret getInput _283 ~> ret run () ~> call run () ~> call getInput () ~> ret getInput _301 ~> ret run () ~> ret getInput _307 )
#Or
  T ==K ( call run () ~> call getInput () ~> ret getInput _2 ~> ret run () ~> call run () ~> call getInput () ~> ret getInput _11 ~> ret run () ~> call run () ~> call getInput () ~> ret getInput _30 ~> ret run () ~> call run () ~> call getInput () ~> call run () ~> call getInput () ~> ret getInput _80 ~> ret run () ~> call run () ~> call getInput () ~> ret getInput _133 ~> ret run () ~> call run () ~> call getInput () ~> call run () ~> call getInput () ~> ret getInput _204 ~> ret run () ~> call run () ~> call getInput () ~> ret getInput _250 ~> ret run () ~> call run () ~> call getInput () ~> ret getInput _283 ~> ret run () ~> ret getInput _295 )
#Or
  T ==K ( call run () ~> call getInput () ~> ret getInput _2 ~> ret run () ~> call run () ~> call getInput () ~> ret getInput _11 ~> ret run () ~> call run () ~> call getInput () ~> ret getInput _30 ~> ret run () ~> call run () ~> call getInput () ~> call run () ~> call getInput () ~> ret getInput _80 ~> ret run () ~> call run () ~> call getInput () ~> ret getInput _133 ~> ret run () ~> call run () ~> call getInput () ~> call run () ~> call getInput () ~> ret getInput _204 ~> ret run () ~> call run () ~> call getInput () ~> ret getInput _250 ~> ret run () ~> ret getInput _271 )
#Or
  T ==K ( call run () ~> call getInput () ~> ret getInput _2 ~> ret run () ~> call run () ~> call getInput () ~> ret getInput _11 ~> ret run () ~> call run () ~> call getInput () ~> ret getInput _30 ~> ret run () ~> call run () ~> call getInput () ~> call run () ~> call getInput () ~> ret getInput _80 ~> ret run () ~> call run () ~> call getInput () ~> ret getInput _133 ~> ret run () ~> call run () ~> call getInput () ~> call run () ~> call getInput () ~> ret getInput _204 ~> ret run () ~> ret getInput _230 )
#Or
  T ==K ( call run () ~> call getInput () ~> ret getInput _2 ~> ret run () ~> call run () ~> call getInput () ~> ret getInput _11 ~> ret run () ~> call run () ~> call getInput () ~> ret getInput _30 ~> ret run () ~> call run () ~> call getInput () ~> call run () ~> call getInput () ~> ret getInput _80 ~> ret run () ~> call run () ~> call getInput () ~> ret getInput _133 ~> ret run () ~> call run () ~> call getInput () ~> ret getInput _189 ~> ret run () ~> call run () ~> call getInput () ~> call run () ~> call getInput () ~> ret getInput _251 ~> ret run () ~> call run () ~> call getInput () ~> ret getInput _284 ~> ret run () ~> call run () ~> call getInput () ~> ret getInput _302 ~> ret run () ~> call run () ~> call getInput () ~> ret getInput _310 ~> ret run () ~> ret getInput _312 )
#Or
  T ==K ( call run () ~> call getInput () ~> ret getInput _2 ~> ret run () ~> call run () ~> call getInput () ~> ret getInput _11 ~> ret run () ~> call run () ~> call getInput () ~> ret getInput _30 ~> ret run () ~> call run () ~> call getInput () ~> call run () ~> call getInput () ~> ret getInput _80 ~> ret run () ~> call run () ~> call getInput () ~> ret getInput _133 ~> ret run () ~> call run () ~> call getInput () ~> ret getInput _189 ~> ret run () ~> call run () ~> call getInput () ~> call run () ~> call getInput () ~> ret getInput _251 ~> ret run () ~> call run () ~> call getInput () ~> ret getInput _284 ~> ret run () ~> call run () ~> call getInput () ~> ret getInput _302 ~> ret run () ~> ret getInput _308 )
#Or
  T ==K ( call run () ~> call getInput () ~> ret getInput _2 ~> ret run () ~> call run () ~> call getInput () ~> ret getInput _11 ~> ret run () ~> call run () ~> call getInput () ~> ret getInput _30 ~> ret run () ~> call run () ~> call getInput () ~> call run () ~> call getInput () ~> ret getInput _80 ~> ret run () ~> call run () ~> call getInput () ~> ret getInput _133 ~> ret run () ~> call run () ~> call getInput () ~> ret getInput _189 ~> ret run () ~> call run () ~> call getInput () ~> call run () ~> call getInput () ~> ret getInput _251 ~> ret run () ~> call run () ~> call getInput () ~> ret getInput _284 ~> ret run () ~> ret getInput _296 )
#Or
  T ==K ( call run () ~> call getInput () ~> ret getInput _2 ~> ret run () ~> call run () ~> call getInput () ~> ret getInput _11 ~> ret run () ~> call run () ~> call getInput () ~> ret getInput _30 ~> ret run () ~> call run () ~> call getInput () ~> call run () ~> call getInput () ~> ret getInput _80 ~> ret run () ~> call run () ~> call getInput () ~> ret getInput _133 ~> ret run () ~> call run () ~> call getInput () ~> ret getInput _189 ~> ret run () ~> call run () ~> call getInput () ~> call run () ~> call getInput () ~> ret getInput _251 ~> ret run () ~> ret getInput _272 )
#Or
  T ==K ( call run () ~> call getInput () ~> ret getInput _2 ~> ret run () ~> call run () ~> call getInput () ~> ret getInput _11 ~> ret run () ~> call run () ~> call getInput () ~> ret getInput _30 ~> ret run () ~> call run () ~> call getInput () ~> call run () ~> call getInput () ~> ret getInput _80 ~> ret run () ~> call run () ~> call getInput () ~> ret getInput _133 ~> ret run () ~> call run () ~> call getInput () ~> ret getInput _189 ~> ret run () ~> call run () ~> call getInput () ~> ret getInput _240 ~> ret run () ~> ret getInput _252 )
#Or
  T ==K ( call run () ~> call getInput () ~> ret getInput _2 ~> ret run () ~> call run () ~> call getInput () ~> ret getInput _11 ~> ret run () ~> call run () ~> call getInput () ~> ret getInput _30 ~> ret run () ~> call run () ~> call getInput () ~> call run () ~> call getInput () ~> ret getInput _80 ~> ret run () ~> call run () ~> call getInput () ~> ret getInput _133 ~> ret run () ~> call run () ~> call getInput () ~> ret getInput _189 ~> ret run () ~> ret getInput _205 )
#Or
  T ==K ( call run () ~> call getInput () ~> ret getInput _2 ~> ret run () ~> call run () ~> call getInput () ~> ret getInput _11 ~> ret run () ~> call run () ~> call getInput () ~> ret getInput _30 ~> ret run () ~> call run () ~> call getInput () ~> call run () ~> call getInput () ~> ret getInput _80 ~> ret run () ~> call run () ~> call getInput () ~> ret getInput _133 ~> ret run () ~> ret getInput _151 )
#Or
  T ==K ( call run () ~> call getInput () ~> ret getInput _2 ~> ret run () ~> call run () ~> call getInput () ~> ret getInput _11 ~> ret run () ~> call run () ~> call getInput () ~> ret getInput _30 ~> ret run () ~> call run () ~> call getInput () ~> call run () ~> call getInput () ~> ret getInput _80 ~> ret run () ~> ret getInput _98 )

real	0m7.749s
user	0m24.078s
sys	0m0.674s
