  T ==K ( call run () ~> call getInput () ~> call run () ~> call getInput () ~> call run () ~> call getInput () ~> call run () ~> call getInput () ~> ret getInput _13 ~> ret run () ~> call run () ~> call getInput () ~> ret getInput _36 ~> ret run () ~> call run () ~> call getInput () ~> ret getInput _81 ~> ret run () ~> ret getInput _116 )
#Or
  T ==K ( call run () ~> call getInput () ~> call run () ~> call getInput () ~> call run () ~> call getInput () ~> call run () ~> call getInput () ~> ret getInput _13 ~> ret run () ~> call run () ~> call getInput () ~> ret getInput _36 ~> ret run () ~> ret getInput _56 )
#Or
  T ==K ( call run () ~> call getInput () ~> call run () ~> call getInput () ~> call run () ~> call getInput () ~> call run () ~> call getInput () ~> ret getInput _13 ~> ret run () ~> ret getInput _22 )
#Or
  T ==K ( call run () ~> call getInput () ~> call run () ~> call getInput () ~> call run () ~> call getInput () ~> ret getInput _7 ~> ret run () ~> call run () ~> call getInput () ~> call run () ~> call getInput () ~> ret getInput _37 ~> ret run () ~> call run () ~> call getInput () ~> ret getInput _82 ~> ret run () ~> call run () ~> call getInput () ~> ret getInput _152 ~> ret run () ~> ret getInput _198 )
#Or
  T ==K ( call run () ~> call getInput () ~> call run () ~> call getInput () ~> call run () ~> call getInput () ~> ret getInput _7 ~> ret run () ~> call run () ~> call getInput () ~> call run () ~> call getInput () ~> ret getInput _37 ~> ret run () ~> call run () ~> call getInput () ~> ret getInput _82 ~> ret run () ~> ret getInput _117 )
#Or
  T ==K ( call run () ~> call getInput () ~> call run () ~> call getInput () ~> call run () ~> call getInput () ~> ret getInput _7 ~> ret run () ~> call run () ~> call getInput () ~> call run () ~> call getInput () ~> ret getInput _37 ~> ret run () ~> ret getInput _57 )
#Or
  T ==K ( call run () ~> call getInput () ~> call run () ~> call getInput () ~> call run () ~> call getInput () ~> ret getInput _7 ~> ret run () ~> call run () ~> call getInput () ~> ret getInput _24 ~> ret run () ~> call run () ~> call getInput () ~> call run () ~> call getInput () ~> ret getInput _83 ~> ret run () ~> call run () ~> call getInput () ~> ret getInput _153 ~> ret run () ~> call run () ~> call getInput () ~> ret getInput _240 ~> ret run () ~> ret getInput _287 )
#Or
  T ==K ( call run () ~> call getInput () ~> call run () ~> call getInput () ~> call run () ~> call getInput () ~> ret getInput _7 ~> ret run () ~> call run () ~> call getInput () ~> ret getInput _24 ~> ret run () ~> call run () ~> call getInput () ~> call run () ~> call getInput () ~> ret getInput _83 ~> ret run () ~> call run () ~> call getInput () ~> ret getInput _153 ~> ret run () ~> ret getInput _199 )
#Or
  T ==K ( call run () ~> call getInput () ~> call run () ~> call getInput () ~> call run () ~> call getInput () ~> ret getInput _7 ~> ret run () ~> call run () ~> call getInput () ~> ret getInput _24 ~> ret run () ~> call run () ~> call getInput () ~> call run () ~> call getInput () ~> ret getInput _83 ~> ret run () ~> ret getInput _118 )
#Or
  T ==K ( call run () ~> call getInput () ~> call run () ~> call getInput () ~> call run () ~> call getInput () ~> ret getInput _7 ~> ret run () ~> call run () ~> call getInput () ~> ret getInput _24 ~> ret run () ~> call run () ~> call getInput () ~> ret getInput _62 ~> ret run () ~> ret getInput _84 )
#Or
  T ==K ( call run () ~> call getInput () ~> call run () ~> call getInput () ~> call run () ~> call getInput () ~> ret getInput _7 ~> ret run () ~> call run () ~> call getInput () ~> ret getInput _24 ~> ret run () ~> ret getInput _38 )
#Or
  T ==K ( call run () ~> call getInput () ~> call run () ~> call getInput () ~> call run () ~> call getInput () ~> ret getInput _7 ~> ret run () ~> ret getInput _14 )
#Or
  T ==K ( call run () ~> call getInput () ~> call run () ~> call getInput () ~> ret getInput _4 ~> ret run () ~> call run () ~> call getInput () ~> call run () ~> call getInput () ~> call run () ~> call getInput () ~> ret getInput _39 ~> ret run () ~> call run () ~> call getInput () ~> ret getInput _85 ~> ret run () ~> call run () ~> call getInput () ~> ret getInput _154 ~> ret run () ~> ret getInput _200 )
#Or
  T ==K ( call run () ~> call getInput () ~> call run () ~> call getInput () ~> ret getInput _4 ~> ret run () ~> call run () ~> call getInput () ~> call run () ~> call getInput () ~> call run () ~> call getInput () ~> ret getInput _39 ~> ret run () ~> call run () ~> call getInput () ~> ret getInput _85 ~> ret run () ~> ret getInput _119 )
#Or
  T ==K ( call run () ~> call getInput () ~> call run () ~> call getInput () ~> ret getInput _4 ~> ret run () ~> call run () ~> call getInput () ~> call run () ~> call getInput () ~> call run () ~> call getInput () ~> ret getInput _39 ~> ret run () ~> ret getInput _58 )
#Or
  T ==K ( call run () ~> call getInput () ~> call run () ~> call getInput () ~> ret getInput _4 ~> ret run () ~> call run () ~> call getInput () ~> call run () ~> call getInput () ~> ret getInput _25 ~> ret run () ~> call run () ~> call getInput () ~> call run () ~> call getInput () ~> ret getInput _86 ~> ret run () ~> call run () ~> call getInput () ~> ret getInput _155 ~> ret run () ~> call run () ~> call getInput () ~> ret getInput _241 ~> ret run () ~> ret getInput _288 )
#Or
  T ==K ( call run () ~> call getInput () ~> call run () ~> call getInput () ~> ret getInput _4 ~> ret run () ~> call run () ~> call getInput () ~> call run () ~> call getInput () ~> ret getInput _25 ~> ret run () ~> call run () ~> call getInput () ~> call run () ~> call getInput () ~> ret getInput _86 ~> ret run () ~> call run () ~> call getInput () ~> ret getInput _155 ~> ret run () ~> ret getInput _201 )
#Or
  T ==K ( call run () ~> call getInput () ~> call run () ~> call getInput () ~> ret getInput _4 ~> ret run () ~> call run () ~> call getInput () ~> call run () ~> call getInput () ~> ret getInput _25 ~> ret run () ~> call run () ~> call getInput () ~> call run () ~> call getInput () ~> ret getInput _86 ~> ret run () ~> ret getInput _120 )
#Or
  T ==K ( call run () ~> call getInput () ~> call run () ~> call getInput () ~> ret getInput _4 ~> ret run () ~> call run () ~> call getInput () ~> call run () ~> call getInput () ~> ret getInput _25 ~> ret run () ~> call run () ~> call getInput () ~> ret getInput _64 ~> ret run () ~> call run () ~> call getInput () ~> call run () ~> call getInput () ~> ret getInput _156 ~> ret run () ~> call run () ~> call getInput () ~> ret getInput _242 ~> ret run () ~> call run () ~> call getInput () ~> ret getInput _325 ~> ret run () ~> ret getInput _361 )
#Or
  T ==K ( call run () ~> call getInput () ~> call run () ~> call getInput () ~> ret getInput _4 ~> ret run () ~> call run () ~> call getInput () ~> call run () ~> call getInput () ~> ret getInput _25 ~> ret run () ~> call run () ~> call getInput () ~> ret getInput _64 ~> ret run () ~> call run () ~> call getInput () ~> call run () ~> call getInput () ~> ret getInput _156 ~> ret run () ~> call run () ~> call getInput () ~> ret getInput _242 ~> ret run () ~> ret getInput _289 )
#Or
  T ==K ( call run () ~> call getInput () ~> call run () ~> call getInput () ~> ret getInput _4 ~> ret run () ~> call run () ~> call getInput () ~> call run () ~> call getInput () ~> ret getInput _25 ~> ret run () ~> call run () ~> call getInput () ~> ret getInput _64 ~> ret run () ~> call run () ~> call getInput () ~> call run () ~> call getInput () ~> ret getInput _156 ~> ret run () ~> ret getInput _202 )
#Or
  T ==K ( call run () ~> call getInput () ~> call run () ~> call getInput () ~> ret getInput _4 ~> ret run () ~> call run () ~> call getInput () ~> call run () ~> call getInput () ~> ret getInput _25 ~> ret run () ~> call run () ~> call getInput () ~> ret getInput _64 ~> ret run () ~> call run () ~> call getInput () ~> ret getInput _130 ~> ret run () ~> ret getInput _157 )
#Or
  T ==K ( call run () ~> call getInput () ~> call run () ~> call getInput () ~> ret getInput _4 ~> ret run () ~> call run () ~> call getInput () ~> call run () ~> call getInput () ~> ret getInput _25 ~> ret run () ~> call run () ~> call getInput () ~> ret getInput _64 ~> ret run () ~> ret getInput _87 )
#Or
  T ==K ( call run () ~> call getInput () ~> call run () ~> call getInput () ~> ret getInput _4 ~> ret run () ~> call run () ~> call getInput () ~> call run () ~> call getInput () ~> ret getInput _25 ~> ret run () ~> ret getInput _40 )
#Or
  T ==K ( call run () ~> call getInput () ~> call run () ~> call getInput () ~> ret getInput _4 ~> ret run () ~> call run () ~> call getInput () ~> ret getInput _17 ~> ret run () ~> call run () ~> call getInput () ~> call run () ~> call getInput () ~> call run () ~> call getInput () ~> ret getInput _88 ~> ret run () ~> call run () ~> call getInput () ~> ret getInput _158 ~> ret run () ~> call run () ~> call getInput () ~> ret getInput _243 ~> ret run () ~> ret getInput _290 )
#Or
  T ==K ( call run () ~> call getInput () ~> call run () ~> call getInput () ~> ret getInput _4 ~> ret run () ~> call run () ~> call getInput () ~> ret getInput _17 ~> ret run () ~> call run () ~> call getInput () ~> call run () ~> call getInput () ~> call run () ~> call getInput () ~> ret getInput _88 ~> ret run () ~> call run () ~> call getInput () ~> ret getInput _158 ~> ret run () ~> ret getInput _203 )
#Or
  T ==K ( call run () ~> call getInput () ~> call run () ~> call getInput () ~> ret getInput _4 ~> ret run () ~> call run () ~> call getInput () ~> ret getInput _17 ~> ret run () ~> call run () ~> call getInput () ~> call run () ~> call getInput () ~> call run () ~> call getInput () ~> ret getInput _88 ~> ret run () ~> ret getInput _121 )
#Or
  T ==K ( call run () ~> call getInput () ~> call run () ~> call getInput () ~> ret getInput _4 ~> ret run () ~> call run () ~> call getInput () ~> ret getInput _17 ~> ret run () ~> call run () ~> call getInput () ~> call run () ~> call getInput () ~> ret getInput _65 ~> ret run () ~> call run () ~> call getInput () ~> call run () ~> call getInput () ~> ret getInput _159 ~> ret run () ~> call run () ~> call getInput () ~> ret getInput _244 ~> ret run () ~> call run () ~> call getInput () ~> ret getInput _326 ~> ret run () ~> ret getInput _362 )
#Or
  T ==K ( call run () ~> call getInput () ~> call run () ~> call getInput () ~> ret getInput _4 ~> ret run () ~> call run () ~> call getInput () ~> ret getInput _17 ~> ret run () ~> call run () ~> call getInput () ~> call run () ~> call getInput () ~> ret getInput _65 ~> ret run () ~> call run () ~> call getInput () ~> call run () ~> call getInput () ~> ret getInput _159 ~> ret run () ~> call run () ~> call getInput () ~> ret getInput _244 ~> ret run () ~> ret getInput _291 )
#Or
  T ==K ( call run () ~> call getInput () ~> call run () ~> call getInput () ~> ret getInput _4 ~> ret run () ~> call run () ~> call getInput () ~> ret getInput _17 ~> ret run () ~> call run () ~> call getInput () ~> call run () ~> call getInput () ~> ret getInput _65 ~> ret run () ~> call run () ~> call getInput () ~> call run () ~> call getInput () ~> ret getInput _159 ~> ret run () ~> ret getInput _204 )
#Or
  T ==K ( call run () ~> call getInput () ~> call run () ~> call getInput () ~> ret getInput _4 ~> ret run () ~> call run () ~> call getInput () ~> ret getInput _17 ~> ret run () ~> call run () ~> call getInput () ~> call run () ~> call getInput () ~> ret getInput _65 ~> ret run () ~> call run () ~> call getInput () ~> ret getInput _132 ~> ret run () ~> call run () ~> call getInput () ~> call run () ~> call getInput () ~> ret getInput _245 ~> ret run () ~> call run () ~> call getInput () ~> ret getInput _327 ~> ret run () ~> call run () ~> call getInput () ~> ret getInput _388 ~> ret run () ~> ret getInput _409 )
#Or
  T ==K ( call run () ~> call getInput () ~> call run () ~> call getInput () ~> ret getInput _4 ~> ret run () ~> call run () ~> call getInput () ~> ret getInput _17 ~> ret run () ~> call run () ~> call getInput () ~> call run () ~> call getInput () ~> ret getInput _65 ~> ret run () ~> call run () ~> call getInput () ~> ret getInput _132 ~> ret run () ~> call run () ~> call getInput () ~> call run () ~> call getInput () ~> ret getInput _245 ~> ret run () ~> call run () ~> call getInput () ~> ret getInput _327 ~> ret run () ~> ret getInput _363 )
#Or
  T ==K ( call run () ~> call getInput () ~> call run () ~> call getInput () ~> ret getInput _4 ~> ret run () ~> call run () ~> call getInput () ~> ret getInput _17 ~> ret run () ~> call run () ~> call getInput () ~> call run () ~> call getInput () ~> ret getInput _65 ~> ret run () ~> call run () ~> call getInput () ~> ret getInput _132 ~> ret run () ~> call run () ~> call getInput () ~> call run () ~> call getInput () ~> ret getInput _245 ~> ret run () ~> ret getInput _292 )
#Or
  T ==K ( call run () ~> call getInput () ~> call run () ~> call getInput () ~> ret getInput _4 ~> ret run () ~> call run () ~> call getInput () ~> ret getInput _17 ~> ret run () ~> call run () ~> call getInput () ~> call run () ~> call getInput () ~> ret getInput _65 ~> ret run () ~> call run () ~> call getInput () ~> ret getInput _132 ~> ret run () ~> call run () ~> call getInput () ~> ret getInput _219 ~> ret run () ~> ret getInput _246 )
#Or
  T ==K ( call run () ~> call getInput () ~> call run () ~> call getInput () ~> ret getInput _4 ~> ret run () ~> call run () ~> call getInput () ~> ret getInput _17 ~> ret run () ~> call run () ~> call getInput () ~> call run () ~> call getInput () ~> ret getInput _65 ~> ret run () ~> call run () ~> call getInput () ~> ret getInput _132 ~> ret run () ~> ret getInput _160 )
#Or
  T ==K ( call run () ~> call getInput () ~> call run () ~> call getInput () ~> ret getInput _4 ~> ret run () ~> call run () ~> call getInput () ~> ret getInput _17 ~> ret run () ~> call run () ~> call getInput () ~> call run () ~> call getInput () ~> ret getInput _65 ~> ret run () ~> ret getInput _89 )
#Or
  T ==K ( call run () ~> call getInput () ~> call run () ~> call getInput () ~> ret getInput _4 ~> ret run () ~> call run () ~> call getInput () ~> ret getInput _17 ~> ret run () ~> call run () ~> call getInput () ~> ret getInput _48 ~> ret run () ~> ret getInput _66 )
#Or
  T ==K ( call run () ~> call getInput () ~> call run () ~> call getInput () ~> ret getInput _4 ~> ret run () ~> call run () ~> call getInput () ~> ret getInput _17 ~> ret run () ~> ret getInput _26 )
#Or
  T ==K ( call run () ~> call getInput () ~> call run () ~> call getInput () ~> ret getInput _4 ~> ret run () ~> ret getInput _8 )
#Or
  T ==K ( call run () ~> call getInput () ~> ret getInput _2 ~> ret run () ~> call run () ~> call getInput () ~> call run () ~> call getInput () ~> call run () ~> call getInput () ~> call run () ~> call getInput () ~> ret getInput _41 ~> ret run () ~> call run () ~> call getInput () ~> ret getInput _90 ~> ret run () ~> call run () ~> call getInput () ~> ret getInput _161 ~> ret run () ~> ret getInput _205 )
#Or
  T ==K ( call run () ~> call getInput () ~> ret getInput _2 ~> ret run () ~> call run () ~> call getInput () ~> call run () ~> call getInput () ~> call run () ~> call getInput () ~> call run () ~> call getInput () ~> ret getInput _41 ~> ret run () ~> call run () ~> call getInput () ~> ret getInput _90 ~> ret run () ~> ret getInput _122 )
#Or
  T ==K ( call run () ~> call getInput () ~> ret getInput _2 ~> ret run () ~> call run () ~> call getInput () ~> call run () ~> call getInput () ~> call run () ~> call getInput () ~> call run () ~> call getInput () ~> ret getInput _41 ~> ret run () ~> ret getInput _59 )
#Or
  T ==K ( call run () ~> call getInput () ~> ret getInput _2 ~> ret run () ~> call run () ~> call getInput () ~> call run () ~> call getInput () ~> call run () ~> call getInput () ~> ret getInput _27 ~> ret run () ~> call run () ~> call getInput () ~> call run () ~> call getInput () ~> ret getInput _91 ~> ret run () ~> call run () ~> call getInput () ~> ret getInput _162 ~> ret run () ~> call run () ~> call getInput () ~> ret getInput _247 ~> ret run () ~> ret getInput _293 )
#Or
  T ==K ( call run () ~> call getInput () ~> ret getInput _2 ~> ret run () ~> call run () ~> call getInput () ~> call run () ~> call getInput () ~> call run () ~> call getInput () ~> ret getInput _27 ~> ret run () ~> call run () ~> call getInput () ~> call run () ~> call getInput () ~> ret getInput _91 ~> ret run () ~> call run () ~> call getInput () ~> ret getInput _162 ~> ret run () ~> ret getInput _206 )
#Or
  T ==K ( call run () ~> call getInput () ~> ret getInput _2 ~> ret run () ~> call run () ~> call getInput () ~> call run () ~> call getInput () ~> call run () ~> call getInput () ~> ret getInput _27 ~> ret run () ~> call run () ~> call getInput () ~> call run () ~> call getInput () ~> ret getInput _91 ~> ret run () ~> ret getInput _123 )
#Or
  T ==K ( call run () ~> call getInput () ~> ret getInput _2 ~> ret run () ~> call run () ~> call getInput () ~> call run () ~> call getInput () ~> call run () ~> call getInput () ~> ret getInput _27 ~> ret run () ~> call run () ~> call getInput () ~> ret getInput _68 ~> ret run () ~> call run () ~> call getInput () ~> call run () ~> call getInput () ~> ret getInput _163 ~> ret run () ~> call run () ~> call getInput () ~> ret getInput _248 ~> ret run () ~> call run () ~> call getInput () ~> ret getInput _328 ~> ret run () ~> ret getInput _364 )
#Or
  T ==K ( call run () ~> call getInput () ~> ret getInput _2 ~> ret run () ~> call run () ~> call getInput () ~> call run () ~> call getInput () ~> call run () ~> call getInput () ~> ret getInput _27 ~> ret run () ~> call run () ~> call getInput () ~> ret getInput _68 ~> ret run () ~> call run () ~> call getInput () ~> call run () ~> call getInput () ~> ret getInput _163 ~> ret run () ~> call run () ~> call getInput () ~> ret getInput _248 ~> ret run () ~> ret getInput _294 )
#Or
  T ==K ( call run () ~> call getInput () ~> ret getInput _2 ~> ret run () ~> call run () ~> call getInput () ~> call run () ~> call getInput () ~> call run () ~> call getInput () ~> ret getInput _27 ~> ret run () ~> call run () ~> call getInput () ~> ret getInput _68 ~> ret run () ~> call run () ~> call getInput () ~> call run () ~> call getInput () ~> ret getInput _163 ~> ret run () ~> ret getInput _207 )
#Or
  T ==K ( call run () ~> call getInput () ~> ret getInput _2 ~> ret run () ~> call run () ~> call getInput () ~> call run () ~> call getInput () ~> call run () ~> call getInput () ~> ret getInput _27 ~> ret run () ~> call run () ~> call getInput () ~> ret getInput _68 ~> ret run () ~> call run () ~> call getInput () ~> ret getInput _135 ~> ret run () ~> ret getInput _164 )
#Or
  T ==K ( call run () ~> call getInput () ~> ret getInput _2 ~> ret run () ~> call run () ~> call getInput () ~> call run () ~> call getInput () ~> call run () ~> call getInput () ~> ret getInput _27 ~> ret run () ~> call run () ~> call getInput () ~> ret getInput _68 ~> ret run () ~> ret getInput _92 )
#Or
  T ==K ( call run () ~> call getInput () ~> ret getInput _2 ~> ret run () ~> call run () ~> call getInput () ~> call run () ~> call getInput () ~> call run () ~> call getInput () ~> ret getInput _27 ~> ret run () ~> ret getInput _42 )
#Or
  T ==K ( call run () ~> call getInput () ~> ret getInput _2 ~> ret run () ~> call run () ~> call getInput () ~> call run () ~> call getInput () ~> ret getInput _18 ~> ret run () ~> call run () ~> call getInput () ~> call run () ~> call getInput () ~> call run () ~> call getInput () ~> ret getInput _93 ~> ret run () ~> call run () ~> call getInput () ~> ret getInput _165 ~> ret run () ~> call run () ~> call getInput () ~> ret getInput _249 ~> ret run () ~> ret getInput _295 )
#Or
  T ==K ( call run () ~> call getInput () ~> ret getInput _2 ~> ret run () ~> call run () ~> call getInput () ~> call run () ~> call getInput () ~> ret getInput _18 ~> ret run () ~> call run () ~> call getInput () ~> call run () ~> call getInput () ~> call run () ~> call getInput () ~> ret getInput _93 ~> ret run () ~> call run () ~> call getInput () ~> ret getInput _165 ~> ret run () ~> ret getInput _208 )
#Or
  T ==K ( call run () ~> call getInput () ~> ret getInput _2 ~> ret run () ~> call run () ~> call getInput () ~> call run () ~> call getInput () ~> ret getInput _18 ~> ret run () ~> call run () ~> call getInput () ~> call run () ~> call getInput () ~> call run () ~> call getInput () ~> ret getInput _93 ~> ret run () ~> ret getInput _124 )
#Or
  T ==K ( call run () ~> call getInput () ~> ret getInput _2 ~> ret run () ~> call run () ~> call getInput () ~> call run () ~> call getInput () ~> ret getInput _18 ~> ret run () ~> call run () ~> call getInput () ~> call run () ~> call getInput () ~> ret getInput _69 ~> ret run () ~> call run () ~> call getInput () ~> call run () ~> call getInput () ~> ret getInput _166 ~> ret run () ~> call run () ~> call getInput () ~> ret getInput _250 ~> ret run () ~> call run () ~> call getInput () ~> ret getInput _329 ~> ret run () ~> ret getInput _365 )
#Or
  T ==K ( call run () ~> call getInput () ~> ret getInput _2 ~> ret run () ~> call run () ~> call getInput () ~> call run () ~> call getInput () ~> ret getInput _18 ~> ret run () ~> call run () ~> call getInput () ~> call run () ~> call getInput () ~> ret getInput _69 ~> ret run () ~> call run () ~> call getInput () ~> call run () ~> call getInput () ~> ret getInput _166 ~> ret run () ~> call run () ~> call getInput () ~> ret getInput _250 ~> ret run () ~> ret getInput _296 )
#Or
  T ==K ( call run () ~> call getInput () ~> ret getInput _2 ~> ret run () ~> call run () ~> call getInput () ~> call run () ~> call getInput () ~> ret getInput _18 ~> ret run () ~> call run () ~> call getInput () ~> call run () ~> call getInput () ~> ret getInput _69 ~> ret run () ~> call run () ~> call getInput () ~> call run () ~> call getInput () ~> ret getInput _166 ~> ret run () ~> ret getInput _209 )
#Or
  T ==K ( call run () ~> call getInput () ~> ret getInput _2 ~> ret run () ~> call run () ~> call getInput () ~> call run () ~> call getInput () ~> ret getInput _18 ~> ret run () ~> call run () ~> call getInput () ~> call run () ~> call getInput () ~> ret getInput _69 ~> ret run () ~> call run () ~> call getInput () ~> ret getInput _137 ~> ret run () ~> call run () ~> call getInput () ~> call run () ~> call getInput () ~> ret getInput _251 ~> ret run () ~> call run () ~> call getInput () ~> ret getInput _330 ~> ret run () ~> call run () ~> call getInput () ~> ret getInput _389 ~> ret run () ~> ret getInput _410 )
#Or
  T ==K ( call run () ~> call getInput () ~> ret getInput _2 ~> ret run () ~> call run () ~> call getInput () ~> call run () ~> call getInput () ~> ret getInput _18 ~> ret run () ~> call run () ~> call getInput () ~> call run () ~> call getInput () ~> ret getInput _69 ~> ret run () ~> call run () ~> call getInput () ~> ret getInput _137 ~> ret run () ~> call run () ~> call getInput () ~> call run () ~> call getInput () ~> ret getInput _251 ~> ret run () ~> call run () ~> call getInput () ~> ret getInput _330 ~> ret run () ~> ret getInput _366 )
#Or
  T ==K ( call run () ~> call getInput () ~> ret getInput _2 ~> ret run () ~> call run () ~> call getInput () ~> call run () ~> call getInput () ~> ret getInput _18 ~> ret run () ~> call run () ~> call getInput () ~> call run () ~> call getInput () ~> ret getInput _69 ~> ret run () ~> call run () ~> call getInput () ~> ret getInput _137 ~> ret run () ~> call run () ~> call getInput () ~> call run () ~> call getInput () ~> ret getInput _251 ~> ret run () ~> ret getInput _297 )
#Or
  T ==K ( call run () ~> call getInput () ~> ret getInput _2 ~> ret run () ~> call run () ~> call getInput () ~> call run () ~> call getInput () ~> ret getInput _18 ~> ret run () ~> call run () ~> call getInput () ~> call run () ~> call getInput () ~> ret getInput _69 ~> ret run () ~> call run () ~> call getInput () ~> ret getInput _137 ~> ret run () ~> call run () ~> call getInput () ~> ret getInput _224 ~> ret run () ~> ret getInput _252 )
#Or
  T ==K ( call run () ~> call getInput () ~> ret getInput _2 ~> ret run () ~> call run () ~> call getInput () ~> call run () ~> call getInput () ~> ret getInput _18 ~> ret run () ~> call run () ~> call getInput () ~> call run () ~> call getInput () ~> ret getInput _69 ~> ret run () ~> call run () ~> call getInput () ~> ret getInput _137 ~> ret run () ~> ret getInput _167 )
#Or
  T ==K ( call run () ~> call getInput () ~> ret getInput _2 ~> ret run () ~> call run () ~> call getInput () ~> call run () ~> call getInput () ~> ret getInput _18 ~> ret run () ~> call run () ~> call getInput () ~> call run () ~> call getInput () ~> ret getInput _69 ~> ret run () ~> ret getInput _94 )
#Or
  T ==K ( call run () ~> call getInput () ~> ret getInput _2 ~> ret run () ~> call run () ~> call getInput () ~> call run () ~> call getInput () ~> ret getInput _18 ~> ret run () ~> call run () ~> call getInput () ~> ret getInput _51 ~> ret run () ~> call run () ~> call getInput () ~> call run () ~> call getInput () ~> call run () ~> call getInput () ~> ret getInput _168 ~> ret run () ~> call run () ~> call getInput () ~> ret getInput _253 ~> ret run () ~> call run () ~> call getInput () ~> ret getInput _331 ~> ret run () ~> ret getInput _367 )
#Or
  T ==K ( call run () ~> call getInput () ~> ret getInput _2 ~> ret run () ~> call run () ~> call getInput () ~> call run () ~> call getInput () ~> ret getInput _18 ~> ret run () ~> call run () ~> call getInput () ~> ret getInput _51 ~> ret run () ~> call run () ~> call getInput () ~> call run () ~> call getInput () ~> call run () ~> call getInput () ~> ret getInput _168 ~> ret run () ~> call run () ~> call getInput () ~> ret getInput _253 ~> ret run () ~> ret getInput _298 )
#Or
  T ==K ( call run () ~> call getInput () ~> ret getInput _2 ~> ret run () ~> call run () ~> call getInput () ~> call run () ~> call getInput () ~> ret getInput _18 ~> ret run () ~> call run () ~> call getInput () ~> ret getInput _51 ~> ret run () ~> call run () ~> call getInput () ~> call run () ~> call getInput () ~> call run () ~> call getInput () ~> ret getInput _168 ~> ret run () ~> ret getInput _210 )
#Or
  T ==K ( call run () ~> call getInput () ~> ret getInput _2 ~> ret run () ~> call run () ~> call getInput () ~> call run () ~> call getInput () ~> ret getInput _18 ~> ret run () ~> call run () ~> call getInput () ~> ret getInput _51 ~> ret run () ~> call run () ~> call getInput () ~> call run () ~> call getInput () ~> ret getInput _138 ~> ret run () ~> call run () ~> call getInput () ~> call run () ~> call getInput () ~> ret getInput _254 ~> ret run () ~> call run () ~> call getInput () ~> ret getInput _332 ~> ret run () ~> call run () ~> call getInput () ~> ret getInput _390 ~> ret run () ~> ret getInput _411 )
#Or
  T ==K ( call run () ~> call getInput () ~> ret getInput _2 ~> ret run () ~> call run () ~> call getInput () ~> call run () ~> call getInput () ~> ret getInput _18 ~> ret run () ~> call run () ~> call getInput () ~> ret getInput _51 ~> ret run () ~> call run () ~> call getInput () ~> call run () ~> call getInput () ~> ret getInput _138 ~> ret run () ~> call run () ~> call getInput () ~> call run () ~> call getInput () ~> ret getInput _254 ~> ret run () ~> call run () ~> call getInput () ~> ret getInput _332 ~> ret run () ~> ret getInput _368 )
#Or
  T ==K ( call run () ~> call getInput () ~> ret getInput _2 ~> ret run () ~> call run () ~> call getInput () ~> call run () ~> call getInput () ~> ret getInput _18 ~> ret run () ~> call run () ~> call getInput () ~> ret getInput _51 ~> ret run () ~> call run () ~> call getInput () ~> call run () ~> call getInput () ~> ret getInput _138 ~> ret run () ~> call run () ~> call getInput () ~> call run () ~> call getInput () ~> ret getInput _254 ~> ret run () ~> ret getInput _299 )
#Or
  T ==K ( call run () ~> call getInput () ~> ret getInput _2 ~> ret run () ~> call run () ~> call getInput () ~> call run () ~> call getInput () ~> ret getInput _18 ~> ret run () ~> call run () ~> call getInput () ~> ret getInput _51 ~> ret run () ~> call run () ~> call getInput () ~> call run () ~> call getInput () ~> ret getInput _138 ~> ret run () ~> call run () ~> call getInput () ~> ret getInput _226 ~> ret run () ~> call run () ~> call getInput () ~> call run () ~> call getInput () ~> ret getInput _333 ~> ret run () ~> call run () ~> call getInput () ~> ret getInput _391 ~> ret run () ~> call run () ~> call getInput () ~> ret getInput _423 ~> ret run () ~> ret getInput _431 )
#Or
  T ==K ( call run () ~> call getInput () ~> ret getInput _2 ~> ret run () ~> call run () ~> call getInput () ~> call run () ~> call getInput () ~> ret getInput _18 ~> ret run () ~> call run () ~> call getInput () ~> ret getInput _51 ~> ret run () ~> call run () ~> call getInput () ~> call run () ~> call getInput () ~> ret getInput _138 ~> ret run () ~> call run () ~> call getInput () ~> ret getInput _226 ~> ret run () ~> call run () ~> call getInput () ~> call run () ~> call getInput () ~> ret getInput _333 ~> ret run () ~> call run () ~> call getInput () ~> ret getInput _391 ~> ret run () ~> ret getInput _412 )
#Or
  T ==K ( call run () ~> call getInput () ~> ret getInput _2 ~> ret run () ~> call run () ~> call getInput () ~> call run () ~> call getInput () ~> ret getInput _18 ~> ret run () ~> call run () ~> call getInput () ~> ret getInput _51 ~> ret run () ~> call run () ~> call getInput () ~> call run () ~> call getInput () ~> ret getInput _138 ~> ret run () ~> call run () ~> call getInput () ~> ret getInput _226 ~> ret run () ~> call run () ~> call getInput () ~> call run () ~> call getInput () ~> ret getInput _333 ~> ret run () ~> ret getInput _369 )
#Or
  T ==K ( call run () ~> call getInput () ~> ret getInput _2 ~> ret run () ~> call run () ~> call getInput () ~> call run () ~> call getInput () ~> ret getInput _18 ~> ret run () ~> call run () ~> call getInput () ~> ret getInput _51 ~> ret run () ~> call run () ~> call getInput () ~> call run () ~> call getInput () ~> ret getInput _138 ~> ret run () ~> call run () ~> call getInput () ~> ret getInput _226 ~> ret run () ~> call run () ~> call getInput () ~> ret getInput _314 ~> ret run () ~> ret getInput _334 )
#Or
  T ==K ( call run () ~> call getInput () ~> ret getInput _2 ~> ret run () ~> call run () ~> call getInput () ~> call run () ~> call getInput () ~> ret getInput _18 ~> ret run () ~> call run () ~> call getInput () ~> ret getInput _51 ~> ret run () ~> call run () ~> call getInput () ~> call run () ~> call getInput () ~> ret getInput _138 ~> ret run () ~> call run () ~> call getInput () ~> ret getInput _226 ~> ret run () ~> ret getInput _255 )
#Or
  T ==K ( call run () ~> call getInput () ~> ret getInput _2 ~> ret run () ~> call run () ~> call getInput () ~> call run () ~> call getInput () ~> ret getInput _18 ~> ret run () ~> call run () ~> call getInput () ~> ret getInput _51 ~> ret run () ~> call run () ~> call getInput () ~> call run () ~> call getInput () ~> ret getInput _138 ~> ret run () ~> ret getInput _169 )
#Or
  T ==K ( call run () ~> call getInput () ~> ret getInput _2 ~> ret run () ~> call run () ~> call getInput () ~> call run () ~> call getInput () ~> ret getInput _18 ~> ret run () ~> call run () ~> call getInput () ~> ret getInput _51 ~> ret run () ~> call run () ~> call getInput () ~> ret getInput _110 ~> ret run () ~> ret getInput _139 )
#Or
  T ==K ( call run () ~> call getInput () ~> ret getInput _2 ~> ret run () ~> call run () ~> call getInput () ~> call run () ~> call getInput () ~> ret getInput _18 ~> ret run () ~> call run () ~> call getInput () ~> ret getInput _51 ~> ret run () ~> ret getInput _70 )
#Or
  T ==K ( call run () ~> call getInput () ~> ret getInput _2 ~> ret run () ~> call run () ~> call getInput () ~> call run () ~> call getInput () ~> ret getInput _18 ~> ret run () ~> ret getInput _28 )
#Or
  T ==K ( call run () ~> call getInput () ~> ret getInput _2 ~> ret run () ~> call run () ~> call getInput () ~> ret getInput _11 ~> ret run () ~> call run () ~> call getInput () ~> call run () ~> call getInput () ~> call run () ~> call getInput () ~> call run () ~> call getInput () ~> ret getInput _95 ~> ret run () ~> call run () ~> call getInput () ~> ret getInput _170 ~> ret run () ~> call run () ~> call getInput () ~> ret getInput _256 ~> ret run () ~> ret getInput _300 )
#Or
  T ==K ( call run () ~> call getInput () ~> ret getInput _2 ~> ret run () ~> call run () ~> call getInput () ~> ret getInput _11 ~> ret run () ~> call run () ~> call getInput () ~> call run () ~> call getInput () ~> call run () ~> call getInput () ~> call run () ~> call getInput () ~> ret getInput _95 ~> ret run () ~> call run () ~> call getInput () ~> ret getInput _170 ~> ret run () ~> ret getInput _211 )
#Or
  T ==K ( call run () ~> call getInput () ~> ret getInput _2 ~> ret run () ~> call run () ~> call getInput () ~> ret getInput _11 ~> ret run () ~> call run () ~> call getInput () ~> call run () ~> call getInput () ~> call run () ~> call getInput () ~> call run () ~> call getInput () ~> ret getInput _95 ~> ret run () ~> ret getInput _125 )
#Or
  T ==K ( call run () ~> call getInput () ~> ret getInput _2 ~> ret run () ~> call run () ~> call getInput () ~> ret getInput _11 ~> ret run () ~> call run () ~> call getInput () ~> call run () ~> call getInput () ~> call run () ~> call getInput () ~> ret getInput _71 ~> ret run () ~> call run () ~> call getInput () ~> call run () ~> call getInput () ~> ret getInput _171 ~> ret run () ~> call run () ~> call getInput () ~> ret getInput _257 ~> ret run () ~> call run () ~> call getInput () ~> ret getInput _335 ~> ret run () ~> ret getInput _370 )
#Or
  T ==K ( call run () ~> call getInput () ~> ret getInput _2 ~> ret run () ~> call run () ~> call getInput () ~> ret getInput _11 ~> ret run () ~> call run () ~> call getInput () ~> call run () ~> call getInput () ~> call run () ~> call getInput () ~> ret getInput _71 ~> ret run () ~> call run () ~> call getInput () ~> call run () ~> call getInput () ~> ret getInput _171 ~> ret run () ~> call run () ~> call getInput () ~> ret getInput _257 ~> ret run () ~> ret getInput _301 )
#Or
  T ==K ( call run () ~> call getInput () ~> ret getInput _2 ~> ret run () ~> call run () ~> call getInput () ~> ret getInput _11 ~> ret run () ~> call run () ~> call getInput () ~> call run () ~> call getInput () ~> call run () ~> call getInput () ~> ret getInput _71 ~> ret run () ~> call run () ~> call getInput () ~> call run () ~> call getInput () ~> ret getInput _171 ~> ret run () ~> ret getInput _212 )
#Or
  T ==K ( call run () ~> call getInput () ~> ret getInput _2 ~> ret run () ~> call run () ~> call getInput () ~> ret getInput _11 ~> ret run () ~> call run () ~> call getInput () ~> call run () ~> call getInput () ~> call run () ~> call getInput () ~> ret getInput _71 ~> ret run () ~> call run () ~> call getInput () ~> ret getInput _141 ~> ret run () ~> call run () ~> call getInput () ~> call run () ~> call getInput () ~> ret getInput _258 ~> ret run () ~> call run () ~> call getInput () ~> ret getInput _336 ~> ret run () ~> call run () ~> call getInput () ~> ret getInput _392 ~> ret run () ~> ret getInput _413 )
#Or
  T ==K ( call run () ~> call getInput () ~> ret getInput _2 ~> ret run () ~> call run () ~> call getInput () ~> ret getInput _11 ~> ret run () ~> call run () ~> call getInput () ~> call run () ~> call getInput () ~> call run () ~> call getInput () ~> ret getInput _71 ~> ret run () ~> call run () ~> call getInput () ~> ret getInput _141 ~> ret run () ~> call run () ~> call getInput () ~> call run () ~> call getInput () ~> ret getInput _258 ~> ret run () ~> call run () ~> call getInput () ~> ret getInput _336 ~> ret run () ~> ret getInput _371 )
#Or
  T ==K ( call run () ~> call getInput () ~> ret getInput _2 ~> ret run () ~> call run () ~> call getInput () ~> ret getInput _11 ~> ret run () ~> call run () ~> call getInput () ~> call run () ~> call getInput () ~> call run () ~> call getInput () ~> ret getInput _71 ~> ret run () ~> call run () ~> call getInput () ~> ret getInput _141 ~> ret run () ~> call run () ~> call getInput () ~> call run () ~> call getInput () ~> ret getInput _258 ~> ret run () ~> ret getInput _302 )
#Or
  T ==K ( call run () ~> call getInput () ~> ret getInput _2 ~> ret run () ~> call run () ~> call getInput () ~> ret getInput _11 ~> ret run () ~> call run () ~> call getInput () ~> call run () ~> call getInput () ~> call run () ~> call getInput () ~> ret getInput _71 ~> ret run () ~> call run () ~> call getInput () ~> ret getInput _141 ~> ret run () ~> call run () ~> call getInput () ~> ret getInput _229 ~> ret run () ~> ret getInput _259 )
#Or
  T ==K ( call run () ~> call getInput () ~> ret getInput _2 ~> ret run () ~> call run () ~> call getInput () ~> ret getInput _11 ~> ret run () ~> call run () ~> call getInput () ~> call run () ~> call getInput () ~> call run () ~> call getInput () ~> ret getInput _71 ~> ret run () ~> call run () ~> call getInput () ~> ret getInput _141 ~> ret run () ~> ret getInput _172 )
#Or
  T ==K ( call run () ~> call getInput () ~> ret getInput _2 ~> ret run () ~> call run () ~> call getInput () ~> ret getInput _11 ~> ret run () ~> call run () ~> call getInput () ~> call run () ~> call getInput () ~> call run () ~> call getInput () ~> ret getInput _71 ~> ret run () ~> ret getInput _96 )
#Or
  T ==K ( call run () ~> call getInput () ~> ret getInput _2 ~> ret run () ~> call run () ~> call getInput () ~> ret getInput _11 ~> ret run () ~> call run () ~> call getInput () ~> call run () ~> call getInput () ~> ret getInput _52 ~> ret run () ~> call run () ~> call getInput () ~> call run () ~> call getInput () ~> call run () ~> call getInput () ~> ret getInput _173 ~> ret run () ~> call run () ~> call getInput () ~> ret getInput _260 ~> ret run () ~> call run () ~> call getInput () ~> ret getInput _337 ~> ret run () ~> ret getInput _372 )
#Or
  T ==K ( call run () ~> call getInput () ~> ret getInput _2 ~> ret run () ~> call run () ~> call getInput () ~> ret getInput _11 ~> ret run () ~> call run () ~> call getInput () ~> call run () ~> call getInput () ~> ret getInput _52 ~> ret run () ~> call run () ~> call getInput () ~> call run () ~> call getInput () ~> call run () ~> call getInput () ~> ret getInput _173 ~> ret run () ~> call run () ~> call getInput () ~> ret getInput _260 ~> ret run () ~> ret getInput _303 )
#Or
  T ==K ( call run () ~> call getInput () ~> ret getInput _2 ~> ret run () ~> call run () ~> call getInput () ~> ret getInput _11 ~> ret run () ~> call run () ~> call getInput () ~> call run () ~> call getInput () ~> ret getInput _52 ~> ret run () ~> call run () ~> call getInput () ~> call run () ~> call getInput () ~> call run () ~> call getInput () ~> ret getInput _173 ~> ret run () ~> ret getInput _213 )
#Or
  T ==K ( call run () ~> call getInput () ~> ret getInput _2 ~> ret run () ~> call run () ~> call getInput () ~> ret getInput _11 ~> ret run () ~> call run () ~> call getInput () ~> call run () ~> call getInput () ~> ret getInput _52 ~> ret run () ~> call run () ~> call getInput () ~> call run () ~> call getInput () ~> ret getInput _142 ~> ret run () ~> call run () ~> call getInput () ~> call run () ~> call getInput () ~> ret getInput _261 ~> ret run () ~> call run () ~> call getInput () ~> ret getInput _338 ~> ret run () ~> call run () ~> call getInput () ~> ret getInput _393 ~> ret run () ~> ret getInput _414 )
#Or
  T ==K ( call run () ~> call getInput () ~> ret getInput _2 ~> ret run () ~> call run () ~> call getInput () ~> ret getInput _11 ~> ret run () ~> call run () ~> call getInput () ~> call run () ~> call getInput () ~> ret getInput _52 ~> ret run () ~> call run () ~> call getInput () ~> call run () ~> call getInput () ~> ret getInput _142 ~> ret run () ~> call run () ~> call getInput () ~> call run () ~> call getInput () ~> ret getInput _261 ~> ret run () ~> call run () ~> call getInput () ~> ret getInput _338 ~> ret run () ~> ret getInput _373 )
#Or
  T ==K ( call run () ~> call getInput () ~> ret getInput _2 ~> ret run () ~> call run () ~> call getInput () ~> ret getInput _11 ~> ret run () ~> call run () ~> call getInput () ~> call run () ~> call getInput () ~> ret getInput _52 ~> ret run () ~> call run () ~> call getInput () ~> call run () ~> call getInput () ~> ret getInput _142 ~> ret run () ~> call run () ~> call getInput () ~> call run () ~> call getInput () ~> ret getInput _261 ~> ret run () ~> ret getInput _304 )
#Or
  T ==K ( call run () ~> call getInput () ~> ret getInput _2 ~> ret run () ~> call run () ~> call getInput () ~> ret getInput _11 ~> ret run () ~> call run () ~> call getInput () ~> call run () ~> call getInput () ~> ret getInput _52 ~> ret run () ~> call run () ~> call getInput () ~> call run () ~> call getInput () ~> ret getInput _142 ~> ret run () ~> call run () ~> call getInput () ~> ret getInput _231 ~> ret run () ~> call run () ~> call getInput () ~> call run () ~> call getInput () ~> ret getInput _339 ~> ret run () ~> call run () ~> call getInput () ~> ret getInput _394 ~> ret run () ~> call run () ~> call getInput () ~> ret getInput _424 ~> ret run () ~> ret getInput _432 )
#Or
  T ==K ( call run () ~> call getInput () ~> ret getInput _2 ~> ret run () ~> call run () ~> call getInput () ~> ret getInput _11 ~> ret run () ~> call run () ~> call getInput () ~> call run () ~> call getInput () ~> ret getInput _52 ~> ret run () ~> call run () ~> call getInput () ~> call run () ~> call getInput () ~> ret getInput _142 ~> ret run () ~> call run () ~> call getInput () ~> ret getInput _231 ~> ret run () ~> call run () ~> call getInput () ~> call run () ~> call getInput () ~> ret getInput _339 ~> ret run () ~> call run () ~> call getInput () ~> ret getInput _394 ~> ret run () ~> ret getInput _415 )
#Or
  T ==K ( call run () ~> call getInput () ~> ret getInput _2 ~> ret run () ~> call run () ~> call getInput () ~> ret getInput _11 ~> ret run () ~> call run () ~> call getInput () ~> call run () ~> call getInput () ~> ret getInput _52 ~> ret run () ~> call run () ~> call getInput () ~> call run () ~> call getInput () ~> ret getInput _142 ~> ret run () ~> call run () ~> call getInput () ~> ret getInput _231 ~> ret run () ~> call run () ~> call getInput () ~> call run () ~> call getInput () ~> ret getInput _339 ~> ret run () ~> ret getInput _374 )
#Or
  T ==K ( call run () ~> call getInput () ~> ret getInput _2 ~> ret run () ~> call run () ~> call getInput () ~> ret getInput _11 ~> ret run () ~> call run () ~> call getInput () ~> call run () ~> call getInput () ~> ret getInput _52 ~> ret run () ~> call run () ~> call getInput () ~> call run () ~> call getInput () ~> ret getInput _142 ~> ret run () ~> call run () ~> call getInput () ~> ret getInput _231 ~> ret run () ~> call run () ~> call getInput () ~> ret getInput _319 ~> ret run () ~> ret getInput _340 )
#Or
  T ==K ( call run () ~> call getInput () ~> ret getInput _2 ~> ret run () ~> call run () ~> call getInput () ~> ret getInput _11 ~> ret run () ~> call run () ~> call getInput () ~> call run () ~> call getInput () ~> ret getInput _52 ~> ret run () ~> call run () ~> call getInput () ~> call run () ~> call getInput () ~> ret getInput _142 ~> ret run () ~> call run () ~> call getInput () ~> ret getInput _231 ~> ret run () ~> ret getInput _262 )
#Or
  T ==K ( call run () ~> call getInput () ~> ret getInput _2 ~> ret run () ~> call run () ~> call getInput () ~> ret getInput _11 ~> ret run () ~> call run () ~> call getInput () ~> call run () ~> call getInput () ~> ret getInput _52 ~> ret run () ~> call run () ~> call getInput () ~> call run () ~> call getInput () ~> ret getInput _142 ~> ret run () ~> ret getInput _174 )
#Or
  T ==K ( call run () ~> call getInput () ~> ret getInput _2 ~> ret run () ~> call run () ~> call getInput () ~> ret getInput _11 ~> ret run () ~> call run () ~> call getInput () ~> call run () ~> call getInput () ~> ret getInput _52 ~> ret run () ~> call run () ~> call getInput () ~> ret getInput _113 ~> ret run () ~> call run () ~> call getInput () ~> call run () ~> call getInput () ~> call run () ~> call getInput () ~> ret getInput _263 ~> ret run () ~> call run () ~> call getInput () ~> ret getInput _341 ~> ret run () ~> call run () ~> call getInput () ~> ret getInput _395 ~> ret run () ~> ret getInput _416 )
#Or
  T ==K ( call run () ~> call getInput () ~> ret getInput _2 ~> ret run () ~> call run () ~> call getInput () ~> ret getInput _11 ~> ret run () ~> call run () ~> call getInput () ~> call run () ~> call getInput () ~> ret getInput _52 ~> ret run () ~> call run () ~> call getInput () ~> ret getInput _113 ~> ret run () ~> call run () ~> call getInput () ~> call run () ~> call getInput () ~> call run () ~> call getInput () ~> ret getInput _263 ~> ret run () ~> call run () ~> call getInput () ~> ret getInput _341 ~> ret run () ~> ret getInput _375 )
#Or
  T ==K ( call run () ~> call getInput () ~> ret getInput _2 ~> ret run () ~> call run () ~> call getInput () ~> ret getInput _11 ~> ret run () ~> call run () ~> call getInput () ~> call run () ~> call getInput () ~> ret getInput _52 ~> ret run () ~> call run () ~> call getInput () ~> ret getInput _113 ~> ret run () ~> call run () ~> call getInput () ~> call run () ~> call getInput () ~> call run () ~> call getInput () ~> ret getInput _263 ~> ret run () ~> ret getInput _305 )
#Or
  T ==K ( call run () ~> call getInput () ~> ret getInput _2 ~> ret run () ~> call run () ~> call getInput () ~> ret getInput _11 ~> ret run () ~> call run () ~> call getInput () ~> call run () ~> call getInput () ~> ret getInput _52 ~> ret run () ~> call run () ~> call getInput () ~> ret getInput _113 ~> ret run () ~> call run () ~> call getInput () ~> call run () ~> call getInput () ~> ret getInput _232 ~> ret run () ~> call run () ~> call getInput () ~> call run () ~> call getInput () ~> ret getInput _342 ~> ret run () ~> call run () ~> call getInput () ~> ret getInput _396 ~> ret run () ~> call run () ~> call getInput () ~> ret getInput _425 ~> ret run () ~> ret getInput _433 )
#Or
  T ==K ( call run () ~> call getInput () ~> ret getInput _2 ~> ret run () ~> call run () ~> call getInput () ~> ret getInput _11 ~> ret run () ~> call run () ~> call getInput () ~> call run () ~> call getInput () ~> ret getInput _52 ~> ret run () ~> call run () ~> call getInput () ~> ret getInput _113 ~> ret run () ~> call run () ~> call getInput () ~> call run () ~> call getInput () ~> ret getInput _232 ~> ret run () ~> call run () ~> call getInput () ~> call run () ~> call getInput () ~> ret getInput _342 ~> ret run () ~> call run () ~> call getInput () ~> ret getInput _396 ~> ret run () ~> ret getInput _417 )
#Or
  T ==K ( call run () ~> call getInput () ~> ret getInput _2 ~> ret run () ~> call run () ~> call getInput () ~> ret getInput _11 ~> ret run () ~> call run () ~> call getInput () ~> call run () ~> call getInput () ~> ret getInput _52 ~> ret run () ~> call run () ~> call getInput () ~> ret getInput _113 ~> ret run () ~> call run () ~> call getInput () ~> call run () ~> call getInput () ~> ret getInput _232 ~> ret run () ~> call run () ~> call getInput () ~> call run () ~> call getInput () ~> ret getInput _342 ~> ret run () ~> ret getInput _376 )
#Or
  T ==K ( call run () ~> call getInput () ~> ret getInput _2 ~> ret run () ~> call run () ~> call getInput () ~> ret getInput _11 ~> ret run () ~> call run () ~> call getInput () ~> call run () ~> call getInput () ~> ret getInput _52 ~> ret run () ~> call run () ~> call getInput () ~> ret getInput _113 ~> ret run () ~> call run () ~> call getInput () ~> call run () ~> call getInput () ~> ret getInput _232 ~> ret run () ~> call run () ~> call getInput () ~> ret getInput _321 ~> ret run () ~> call run () ~> call getInput () ~> call run () ~> call getInput () ~> ret getInput _397 ~> ret run () ~> call run () ~> call getInput () ~> ret getInput _426 ~> ret run () ~> call run () ~> call getInput () ~> ret getInput _436 ~> ret run () ~> ret getInput _438 )
#Or
  T ==K ( call run () ~> call getInput () ~> ret getInput _2 ~> ret run () ~> call run () ~> call getInput () ~> ret getInput _11 ~> ret run () ~> call run () ~> call getInput () ~> call run () ~> call getInput () ~> ret getInput _52 ~> ret run () ~> call run () ~> call getInput () ~> ret getInput _113 ~> ret run () ~> call run () ~> call getInput () ~> call run () ~> call getInput () ~> ret getInput _232 ~> ret run () ~> call run () ~> call getInput () ~> ret getInput _321 ~> ret run () ~> call run () ~> call getInput () ~> call run () ~> call getInput () ~> ret getInput _397 ~> ret run () ~> call run () ~> call getInput () ~> ret getInput _426 ~> ret run () ~> ret getInput _434 )
#Or
  T ==K ( call run () ~> call getInput () ~> ret getInput _2 ~> ret run () ~> call run () ~> call getInput () ~> ret getInput _11 ~> ret run () ~> call run () ~> call getInput () ~> call run () ~> call getInput () ~> ret getInput _52 ~> ret run () ~> call run () ~> call getInput () ~> ret getInput _113 ~> ret run () ~> call run () ~> call getInput () ~> call run () ~> call getInput () ~> ret getInput _232 ~> ret run () ~> call run () ~> call getInput () ~> ret getInput _321 ~> ret run () ~> call run () ~> call getInput () ~> call run () ~> call getInput () ~> ret getInput _397 ~> ret run () ~> ret getInput _418 )
#Or
  T ==K ( call run () ~> call getInput () ~> ret getInput _2 ~> ret run () ~> call run () ~> call getInput () ~> ret getInput _11 ~> ret run () ~> call run () ~> call getInput () ~> call run () ~> call getInput () ~> ret getInput _52 ~> ret run () ~> call run () ~> call getInput () ~> ret getInput _113 ~> ret run () ~> call run () ~> call getInput () ~> call run () ~> call getInput () ~> ret getInput _232 ~> ret run () ~> call run () ~> call getInput () ~> ret getInput _321 ~> ret run () ~> call run () ~> call getInput () ~> ret getInput _386 ~> ret run () ~> ret getInput _398 )
#Or
  T ==K ( call run () ~> call getInput () ~> ret getInput _2 ~> ret run () ~> call run () ~> call getInput () ~> ret getInput _11 ~> ret run () ~> call run () ~> call getInput () ~> call run () ~> call getInput () ~> ret getInput _52 ~> ret run () ~> call run () ~> call getInput () ~> ret getInput _113 ~> ret run () ~> call run () ~> call getInput () ~> call run () ~> call getInput () ~> ret getInput _232 ~> ret run () ~> call run () ~> call getInput () ~> ret getInput _321 ~> ret run () ~> ret getInput _343 )
#Or
  T ==K ( call run () ~> call getInput () ~> ret getInput _2 ~> ret run () ~> call run () ~> call getInput () ~> ret getInput _11 ~> ret run () ~> call run () ~> call getInput () ~> call run () ~> call getInput () ~> ret getInput _52 ~> ret run () ~> call run () ~> call getInput () ~> ret getInput _113 ~> ret run () ~> call run () ~> call getInput () ~> call run () ~> call getInput () ~> ret getInput _232 ~> ret run () ~> ret getInput _264 )
#Or
  T ==K ( call run () ~> call getInput () ~> ret getInput _2 ~> ret run () ~> call run () ~> call getInput () ~> ret getInput _11 ~> ret run () ~> call run () ~> call getInput () ~> call run () ~> call getInput () ~> ret getInput _52 ~> ret run () ~> call run () ~> call getInput () ~> ret getInput _113 ~> ret run () ~> call run () ~> call getInput () ~> ret getInput _196 ~> ret run () ~> ret getInput _233 )
#Or
  T ==K ( call run () ~> call getInput () ~> ret getInput _2 ~> ret run () ~> call run () ~> call getInput () ~> ret getInput _11 ~> ret run () ~> call run () ~> call getInput () ~> call run () ~> call getInput () ~> ret getInput _52 ~> ret run () ~> call run () ~> call getInput () ~> ret getInput _113 ~> ret run () ~> ret getInput _143 )
#Or
  T ==K ( call run () ~> call getInput () ~> ret getInput _2 ~> ret run () ~> call run () ~> call getInput () ~> ret getInput _11 ~> ret run () ~> call run () ~> call getInput () ~> call run () ~> call getInput () ~> ret getInput _52 ~> ret run () ~> ret getInput _72 )

real	0m8.568s
user	0m26.381s
sys	0m0.663s
