  T ==K ( call initialise () ~> call getInput () ~> call initialise () ~> call getInput () ~> ret getInput _6 ~> ret initialise () ~> call initialise () ~> call getInput () ~> ret getInput _17 ~> ret initialise () ~> call initialise () ~> call getInput () ~> ret getInput _38 ~> ret initialise () ~> ret getInput _50 )
#Or
  T ==K ( call initialise () ~> call getInput () ~> call initialise () ~> call getInput () ~> ret getInput _6 ~> ret initialise () ~> call initialise () ~> call getInput () ~> ret getInput _17 ~> ret initialise () ~> call initialise () ~> call getInput () ~> ret getInput _38 ~> ret initialise () ~> ret getInput _50 ~> ret initialise () ~> call initialise () ~> call getInput () ~> call initialise () ~> call getInput () ~> ret getInput _125 ~> ret initialise () ~> call initialise () ~> call getInput () ~> ret getInput _192 ~> ret initialise () ~> call initialise () ~> call getInput () ~> ret getInput _266 ~> ret initialise () ~> ret getInput _299 )
#Or
  T ==K ( call initialise () ~> call getInput () ~> call initialise () ~> call getInput () ~> ret getInput _6 ~> ret initialise () ~> call initialise () ~> call getInput () ~> ret getInput _17 ~> ret initialise () ~> call initialise () ~> call getInput () ~> ret getInput _38 ~> ret initialise () ~> ret getInput _50 ~> ret initialise () ~> call initialise () ~> call getInput () ~> call initialise () ~> call getInput () ~> ret getInput _125 ~> ret initialise () ~> call initialise () ~> call getInput () ~> ret getInput _192 ~> ret initialise () ~> call initialise () ~> call getInput () ~> ret getInput _266 ~> ret initialise () ~> ret getInput _299 ~> ret initialise () ~> call initialise () ~> call getInput () ~> call initialise () ~> call getInput () ~> ret getInput _388 ~> ret initialise () ~> call initialise () ~> call getInput () ~> ret getInput _421 ~> ret initialise () ~> call initialise () ~> call getInput () ~> ret getInput _437 ~> ret initialise () ~> ret getInput _440 )
#Or
  T ==K ( call initialise () ~> call getInput () ~> call initialise () ~> call getInput () ~> ret getInput _6 ~> ret initialise () ~> call initialise () ~> call getInput () ~> ret getInput _17 ~> ret initialise () ~> call initialise () ~> call getInput () ~> ret getInput _38 ~> ret initialise () ~> ret getInput _50 ~> ret initialise () ~> call initialise () ~> call getInput () ~> call initialise () ~> call getInput () ~> ret getInput _125 ~> ret initialise () ~> call initialise () ~> call getInput () ~> ret getInput _192 ~> ret initialise () ~> call initialise () ~> call getInput () ~> ret getInput _266 ~> ret initialise () ~> ret getInput _299 ~> ret initialise () ~> call initialise () ~> call getInput () ~> call initialise () ~> call getInput () ~> ret getInput _388 ~> ret initialise () ~> call initialise () ~> call getInput () ~> ret getInput _421 ~> ret initialise () ~> ret getInput _430 )
#Or
  T ==K ( call initialise () ~> call getInput () ~> call initialise () ~> call getInput () ~> ret getInput _6 ~> ret initialise () ~> call initialise () ~> call getInput () ~> ret getInput _17 ~> ret initialise () ~> call initialise () ~> call getInput () ~> ret getInput _38 ~> ret initialise () ~> ret getInput _50 ~> ret initialise () ~> call initialise () ~> call getInput () ~> call initialise () ~> call getInput () ~> ret getInput _125 ~> ret initialise () ~> call initialise () ~> call getInput () ~> ret getInput _192 ~> ret initialise () ~> call initialise () ~> call getInput () ~> ret getInput _266 ~> ret initialise () ~> ret getInput _299 ~> ret initialise () ~> call initialise () ~> call getInput () ~> call initialise () ~> call getInput () ~> ret getInput _388 ~> ret initialise () ~> ret getInput _406 )
#Or
  T ==K ( call initialise () ~> call getInput () ~> call initialise () ~> call getInput () ~> ret getInput _6 ~> ret initialise () ~> call initialise () ~> call getInput () ~> ret getInput _17 ~> ret initialise () ~> call initialise () ~> call getInput () ~> ret getInput _38 ~> ret initialise () ~> ret getInput _50 ~> ret initialise () ~> call initialise () ~> call getInput () ~> call initialise () ~> call getInput () ~> ret getInput _125 ~> ret initialise () ~> call initialise () ~> call getInput () ~> ret getInput _192 ~> ret initialise () ~> call initialise () ~> call getInput () ~> ret getInput _266 ~> ret initialise () ~> ret getInput _299 ~> ret initialise () ~> call initialise () ~> call getInput () ~> ret getInput _362 )
#Or
  T ==K ( call initialise () ~> call getInput () ~> call initialise () ~> call getInput () ~> ret getInput _6 ~> ret initialise () ~> call initialise () ~> call getInput () ~> ret getInput _17 ~> ret initialise () ~> call initialise () ~> call getInput () ~> ret getInput _38 ~> ret initialise () ~> ret getInput _50 ~> ret initialise () ~> call initialise () ~> call getInput () ~> call initialise () ~> call getInput () ~> ret getInput _125 ~> ret initialise () ~> call initialise () ~> call getInput () ~> ret getInput _192 ~> ret initialise () ~> ret getInput _225 )
#Or
  T ==K ( call initialise () ~> call getInput () ~> call initialise () ~> call getInput () ~> ret getInput _6 ~> ret initialise () ~> call initialise () ~> call getInput () ~> ret getInput _17 ~> ret initialise () ~> call initialise () ~> call getInput () ~> ret getInput _38 ~> ret initialise () ~> ret getInput _50 ~> ret initialise () ~> call initialise () ~> call getInput () ~> call initialise () ~> call getInput () ~> ret getInput _125 ~> ret initialise () ~> call initialise () ~> call getInput () ~> ret getInput _192 ~> ret initialise () ~> ret getInput _225 ~> ret initialise () ~> call initialise () ~> call getInput () ~> call initialise () ~> call getInput () ~> ret getInput _335 ~> ret initialise () ~> call initialise () ~> call getInput () ~> ret getInput _389 ~> ret initialise () ~> call initialise () ~> call getInput () ~> ret getInput _422 ~> ret initialise () ~> ret getInput _431 )
#Or
  T ==K ( call initialise () ~> call getInput () ~> call initialise () ~> call getInput () ~> ret getInput _6 ~> ret initialise () ~> call initialise () ~> call getInput () ~> ret getInput _17 ~> ret initialise () ~> call initialise () ~> call getInput () ~> ret getInput _38 ~> ret initialise () ~> ret getInput _50 ~> ret initialise () ~> call initialise () ~> call getInput () ~> call initialise () ~> call getInput () ~> ret getInput _125 ~> ret initialise () ~> call initialise () ~> call getInput () ~> ret getInput _192 ~> ret initialise () ~> ret getInput _225 ~> ret initialise () ~> call initialise () ~> call getInput () ~> call initialise () ~> call getInput () ~> ret getInput _335 ~> ret initialise () ~> call initialise () ~> call getInput () ~> ret getInput _389 ~> ret initialise () ~> ret getInput _407 )
#Or
  T ==K ( call initialise () ~> call getInput () ~> call initialise () ~> call getInput () ~> ret getInput _6 ~> ret initialise () ~> call initialise () ~> call getInput () ~> ret getInput _17 ~> ret initialise () ~> call initialise () ~> call getInput () ~> ret getInput _38 ~> ret initialise () ~> ret getInput _50 ~> ret initialise () ~> call initialise () ~> call getInput () ~> call initialise () ~> call getInput () ~> ret getInput _125 ~> ret initialise () ~> call initialise () ~> call getInput () ~> ret getInput _192 ~> ret initialise () ~> ret getInput _225 ~> ret initialise () ~> call initialise () ~> call getInput () ~> call initialise () ~> call getInput () ~> ret getInput _335 ~> ret initialise () ~> ret getInput _363 )
#Or
  T ==K ( call initialise () ~> call getInput () ~> call initialise () ~> call getInput () ~> ret getInput _6 ~> ret initialise () ~> call initialise () ~> call getInput () ~> ret getInput _17 ~> ret initialise () ~> call initialise () ~> call getInput () ~> ret getInput _38 ~> ret initialise () ~> ret getInput _50 ~> ret initialise () ~> call initialise () ~> call getInput () ~> call initialise () ~> call getInput () ~> ret getInput _125 ~> ret initialise () ~> call initialise () ~> call getInput () ~> ret getInput _192 ~> ret initialise () ~> ret getInput _225 ~> ret initialise () ~> call initialise () ~> call getInput () ~> ret getInput _300 )
#Or
  T ==K ( call initialise () ~> call getInput () ~> call initialise () ~> call getInput () ~> ret getInput _6 ~> ret initialise () ~> call initialise () ~> call getInput () ~> ret getInput _17 ~> ret initialise () ~> call initialise () ~> call getInput () ~> ret getInput _38 ~> ret initialise () ~> ret getInput _50 ~> ret initialise () ~> call initialise () ~> call getInput () ~> call initialise () ~> call getInput () ~> ret getInput _125 ~> ret initialise () ~> ret getInput _152 )
#Or
  T ==K ( call initialise () ~> call getInput () ~> call initialise () ~> call getInput () ~> ret getInput _6 ~> ret initialise () ~> call initialise () ~> call getInput () ~> ret getInput _17 ~> ret initialise () ~> call initialise () ~> call getInput () ~> ret getInput _38 ~> ret initialise () ~> ret getInput _50 ~> ret initialise () ~> call initialise () ~> call getInput () ~> call initialise () ~> call getInput () ~> ret getInput _125 ~> ret initialise () ~> ret getInput _152 ~> ret initialise () ~> call initialise () ~> call getInput () ~> call initialise () ~> call getInput () ~> ret getInput _267 ~> ret initialise () ~> call initialise () ~> call getInput () ~> ret getInput _336 ~> ret initialise () ~> call initialise () ~> call getInput () ~> ret getInput _390 ~> ret initialise () ~> ret getInput _408 )
#Or
  T ==K ( call initialise () ~> call getInput () ~> call initialise () ~> call getInput () ~> ret getInput _6 ~> ret initialise () ~> call initialise () ~> call getInput () ~> ret getInput _17 ~> ret initialise () ~> call initialise () ~> call getInput () ~> ret getInput _38 ~> ret initialise () ~> ret getInput _50 ~> ret initialise () ~> call initialise () ~> call getInput () ~> call initialise () ~> call getInput () ~> ret getInput _125 ~> ret initialise () ~> ret getInput _152 ~> ret initialise () ~> call initialise () ~> call getInput () ~> call initialise () ~> call getInput () ~> ret getInput _267 ~> ret initialise () ~> call initialise () ~> call getInput () ~> ret getInput _336 ~> ret initialise () ~> ret getInput _364 )
#Or
  T ==K ( call initialise () ~> call getInput () ~> call initialise () ~> call getInput () ~> ret getInput _6 ~> ret initialise () ~> call initialise () ~> call getInput () ~> ret getInput _17 ~> ret initialise () ~> call initialise () ~> call getInput () ~> ret getInput _38 ~> ret initialise () ~> ret getInput _50 ~> ret initialise () ~> call initialise () ~> call getInput () ~> call initialise () ~> call getInput () ~> ret getInput _125 ~> ret initialise () ~> ret getInput _152 ~> ret initialise () ~> call initialise () ~> call getInput () ~> call initialise () ~> call getInput () ~> ret getInput _267 ~> ret initialise () ~> ret getInput _301 )
#Or
  T ==K ( call initialise () ~> call getInput () ~> call initialise () ~> call getInput () ~> ret getInput _6 ~> ret initialise () ~> call initialise () ~> call getInput () ~> ret getInput _17 ~> ret initialise () ~> call initialise () ~> call getInput () ~> ret getInput _38 ~> ret initialise () ~> ret getInput _50 ~> ret initialise () ~> call initialise () ~> call getInput () ~> call initialise () ~> call getInput () ~> ret getInput _125 ~> ret initialise () ~> ret getInput _152 ~> ret initialise () ~> call initialise () ~> call getInput () ~> ret getInput _226 )
#Or
  T ==K ( call initialise () ~> call getInput () ~> call initialise () ~> call getInput () ~> ret getInput _6 ~> ret initialise () ~> call initialise () ~> call getInput () ~> ret getInput _17 ~> ret initialise () ~> call initialise () ~> call getInput () ~> ret getInput _38 ~> ret initialise () ~> ret getInput _50 ~> ret initialise () ~> call initialise () ~> call getInput () ~> ret getInput _92 )
#Or
  T ==K ( call initialise () ~> call getInput () ~> call initialise () ~> call getInput () ~> ret getInput _6 ~> ret initialise () ~> call initialise () ~> call getInput () ~> ret getInput _17 ~> ret initialise () ~> call initialise () ~> call getInput () ~> ret getInput _38 ~> ret initialise () ~> ret getInput _50 ~> ret initialise () ~> call initialise () ~> call getInput () ~> ret getInput _92 ~> ret initialise () ~> call initialise () ~> call getInput () ~> call initialise () ~> call getInput () ~> ret getInput _193 ~> ret initialise () ~> call initialise () ~> call getInput () ~> ret getInput _268 ~> ret initialise () ~> call initialise () ~> call getInput () ~> ret getInput _337 ~> ret initialise () ~> ret getInput _365 )
#Or
  T ==K ( call initialise () ~> call getInput () ~> call initialise () ~> call getInput () ~> ret getInput _6 ~> ret initialise () ~> call initialise () ~> call getInput () ~> ret getInput _17 ~> ret initialise () ~> call initialise () ~> call getInput () ~> ret getInput _38 ~> ret initialise () ~> ret getInput _50 ~> ret initialise () ~> call initialise () ~> call getInput () ~> ret getInput _92 ~> ret initialise () ~> call initialise () ~> call getInput () ~> call initialise () ~> call getInput () ~> ret getInput _193 ~> ret initialise () ~> call initialise () ~> call getInput () ~> ret getInput _268 ~> ret initialise () ~> ret getInput _302 )
#Or
  T ==K ( call initialise () ~> call getInput () ~> call initialise () ~> call getInput () ~> ret getInput _6 ~> ret initialise () ~> call initialise () ~> call getInput () ~> ret getInput _17 ~> ret initialise () ~> call initialise () ~> call getInput () ~> ret getInput _38 ~> ret initialise () ~> ret getInput _50 ~> ret initialise () ~> call initialise () ~> call getInput () ~> ret getInput _92 ~> ret initialise () ~> call initialise () ~> call getInput () ~> call initialise () ~> call getInput () ~> ret getInput _193 ~> ret initialise () ~> ret getInput _227 )
#Or
  T ==K ( call initialise () ~> call getInput () ~> call initialise () ~> call getInput () ~> ret getInput _6 ~> ret initialise () ~> call initialise () ~> call getInput () ~> ret getInput _17 ~> ret initialise () ~> call initialise () ~> call getInput () ~> ret getInput _38 ~> ret initialise () ~> ret getInput _50 ~> ret initialise () ~> call initialise () ~> call getInput () ~> ret getInput _92 ~> ret initialise () ~> call initialise () ~> call getInput () ~> ret getInput _153 )
#Or
  T ==K ( call initialise () ~> call getInput () ~> call initialise () ~> call getInput () ~> ret getInput _6 ~> ret initialise () ~> call initialise () ~> call getInput () ~> ret getInput _17 ~> ret initialise () ~> ret getInput _23 )
#Or
  T ==K ( call initialise () ~> call getInput () ~> call initialise () ~> call getInput () ~> ret getInput _6 ~> ret initialise () ~> call initialise () ~> call getInput () ~> ret getInput _17 ~> ret initialise () ~> ret getInput _23 ~> ret initialise () ~> call initialise () ~> call getInput () ~> call initialise () ~> call getInput () ~> ret getInput _74 ~> ret initialise () ~> call initialise () ~> call getInput () ~> ret getInput _126 ~> ret initialise () ~> call initialise () ~> call getInput () ~> ret getInput _194 ~> ret initialise () ~> ret getInput _228 )
#Or
  T ==K ( call initialise () ~> call getInput () ~> call initialise () ~> call getInput () ~> ret getInput _6 ~> ret initialise () ~> call initialise () ~> call getInput () ~> ret getInput _17 ~> ret initialise () ~> ret getInput _23 ~> ret initialise () ~> call initialise () ~> call getInput () ~> call initialise () ~> call getInput () ~> ret getInput _74 ~> ret initialise () ~> call initialise () ~> call getInput () ~> ret getInput _126 ~> ret initialise () ~> call initialise () ~> call getInput () ~> ret getInput _194 ~> ret initialise () ~> ret getInput _228 ~> ret initialise () ~> call initialise () ~> call getInput () ~> call initialise () ~> call getInput () ~> ret getInput _338 ~> ret initialise () ~> call initialise () ~> call getInput () ~> ret getInput _391 ~> ret initialise () ~> call initialise () ~> call getInput () ~> ret getInput _423 ~> ret initialise () ~> ret getInput _432 )
#Or
  T ==K ( call initialise () ~> call getInput () ~> call initialise () ~> call getInput () ~> ret getInput _6 ~> ret initialise () ~> call initialise () ~> call getInput () ~> ret getInput _17 ~> ret initialise () ~> ret getInput _23 ~> ret initialise () ~> call initialise () ~> call getInput () ~> call initialise () ~> call getInput () ~> ret getInput _74 ~> ret initialise () ~> call initialise () ~> call getInput () ~> ret getInput _126 ~> ret initialise () ~> call initialise () ~> call getInput () ~> ret getInput _194 ~> ret initialise () ~> ret getInput _228 ~> ret initialise () ~> call initialise () ~> call getInput () ~> call initialise () ~> call getInput () ~> ret getInput _338 ~> ret initialise () ~> call initialise () ~> call getInput () ~> ret getInput _391 ~> ret initialise () ~> ret getInput _409 )
#Or
  T ==K ( call initialise () ~> call getInput () ~> call initialise () ~> call getInput () ~> ret getInput _6 ~> ret initialise () ~> call initialise () ~> call getInput () ~> ret getInput _17 ~> ret initialise () ~> ret getInput _23 ~> ret initialise () ~> call initialise () ~> call getInput () ~> call initialise () ~> call getInput () ~> ret getInput _74 ~> ret initialise () ~> call initialise () ~> call getInput () ~> ret getInput _126 ~> ret initialise () ~> call initialise () ~> call getInput () ~> ret getInput _194 ~> ret initialise () ~> ret getInput _228 ~> ret initialise () ~> call initialise () ~> call getInput () ~> call initialise () ~> call getInput () ~> ret getInput _338 ~> ret initialise () ~> ret getInput _366 )
#Or
  T ==K ( call initialise () ~> call getInput () ~> call initialise () ~> call getInput () ~> ret getInput _6 ~> ret initialise () ~> call initialise () ~> call getInput () ~> ret getInput _17 ~> ret initialise () ~> ret getInput _23 ~> ret initialise () ~> call initialise () ~> call getInput () ~> call initialise () ~> call getInput () ~> ret getInput _74 ~> ret initialise () ~> call initialise () ~> call getInput () ~> ret getInput _126 ~> ret initialise () ~> call initialise () ~> call getInput () ~> ret getInput _194 ~> ret initialise () ~> ret getInput _228 ~> ret initialise () ~> call initialise () ~> call getInput () ~> ret getInput _303 )
#Or
  T ==K ( call initialise () ~> call getInput () ~> call initialise () ~> call getInput () ~> ret getInput _6 ~> ret initialise () ~> call initialise () ~> call getInput () ~> ret getInput _17 ~> ret initialise () ~> ret getInput _23 ~> ret initialise () ~> call initialise () ~> call getInput () ~> call initialise () ~> call getInput () ~> ret getInput _74 ~> ret initialise () ~> call initialise () ~> call getInput () ~> ret getInput _126 ~> ret initialise () ~> ret getInput _154 )
#Or
  T ==K ( call initialise () ~> call getInput () ~> call initialise () ~> call getInput () ~> ret getInput _6 ~> ret initialise () ~> call initialise () ~> call getInput () ~> ret getInput _17 ~> ret initialise () ~> ret getInput _23 ~> ret initialise () ~> call initialise () ~> call getInput () ~> call initialise () ~> call getInput () ~> ret getInput _74 ~> ret initialise () ~> call initialise () ~> call getInput () ~> ret getInput _126 ~> ret initialise () ~> ret getInput _154 ~> ret initialise () ~> call initialise () ~> call getInput () ~> call initialise () ~> call getInput () ~> ret getInput _269 ~> ret initialise () ~> call initialise () ~> call getInput () ~> ret getInput _339 ~> ret initialise () ~> call initialise () ~> call getInput () ~> ret getInput _392 ~> ret initialise () ~> ret getInput _410 )
#Or
  T ==K ( call initialise () ~> call getInput () ~> call initialise () ~> call getInput () ~> ret getInput _6 ~> ret initialise () ~> call initialise () ~> call getInput () ~> ret getInput _17 ~> ret initialise () ~> ret getInput _23 ~> ret initialise () ~> call initialise () ~> call getInput () ~> call initialise () ~> call getInput () ~> ret getInput _74 ~> ret initialise () ~> call initialise () ~> call getInput () ~> ret getInput _126 ~> ret initialise () ~> ret getInput _154 ~> ret initialise () ~> call initialise () ~> call getInput () ~> call initialise () ~> call getInput () ~> ret getInput _269 ~> ret initialise () ~> call initialise () ~> call getInput () ~> ret getInput _339 ~> ret initialise () ~> ret getInput _367 )
#Or
  T ==K ( call initialise () ~> call getInput () ~> call initialise () ~> call getInput () ~> ret getInput _6 ~> ret initialise () ~> call initialise () ~> call getInput () ~> ret getInput _17 ~> ret initialise () ~> ret getInput _23 ~> ret initialise () ~> call initialise () ~> call getInput () ~> call initialise () ~> call getInput () ~> ret getInput _74 ~> ret initialise () ~> call initialise () ~> call getInput () ~> ret getInput _126 ~> ret initialise () ~> ret getInput _154 ~> ret initialise () ~> call initialise () ~> call getInput () ~> call initialise () ~> call getInput () ~> ret getInput _269 ~> ret initialise () ~> ret getInput _304 )
#Or
  T ==K ( call initialise () ~> call getInput () ~> call initialise () ~> call getInput () ~> ret getInput _6 ~> ret initialise () ~> call initialise () ~> call getInput () ~> ret getInput _17 ~> ret initialise () ~> ret getInput _23 ~> ret initialise () ~> call initialise () ~> call getInput () ~> call initialise () ~> call getInput () ~> ret getInput _74 ~> ret initialise () ~> call initialise () ~> call getInput () ~> ret getInput _126 ~> ret initialise () ~> ret getInput _154 ~> ret initialise () ~> call initialise () ~> call getInput () ~> ret getInput _229 )
#Or
  T ==K ( call initialise () ~> call getInput () ~> call initialise () ~> call getInput () ~> ret getInput _6 ~> ret initialise () ~> call initialise () ~> call getInput () ~> ret getInput _17 ~> ret initialise () ~> ret getInput _23 ~> ret initialise () ~> call initialise () ~> call getInput () ~> call initialise () ~> call getInput () ~> ret getInput _74 ~> ret initialise () ~> ret getInput _93 )
#Or
  T ==K ( call initialise () ~> call getInput () ~> call initialise () ~> call getInput () ~> ret getInput _6 ~> ret initialise () ~> call initialise () ~> call getInput () ~> ret getInput _17 ~> ret initialise () ~> ret getInput _23 ~> ret initialise () ~> call initialise () ~> call getInput () ~> call initialise () ~> call getInput () ~> ret getInput _74 ~> ret initialise () ~> ret getInput _93 ~> ret initialise () ~> call initialise () ~> call getInput () ~> call initialise () ~> call getInput () ~> ret getInput _195 ~> ret initialise () ~> call initialise () ~> call getInput () ~> ret getInput _270 ~> ret initialise () ~> call initialise () ~> call getInput () ~> ret getInput _340 ~> ret initialise () ~> ret getInput _368 )
#Or
  T ==K ( call initialise () ~> call getInput () ~> call initialise () ~> call getInput () ~> ret getInput _6 ~> ret initialise () ~> call initialise () ~> call getInput () ~> ret getInput _17 ~> ret initialise () ~> ret getInput _23 ~> ret initialise () ~> call initialise () ~> call getInput () ~> call initialise () ~> call getInput () ~> ret getInput _74 ~> ret initialise () ~> ret getInput _93 ~> ret initialise () ~> call initialise () ~> call getInput () ~> call initialise () ~> call getInput () ~> ret getInput _195 ~> ret initialise () ~> call initialise () ~> call getInput () ~> ret getInput _270 ~> ret initialise () ~> ret getInput _305 )
#Or
  T ==K ( call initialise () ~> call getInput () ~> call initialise () ~> call getInput () ~> ret getInput _6 ~> ret initialise () ~> call initialise () ~> call getInput () ~> ret getInput _17 ~> ret initialise () ~> ret getInput _23 ~> ret initialise () ~> call initialise () ~> call getInput () ~> call initialise () ~> call getInput () ~> ret getInput _74 ~> ret initialise () ~> ret getInput _93 ~> ret initialise () ~> call initialise () ~> call getInput () ~> call initialise () ~> call getInput () ~> ret getInput _195 ~> ret initialise () ~> ret getInput _230 )
#Or
  T ==K ( call initialise () ~> call getInput () ~> call initialise () ~> call getInput () ~> ret getInput _6 ~> ret initialise () ~> call initialise () ~> call getInput () ~> ret getInput _17 ~> ret initialise () ~> ret getInput _23 ~> ret initialise () ~> call initialise () ~> call getInput () ~> call initialise () ~> call getInput () ~> ret getInput _74 ~> ret initialise () ~> ret getInput _93 ~> ret initialise () ~> call initialise () ~> call getInput () ~> ret getInput _155 )
#Or
  T ==K ( call initialise () ~> call getInput () ~> call initialise () ~> call getInput () ~> ret getInput _6 ~> ret initialise () ~> call initialise () ~> call getInput () ~> ret getInput _17 ~> ret initialise () ~> ret getInput _23 ~> ret initialise () ~> call initialise () ~> call getInput () ~> ret getInput _51 )
#Or
  T ==K ( call initialise () ~> call getInput () ~> call initialise () ~> call getInput () ~> ret getInput _6 ~> ret initialise () ~> call initialise () ~> call getInput () ~> ret getInput _17 ~> ret initialise () ~> ret getInput _23 ~> ret initialise () ~> call initialise () ~> call getInput () ~> ret getInput _51 ~> ret initialise () ~> call initialise () ~> call getInput () ~> call initialise () ~> call getInput () ~> ret getInput _127 ~> ret initialise () ~> call initialise () ~> call getInput () ~> ret getInput _196 ~> ret initialise () ~> call initialise () ~> call getInput () ~> ret getInput _271 ~> ret initialise () ~> ret getInput _306 )
#Or
  T ==K ( call initialise () ~> call getInput () ~> call initialise () ~> call getInput () ~> ret getInput _6 ~> ret initialise () ~> call initialise () ~> call getInput () ~> ret getInput _17 ~> ret initialise () ~> ret getInput _23 ~> ret initialise () ~> call initialise () ~> call getInput () ~> ret getInput _51 ~> ret initialise () ~> call initialise () ~> call getInput () ~> call initialise () ~> call getInput () ~> ret getInput _127 ~> ret initialise () ~> call initialise () ~> call getInput () ~> ret getInput _196 ~> ret initialise () ~> ret getInput _231 )
#Or
  T ==K ( call initialise () ~> call getInput () ~> call initialise () ~> call getInput () ~> ret getInput _6 ~> ret initialise () ~> call initialise () ~> call getInput () ~> ret getInput _17 ~> ret initialise () ~> ret getInput _23 ~> ret initialise () ~> call initialise () ~> call getInput () ~> ret getInput _51 ~> ret initialise () ~> call initialise () ~> call getInput () ~> call initialise () ~> call getInput () ~> ret getInput _127 ~> ret initialise () ~> ret getInput _156 )
#Or
  T ==K ( call initialise () ~> call getInput () ~> call initialise () ~> call getInput () ~> ret getInput _6 ~> ret initialise () ~> call initialise () ~> call getInput () ~> ret getInput _17 ~> ret initialise () ~> ret getInput _23 ~> ret initialise () ~> call initialise () ~> call getInput () ~> ret getInput _51 ~> ret initialise () ~> call initialise () ~> call getInput () ~> ret getInput _94 )
#Or
  T ==K ( call initialise () ~> call getInput () ~> call initialise () ~> call getInput () ~> ret getInput _6 ~> ret initialise () ~> ret getInput _9 )
#Or
  T ==K ( call initialise () ~> call getInput () ~> call initialise () ~> call getInput () ~> ret getInput _6 ~> ret initialise () ~> ret getInput _9 ~> ret initialise () ~> call initialise () ~> call getInput () ~> call initialise () ~> call getInput () ~> ret getInput _39 ~> ret initialise () ~> call initialise () ~> call getInput () ~> ret getInput _75 ~> ret initialise () ~> call initialise () ~> call getInput () ~> ret getInput _128 ~> ret initialise () ~> ret getInput _157 )
#Or
  T ==K ( call initialise () ~> call getInput () ~> call initialise () ~> call getInput () ~> ret getInput _6 ~> ret initialise () ~> ret getInput _9 ~> ret initialise () ~> call initialise () ~> call getInput () ~> call initialise () ~> call getInput () ~> ret getInput _39 ~> ret initialise () ~> call initialise () ~> call getInput () ~> ret getInput _75 ~> ret initialise () ~> call initialise () ~> call getInput () ~> ret getInput _128 ~> ret initialise () ~> ret getInput _157 ~> ret initialise () ~> call initialise () ~> call getInput () ~> call initialise () ~> call getInput () ~> ret getInput _272 ~> ret initialise () ~> call initialise () ~> call getInput () ~> ret getInput _341 ~> ret initialise () ~> call initialise () ~> call getInput () ~> ret getInput _393 ~> ret initialise () ~> ret getInput _411 )
#Or
  T ==K ( call initialise () ~> call getInput () ~> call initialise () ~> call getInput () ~> ret getInput _6 ~> ret initialise () ~> ret getInput _9 ~> ret initialise () ~> call initialise () ~> call getInput () ~> call initialise () ~> call getInput () ~> ret getInput _39 ~> ret initialise () ~> call initialise () ~> call getInput () ~> ret getInput _75 ~> ret initialise () ~> call initialise () ~> call getInput () ~> ret getInput _128 ~> ret initialise () ~> ret getInput _157 ~> ret initialise () ~> call initialise () ~> call getInput () ~> call initialise () ~> call getInput () ~> ret getInput _272 ~> ret initialise () ~> call initialise () ~> call getInput () ~> ret getInput _341 ~> ret initialise () ~> ret getInput _369 )
#Or
  T ==K ( call initialise () ~> call getInput () ~> call initialise () ~> call getInput () ~> ret getInput _6 ~> ret initialise () ~> ret getInput _9 ~> ret initialise () ~> call initialise () ~> call getInput () ~> call initialise () ~> call getInput () ~> ret getInput _39 ~> ret initialise () ~> call initialise () ~> call getInput () ~> ret getInput _75 ~> ret initialise () ~> call initialise () ~> call getInput () ~> ret getInput _128 ~> ret initialise () ~> ret getInput _157 ~> ret initialise () ~> call initialise () ~> call getInput () ~> call initialise () ~> call getInput () ~> ret getInput _272 ~> ret initialise () ~> ret getInput _307 )
#Or
  T ==K ( call initialise () ~> call getInput () ~> call initialise () ~> call getInput () ~> ret getInput _6 ~> ret initialise () ~> ret getInput _9 ~> ret initialise () ~> call initialise () ~> call getInput () ~> call initialise () ~> call getInput () ~> ret getInput _39 ~> ret initialise () ~> call initialise () ~> call getInput () ~> ret getInput _75 ~> ret initialise () ~> call initialise () ~> call getInput () ~> ret getInput _128 ~> ret initialise () ~> ret getInput _157 ~> ret initialise () ~> call initialise () ~> call getInput () ~> ret getInput _232 )
#Or
  T ==K ( call initialise () ~> call getInput () ~> call initialise () ~> call getInput () ~> ret getInput _6 ~> ret initialise () ~> ret getInput _9 ~> ret initialise () ~> call initialise () ~> call getInput () ~> call initialise () ~> call getInput () ~> ret getInput _39 ~> ret initialise () ~> call initialise () ~> call getInput () ~> ret getInput _75 ~> ret initialise () ~> ret getInput _95 )
#Or
  T ==K ( call initialise () ~> call getInput () ~> call initialise () ~> call getInput () ~> ret getInput _6 ~> ret initialise () ~> ret getInput _9 ~> ret initialise () ~> call initialise () ~> call getInput () ~> call initialise () ~> call getInput () ~> ret getInput _39 ~> ret initialise () ~> call initialise () ~> call getInput () ~> ret getInput _75 ~> ret initialise () ~> ret getInput _95 ~> ret initialise () ~> call initialise () ~> call getInput () ~> call initialise () ~> call getInput () ~> ret getInput _197 ~> ret initialise () ~> call initialise () ~> call getInput () ~> ret getInput _273 ~> ret initialise () ~> call initialise () ~> call getInput () ~> ret getInput _342 ~> ret initialise () ~> ret getInput _370 )
#Or
  T ==K ( call initialise () ~> call getInput () ~> call initialise () ~> call getInput () ~> ret getInput _6 ~> ret initialise () ~> ret getInput _9 ~> ret initialise () ~> call initialise () ~> call getInput () ~> call initialise () ~> call getInput () ~> ret getInput _39 ~> ret initialise () ~> call initialise () ~> call getInput () ~> ret getInput _75 ~> ret initialise () ~> ret getInput _95 ~> ret initialise () ~> call initialise () ~> call getInput () ~> call initialise () ~> call getInput () ~> ret getInput _197 ~> ret initialise () ~> call initialise () ~> call getInput () ~> ret getInput _273 ~> ret initialise () ~> ret getInput _308 )
#Or
  T ==K ( call initialise () ~> call getInput () ~> call initialise () ~> call getInput () ~> ret getInput _6 ~> ret initialise () ~> ret getInput _9 ~> ret initialise () ~> call initialise () ~> call getInput () ~> call initialise () ~> call getInput () ~> ret getInput _39 ~> ret initialise () ~> call initialise () ~> call getInput () ~> ret getInput _75 ~> ret initialise () ~> ret getInput _95 ~> ret initialise () ~> call initialise () ~> call getInput () ~> call initialise () ~> call getInput () ~> ret getInput _197 ~> ret initialise () ~> ret getInput _233 )
#Or
  T ==K ( call initialise () ~> call getInput () ~> call initialise () ~> call getInput () ~> ret getInput _6 ~> ret initialise () ~> ret getInput _9 ~> ret initialise () ~> call initialise () ~> call getInput () ~> call initialise () ~> call getInput () ~> ret getInput _39 ~> ret initialise () ~> call initialise () ~> call getInput () ~> ret getInput _75 ~> ret initialise () ~> ret getInput _95 ~> ret initialise () ~> call initialise () ~> call getInput () ~> ret getInput _158 )
#Or
  T ==K ( call initialise () ~> call getInput () ~> call initialise () ~> call getInput () ~> ret getInput _6 ~> ret initialise () ~> ret getInput _9 ~> ret initialise () ~> call initialise () ~> call getInput () ~> call initialise () ~> call getInput () ~> ret getInput _39 ~> ret initialise () ~> ret getInput _52 )
#Or
  T ==K ( call initialise () ~> call getInput () ~> call initialise () ~> call getInput () ~> ret getInput _6 ~> ret initialise () ~> ret getInput _9 ~> ret initialise () ~> call initialise () ~> call getInput () ~> call initialise () ~> call getInput () ~> ret getInput _39 ~> ret initialise () ~> ret getInput _52 ~> ret initialise () ~> call initialise () ~> call getInput () ~> call initialise () ~> call getInput () ~> ret getInput _129 ~> ret initialise () ~> call initialise () ~> call getInput () ~> ret getInput _198 ~> ret initialise () ~> call initialise () ~> call getInput () ~> ret getInput _274 ~> ret initialise () ~> ret getInput _309 )
#Or
  T ==K ( call initialise () ~> call getInput () ~> call initialise () ~> call getInput () ~> ret getInput _6 ~> ret initialise () ~> ret getInput _9 ~> ret initialise () ~> call initialise () ~> call getInput () ~> call initialise () ~> call getInput () ~> ret getInput _39 ~> ret initialise () ~> ret getInput _52 ~> ret initialise () ~> call initialise () ~> call getInput () ~> call initialise () ~> call getInput () ~> ret getInput _129 ~> ret initialise () ~> call initialise () ~> call getInput () ~> ret getInput _198 ~> ret initialise () ~> ret getInput _234 )
#Or
  T ==K ( call initialise () ~> call getInput () ~> call initialise () ~> call getInput () ~> ret getInput _6 ~> ret initialise () ~> ret getInput _9 ~> ret initialise () ~> call initialise () ~> call getInput () ~> call initialise () ~> call getInput () ~> ret getInput _39 ~> ret initialise () ~> ret getInput _52 ~> ret initialise () ~> call initialise () ~> call getInput () ~> call initialise () ~> call getInput () ~> ret getInput _129 ~> ret initialise () ~> ret getInput _159 )
#Or
  T ==K ( call initialise () ~> call getInput () ~> call initialise () ~> call getInput () ~> ret getInput _6 ~> ret initialise () ~> ret getInput _9 ~> ret initialise () ~> call initialise () ~> call getInput () ~> call initialise () ~> call getInput () ~> ret getInput _39 ~> ret initialise () ~> ret getInput _52 ~> ret initialise () ~> call initialise () ~> call getInput () ~> ret getInput _96 )
#Or
  T ==K ( call initialise () ~> call getInput () ~> call initialise () ~> call getInput () ~> ret getInput _6 ~> ret initialise () ~> ret getInput _9 ~> ret initialise () ~> call initialise () ~> call getInput () ~> ret getInput _24 )
#Or
  T ==K ( call initialise () ~> call getInput () ~> call initialise () ~> call getInput () ~> ret getInput _6 ~> ret initialise () ~> ret getInput _9 ~> ret initialise () ~> call initialise () ~> call getInput () ~> ret getInput _24 ~> ret initialise () ~> call initialise () ~> call getInput () ~> call initialise () ~> call getInput () ~> ret getInput _76 ~> ret initialise () ~> call initialise () ~> call getInput () ~> ret getInput _130 ~> ret initialise () ~> call initialise () ~> call getInput () ~> ret getInput _199 ~> ret initialise () ~> ret getInput _235 )
#Or
  T ==K ( call initialise () ~> call getInput () ~> call initialise () ~> call getInput () ~> ret getInput _6 ~> ret initialise () ~> ret getInput _9 ~> ret initialise () ~> call initialise () ~> call getInput () ~> ret getInput _24 ~> ret initialise () ~> call initialise () ~> call getInput () ~> call initialise () ~> call getInput () ~> ret getInput _76 ~> ret initialise () ~> call initialise () ~> call getInput () ~> ret getInput _130 ~> ret initialise () ~> ret getInput _160 )
#Or
  T ==K ( call initialise () ~> call getInput () ~> call initialise () ~> call getInput () ~> ret getInput _6 ~> ret initialise () ~> ret getInput _9 ~> ret initialise () ~> call initialise () ~> call getInput () ~> ret getInput _24 ~> ret initialise () ~> call initialise () ~> call getInput () ~> call initialise () ~> call getInput () ~> ret getInput _76 ~> ret initialise () ~> ret getInput _97 )
#Or
  T ==K ( call initialise () ~> call getInput () ~> call initialise () ~> call getInput () ~> ret getInput _6 ~> ret initialise () ~> ret getInput _9 ~> ret initialise () ~> call initialise () ~> call getInput () ~> ret getInput _24 ~> ret initialise () ~> call initialise () ~> call getInput () ~> ret getInput _53 )
#Or
  T ==K ( call initialise () ~> call getInput () ~> ret getInput _2 )
#Or
  T ==K ( call initialise () ~> call getInput () ~> ret getInput _2 ~> ret initialise () ~> call initialise () ~> call getInput () ~> call initialise () ~> call getInput () ~> ret getInput _18 ~> ret initialise () ~> call initialise () ~> call getInput () ~> ret getInput _40 ~> ret initialise () ~> call initialise () ~> call getInput () ~> ret getInput _77 ~> ret initialise () ~> ret getInput _98 )
#Or
  T ==K ( call initialise () ~> call getInput () ~> ret getInput _2 ~> ret initialise () ~> call initialise () ~> call getInput () ~> call initialise () ~> call getInput () ~> ret getInput _18 ~> ret initialise () ~> call initialise () ~> call getInput () ~> ret getInput _40 ~> ret initialise () ~> call initialise () ~> call getInput () ~> ret getInput _77 ~> ret initialise () ~> ret getInput _98 ~> ret initialise () ~> call initialise () ~> call getInput () ~> call initialise () ~> call getInput () ~> ret getInput _200 ~> ret initialise () ~> call initialise () ~> call getInput () ~> ret getInput _275 ~> ret initialise () ~> call initialise () ~> call getInput () ~> ret getInput _343 ~> ret initialise () ~> ret getInput _371 )
#Or
  T ==K ( call initialise () ~> call getInput () ~> ret getInput _2 ~> ret initialise () ~> call initialise () ~> call getInput () ~> call initialise () ~> call getInput () ~> ret getInput _18 ~> ret initialise () ~> call initialise () ~> call getInput () ~> ret getInput _40 ~> ret initialise () ~> call initialise () ~> call getInput () ~> ret getInput _77 ~> ret initialise () ~> ret getInput _98 ~> ret initialise () ~> call initialise () ~> call getInput () ~> call initialise () ~> call getInput () ~> ret getInput _200 ~> ret initialise () ~> call initialise () ~> call getInput () ~> ret getInput _275 ~> ret initialise () ~> ret getInput _310 )
#Or
  T ==K ( call initialise () ~> call getInput () ~> ret getInput _2 ~> ret initialise () ~> call initialise () ~> call getInput () ~> call initialise () ~> call getInput () ~> ret getInput _18 ~> ret initialise () ~> call initialise () ~> call getInput () ~> ret getInput _40 ~> ret initialise () ~> call initialise () ~> call getInput () ~> ret getInput _77 ~> ret initialise () ~> ret getInput _98 ~> ret initialise () ~> call initialise () ~> call getInput () ~> call initialise () ~> call getInput () ~> ret getInput _200 ~> ret initialise () ~> ret getInput _236 )
#Or
  T ==K ( call initialise () ~> call getInput () ~> ret getInput _2 ~> ret initialise () ~> call initialise () ~> call getInput () ~> call initialise () ~> call getInput () ~> ret getInput _18 ~> ret initialise () ~> call initialise () ~> call getInput () ~> ret getInput _40 ~> ret initialise () ~> call initialise () ~> call getInput () ~> ret getInput _77 ~> ret initialise () ~> ret getInput _98 ~> ret initialise () ~> call initialise () ~> call getInput () ~> ret getInput _161 )
#Or
  T ==K ( call initialise () ~> call getInput () ~> ret getInput _2 ~> ret initialise () ~> call initialise () ~> call getInput () ~> call initialise () ~> call getInput () ~> ret getInput _18 ~> ret initialise () ~> call initialise () ~> call getInput () ~> ret getInput _40 ~> ret initialise () ~> ret getInput _54 )
#Or
  T ==K ( call initialise () ~> call getInput () ~> ret getInput _2 ~> ret initialise () ~> call initialise () ~> call getInput () ~> call initialise () ~> call getInput () ~> ret getInput _18 ~> ret initialise () ~> call initialise () ~> call getInput () ~> ret getInput _40 ~> ret initialise () ~> ret getInput _54 ~> ret initialise () ~> call initialise () ~> call getInput () ~> call initialise () ~> call getInput () ~> ret getInput _131 ~> ret initialise () ~> call initialise () ~> call getInput () ~> ret getInput _201 ~> ret initialise () ~> call initialise () ~> call getInput () ~> ret getInput _276 ~> ret initialise () ~> ret getInput _311 )
#Or
  T ==K ( call initialise () ~> call getInput () ~> ret getInput _2 ~> ret initialise () ~> call initialise () ~> call getInput () ~> call initialise () ~> call getInput () ~> ret getInput _18 ~> ret initialise () ~> call initialise () ~> call getInput () ~> ret getInput _40 ~> ret initialise () ~> ret getInput _54 ~> ret initialise () ~> call initialise () ~> call getInput () ~> call initialise () ~> call getInput () ~> ret getInput _131 ~> ret initialise () ~> call initialise () ~> call getInput () ~> ret getInput _201 ~> ret initialise () ~> ret getInput _237 )
#Or
  T ==K ( call initialise () ~> call getInput () ~> ret getInput _2 ~> ret initialise () ~> call initialise () ~> call getInput () ~> call initialise () ~> call getInput () ~> ret getInput _18 ~> ret initialise () ~> call initialise () ~> call getInput () ~> ret getInput _40 ~> ret initialise () ~> ret getInput _54 ~> ret initialise () ~> call initialise () ~> call getInput () ~> call initialise () ~> call getInput () ~> ret getInput _131 ~> ret initialise () ~> ret getInput _162 )
#Or
  T ==K ( call initialise () ~> call getInput () ~> ret getInput _2 ~> ret initialise () ~> call initialise () ~> call getInput () ~> call initialise () ~> call getInput () ~> ret getInput _18 ~> ret initialise () ~> call initialise () ~> call getInput () ~> ret getInput _40 ~> ret initialise () ~> ret getInput _54 ~> ret initialise () ~> call initialise () ~> call getInput () ~> ret getInput _99 )
#Or
  T ==K ( call initialise () ~> call getInput () ~> ret getInput _2 ~> ret initialise () ~> call initialise () ~> call getInput () ~> call initialise () ~> call getInput () ~> ret getInput _18 ~> ret initialise () ~> ret getInput _25 )
#Or
  T ==K ( call initialise () ~> call getInput () ~> ret getInput _2 ~> ret initialise () ~> call initialise () ~> call getInput () ~> call initialise () ~> call getInput () ~> ret getInput _18 ~> ret initialise () ~> ret getInput _25 ~> ret initialise () ~> call initialise () ~> call getInput () ~> call initialise () ~> call getInput () ~> ret getInput _78 ~> ret initialise () ~> call initialise () ~> call getInput () ~> ret getInput _132 ~> ret initialise () ~> call initialise () ~> call getInput () ~> ret getInput _202 ~> ret initialise () ~> ret getInput _238 )
#Or
  T ==K ( call initialise () ~> call getInput () ~> ret getInput _2 ~> ret initialise () ~> call initialise () ~> call getInput () ~> call initialise () ~> call getInput () ~> ret getInput _18 ~> ret initialise () ~> ret getInput _25 ~> ret initialise () ~> call initialise () ~> call getInput () ~> call initialise () ~> call getInput () ~> ret getInput _78 ~> ret initialise () ~> call initialise () ~> call getInput () ~> ret getInput _132 ~> ret initialise () ~> ret getInput _163 )
#Or
  T ==K ( call initialise () ~> call getInput () ~> ret getInput _2 ~> ret initialise () ~> call initialise () ~> call getInput () ~> call initialise () ~> call getInput () ~> ret getInput _18 ~> ret initialise () ~> ret getInput _25 ~> ret initialise () ~> call initialise () ~> call getInput () ~> call initialise () ~> call getInput () ~> ret getInput _78 ~> ret initialise () ~> ret getInput _100 )
#Or
  T ==K ( call initialise () ~> call getInput () ~> ret getInput _2 ~> ret initialise () ~> call initialise () ~> call getInput () ~> call initialise () ~> call getInput () ~> ret getInput _18 ~> ret initialise () ~> ret getInput _25 ~> ret initialise () ~> call initialise () ~> call getInput () ~> ret getInput _55 )
#Or
  T ==K ( call initialise () ~> call getInput () ~> ret getInput _2 ~> ret initialise () ~> call initialise () ~> call getInput () ~> ret getInput _10 )
#Or
  T ==K ( call initialise () ~> call getInput () ~> ret getInput _2 ~> ret initialise () ~> call initialise () ~> call getInput () ~> ret getInput _10 ~> ret initialise () ~> call initialise () ~> call getInput () ~> call initialise () ~> call getInput () ~> ret getInput _41 ~> ret initialise () ~> call initialise () ~> call getInput () ~> ret getInput _79 ~> ret initialise () ~> call initialise () ~> call getInput () ~> ret getInput _133 ~> ret initialise () ~> ret getInput _164 )
#Or
  T ==K ( call initialise () ~> call getInput () ~> ret getInput _2 ~> ret initialise () ~> call initialise () ~> call getInput () ~> ret getInput _10 ~> ret initialise () ~> call initialise () ~> call getInput () ~> call initialise () ~> call getInput () ~> ret getInput _41 ~> ret initialise () ~> call initialise () ~> call getInput () ~> ret getInput _79 ~> ret initialise () ~> ret getInput _101 )
#Or
  T ==K ( call initialise () ~> call getInput () ~> ret getInput _2 ~> ret initialise () ~> call initialise () ~> call getInput () ~> ret getInput _10 ~> ret initialise () ~> call initialise () ~> call getInput () ~> call initialise () ~> call getInput () ~> ret getInput _41 ~> ret initialise () ~> ret getInput _56 )
#Or
  T ==K ( call initialise () ~> call getInput () ~> ret getInput _2 ~> ret initialise () ~> call initialise () ~> call getInput () ~> ret getInput _10 ~> ret initialise () ~> call initialise () ~> call getInput () ~> ret getInput _26 )

real	0m11.359s
user	0m29.458s
sys	0m1.643s
