  T ==K ( call read () ~> call send 100 ~> call write _6 ~> ret write () ~> call write _11 ~> ret write () ~> ret send () )
#Or
  T ==K ( call read () ~> call send 100 ~> call write _6 ~> ret write () ~> call write _11 ~> ret write () ~> ret send () ~> ret read () ~> call read () ~> call send _11 ~> call write _42 ~> ret write () ~> call write _54 ~> ret write () ~> ret send () )
#Or
  T ==K ( call read () ~> call send 100 ~> call write _6 ~> ret write () ~> call write _11 ~> ret write () ~> ret send () ~> ret read () ~> call read () ~> call send _11 ~> call write _42 ~> ret write () ~> ret send () )
#Or
  T ==K ( call read () ~> call send 100 ~> call write _6 ~> ret write () ~> ret send () )
#Or
  T ==K ( call read () ~> call send 100 ~> call write _6 ~> ret write () ~> ret send () ~> ret read () ~> call read () ~> call send _6 ~> call write _32 ~> ret write () ~> call write _43 ~> ret write () ~> ret send () )
#Or
  T ==K ( call read () ~> call send 100 ~> call write _6 ~> ret write () ~> ret send () ~> ret read () ~> call read () ~> call send _6 ~> call write _32 ~> ret write () ~> ret send () )
#Or
  T ==K ( call read () ~> call send 100 ~> ret send () ~> ret read () ~> call read () ~> call send 100 ~> call write _26 ~> ret write () ~> call write _36 ~> ret write () ~> ret send () )
#Or
  T ==K ( call read () ~> call send 100 ~> ret send () ~> ret read () ~> call read () ~> call send 100 ~> call write _26 ~> ret write () ~> ret send () )
#Or
  T ==K ( call write _1 ~> ret write () ~> call read () ~> call send 100 ~> call write _10 ~> ret write () ~> call write _19 ~> ret write () ~> ret send () )
#Or
  T ==K ( call write _1 ~> ret write () ~> call read () ~> call send 100 ~> call write _10 ~> ret write () ~> ret send () )

real	0m5.911s
user	0m16.649s
sys	0m0.594s
