  T ==K ( call openFile () ~> call userExec _2 ~> call openFile () ~> ret openFile () ~> call _2 () )
#Or
  T ==K ( call openFile () ~> call userExec _2 ~> call openFile () ~> ret openFile () ~> call openFile () ~> call userExec _16 ~> ret userExec () ~> ret openFile () ~> ret userExec () ~> ret openFile () ~> call _2 () )
#Or
  T ==K ( call openFile () ~> call userExec _2 ~> call openFile () ~> ret openFile () ~> call openFile () ~> call userExec _16 ~> ret userExec () ~> ret openFile () ~> ret userExec () ~> ret openFile () ~> call _16 () )
#Or
  T ==K ( call openFile () ~> call userExec _2 ~> call openFile () ~> ret openFile () ~> call openFile () ~> call userExec _16 ~> ret userExec () ~> ret openFile () ~> ret userExec () ~> ret openFile () ~> call openFile () ~> call userExec _46 ~> call openFile () ~> ret openFile () ~> call _2 () )
#Or
  T ==K ( call openFile () ~> call userExec _2 ~> call openFile () ~> ret openFile () ~> call openFile () ~> call userExec _16 ~> ret userExec () ~> ret openFile () ~> ret userExec () ~> ret openFile () ~> call openFile () ~> call userExec _46 ~> call openFile () ~> ret openFile () ~> call _16 () )
#Or
  T ==K ( call openFile () ~> call userExec _2 ~> call openFile () ~> ret openFile () ~> call openFile () ~> call userExec _16 ~> ret userExec () ~> ret openFile () ~> ret userExec () ~> ret openFile () ~> call openFile () ~> call userExec _46 ~> call openFile () ~> ret openFile () ~> call _46 () )
#Or
  T ==K ( call openFile () ~> call userExec _2 ~> call openFile () ~> ret openFile () ~> ret userExec () ~> ret openFile () ~> call _2 () )
#Or
  T ==K ( call openFile () ~> call userExec _2 ~> call openFile () ~> ret openFile () ~> ret userExec () ~> ret openFile () ~> call openFile () ~> call userExec _23 ~> call openFile () ~> ret openFile () ~> call _2 () )
#Or
  T ==K ( call openFile () ~> call userExec _2 ~> call openFile () ~> ret openFile () ~> ret userExec () ~> ret openFile () ~> call openFile () ~> call userExec _23 ~> call openFile () ~> ret openFile () ~> call _23 () )
#Or
  T ==K ( call openFile () ~> call userExec _2 ~> ret userExec () ~> ret openFile () ~> call _2 () )
#Or
  T ==K ( call openFile () ~> call userExec _2 ~> ret userExec () ~> ret openFile () ~> call openFile () ~> call userExec _11 ~> call openFile () ~> ret openFile () ~> call _2 () )
#Or
  T ==K ( call openFile () ~> call userExec _2 ~> ret userExec () ~> ret openFile () ~> call openFile () ~> call userExec _11 ~> call openFile () ~> ret openFile () ~> call _11 () )

real	0m5.801s
user	0m16.125s
sys	0m0.513s
