  T ==K ( call check_access () ~> call file_stream () ~> call check_access () ~> call file_stream () ~> call check_access () ~> call file_stream () ~> call check_access () ~> call file_stream () ~> call check_access () ~> call file_stream () ~> ret file_stream _38 )
#Or
  T ==K ( call check_access () ~> call file_stream () ~> call check_access () ~> call file_stream () ~> call check_access () ~> call file_stream () ~> call check_access () ~> call file_stream () ~> call check_access () ~> call file_stream () ~> ret file_stream _38 ~> ret check_access () ~> ret file_stream _100 )
#Or
  T ==K ( call check_access () ~> call file_stream () ~> call check_access () ~> call file_stream () ~> call check_access () ~> call file_stream () ~> call check_access () ~> call file_stream () ~> call check_access () ~> call file_stream () ~> ret file_stream _38 ~> ret check_access () ~> ret file_stream _100 ~> ret check_access () ~> ret file_stream _182 )
#Or
  T ==K ( call check_access () ~> call file_stream () ~> call check_access () ~> call file_stream () ~> call check_access () ~> call file_stream () ~> call check_access () ~> call file_stream () ~> call check_access () ~> call file_stream () ~> ret file_stream _38 ~> ret check_access () ~> ret file_stream _100 ~> ret check_access () ~> ret file_stream _182 ~> ret check_access () ~> ret file_stream _290 )
#Or
  T ==K ( call check_access () ~> call file_stream () ~> call check_access () ~> call file_stream () ~> call check_access () ~> call file_stream () ~> call check_access () ~> call file_stream () ~> call check_access () ~> call file_stream () ~> ret file_stream _38 ~> ret check_access () ~> ret file_stream _100 ~> ret check_access () ~> ret file_stream _182 ~> ret check_access () ~> ret file_stream _290 ~> ret check_access () ~> ret file_stream _458 )
#Or
  T ==K ( call check_access () ~> call file_stream () ~> call check_access () ~> call file_stream () ~> call check_access () ~> call file_stream () ~> call check_access () ~> call file_stream () ~> call check_access () ~> call file_stream () ~> ret file_stream _38 ~> ret check_access () ~> ret file_stream _100 ~> ret check_access () ~> ret file_stream _182 ~> ret check_access () ~> ret file_stream _290 ~> ret check_access () ~> ret file_stream _459 )
#Or
  T ==K ( call check_access () ~> call file_stream () ~> call check_access () ~> call file_stream () ~> call check_access () ~> call file_stream () ~> call check_access () ~> call file_stream () ~> call check_access () ~> call file_stream () ~> ret file_stream _38 ~> ret check_access () ~> ret file_stream _100 ~> ret check_access () ~> ret file_stream _182 ~> ret check_access () ~> ret file_stream _291 )
#Or
  T ==K ( call check_access () ~> call file_stream () ~> call check_access () ~> call file_stream () ~> call check_access () ~> call file_stream () ~> call check_access () ~> call file_stream () ~> call check_access () ~> call file_stream () ~> ret file_stream _38 ~> ret check_access () ~> ret file_stream _100 ~> ret check_access () ~> ret file_stream _182 ~> ret check_access () ~> ret file_stream _291 ~> ret check_access () ~> ret file_stream _460 )
#Or
  T ==K ( call check_access () ~> call file_stream () ~> call check_access () ~> call file_stream () ~> call check_access () ~> call file_stream () ~> call check_access () ~> call file_stream () ~> call check_access () ~> call file_stream () ~> ret file_stream _38 ~> ret check_access () ~> ret file_stream _100 ~> ret check_access () ~> ret file_stream _182 ~> ret check_access () ~> ret file_stream _291 ~> ret check_access () ~> ret file_stream _461 )
#Or
  T ==K ( call check_access () ~> call file_stream () ~> call check_access () ~> call file_stream () ~> call check_access () ~> call file_stream () ~> call check_access () ~> call file_stream () ~> call check_access () ~> call file_stream () ~> ret file_stream _38 ~> ret check_access () ~> ret file_stream _100 ~> ret check_access () ~> ret file_stream _183 )
#Or
  T ==K ( call check_access () ~> call file_stream () ~> call check_access () ~> call file_stream () ~> call check_access () ~> call file_stream () ~> call check_access () ~> call file_stream () ~> call check_access () ~> call file_stream () ~> ret file_stream _38 ~> ret check_access () ~> ret file_stream _100 ~> ret check_access () ~> ret file_stream _183 ~> ret check_access () ~> ret file_stream _292 )
#Or
  T ==K ( call check_access () ~> call file_stream () ~> call check_access () ~> call file_stream () ~> call check_access () ~> call file_stream () ~> call check_access () ~> call file_stream () ~> call check_access () ~> call file_stream () ~> ret file_stream _38 ~> ret check_access () ~> ret file_stream _100 ~> ret check_access () ~> ret file_stream _183 ~> ret check_access () ~> ret file_stream _292 ~> ret check_access () ~> ret file_stream _462 )
#Or
  T ==K ( call check_access () ~> call file_stream () ~> call check_access () ~> call file_stream () ~> call check_access () ~> call file_stream () ~> call check_access () ~> call file_stream () ~> call check_access () ~> call file_stream () ~> ret file_stream _38 ~> ret check_access () ~> ret file_stream _100 ~> ret check_access () ~> ret file_stream _183 ~> ret check_access () ~> ret file_stream _292 ~> ret check_access () ~> ret file_stream _463 )
#Or
  T ==K ( call check_access () ~> call file_stream () ~> call check_access () ~> call file_stream () ~> call check_access () ~> call file_stream () ~> call check_access () ~> call file_stream () ~> call check_access () ~> call file_stream () ~> ret file_stream _38 ~> ret check_access () ~> ret file_stream _100 ~> ret check_access () ~> ret file_stream _183 ~> ret check_access () ~> ret file_stream _293 )
#Or
  T ==K ( call check_access () ~> call file_stream () ~> call check_access () ~> call file_stream () ~> call check_access () ~> call file_stream () ~> call check_access () ~> call file_stream () ~> call check_access () ~> call file_stream () ~> ret file_stream _38 ~> ret check_access () ~> ret file_stream _100 ~> ret check_access () ~> ret file_stream _183 ~> ret check_access () ~> ret file_stream _293 ~> ret check_access () ~> ret file_stream _464 )
#Or
  T ==K ( call check_access () ~> call file_stream () ~> call check_access () ~> call file_stream () ~> call check_access () ~> call file_stream () ~> call check_access () ~> call file_stream () ~> call check_access () ~> call file_stream () ~> ret file_stream _38 ~> ret check_access () ~> ret file_stream _100 ~> ret check_access () ~> ret file_stream _183 ~> ret check_access () ~> ret file_stream _293 ~> ret check_access () ~> ret file_stream _465 )
#Or
  T ==K ( call check_access () ~> call file_stream () ~> call check_access () ~> call file_stream () ~> call check_access () ~> call file_stream () ~> call check_access () ~> call file_stream () ~> call check_access () ~> call file_stream () ~> ret file_stream _38 ~> ret check_access () ~> ret file_stream _101 )
#Or
  T ==K ( call check_access () ~> call file_stream () ~> call check_access () ~> call file_stream () ~> call check_access () ~> call file_stream () ~> call check_access () ~> call file_stream () ~> call check_access () ~> call file_stream () ~> ret file_stream _38 ~> ret check_access () ~> ret file_stream _101 ~> ret check_access () ~> ret file_stream _184 )
#Or
  T ==K ( call check_access () ~> call file_stream () ~> call check_access () ~> call file_stream () ~> call check_access () ~> call file_stream () ~> call check_access () ~> call file_stream () ~> call check_access () ~> call file_stream () ~> ret file_stream _38 ~> ret check_access () ~> ret file_stream _101 ~> ret check_access () ~> ret file_stream _184 ~> ret check_access () ~> ret file_stream _294 )
#Or
  T ==K ( call check_access () ~> call file_stream () ~> call check_access () ~> call file_stream () ~> call check_access () ~> call file_stream () ~> call check_access () ~> call file_stream () ~> call check_access () ~> call file_stream () ~> ret file_stream _38 ~> ret check_access () ~> ret file_stream _101 ~> ret check_access () ~> ret file_stream _184 ~> ret check_access () ~> ret file_stream _294 ~> ret check_access () ~> ret file_stream _466 )
#Or
  T ==K ( call check_access () ~> call file_stream () ~> call check_access () ~> call file_stream () ~> call check_access () ~> call file_stream () ~> call check_access () ~> call file_stream () ~> call check_access () ~> call file_stream () ~> ret file_stream _38 ~> ret check_access () ~> ret file_stream _101 ~> ret check_access () ~> ret file_stream _184 ~> ret check_access () ~> ret file_stream _294 ~> ret check_access () ~> ret file_stream _467 )
#Or
  T ==K ( call check_access () ~> call file_stream () ~> call check_access () ~> call file_stream () ~> call check_access () ~> call file_stream () ~> call check_access () ~> call file_stream () ~> call check_access () ~> call file_stream () ~> ret file_stream _38 ~> ret check_access () ~> ret file_stream _101 ~> ret check_access () ~> ret file_stream _184 ~> ret check_access () ~> ret file_stream _295 )
#Or
  T ==K ( call check_access () ~> call file_stream () ~> call check_access () ~> call file_stream () ~> call check_access () ~> call file_stream () ~> call check_access () ~> call file_stream () ~> call check_access () ~> call file_stream () ~> ret file_stream _38 ~> ret check_access () ~> ret file_stream _101 ~> ret check_access () ~> ret file_stream _184 ~> ret check_access () ~> ret file_stream _295 ~> ret check_access () ~> ret file_stream _468 )
#Or
  T ==K ( call check_access () ~> call file_stream () ~> call check_access () ~> call file_stream () ~> call check_access () ~> call file_stream () ~> call check_access () ~> call file_stream () ~> call check_access () ~> call file_stream () ~> ret file_stream _38 ~> ret check_access () ~> ret file_stream _101 ~> ret check_access () ~> ret file_stream _184 ~> ret check_access () ~> ret file_stream _295 ~> ret check_access () ~> ret file_stream _469 )
#Or
  T ==K ( call check_access () ~> call file_stream () ~> call check_access () ~> call file_stream () ~> call check_access () ~> call file_stream () ~> call check_access () ~> call file_stream () ~> call check_access () ~> call file_stream () ~> ret file_stream _38 ~> ret check_access () ~> ret file_stream _101 ~> ret check_access () ~> ret file_stream _185 )
#Or
  T ==K ( call check_access () ~> call file_stream () ~> call check_access () ~> call file_stream () ~> call check_access () ~> call file_stream () ~> call check_access () ~> call file_stream () ~> call check_access () ~> call file_stream () ~> ret file_stream _38 ~> ret check_access () ~> ret file_stream _101 ~> ret check_access () ~> ret file_stream _185 ~> ret check_access () ~> ret file_stream _296 )
#Or
  T ==K ( call check_access () ~> call file_stream () ~> call check_access () ~> call file_stream () ~> call check_access () ~> call file_stream () ~> call check_access () ~> call file_stream () ~> call check_access () ~> call file_stream () ~> ret file_stream _38 ~> ret check_access () ~> ret file_stream _101 ~> ret check_access () ~> ret file_stream _185 ~> ret check_access () ~> ret file_stream _296 ~> ret check_access () ~> ret file_stream _470 )
#Or
  T ==K ( call check_access () ~> call file_stream () ~> call check_access () ~> call file_stream () ~> call check_access () ~> call file_stream () ~> call check_access () ~> call file_stream () ~> call check_access () ~> call file_stream () ~> ret file_stream _38 ~> ret check_access () ~> ret file_stream _101 ~> ret check_access () ~> ret file_stream _185 ~> ret check_access () ~> ret file_stream _296 ~> ret check_access () ~> ret file_stream _471 )
#Or
  T ==K ( call check_access () ~> call file_stream () ~> call check_access () ~> call file_stream () ~> call check_access () ~> call file_stream () ~> call check_access () ~> call file_stream () ~> call check_access () ~> call file_stream () ~> ret file_stream _38 ~> ret check_access () ~> ret file_stream _101 ~> ret check_access () ~> ret file_stream _185 ~> ret check_access () ~> ret file_stream _297 )
#Or
  T ==K ( call check_access () ~> call file_stream () ~> call check_access () ~> call file_stream () ~> call check_access () ~> call file_stream () ~> call check_access () ~> call file_stream () ~> call check_access () ~> call file_stream () ~> ret file_stream _38 ~> ret check_access () ~> ret file_stream _101 ~> ret check_access () ~> ret file_stream _185 ~> ret check_access () ~> ret file_stream _297 ~> ret check_access () ~> ret file_stream _472 )
#Or
  T ==K ( call check_access () ~> call file_stream () ~> call check_access () ~> call file_stream () ~> call check_access () ~> call file_stream () ~> call check_access () ~> call file_stream () ~> call check_access () ~> call file_stream () ~> ret file_stream _38 ~> ret check_access () ~> ret file_stream _101 ~> ret check_access () ~> ret file_stream _185 ~> ret check_access () ~> ret file_stream _297 ~> ret check_access () ~> ret file_stream _473 )
#Or
  T ==K ( call check_access () ~> call file_stream () ~> call check_access () ~> call file_stream () ~> call check_access () ~> call file_stream () ~> call check_access () ~> call file_stream () ~> ret file_stream _24 )
#Or
  T ==K ( call check_access () ~> call file_stream () ~> call check_access () ~> call file_stream () ~> call check_access () ~> call file_stream () ~> call check_access () ~> call file_stream () ~> ret file_stream _24 ~> ret check_access () ~> ret file_stream _74 )
#Or
  T ==K ( call check_access () ~> call file_stream () ~> call check_access () ~> call file_stream () ~> call check_access () ~> call file_stream () ~> call check_access () ~> call file_stream () ~> ret file_stream _24 ~> ret check_access () ~> ret file_stream _74 ~> ret check_access () ~> ret file_stream _146 )
#Or
  T ==K ( call check_access () ~> call file_stream () ~> call check_access () ~> call file_stream () ~> call check_access () ~> call file_stream () ~> call check_access () ~> call file_stream () ~> ret file_stream _24 ~> ret check_access () ~> ret file_stream _74 ~> ret check_access () ~> ret file_stream _146 ~> ret check_access () ~> ret file_stream _266 )
#Or
  T ==K ( call check_access () ~> call file_stream () ~> call check_access () ~> call file_stream () ~> call check_access () ~> call file_stream () ~> call check_access () ~> call file_stream () ~> ret file_stream _24 ~> ret check_access () ~> ret file_stream _74 ~> ret check_access () ~> ret file_stream _146 ~> ret check_access () ~> ret file_stream _267 )
#Or
  T ==K ( call check_access () ~> call file_stream () ~> call check_access () ~> call file_stream () ~> call check_access () ~> call file_stream () ~> call check_access () ~> call file_stream () ~> ret file_stream _24 ~> ret check_access () ~> ret file_stream _74 ~> ret check_access () ~> ret file_stream _147 )
#Or
  T ==K ( call check_access () ~> call file_stream () ~> call check_access () ~> call file_stream () ~> call check_access () ~> call file_stream () ~> call check_access () ~> call file_stream () ~> ret file_stream _24 ~> ret check_access () ~> ret file_stream _74 ~> ret check_access () ~> ret file_stream _147 ~> ret check_access () ~> ret file_stream _268 )
#Or
  T ==K ( call check_access () ~> call file_stream () ~> call check_access () ~> call file_stream () ~> call check_access () ~> call file_stream () ~> call check_access () ~> call file_stream () ~> ret file_stream _24 ~> ret check_access () ~> ret file_stream _74 ~> ret check_access () ~> ret file_stream _147 ~> ret check_access () ~> ret file_stream _269 )
#Or
  T ==K ( call check_access () ~> call file_stream () ~> call check_access () ~> call file_stream () ~> call check_access () ~> call file_stream () ~> call check_access () ~> call file_stream () ~> ret file_stream _24 ~> ret check_access () ~> ret file_stream _75 )
#Or
  T ==K ( call check_access () ~> call file_stream () ~> call check_access () ~> call file_stream () ~> call check_access () ~> call file_stream () ~> call check_access () ~> call file_stream () ~> ret file_stream _24 ~> ret check_access () ~> ret file_stream _75 ~> ret check_access () ~> ret file_stream _148 )
#Or
  T ==K ( call check_access () ~> call file_stream () ~> call check_access () ~> call file_stream () ~> call check_access () ~> call file_stream () ~> call check_access () ~> call file_stream () ~> ret file_stream _24 ~> ret check_access () ~> ret file_stream _75 ~> ret check_access () ~> ret file_stream _148 ~> ret check_access () ~> ret file_stream _270 )
#Or
  T ==K ( call check_access () ~> call file_stream () ~> call check_access () ~> call file_stream () ~> call check_access () ~> call file_stream () ~> call check_access () ~> call file_stream () ~> ret file_stream _24 ~> ret check_access () ~> ret file_stream _75 ~> ret check_access () ~> ret file_stream _148 ~> ret check_access () ~> ret file_stream _271 )
#Or
  T ==K ( call check_access () ~> call file_stream () ~> call check_access () ~> call file_stream () ~> call check_access () ~> call file_stream () ~> call check_access () ~> call file_stream () ~> ret file_stream _24 ~> ret check_access () ~> ret file_stream _75 ~> ret check_access () ~> ret file_stream _149 )
#Or
  T ==K ( call check_access () ~> call file_stream () ~> call check_access () ~> call file_stream () ~> call check_access () ~> call file_stream () ~> call check_access () ~> call file_stream () ~> ret file_stream _24 ~> ret check_access () ~> ret file_stream _75 ~> ret check_access () ~> ret file_stream _149 ~> ret check_access () ~> ret file_stream _272 )
#Or
  T ==K ( call check_access () ~> call file_stream () ~> call check_access () ~> call file_stream () ~> call check_access () ~> call file_stream () ~> call check_access () ~> call file_stream () ~> ret file_stream _24 ~> ret check_access () ~> ret file_stream _75 ~> ret check_access () ~> ret file_stream _149 ~> ret check_access () ~> ret file_stream _273 )
#Or
  T ==K ( call check_access () ~> call file_stream () ~> call check_access () ~> call file_stream () ~> call check_access () ~> call file_stream () ~> ret file_stream _12 )
#Or
  T ==K ( call check_access () ~> call file_stream () ~> call check_access () ~> call file_stream () ~> call check_access () ~> call file_stream () ~> ret file_stream _12 ~> ret check_access () ~> ret file_stream _50 )
#Or
  T ==K ( call check_access () ~> call file_stream () ~> call check_access () ~> call file_stream () ~> call check_access () ~> call file_stream () ~> ret file_stream _12 ~> ret check_access () ~> ret file_stream _50 ~> ret check_access () ~> ret file_stream _122 )
#Or
  T ==K ( call check_access () ~> call file_stream () ~> call check_access () ~> call file_stream () ~> call check_access () ~> call file_stream () ~> ret file_stream _12 ~> ret check_access () ~> ret file_stream _50 ~> ret check_access () ~> ret file_stream _123 )
#Or
  T ==K ( call check_access () ~> call file_stream () ~> call check_access () ~> call file_stream () ~> call check_access () ~> call file_stream () ~> ret file_stream _12 ~> ret check_access () ~> ret file_stream _51 )
#Or
  T ==K ( call check_access () ~> call file_stream () ~> call check_access () ~> call file_stream () ~> call check_access () ~> call file_stream () ~> ret file_stream _12 ~> ret check_access () ~> ret file_stream _51 ~> ret check_access () ~> ret file_stream _124 )
#Or
  T ==K ( call check_access () ~> call file_stream () ~> call check_access () ~> call file_stream () ~> call check_access () ~> call file_stream () ~> ret file_stream _12 ~> ret check_access () ~> ret file_stream _51 ~> ret check_access () ~> ret file_stream _125 )
#Or
  T ==K ( call check_access () ~> call file_stream () ~> call check_access () ~> call file_stream () ~> ret file_stream _4 )
#Or
  T ==K ( call check_access () ~> call file_stream () ~> call check_access () ~> call file_stream () ~> ret file_stream _4 ~> ret check_access () ~> ret file_stream _36 )
#Or
  T ==K ( call check_access () ~> call file_stream () ~> call check_access () ~> call file_stream () ~> ret file_stream _4 ~> ret check_access () ~> ret file_stream _37 )
#Or
  T ==K ( call check_access () ~> call file_stream () ~> ret file_stream _2 )

real	0m9.455s
user	0m24.792s
sys	0m1.264s
