  T ==K ( call check_access () ~> call file_stream () ~> call check_access () ~> call file_stream () ~> ret file_stream _4 )
#Or
  T ==K ( call check_access () ~> call file_stream () ~> call check_access () ~> call file_stream () ~> ret file_stream _4 ~> ret check_access () ~> call check_access () ~> call file_stream () ~> ret file_stream _36 )
#Or
  T ==K ( call check_access () ~> call file_stream () ~> call check_access () ~> call file_stream () ~> ret file_stream _4 ~> ret check_access () ~> call check_access () ~> call file_stream () ~> ret file_stream _36 ~> ret check_access () ~> ret file_stream _128 )
#Or
  T ==K ( call check_access () ~> call file_stream () ~> call check_access () ~> call file_stream () ~> ret file_stream _4 ~> ret check_access () ~> call check_access () ~> call file_stream () ~> ret file_stream _36 ~> ret check_access () ~> ret file_stream _128 ~> ret check_access () ~> call check_access () ~> call file_stream () ~> call check_access () ~> call file_stream () ~> ret file_stream _412 )
#Or
  T ==K ( call check_access () ~> call file_stream () ~> call check_access () ~> call file_stream () ~> ret file_stream _4 ~> ret check_access () ~> call check_access () ~> call file_stream () ~> ret file_stream _36 ~> ret check_access () ~> ret file_stream _128 ~> ret check_access () ~> call check_access () ~> call file_stream () ~> call check_access () ~> call file_stream () ~> ret file_stream _412 ~> ret check_access () ~> call check_access () ~> call file_stream () ~> ret file_stream _892 )
#Or
  T ==K ( call check_access () ~> call file_stream () ~> call check_access () ~> call file_stream () ~> ret file_stream _4 ~> ret check_access () ~> call check_access () ~> call file_stream () ~> ret file_stream _36 ~> ret check_access () ~> ret file_stream _128 ~> ret check_access () ~> call check_access () ~> call file_stream () ~> call check_access () ~> call file_stream () ~> ret file_stream _412 ~> ret check_access () ~> call check_access () ~> call file_stream () ~> ret file_stream _892 ~> ret check_access () ~> ret file_stream _1404 )
#Or
  T ==K ( call check_access () ~> call file_stream () ~> call check_access () ~> call file_stream () ~> ret file_stream _4 ~> ret check_access () ~> call check_access () ~> call file_stream () ~> ret file_stream _36 ~> ret check_access () ~> ret file_stream _128 ~> ret check_access () ~> call check_access () ~> call file_stream () ~> call check_access () ~> call file_stream () ~> ret file_stream _412 ~> ret check_access () ~> call check_access () ~> call file_stream () ~> ret file_stream _892 ~> ret check_access () ~> ret file_stream _1405 )
#Or
  T ==K ( call check_access () ~> call file_stream () ~> call check_access () ~> call file_stream () ~> ret file_stream _4 ~> ret check_access () ~> call check_access () ~> call file_stream () ~> ret file_stream _36 ~> ret check_access () ~> ret file_stream _128 ~> ret check_access () ~> call check_access () ~> call file_stream () ~> call check_access () ~> call file_stream () ~> ret file_stream _412 ~> ret check_access () ~> call check_access () ~> call file_stream () ~> ret file_stream _893 )
#Or
  T ==K ( call check_access () ~> call file_stream () ~> call check_access () ~> call file_stream () ~> ret file_stream _4 ~> ret check_access () ~> call check_access () ~> call file_stream () ~> ret file_stream _36 ~> ret check_access () ~> ret file_stream _128 ~> ret check_access () ~> call check_access () ~> call file_stream () ~> call check_access () ~> call file_stream () ~> ret file_stream _412 ~> ret check_access () ~> call check_access () ~> call file_stream () ~> ret file_stream _893 ~> ret check_access () ~> ret file_stream _1406 )
#Or
  T ==K ( call check_access () ~> call file_stream () ~> call check_access () ~> call file_stream () ~> ret file_stream _4 ~> ret check_access () ~> call check_access () ~> call file_stream () ~> ret file_stream _36 ~> ret check_access () ~> ret file_stream _128 ~> ret check_access () ~> call check_access () ~> call file_stream () ~> call check_access () ~> call file_stream () ~> ret file_stream _412 ~> ret check_access () ~> call check_access () ~> call file_stream () ~> ret file_stream _893 ~> ret check_access () ~> ret file_stream _1407 )
#Or
  T ==K ( call check_access () ~> call file_stream () ~> call check_access () ~> call file_stream () ~> ret file_stream _4 ~> ret check_access () ~> call check_access () ~> call file_stream () ~> ret file_stream _36 ~> ret check_access () ~> ret file_stream _128 ~> ret check_access () ~> call check_access () ~> call file_stream () ~> call check_access () ~> call file_stream () ~> ret file_stream _412 ~> ret check_access () ~> ret file_stream _844 )
#Or
  T ==K ( call check_access () ~> call file_stream () ~> call check_access () ~> call file_stream () ~> ret file_stream _4 ~> ret check_access () ~> call check_access () ~> call file_stream () ~> ret file_stream _36 ~> ret check_access () ~> ret file_stream _128 ~> ret check_access () ~> call check_access () ~> call file_stream () ~> call check_access () ~> call file_stream () ~> ret file_stream _412 ~> ret check_access () ~> ret file_stream _845 )
#Or
  T ==K ( call check_access () ~> call file_stream () ~> call check_access () ~> call file_stream () ~> ret file_stream _4 ~> ret check_access () ~> call check_access () ~> call file_stream () ~> ret file_stream _36 ~> ret check_access () ~> ret file_stream _128 ~> ret check_access () ~> call check_access () ~> call file_stream () ~> call check_access () ~> call file_stream () ~> ret file_stream _413 )
#Or
  T ==K ( call check_access () ~> call file_stream () ~> call check_access () ~> call file_stream () ~> ret file_stream _4 ~> ret check_access () ~> call check_access () ~> call file_stream () ~> ret file_stream _36 ~> ret check_access () ~> ret file_stream _128 ~> ret check_access () ~> call check_access () ~> call file_stream () ~> call check_access () ~> call file_stream () ~> ret file_stream _413 ~> ret check_access () ~> call check_access () ~> call file_stream () ~> ret file_stream _894 )
#Or
  T ==K ( call check_access () ~> call file_stream () ~> call check_access () ~> call file_stream () ~> ret file_stream _4 ~> ret check_access () ~> call check_access () ~> call file_stream () ~> ret file_stream _36 ~> ret check_access () ~> ret file_stream _128 ~> ret check_access () ~> call check_access () ~> call file_stream () ~> call check_access () ~> call file_stream () ~> ret file_stream _413 ~> ret check_access () ~> call check_access () ~> call file_stream () ~> ret file_stream _894 ~> ret check_access () ~> ret file_stream _1408 )
#Or
  T ==K ( call check_access () ~> call file_stream () ~> call check_access () ~> call file_stream () ~> ret file_stream _4 ~> ret check_access () ~> call check_access () ~> call file_stream () ~> ret file_stream _36 ~> ret check_access () ~> ret file_stream _128 ~> ret check_access () ~> call check_access () ~> call file_stream () ~> call check_access () ~> call file_stream () ~> ret file_stream _413 ~> ret check_access () ~> call check_access () ~> call file_stream () ~> ret file_stream _894 ~> ret check_access () ~> ret file_stream _1409 )
#Or
  T ==K ( call check_access () ~> call file_stream () ~> call check_access () ~> call file_stream () ~> ret file_stream _4 ~> ret check_access () ~> call check_access () ~> call file_stream () ~> ret file_stream _36 ~> ret check_access () ~> ret file_stream _128 ~> ret check_access () ~> call check_access () ~> call file_stream () ~> call check_access () ~> call file_stream () ~> ret file_stream _413 ~> ret check_access () ~> call check_access () ~> call file_stream () ~> ret file_stream _895 )
#Or
  T ==K ( call check_access () ~> call file_stream () ~> call check_access () ~> call file_stream () ~> ret file_stream _4 ~> ret check_access () ~> call check_access () ~> call file_stream () ~> ret file_stream _36 ~> ret check_access () ~> ret file_stream _128 ~> ret check_access () ~> call check_access () ~> call file_stream () ~> call check_access () ~> call file_stream () ~> ret file_stream _413 ~> ret check_access () ~> call check_access () ~> call file_stream () ~> ret file_stream _895 ~> ret check_access () ~> ret file_stream _1410 )
#Or
  T ==K ( call check_access () ~> call file_stream () ~> call check_access () ~> call file_stream () ~> ret file_stream _4 ~> ret check_access () ~> call check_access () ~> call file_stream () ~> ret file_stream _36 ~> ret check_access () ~> ret file_stream _128 ~> ret check_access () ~> call check_access () ~> call file_stream () ~> call check_access () ~> call file_stream () ~> ret file_stream _413 ~> ret check_access () ~> call check_access () ~> call file_stream () ~> ret file_stream _895 ~> ret check_access () ~> ret file_stream _1411 )
#Or
  T ==K ( call check_access () ~> call file_stream () ~> call check_access () ~> call file_stream () ~> ret file_stream _4 ~> ret check_access () ~> call check_access () ~> call file_stream () ~> ret file_stream _36 ~> ret check_access () ~> ret file_stream _128 ~> ret check_access () ~> call check_access () ~> call file_stream () ~> call check_access () ~> call file_stream () ~> ret file_stream _413 ~> ret check_access () ~> ret file_stream _846 )
#Or
  T ==K ( call check_access () ~> call file_stream () ~> call check_access () ~> call file_stream () ~> ret file_stream _4 ~> ret check_access () ~> call check_access () ~> call file_stream () ~> ret file_stream _36 ~> ret check_access () ~> ret file_stream _128 ~> ret check_access () ~> call check_access () ~> call file_stream () ~> call check_access () ~> call file_stream () ~> ret file_stream _413 ~> ret check_access () ~> ret file_stream _847 )
#Or
  T ==K ( call check_access () ~> call file_stream () ~> call check_access () ~> call file_stream () ~> ret file_stream _4 ~> ret check_access () ~> call check_access () ~> call file_stream () ~> ret file_stream _36 ~> ret check_access () ~> ret file_stream _128 ~> ret check_access () ~> call check_access () ~> call file_stream () ~> ret file_stream _372 )
#Or
  T ==K ( call check_access () ~> call file_stream () ~> call check_access () ~> call file_stream () ~> ret file_stream _4 ~> ret check_access () ~> call check_access () ~> call file_stream () ~> ret file_stream _36 ~> ret check_access () ~> ret file_stream _128 ~> ret check_access () ~> call check_access () ~> call file_stream () ~> ret file_stream _373 )
#Or
  T ==K ( call check_access () ~> call file_stream () ~> call check_access () ~> call file_stream () ~> ret file_stream _4 ~> ret check_access () ~> call check_access () ~> call file_stream () ~> ret file_stream _36 ~> ret check_access () ~> ret file_stream _129 )
#Or
  T ==K ( call check_access () ~> call file_stream () ~> call check_access () ~> call file_stream () ~> ret file_stream _4 ~> ret check_access () ~> call check_access () ~> call file_stream () ~> ret file_stream _36 ~> ret check_access () ~> ret file_stream _129 ~> ret check_access () ~> call check_access () ~> call file_stream () ~> call check_access () ~> call file_stream () ~> ret file_stream _414 )
#Or
  T ==K ( call check_access () ~> call file_stream () ~> call check_access () ~> call file_stream () ~> ret file_stream _4 ~> ret check_access () ~> call check_access () ~> call file_stream () ~> ret file_stream _36 ~> ret check_access () ~> ret file_stream _129 ~> ret check_access () ~> call check_access () ~> call file_stream () ~> call check_access () ~> call file_stream () ~> ret file_stream _414 ~> ret check_access () ~> call check_access () ~> call file_stream () ~> ret file_stream _896 )
#Or
  T ==K ( call check_access () ~> call file_stream () ~> call check_access () ~> call file_stream () ~> ret file_stream _4 ~> ret check_access () ~> call check_access () ~> call file_stream () ~> ret file_stream _36 ~> ret check_access () ~> ret file_stream _129 ~> ret check_access () ~> call check_access () ~> call file_stream () ~> call check_access () ~> call file_stream () ~> ret file_stream _414 ~> ret check_access () ~> call check_access () ~> call file_stream () ~> ret file_stream _896 ~> ret check_access () ~> ret file_stream _1412 )
#Or
  T ==K ( call check_access () ~> call file_stream () ~> call check_access () ~> call file_stream () ~> ret file_stream _4 ~> ret check_access () ~> call check_access () ~> call file_stream () ~> ret file_stream _36 ~> ret check_access () ~> ret file_stream _129 ~> ret check_access () ~> call check_access () ~> call file_stream () ~> call check_access () ~> call file_stream () ~> ret file_stream _414 ~> ret check_access () ~> call check_access () ~> call file_stream () ~> ret file_stream _896 ~> ret check_access () ~> ret file_stream _1413 )
#Or
  T ==K ( call check_access () ~> call file_stream () ~> call check_access () ~> call file_stream () ~> ret file_stream _4 ~> ret check_access () ~> call check_access () ~> call file_stream () ~> ret file_stream _36 ~> ret check_access () ~> ret file_stream _129 ~> ret check_access () ~> call check_access () ~> call file_stream () ~> call check_access () ~> call file_stream () ~> ret file_stream _414 ~> ret check_access () ~> call check_access () ~> call file_stream () ~> ret file_stream _897 )
#Or
  T ==K ( call check_access () ~> call file_stream () ~> call check_access () ~> call file_stream () ~> ret file_stream _4 ~> ret check_access () ~> call check_access () ~> call file_stream () ~> ret file_stream _36 ~> ret check_access () ~> ret file_stream _129 ~> ret check_access () ~> call check_access () ~> call file_stream () ~> call check_access () ~> call file_stream () ~> ret file_stream _414 ~> ret check_access () ~> call check_access () ~> call file_stream () ~> ret file_stream _897 ~> ret check_access () ~> ret file_stream _1414 )
#Or
  T ==K ( call check_access () ~> call file_stream () ~> call check_access () ~> call file_stream () ~> ret file_stream _4 ~> ret check_access () ~> call check_access () ~> call file_stream () ~> ret file_stream _36 ~> ret check_access () ~> ret file_stream _129 ~> ret check_access () ~> call check_access () ~> call file_stream () ~> call check_access () ~> call file_stream () ~> ret file_stream _414 ~> ret check_access () ~> call check_access () ~> call file_stream () ~> ret file_stream _897 ~> ret check_access () ~> ret file_stream _1415 )
#Or
  T ==K ( call check_access () ~> call file_stream () ~> call check_access () ~> call file_stream () ~> ret file_stream _4 ~> ret check_access () ~> call check_access () ~> call file_stream () ~> ret file_stream _36 ~> ret check_access () ~> ret file_stream _129 ~> ret check_access () ~> call check_access () ~> call file_stream () ~> call check_access () ~> call file_stream () ~> ret file_stream _414 ~> ret check_access () ~> ret file_stream _848 )
#Or
  T ==K ( call check_access () ~> call file_stream () ~> call check_access () ~> call file_stream () ~> ret file_stream _4 ~> ret check_access () ~> call check_access () ~> call file_stream () ~> ret file_stream _36 ~> ret check_access () ~> ret file_stream _129 ~> ret check_access () ~> call check_access () ~> call file_stream () ~> call check_access () ~> call file_stream () ~> ret file_stream _414 ~> ret check_access () ~> ret file_stream _849 )
#Or
  T ==K ( call check_access () ~> call file_stream () ~> call check_access () ~> call file_stream () ~> ret file_stream _4 ~> ret check_access () ~> call check_access () ~> call file_stream () ~> ret file_stream _36 ~> ret check_access () ~> ret file_stream _129 ~> ret check_access () ~> call check_access () ~> call file_stream () ~> call check_access () ~> call file_stream () ~> ret file_stream _415 )
#Or
  T ==K ( call check_access () ~> call file_stream () ~> call check_access () ~> call file_stream () ~> ret file_stream _4 ~> ret check_access () ~> call check_access () ~> call file_stream () ~> ret file_stream _36 ~> ret check_access () ~> ret file_stream _129 ~> ret check_access () ~> call check_access () ~> call file_stream () ~> call check_access () ~> call file_stream () ~> ret file_stream _415 ~> ret check_access () ~> call check_access () ~> call file_stream () ~> ret file_stream _898 )
#Or
  T ==K ( call check_access () ~> call file_stream () ~> call check_access () ~> call file_stream () ~> ret file_stream _4 ~> ret check_access () ~> call check_access () ~> call file_stream () ~> ret file_stream _36 ~> ret check_access () ~> ret file_stream _129 ~> ret check_access () ~> call check_access () ~> call file_stream () ~> call check_access () ~> call file_stream () ~> ret file_stream _415 ~> ret check_access () ~> call check_access () ~> call file_stream () ~> ret file_stream _898 ~> ret check_access () ~> ret file_stream _1416 )
#Or
  T ==K ( call check_access () ~> call file_stream () ~> call check_access () ~> call file_stream () ~> ret file_stream _4 ~> ret check_access () ~> call check_access () ~> call file_stream () ~> ret file_stream _36 ~> ret check_access () ~> ret file_stream _129 ~> ret check_access () ~> call check_access () ~> call file_stream () ~> call check_access () ~> call file_stream () ~> ret file_stream _415 ~> ret check_access () ~> call check_access () ~> call file_stream () ~> ret file_stream _898 ~> ret check_access () ~> ret file_stream _1417 )
#Or
  T ==K ( call check_access () ~> call file_stream () ~> call check_access () ~> call file_stream () ~> ret file_stream _4 ~> ret check_access () ~> call check_access () ~> call file_stream () ~> ret file_stream _36 ~> ret check_access () ~> ret file_stream _129 ~> ret check_access () ~> call check_access () ~> call file_stream () ~> call check_access () ~> call file_stream () ~> ret file_stream _415 ~> ret check_access () ~> call check_access () ~> call file_stream () ~> ret file_stream _899 )
#Or
  T ==K ( call check_access () ~> call file_stream () ~> call check_access () ~> call file_stream () ~> ret file_stream _4 ~> ret check_access () ~> call check_access () ~> call file_stream () ~> ret file_stream _36 ~> ret check_access () ~> ret file_stream _129 ~> ret check_access () ~> call check_access () ~> call file_stream () ~> call check_access () ~> call file_stream () ~> ret file_stream _415 ~> ret check_access () ~> call check_access () ~> call file_stream () ~> ret file_stream _899 ~> ret check_access () ~> ret file_stream _1418 )
#Or
  T ==K ( call check_access () ~> call file_stream () ~> call check_access () ~> call file_stream () ~> ret file_stream _4 ~> ret check_access () ~> call check_access () ~> call file_stream () ~> ret file_stream _36 ~> ret check_access () ~> ret file_stream _129 ~> ret check_access () ~> call check_access () ~> call file_stream () ~> call check_access () ~> call file_stream () ~> ret file_stream _415 ~> ret check_access () ~> call check_access () ~> call file_stream () ~> ret file_stream _899 ~> ret check_access () ~> ret file_stream _1419 )
#Or
  T ==K ( call check_access () ~> call file_stream () ~> call check_access () ~> call file_stream () ~> ret file_stream _4 ~> ret check_access () ~> call check_access () ~> call file_stream () ~> ret file_stream _36 ~> ret check_access () ~> ret file_stream _129 ~> ret check_access () ~> call check_access () ~> call file_stream () ~> call check_access () ~> call file_stream () ~> ret file_stream _415 ~> ret check_access () ~> ret file_stream _850 )
#Or
  T ==K ( call check_access () ~> call file_stream () ~> call check_access () ~> call file_stream () ~> ret file_stream _4 ~> ret check_access () ~> call check_access () ~> call file_stream () ~> ret file_stream _36 ~> ret check_access () ~> ret file_stream _129 ~> ret check_access () ~> call check_access () ~> call file_stream () ~> call check_access () ~> call file_stream () ~> ret file_stream _415 ~> ret check_access () ~> ret file_stream _851 )
#Or
  T ==K ( call check_access () ~> call file_stream () ~> call check_access () ~> call file_stream () ~> ret file_stream _4 ~> ret check_access () ~> call check_access () ~> call file_stream () ~> ret file_stream _36 ~> ret check_access () ~> ret file_stream _129 ~> ret check_access () ~> call check_access () ~> call file_stream () ~> ret file_stream _374 )
#Or
  T ==K ( call check_access () ~> call file_stream () ~> call check_access () ~> call file_stream () ~> ret file_stream _4 ~> ret check_access () ~> call check_access () ~> call file_stream () ~> ret file_stream _36 ~> ret check_access () ~> ret file_stream _129 ~> ret check_access () ~> call check_access () ~> call file_stream () ~> ret file_stream _375 )
#Or
  T ==K ( call check_access () ~> call file_stream () ~> call check_access () ~> call file_stream () ~> ret file_stream _4 ~> ret check_access () ~> call check_access () ~> call file_stream () ~> ret file_stream _37 )
#Or
  T ==K ( call check_access () ~> call file_stream () ~> call check_access () ~> call file_stream () ~> ret file_stream _4 ~> ret check_access () ~> call check_access () ~> call file_stream () ~> ret file_stream _37 ~> ret check_access () ~> ret file_stream _132 )
#Or
  T ==K ( call check_access () ~> call file_stream () ~> call check_access () ~> call file_stream () ~> ret file_stream _4 ~> ret check_access () ~> call check_access () ~> call file_stream () ~> ret file_stream _37 ~> ret check_access () ~> ret file_stream _132 ~> ret check_access () ~> call check_access () ~> call file_stream () ~> call check_access () ~> call file_stream () ~> ret file_stream _420 )
#Or
  T ==K ( call check_access () ~> call file_stream () ~> call check_access () ~> call file_stream () ~> ret file_stream _4 ~> ret check_access () ~> call check_access () ~> call file_stream () ~> ret file_stream _37 ~> ret check_access () ~> ret file_stream _132 ~> ret check_access () ~> call check_access () ~> call file_stream () ~> call check_access () ~> call file_stream () ~> ret file_stream _420 ~> ret check_access () ~> call check_access () ~> call file_stream () ~> ret file_stream _900 )
#Or
  T ==K ( call check_access () ~> call file_stream () ~> call check_access () ~> call file_stream () ~> ret file_stream _4 ~> ret check_access () ~> call check_access () ~> call file_stream () ~> ret file_stream _37 ~> ret check_access () ~> ret file_stream _132 ~> ret check_access () ~> call check_access () ~> call file_stream () ~> call check_access () ~> call file_stream () ~> ret file_stream _420 ~> ret check_access () ~> call check_access () ~> call file_stream () ~> ret file_stream _900 ~> ret check_access () ~> ret file_stream _1420 )
#Or
  T ==K ( call check_access () ~> call file_stream () ~> call check_access () ~> call file_stream () ~> ret file_stream _4 ~> ret check_access () ~> call check_access () ~> call file_stream () ~> ret file_stream _37 ~> ret check_access () ~> ret file_stream _132 ~> ret check_access () ~> call check_access () ~> call file_stream () ~> call check_access () ~> call file_stream () ~> ret file_stream _420 ~> ret check_access () ~> call check_access () ~> call file_stream () ~> ret file_stream _900 ~> ret check_access () ~> ret file_stream _1421 )
#Or
  T ==K ( call check_access () ~> call file_stream () ~> call check_access () ~> call file_stream () ~> ret file_stream _4 ~> ret check_access () ~> call check_access () ~> call file_stream () ~> ret file_stream _37 ~> ret check_access () ~> ret file_stream _132 ~> ret check_access () ~> call check_access () ~> call file_stream () ~> call check_access () ~> call file_stream () ~> ret file_stream _420 ~> ret check_access () ~> call check_access () ~> call file_stream () ~> ret file_stream _901 )
#Or
  T ==K ( call check_access () ~> call file_stream () ~> call check_access () ~> call file_stream () ~> ret file_stream _4 ~> ret check_access () ~> call check_access () ~> call file_stream () ~> ret file_stream _37 ~> ret check_access () ~> ret file_stream _132 ~> ret check_access () ~> call check_access () ~> call file_stream () ~> call check_access () ~> call file_stream () ~> ret file_stream _420 ~> ret check_access () ~> call check_access () ~> call file_stream () ~> ret file_stream _901 ~> ret check_access () ~> ret file_stream _1422 )
#Or
  T ==K ( call check_access () ~> call file_stream () ~> call check_access () ~> call file_stream () ~> ret file_stream _4 ~> ret check_access () ~> call check_access () ~> call file_stream () ~> ret file_stream _37 ~> ret check_access () ~> ret file_stream _132 ~> ret check_access () ~> call check_access () ~> call file_stream () ~> call check_access () ~> call file_stream () ~> ret file_stream _420 ~> ret check_access () ~> call check_access () ~> call file_stream () ~> ret file_stream _901 ~> ret check_access () ~> ret file_stream _1423 )
#Or
  T ==K ( call check_access () ~> call file_stream () ~> call check_access () ~> call file_stream () ~> ret file_stream _4 ~> ret check_access () ~> call check_access () ~> call file_stream () ~> ret file_stream _37 ~> ret check_access () ~> ret file_stream _132 ~> ret check_access () ~> call check_access () ~> call file_stream () ~> call check_access () ~> call file_stream () ~> ret file_stream _420 ~> ret check_access () ~> ret file_stream _860 )
#Or
  T ==K ( call check_access () ~> call file_stream () ~> call check_access () ~> call file_stream () ~> ret file_stream _4 ~> ret check_access () ~> call check_access () ~> call file_stream () ~> ret file_stream _37 ~> ret check_access () ~> ret file_stream _132 ~> ret check_access () ~> call check_access () ~> call file_stream () ~> call check_access () ~> call file_stream () ~> ret file_stream _420 ~> ret check_access () ~> ret file_stream _861 )
#Or
  T ==K ( call check_access () ~> call file_stream () ~> call check_access () ~> call file_stream () ~> ret file_stream _4 ~> ret check_access () ~> call check_access () ~> call file_stream () ~> ret file_stream _37 ~> ret check_access () ~> ret file_stream _132 ~> ret check_access () ~> call check_access () ~> call file_stream () ~> call check_access () ~> call file_stream () ~> ret file_stream _421 )
#Or
  T ==K ( call check_access () ~> call file_stream () ~> call check_access () ~> call file_stream () ~> ret file_stream _4 ~> ret check_access () ~> call check_access () ~> call file_stream () ~> ret file_stream _37 ~> ret check_access () ~> ret file_stream _132 ~> ret check_access () ~> call check_access () ~> call file_stream () ~> call check_access () ~> call file_stream () ~> ret file_stream _421 ~> ret check_access () ~> call check_access () ~> call file_stream () ~> ret file_stream _902 )
#Or
  T ==K ( call check_access () ~> call file_stream () ~> call check_access () ~> call file_stream () ~> ret file_stream _4 ~> ret check_access () ~> call check_access () ~> call file_stream () ~> ret file_stream _37 ~> ret check_access () ~> ret file_stream _132 ~> ret check_access () ~> call check_access () ~> call file_stream () ~> call check_access () ~> call file_stream () ~> ret file_stream _421 ~> ret check_access () ~> call check_access () ~> call file_stream () ~> ret file_stream _902 ~> ret check_access () ~> ret file_stream _1424 )
#Or
  T ==K ( call check_access () ~> call file_stream () ~> call check_access () ~> call file_stream () ~> ret file_stream _4 ~> ret check_access () ~> call check_access () ~> call file_stream () ~> ret file_stream _37 ~> ret check_access () ~> ret file_stream _132 ~> ret check_access () ~> call check_access () ~> call file_stream () ~> call check_access () ~> call file_stream () ~> ret file_stream _421 ~> ret check_access () ~> call check_access () ~> call file_stream () ~> ret file_stream _902 ~> ret check_access () ~> ret file_stream _1425 )
#Or
  T ==K ( call check_access () ~> call file_stream () ~> call check_access () ~> call file_stream () ~> ret file_stream _4 ~> ret check_access () ~> call check_access () ~> call file_stream () ~> ret file_stream _37 ~> ret check_access () ~> ret file_stream _132 ~> ret check_access () ~> call check_access () ~> call file_stream () ~> call check_access () ~> call file_stream () ~> ret file_stream _421 ~> ret check_access () ~> call check_access () ~> call file_stream () ~> ret file_stream _903 )
#Or
  T ==K ( call check_access () ~> call file_stream () ~> call check_access () ~> call file_stream () ~> ret file_stream _4 ~> ret check_access () ~> call check_access () ~> call file_stream () ~> ret file_stream _37 ~> ret check_access () ~> ret file_stream _132 ~> ret check_access () ~> call check_access () ~> call file_stream () ~> call check_access () ~> call file_stream () ~> ret file_stream _421 ~> ret check_access () ~> call check_access () ~> call file_stream () ~> ret file_stream _903 ~> ret check_access () ~> ret file_stream _1426 )
#Or
  T ==K ( call check_access () ~> call file_stream () ~> call check_access () ~> call file_stream () ~> ret file_stream _4 ~> ret check_access () ~> call check_access () ~> call file_stream () ~> ret file_stream _37 ~> ret check_access () ~> ret file_stream _132 ~> ret check_access () ~> call check_access () ~> call file_stream () ~> call check_access () ~> call file_stream () ~> ret file_stream _421 ~> ret check_access () ~> call check_access () ~> call file_stream () ~> ret file_stream _903 ~> ret check_access () ~> ret file_stream _1427 )
#Or
  T ==K ( call check_access () ~> call file_stream () ~> call check_access () ~> call file_stream () ~> ret file_stream _4 ~> ret check_access () ~> call check_access () ~> call file_stream () ~> ret file_stream _37 ~> ret check_access () ~> ret file_stream _132 ~> ret check_access () ~> call check_access () ~> call file_stream () ~> call check_access () ~> call file_stream () ~> ret file_stream _421 ~> ret check_access () ~> ret file_stream _862 )
#Or
  T ==K ( call check_access () ~> call file_stream () ~> call check_access () ~> call file_stream () ~> ret file_stream _4 ~> ret check_access () ~> call check_access () ~> call file_stream () ~> ret file_stream _37 ~> ret check_access () ~> ret file_stream _132 ~> ret check_access () ~> call check_access () ~> call file_stream () ~> call check_access () ~> call file_stream () ~> ret file_stream _421 ~> ret check_access () ~> ret file_stream _863 )
#Or
  T ==K ( call check_access () ~> call file_stream () ~> call check_access () ~> call file_stream () ~> ret file_stream _4 ~> ret check_access () ~> call check_access () ~> call file_stream () ~> ret file_stream _37 ~> ret check_access () ~> ret file_stream _132 ~> ret check_access () ~> call check_access () ~> call file_stream () ~> ret file_stream _380 )
#Or
  T ==K ( call check_access () ~> call file_stream () ~> call check_access () ~> call file_stream () ~> ret file_stream _4 ~> ret check_access () ~> call check_access () ~> call file_stream () ~> ret file_stream _37 ~> ret check_access () ~> ret file_stream _132 ~> ret check_access () ~> call check_access () ~> call file_stream () ~> ret file_stream _381 )
#Or
  T ==K ( call check_access () ~> call file_stream () ~> call check_access () ~> call file_stream () ~> ret file_stream _4 ~> ret check_access () ~> call check_access () ~> call file_stream () ~> ret file_stream _37 ~> ret check_access () ~> ret file_stream _133 )
#Or
  T ==K ( call check_access () ~> call file_stream () ~> call check_access () ~> call file_stream () ~> ret file_stream _4 ~> ret check_access () ~> call check_access () ~> call file_stream () ~> ret file_stream _37 ~> ret check_access () ~> ret file_stream _133 ~> ret check_access () ~> call check_access () ~> call file_stream () ~> call check_access () ~> call file_stream () ~> ret file_stream _422 )
#Or
  T ==K ( call check_access () ~> call file_stream () ~> call check_access () ~> call file_stream () ~> ret file_stream _4 ~> ret check_access () ~> call check_access () ~> call file_stream () ~> ret file_stream _37 ~> ret check_access () ~> ret file_stream _133 ~> ret check_access () ~> call check_access () ~> call file_stream () ~> call check_access () ~> call file_stream () ~> ret file_stream _422 ~> ret check_access () ~> call check_access () ~> call file_stream () ~> ret file_stream _904 )
#Or
  T ==K ( call check_access () ~> call file_stream () ~> call check_access () ~> call file_stream () ~> ret file_stream _4 ~> ret check_access () ~> call check_access () ~> call file_stream () ~> ret file_stream _37 ~> ret check_access () ~> ret file_stream _133 ~> ret check_access () ~> call check_access () ~> call file_stream () ~> call check_access () ~> call file_stream () ~> ret file_stream _422 ~> ret check_access () ~> call check_access () ~> call file_stream () ~> ret file_stream _904 ~> ret check_access () ~> ret file_stream _1428 )
#Or
  T ==K ( call check_access () ~> call file_stream () ~> call check_access () ~> call file_stream () ~> ret file_stream _4 ~> ret check_access () ~> call check_access () ~> call file_stream () ~> ret file_stream _37 ~> ret check_access () ~> ret file_stream _133 ~> ret check_access () ~> call check_access () ~> call file_stream () ~> call check_access () ~> call file_stream () ~> ret file_stream _422 ~> ret check_access () ~> call check_access () ~> call file_stream () ~> ret file_stream _904 ~> ret check_access () ~> ret file_stream _1429 )
#Or
  T ==K ( call check_access () ~> call file_stream () ~> call check_access () ~> call file_stream () ~> ret file_stream _4 ~> ret check_access () ~> call check_access () ~> call file_stream () ~> ret file_stream _37 ~> ret check_access () ~> ret file_stream _133 ~> ret check_access () ~> call check_access () ~> call file_stream () ~> call check_access () ~> call file_stream () ~> ret file_stream _422 ~> ret check_access () ~> call check_access () ~> call file_stream () ~> ret file_stream _905 )
#Or
  T ==K ( call check_access () ~> call file_stream () ~> call check_access () ~> call file_stream () ~> ret file_stream _4 ~> ret check_access () ~> call check_access () ~> call file_stream () ~> ret file_stream _37 ~> ret check_access () ~> ret file_stream _133 ~> ret check_access () ~> call check_access () ~> call file_stream () ~> call check_access () ~> call file_stream () ~> ret file_stream _422 ~> ret check_access () ~> call check_access () ~> call file_stream () ~> ret file_stream _905 ~> ret check_access () ~> ret file_stream _1430 )
#Or
  T ==K ( call check_access () ~> call file_stream () ~> call check_access () ~> call file_stream () ~> ret file_stream _4 ~> ret check_access () ~> call check_access () ~> call file_stream () ~> ret file_stream _37 ~> ret check_access () ~> ret file_stream _133 ~> ret check_access () ~> call check_access () ~> call file_stream () ~> call check_access () ~> call file_stream () ~> ret file_stream _422 ~> ret check_access () ~> call check_access () ~> call file_stream () ~> ret file_stream _905 ~> ret check_access () ~> ret file_stream _1431 )
#Or
  T ==K ( call check_access () ~> call file_stream () ~> call check_access () ~> call file_stream () ~> ret file_stream _4 ~> ret check_access () ~> call check_access () ~> call file_stream () ~> ret file_stream _37 ~> ret check_access () ~> ret file_stream _133 ~> ret check_access () ~> call check_access () ~> call file_stream () ~> call check_access () ~> call file_stream () ~> ret file_stream _422 ~> ret check_access () ~> ret file_stream _864 )
#Or
  T ==K ( call check_access () ~> call file_stream () ~> call check_access () ~> call file_stream () ~> ret file_stream _4 ~> ret check_access () ~> call check_access () ~> call file_stream () ~> ret file_stream _37 ~> ret check_access () ~> ret file_stream _133 ~> ret check_access () ~> call check_access () ~> call file_stream () ~> call check_access () ~> call file_stream () ~> ret file_stream _422 ~> ret check_access () ~> ret file_stream _865 )
#Or
  T ==K ( call check_access () ~> call file_stream () ~> call check_access () ~> call file_stream () ~> ret file_stream _4 ~> ret check_access () ~> call check_access () ~> call file_stream () ~> ret file_stream _37 ~> ret check_access () ~> ret file_stream _133 ~> ret check_access () ~> call check_access () ~> call file_stream () ~> call check_access () ~> call file_stream () ~> ret file_stream _423 )
#Or
  T ==K ( call check_access () ~> call file_stream () ~> call check_access () ~> call file_stream () ~> ret file_stream _4 ~> ret check_access () ~> call check_access () ~> call file_stream () ~> ret file_stream _37 ~> ret check_access () ~> ret file_stream _133 ~> ret check_access () ~> call check_access () ~> call file_stream () ~> call check_access () ~> call file_stream () ~> ret file_stream _423 ~> ret check_access () ~> call check_access () ~> call file_stream () ~> ret file_stream _906 )
#Or
  T ==K ( call check_access () ~> call file_stream () ~> call check_access () ~> call file_stream () ~> ret file_stream _4 ~> ret check_access () ~> call check_access () ~> call file_stream () ~> ret file_stream _37 ~> ret check_access () ~> ret file_stream _133 ~> ret check_access () ~> call check_access () ~> call file_stream () ~> call check_access () ~> call file_stream () ~> ret file_stream _423 ~> ret check_access () ~> call check_access () ~> call file_stream () ~> ret file_stream _906 ~> ret check_access () ~> ret file_stream _1432 )
#Or
  T ==K ( call check_access () ~> call file_stream () ~> call check_access () ~> call file_stream () ~> ret file_stream _4 ~> ret check_access () ~> call check_access () ~> call file_stream () ~> ret file_stream _37 ~> ret check_access () ~> ret file_stream _133 ~> ret check_access () ~> call check_access () ~> call file_stream () ~> call check_access () ~> call file_stream () ~> ret file_stream _423 ~> ret check_access () ~> call check_access () ~> call file_stream () ~> ret file_stream _906 ~> ret check_access () ~> ret file_stream _1433 )
#Or
  T ==K ( call check_access () ~> call file_stream () ~> call check_access () ~> call file_stream () ~> ret file_stream _4 ~> ret check_access () ~> call check_access () ~> call file_stream () ~> ret file_stream _37 ~> ret check_access () ~> ret file_stream _133 ~> ret check_access () ~> call check_access () ~> call file_stream () ~> call check_access () ~> call file_stream () ~> ret file_stream _423 ~> ret check_access () ~> call check_access () ~> call file_stream () ~> ret file_stream _907 )
#Or
  T ==K ( call check_access () ~> call file_stream () ~> call check_access () ~> call file_stream () ~> ret file_stream _4 ~> ret check_access () ~> call check_access () ~> call file_stream () ~> ret file_stream _37 ~> ret check_access () ~> ret file_stream _133 ~> ret check_access () ~> call check_access () ~> call file_stream () ~> call check_access () ~> call file_stream () ~> ret file_stream _423 ~> ret check_access () ~> call check_access () ~> call file_stream () ~> ret file_stream _907 ~> ret check_access () ~> ret file_stream _1434 )
#Or
  T ==K ( call check_access () ~> call file_stream () ~> call check_access () ~> call file_stream () ~> ret file_stream _4 ~> ret check_access () ~> call check_access () ~> call file_stream () ~> ret file_stream _37 ~> ret check_access () ~> ret file_stream _133 ~> ret check_access () ~> call check_access () ~> call file_stream () ~> call check_access () ~> call file_stream () ~> ret file_stream _423 ~> ret check_access () ~> call check_access () ~> call file_stream () ~> ret file_stream _907 ~> ret check_access () ~> ret file_stream _1435 )
#Or
  T ==K ( call check_access () ~> call file_stream () ~> call check_access () ~> call file_stream () ~> ret file_stream _4 ~> ret check_access () ~> call check_access () ~> call file_stream () ~> ret file_stream _37 ~> ret check_access () ~> ret file_stream _133 ~> ret check_access () ~> call check_access () ~> call file_stream () ~> call check_access () ~> call file_stream () ~> ret file_stream _423 ~> ret check_access () ~> ret file_stream _866 )
#Or
  T ==K ( call check_access () ~> call file_stream () ~> call check_access () ~> call file_stream () ~> ret file_stream _4 ~> ret check_access () ~> call check_access () ~> call file_stream () ~> ret file_stream _37 ~> ret check_access () ~> ret file_stream _133 ~> ret check_access () ~> call check_access () ~> call file_stream () ~> call check_access () ~> call file_stream () ~> ret file_stream _423 ~> ret check_access () ~> ret file_stream _867 )
#Or
  T ==K ( call check_access () ~> call file_stream () ~> call check_access () ~> call file_stream () ~> ret file_stream _4 ~> ret check_access () ~> call check_access () ~> call file_stream () ~> ret file_stream _37 ~> ret check_access () ~> ret file_stream _133 ~> ret check_access () ~> call check_access () ~> call file_stream () ~> ret file_stream _382 )
#Or
  T ==K ( call check_access () ~> call file_stream () ~> call check_access () ~> call file_stream () ~> ret file_stream _4 ~> ret check_access () ~> call check_access () ~> call file_stream () ~> ret file_stream _37 ~> ret check_access () ~> ret file_stream _133 ~> ret check_access () ~> call check_access () ~> call file_stream () ~> ret file_stream _383 )
#Or
  T ==K ( call check_access () ~> call file_stream () ~> call check_access () ~> call file_stream () ~> ret file_stream _4 ~> ret check_access () ~> ret file_stream _28 )
#Or
  T ==K ( call check_access () ~> call file_stream () ~> call check_access () ~> call file_stream () ~> ret file_stream _4 ~> ret check_access () ~> ret file_stream _28 ~> ret check_access () ~> call check_access () ~> call file_stream () ~> call check_access () ~> call file_stream () ~> ret file_stream _148 )
#Or
  T ==K ( call check_access () ~> call file_stream () ~> call check_access () ~> call file_stream () ~> ret file_stream _4 ~> ret check_access () ~> ret file_stream _28 ~> ret check_access () ~> call check_access () ~> call file_stream () ~> call check_access () ~> call file_stream () ~> ret file_stream _148 ~> ret check_access () ~> call check_access () ~> call file_stream () ~> ret file_stream _416 )
#Or
  T ==K ( call check_access () ~> call file_stream () ~> call check_access () ~> call file_stream () ~> ret file_stream _4 ~> ret check_access () ~> ret file_stream _28 ~> ret check_access () ~> call check_access () ~> call file_stream () ~> call check_access () ~> call file_stream () ~> ret file_stream _148 ~> ret check_access () ~> call check_access () ~> call file_stream () ~> ret file_stream _416 ~> ret check_access () ~> ret file_stream _852 )
#Or
  T ==K ( call check_access () ~> call file_stream () ~> call check_access () ~> call file_stream () ~> ret file_stream _4 ~> ret check_access () ~> ret file_stream _28 ~> ret check_access () ~> call check_access () ~> call file_stream () ~> call check_access () ~> call file_stream () ~> ret file_stream _148 ~> ret check_access () ~> call check_access () ~> call file_stream () ~> ret file_stream _416 ~> ret check_access () ~> ret file_stream _853 )
#Or
  T ==K ( call check_access () ~> call file_stream () ~> call check_access () ~> call file_stream () ~> ret file_stream _4 ~> ret check_access () ~> ret file_stream _28 ~> ret check_access () ~> call check_access () ~> call file_stream () ~> call check_access () ~> call file_stream () ~> ret file_stream _148 ~> ret check_access () ~> call check_access () ~> call file_stream () ~> ret file_stream _417 )
#Or
  T ==K ( call check_access () ~> call file_stream () ~> call check_access () ~> call file_stream () ~> ret file_stream _4 ~> ret check_access () ~> ret file_stream _28 ~> ret check_access () ~> call check_access () ~> call file_stream () ~> call check_access () ~> call file_stream () ~> ret file_stream _148 ~> ret check_access () ~> call check_access () ~> call file_stream () ~> ret file_stream _417 ~> ret check_access () ~> ret file_stream _854 )
#Or
  T ==K ( call check_access () ~> call file_stream () ~> call check_access () ~> call file_stream () ~> ret file_stream _4 ~> ret check_access () ~> ret file_stream _28 ~> ret check_access () ~> call check_access () ~> call file_stream () ~> call check_access () ~> call file_stream () ~> ret file_stream _148 ~> ret check_access () ~> call check_access () ~> call file_stream () ~> ret file_stream _417 ~> ret check_access () ~> ret file_stream _855 )
#Or
  T ==K ( call check_access () ~> call file_stream () ~> call check_access () ~> call file_stream () ~> ret file_stream _4 ~> ret check_access () ~> ret file_stream _28 ~> ret check_access () ~> call check_access () ~> call file_stream () ~> call check_access () ~> call file_stream () ~> ret file_stream _148 ~> ret check_access () ~> ret file_stream _376 )
#Or
  T ==K ( call check_access () ~> call file_stream () ~> call check_access () ~> call file_stream () ~> ret file_stream _4 ~> ret check_access () ~> ret file_stream _28 ~> ret check_access () ~> call check_access () ~> call file_stream () ~> call check_access () ~> call file_stream () ~> ret file_stream _148 ~> ret check_access () ~> ret file_stream _377 )
#Or
  T ==K ( call check_access () ~> call file_stream () ~> call check_access () ~> call file_stream () ~> ret file_stream _4 ~> ret check_access () ~> ret file_stream _28 ~> ret check_access () ~> call check_access () ~> call file_stream () ~> call check_access () ~> call file_stream () ~> ret file_stream _149 )
#Or
  T ==K ( call check_access () ~> call file_stream () ~> call check_access () ~> call file_stream () ~> ret file_stream _4 ~> ret check_access () ~> ret file_stream _28 ~> ret check_access () ~> call check_access () ~> call file_stream () ~> call check_access () ~> call file_stream () ~> ret file_stream _149 ~> ret check_access () ~> call check_access () ~> call file_stream () ~> ret file_stream _418 )
#Or
  T ==K ( call check_access () ~> call file_stream () ~> call check_access () ~> call file_stream () ~> ret file_stream _4 ~> ret check_access () ~> ret file_stream _28 ~> ret check_access () ~> call check_access () ~> call file_stream () ~> call check_access () ~> call file_stream () ~> ret file_stream _149 ~> ret check_access () ~> call check_access () ~> call file_stream () ~> ret file_stream _418 ~> ret check_access () ~> ret file_stream _856 )
#Or
  T ==K ( call check_access () ~> call file_stream () ~> call check_access () ~> call file_stream () ~> ret file_stream _4 ~> ret check_access () ~> ret file_stream _28 ~> ret check_access () ~> call check_access () ~> call file_stream () ~> call check_access () ~> call file_stream () ~> ret file_stream _149 ~> ret check_access () ~> call check_access () ~> call file_stream () ~> ret file_stream _418 ~> ret check_access () ~> ret file_stream _857 )
#Or
  T ==K ( call check_access () ~> call file_stream () ~> call check_access () ~> call file_stream () ~> ret file_stream _4 ~> ret check_access () ~> ret file_stream _28 ~> ret check_access () ~> call check_access () ~> call file_stream () ~> call check_access () ~> call file_stream () ~> ret file_stream _149 ~> ret check_access () ~> call check_access () ~> call file_stream () ~> ret file_stream _419 )
#Or
  T ==K ( call check_access () ~> call file_stream () ~> call check_access () ~> call file_stream () ~> ret file_stream _4 ~> ret check_access () ~> ret file_stream _28 ~> ret check_access () ~> call check_access () ~> call file_stream () ~> call check_access () ~> call file_stream () ~> ret file_stream _149 ~> ret check_access () ~> call check_access () ~> call file_stream () ~> ret file_stream _419 ~> ret check_access () ~> ret file_stream _858 )
#Or
  T ==K ( call check_access () ~> call file_stream () ~> call check_access () ~> call file_stream () ~> ret file_stream _4 ~> ret check_access () ~> ret file_stream _28 ~> ret check_access () ~> call check_access () ~> call file_stream () ~> call check_access () ~> call file_stream () ~> ret file_stream _149 ~> ret check_access () ~> call check_access () ~> call file_stream () ~> ret file_stream _419 ~> ret check_access () ~> ret file_stream _859 )
#Or
  T ==K ( call check_access () ~> call file_stream () ~> call check_access () ~> call file_stream () ~> ret file_stream _4 ~> ret check_access () ~> ret file_stream _28 ~> ret check_access () ~> call check_access () ~> call file_stream () ~> call check_access () ~> call file_stream () ~> ret file_stream _149 ~> ret check_access () ~> ret file_stream _378 )
#Or
  T ==K ( call check_access () ~> call file_stream () ~> call check_access () ~> call file_stream () ~> ret file_stream _4 ~> ret check_access () ~> ret file_stream _28 ~> ret check_access () ~> call check_access () ~> call file_stream () ~> call check_access () ~> call file_stream () ~> ret file_stream _149 ~> ret check_access () ~> ret file_stream _379 )
#Or
  T ==K ( call check_access () ~> call file_stream () ~> call check_access () ~> call file_stream () ~> ret file_stream _4 ~> ret check_access () ~> ret file_stream _28 ~> ret check_access () ~> call check_access () ~> call file_stream () ~> ret file_stream _130 )
#Or
  T ==K ( call check_access () ~> call file_stream () ~> call check_access () ~> call file_stream () ~> ret file_stream _4 ~> ret check_access () ~> ret file_stream _28 ~> ret check_access () ~> call check_access () ~> call file_stream () ~> ret file_stream _131 )
#Or
  T ==K ( call check_access () ~> call file_stream () ~> call check_access () ~> call file_stream () ~> ret file_stream _4 ~> ret check_access () ~> ret file_stream _29 )
#Or
  T ==K ( call check_access () ~> call file_stream () ~> call check_access () ~> call file_stream () ~> ret file_stream _4 ~> ret check_access () ~> ret file_stream _29 ~> ret check_access () ~> call check_access () ~> call file_stream () ~> call check_access () ~> call file_stream () ~> ret file_stream _150 )
#Or
  T ==K ( call check_access () ~> call file_stream () ~> call check_access () ~> call file_stream () ~> ret file_stream _4 ~> ret check_access () ~> ret file_stream _29 ~> ret check_access () ~> call check_access () ~> call file_stream () ~> call check_access () ~> call file_stream () ~> ret file_stream _150 ~> ret check_access () ~> call check_access () ~> call file_stream () ~> ret file_stream _424 )
#Or
  T ==K ( call check_access () ~> call file_stream () ~> call check_access () ~> call file_stream () ~> ret file_stream _4 ~> ret check_access () ~> ret file_stream _29 ~> ret check_access () ~> call check_access () ~> call file_stream () ~> call check_access () ~> call file_stream () ~> ret file_stream _150 ~> ret check_access () ~> call check_access () ~> call file_stream () ~> ret file_stream _424 ~> ret check_access () ~> ret file_stream _868 )
#Or
  T ==K ( call check_access () ~> call file_stream () ~> call check_access () ~> call file_stream () ~> ret file_stream _4 ~> ret check_access () ~> ret file_stream _29 ~> ret check_access () ~> call check_access () ~> call file_stream () ~> call check_access () ~> call file_stream () ~> ret file_stream _150 ~> ret check_access () ~> call check_access () ~> call file_stream () ~> ret file_stream _424 ~> ret check_access () ~> ret file_stream _869 )
#Or
  T ==K ( call check_access () ~> call file_stream () ~> call check_access () ~> call file_stream () ~> ret file_stream _4 ~> ret check_access () ~> ret file_stream _29 ~> ret check_access () ~> call check_access () ~> call file_stream () ~> call check_access () ~> call file_stream () ~> ret file_stream _150 ~> ret check_access () ~> call check_access () ~> call file_stream () ~> ret file_stream _425 )
#Or
  T ==K ( call check_access () ~> call file_stream () ~> call check_access () ~> call file_stream () ~> ret file_stream _4 ~> ret check_access () ~> ret file_stream _29 ~> ret check_access () ~> call check_access () ~> call file_stream () ~> call check_access () ~> call file_stream () ~> ret file_stream _150 ~> ret check_access () ~> call check_access () ~> call file_stream () ~> ret file_stream _425 ~> ret check_access () ~> ret file_stream _870 )
#Or
  T ==K ( call check_access () ~> call file_stream () ~> call check_access () ~> call file_stream () ~> ret file_stream _4 ~> ret check_access () ~> ret file_stream _29 ~> ret check_access () ~> call check_access () ~> call file_stream () ~> call check_access () ~> call file_stream () ~> ret file_stream _150 ~> ret check_access () ~> call check_access () ~> call file_stream () ~> ret file_stream _425 ~> ret check_access () ~> ret file_stream _871 )
#Or
  T ==K ( call check_access () ~> call file_stream () ~> call check_access () ~> call file_stream () ~> ret file_stream _4 ~> ret check_access () ~> ret file_stream _29 ~> ret check_access () ~> call check_access () ~> call file_stream () ~> call check_access () ~> call file_stream () ~> ret file_stream _150 ~> ret check_access () ~> ret file_stream _384 )
#Or
  T ==K ( call check_access () ~> call file_stream () ~> call check_access () ~> call file_stream () ~> ret file_stream _4 ~> ret check_access () ~> ret file_stream _29 ~> ret check_access () ~> call check_access () ~> call file_stream () ~> call check_access () ~> call file_stream () ~> ret file_stream _150 ~> ret check_access () ~> ret file_stream _385 )
#Or
  T ==K ( call check_access () ~> call file_stream () ~> call check_access () ~> call file_stream () ~> ret file_stream _4 ~> ret check_access () ~> ret file_stream _29 ~> ret check_access () ~> call check_access () ~> call file_stream () ~> call check_access () ~> call file_stream () ~> ret file_stream _151 )
#Or
  T ==K ( call check_access () ~> call file_stream () ~> call check_access () ~> call file_stream () ~> ret file_stream _4 ~> ret check_access () ~> ret file_stream _29 ~> ret check_access () ~> call check_access () ~> call file_stream () ~> call check_access () ~> call file_stream () ~> ret file_stream _151 ~> ret check_access () ~> call check_access () ~> call file_stream () ~> ret file_stream _426 )
#Or
  T ==K ( call check_access () ~> call file_stream () ~> call check_access () ~> call file_stream () ~> ret file_stream _4 ~> ret check_access () ~> ret file_stream _29 ~> ret check_access () ~> call check_access () ~> call file_stream () ~> call check_access () ~> call file_stream () ~> ret file_stream _151 ~> ret check_access () ~> call check_access () ~> call file_stream () ~> ret file_stream _426 ~> ret check_access () ~> ret file_stream _872 )
#Or
  T ==K ( call check_access () ~> call file_stream () ~> call check_access () ~> call file_stream () ~> ret file_stream _4 ~> ret check_access () ~> ret file_stream _29 ~> ret check_access () ~> call check_access () ~> call file_stream () ~> call check_access () ~> call file_stream () ~> ret file_stream _151 ~> ret check_access () ~> call check_access () ~> call file_stream () ~> ret file_stream _426 ~> ret check_access () ~> ret file_stream _873 )
#Or
  T ==K ( call check_access () ~> call file_stream () ~> call check_access () ~> call file_stream () ~> ret file_stream _4 ~> ret check_access () ~> ret file_stream _29 ~> ret check_access () ~> call check_access () ~> call file_stream () ~> call check_access () ~> call file_stream () ~> ret file_stream _151 ~> ret check_access () ~> call check_access () ~> call file_stream () ~> ret file_stream _427 )
#Or
  T ==K ( call check_access () ~> call file_stream () ~> call check_access () ~> call file_stream () ~> ret file_stream _4 ~> ret check_access () ~> ret file_stream _29 ~> ret check_access () ~> call check_access () ~> call file_stream () ~> call check_access () ~> call file_stream () ~> ret file_stream _151 ~> ret check_access () ~> call check_access () ~> call file_stream () ~> ret file_stream _427 ~> ret check_access () ~> ret file_stream _874 )
#Or
  T ==K ( call check_access () ~> call file_stream () ~> call check_access () ~> call file_stream () ~> ret file_stream _4 ~> ret check_access () ~> ret file_stream _29 ~> ret check_access () ~> call check_access () ~> call file_stream () ~> call check_access () ~> call file_stream () ~> ret file_stream _151 ~> ret check_access () ~> call check_access () ~> call file_stream () ~> ret file_stream _427 ~> ret check_access () ~> ret file_stream _875 )
#Or
  T ==K ( call check_access () ~> call file_stream () ~> call check_access () ~> call file_stream () ~> ret file_stream _4 ~> ret check_access () ~> ret file_stream _29 ~> ret check_access () ~> call check_access () ~> call file_stream () ~> call check_access () ~> call file_stream () ~> ret file_stream _151 ~> ret check_access () ~> ret file_stream _386 )
#Or
  T ==K ( call check_access () ~> call file_stream () ~> call check_access () ~> call file_stream () ~> ret file_stream _4 ~> ret check_access () ~> ret file_stream _29 ~> ret check_access () ~> call check_access () ~> call file_stream () ~> call check_access () ~> call file_stream () ~> ret file_stream _151 ~> ret check_access () ~> ret file_stream _387 )
#Or
  T ==K ( call check_access () ~> call file_stream () ~> call check_access () ~> call file_stream () ~> ret file_stream _4 ~> ret check_access () ~> ret file_stream _29 ~> ret check_access () ~> call check_access () ~> call file_stream () ~> ret file_stream _134 )
#Or
  T ==K ( call check_access () ~> call file_stream () ~> call check_access () ~> call file_stream () ~> ret file_stream _4 ~> ret check_access () ~> ret file_stream _29 ~> ret check_access () ~> call check_access () ~> call file_stream () ~> ret file_stream _135 )
#Or
  T ==K ( call check_access () ~> call file_stream () ~> ret file_stream _2 )
#Or
  T ==K ( call check_access () ~> call file_stream () ~> ret file_stream _2 ~> ret check_access () ~> call check_access () ~> call file_stream () ~> call check_access () ~> call file_stream () ~> ret file_stream _38 )
#Or
  T ==K ( call check_access () ~> call file_stream () ~> ret file_stream _2 ~> ret check_access () ~> call check_access () ~> call file_stream () ~> call check_access () ~> call file_stream () ~> ret file_stream _38 ~> ret check_access () ~> call check_access () ~> call file_stream () ~> ret file_stream _152 )
#Or
  T ==K ( call check_access () ~> call file_stream () ~> ret file_stream _2 ~> ret check_access () ~> call check_access () ~> call file_stream () ~> call check_access () ~> call file_stream () ~> ret file_stream _38 ~> ret check_access () ~> call check_access () ~> call file_stream () ~> ret file_stream _152 ~> ret check_access () ~> ret file_stream _388 )
#Or
  T ==K ( call check_access () ~> call file_stream () ~> ret file_stream _2 ~> ret check_access () ~> call check_access () ~> call file_stream () ~> call check_access () ~> call file_stream () ~> ret file_stream _38 ~> ret check_access () ~> call check_access () ~> call file_stream () ~> ret file_stream _152 ~> ret check_access () ~> ret file_stream _389 )
#Or
  T ==K ( call check_access () ~> call file_stream () ~> ret file_stream _2 ~> ret check_access () ~> call check_access () ~> call file_stream () ~> call check_access () ~> call file_stream () ~> ret file_stream _38 ~> ret check_access () ~> call check_access () ~> call file_stream () ~> ret file_stream _153 )
#Or
  T ==K ( call check_access () ~> call file_stream () ~> ret file_stream _2 ~> ret check_access () ~> call check_access () ~> call file_stream () ~> call check_access () ~> call file_stream () ~> ret file_stream _38 ~> ret check_access () ~> call check_access () ~> call file_stream () ~> ret file_stream _153 ~> ret check_access () ~> ret file_stream _390 )
#Or
  T ==K ( call check_access () ~> call file_stream () ~> ret file_stream _2 ~> ret check_access () ~> call check_access () ~> call file_stream () ~> call check_access () ~> call file_stream () ~> ret file_stream _38 ~> ret check_access () ~> call check_access () ~> call file_stream () ~> ret file_stream _153 ~> ret check_access () ~> ret file_stream _391 )
#Or
  T ==K ( call check_access () ~> call file_stream () ~> ret file_stream _2 ~> ret check_access () ~> call check_access () ~> call file_stream () ~> call check_access () ~> call file_stream () ~> ret file_stream _38 ~> ret check_access () ~> ret file_stream _136 )
#Or
  T ==K ( call check_access () ~> call file_stream () ~> ret file_stream _2 ~> ret check_access () ~> call check_access () ~> call file_stream () ~> call check_access () ~> call file_stream () ~> ret file_stream _38 ~> ret check_access () ~> ret file_stream _137 )
#Or
  T ==K ( call check_access () ~> call file_stream () ~> ret file_stream _2 ~> ret check_access () ~> call check_access () ~> call file_stream () ~> call check_access () ~> call file_stream () ~> ret file_stream _39 )
#Or
  T ==K ( call check_access () ~> call file_stream () ~> ret file_stream _2 ~> ret check_access () ~> call check_access () ~> call file_stream () ~> call check_access () ~> call file_stream () ~> ret file_stream _39 ~> ret check_access () ~> call check_access () ~> call file_stream () ~> ret file_stream _154 )
#Or
  T ==K ( call check_access () ~> call file_stream () ~> ret file_stream _2 ~> ret check_access () ~> call check_access () ~> call file_stream () ~> call check_access () ~> call file_stream () ~> ret file_stream _39 ~> ret check_access () ~> call check_access () ~> call file_stream () ~> ret file_stream _154 ~> ret check_access () ~> ret file_stream _392 )
#Or
  T ==K ( call check_access () ~> call file_stream () ~> ret file_stream _2 ~> ret check_access () ~> call check_access () ~> call file_stream () ~> call check_access () ~> call file_stream () ~> ret file_stream _39 ~> ret check_access () ~> call check_access () ~> call file_stream () ~> ret file_stream _154 ~> ret check_access () ~> ret file_stream _393 )
#Or
  T ==K ( call check_access () ~> call file_stream () ~> ret file_stream _2 ~> ret check_access () ~> call check_access () ~> call file_stream () ~> call check_access () ~> call file_stream () ~> ret file_stream _39 ~> ret check_access () ~> call check_access () ~> call file_stream () ~> ret file_stream _155 )
#Or
  T ==K ( call check_access () ~> call file_stream () ~> ret file_stream _2 ~> ret check_access () ~> call check_access () ~> call file_stream () ~> call check_access () ~> call file_stream () ~> ret file_stream _39 ~> ret check_access () ~> call check_access () ~> call file_stream () ~> ret file_stream _155 ~> ret check_access () ~> ret file_stream _394 )
#Or
  T ==K ( call check_access () ~> call file_stream () ~> ret file_stream _2 ~> ret check_access () ~> call check_access () ~> call file_stream () ~> call check_access () ~> call file_stream () ~> ret file_stream _39 ~> ret check_access () ~> call check_access () ~> call file_stream () ~> ret file_stream _155 ~> ret check_access () ~> ret file_stream _395 )
#Or
  T ==K ( call check_access () ~> call file_stream () ~> ret file_stream _2 ~> ret check_access () ~> call check_access () ~> call file_stream () ~> call check_access () ~> call file_stream () ~> ret file_stream _39 ~> ret check_access () ~> ret file_stream _138 )
#Or
  T ==K ( call check_access () ~> call file_stream () ~> ret file_stream _2 ~> ret check_access () ~> call check_access () ~> call file_stream () ~> call check_access () ~> call file_stream () ~> ret file_stream _39 ~> ret check_access () ~> ret file_stream _139 )
#Or
  T ==K ( call check_access () ~> call file_stream () ~> ret file_stream _2 ~> ret check_access () ~> call check_access () ~> call file_stream () ~> ret file_stream _30 )
#Or
  T ==K ( call check_access () ~> call file_stream () ~> ret file_stream _2 ~> ret check_access () ~> call check_access () ~> call file_stream () ~> ret file_stream _31 )

real	0m15.633s
user	0m34.189s
sys	0m2.459s
