  T ==K ( call check_access () ~> call file_stream () ~> call check_access () ~> call file_stream () ~> call check_access () ~> call file_stream () ~> call check_access () ~> call file_stream () ~> ret file_stream _24 )
#Or
  T ==K ( call check_access () ~> call file_stream () ~> call check_access () ~> call file_stream () ~> call check_access () ~> call file_stream () ~> call check_access () ~> call file_stream () ~> ret file_stream _24 ~> ret check_access () ~> ret file_stream _66 )
#Or
  T ==K ( call check_access () ~> call file_stream () ~> call check_access () ~> call file_stream () ~> call check_access () ~> call file_stream () ~> call check_access () ~> call file_stream () ~> ret file_stream _24 ~> ret check_access () ~> ret file_stream _66 ~> ret check_access () ~> ret file_stream _120 )
#Or
  T ==K ( call check_access () ~> call file_stream () ~> call check_access () ~> call file_stream () ~> call check_access () ~> call file_stream () ~> call check_access () ~> call file_stream () ~> ret file_stream _24 ~> ret check_access () ~> ret file_stream _66 ~> ret check_access () ~> ret file_stream _120 ~> ret check_access () ~> ret file_stream _204 )
#Or
  T ==K ( call check_access () ~> call file_stream () ~> call check_access () ~> call file_stream () ~> call check_access () ~> call file_stream () ~> call check_access () ~> call file_stream () ~> ret file_stream _24 ~> ret check_access () ~> ret file_stream _66 ~> ret check_access () ~> ret file_stream _120 ~> ret check_access () ~> ret file_stream _205 )
#Or
  T ==K ( call check_access () ~> call file_stream () ~> call check_access () ~> call file_stream () ~> call check_access () ~> call file_stream () ~> call check_access () ~> call file_stream () ~> ret file_stream _24 ~> ret check_access () ~> ret file_stream _66 ~> ret check_access () ~> ret file_stream _121 )
#Or
  T ==K ( call check_access () ~> call file_stream () ~> call check_access () ~> call file_stream () ~> call check_access () ~> call file_stream () ~> call check_access () ~> call file_stream () ~> ret file_stream _24 ~> ret check_access () ~> ret file_stream _66 ~> ret check_access () ~> ret file_stream _121 ~> ret check_access () ~> ret file_stream _206 )
#Or
  T ==K ( call check_access () ~> call file_stream () ~> call check_access () ~> call file_stream () ~> call check_access () ~> call file_stream () ~> call check_access () ~> call file_stream () ~> ret file_stream _24 ~> ret check_access () ~> ret file_stream _66 ~> ret check_access () ~> ret file_stream _121 ~> ret check_access () ~> ret file_stream _207 )
#Or
  T ==K ( call check_access () ~> call file_stream () ~> call check_access () ~> call file_stream () ~> call check_access () ~> call file_stream () ~> call check_access () ~> call file_stream () ~> ret file_stream _24 ~> ret check_access () ~> ret file_stream _67 )
#Or
  T ==K ( call check_access () ~> call file_stream () ~> call check_access () ~> call file_stream () ~> call check_access () ~> call file_stream () ~> call check_access () ~> call file_stream () ~> ret file_stream _24 ~> ret check_access () ~> ret file_stream _67 ~> ret check_access () ~> ret file_stream _122 )
#Or
  T ==K ( call check_access () ~> call file_stream () ~> call check_access () ~> call file_stream () ~> call check_access () ~> call file_stream () ~> call check_access () ~> call file_stream () ~> ret file_stream _24 ~> ret check_access () ~> ret file_stream _67 ~> ret check_access () ~> ret file_stream _122 ~> ret check_access () ~> ret file_stream _208 )
#Or
  T ==K ( call check_access () ~> call file_stream () ~> call check_access () ~> call file_stream () ~> call check_access () ~> call file_stream () ~> call check_access () ~> call file_stream () ~> ret file_stream _24 ~> ret check_access () ~> ret file_stream _67 ~> ret check_access () ~> ret file_stream _122 ~> ret check_access () ~> ret file_stream _209 )
#Or
  T ==K ( call check_access () ~> call file_stream () ~> call check_access () ~> call file_stream () ~> call check_access () ~> call file_stream () ~> call check_access () ~> call file_stream () ~> ret file_stream _24 ~> ret check_access () ~> ret file_stream _67 ~> ret check_access () ~> ret file_stream _123 )
#Or
  T ==K ( call check_access () ~> call file_stream () ~> call check_access () ~> call file_stream () ~> call check_access () ~> call file_stream () ~> call check_access () ~> call file_stream () ~> ret file_stream _24 ~> ret check_access () ~> ret file_stream _67 ~> ret check_access () ~> ret file_stream _123 ~> ret check_access () ~> ret file_stream _210 )
#Or
  T ==K ( call check_access () ~> call file_stream () ~> call check_access () ~> call file_stream () ~> call check_access () ~> call file_stream () ~> call check_access () ~> call file_stream () ~> ret file_stream _24 ~> ret check_access () ~> ret file_stream _67 ~> ret check_access () ~> ret file_stream _123 ~> ret check_access () ~> ret file_stream _211 )
#Or
  T ==K ( call check_access () ~> call file_stream () ~> call check_access () ~> call file_stream () ~> call check_access () ~> call file_stream () ~> ret file_stream _12 )
#Or
  T ==K ( call check_access () ~> call file_stream () ~> call check_access () ~> call file_stream () ~> call check_access () ~> call file_stream () ~> ret file_stream _12 ~> ret check_access () ~> ret file_stream _48 )
#Or
  T ==K ( call check_access () ~> call file_stream () ~> call check_access () ~> call file_stream () ~> call check_access () ~> call file_stream () ~> ret file_stream _12 ~> ret check_access () ~> ret file_stream _48 ~> ret check_access () ~> ret file_stream _108 )
#Or
  T ==K ( call check_access () ~> call file_stream () ~> call check_access () ~> call file_stream () ~> call check_access () ~> call file_stream () ~> ret file_stream _12 ~> ret check_access () ~> ret file_stream _48 ~> ret check_access () ~> ret file_stream _109 )
#Or
  T ==K ( call check_access () ~> call file_stream () ~> call check_access () ~> call file_stream () ~> call check_access () ~> call file_stream () ~> ret file_stream _12 ~> ret check_access () ~> ret file_stream _49 )
#Or
  T ==K ( call check_access () ~> call file_stream () ~> call check_access () ~> call file_stream () ~> call check_access () ~> call file_stream () ~> ret file_stream _12 ~> ret check_access () ~> ret file_stream _49 ~> ret check_access () ~> ret file_stream _110 )
#Or
  T ==K ( call check_access () ~> call file_stream () ~> call check_access () ~> call file_stream () ~> call check_access () ~> call file_stream () ~> ret file_stream _12 ~> ret check_access () ~> ret file_stream _49 ~> ret check_access () ~> ret file_stream _111 )
#Or
  T ==K ( call check_access () ~> call file_stream () ~> call check_access () ~> call file_stream () ~> ret file_stream _4 )
#Or
  T ==K ( call check_access () ~> call file_stream () ~> call check_access () ~> call file_stream () ~> ret file_stream _4 ~> ret check_access () ~> ret file_stream _36 )
#Or
  T ==K ( call check_access () ~> call file_stream () ~> call check_access () ~> call file_stream () ~> ret file_stream _4 ~> ret check_access () ~> ret file_stream _37 )
#Or
  T ==K ( call check_access () ~> call file_stream () ~> ret file_stream _2 )

real	0m7.322s
user	0m20.047s
sys	0m0.923s
