  T ==K ( call withdraw _1 ~> call send _1 ~> call withdraw _5 ~> call send _5 ~> ret send () ~> ret withdraw () ~> call withdraw _48 ~> call send _48 ~> ret send () ~> ret withdraw () ~> ret send () )
#Or
  T ==K ( call withdraw _1 ~> call send _1 ~> call withdraw _5 ~> call send _5 ~> ret send () ~> ret withdraw () ~> call withdraw _48 ~> call send _48 ~> ret send () ~> ret withdraw () ~> ret send () ~> ret withdraw () ~> call withdraw _273 ~> call send _273 ~> call withdraw _352 ~> call send _352 ~> ret send () ~> ret withdraw () ~> call withdraw _533 ~> call send _533 ~> ret send () ~> ret withdraw () ~> ret send () )
#Or
  T ==K ( call withdraw _1 ~> call send _1 ~> call withdraw _5 ~> call send _5 ~> ret send () ~> ret withdraw () ~> call withdraw _48 ~> call send _48 ~> ret send () ~> ret withdraw () ~> ret send () ~> ret withdraw () ~> call withdraw _273 ~> call send _273 ~> call withdraw _352 ~> call send _352 ~> ret send () ~> ret withdraw () ~> call withdraw _533 ~> ret withdraw () ~> ret send () )
#Or
  T ==K ( call withdraw _1 ~> call send _1 ~> call withdraw _5 ~> call send _5 ~> ret send () ~> ret withdraw () ~> call withdraw _48 ~> call send _48 ~> ret send () ~> ret withdraw () ~> ret send () ~> ret withdraw () ~> call withdraw _273 ~> call send _273 ~> call withdraw _352 ~> call send _352 ~> ret send () ~> ret withdraw () ~> ret send () )
#Or
  T ==K ( call withdraw _1 ~> call send _1 ~> call withdraw _5 ~> call send _5 ~> ret send () ~> ret withdraw () ~> call withdraw _48 ~> call send _48 ~> ret send () ~> ret withdraw () ~> ret send () ~> ret withdraw () ~> call withdraw _273 ~> call send _273 ~> call withdraw _352 ~> ret withdraw () ~> call withdraw _449 ~> call send _449 ~> ret send () ~> ret withdraw () ~> ret send () )
#Or
  T ==K ( call withdraw _1 ~> call send _1 ~> call withdraw _5 ~> call send _5 ~> ret send () ~> ret withdraw () ~> call withdraw _48 ~> ret withdraw () ~> ret send () )
#Or
  T ==K ( call withdraw _1 ~> call send _1 ~> call withdraw _5 ~> call send _5 ~> ret send () ~> ret withdraw () ~> call withdraw _48 ~> ret withdraw () ~> ret send () ~> ret withdraw () ~> call withdraw _179 ~> call send _179 ~> call withdraw _252 ~> call send _252 ~> ret send () ~> ret withdraw () ~> call withdraw _448 ~> call send _448 ~> ret send () ~> ret withdraw () ~> ret send () )
#Or
  T ==K ( call withdraw _1 ~> call send _1 ~> call withdraw _5 ~> call send _5 ~> ret send () ~> ret withdraw () ~> call withdraw _48 ~> ret withdraw () ~> ret send () ~> ret withdraw () ~> call withdraw _179 ~> call send _179 ~> call withdraw _252 ~> call send _252 ~> ret send () ~> ret withdraw () ~> call withdraw _448 ~> ret withdraw () ~> ret send () )
#Or
  T ==K ( call withdraw _1 ~> call send _1 ~> call withdraw _5 ~> call send _5 ~> ret send () ~> ret withdraw () ~> call withdraw _48 ~> ret withdraw () ~> ret send () ~> ret withdraw () ~> call withdraw _179 ~> call send _179 ~> call withdraw _252 ~> call send _252 ~> ret send () ~> ret withdraw () ~> ret send () )
#Or
  T ==K ( call withdraw _1 ~> call send _1 ~> call withdraw _5 ~> call send _5 ~> ret send () ~> ret withdraw () ~> call withdraw _48 ~> ret withdraw () ~> ret send () ~> ret withdraw () ~> call withdraw _179 ~> call send _179 ~> call withdraw _252 ~> ret withdraw () ~> call withdraw _342 ~> call send _342 ~> ret send () ~> ret withdraw () ~> ret send () )
#Or
  T ==K ( call withdraw _1 ~> call send _1 ~> call withdraw _5 ~> call send _5 ~> ret send () ~> ret withdraw () ~> ret send () )
#Or
  T ==K ( call withdraw _1 ~> call send _1 ~> call withdraw _5 ~> call send _5 ~> ret send () ~> ret withdraw () ~> ret send () ~> ret withdraw () ~> call withdraw _110 ~> call send _110 ~> call withdraw _166 ~> call send _166 ~> ret send () ~> ret withdraw () ~> call withdraw _355 ~> call send _355 ~> ret send () ~> ret withdraw () ~> ret send () )
#Or
  T ==K ( call withdraw _1 ~> call send _1 ~> call withdraw _5 ~> call send _5 ~> ret send () ~> ret withdraw () ~> ret send () ~> ret withdraw () ~> call withdraw _110 ~> call send _110 ~> call withdraw _166 ~> call send _166 ~> ret send () ~> ret withdraw () ~> call withdraw _355 ~> ret withdraw () ~> ret send () )
#Or
  T ==K ( call withdraw _1 ~> call send _1 ~> call withdraw _5 ~> call send _5 ~> ret send () ~> ret withdraw () ~> ret send () ~> ret withdraw () ~> call withdraw _110 ~> call send _110 ~> call withdraw _166 ~> call send _166 ~> ret send () ~> ret withdraw () ~> ret send () )
#Or
  T ==K ( call withdraw _1 ~> call send _1 ~> call withdraw _5 ~> call send _5 ~> ret send () ~> ret withdraw () ~> ret send () ~> ret withdraw () ~> call withdraw _110 ~> call send _110 ~> call withdraw _166 ~> ret withdraw () ~> call withdraw _253 ~> call send _253 ~> ret send () ~> ret withdraw () ~> ret send () )
#Or
  T ==K ( call withdraw _1 ~> call send _1 ~> call withdraw _5 ~> ret withdraw () ~> call withdraw _19 ~> call send _19 ~> ret send () ~> ret withdraw () ~> ret send () )
#Or
  T ==K ( call withdraw _1 ~> call send _1 ~> call withdraw _5 ~> ret withdraw () ~> call withdraw _19 ~> call send _19 ~> ret send () ~> ret withdraw () ~> ret send () ~> ret withdraw () ~> call withdraw _176 ~> call send _176 ~> call withdraw _248 ~> call send _248 ~> ret send () ~> ret withdraw () ~> call withdraw _445 ~> call send _445 ~> ret send () ~> ret withdraw () ~> ret send () )
#Or
  T ==K ( call withdraw _1 ~> call send _1 ~> call withdraw _5 ~> ret withdraw () ~> call withdraw _19 ~> call send _19 ~> ret send () ~> ret withdraw () ~> ret send () ~> ret withdraw () ~> call withdraw _176 ~> call send _176 ~> call withdraw _248 ~> call send _248 ~> ret send () ~> ret withdraw () ~> call withdraw _445 ~> ret withdraw () ~> ret send () )
#Or
  T ==K ( call withdraw _1 ~> call send _1 ~> call withdraw _5 ~> ret withdraw () ~> call withdraw _19 ~> call send _19 ~> ret send () ~> ret withdraw () ~> ret send () ~> ret withdraw () ~> call withdraw _176 ~> call send _176 ~> call withdraw _248 ~> call send _248 ~> ret send () ~> ret withdraw () ~> ret send () )
#Or
  T ==K ( call withdraw _1 ~> call send _1 ~> call withdraw _5 ~> ret withdraw () ~> call withdraw _19 ~> call send _19 ~> ret send () ~> ret withdraw () ~> ret send () ~> ret withdraw () ~> call withdraw _176 ~> call send _176 ~> call withdraw _248 ~> ret withdraw () ~> call withdraw _341 ~> call send _341 ~> ret send () ~> ret withdraw () ~> ret send () )
#Or
  T ==K ( call withdraw _1 ~> call send _1 ~> call withdraw _5 ~> ret withdraw () ~> call withdraw _19 ~> ret withdraw () ~> ret send () ~> ret withdraw () ~> call withdraw _101 ~> call send _101 ~> call withdraw _157 ~> call send _157 ~> ret send () ~> ret withdraw () ~> call withdraw _340 ~> call send _340 ~> ret send () ~> ret withdraw () ~> ret send () )
#Or
  T ==K ( call withdraw _1 ~> call send _1 ~> call withdraw _5 ~> ret withdraw () ~> call withdraw _19 ~> ret withdraw () ~> ret send () ~> ret withdraw () ~> call withdraw _101 ~> call send _101 ~> call withdraw _157 ~> call send _157 ~> ret send () ~> ret withdraw () ~> call withdraw _340 ~> ret withdraw () ~> ret send () )
#Or
  T ==K ( call withdraw _1 ~> call send _1 ~> call withdraw _5 ~> ret withdraw () ~> call withdraw _19 ~> ret withdraw () ~> ret send () ~> ret withdraw () ~> call withdraw _101 ~> call send _101 ~> call withdraw _157 ~> call send _157 ~> ret send () ~> ret withdraw () ~> ret send () )
#Or
  T ==K ( call withdraw _1 ~> call send _1 ~> call withdraw _5 ~> ret withdraw () ~> call withdraw _19 ~> ret withdraw () ~> ret send () ~> ret withdraw () ~> call withdraw _101 ~> call send _101 ~> call withdraw _157 ~> ret withdraw () ~> call withdraw _235 ~> call send _235 ~> ret send () ~> ret withdraw () ~> ret send () )
#Or
  T ==K ( call withdraw _1 ~> call send _1 ~> call withdraw _5 ~> ret withdraw () ~> ret send () ~> ret withdraw () ~> call withdraw _52 ~> call send _52 ~> call withdraw _94 ~> call send _94 ~> ret send () ~> ret withdraw () ~> call withdraw _251 ~> call send _251 ~> ret send () ~> ret withdraw () ~> ret send () )
#Or
  T ==K ( call withdraw _1 ~> call send _1 ~> call withdraw _5 ~> ret withdraw () ~> ret send () ~> ret withdraw () ~> call withdraw _52 ~> call send _52 ~> call withdraw _94 ~> call send _94 ~> ret send () ~> ret withdraw () ~> call withdraw _251 ~> ret withdraw () ~> ret send () )
#Or
  T ==K ( call withdraw _1 ~> call send _1 ~> call withdraw _5 ~> ret withdraw () ~> ret send () ~> ret withdraw () ~> call withdraw _52 ~> call send _52 ~> call withdraw _94 ~> call send _94 ~> ret send () ~> ret withdraw () ~> ret send () )
#Or
  T ==K ( call withdraw _1 ~> call send _1 ~> call withdraw _5 ~> ret withdraw () ~> ret send () ~> ret withdraw () ~> call withdraw _52 ~> call send _52 ~> call withdraw _94 ~> ret withdraw () ~> call withdraw _158 ~> call send _158 ~> ret send () ~> ret withdraw () ~> ret send () )
#Or
  T ==K ( call withdraw _1 ~> call send _1 ~> ret send () ~> ret withdraw () ~> call withdraw _23 ~> call send _23 ~> call withdraw _49 ~> call send _49 ~> ret send () ~> ret withdraw () ~> call withdraw _169 ~> call send _169 ~> ret send () ~> ret withdraw () ~> ret send () )
#Or
  T ==K ( call withdraw _1 ~> call send _1 ~> ret send () ~> ret withdraw () ~> call withdraw _23 ~> call send _23 ~> call withdraw _49 ~> call send _49 ~> ret send () ~> ret withdraw () ~> call withdraw _169 ~> ret withdraw () ~> ret send () )
#Or
  T ==K ( call withdraw _1 ~> call send _1 ~> ret send () ~> ret withdraw () ~> call withdraw _23 ~> call send _23 ~> call withdraw _49 ~> call send _49 ~> ret send () ~> ret withdraw () ~> ret send () )
#Or
  T ==K ( call withdraw _1 ~> call send _1 ~> ret send () ~> ret withdraw () ~> call withdraw _23 ~> call send _23 ~> call withdraw _49 ~> ret withdraw () ~> call withdraw _95 ~> call send _95 ~> ret send () ~> ret withdraw () ~> ret send () )
#Or
  T ==K ( call withdraw _1 ~> ret withdraw () ~> call withdraw _6 ~> call send _6 ~> call withdraw _18 ~> call send _18 ~> ret send () ~> ret withdraw () ~> call withdraw _93 ~> call send _93 ~> ret send () ~> ret withdraw () ~> ret send () )
#Or
  T ==K ( call withdraw _1 ~> ret withdraw () ~> call withdraw _6 ~> call send _6 ~> call withdraw _18 ~> call send _18 ~> ret send () ~> ret withdraw () ~> call withdraw _93 ~> ret withdraw () ~> ret send () )
#Or
  T ==K ( call withdraw _1 ~> ret withdraw () ~> call withdraw _6 ~> call send _6 ~> call withdraw _18 ~> call send _18 ~> ret send () ~> ret withdraw () ~> ret send () )
#Or
  T ==K ( call withdraw _1 ~> ret withdraw () ~> call withdraw _6 ~> call send _6 ~> call withdraw _18 ~> ret withdraw () ~> call withdraw _43 ~> call send _43 ~> ret send () ~> ret withdraw () ~> ret send () )

real	0m8.993s
user	0m24.345s
sys	0m1.161s
