  T ==K ( call withdraw _1 ~> call send _1 ~> call withdraw _5 ~> call send _5 ~> call withdraw _11 ~> call send _11 ~> call withdraw _20 ~> call send _20 ~> call withdraw _32 ~> call send _32 ~> ret send () ~> ret withdraw () ~> ret send () )
#Or
  T ==K ( call withdraw _1 ~> call send _1 ~> call withdraw _5 ~> call send _5 ~> call withdraw _11 ~> call send _11 ~> call withdraw _20 ~> call send _20 ~> call withdraw _32 ~> call send _32 ~> ret send () ~> ret withdraw () ~> ret send () ~> ret withdraw () ~> ret send () )
#Or
  T ==K ( call withdraw _1 ~> call send _1 ~> call withdraw _5 ~> call send _5 ~> call withdraw _11 ~> call send _11 ~> call withdraw _20 ~> call send _20 ~> call withdraw _32 ~> call send _32 ~> ret send () ~> ret withdraw () ~> ret send () ~> ret withdraw () ~> ret send () ~> ret withdraw () ~> ret send () )
#Or
  T ==K ( call withdraw _1 ~> call send _1 ~> call withdraw _5 ~> call send _5 ~> call withdraw _11 ~> call send _11 ~> call withdraw _20 ~> call send _20 ~> call withdraw _32 ~> call send _32 ~> ret send () ~> ret withdraw () ~> ret send () ~> ret withdraw () ~> ret send () ~> ret withdraw () ~> ret send () ~> ret withdraw () ~> ret send () )
#Or
  T ==K ( call withdraw _1 ~> call send _1 ~> call withdraw _5 ~> call send _5 ~> call withdraw _11 ~> call send _11 ~> call withdraw _20 ~> call send _20 ~> call withdraw _32 ~> ret withdraw () ~> ret send () ~> ret withdraw () ~> ret send () )
#Or
  T ==K ( call withdraw _1 ~> call send _1 ~> call withdraw _5 ~> call send _5 ~> call withdraw _11 ~> call send _11 ~> call withdraw _20 ~> call send _20 ~> call withdraw _32 ~> ret withdraw () ~> ret send () ~> ret withdraw () ~> ret send () ~> ret withdraw () ~> ret send () )
#Or
  T ==K ( call withdraw _1 ~> call send _1 ~> call withdraw _5 ~> call send _5 ~> call withdraw _11 ~> call send _11 ~> call withdraw _20 ~> call send _20 ~> call withdraw _32 ~> ret withdraw () ~> ret send () ~> ret withdraw () ~> ret send () ~> ret withdraw () ~> ret send () ~> ret withdraw () ~> ret send () )
#Or
  T ==K ( call withdraw _1 ~> call send _1 ~> call withdraw _5 ~> call send _5 ~> call withdraw _11 ~> call send _11 ~> call withdraw _20 ~> call send _20 ~> ret send () ~> ret withdraw () ~> ret send () )
#Or
  T ==K ( call withdraw _1 ~> call send _1 ~> call withdraw _5 ~> call send _5 ~> call withdraw _11 ~> call send _11 ~> call withdraw _20 ~> call send _20 ~> ret send () ~> ret withdraw () ~> ret send () ~> ret withdraw () ~> ret send () )
#Or
  T ==K ( call withdraw _1 ~> call send _1 ~> call withdraw _5 ~> call send _5 ~> call withdraw _11 ~> call send _11 ~> call withdraw _20 ~> call send _20 ~> ret send () ~> ret withdraw () ~> ret send () ~> ret withdraw () ~> ret send () ~> ret withdraw () ~> ret send () )
#Or
  T ==K ( call withdraw _1 ~> call send _1 ~> call withdraw _5 ~> call send _5 ~> call withdraw _11 ~> call send _11 ~> call withdraw _20 ~> ret withdraw () ~> ret send () ~> ret withdraw () ~> ret send () )
#Or
  T ==K ( call withdraw _1 ~> call send _1 ~> call withdraw _5 ~> call send _5 ~> call withdraw _11 ~> call send _11 ~> call withdraw _20 ~> ret withdraw () ~> ret send () ~> ret withdraw () ~> ret send () ~> ret withdraw () ~> ret send () )
#Or
  T ==K ( call withdraw _1 ~> call send _1 ~> call withdraw _5 ~> call send _5 ~> call withdraw _11 ~> call send _11 ~> ret send () ~> ret withdraw () ~> ret send () )
#Or
  T ==K ( call withdraw _1 ~> call send _1 ~> call withdraw _5 ~> call send _5 ~> call withdraw _11 ~> call send _11 ~> ret send () ~> ret withdraw () ~> ret send () ~> ret withdraw () ~> ret send () )
#Or
  T ==K ( call withdraw _1 ~> call send _1 ~> call withdraw _5 ~> call send _5 ~> call withdraw _11 ~> ret withdraw () ~> ret send () ~> ret withdraw () ~> ret send () )
#Or
  T ==K ( call withdraw _1 ~> call send _1 ~> call withdraw _5 ~> call send _5 ~> ret send () ~> ret withdraw () ~> ret send () )

real	0m6.322s
user	0m18.101s
sys	0m0.691s
