  T ==K ( call withdraw _1 ~> call send _1 ~> call withdraw _5 ~> call send _5 ~> ret send () ~> ret withdraw () ~> call withdraw _47 ~> call send _47 ~> ret send () ~> ret withdraw () ~> ret send () )
#Or
  T ==K ( call withdraw _1 ~> call send _1 ~> call withdraw _5 ~> call send _5 ~> ret send () ~> ret withdraw () ~> call withdraw _47 ~> call send _47 ~> ret send () ~> ret withdraw () ~> ret send () ~> ret withdraw () ~> call withdraw _261 ~> call send _261 ~> call withdraw _331 ~> call send _331 ~> ret send () )
#Or
  T ==K ( call withdraw _1 ~> call send _1 ~> call withdraw _5 ~> call send _5 ~> ret send () ~> ret withdraw () ~> call withdraw _47 ~> call send _47 ~> ret send () ~> ret withdraw () ~> ret send () ~> ret withdraw () ~> call withdraw _261 ~> call send _261 ~> call withdraw _331 ~> call send _331 ~> ret send () ~> ret withdraw () ~> call withdraw _504 ~> call send _504 ~> ret send () )
#Or
  T ==K ( call withdraw _1 ~> call send _1 ~> call withdraw _5 ~> call send _5 ~> ret send () ~> ret withdraw () ~> call withdraw _47 ~> call send _47 ~> ret send () ~> ret withdraw () ~> ret send () ~> ret withdraw () ~> call withdraw _261 ~> call send _261 ~> call withdraw _331 ~> call send _331 ~> ret send () ~> ret withdraw () ~> call withdraw _504 ~> call send _504 ~> ret send () ~> ret withdraw () ~> ret send () )
#Or
  T ==K ( call withdraw _1 ~> call send _1 ~> call withdraw _5 ~> call send _5 ~> ret send () ~> ret withdraw () ~> call withdraw _47 ~> call send _47 ~> ret send () ~> ret withdraw () ~> ret send () ~> ret withdraw () ~> call withdraw _261 ~> call send _261 ~> call withdraw _331 ~> call send _331 ~> ret send () ~> ret withdraw () ~> call withdraw _504 ~> ret withdraw () ~> ret send () )
#Or
  T ==K ( call withdraw _1 ~> call send _1 ~> call withdraw _5 ~> call send _5 ~> ret send () ~> ret withdraw () ~> call withdraw _47 ~> call send _47 ~> ret send () ~> ret withdraw () ~> ret send () ~> ret withdraw () ~> call withdraw _261 ~> call send _261 ~> call withdraw _331 ~> call send _331 ~> ret send () ~> ret withdraw () ~> ret send () )
#Or
  T ==K ( call withdraw _1 ~> call send _1 ~> call withdraw _5 ~> call send _5 ~> ret send () ~> ret withdraw () ~> call withdraw _47 ~> call send _47 ~> ret send () ~> ret withdraw () ~> ret send () ~> ret withdraw () ~> call withdraw _261 ~> call send _261 ~> call withdraw _331 ~> ret withdraw () ~> call withdraw _423 ~> call send _423 ~> ret send () )
#Or
  T ==K ( call withdraw _1 ~> call send _1 ~> call withdraw _5 ~> call send _5 ~> ret send () ~> ret withdraw () ~> call withdraw _47 ~> call send _47 ~> ret send () ~> ret withdraw () ~> ret send () ~> ret withdraw () ~> call withdraw _261 ~> call send _261 ~> call withdraw _331 ~> ret withdraw () ~> call withdraw _423 ~> call send _423 ~> ret send () ~> ret withdraw () ~> ret send () )
#Or
  T ==K ( call withdraw _1 ~> call send _1 ~> call withdraw _5 ~> call send _5 ~> ret send () ~> ret withdraw () ~> call withdraw _47 ~> call send _47 ~> ret send () ~> ret withdraw () ~> ret send () ~> ret withdraw () ~> call withdraw _261 ~> call send _261 ~> call withdraw _331 ~> ret withdraw () ~> call withdraw _423 ~> ret withdraw () ~> ret send () )
#Or
  T ==K ( call withdraw _1 ~> call send _1 ~> call withdraw _5 ~> call send _5 ~> ret send () ~> ret withdraw () ~> call withdraw _47 ~> call send _47 ~> ret send () ~> ret withdraw () ~> ret send () ~> ret withdraw () ~> call withdraw _261 ~> call send _261 ~> call withdraw _331 ~> ret withdraw () ~> ret send () )
#Or
  T ==K ( call withdraw _1 ~> call send _1 ~> call withdraw _5 ~> call send _5 ~> ret send () ~> ret withdraw () ~> call withdraw _47 ~> call send _47 ~> ret send () ~> ret withdraw () ~> ret send () ~> ret withdraw () ~> call withdraw _261 ~> call send _261 ~> ret send () )
#Or
  T ==K ( call withdraw _1 ~> call send _1 ~> call withdraw _5 ~> call send _5 ~> ret send () ~> ret withdraw () ~> call withdraw _47 ~> ret withdraw () ~> ret send () ~> ret withdraw () ~> call withdraw _172 ~> call send _172 ~> call withdraw _237 ~> call send _237 ~> ret send () )
#Or
  T ==K ( call withdraw _1 ~> call send _1 ~> call withdraw _5 ~> call send _5 ~> ret send () ~> ret withdraw () ~> call withdraw _47 ~> ret withdraw () ~> ret send () ~> ret withdraw () ~> call withdraw _172 ~> call send _172 ~> call withdraw _237 ~> call send _237 ~> ret send () ~> ret withdraw () ~> call withdraw _422 ~> call send _422 ~> ret send () )
#Or
  T ==K ( call withdraw _1 ~> call send _1 ~> call withdraw _5 ~> call send _5 ~> ret send () ~> ret withdraw () ~> call withdraw _47 ~> ret withdraw () ~> ret send () ~> ret withdraw () ~> call withdraw _172 ~> call send _172 ~> call withdraw _237 ~> call send _237 ~> ret send () ~> ret withdraw () ~> call withdraw _422 ~> call send _422 ~> ret send () ~> ret withdraw () ~> ret send () )
#Or
  T ==K ( call withdraw _1 ~> call send _1 ~> call withdraw _5 ~> call send _5 ~> ret send () ~> ret withdraw () ~> call withdraw _47 ~> ret withdraw () ~> ret send () ~> ret withdraw () ~> call withdraw _172 ~> call send _172 ~> call withdraw _237 ~> call send _237 ~> ret send () ~> ret withdraw () ~> call withdraw _422 ~> ret withdraw () ~> ret send () )
#Or
  T ==K ( call withdraw _1 ~> call send _1 ~> call withdraw _5 ~> call send _5 ~> ret send () ~> ret withdraw () ~> call withdraw _47 ~> ret withdraw () ~> ret send () ~> ret withdraw () ~> call withdraw _172 ~> call send _172 ~> call withdraw _237 ~> call send _237 ~> ret send () ~> ret withdraw () ~> ret send () )
#Or
  T ==K ( call withdraw _1 ~> call send _1 ~> call withdraw _5 ~> call send _5 ~> ret send () ~> ret withdraw () ~> call withdraw _47 ~> ret withdraw () ~> ret send () ~> ret withdraw () ~> call withdraw _172 ~> call send _172 ~> call withdraw _237 ~> ret withdraw () ~> call withdraw _321 ~> call send _321 ~> ret send () )
#Or
  T ==K ( call withdraw _1 ~> call send _1 ~> call withdraw _5 ~> call send _5 ~> ret send () ~> ret withdraw () ~> call withdraw _47 ~> ret withdraw () ~> ret send () ~> ret withdraw () ~> call withdraw _172 ~> call send _172 ~> call withdraw _237 ~> ret withdraw () ~> call withdraw _321 ~> call send _321 ~> ret send () ~> ret withdraw () ~> ret send () )
#Or
  T ==K ( call withdraw _1 ~> call send _1 ~> call withdraw _5 ~> call send _5 ~> ret send () ~> ret withdraw () ~> call withdraw _47 ~> ret withdraw () ~> ret send () ~> ret withdraw () ~> call withdraw _172 ~> call send _172 ~> call withdraw _237 ~> ret withdraw () ~> call withdraw _321 ~> ret withdraw () ~> ret send () )
#Or
  T ==K ( call withdraw _1 ~> call send _1 ~> call withdraw _5 ~> call send _5 ~> ret send () ~> ret withdraw () ~> call withdraw _47 ~> ret withdraw () ~> ret send () ~> ret withdraw () ~> call withdraw _172 ~> call send _172 ~> call withdraw _237 ~> ret withdraw () ~> ret send () )
#Or
  T ==K ( call withdraw _1 ~> call send _1 ~> call withdraw _5 ~> call send _5 ~> ret send () ~> ret withdraw () ~> call withdraw _47 ~> ret withdraw () ~> ret send () ~> ret withdraw () ~> call withdraw _172 ~> call send _172 ~> ret send () )
#Or
  T ==K ( call withdraw _1 ~> call send _1 ~> call withdraw _5 ~> call send _5 ~> ret send () ~> ret withdraw () ~> ret send () ~> ret withdraw () ~> call withdraw _109 ~> call send _109 ~> call withdraw _157 ~> call send _157 ~> ret send () )
#Or
  T ==K ( call withdraw _1 ~> call send _1 ~> call withdraw _5 ~> call send _5 ~> ret send () ~> ret withdraw () ~> ret send () ~> ret withdraw () ~> call withdraw _109 ~> call send _109 ~> call withdraw _157 ~> call send _157 ~> ret send () ~> ret withdraw () ~> call withdraw _334 ~> call send _334 ~> ret send () )
#Or
  T ==K ( call withdraw _1 ~> call send _1 ~> call withdraw _5 ~> call send _5 ~> ret send () ~> ret withdraw () ~> ret send () ~> ret withdraw () ~> call withdraw _109 ~> call send _109 ~> call withdraw _157 ~> call send _157 ~> ret send () ~> ret withdraw () ~> call withdraw _334 ~> call send _334 ~> ret send () ~> ret withdraw () ~> ret send () )
#Or
  T ==K ( call withdraw _1 ~> call send _1 ~> call withdraw _5 ~> call send _5 ~> ret send () ~> ret withdraw () ~> ret send () ~> ret withdraw () ~> call withdraw _109 ~> call send _109 ~> call withdraw _157 ~> call send _157 ~> ret send () ~> ret withdraw () ~> call withdraw _334 ~> ret withdraw () ~> ret send () )
#Or
  T ==K ( call withdraw _1 ~> call send _1 ~> call withdraw _5 ~> call send _5 ~> ret send () ~> ret withdraw () ~> ret send () ~> ret withdraw () ~> call withdraw _109 ~> call send _109 ~> call withdraw _157 ~> call send _157 ~> ret send () ~> ret withdraw () ~> ret send () )
#Or
  T ==K ( call withdraw _1 ~> call send _1 ~> call withdraw _5 ~> call send _5 ~> ret send () ~> ret withdraw () ~> ret send () ~> ret withdraw () ~> call withdraw _109 ~> call send _109 ~> call withdraw _157 ~> ret withdraw () ~> call withdraw _238 ~> call send _238 ~> ret send () )
#Or
  T ==K ( call withdraw _1 ~> call send _1 ~> call withdraw _5 ~> call send _5 ~> ret send () ~> ret withdraw () ~> ret send () ~> ret withdraw () ~> call withdraw _109 ~> call send _109 ~> call withdraw _157 ~> ret withdraw () ~> call withdraw _238 ~> call send _238 ~> ret send () ~> ret withdraw () ~> ret send () )
#Or
  T ==K ( call withdraw _1 ~> call send _1 ~> call withdraw _5 ~> call send _5 ~> ret send () ~> ret withdraw () ~> ret send () ~> ret withdraw () ~> call withdraw _109 ~> call send _109 ~> call withdraw _157 ~> ret withdraw () ~> call withdraw _238 ~> ret withdraw () ~> ret send () )
#Or
  T ==K ( call withdraw _1 ~> call send _1 ~> call withdraw _5 ~> call send _5 ~> ret send () ~> ret withdraw () ~> ret send () ~> ret withdraw () ~> call withdraw _109 ~> call send _109 ~> call withdraw _157 ~> ret withdraw () ~> ret send () )
#Or
  T ==K ( call withdraw _1 ~> call send _1 ~> call withdraw _5 ~> call send _5 ~> ret send () ~> ret withdraw () ~> ret send () ~> ret withdraw () ~> call withdraw _109 ~> call send _109 ~> ret send () )
#Or
  T ==K ( call withdraw _1 ~> call send _1 ~> call withdraw _5 ~> ret withdraw () ~> call withdraw _19 ~> call send _19 ~> ret send () ~> ret withdraw () ~> ret send () ~> ret withdraw () ~> call withdraw _169 ~> call send _169 ~> call withdraw _233 ~> call send _233 ~> ret send () )
#Or
  T ==K ( call withdraw _1 ~> call send _1 ~> call withdraw _5 ~> ret withdraw () ~> call withdraw _19 ~> call send _19 ~> ret send () ~> ret withdraw () ~> ret send () ~> ret withdraw () ~> call withdraw _169 ~> call send _169 ~> call withdraw _233 ~> call send _233 ~> ret send () ~> ret withdraw () ~> call withdraw _419 ~> call send _419 ~> ret send () )
#Or
  T ==K ( call withdraw _1 ~> call send _1 ~> call withdraw _5 ~> ret withdraw () ~> call withdraw _19 ~> call send _19 ~> ret send () ~> ret withdraw () ~> ret send () ~> ret withdraw () ~> call withdraw _169 ~> call send _169 ~> call withdraw _233 ~> call send _233 ~> ret send () ~> ret withdraw () ~> call withdraw _419 ~> call send _419 ~> ret send () ~> ret withdraw () ~> ret send () )
#Or
  T ==K ( call withdraw _1 ~> call send _1 ~> call withdraw _5 ~> ret withdraw () ~> call withdraw _19 ~> call send _19 ~> ret send () ~> ret withdraw () ~> ret send () ~> ret withdraw () ~> call withdraw _169 ~> call send _169 ~> call withdraw _233 ~> call send _233 ~> ret send () ~> ret withdraw () ~> call withdraw _419 ~> ret withdraw () ~> ret send () )
#Or
  T ==K ( call withdraw _1 ~> call send _1 ~> call withdraw _5 ~> ret withdraw () ~> call withdraw _19 ~> call send _19 ~> ret send () ~> ret withdraw () ~> ret send () ~> ret withdraw () ~> call withdraw _169 ~> call send _169 ~> call withdraw _233 ~> call send _233 ~> ret send () ~> ret withdraw () ~> ret send () )
#Or
  T ==K ( call withdraw _1 ~> call send _1 ~> call withdraw _5 ~> ret withdraw () ~> call withdraw _19 ~> call send _19 ~> ret send () ~> ret withdraw () ~> ret send () ~> ret withdraw () ~> call withdraw _169 ~> call send _169 ~> call withdraw _233 ~> ret withdraw () ~> call withdraw _320 ~> call send _320 ~> ret send () )
#Or
  T ==K ( call withdraw _1 ~> call send _1 ~> call withdraw _5 ~> ret withdraw () ~> call withdraw _19 ~> call send _19 ~> ret send () ~> ret withdraw () ~> ret send () ~> ret withdraw () ~> call withdraw _169 ~> call send _169 ~> call withdraw _233 ~> ret withdraw () ~> call withdraw _320 ~> call send _320 ~> ret send () ~> ret withdraw () ~> ret send () )
#Or
  T ==K ( call withdraw _1 ~> call send _1 ~> call withdraw _5 ~> ret withdraw () ~> call withdraw _19 ~> call send _19 ~> ret send () ~> ret withdraw () ~> ret send () ~> ret withdraw () ~> call withdraw _169 ~> call send _169 ~> call withdraw _233 ~> ret withdraw () ~> call withdraw _320 ~> ret withdraw () ~> ret send () )
#Or
  T ==K ( call withdraw _1 ~> call send _1 ~> call withdraw _5 ~> ret withdraw () ~> call withdraw _19 ~> call send _19 ~> ret send () ~> ret withdraw () ~> ret send () ~> ret withdraw () ~> call withdraw _169 ~> call send _169 ~> call withdraw _233 ~> ret withdraw () ~> ret send () )
#Or
  T ==K ( call withdraw _1 ~> call send _1 ~> call withdraw _5 ~> ret withdraw () ~> call withdraw _19 ~> call send _19 ~> ret send () ~> ret withdraw () ~> ret send () ~> ret withdraw () ~> call withdraw _169 ~> call send _169 ~> ret send () )
#Or
  T ==K ( call withdraw _1 ~> call send _1 ~> call withdraw _5 ~> ret withdraw () ~> call withdraw _19 ~> ret withdraw () ~> ret send () ~> ret withdraw () ~> call withdraw _97 ~> call send _97 ~> call withdraw _148 ~> call send _148 ~> ret send () ~> ret withdraw () ~> call withdraw _319 ~> call send _319 ~> ret send () )
#Or
  T ==K ( call withdraw _1 ~> call send _1 ~> call withdraw _5 ~> ret withdraw () ~> call withdraw _19 ~> ret withdraw () ~> ret send () ~> ret withdraw () ~> call withdraw _97 ~> call send _97 ~> call withdraw _148 ~> call send _148 ~> ret send () ~> ret withdraw () ~> call withdraw _319 ~> call send _319 ~> ret send () ~> ret withdraw () ~> ret send () )
#Or
  T ==K ( call withdraw _1 ~> call send _1 ~> call withdraw _5 ~> ret withdraw () ~> call withdraw _19 ~> ret withdraw () ~> ret send () ~> ret withdraw () ~> call withdraw _97 ~> call send _97 ~> call withdraw _148 ~> call send _148 ~> ret send () ~> ret withdraw () ~> call withdraw _319 ~> ret withdraw () ~> ret send () )
#Or
  T ==K ( call withdraw _1 ~> call send _1 ~> call withdraw _5 ~> ret withdraw () ~> call withdraw _19 ~> ret withdraw () ~> ret send () ~> ret withdraw () ~> call withdraw _97 ~> call send _97 ~> call withdraw _148 ~> call send _148 ~> ret send () ~> ret withdraw () ~> ret send () )
#Or
  T ==K ( call withdraw _1 ~> call send _1 ~> call withdraw _5 ~> ret withdraw () ~> call withdraw _19 ~> ret withdraw () ~> ret send () ~> ret withdraw () ~> call withdraw _97 ~> call send _97 ~> call withdraw _148 ~> ret withdraw () ~> call withdraw _220 ~> call send _220 ~> ret send () ~> ret withdraw () ~> ret send () )
#Or
  T ==K ( call withdraw _1 ~> call send _1 ~> call withdraw _5 ~> ret withdraw () ~> ret send () ~> ret withdraw () ~> call withdraw _52 ~> call send _52 ~> call withdraw _90 ~> call send _90 ~> ret send () ~> ret withdraw () ~> call withdraw _236 ~> call send _236 ~> ret send () )
#Or
  T ==K ( call withdraw _1 ~> call send _1 ~> call withdraw _5 ~> ret withdraw () ~> ret send () ~> ret withdraw () ~> call withdraw _52 ~> call send _52 ~> call withdraw _90 ~> call send _90 ~> ret send () ~> ret withdraw () ~> call withdraw _236 ~> call send _236 ~> ret send () ~> ret withdraw () ~> ret send () )
#Or
  T ==K ( call withdraw _1 ~> call send _1 ~> call withdraw _5 ~> ret withdraw () ~> ret send () ~> ret withdraw () ~> call withdraw _52 ~> call send _52 ~> call withdraw _90 ~> call send _90 ~> ret send () ~> ret withdraw () ~> call withdraw _236 ~> ret withdraw () ~> ret send () )
#Or
  T ==K ( call withdraw _1 ~> call send _1 ~> call withdraw _5 ~> ret withdraw () ~> ret send () ~> ret withdraw () ~> call withdraw _52 ~> call send _52 ~> call withdraw _90 ~> call send _90 ~> ret send () ~> ret withdraw () ~> ret send () )
#Or
  T ==K ( call withdraw _1 ~> call send _1 ~> call withdraw _5 ~> ret withdraw () ~> ret send () ~> ret withdraw () ~> call withdraw _52 ~> call send _52 ~> call withdraw _90 ~> ret withdraw () ~> call withdraw _149 ~> call send _149 ~> ret send () ~> ret withdraw () ~> ret send () )
#Or
  T ==K ( call withdraw _1 ~> call send _1 ~> ret send () ~> ret withdraw () ~> call withdraw _25 ~> call send _25 ~> call withdraw _48 ~> call send _48 ~> ret send () ~> ret withdraw () ~> call withdraw _160 ~> call send _160 ~> ret send () )
#Or
  T ==K ( call withdraw _1 ~> call send _1 ~> ret send () ~> ret withdraw () ~> call withdraw _25 ~> call send _25 ~> call withdraw _48 ~> call send _48 ~> ret send () ~> ret withdraw () ~> call withdraw _160 ~> call send _160 ~> ret send () ~> ret withdraw () ~> ret send () )
#Or
  T ==K ( call withdraw _1 ~> call send _1 ~> ret send () ~> ret withdraw () ~> call withdraw _25 ~> call send _25 ~> call withdraw _48 ~> call send _48 ~> ret send () ~> ret withdraw () ~> call withdraw _160 ~> ret withdraw () ~> ret send () )
#Or
  T ==K ( call withdraw _1 ~> call send _1 ~> ret send () ~> ret withdraw () ~> call withdraw _25 ~> call send _25 ~> call withdraw _48 ~> call send _48 ~> ret send () ~> ret withdraw () ~> ret send () )
#Or
  T ==K ( call withdraw _1 ~> call send _1 ~> ret send () ~> ret withdraw () ~> call withdraw _25 ~> call send _25 ~> call withdraw _48 ~> ret withdraw () ~> call withdraw _91 ~> call send _91 ~> ret send () ~> ret withdraw () ~> ret send () )
#Or
  T ==K ( call withdraw _1 ~> ret withdraw () ~> call withdraw _6 ~> call send _6 ~> call withdraw _18 ~> call send _18 ~> ret send () ~> ret withdraw () ~> call withdraw _89 ~> call send _89 ~> ret send () ~> ret withdraw () ~> ret send () )

real	0m9.181s
user	0m25.163s
sys	0m1.028s
