  T ==K ( call withdraw _1 ~> call getUser () ~> call withdraw _5 ~> call getUser () ~> call withdraw _14 ~> call getUser () ~> call withdraw _30 ~> call getUser () ~> call withdraw _55 ~> call getUser () ~> ret getUser _90 ~> ret withdraw () ~> ret getUser _124 ~> ret withdraw () ~> ret getUser _158 ~> ret withdraw () ~> ret getUser _199 ~> ret withdraw () ~> ret getUser _342 )
#Or
  T ==K ( call withdraw _1 ~> call getUser () ~> call withdraw _5 ~> call getUser () ~> call withdraw _14 ~> call getUser () ~> call withdraw _30 ~> call getUser () ~> call withdraw _55 ~> call getUser () ~> ret getUser _90 ~> ret withdraw () ~> ret getUser _124 ~> ret withdraw () ~> ret getUser _158 ~> ret withdraw () ~> ret getUser _283 )
#Or
  T ==K ( call withdraw _1 ~> call getUser () ~> call withdraw _5 ~> call getUser () ~> call withdraw _14 ~> call getUser () ~> call withdraw _30 ~> call getUser () ~> call withdraw _55 ~> call getUser () ~> ret getUser _90 ~> ret withdraw () ~> ret getUser _124 ~> ret withdraw () ~> ret getUser _158 ~> ret withdraw () ~> ret getUser _283 ~> ret withdraw () ~> ret getUser _343 )
#Or
  T ==K ( call withdraw _1 ~> call getUser () ~> call withdraw _5 ~> call getUser () ~> call withdraw _14 ~> call getUser () ~> call withdraw _30 ~> call getUser () ~> call withdraw _55 ~> call getUser () ~> ret getUser _90 ~> ret withdraw () ~> ret getUser _124 ~> ret withdraw () ~> ret getUser _158 ~> ret withdraw () ~> ret getUser _283 ~> ret withdraw () ~> ret getUser _432 )
#Or
  T ==K ( call withdraw _1 ~> call getUser () ~> call withdraw _5 ~> call getUser () ~> call withdraw _14 ~> call getUser () ~> call withdraw _30 ~> call getUser () ~> call withdraw _55 ~> call getUser () ~> ret getUser _90 ~> ret withdraw () ~> ret getUser _124 ~> ret withdraw () ~> ret getUser _230 )
#Or
  T ==K ( call withdraw _1 ~> call getUser () ~> call withdraw _5 ~> call getUser () ~> call withdraw _14 ~> call getUser () ~> call withdraw _30 ~> call getUser () ~> call withdraw _55 ~> call getUser () ~> ret getUser _90 ~> ret withdraw () ~> ret getUser _124 ~> ret withdraw () ~> ret getUser _230 ~> ret withdraw () ~> ret getUser _284 )
#Or
  T ==K ( call withdraw _1 ~> call getUser () ~> call withdraw _5 ~> call getUser () ~> call withdraw _14 ~> call getUser () ~> call withdraw _30 ~> call getUser () ~> call withdraw _55 ~> call getUser () ~> ret getUser _90 ~> ret withdraw () ~> ret getUser _124 ~> ret withdraw () ~> ret getUser _230 ~> ret withdraw () ~> ret getUser _284 ~> ret withdraw () ~> ret getUser _344 )
#Or
  T ==K ( call withdraw _1 ~> call getUser () ~> call withdraw _5 ~> call getUser () ~> call withdraw _14 ~> call getUser () ~> call withdraw _30 ~> call getUser () ~> call withdraw _55 ~> call getUser () ~> ret getUser _90 ~> ret withdraw () ~> ret getUser _124 ~> ret withdraw () ~> ret getUser _230 ~> ret withdraw () ~> ret getUser _284 ~> ret withdraw () ~> ret getUser _433 )
#Or
  T ==K ( call withdraw _1 ~> call getUser () ~> call withdraw _5 ~> call getUser () ~> call withdraw _14 ~> call getUser () ~> call withdraw _30 ~> call getUser () ~> call withdraw _55 ~> call getUser () ~> ret getUser _90 ~> ret withdraw () ~> ret getUser _124 ~> ret withdraw () ~> ret getUser _230 ~> ret withdraw () ~> ret getUser _377 )
#Or
  T ==K ( call withdraw _1 ~> call getUser () ~> call withdraw _5 ~> call getUser () ~> call withdraw _14 ~> call getUser () ~> call withdraw _30 ~> call getUser () ~> call withdraw _55 ~> call getUser () ~> ret getUser _90 ~> ret withdraw () ~> ret getUser _124 ~> ret withdraw () ~> ret getUser _230 ~> ret withdraw () ~> ret getUser _377 ~> ret withdraw () ~> ret getUser _434 )
#Or
  T ==K ( call withdraw _1 ~> call getUser () ~> call withdraw _5 ~> call getUser () ~> call withdraw _14 ~> call getUser () ~> call withdraw _30 ~> call getUser () ~> call withdraw _55 ~> call getUser () ~> ret getUser _90 ~> ret withdraw () ~> ret getUser _124 ~> ret withdraw () ~> ret getUser _230 ~> ret withdraw () ~> ret getUser _377 ~> ret withdraw () ~> ret getUser _501 )
#Or
  T ==K ( call withdraw _1 ~> call getUser () ~> call withdraw _5 ~> call getUser () ~> call withdraw _14 ~> call getUser () ~> call withdraw _30 ~> call getUser () ~> call withdraw _55 ~> call getUser () ~> ret getUser _90 ~> ret withdraw () ~> ret getUser _184 )
#Or
  T ==K ( call withdraw _1 ~> call getUser () ~> call withdraw _5 ~> call getUser () ~> call withdraw _14 ~> call getUser () ~> call withdraw _30 ~> call getUser () ~> call withdraw _55 ~> call getUser () ~> ret getUser _90 ~> ret withdraw () ~> ret getUser _184 ~> ret withdraw () ~> ret getUser _231 )
#Or
  T ==K ( call withdraw _1 ~> call getUser () ~> call withdraw _5 ~> call getUser () ~> call withdraw _14 ~> call getUser () ~> call withdraw _30 ~> call getUser () ~> call withdraw _55 ~> call getUser () ~> ret getUser _90 ~> ret withdraw () ~> ret getUser _184 ~> ret withdraw () ~> ret getUser _231 ~> ret withdraw () ~> ret getUser _285 )
#Or
  T ==K ( call withdraw _1 ~> call getUser () ~> call withdraw _5 ~> call getUser () ~> call withdraw _14 ~> call getUser () ~> call withdraw _30 ~> call getUser () ~> call withdraw _55 ~> call getUser () ~> ret getUser _90 ~> ret withdraw () ~> ret getUser _184 ~> ret withdraw () ~> ret getUser _231 ~> ret withdraw () ~> ret getUser _285 ~> ret withdraw () ~> ret getUser _345 )
#Or
  T ==K ( call withdraw _1 ~> call getUser () ~> call withdraw _5 ~> call getUser () ~> call withdraw _14 ~> call getUser () ~> call withdraw _30 ~> call getUser () ~> call withdraw _55 ~> call getUser () ~> ret getUser _90 ~> ret withdraw () ~> ret getUser _184 ~> ret withdraw () ~> ret getUser _231 ~> ret withdraw () ~> ret getUser _285 ~> ret withdraw () ~> ret getUser _435 )
#Or
  T ==K ( call withdraw _1 ~> call getUser () ~> call withdraw _5 ~> call getUser () ~> call withdraw _14 ~> call getUser () ~> call withdraw _30 ~> call getUser () ~> call withdraw _55 ~> call getUser () ~> ret getUser _90 ~> ret withdraw () ~> ret getUser _184 ~> ret withdraw () ~> ret getUser _231 ~> ret withdraw () ~> ret getUser _378 )
#Or
  T ==K ( call withdraw _1 ~> call getUser () ~> call withdraw _5 ~> call getUser () ~> call withdraw _14 ~> call getUser () ~> call withdraw _30 ~> call getUser () ~> call withdraw _55 ~> call getUser () ~> ret getUser _90 ~> ret withdraw () ~> ret getUser _184 ~> ret withdraw () ~> ret getUser _231 ~> ret withdraw () ~> ret getUser _378 ~> ret withdraw () ~> ret getUser _436 )
#Or
  T ==K ( call withdraw _1 ~> call getUser () ~> call withdraw _5 ~> call getUser () ~> call withdraw _14 ~> call getUser () ~> call withdraw _30 ~> call getUser () ~> call withdraw _55 ~> call getUser () ~> ret getUser _90 ~> ret withdraw () ~> ret getUser _184 ~> ret withdraw () ~> ret getUser _231 ~> ret withdraw () ~> ret getUser _378 ~> ret withdraw () ~> ret getUser _502 )
#Or
  T ==K ( call withdraw _1 ~> call getUser () ~> call withdraw _5 ~> call getUser () ~> call withdraw _14 ~> call getUser () ~> call withdraw _30 ~> call getUser () ~> call withdraw _55 ~> call getUser () ~> ret getUser _90 ~> ret withdraw () ~> ret getUser _184 ~> ret withdraw () ~> ret getUser _322 )
#Or
  T ==K ( call withdraw _1 ~> call getUser () ~> call withdraw _5 ~> call getUser () ~> call withdraw _14 ~> call getUser () ~> call withdraw _30 ~> call getUser () ~> call withdraw _55 ~> call getUser () ~> ret getUser _90 ~> ret withdraw () ~> ret getUser _184 ~> ret withdraw () ~> ret getUser _322 ~> ret withdraw () ~> ret getUser _379 )
#Or
  T ==K ( call withdraw _1 ~> call getUser () ~> call withdraw _5 ~> call getUser () ~> call withdraw _14 ~> call getUser () ~> call withdraw _30 ~> call getUser () ~> call withdraw _55 ~> call getUser () ~> ret getUser _90 ~> ret withdraw () ~> ret getUser _184 ~> ret withdraw () ~> ret getUser _322 ~> ret withdraw () ~> ret getUser _379 ~> ret withdraw () ~> ret getUser _437 )
#Or
  T ==K ( call withdraw _1 ~> call getUser () ~> call withdraw _5 ~> call getUser () ~> call withdraw _14 ~> call getUser () ~> call withdraw _30 ~> call getUser () ~> call withdraw _55 ~> call getUser () ~> ret getUser _90 ~> ret withdraw () ~> ret getUser _184 ~> ret withdraw () ~> ret getUser _322 ~> ret withdraw () ~> ret getUser _379 ~> ret withdraw () ~> ret getUser _503 )
#Or
  T ==K ( call withdraw _1 ~> call getUser () ~> call withdraw _5 ~> call getUser () ~> call withdraw _14 ~> call getUser () ~> call withdraw _30 ~> call getUser () ~> call withdraw _55 ~> call getUser () ~> ret getUser _90 ~> ret withdraw () ~> ret getUser _184 ~> ret withdraw () ~> ret getUser _322 ~> ret withdraw () ~> ret getUser _463 )
#Or
  T ==K ( call withdraw _1 ~> call getUser () ~> call withdraw _5 ~> call getUser () ~> call withdraw _14 ~> call getUser () ~> call withdraw _30 ~> call getUser () ~> call withdraw _55 ~> call getUser () ~> ret getUser _90 ~> ret withdraw () ~> ret getUser _184 ~> ret withdraw () ~> ret getUser _322 ~> ret withdraw () ~> ret getUser _463 ~> ret withdraw () ~> ret getUser _504 )
#Or
  T ==K ( call withdraw _1 ~> call getUser () ~> call withdraw _5 ~> call getUser () ~> call withdraw _14 ~> call getUser () ~> call withdraw _30 ~> call getUser () ~> call withdraw _55 ~> call getUser () ~> ret getUser _90 ~> ret withdraw () ~> ret getUser _184 ~> ret withdraw () ~> ret getUser _322 ~> ret withdraw () ~> ret getUser _463 ~> ret withdraw () ~> ret getUser _537 )
#Or
  T ==K ( call withdraw _1 ~> call getUser () ~> call withdraw _5 ~> call getUser () ~> call withdraw _14 ~> call getUser () ~> call withdraw _30 ~> call getUser () ~> call withdraw _55 ~> ret withdraw () ~> ret getUser _85 ~> ret withdraw () ~> ret getUser _115 ~> ret withdraw () ~> ret getUser _150 ~> ret withdraw () ~> ret getUser _276 )
#Or
  T ==K ( call withdraw _1 ~> call getUser () ~> call withdraw _5 ~> call getUser () ~> call withdraw _14 ~> call getUser () ~> call withdraw _30 ~> call getUser () ~> call withdraw _55 ~> ret withdraw () ~> ret getUser _85 ~> ret withdraw () ~> ret getUser _115 ~> ret withdraw () ~> ret getUser _223 )
#Or
  T ==K ( call withdraw _1 ~> call getUser () ~> call withdraw _5 ~> call getUser () ~> call withdraw _14 ~> call getUser () ~> call withdraw _30 ~> call getUser () ~> call withdraw _55 ~> ret withdraw () ~> ret getUser _85 ~> ret withdraw () ~> ret getUser _115 ~> ret withdraw () ~> ret getUser _223 ~> ret withdraw () ~> ret getUser _277 )
#Or
  T ==K ( call withdraw _1 ~> call getUser () ~> call withdraw _5 ~> call getUser () ~> call withdraw _14 ~> call getUser () ~> call withdraw _30 ~> call getUser () ~> call withdraw _55 ~> ret withdraw () ~> ret getUser _85 ~> ret withdraw () ~> ret getUser _115 ~> ret withdraw () ~> ret getUser _223 ~> ret withdraw () ~> ret getUser _373 )
#Or
  T ==K ( call withdraw _1 ~> call getUser () ~> call withdraw _5 ~> call getUser () ~> call withdraw _14 ~> call getUser () ~> call withdraw _30 ~> call getUser () ~> call withdraw _55 ~> ret withdraw () ~> ret getUser _85 ~> ret withdraw () ~> ret getUser _178 )
#Or
  T ==K ( call withdraw _1 ~> call getUser () ~> call withdraw _5 ~> call getUser () ~> call withdraw _14 ~> call getUser () ~> call withdraw _30 ~> call getUser () ~> call withdraw _55 ~> ret withdraw () ~> ret getUser _85 ~> ret withdraw () ~> ret getUser _178 ~> ret withdraw () ~> ret getUser _224 )
#Or
  T ==K ( call withdraw _1 ~> call getUser () ~> call withdraw _5 ~> call getUser () ~> call withdraw _14 ~> call getUser () ~> call withdraw _30 ~> call getUser () ~> call withdraw _55 ~> ret withdraw () ~> ret getUser _85 ~> ret withdraw () ~> ret getUser _178 ~> ret withdraw () ~> ret getUser _224 ~> ret withdraw () ~> ret getUser _278 )
#Or
  T ==K ( call withdraw _1 ~> call getUser () ~> call withdraw _5 ~> call getUser () ~> call withdraw _14 ~> call getUser () ~> call withdraw _30 ~> call getUser () ~> call withdraw _55 ~> ret withdraw () ~> ret getUser _85 ~> ret withdraw () ~> ret getUser _178 ~> ret withdraw () ~> ret getUser _224 ~> ret withdraw () ~> ret getUser _374 )
#Or
  T ==K ( call withdraw _1 ~> call getUser () ~> call withdraw _5 ~> call getUser () ~> call withdraw _14 ~> call getUser () ~> call withdraw _30 ~> call getUser () ~> call withdraw _55 ~> ret withdraw () ~> ret getUser _85 ~> ret withdraw () ~> ret getUser _178 ~> ret withdraw () ~> ret getUser _313 )
#Or
  T ==K ( call withdraw _1 ~> call getUser () ~> call withdraw _5 ~> call getUser () ~> call withdraw _14 ~> call getUser () ~> call withdraw _30 ~> call getUser () ~> call withdraw _55 ~> ret withdraw () ~> ret getUser _85 ~> ret withdraw () ~> ret getUser _178 ~> ret withdraw () ~> ret getUser _313 ~> ret withdraw () ~> ret getUser _375 )
#Or
  T ==K ( call withdraw _1 ~> call getUser () ~> call withdraw _5 ~> call getUser () ~> call withdraw _14 ~> call getUser () ~> call withdraw _30 ~> call getUser () ~> call withdraw _55 ~> ret withdraw () ~> ret getUser _85 ~> ret withdraw () ~> ret getUser _178 ~> ret withdraw () ~> ret getUser _313 ~> ret withdraw () ~> ret getUser _462 )
#Or
  T ==K ( call withdraw _1 ~> call getUser () ~> call withdraw _5 ~> call getUser () ~> call withdraw _14 ~> call getUser () ~> call withdraw _30 ~> call getUser () ~> ret getUser _52 ~> ret withdraw () ~> ret getUser _73 ~> ret withdraw () ~> ret getUser _99 ~> ret withdraw () ~> ret getUser _196 )
#Or
  T ==K ( call withdraw _1 ~> call getUser () ~> call withdraw _5 ~> call getUser () ~> call withdraw _14 ~> call getUser () ~> call withdraw _30 ~> call getUser () ~> ret getUser _52 ~> ret withdraw () ~> ret getUser _73 ~> ret withdraw () ~> ret getUser _153 )
#Or
  T ==K ( call withdraw _1 ~> call getUser () ~> call withdraw _5 ~> call getUser () ~> call withdraw _14 ~> call getUser () ~> call withdraw _30 ~> call getUser () ~> ret getUser _52 ~> ret withdraw () ~> ret getUser _73 ~> ret withdraw () ~> ret getUser _153 ~> ret withdraw () ~> ret getUser _197 )
#Or
  T ==K ( call withdraw _1 ~> call getUser () ~> call withdraw _5 ~> call getUser () ~> call withdraw _14 ~> call getUser () ~> call withdraw _30 ~> call getUser () ~> ret getUser _52 ~> ret withdraw () ~> ret getUser _73 ~> ret withdraw () ~> ret getUser _153 ~> ret withdraw () ~> ret getUser _280 )
#Or
  T ==K ( call withdraw _1 ~> call getUser () ~> call withdraw _5 ~> call getUser () ~> call withdraw _14 ~> call getUser () ~> call withdraw _30 ~> call getUser () ~> ret getUser _52 ~> ret withdraw () ~> ret getUser _117 )
#Or
  T ==K ( call withdraw _1 ~> call getUser () ~> call withdraw _5 ~> call getUser () ~> call withdraw _14 ~> call getUser () ~> call withdraw _30 ~> call getUser () ~> ret getUser _52 ~> ret withdraw () ~> ret getUser _117 ~> ret withdraw () ~> ret getUser _154 )
#Or
  T ==K ( call withdraw _1 ~> call getUser () ~> call withdraw _5 ~> call getUser () ~> call withdraw _14 ~> call getUser () ~> call withdraw _30 ~> call getUser () ~> ret getUser _52 ~> ret withdraw () ~> ret getUser _117 ~> ret withdraw () ~> ret getUser _154 ~> ret withdraw () ~> ret getUser _198 )
#Or
  T ==K ( call withdraw _1 ~> call getUser () ~> call withdraw _5 ~> call getUser () ~> call withdraw _14 ~> call getUser () ~> call withdraw _30 ~> call getUser () ~> ret getUser _52 ~> ret withdraw () ~> ret getUser _117 ~> ret withdraw () ~> ret getUser _154 ~> ret withdraw () ~> ret getUser _281 )
#Or
  T ==K ( call withdraw _1 ~> call getUser () ~> call withdraw _5 ~> call getUser () ~> call withdraw _14 ~> call getUser () ~> call withdraw _30 ~> call getUser () ~> ret getUser _52 ~> ret withdraw () ~> ret getUser _117 ~> ret withdraw () ~> ret getUser _226 )
#Or
  T ==K ( call withdraw _1 ~> call getUser () ~> call withdraw _5 ~> call getUser () ~> call withdraw _14 ~> call getUser () ~> call withdraw _30 ~> call getUser () ~> ret getUser _52 ~> ret withdraw () ~> ret getUser _117 ~> ret withdraw () ~> ret getUser _226 ~> ret withdraw () ~> ret getUser _282 )
#Or
  T ==K ( call withdraw _1 ~> call getUser () ~> call withdraw _5 ~> call getUser () ~> call withdraw _14 ~> call getUser () ~> call withdraw _30 ~> call getUser () ~> ret getUser _52 ~> ret withdraw () ~> ret getUser _117 ~> ret withdraw () ~> ret getUser _226 ~> ret withdraw () ~> ret getUser _376 )
#Or
  T ==K ( call withdraw _1 ~> call getUser () ~> call withdraw _5 ~> call getUser () ~> call withdraw _14 ~> call getUser () ~> call withdraw _30 ~> ret withdraw () ~> ret getUser _48 ~> ret withdraw () ~> ret getUser _68 ~> ret withdraw () ~> ret getUser _146 )
#Or
  T ==K ( call withdraw _1 ~> call getUser () ~> call withdraw _5 ~> call getUser () ~> call withdraw _14 ~> call getUser () ~> call withdraw _30 ~> ret withdraw () ~> ret getUser _48 ~> ret withdraw () ~> ret getUser _112 )
#Or
  T ==K ( call withdraw _1 ~> call getUser () ~> call withdraw _5 ~> call getUser () ~> call withdraw _14 ~> call getUser () ~> call withdraw _30 ~> ret withdraw () ~> ret getUser _48 ~> ret withdraw () ~> ret getUser _112 ~> ret withdraw () ~> ret getUser _147 )
#Or
  T ==K ( call withdraw _1 ~> call getUser () ~> call withdraw _5 ~> call getUser () ~> call withdraw _14 ~> call getUser () ~> call withdraw _30 ~> ret withdraw () ~> ret getUser _48 ~> ret withdraw () ~> ret getUser _112 ~> ret withdraw () ~> ret getUser _220 )
#Or
  T ==K ( call withdraw _1 ~> call getUser () ~> call withdraw _5 ~> call getUser () ~> call withdraw _14 ~> call getUser () ~> ret getUser _27 ~> ret withdraw () ~> ret getUser _40 ~> ret withdraw () ~> ret getUser _96 )
#Or
  T ==K ( call withdraw _1 ~> call getUser () ~> call withdraw _5 ~> call getUser () ~> call withdraw _14 ~> call getUser () ~> ret getUser _27 ~> ret withdraw () ~> ret getUser _70 )
#Or
  T ==K ( call withdraw _1 ~> call getUser () ~> call withdraw _5 ~> call getUser () ~> call withdraw _14 ~> call getUser () ~> ret getUser _27 ~> ret withdraw () ~> ret getUser _70 ~> ret withdraw () ~> ret getUser _97 )
#Or
  T ==K ( call withdraw _1 ~> call getUser () ~> call withdraw _5 ~> call getUser () ~> call withdraw _14 ~> call getUser () ~> ret getUser _27 ~> ret withdraw () ~> ret getUser _70 ~> ret withdraw () ~> ret getUser _151 )
#Or
  T ==K ( call withdraw _1 ~> call getUser () ~> call withdraw _5 ~> call getUser () ~> call withdraw _14 ~> ret withdraw () ~> ret getUser _25 ~> ret withdraw () ~> ret getUser _66 )
#Or
  T ==K ( call withdraw _1 ~> call getUser () ~> call withdraw _5 ~> call getUser () ~> ret getUser _12 ~> ret withdraw () ~> ret getUser _39 )

real	0m9.667s
user	0m24.953s
sys	0m1.318s
