  T ==K ( call withdraw _1 ~> call getUser () ~> call withdraw _6 ~> call getUser () ~> ret getUser _20 ~> ret withdraw () ~> call withdraw _38 ~> call getUser () ~> ret getUser _94 ~> ret withdraw () ~> ret getUser _154 ~> ret withdraw () ~> call withdraw _251 ~> call getUser () ~> call withdraw _484 ~> call getUser () ~> ret getUser _820 ~> ret withdraw () ~> call withdraw _1137 ~> call getUser () ~> ret getUser _1704 ~> ret withdraw () ~> ret getUser _2735 )
#Or
  T ==K ( call withdraw _1 ~> call getUser () ~> call withdraw _6 ~> call getUser () ~> ret getUser _20 ~> ret withdraw () ~> call withdraw _38 ~> call getUser () ~> ret getUser _94 ~> ret withdraw () ~> ret getUser _154 ~> ret withdraw () ~> call withdraw _251 ~> call getUser () ~> call withdraw _484 ~> call getUser () ~> ret getUser _820 ~> ret withdraw () ~> call withdraw _1705 ~> call getUser () ~> ret getUser _2349 ~> ret withdraw () ~> ret getUser _2736 )
#Or
  T ==K ( call withdraw _1 ~> call getUser () ~> call withdraw _6 ~> call getUser () ~> ret getUser _20 ~> ret withdraw () ~> call withdraw _38 ~> call getUser () ~> ret getUser _94 ~> ret withdraw () ~> ret getUser _154 ~> ret withdraw () ~> call withdraw _251 ~> call getUser () ~> call withdraw _484 ~> call getUser () ~> ret getUser _820 ~> ret withdraw () ~> call withdraw _1705 ~> call getUser () ~> ret getUser _2349 ~> ret withdraw () ~> ret getUser _3245 )
#Or
  T ==K ( call withdraw _1 ~> call getUser () ~> call withdraw _6 ~> call getUser () ~> ret getUser _20 ~> ret withdraw () ~> call withdraw _38 ~> call getUser () ~> ret getUser _94 ~> ret withdraw () ~> ret getUser _154 ~> ret withdraw () ~> call withdraw _251 ~> call getUser () ~> call withdraw _484 ~> call getUser () ~> ret getUser _820 ~> ret withdraw () ~> call withdraw _1705 ~> ret withdraw () ~> ret getUser _2295 )
#Or
  T ==K ( call withdraw _1 ~> call getUser () ~> call withdraw _6 ~> call getUser () ~> ret getUser _20 ~> ret withdraw () ~> call withdraw _38 ~> call getUser () ~> ret getUser _94 ~> ret withdraw () ~> ret getUser _154 ~> ret withdraw () ~> call withdraw _251 ~> call getUser () ~> call withdraw _484 ~> call getUser () ~> ret getUser _820 ~> ret withdraw () ~> ret getUser _1682 )
#Or
  T ==K ( call withdraw _1 ~> call getUser () ~> call withdraw _6 ~> call getUser () ~> ret getUser _20 ~> ret withdraw () ~> call withdraw _38 ~> call getUser () ~> ret getUser _94 ~> ret withdraw () ~> ret getUser _154 ~> ret withdraw () ~> call withdraw _251 ~> call getUser () ~> call withdraw _484 ~> ret withdraw () ~> call withdraw _799 ~> call getUser () ~> ret getUser _1271 ~> ret withdraw () ~> ret getUser _2294 )
#Or
  T ==K ( call withdraw _1 ~> call getUser () ~> call withdraw _6 ~> call getUser () ~> ret getUser _20 ~> ret withdraw () ~> call withdraw _38 ~> call getUser () ~> ret getUser _94 ~> ret withdraw () ~> ret getUser _154 ~> ret withdraw () ~> call withdraw _471 ~> call getUser () ~> call withdraw _821 ~> call getUser () ~> ret getUser _1315 ~> ret withdraw () ~> call withdraw _1706 ~> call getUser () ~> ret getUser _2352 ~> ret withdraw () ~> ret getUser _3246 )
#Or
  T ==K ( call withdraw _1 ~> call getUser () ~> call withdraw _6 ~> call getUser () ~> ret getUser _20 ~> ret withdraw () ~> call withdraw _38 ~> call getUser () ~> ret getUser _94 ~> ret withdraw () ~> ret getUser _154 ~> ret withdraw () ~> call withdraw _471 ~> call getUser () ~> call withdraw _821 ~> call getUser () ~> ret getUser _1315 ~> ret withdraw () ~> call withdraw _2353 ~> call getUser () ~> ret getUser _2947 ~> ret withdraw () ~> ret getUser _3247 )
#Or
  T ==K ( call withdraw _1 ~> call getUser () ~> call withdraw _6 ~> call getUser () ~> ret getUser _20 ~> ret withdraw () ~> call withdraw _38 ~> call getUser () ~> ret getUser _94 ~> ret withdraw () ~> ret getUser _154 ~> ret withdraw () ~> call withdraw _471 ~> call getUser () ~> call withdraw _821 ~> call getUser () ~> ret getUser _1315 ~> ret withdraw () ~> call withdraw _2353 ~> call getUser () ~> ret getUser _2947 ~> ret withdraw () ~> ret getUser _3565 )
#Or
  T ==K ( call withdraw _1 ~> call getUser () ~> call withdraw _6 ~> call getUser () ~> ret getUser _20 ~> ret withdraw () ~> call withdraw _38 ~> call getUser () ~> ret getUser _94 ~> ret withdraw () ~> ret getUser _154 ~> ret withdraw () ~> call withdraw _471 ~> call getUser () ~> call withdraw _821 ~> call getUser () ~> ret getUser _1315 ~> ret withdraw () ~> call withdraw _2353 ~> ret withdraw () ~> ret getUser _2903 )
#Or
  T ==K ( call withdraw _1 ~> call getUser () ~> call withdraw _6 ~> call getUser () ~> ret getUser _20 ~> ret withdraw () ~> call withdraw _38 ~> call getUser () ~> ret getUser _94 ~> ret withdraw () ~> ret getUser _154 ~> ret withdraw () ~> call withdraw _471 ~> call getUser () ~> call withdraw _821 ~> call getUser () ~> ret getUser _1315 ~> ret withdraw () ~> ret getUser _2311 )
#Or
  T ==K ( call withdraw _1 ~> call getUser () ~> call withdraw _6 ~> call getUser () ~> ret getUser _20 ~> ret withdraw () ~> call withdraw _38 ~> call getUser () ~> ret getUser _94 ~> ret withdraw () ~> ret getUser _154 ~> ret withdraw () ~> call withdraw _471 ~> call getUser () ~> call withdraw _821 ~> ret withdraw () ~> call withdraw _1272 ~> call getUser () ~> ret getUser _1888 ~> ret withdraw () ~> ret getUser _2902 )
#Or
  T ==K ( call withdraw _1 ~> call getUser () ~> call withdraw _6 ~> call getUser () ~> ret getUser _20 ~> ret withdraw () ~> call withdraw _38 ~> call getUser () ~> ret getUser _94 ~> ret withdraw () ~> ret getUser _305 )
#Or
  T ==K ( call withdraw _1 ~> call getUser () ~> call withdraw _6 ~> call getUser () ~> ret getUser _20 ~> ret withdraw () ~> call withdraw _38 ~> call getUser () ~> ret getUser _94 ~> ret withdraw () ~> ret getUser _305 ~> ret withdraw () ~> call withdraw _472 ~> call getUser () ~> call withdraw _822 ~> call getUser () ~> ret getUser _1316 ~> ret withdraw () ~> call withdraw _1707 ~> call getUser () ~> ret getUser _2356 ~> ret withdraw () ~> ret getUser _3248 )
#Or
  T ==K ( call withdraw _1 ~> call getUser () ~> call withdraw _6 ~> call getUser () ~> ret getUser _20 ~> ret withdraw () ~> call withdraw _38 ~> call getUser () ~> ret getUser _94 ~> ret withdraw () ~> ret getUser _305 ~> ret withdraw () ~> call withdraw _472 ~> call getUser () ~> call withdraw _822 ~> call getUser () ~> ret getUser _1316 ~> ret withdraw () ~> call withdraw _2357 ~> call getUser () ~> ret getUser _2948 ~> ret withdraw () ~> ret getUser _3249 )
#Or
  T ==K ( call withdraw _1 ~> call getUser () ~> call withdraw _6 ~> call getUser () ~> ret getUser _20 ~> ret withdraw () ~> call withdraw _38 ~> call getUser () ~> ret getUser _94 ~> ret withdraw () ~> ret getUser _305 ~> ret withdraw () ~> call withdraw _472 ~> call getUser () ~> call withdraw _822 ~> call getUser () ~> ret getUser _1316 ~> ret withdraw () ~> call withdraw _2357 ~> call getUser () ~> ret getUser _2948 ~> ret withdraw () ~> ret getUser _3566 )
#Or
  T ==K ( call withdraw _1 ~> call getUser () ~> call withdraw _6 ~> call getUser () ~> ret getUser _20 ~> ret withdraw () ~> call withdraw _38 ~> call getUser () ~> ret getUser _94 ~> ret withdraw () ~> ret getUser _305 ~> ret withdraw () ~> call withdraw _472 ~> call getUser () ~> call withdraw _822 ~> call getUser () ~> ret getUser _1316 ~> ret withdraw () ~> call withdraw _2357 ~> ret withdraw () ~> ret getUser _2905 )
#Or
  T ==K ( call withdraw _1 ~> call getUser () ~> call withdraw _6 ~> call getUser () ~> ret getUser _20 ~> ret withdraw () ~> call withdraw _38 ~> call getUser () ~> ret getUser _94 ~> ret withdraw () ~> ret getUser _305 ~> ret withdraw () ~> call withdraw _472 ~> call getUser () ~> call withdraw _822 ~> call getUser () ~> ret getUser _1316 ~> ret withdraw () ~> ret getUser _2312 )
#Or
  T ==K ( call withdraw _1 ~> call getUser () ~> call withdraw _6 ~> call getUser () ~> ret getUser _20 ~> ret withdraw () ~> call withdraw _38 ~> call getUser () ~> ret getUser _94 ~> ret withdraw () ~> ret getUser _305 ~> ret withdraw () ~> call withdraw _472 ~> call getUser () ~> call withdraw _822 ~> ret withdraw () ~> call withdraw _1273 ~> call getUser () ~> ret getUser _1889 ~> ret withdraw () ~> ret getUser _2904 )
#Or
  T ==K ( call withdraw _1 ~> call getUser () ~> call withdraw _6 ~> call getUser () ~> ret getUser _20 ~> ret withdraw () ~> call withdraw _38 ~> call getUser () ~> ret getUser _94 ~> ret withdraw () ~> ret getUser _305 ~> ret withdraw () ~> call withdraw _805 ~> call getUser () ~> call withdraw _1317 ~> call getUser () ~> ret getUser _1947 ~> ret withdraw () ~> call withdraw _2358 ~> call getUser () ~> ret getUser _2951 ~> ret withdraw () ~> ret getUser _3567 )
#Or
  T ==K ( call withdraw _1 ~> call getUser () ~> call withdraw _6 ~> call getUser () ~> ret getUser _20 ~> ret withdraw () ~> call withdraw _38 ~> call getUser () ~> ret getUser _94 ~> ret withdraw () ~> ret getUser _305 ~> ret withdraw () ~> call withdraw _805 ~> call getUser () ~> call withdraw _1317 ~> call getUser () ~> ret getUser _1947 ~> ret withdraw () ~> call withdraw _2952 ~> call getUser () ~> ret getUser _3388 ~> ret withdraw () ~> ret getUser _3568 )
#Or
  T ==K ( call withdraw _1 ~> call getUser () ~> call withdraw _6 ~> call getUser () ~> ret getUser _20 ~> ret withdraw () ~> call withdraw _38 ~> call getUser () ~> ret getUser _94 ~> ret withdraw () ~> ret getUser _305 ~> ret withdraw () ~> call withdraw _805 ~> call getUser () ~> call withdraw _1317 ~> call getUser () ~> ret getUser _1947 ~> ret withdraw () ~> call withdraw _2952 ~> call getUser () ~> ret getUser _3388 ~> ret withdraw () ~> ret getUser _3722 )
#Or
  T ==K ( call withdraw _1 ~> call getUser () ~> call withdraw _6 ~> call getUser () ~> ret getUser _20 ~> ret withdraw () ~> call withdraw _38 ~> call getUser () ~> ret getUser _94 ~> ret withdraw () ~> ret getUser _305 ~> ret withdraw () ~> call withdraw _805 ~> call getUser () ~> call withdraw _1317 ~> call getUser () ~> ret getUser _1947 ~> ret withdraw () ~> call withdraw _2952 ~> ret withdraw () ~> ret getUser _3370 )
#Or
  T ==K ( call withdraw _1 ~> call getUser () ~> call withdraw _6 ~> call getUser () ~> ret getUser _20 ~> ret withdraw () ~> call withdraw _38 ~> call getUser () ~> ret getUser _94 ~> ret withdraw () ~> ret getUser _305 ~> ret withdraw () ~> call withdraw _805 ~> call getUser () ~> call withdraw _1317 ~> call getUser () ~> ret getUser _1947 ~> ret withdraw () ~> ret getUser _2917 )
#Or
  T ==K ( call withdraw _1 ~> call getUser () ~> call withdraw _6 ~> call getUser () ~> ret getUser _20 ~> ret withdraw () ~> call withdraw _38 ~> call getUser () ~> ret getUser _94 ~> ret withdraw () ~> ret getUser _305 ~> ret withdraw () ~> call withdraw _805 ~> call getUser () ~> call withdraw _1317 ~> ret withdraw () ~> call withdraw _1890 ~> call getUser () ~> ret getUser _2538 ~> ret withdraw () ~> ret getUser _3369 )
#Or
  T ==K ( call withdraw _1 ~> call getUser () ~> call withdraw _6 ~> call getUser () ~> ret getUser _20 ~> ret withdraw () ~> call withdraw _38 ~> ret withdraw () ~> ret getUser _85 ~> ret withdraw () ~> call withdraw _152 ~> call getUser () ~> call withdraw _303 ~> call getUser () ~> ret getUser _562 ~> ret withdraw () ~> call withdraw _798 ~> call getUser () ~> ret getUser _1268 ~> ret withdraw () ~> ret getUser _2291 )
#Or
  T ==K ( call withdraw _1 ~> call getUser () ~> call withdraw _6 ~> call getUser () ~> ret getUser _20 ~> ret withdraw () ~> call withdraw _38 ~> ret withdraw () ~> ret getUser _85 ~> ret withdraw () ~> call withdraw _152 ~> call getUser () ~> call withdraw _303 ~> call getUser () ~> ret getUser _562 ~> ret withdraw () ~> call withdraw _1269 ~> call getUser () ~> ret getUser _1883 ~> ret withdraw () ~> ret getUser _2292 )
#Or
  T ==K ( call withdraw _1 ~> call getUser () ~> call withdraw _6 ~> call getUser () ~> ret getUser _20 ~> ret withdraw () ~> call withdraw _38 ~> ret withdraw () ~> ret getUser _85 ~> ret withdraw () ~> call withdraw _152 ~> call getUser () ~> call withdraw _303 ~> call getUser () ~> ret getUser _562 ~> ret withdraw () ~> call withdraw _1269 ~> call getUser () ~> ret getUser _1883 ~> ret withdraw () ~> ret getUser _2899 )
#Or
  T ==K ( call withdraw _1 ~> call getUser () ~> call withdraw _6 ~> call getUser () ~> ret getUser _20 ~> ret withdraw () ~> call withdraw _38 ~> ret withdraw () ~> ret getUser _85 ~> ret withdraw () ~> call withdraw _152 ~> call getUser () ~> call withdraw _303 ~> call getUser () ~> ret getUser _562 ~> ret withdraw () ~> call withdraw _1269 ~> ret withdraw () ~> ret getUser _1823 )
#Or
  T ==K ( call withdraw _1 ~> call getUser () ~> call withdraw _6 ~> call getUser () ~> ret getUser _20 ~> ret withdraw () ~> call withdraw _38 ~> ret withdraw () ~> ret getUser _85 ~> ret withdraw () ~> call withdraw _152 ~> call getUser () ~> call withdraw _303 ~> call getUser () ~> ret getUser _562 ~> ret withdraw () ~> ret getUser _1247 )
#Or
  T ==K ( call withdraw _1 ~> call getUser () ~> call withdraw _6 ~> call getUser () ~> ret getUser _20 ~> ret withdraw () ~> call withdraw _38 ~> ret withdraw () ~> ret getUser _85 ~> ret withdraw () ~> call withdraw _152 ~> call getUser () ~> call withdraw _303 ~> ret withdraw () ~> call withdraw _532 ~> call getUser () ~> ret getUser _927 ~> ret withdraw () ~> ret getUser _1822 )
#Or
  T ==K ( call withdraw _1 ~> call getUser () ~> call withdraw _6 ~> call getUser () ~> ret getUser _20 ~> ret withdraw () ~> call withdraw _38 ~> ret withdraw () ~> ret getUser _85 ~> ret withdraw () ~> call withdraw _296 ~> call getUser () ~> call withdraw _563 ~> call getUser () ~> ret getUser _963 ~> ret withdraw () ~> call withdraw _1270 ~> call getUser () ~> ret getUser _1886 ~> ret withdraw () ~> ret getUser _2900 )
#Or
  T ==K ( call withdraw _1 ~> call getUser () ~> call withdraw _6 ~> call getUser () ~> ret getUser _20 ~> ret withdraw () ~> call withdraw _38 ~> ret withdraw () ~> ret getUser _85 ~> ret withdraw () ~> call withdraw _296 ~> call getUser () ~> call withdraw _563 ~> call getUser () ~> ret getUser _963 ~> ret withdraw () ~> call withdraw _1887 ~> call getUser () ~> ret getUser _2537 ~> ret withdraw () ~> ret getUser _2901 )
#Or
  T ==K ( call withdraw _1 ~> call getUser () ~> call withdraw _6 ~> call getUser () ~> ret getUser _20 ~> ret withdraw () ~> call withdraw _38 ~> ret withdraw () ~> ret getUser _85 ~> ret withdraw () ~> call withdraw _296 ~> call getUser () ~> call withdraw _563 ~> call getUser () ~> ret getUser _963 ~> ret withdraw () ~> call withdraw _1887 ~> call getUser () ~> ret getUser _2537 ~> ret withdraw () ~> ret getUser _3368 )
#Or
  T ==K ( call withdraw _1 ~> call getUser () ~> call withdraw _6 ~> call getUser () ~> ret getUser _20 ~> ret withdraw () ~> call withdraw _38 ~> ret withdraw () ~> ret getUser _85 ~> ret withdraw () ~> call withdraw _296 ~> call getUser () ~> call withdraw _563 ~> call getUser () ~> ret getUser _963 ~> ret withdraw () ~> call withdraw _1887 ~> ret withdraw () ~> ret getUser _2495 )
#Or
  T ==K ( call withdraw _1 ~> call getUser () ~> call withdraw _6 ~> call getUser () ~> ret getUser _20 ~> ret withdraw () ~> call withdraw _38 ~> ret withdraw () ~> ret getUser _85 ~> ret withdraw () ~> call withdraw _296 ~> call getUser () ~> call withdraw _563 ~> call getUser () ~> ret getUser _963 ~> ret withdraw () ~> ret getUser _1849 )
#Or
  T ==K ( call withdraw _1 ~> call getUser () ~> call withdraw _6 ~> call getUser () ~> ret getUser _20 ~> ret withdraw () ~> call withdraw _38 ~> ret withdraw () ~> ret getUser _85 ~> ret withdraw () ~> call withdraw _296 ~> call getUser () ~> call withdraw _563 ~> ret withdraw () ~> call withdraw _928 ~> call getUser () ~> ret getUser _1463 ~> ret withdraw () ~> ret getUser _2494 )
#Or
  T ==K ( call withdraw _1 ~> call getUser () ~> call withdraw _6 ~> call getUser () ~> ret getUser _20 ~> ret withdraw () ~> call withdraw _95 ~> call getUser () ~> ret getUser _212 ~> ret withdraw () ~> ret getUser _307 )
#Or
  T ==K ( call withdraw _1 ~> call getUser () ~> call withdraw _6 ~> call getUser () ~> ret getUser _20 ~> ret withdraw () ~> call withdraw _95 ~> call getUser () ~> ret getUser _212 ~> ret withdraw () ~> ret getUser _307 ~> ret withdraw () ~> call withdraw _474 ~> call getUser () ~> call withdraw _827 ~> call getUser () ~> ret getUser _1325 ~> ret withdraw () ~> call withdraw _1710 ~> call getUser () ~> ret getUser _2365 ~> ret withdraw () ~> ret getUser _3251 )
#Or
  T ==K ( call withdraw _1 ~> call getUser () ~> call withdraw _6 ~> call getUser () ~> ret getUser _20 ~> ret withdraw () ~> call withdraw _95 ~> call getUser () ~> ret getUser _212 ~> ret withdraw () ~> ret getUser _307 ~> ret withdraw () ~> call withdraw _474 ~> call getUser () ~> call withdraw _827 ~> call getUser () ~> ret getUser _1325 ~> ret withdraw () ~> call withdraw _2366 ~> call getUser () ~> ret getUser _2961 ~> ret withdraw () ~> ret getUser _3252 )
#Or
  T ==K ( call withdraw _1 ~> call getUser () ~> call withdraw _6 ~> call getUser () ~> ret getUser _20 ~> ret withdraw () ~> call withdraw _95 ~> call getUser () ~> ret getUser _212 ~> ret withdraw () ~> ret getUser _307 ~> ret withdraw () ~> call withdraw _474 ~> call getUser () ~> call withdraw _827 ~> call getUser () ~> ret getUser _1325 ~> ret withdraw () ~> call withdraw _2366 ~> call getUser () ~> ret getUser _2961 ~> ret withdraw () ~> ret getUser _3569 )
#Or
  T ==K ( call withdraw _1 ~> call getUser () ~> call withdraw _6 ~> call getUser () ~> ret getUser _20 ~> ret withdraw () ~> call withdraw _95 ~> call getUser () ~> ret getUser _212 ~> ret withdraw () ~> ret getUser _307 ~> ret withdraw () ~> call withdraw _474 ~> call getUser () ~> call withdraw _827 ~> call getUser () ~> ret getUser _1325 ~> ret withdraw () ~> call withdraw _2366 ~> ret withdraw () ~> ret getUser _2912 )
#Or
  T ==K ( call withdraw _1 ~> call getUser () ~> call withdraw _6 ~> call getUser () ~> ret getUser _20 ~> ret withdraw () ~> call withdraw _95 ~> call getUser () ~> ret getUser _212 ~> ret withdraw () ~> ret getUser _307 ~> ret withdraw () ~> call withdraw _474 ~> call getUser () ~> call withdraw _827 ~> call getUser () ~> ret getUser _1325 ~> ret withdraw () ~> ret getUser _2317 )
#Or
  T ==K ( call withdraw _1 ~> call getUser () ~> call withdraw _6 ~> call getUser () ~> ret getUser _20 ~> ret withdraw () ~> call withdraw _95 ~> call getUser () ~> ret getUser _212 ~> ret withdraw () ~> ret getUser _307 ~> ret withdraw () ~> call withdraw _474 ~> call getUser () ~> call withdraw _827 ~> ret withdraw () ~> call withdraw _1275 ~> call getUser () ~> ret getUser _1896 ~> ret withdraw () ~> ret getUser _2911 )
#Or
  T ==K ( call withdraw _1 ~> call getUser () ~> call withdraw _6 ~> call getUser () ~> ret getUser _20 ~> ret withdraw () ~> call withdraw _95 ~> call getUser () ~> ret getUser _212 ~> ret withdraw () ~> ret getUser _307 ~> ret withdraw () ~> call withdraw _809 ~> call getUser () ~> call withdraw _1326 ~> call getUser () ~> ret getUser _1951 ~> ret withdraw () ~> call withdraw _2367 ~> call getUser () ~> ret getUser _2964 ~> ret withdraw () ~> ret getUser _3570 )
#Or
  T ==K ( call withdraw _1 ~> call getUser () ~> call withdraw _6 ~> call getUser () ~> ret getUser _20 ~> ret withdraw () ~> call withdraw _95 ~> call getUser () ~> ret getUser _212 ~> ret withdraw () ~> ret getUser _307 ~> ret withdraw () ~> call withdraw _809 ~> call getUser () ~> call withdraw _1326 ~> call getUser () ~> ret getUser _1951 ~> ret withdraw () ~> call withdraw _2965 ~> call getUser () ~> ret getUser _3393 ~> ret withdraw () ~> ret getUser _3571 )
#Or
  T ==K ( call withdraw _1 ~> call getUser () ~> call withdraw _6 ~> call getUser () ~> ret getUser _20 ~> ret withdraw () ~> call withdraw _95 ~> call getUser () ~> ret getUser _212 ~> ret withdraw () ~> ret getUser _307 ~> ret withdraw () ~> call withdraw _809 ~> call getUser () ~> call withdraw _1326 ~> call getUser () ~> ret getUser _1951 ~> ret withdraw () ~> call withdraw _2965 ~> call getUser () ~> ret getUser _3393 ~> ret withdraw () ~> ret getUser _3723 )
#Or
  T ==K ( call withdraw _1 ~> call getUser () ~> call withdraw _6 ~> call getUser () ~> ret getUser _20 ~> ret withdraw () ~> call withdraw _95 ~> call getUser () ~> ret getUser _212 ~> ret withdraw () ~> ret getUser _307 ~> ret withdraw () ~> call withdraw _809 ~> call getUser () ~> call withdraw _1326 ~> call getUser () ~> ret getUser _1951 ~> ret withdraw () ~> call withdraw _2965 ~> ret withdraw () ~> ret getUser _3375 )
#Or
  T ==K ( call withdraw _1 ~> call getUser () ~> call withdraw _6 ~> call getUser () ~> ret getUser _20 ~> ret withdraw () ~> call withdraw _95 ~> call getUser () ~> ret getUser _212 ~> ret withdraw () ~> ret getUser _307 ~> ret withdraw () ~> call withdraw _809 ~> call getUser () ~> call withdraw _1326 ~> call getUser () ~> ret getUser _1951 ~> ret withdraw () ~> ret getUser _2919 )
#Or
  T ==K ( call withdraw _1 ~> call getUser () ~> call withdraw _6 ~> call getUser () ~> ret getUser _20 ~> ret withdraw () ~> call withdraw _95 ~> call getUser () ~> ret getUser _212 ~> ret withdraw () ~> ret getUser _307 ~> ret withdraw () ~> call withdraw _809 ~> call getUser () ~> call withdraw _1326 ~> ret withdraw () ~> call withdraw _1897 ~> call getUser () ~> ret getUser _2544 ~> ret withdraw () ~> ret getUser _3374 )
#Or
  T ==K ( call withdraw _1 ~> call getUser () ~> call withdraw _6 ~> call getUser () ~> ret getUser _20 ~> ret withdraw () ~> call withdraw _95 ~> call getUser () ~> ret getUser _212 ~> ret withdraw () ~> ret getUser _578 )
#Or
  T ==K ( call withdraw _1 ~> call getUser () ~> call withdraw _6 ~> call getUser () ~> ret getUser _20 ~> ret withdraw () ~> call withdraw _95 ~> call getUser () ~> ret getUser _212 ~> ret withdraw () ~> ret getUser _578 ~> ret withdraw () ~> call withdraw _810 ~> call getUser () ~> call withdraw _1327 ~> call getUser () ~> ret getUser _1952 ~> ret withdraw () ~> call withdraw _2368 ~> call getUser () ~> ret getUser _2968 ~> ret withdraw () ~> ret getUser _3572 )
#Or
  T ==K ( call withdraw _1 ~> call getUser () ~> call withdraw _6 ~> call getUser () ~> ret getUser _20 ~> ret withdraw () ~> call withdraw _95 ~> call getUser () ~> ret getUser _212 ~> ret withdraw () ~> ret getUser _578 ~> ret withdraw () ~> call withdraw _810 ~> call getUser () ~> call withdraw _1327 ~> call getUser () ~> ret getUser _1952 ~> ret withdraw () ~> call withdraw _2969 ~> call getUser () ~> ret getUser _3394 ~> ret withdraw () ~> ret getUser _3573 )
#Or
  T ==K ( call withdraw _1 ~> call getUser () ~> call withdraw _6 ~> call getUser () ~> ret getUser _20 ~> ret withdraw () ~> call withdraw _95 ~> call getUser () ~> ret getUser _212 ~> ret withdraw () ~> ret getUser _578 ~> ret withdraw () ~> call withdraw _810 ~> call getUser () ~> call withdraw _1327 ~> call getUser () ~> ret getUser _1952 ~> ret withdraw () ~> call withdraw _2969 ~> call getUser () ~> ret getUser _3394 ~> ret withdraw () ~> ret getUser _3724 )
#Or
  T ==K ( call withdraw _1 ~> call getUser () ~> call withdraw _6 ~> call getUser () ~> ret getUser _20 ~> ret withdraw () ~> call withdraw _95 ~> call getUser () ~> ret getUser _212 ~> ret withdraw () ~> ret getUser _578 ~> ret withdraw () ~> call withdraw _810 ~> call getUser () ~> call withdraw _1327 ~> call getUser () ~> ret getUser _1952 ~> ret withdraw () ~> call withdraw _2969 ~> ret withdraw () ~> ret getUser _3377 )
#Or
  T ==K ( call withdraw _1 ~> call getUser () ~> call withdraw _6 ~> call getUser () ~> ret getUser _20 ~> ret withdraw () ~> call withdraw _95 ~> call getUser () ~> ret getUser _212 ~> ret withdraw () ~> ret getUser _578 ~> ret withdraw () ~> call withdraw _810 ~> call getUser () ~> call withdraw _1327 ~> call getUser () ~> ret getUser _1952 ~> ret withdraw () ~> ret getUser _2920 )
#Or
  T ==K ( call withdraw _1 ~> call getUser () ~> call withdraw _6 ~> call getUser () ~> ret getUser _20 ~> ret withdraw () ~> call withdraw _95 ~> call getUser () ~> ret getUser _212 ~> ret withdraw () ~> ret getUser _578 ~> ret withdraw () ~> call withdraw _810 ~> call getUser () ~> call withdraw _1327 ~> ret withdraw () ~> call withdraw _1898 ~> call getUser () ~> ret getUser _2545 ~> ret withdraw () ~> ret getUser _3376 )
#Or
  T ==K ( call withdraw _1 ~> call getUser () ~> call withdraw _6 ~> call getUser () ~> ret getUser _20 ~> ret withdraw () ~> call withdraw _95 ~> call getUser () ~> ret getUser _212 ~> ret withdraw () ~> ret getUser _578 ~> ret withdraw () ~> call withdraw _1291 ~> call getUser () ~> call withdraw _1953 ~> call getUser () ~> ret getUser _2624 ~> ret withdraw () ~> call withdraw _2970 ~> call getUser () ~> ret getUser _3397 ~> ret withdraw () ~> ret getUser _3725 )
#Or
  T ==K ( call withdraw _1 ~> call getUser () ~> call withdraw _6 ~> call getUser () ~> ret getUser _20 ~> ret withdraw () ~> call withdraw _95 ~> call getUser () ~> ret getUser _212 ~> ret withdraw () ~> ret getUser _578 ~> ret withdraw () ~> call withdraw _1291 ~> call getUser () ~> call withdraw _1953 ~> call getUser () ~> ret getUser _2624 ~> ret withdraw () ~> call withdraw _3398 ~> call getUser () ~> ret getUser _3643 ~> ret withdraw () ~> ret getUser _3726 )
#Or
  T ==K ( call withdraw _1 ~> call getUser () ~> call withdraw _6 ~> call getUser () ~> ret getUser _20 ~> ret withdraw () ~> call withdraw _95 ~> call getUser () ~> ret getUser _212 ~> ret withdraw () ~> ret getUser _578 ~> ret withdraw () ~> call withdraw _1291 ~> call getUser () ~> call withdraw _1953 ~> call getUser () ~> ret getUser _2624 ~> ret withdraw () ~> call withdraw _3398 ~> call getUser () ~> ret getUser _3643 ~> ret withdraw () ~> ret getUser _3777 )
#Or
  T ==K ( call withdraw _1 ~> call getUser () ~> call withdraw _6 ~> call getUser () ~> ret getUser _20 ~> ret withdraw () ~> call withdraw _95 ~> call getUser () ~> ret getUser _212 ~> ret withdraw () ~> ret getUser _578 ~> ret withdraw () ~> call withdraw _1291 ~> call getUser () ~> call withdraw _1953 ~> call getUser () ~> ret getUser _2624 ~> ret withdraw () ~> call withdraw _3398 ~> ret withdraw () ~> ret getUser _3642 )
#Or
  T ==K ( call withdraw _1 ~> call getUser () ~> call withdraw _6 ~> call getUser () ~> ret getUser _20 ~> ret withdraw () ~> call withdraw _95 ~> call getUser () ~> ret getUser _212 ~> ret withdraw () ~> ret getUser _578 ~> ret withdraw () ~> call withdraw _1291 ~> call getUser () ~> call withdraw _1953 ~> call getUser () ~> ret getUser _2624 ~> ret withdraw () ~> ret getUser _3380 )
#Or
  T ==K ( call withdraw _1 ~> call getUser () ~> call withdraw _6 ~> call getUser () ~> ret getUser _20 ~> ret withdraw () ~> call withdraw _95 ~> call getUser () ~> ret getUser _212 ~> ret withdraw () ~> ret getUser _578 ~> ret withdraw () ~> call withdraw _1291 ~> call getUser () ~> call withdraw _1953 ~> ret withdraw () ~> call withdraw _2546 ~> call getUser () ~> ret getUser _3103 ~> ret withdraw () ~> ret getUser _3641 )
#Or
  T ==K ( call withdraw _1 ~> call getUser () ~> call withdraw _6 ~> call getUser () ~> ret getUser _20 ~> ret withdraw () ~> call withdraw _95 ~> ret withdraw () ~> ret getUser _192 )
#Or
  T ==K ( call withdraw _1 ~> call getUser () ~> call withdraw _6 ~> call getUser () ~> ret getUser _20 ~> ret withdraw () ~> call withdraw _95 ~> ret withdraw () ~> ret getUser _192 ~> ret withdraw () ~> call withdraw _298 ~> call getUser () ~> call withdraw _566 ~> call getUser () ~> ret getUser _965 ~> ret withdraw () ~> call withdraw _1274 ~> call getUser () ~> ret getUser _1893 ~> ret withdraw () ~> ret getUser _2908 )
#Or
  T ==K ( call withdraw _1 ~> call getUser () ~> call withdraw _6 ~> call getUser () ~> ret getUser _20 ~> ret withdraw () ~> call withdraw _95 ~> ret withdraw () ~> ret getUser _192 ~> ret withdraw () ~> call withdraw _298 ~> call getUser () ~> call withdraw _566 ~> call getUser () ~> ret getUser _965 ~> ret withdraw () ~> call withdraw _1894 ~> call getUser () ~> ret getUser _2539 ~> ret withdraw () ~> ret getUser _2909 )
#Or
  T ==K ( call withdraw _1 ~> call getUser () ~> call withdraw _6 ~> call getUser () ~> ret getUser _20 ~> ret withdraw () ~> call withdraw _95 ~> ret withdraw () ~> ret getUser _192 ~> ret withdraw () ~> call withdraw _298 ~> call getUser () ~> call withdraw _566 ~> call getUser () ~> ret getUser _965 ~> ret withdraw () ~> call withdraw _1894 ~> call getUser () ~> ret getUser _2539 ~> ret withdraw () ~> ret getUser _3371 )
#Or
  T ==K ( call withdraw _1 ~> call getUser () ~> call withdraw _6 ~> call getUser () ~> ret getUser _20 ~> ret withdraw () ~> call withdraw _95 ~> ret withdraw () ~> ret getUser _192 ~> ret withdraw () ~> call withdraw _298 ~> call getUser () ~> call withdraw _566 ~> call getUser () ~> ret getUser _965 ~> ret withdraw () ~> call withdraw _1894 ~> ret withdraw () ~> ret getUser _2502 )
#Or
  T ==K ( call withdraw _1 ~> call getUser () ~> call withdraw _6 ~> call getUser () ~> ret getUser _20 ~> ret withdraw () ~> call withdraw _95 ~> ret withdraw () ~> ret getUser _192 ~> ret withdraw () ~> call withdraw _298 ~> call getUser () ~> call withdraw _566 ~> call getUser () ~> ret getUser _965 ~> ret withdraw () ~> ret getUser _1856 )
#Or
  T ==K ( call withdraw _1 ~> call getUser () ~> call withdraw _6 ~> call getUser () ~> ret getUser _20 ~> ret withdraw () ~> call withdraw _95 ~> ret withdraw () ~> ret getUser _192 ~> ret withdraw () ~> call withdraw _298 ~> call getUser () ~> call withdraw _566 ~> ret withdraw () ~> call withdraw _930 ~> call getUser () ~> ret getUser _1464 ~> ret withdraw () ~> ret getUser _2501 )
#Or
  T ==K ( call withdraw _1 ~> call getUser () ~> call withdraw _6 ~> call getUser () ~> ret getUser _20 ~> ret withdraw () ~> call withdraw _95 ~> ret withdraw () ~> ret getUser _192 ~> ret withdraw () ~> call withdraw _548 ~> call getUser () ~> call withdraw _966 ~> call getUser () ~> ret getUser _1499 ~> ret withdraw () ~> call withdraw _1895 ~> call getUser () ~> ret getUser _2542 ~> ret withdraw () ~> ret getUser _3372 )
#Or
  T ==K ( call withdraw _1 ~> call getUser () ~> call withdraw _6 ~> call getUser () ~> ret getUser _20 ~> ret withdraw () ~> call withdraw _95 ~> ret withdraw () ~> ret getUser _192 ~> ret withdraw () ~> call withdraw _548 ~> call getUser () ~> call withdraw _966 ~> call getUser () ~> ret getUser _1499 ~> ret withdraw () ~> call withdraw _2543 ~> call getUser () ~> ret getUser _3102 ~> ret withdraw () ~> ret getUser _3373 )
#Or
  T ==K ( call withdraw _1 ~> call getUser () ~> call withdraw _6 ~> call getUser () ~> ret getUser _20 ~> ret withdraw () ~> call withdraw _95 ~> ret withdraw () ~> ret getUser _192 ~> ret withdraw () ~> call withdraw _548 ~> call getUser () ~> call withdraw _966 ~> call getUser () ~> ret getUser _1499 ~> ret withdraw () ~> call withdraw _2543 ~> call getUser () ~> ret getUser _3102 ~> ret withdraw () ~> ret getUser _3640 )
#Or
  T ==K ( call withdraw _1 ~> call getUser () ~> call withdraw _6 ~> call getUser () ~> ret getUser _20 ~> ret withdraw () ~> call withdraw _95 ~> ret withdraw () ~> ret getUser _192 ~> ret withdraw () ~> call withdraw _548 ~> call getUser () ~> call withdraw _966 ~> call getUser () ~> ret getUser _1499 ~> ret withdraw () ~> call withdraw _2543 ~> ret withdraw () ~> ret getUser _3091 )
#Or
  T ==K ( call withdraw _1 ~> call getUser () ~> call withdraw _6 ~> call getUser () ~> ret getUser _20 ~> ret withdraw () ~> call withdraw _95 ~> ret withdraw () ~> ret getUser _192 ~> ret withdraw () ~> call withdraw _548 ~> call getUser () ~> call withdraw _966 ~> call getUser () ~> ret getUser _1499 ~> ret withdraw () ~> ret getUser _2520 )
#Or
  T ==K ( call withdraw _1 ~> call getUser () ~> call withdraw _6 ~> call getUser () ~> ret getUser _20 ~> ret withdraw () ~> call withdraw _95 ~> ret withdraw () ~> ret getUser _192 ~> ret withdraw () ~> call withdraw _548 ~> call getUser () ~> call withdraw _966 ~> ret withdraw () ~> call withdraw _1465 ~> call getUser () ~> ret getUser _2098 ~> ret withdraw () ~> ret getUser _3090 )
#Or
  T ==K ( call withdraw _1 ~> call getUser () ~> call withdraw _6 ~> call getUser () ~> ret getUser _20 ~> ret withdraw () ~> ret getUser _35 ~> ret withdraw () ~> call withdraw _71 ~> call getUser () ~> call withdraw _159 ~> call getUser () ~> ret getUser _316 ~> ret withdraw () ~> call withdraw _485 ~> call getUser () ~> ret getUser _824 ~> ret withdraw () ~> ret getUser _1685 )
#Or
  T ==K ( call withdraw _1 ~> call getUser () ~> call withdraw _6 ~> call getUser () ~> ret getUser _20 ~> ret withdraw () ~> ret getUser _35 ~> ret withdraw () ~> call withdraw _71 ~> call getUser () ~> call withdraw _159 ~> call getUser () ~> ret getUser _316 ~> ret withdraw () ~> call withdraw _825 ~> call getUser () ~> ret getUser _1318 ~> ret withdraw () ~> ret getUser _1686 )
#Or
  T ==K ( call withdraw _1 ~> call getUser () ~> call withdraw _6 ~> call getUser () ~> ret getUser _20 ~> ret withdraw () ~> ret getUser _35 ~> ret withdraw () ~> call withdraw _71 ~> call getUser () ~> call withdraw _159 ~> call getUser () ~> ret getUser _316 ~> ret withdraw () ~> call withdraw _825 ~> call getUser () ~> ret getUser _1318 ~> ret withdraw () ~> ret getUser _2314 )
#Or
  T ==K ( call withdraw _1 ~> call getUser () ~> call withdraw _6 ~> call getUser () ~> ret getUser _20 ~> ret withdraw () ~> ret getUser _35 ~> ret withdraw () ~> call withdraw _71 ~> call getUser () ~> call withdraw _159 ~> call getUser () ~> ret getUser _316 ~> ret withdraw () ~> call withdraw _825 ~> ret withdraw () ~> ret getUser _1253 )
#Or
  T ==K ( call withdraw _1 ~> call getUser () ~> call withdraw _6 ~> call getUser () ~> ret getUser _20 ~> ret withdraw () ~> ret getUser _35 ~> ret withdraw () ~> call withdraw _71 ~> call getUser () ~> call withdraw _159 ~> call getUser () ~> ret getUser _316 ~> ret withdraw () ~> ret getUser _806 )
#Or
  T ==K ( call withdraw _1 ~> call getUser () ~> call withdraw _6 ~> call getUser () ~> ret getUser _20 ~> ret withdraw () ~> ret getUser _35 ~> ret withdraw () ~> call withdraw _71 ~> call getUser () ~> call withdraw _159 ~> ret withdraw () ~> call withdraw _304 ~> call getUser () ~> ret getUser _564 ~> ret withdraw () ~> ret getUser _1252 )
#Or
  T ==K ( call withdraw _1 ~> call getUser () ~> call withdraw _6 ~> call getUser () ~> ret getUser _20 ~> ret withdraw () ~> ret getUser _35 ~> ret withdraw () ~> call withdraw _156 ~> call getUser () ~> call withdraw _317 ~> call getUser () ~> ret getUser _589 ~> ret withdraw () ~> call withdraw _826 ~> call getUser () ~> ret getUser _1321 ~> ret withdraw () ~> ret getUser _2315 )
#Or
  T ==K ( call withdraw _1 ~> call getUser () ~> call withdraw _6 ~> call getUser () ~> ret getUser _20 ~> ret withdraw () ~> ret getUser _35 ~> ret withdraw () ~> call withdraw _156 ~> call getUser () ~> call withdraw _317 ~> call getUser () ~> ret getUser _589 ~> ret withdraw () ~> call withdraw _1322 ~> call getUser () ~> ret getUser _1948 ~> ret withdraw () ~> ret getUser _2316 )
#Or
  T ==K ( call withdraw _1 ~> call getUser () ~> call withdraw _6 ~> call getUser () ~> ret getUser _20 ~> ret withdraw () ~> ret getUser _35 ~> ret withdraw () ~> call withdraw _156 ~> call getUser () ~> call withdraw _317 ~> call getUser () ~> ret getUser _589 ~> ret withdraw () ~> call withdraw _1322 ~> call getUser () ~> ret getUser _1948 ~> ret withdraw () ~> ret getUser _2918 )
#Or
  T ==K ( call withdraw _1 ~> call getUser () ~> call withdraw _6 ~> call getUser () ~> ret getUser _20 ~> ret withdraw () ~> ret getUser _35 ~> ret withdraw () ~> call withdraw _156 ~> call getUser () ~> call withdraw _317 ~> call getUser () ~> ret getUser _589 ~> ret withdraw () ~> call withdraw _1322 ~> ret withdraw () ~> ret getUser _1855 )
#Or
  T ==K ( call withdraw _1 ~> call getUser () ~> call withdraw _6 ~> call getUser () ~> ret getUser _20 ~> ret withdraw () ~> ret getUser _35 ~> ret withdraw () ~> call withdraw _156 ~> call getUser () ~> call withdraw _317 ~> call getUser () ~> ret getUser _589 ~> ret withdraw () ~> ret getUser _1288 )
#Or
  T ==K ( call withdraw _1 ~> call getUser () ~> call withdraw _6 ~> call getUser () ~> ret getUser _20 ~> ret withdraw () ~> ret getUser _35 ~> ret withdraw () ~> call withdraw _156 ~> call getUser () ~> call withdraw _317 ~> ret withdraw () ~> call withdraw _565 ~> call getUser () ~> ret getUser _964 ~> ret withdraw () ~> ret getUser _1854 )
#Or
  T ==K ( call withdraw _1 ~> call getUser () ~> call withdraw _6 ~> call getUser () ~> ret getUser _20 ~> ret withdraw () ~> ret getUser _90 )
#Or
  T ==K ( call withdraw _1 ~> call getUser () ~> call withdraw _6 ~> call getUser () ~> ret getUser _20 ~> ret withdraw () ~> ret getUser _90 ~> ret withdraw () ~> call withdraw _157 ~> call getUser () ~> call withdraw _318 ~> call getUser () ~> ret getUser _590 ~> ret withdraw () ~> call withdraw _828 ~> call getUser () ~> ret getUser _1330 ~> ret withdraw () ~> ret getUser _2320 )
#Or
  T ==K ( call withdraw _1 ~> call getUser () ~> call withdraw _6 ~> call getUser () ~> ret getUser _20 ~> ret withdraw () ~> ret getUser _90 ~> ret withdraw () ~> call withdraw _157 ~> call getUser () ~> call withdraw _318 ~> call getUser () ~> ret getUser _590 ~> ret withdraw () ~> call withdraw _1331 ~> call getUser () ~> ret getUser _1954 ~> ret withdraw () ~> ret getUser _2321 )
#Or
  T ==K ( call withdraw _1 ~> call getUser () ~> call withdraw _6 ~> call getUser () ~> ret getUser _20 ~> ret withdraw () ~> ret getUser _90 ~> ret withdraw () ~> call withdraw _157 ~> call getUser () ~> call withdraw _318 ~> call getUser () ~> ret getUser _590 ~> ret withdraw () ~> call withdraw _1331 ~> call getUser () ~> ret getUser _1954 ~> ret withdraw () ~> ret getUser _2922 )
#Or
  T ==K ( call withdraw _1 ~> call getUser () ~> call withdraw _6 ~> call getUser () ~> ret getUser _20 ~> ret withdraw () ~> ret getUser _90 ~> ret withdraw () ~> call withdraw _157 ~> call getUser () ~> call withdraw _318 ~> call getUser () ~> ret getUser _590 ~> ret withdraw () ~> call withdraw _1331 ~> ret withdraw () ~> ret getUser _1862 )
#Or
  T ==K ( call withdraw _1 ~> call getUser () ~> call withdraw _6 ~> call getUser () ~> ret getUser _20 ~> ret withdraw () ~> ret getUser _90 ~> ret withdraw () ~> call withdraw _157 ~> call getUser () ~> call withdraw _318 ~> call getUser () ~> ret getUser _590 ~> ret withdraw () ~> ret getUser _1292 )
#Or
  T ==K ( call withdraw _1 ~> call getUser () ~> call withdraw _6 ~> call getUser () ~> ret getUser _20 ~> ret withdraw () ~> ret getUser _90 ~> ret withdraw () ~> call withdraw _157 ~> call getUser () ~> call withdraw _318 ~> ret withdraw () ~> call withdraw _567 ~> call getUser () ~> ret getUser _967 ~> ret withdraw () ~> ret getUser _1861 )
#Or
  T ==K ( call withdraw _1 ~> call getUser () ~> call withdraw _6 ~> call getUser () ~> ret getUser _20 ~> ret withdraw () ~> ret getUser _90 ~> ret withdraw () ~> call withdraw _309 ~> call getUser () ~> call withdraw _591 ~> call getUser () ~> ret getUser _1008 ~> ret withdraw () ~> call withdraw _1332 ~> call getUser () ~> ret getUser _1957 ~> ret withdraw () ~> ret getUser _2923 )
#Or
  T ==K ( call withdraw _1 ~> call getUser () ~> call withdraw _6 ~> call getUser () ~> ret getUser _20 ~> ret withdraw () ~> ret getUser _90 ~> ret withdraw () ~> call withdraw _309 ~> call getUser () ~> call withdraw _591 ~> call getUser () ~> ret getUser _1008 ~> ret withdraw () ~> call withdraw _1958 ~> call getUser () ~> ret getUser _2625 ~> ret withdraw () ~> ret getUser _2924 )
#Or
  T ==K ( call withdraw _1 ~> call getUser () ~> call withdraw _6 ~> call getUser () ~> ret getUser _20 ~> ret withdraw () ~> ret getUser _90 ~> ret withdraw () ~> call withdraw _309 ~> call getUser () ~> call withdraw _591 ~> call getUser () ~> ret getUser _1008 ~> ret withdraw () ~> call withdraw _1958 ~> call getUser () ~> ret getUser _2625 ~> ret withdraw () ~> ret getUser _3381 )
#Or
  T ==K ( call withdraw _1 ~> call getUser () ~> call withdraw _6 ~> call getUser () ~> ret getUser _20 ~> ret withdraw () ~> ret getUser _90 ~> ret withdraw () ~> call withdraw _309 ~> call getUser () ~> call withdraw _591 ~> call getUser () ~> ret getUser _1008 ~> ret withdraw () ~> call withdraw _1958 ~> ret withdraw () ~> ret getUser _2526 )
#Or
  T ==K ( call withdraw _1 ~> call getUser () ~> call withdraw _6 ~> call getUser () ~> ret getUser _20 ~> ret withdraw () ~> ret getUser _90 ~> ret withdraw () ~> call withdraw _309 ~> call getUser () ~> call withdraw _591 ~> call getUser () ~> ret getUser _1008 ~> ret withdraw () ~> ret getUser _1937 )
#Or
  T ==K ( call withdraw _1 ~> call getUser () ~> call withdraw _6 ~> call getUser () ~> ret getUser _20 ~> ret withdraw () ~> ret getUser _90 ~> ret withdraw () ~> call withdraw _309 ~> call getUser () ~> call withdraw _591 ~> ret withdraw () ~> call withdraw _968 ~> call getUser () ~> ret getUser _1500 ~> ret withdraw () ~> ret getUser _2525 )
#Or
  T ==K ( call withdraw _1 ~> call getUser () ~> call withdraw _6 ~> ret withdraw () ~> call withdraw _19 ~> call getUser () ~> ret getUser _53 ~> ret withdraw () ~> ret getUser _82 ~> ret withdraw () ~> call withdraw _151 ~> call getUser () ~> call withdraw _301 ~> call getUser () ~> ret getUser _555 ~> ret withdraw () ~> call withdraw _795 ~> call getUser () ~> ret getUser _1263 ~> ret withdraw () ~> ret getUser _2287 )
#Or
  T ==K ( call withdraw _1 ~> call getUser () ~> call withdraw _6 ~> ret withdraw () ~> call withdraw _19 ~> call getUser () ~> ret getUser _53 ~> ret withdraw () ~> ret getUser _82 ~> ret withdraw () ~> call withdraw _151 ~> call getUser () ~> call withdraw _301 ~> call getUser () ~> ret getUser _555 ~> ret withdraw () ~> call withdraw _1264 ~> call getUser () ~> ret getUser _1873 ~> ret withdraw () ~> ret getUser _2288 )
#Or
  T ==K ( call withdraw _1 ~> call getUser () ~> call withdraw _6 ~> ret withdraw () ~> call withdraw _19 ~> call getUser () ~> ret getUser _53 ~> ret withdraw () ~> ret getUser _82 ~> ret withdraw () ~> call withdraw _151 ~> call getUser () ~> call withdraw _301 ~> call getUser () ~> ret getUser _555 ~> ret withdraw () ~> call withdraw _1264 ~> call getUser () ~> ret getUser _1873 ~> ret withdraw () ~> ret getUser _2893 )
#Or
  T ==K ( call withdraw _1 ~> call getUser () ~> call withdraw _6 ~> ret withdraw () ~> call withdraw _19 ~> call getUser () ~> ret getUser _53 ~> ret withdraw () ~> ret getUser _82 ~> ret withdraw () ~> call withdraw _151 ~> call getUser () ~> call withdraw _301 ~> call getUser () ~> ret getUser _555 ~> ret withdraw () ~> call withdraw _1264 ~> ret withdraw () ~> ret getUser _1817 )
#Or
  T ==K ( call withdraw _1 ~> call getUser () ~> call withdraw _6 ~> ret withdraw () ~> call withdraw _19 ~> call getUser () ~> ret getUser _53 ~> ret withdraw () ~> ret getUser _82 ~> ret withdraw () ~> call withdraw _151 ~> call getUser () ~> call withdraw _301 ~> call getUser () ~> ret getUser _555 ~> ret withdraw () ~> ret getUser _1241 )
#Or
  T ==K ( call withdraw _1 ~> call getUser () ~> call withdraw _6 ~> ret withdraw () ~> call withdraw _19 ~> call getUser () ~> ret getUser _53 ~> ret withdraw () ~> ret getUser _82 ~> ret withdraw () ~> call withdraw _151 ~> call getUser () ~> call withdraw _301 ~> ret withdraw () ~> call withdraw _531 ~> call getUser () ~> ret getUser _924 ~> ret withdraw () ~> ret getUser _1816 )
#Or
  T ==K ( call withdraw _1 ~> call getUser () ~> call withdraw _6 ~> ret withdraw () ~> call withdraw _19 ~> call getUser () ~> ret getUser _53 ~> ret withdraw () ~> ret getUser _82 ~> ret withdraw () ~> call withdraw _292 ~> call getUser () ~> call withdraw _556 ~> call getUser () ~> ret getUser _955 ~> ret withdraw () ~> call withdraw _1265 ~> call getUser () ~> ret getUser _1876 ~> ret withdraw () ~> ret getUser _2894 )
#Or
  T ==K ( call withdraw _1 ~> call getUser () ~> call withdraw _6 ~> ret withdraw () ~> call withdraw _19 ~> call getUser () ~> ret getUser _53 ~> ret withdraw () ~> ret getUser _82 ~> ret withdraw () ~> call withdraw _292 ~> call getUser () ~> call withdraw _556 ~> call getUser () ~> ret getUser _955 ~> ret withdraw () ~> call withdraw _1877 ~> call getUser () ~> ret getUser _2531 ~> ret withdraw () ~> ret getUser _2895 )
#Or
  T ==K ( call withdraw _1 ~> call getUser () ~> call withdraw _6 ~> ret withdraw () ~> call withdraw _19 ~> call getUser () ~> ret getUser _53 ~> ret withdraw () ~> ret getUser _82 ~> ret withdraw () ~> call withdraw _292 ~> call getUser () ~> call withdraw _556 ~> call getUser () ~> ret getUser _955 ~> ret withdraw () ~> call withdraw _1877 ~> call getUser () ~> ret getUser _2531 ~> ret withdraw () ~> ret getUser _3364 )
#Or
  T ==K ( call withdraw _1 ~> call getUser () ~> call withdraw _6 ~> ret withdraw () ~> call withdraw _19 ~> call getUser () ~> ret getUser _53 ~> ret withdraw () ~> ret getUser _82 ~> ret withdraw () ~> call withdraw _292 ~> call getUser () ~> call withdraw _556 ~> call getUser () ~> ret getUser _955 ~> ret withdraw () ~> call withdraw _1877 ~> ret withdraw () ~> ret getUser _2489 )
#Or
  T ==K ( call withdraw _1 ~> call getUser () ~> call withdraw _6 ~> ret withdraw () ~> call withdraw _19 ~> call getUser () ~> ret getUser _53 ~> ret withdraw () ~> ret getUser _82 ~> ret withdraw () ~> call withdraw _292 ~> call getUser () ~> call withdraw _556 ~> call getUser () ~> ret getUser _955 ~> ret withdraw () ~> ret getUser _1843 )
#Or
  T ==K ( call withdraw _1 ~> call getUser () ~> call withdraw _6 ~> ret withdraw () ~> call withdraw _19 ~> call getUser () ~> ret getUser _53 ~> ret withdraw () ~> ret getUser _82 ~> ret withdraw () ~> call withdraw _292 ~> call getUser () ~> call withdraw _556 ~> ret withdraw () ~> call withdraw _925 ~> call getUser () ~> ret getUser _1460 ~> ret withdraw () ~> ret getUser _2488 )
#Or
  T ==K ( call withdraw _1 ~> call getUser () ~> call withdraw _6 ~> ret withdraw () ~> call withdraw _19 ~> call getUser () ~> ret getUser _53 ~> ret withdraw () ~> ret getUser _189 )
#Or
  T ==K ( call withdraw _1 ~> call getUser () ~> call withdraw _6 ~> ret withdraw () ~> call withdraw _19 ~> call getUser () ~> ret getUser _53 ~> ret withdraw () ~> ret getUser _189 ~> ret withdraw () ~> call withdraw _293 ~> call getUser () ~> call withdraw _557 ~> call getUser () ~> ret getUser _956 ~> ret withdraw () ~> call withdraw _1266 ~> call getUser () ~> ret getUser _1880 ~> ret withdraw () ~> ret getUser _2896 )
#Or
  T ==K ( call withdraw _1 ~> call getUser () ~> call withdraw _6 ~> ret withdraw () ~> call withdraw _19 ~> call getUser () ~> ret getUser _53 ~> ret withdraw () ~> ret getUser _189 ~> ret withdraw () ~> call withdraw _293 ~> call getUser () ~> call withdraw _557 ~> call getUser () ~> ret getUser _956 ~> ret withdraw () ~> call withdraw _1881 ~> call getUser () ~> ret getUser _2532 ~> ret withdraw () ~> ret getUser _2897 )
#Or
  T ==K ( call withdraw _1 ~> call getUser () ~> call withdraw _6 ~> ret withdraw () ~> call withdraw _19 ~> call getUser () ~> ret getUser _53 ~> ret withdraw () ~> ret getUser _189 ~> ret withdraw () ~> call withdraw _293 ~> call getUser () ~> call withdraw _557 ~> call getUser () ~> ret getUser _956 ~> ret withdraw () ~> call withdraw _1881 ~> call getUser () ~> ret getUser _2532 ~> ret withdraw () ~> ret getUser _3365 )
#Or
  T ==K ( call withdraw _1 ~> call getUser () ~> call withdraw _6 ~> ret withdraw () ~> call withdraw _19 ~> call getUser () ~> ret getUser _53 ~> ret withdraw () ~> ret getUser _189 ~> ret withdraw () ~> call withdraw _293 ~> call getUser () ~> call withdraw _557 ~> call getUser () ~> ret getUser _956 ~> ret withdraw () ~> call withdraw _1881 ~> ret withdraw () ~> ret getUser _2491 )
#Or
  T ==K ( call withdraw _1 ~> call getUser () ~> call withdraw _6 ~> ret withdraw () ~> call withdraw _19 ~> call getUser () ~> ret getUser _53 ~> ret withdraw () ~> ret getUser _189 ~> ret withdraw () ~> call withdraw _293 ~> call getUser () ~> call withdraw _557 ~> call getUser () ~> ret getUser _956 ~> ret withdraw () ~> ret getUser _1844 )
#Or
  T ==K ( call withdraw _1 ~> call getUser () ~> call withdraw _6 ~> ret withdraw () ~> call withdraw _19 ~> call getUser () ~> ret getUser _53 ~> ret withdraw () ~> ret getUser _189 ~> ret withdraw () ~> call withdraw _293 ~> call getUser () ~> call withdraw _557 ~> ret withdraw () ~> call withdraw _926 ~> call getUser () ~> ret getUser _1461 ~> ret withdraw () ~> ret getUser _2490 )
#Or
  T ==K ( call withdraw _1 ~> call getUser () ~> call withdraw _6 ~> ret withdraw () ~> call withdraw _19 ~> call getUser () ~> ret getUser _53 ~> ret withdraw () ~> ret getUser _189 ~> ret withdraw () ~> call withdraw _540 ~> call getUser () ~> call withdraw _957 ~> call getUser () ~> ret getUser _1497 ~> ret withdraw () ~> call withdraw _1882 ~> call getUser () ~> ret getUser _2535 ~> ret withdraw () ~> ret getUser _3366 )
#Or
  T ==K ( call withdraw _1 ~> call getUser () ~> call withdraw _6 ~> ret withdraw () ~> call withdraw _19 ~> call getUser () ~> ret getUser _53 ~> ret withdraw () ~> ret getUser _189 ~> ret withdraw () ~> call withdraw _540 ~> call getUser () ~> call withdraw _957 ~> call getUser () ~> ret getUser _1497 ~> ret withdraw () ~> call withdraw _2536 ~> call getUser () ~> ret getUser _3101 ~> ret withdraw () ~> ret getUser _3367 )
#Or
  T ==K ( call withdraw _1 ~> call getUser () ~> call withdraw _6 ~> ret withdraw () ~> call withdraw _19 ~> call getUser () ~> ret getUser _53 ~> ret withdraw () ~> ret getUser _189 ~> ret withdraw () ~> call withdraw _540 ~> call getUser () ~> call withdraw _957 ~> call getUser () ~> ret getUser _1497 ~> ret withdraw () ~> call withdraw _2536 ~> call getUser () ~> ret getUser _3101 ~> ret withdraw () ~> ret getUser _3639 )
#Or
  T ==K ( call withdraw _1 ~> call getUser () ~> call withdraw _6 ~> ret withdraw () ~> call withdraw _19 ~> call getUser () ~> ret getUser _53 ~> ret withdraw () ~> ret getUser _189 ~> ret withdraw () ~> call withdraw _540 ~> call getUser () ~> call withdraw _957 ~> call getUser () ~> ret getUser _1497 ~> ret withdraw () ~> call withdraw _2536 ~> ret withdraw () ~> ret getUser _3089 )
#Or
  T ==K ( call withdraw _1 ~> call getUser () ~> call withdraw _6 ~> ret withdraw () ~> call withdraw _19 ~> call getUser () ~> ret getUser _53 ~> ret withdraw () ~> ret getUser _189 ~> ret withdraw () ~> call withdraw _540 ~> call getUser () ~> call withdraw _957 ~> call getUser () ~> ret getUser _1497 ~> ret withdraw () ~> ret getUser _2515 )
#Or
  T ==K ( call withdraw _1 ~> call getUser () ~> call withdraw _6 ~> ret withdraw () ~> call withdraw _19 ~> call getUser () ~> ret getUser _53 ~> ret withdraw () ~> ret getUser _189 ~> ret withdraw () ~> call withdraw _540 ~> call getUser () ~> call withdraw _957 ~> ret withdraw () ~> call withdraw _1462 ~> call getUser () ~> ret getUser _2096 ~> ret withdraw () ~> ret getUser _3088 )
#Or
  T ==K ( call withdraw _1 ~> call getUser () ~> call withdraw _6 ~> ret withdraw () ~> call withdraw _19 ~> ret withdraw () ~> ret getUser _46 ~> ret withdraw () ~> call withdraw _79 ~> call getUser () ~> call withdraw _184 ~> call getUser () ~> ret getUser _377 ~> ret withdraw () ~> call withdraw _530 ~> call getUser () ~> ret getUser _921 ~> ret withdraw () ~> ret getUser _1813 )
#Or
  T ==K ( call withdraw _1 ~> call getUser () ~> call withdraw _6 ~> ret withdraw () ~> call withdraw _19 ~> ret withdraw () ~> ret getUser _46 ~> ret withdraw () ~> call withdraw _79 ~> call getUser () ~> call withdraw _184 ~> call getUser () ~> ret getUser _377 ~> ret withdraw () ~> call withdraw _922 ~> call getUser () ~> ret getUser _1455 ~> ret withdraw () ~> ret getUser _1814 )
#Or
  T ==K ( call withdraw _1 ~> call getUser () ~> call withdraw _6 ~> ret withdraw () ~> call withdraw _19 ~> ret withdraw () ~> ret getUser _46 ~> ret withdraw () ~> call withdraw _79 ~> call getUser () ~> call withdraw _184 ~> call getUser () ~> ret getUser _377 ~> ret withdraw () ~> call withdraw _922 ~> call getUser () ~> ret getUser _1455 ~> ret withdraw () ~> ret getUser _2485 )
#Or
  T ==K ( call withdraw _1 ~> call getUser () ~> call withdraw _6 ~> ret withdraw () ~> call withdraw _19 ~> ret withdraw () ~> ret getUser _46 ~> ret withdraw () ~> call withdraw _79 ~> call getUser () ~> call withdraw _184 ~> call getUser () ~> ret getUser _377 ~> ret withdraw () ~> call withdraw _922 ~> ret withdraw () ~> ret getUser _1387 )
#Or
  T ==K ( call withdraw _1 ~> call getUser () ~> call withdraw _6 ~> ret withdraw () ~> call withdraw _19 ~> ret withdraw () ~> ret getUser _46 ~> ret withdraw () ~> call withdraw _79 ~> call getUser () ~> call withdraw _184 ~> call getUser () ~> ret getUser _377 ~> ret withdraw () ~> ret getUser _897 )
#Or
  T ==K ( call withdraw _1 ~> call getUser () ~> call withdraw _6 ~> ret withdraw () ~> call withdraw _19 ~> ret withdraw () ~> ret getUser _46 ~> ret withdraw () ~> call withdraw _79 ~> call getUser () ~> call withdraw _184 ~> ret withdraw () ~> call withdraw _357 ~> call getUser () ~> ret getUser _660 ~> ret withdraw () ~> ret getUser _1386 )
#Or
  T ==K ( call withdraw _1 ~> call getUser () ~> call withdraw _6 ~> ret withdraw () ~> call withdraw _19 ~> ret withdraw () ~> ret getUser _46 ~> ret withdraw () ~> call withdraw _179 ~> call getUser () ~> call withdraw _378 ~> call getUser () ~> ret getUser _680 ~> ret withdraw () ~> call withdraw _923 ~> call getUser () ~> ret getUser _1458 ~> ret withdraw () ~> ret getUser _2486 )
#Or
  T ==K ( call withdraw _1 ~> call getUser () ~> call withdraw _6 ~> ret withdraw () ~> call withdraw _19 ~> ret withdraw () ~> ret getUser _46 ~> ret withdraw () ~> call withdraw _179 ~> call getUser () ~> call withdraw _378 ~> call getUser () ~> ret getUser _680 ~> ret withdraw () ~> call withdraw _1459 ~> call getUser () ~> ret getUser _2095 ~> ret withdraw () ~> ret getUser _2487 )
#Or
  T ==K ( call withdraw _1 ~> call getUser () ~> call withdraw _6 ~> ret withdraw () ~> call withdraw _19 ~> ret withdraw () ~> ret getUser _46 ~> ret withdraw () ~> call withdraw _179 ~> call getUser () ~> call withdraw _378 ~> call getUser () ~> ret getUser _680 ~> ret withdraw () ~> call withdraw _1459 ~> call getUser () ~> ret getUser _2095 ~> ret withdraw () ~> ret getUser _3087 )
#Or
  T ==K ( call withdraw _1 ~> call getUser () ~> call withdraw _6 ~> ret withdraw () ~> call withdraw _19 ~> ret withdraw () ~> ret getUser _46 ~> ret withdraw () ~> call withdraw _179 ~> call getUser () ~> call withdraw _378 ~> call getUser () ~> ret getUser _680 ~> ret withdraw () ~> call withdraw _1459 ~> ret withdraw () ~> ret getUser _2051 )
#Or
  T ==K ( call withdraw _1 ~> call getUser () ~> call withdraw _6 ~> ret withdraw () ~> call withdraw _19 ~> ret withdraw () ~> ret getUser _46 ~> ret withdraw () ~> call withdraw _179 ~> call getUser () ~> call withdraw _378 ~> call getUser () ~> ret getUser _680 ~> ret withdraw () ~> ret getUser _1436 )
#Or
  T ==K ( call withdraw _1 ~> call getUser () ~> call withdraw _6 ~> ret withdraw () ~> call withdraw _19 ~> ret withdraw () ~> ret getUser _46 ~> ret withdraw () ~> call withdraw _179 ~> call getUser () ~> call withdraw _378 ~> ret withdraw () ~> call withdraw _661 ~> call getUser () ~> ret getUser _1097 ~> ret withdraw () ~> ret getUser _2050 )
#Or
  T ==K ( call withdraw _1 ~> call getUser () ~> call withdraw _6 ~> ret withdraw () ~> ret getUser _17 ~> ret withdraw () ~> call withdraw _34 ~> call getUser () ~> call withdraw _88 ~> call getUser () ~> ret getUser _198 ~> ret withdraw () ~> call withdraw _302 ~> call getUser () ~> ret getUser _559 ~> ret withdraw () ~> ret getUser _1244 )
#Or
  T ==K ( call withdraw _1 ~> call getUser () ~> call withdraw _6 ~> ret withdraw () ~> ret getUser _17 ~> ret withdraw () ~> call withdraw _34 ~> call getUser () ~> call withdraw _88 ~> call getUser () ~> ret getUser _198 ~> ret withdraw () ~> call withdraw _560 ~> call getUser () ~> ret getUser _958 ~> ret withdraw () ~> ret getUser _1245 )
#Or
  T ==K ( call withdraw _1 ~> call getUser () ~> call withdraw _6 ~> ret withdraw () ~> ret getUser _17 ~> ret withdraw () ~> call withdraw _34 ~> call getUser () ~> call withdraw _88 ~> call getUser () ~> ret getUser _198 ~> ret withdraw () ~> call withdraw _560 ~> call getUser () ~> ret getUser _958 ~> ret withdraw () ~> ret getUser _1846 )
#Or
  T ==K ( call withdraw _1 ~> call getUser () ~> call withdraw _6 ~> ret withdraw () ~> ret getUser _17 ~> ret withdraw () ~> call withdraw _34 ~> call getUser () ~> call withdraw _88 ~> call getUser () ~> ret getUser _198 ~> ret withdraw () ~> call withdraw _560 ~> ret withdraw () ~> ret getUser _903 )
#Or
  T ==K ( call withdraw _1 ~> call getUser () ~> call withdraw _6 ~> ret withdraw () ~> ret getUser _17 ~> ret withdraw () ~> call withdraw _34 ~> call getUser () ~> call withdraw _88 ~> call getUser () ~> ret getUser _198 ~> ret withdraw () ~> ret getUser _541 )
#Or
  T ==K ( call withdraw _1 ~> call getUser () ~> call withdraw _6 ~> ret withdraw () ~> ret getUser _17 ~> ret withdraw () ~> call withdraw _34 ~> call getUser () ~> call withdraw _88 ~> ret withdraw () ~> call withdraw _185 ~> call getUser () ~> ret getUser _379 ~> ret withdraw () ~> ret getUser _902 )
#Or
  T ==K ( call withdraw _1 ~> call getUser () ~> call withdraw _6 ~> ret withdraw () ~> ret getUser _17 ~> ret withdraw () ~> call withdraw _84 ~> call getUser () ~> call withdraw _199 ~> call getUser () ~> ret getUser _391 ~> ret withdraw () ~> call withdraw _561 ~> call getUser () ~> ret getUser _961 ~> ret withdraw () ~> ret getUser _1847 )
#Or
  T ==K ( call withdraw _1 ~> call getUser () ~> call withdraw _6 ~> ret withdraw () ~> ret getUser _17 ~> ret withdraw () ~> call withdraw _84 ~> call getUser () ~> call withdraw _199 ~> call getUser () ~> ret getUser _391 ~> ret withdraw () ~> call withdraw _962 ~> call getUser () ~> ret getUser _1498 ~> ret withdraw () ~> ret getUser _1848 )
#Or
  T ==K ( call withdraw _1 ~> call getUser () ~> call withdraw _6 ~> ret withdraw () ~> ret getUser _17 ~> ret withdraw () ~> call withdraw _84 ~> call getUser () ~> call withdraw _199 ~> call getUser () ~> ret getUser _391 ~> ret withdraw () ~> call withdraw _962 ~> call getUser () ~> ret getUser _1498 ~> ret withdraw () ~> ret getUser _2516 )
#Or
  T ==K ( call withdraw _1 ~> call getUser () ~> call withdraw _6 ~> ret withdraw () ~> ret getUser _17 ~> ret withdraw () ~> call withdraw _84 ~> call getUser () ~> call withdraw _199 ~> call getUser () ~> ret getUser _391 ~> ret withdraw () ~> call withdraw _962 ~> ret withdraw () ~> ret getUser _1442 )
#Or
  T ==K ( call withdraw _1 ~> call getUser () ~> call withdraw _6 ~> ret withdraw () ~> ret getUser _17 ~> ret withdraw () ~> call withdraw _84 ~> call getUser () ~> call withdraw _199 ~> call getUser () ~> ret getUser _391 ~> ret withdraw () ~> ret getUser _940 )
#Or
  T ==K ( call withdraw _1 ~> call getUser () ~> call withdraw _6 ~> ret withdraw () ~> ret getUser _17 ~> ret withdraw () ~> call withdraw _84 ~> call getUser () ~> call withdraw _199 ~> ret withdraw () ~> call withdraw _380 ~> call getUser () ~> ret getUser _681 ~> ret withdraw () ~> ret getUser _1441 )
#Or
  T ==K ( call withdraw _1 ~> call getUser () ~> ret getUser _5 ~> ret withdraw () ~> call withdraw _13 ~> call getUser () ~> call withdraw _39 ~> call getUser () ~> ret getUser _96 ~> ret withdraw () ~> call withdraw _160 ~> call getUser () ~> ret getUser _320 ~> ret withdraw () ~> ret getUser _812 )
#Or
  T ==K ( call withdraw _1 ~> call getUser () ~> ret getUser _5 ~> ret withdraw () ~> call withdraw _13 ~> call getUser () ~> call withdraw _39 ~> call getUser () ~> ret getUser _96 ~> ret withdraw () ~> call withdraw _321 ~> call getUser () ~> ret getUser _592 ~> ret withdraw () ~> ret getUser _813 )
#Or
  T ==K ( call withdraw _1 ~> call getUser () ~> ret getUser _5 ~> ret withdraw () ~> call withdraw _13 ~> call getUser () ~> call withdraw _39 ~> call getUser () ~> ret getUser _96 ~> ret withdraw () ~> call withdraw _321 ~> call getUser () ~> ret getUser _592 ~> ret withdraw () ~> ret getUser _1294 )
#Or
  T ==K ( call withdraw _1 ~> call getUser () ~> ret getUser _5 ~> ret withdraw () ~> call withdraw _13 ~> call getUser () ~> call withdraw _39 ~> call getUser () ~> ret getUser _96 ~> ret withdraw () ~> call withdraw _321 ~> ret withdraw () ~> ret getUser _551 )
#Or
  T ==K ( call withdraw _1 ~> call getUser () ~> ret getUser _5 ~> ret withdraw () ~> call withdraw _13 ~> call getUser () ~> call withdraw _39 ~> call getUser () ~> ret getUser _96 ~> ret withdraw () ~> ret getUser _310 )
#Or
  T ==K ( call withdraw _1 ~> call getUser () ~> ret getUser _5 ~> ret withdraw () ~> call withdraw _13 ~> call getUser () ~> call withdraw _39 ~> ret withdraw () ~> call withdraw _89 ~> call getUser () ~> ret getUser _200 ~> ret withdraw () ~> ret getUser _550 )
#Or
  T ==K ( call withdraw _1 ~> call getUser () ~> ret getUser _5 ~> ret withdraw () ~> call withdraw _37 ~> call getUser () ~> call withdraw _97 ~> call getUser () ~> ret getUser _213 ~> ret withdraw () ~> call withdraw _322 ~> call getUser () ~> ret getUser _595 ~> ret withdraw () ~> ret getUser _1295 )
#Or
  T ==K ( call withdraw _1 ~> call getUser () ~> ret getUser _5 ~> ret withdraw () ~> call withdraw _37 ~> call getUser () ~> call withdraw _97 ~> call getUser () ~> ret getUser _213 ~> ret withdraw () ~> call withdraw _596 ~> call getUser () ~> ret getUser _1009 ~> ret withdraw () ~> ret getUser _1296 )
#Or
  T ==K ( call withdraw _1 ~> call getUser () ~> ret getUser _5 ~> ret withdraw () ~> call withdraw _37 ~> call getUser () ~> call withdraw _97 ~> call getUser () ~> ret getUser _213 ~> ret withdraw () ~> call withdraw _596 ~> call getUser () ~> ret getUser _1009 ~> ret withdraw () ~> ret getUser _1938 )
#Or
  T ==K ( call withdraw _1 ~> call getUser () ~> ret getUser _5 ~> ret withdraw () ~> call withdraw _37 ~> call getUser () ~> call withdraw _97 ~> call getUser () ~> ret getUser _213 ~> ret withdraw () ~> call withdraw _596 ~> ret withdraw () ~> ret getUser _952 )
#Or
  T ==K ( call withdraw _1 ~> call getUser () ~> ret getUser _5 ~> ret withdraw () ~> call withdraw _37 ~> call getUser () ~> call withdraw _97 ~> call getUser () ~> ret getUser _213 ~> ret withdraw () ~> ret getUser _580 )
#Or
  T ==K ( call withdraw _1 ~> call getUser () ~> ret getUser _5 ~> ret withdraw () ~> call withdraw _37 ~> call getUser () ~> call withdraw _97 ~> ret withdraw () ~> call withdraw _201 ~> call getUser () ~> ret getUser _392 ~> ret withdraw () ~> ret getUser _951 )
#Or
  T ==K ( call withdraw _1 ~> ret withdraw () ~> call withdraw _4 ~> call getUser () ~> call withdraw _18 ~> call getUser () ~> ret getUser _52 ~> ret withdraw () ~> call withdraw _87 ~> call getUser () ~> ret getUser _196 ~> ret withdraw () ~> ret getUser _536 )
#Or
  T ==K ( call withdraw _1 ~> ret withdraw () ~> call withdraw _4 ~> call getUser () ~> call withdraw _18 ~> call getUser () ~> ret getUser _52 ~> ret withdraw () ~> call withdraw _197 ~> call getUser () ~> ret getUser _390 ~> ret withdraw () ~> ret getUser _537 )
#Or
  T ==K ( call withdraw _1 ~> ret withdraw () ~> call withdraw _4 ~> call getUser () ~> call withdraw _18 ~> call getUser () ~> ret getUser _52 ~> ret withdraw () ~> call withdraw _197 ~> call getUser () ~> ret getUser _390 ~> ret withdraw () ~> ret getUser _933 )
#Or
  T ==K ( call withdraw _1 ~> ret withdraw () ~> call withdraw _4 ~> call getUser () ~> call withdraw _18 ~> call getUser () ~> ret getUser _52 ~> ret withdraw () ~> call withdraw _197 ~> ret withdraw () ~> ret getUser _365 )
#Or
  T ==K ( call withdraw _1 ~> ret withdraw () ~> call withdraw _4 ~> call getUser () ~> call withdraw _18 ~> call getUser () ~> ret getUser _52 ~> ret withdraw () ~> ret getUser _188 )
#Or
  T ==K ( call withdraw _1 ~> ret withdraw () ~> call withdraw _4 ~> call getUser () ~> call withdraw _18 ~> ret withdraw () ~> call withdraw _48 ~> call getUser () ~> ret getUser _120 ~> ret withdraw () ~> ret getUser _364 )

real	0m29.061s
user	0m48.583s
sys	0m5.033s
