  T ==K ( call localUpdate _2 ~> ret localUpdate () ~> call localUpdate _4 ~> ret localUpdate () ~> call localUpdate _9 ~> ret localUpdate () ~> call localUpdate _17 ~> ret localUpdate () ~> call remoteUpdate () ~> call set_ext _17 ~> ret set_ext () ~> call get_ext () ~> ret get_ext _73 )
#Or
  T ==K ( call localUpdate _2 ~> ret localUpdate () ~> call localUpdate _4 ~> ret localUpdate () ~> call localUpdate _9 ~> ret localUpdate () ~> call remoteUpdate () ~> call set_ext _9 ~> ret set_ext () ~> call get_ext () ~> ret get_ext _53 )
#Or
  T ==K ( call localUpdate _2 ~> ret localUpdate () ~> call localUpdate _4 ~> ret localUpdate () ~> call localUpdate _9 ~> ret localUpdate () ~> call remoteUpdate () ~> call set_ext _9 ~> ret set_ext () ~> call get_ext () ~> ret get_ext _53 ~> ret remoteUpdate () ~> call remoteUpdate () ~> call set_ext _9 ~> ret set_ext () ~> call get_ext () ~> ret get_ext _172 )
#Or
  T ==K ( call localUpdate _2 ~> ret localUpdate () ~> call localUpdate _4 ~> ret localUpdate () ~> call remoteUpdate () ~> call set_ext _4 ~> ret set_ext () ~> call get_ext () ~> ret get_ext _36 )
#Or
  T ==K ( call localUpdate _2 ~> ret localUpdate () ~> call localUpdate _4 ~> ret localUpdate () ~> call remoteUpdate () ~> call set_ext _4 ~> ret set_ext () ~> call get_ext () ~> ret get_ext _36 ~> ret remoteUpdate () ~> call localUpdate _70 ~> ret localUpdate () ~> call remoteUpdate () ~> call set_ext _70 ~> ret set_ext () ~> call get_ext () ~> ret get_ext _173 )
#Or
  T ==K ( call localUpdate _2 ~> ret localUpdate () ~> call localUpdate _4 ~> ret localUpdate () ~> call remoteUpdate () ~> call set_ext _4 ~> ret set_ext () ~> call get_ext () ~> ret get_ext _36 ~> ret remoteUpdate () ~> call remoteUpdate () ~> call set_ext _4 ~> ret set_ext () ~> call get_ext () ~> ret get_ext _141 )
#Or
  T ==K ( call localUpdate _2 ~> ret localUpdate () ~> call localUpdate _4 ~> ret localUpdate () ~> call remoteUpdate () ~> call set_ext _4 ~> ret set_ext () ~> call get_ext () ~> ret get_ext _36 ~> ret remoteUpdate () ~> call remoteUpdate () ~> call set_ext _4 ~> ret set_ext () ~> call get_ext () ~> ret get_ext _141 ~> ret remoteUpdate () ~> call remoteUpdate () ~> call set_ext _4 ~> ret set_ext () ~> call get_ext () ~> ret get_ext _291 )
#Or
  T ==K ( call localUpdate _2 ~> ret localUpdate () ~> call remoteUpdate () ~> call set_ext _2 ~> ret set_ext () ~> call get_ext () ~> ret get_ext _23 )
#Or
  T ==K ( call localUpdate _2 ~> ret localUpdate () ~> call remoteUpdate () ~> call set_ext _2 ~> ret set_ext () ~> call get_ext () ~> ret get_ext _23 ~> ret remoteUpdate () ~> call localUpdate _52 ~> ret localUpdate () ~> call localUpdate _71 ~> ret localUpdate () ~> call remoteUpdate () ~> call set_ext _71 ~> ret set_ext () ~> call get_ext () ~> ret get_ext _174 )
#Or
  T ==K ( call localUpdate _2 ~> ret localUpdate () ~> call remoteUpdate () ~> call set_ext _2 ~> ret set_ext () ~> call get_ext () ~> ret get_ext _23 ~> ret remoteUpdate () ~> call localUpdate _52 ~> ret localUpdate () ~> call remoteUpdate () ~> call set_ext _52 ~> ret set_ext () ~> call get_ext () ~> ret get_ext _142 )
#Or
  T ==K ( call localUpdate _2 ~> ret localUpdate () ~> call remoteUpdate () ~> call set_ext _2 ~> ret set_ext () ~> call get_ext () ~> ret get_ext _23 ~> ret remoteUpdate () ~> call localUpdate _52 ~> ret localUpdate () ~> call remoteUpdate () ~> call set_ext _52 ~> ret set_ext () ~> call get_ext () ~> ret get_ext _142 ~> ret remoteUpdate () ~> call remoteUpdate () ~> call set_ext _52 ~> ret set_ext () ~> call get_ext () ~> ret get_ext _292 )
#Or
  T ==K ( call localUpdate _2 ~> ret localUpdate () ~> call remoteUpdate () ~> call set_ext _2 ~> ret set_ext () ~> call get_ext () ~> ret get_ext _23 ~> ret remoteUpdate () ~> call remoteUpdate () ~> call set_ext _2 ~> ret set_ext () ~> call get_ext () ~> ret get_ext _113 )
#Or
  T ==K ( call localUpdate _2 ~> ret localUpdate () ~> call remoteUpdate () ~> call set_ext _2 ~> ret set_ext () ~> call get_ext () ~> ret get_ext _23 ~> ret remoteUpdate () ~> call remoteUpdate () ~> call set_ext _2 ~> ret set_ext () ~> call get_ext () ~> ret get_ext _113 ~> ret remoteUpdate () ~> call localUpdate _170 ~> ret localUpdate () ~> call remoteUpdate () ~> call set_ext _170 ~> ret set_ext () ~> call get_ext () ~> ret get_ext _293 )
#Or
  T ==K ( call localUpdate _2 ~> ret localUpdate () ~> call remoteUpdate () ~> call set_ext _2 ~> ret set_ext () ~> call get_ext () ~> ret get_ext _23 ~> ret remoteUpdate () ~> call remoteUpdate () ~> call set_ext _2 ~> ret set_ext () ~> call get_ext () ~> ret get_ext _113 ~> ret remoteUpdate () ~> call remoteUpdate () ~> call set_ext _2 ~> ret set_ext () ~> call get_ext () ~> ret get_ext _268 )
#Or
  T ==K ( call localUpdate _2 ~> ret localUpdate () ~> call remoteUpdate () ~> call set_ext _2 ~> ret set_ext () ~> call get_ext () ~> ret get_ext _23 ~> ret remoteUpdate () ~> call remoteUpdate () ~> call set_ext _2 ~> ret set_ext () ~> call get_ext () ~> ret get_ext _113 ~> ret remoteUpdate () ~> call remoteUpdate () ~> call set_ext _2 ~> ret set_ext () ~> call get_ext () ~> ret get_ext _268 ~> ret remoteUpdate () ~> call remoteUpdate () ~> call set_ext _2 ~> ret set_ext () ~> call get_ext () ~> ret get_ext _393 )
#Or
  T ==K ( call remoteUpdate () ~> call set_ext 0 ~> ret set_ext () ~> call get_ext () ~> ret get_ext _13 )
#Or
  T ==K ( call remoteUpdate () ~> call set_ext 0 ~> ret set_ext () ~> call get_ext () ~> ret get_ext _13 ~> ret remoteUpdate () ~> call localUpdate _42 ~> ret localUpdate () ~> call localUpdate _59 ~> ret localUpdate () ~> call localUpdate _81 ~> ret localUpdate () ~> call remoteUpdate () ~> call set_ext _81 ~> ret set_ext () ~> call get_ext () ~> ret get_ext _187 )
#Or
  T ==K ( call remoteUpdate () ~> call set_ext 0 ~> ret set_ext () ~> call get_ext () ~> ret get_ext _13 ~> ret remoteUpdate () ~> call localUpdate _42 ~> ret localUpdate () ~> call localUpdate _59 ~> ret localUpdate () ~> call remoteUpdate () ~> call set_ext _59 ~> ret set_ext () ~> call get_ext () ~> ret get_ext _150 )
#Or
  T ==K ( call remoteUpdate () ~> call set_ext 0 ~> ret set_ext () ~> call get_ext () ~> ret get_ext _13 ~> ret remoteUpdate () ~> call localUpdate _42 ~> ret localUpdate () ~> call localUpdate _59 ~> ret localUpdate () ~> call remoteUpdate () ~> call set_ext _59 ~> ret set_ext () ~> call get_ext () ~> ret get_ext _150 ~> ret remoteUpdate () ~> call remoteUpdate () ~> call set_ext _59 ~> ret set_ext () ~> call get_ext () ~> ret get_ext _306 )
#Or
  T ==K ( call remoteUpdate () ~> call set_ext 0 ~> ret set_ext () ~> call get_ext () ~> ret get_ext _13 ~> ret remoteUpdate () ~> call localUpdate _42 ~> ret localUpdate () ~> call remoteUpdate () ~> call set_ext _42 ~> ret set_ext () ~> call get_ext () ~> ret get_ext _119 )
#Or
  T ==K ( call remoteUpdate () ~> call set_ext 0 ~> ret set_ext () ~> call get_ext () ~> ret get_ext _13 ~> ret remoteUpdate () ~> call localUpdate _42 ~> ret localUpdate () ~> call remoteUpdate () ~> call set_ext _42 ~> ret set_ext () ~> call get_ext () ~> ret get_ext _119 ~> ret remoteUpdate () ~> call localUpdate _186 ~> ret localUpdate () ~> call remoteUpdate () ~> call set_ext _186 ~> ret set_ext () ~> call get_ext () ~> ret get_ext _307 )
#Or
  T ==K ( call remoteUpdate () ~> call set_ext 0 ~> ret set_ext () ~> call get_ext () ~> ret get_ext _13 ~> ret remoteUpdate () ~> call localUpdate _42 ~> ret localUpdate () ~> call remoteUpdate () ~> call set_ext _42 ~> ret set_ext () ~> call get_ext () ~> ret get_ext _119 ~> ret remoteUpdate () ~> call remoteUpdate () ~> call set_ext _42 ~> ret set_ext () ~> call get_ext () ~> ret get_ext _275 )
#Or
  T ==K ( call remoteUpdate () ~> call set_ext 0 ~> ret set_ext () ~> call get_ext () ~> ret get_ext _13 ~> ret remoteUpdate () ~> call localUpdate _42 ~> ret localUpdate () ~> call remoteUpdate () ~> call set_ext _42 ~> ret set_ext () ~> call get_ext () ~> ret get_ext _119 ~> ret remoteUpdate () ~> call remoteUpdate () ~> call set_ext _42 ~> ret set_ext () ~> call get_ext () ~> ret get_ext _275 ~> ret remoteUpdate () ~> call remoteUpdate () ~> call set_ext _42 ~> ret set_ext () ~> call get_ext () ~> ret get_ext _398 )
#Or
  T ==K ( call remoteUpdate () ~> call set_ext 0 ~> ret set_ext () ~> call get_ext () ~> ret get_ext _13 ~> ret remoteUpdate () ~> call remoteUpdate () ~> call set_ext 0 ~> ret set_ext () ~> call get_ext () ~> ret get_ext _90 )
#Or
  T ==K ( call remoteUpdate () ~> call set_ext 0 ~> ret set_ext () ~> call get_ext () ~> ret get_ext _13 ~> ret remoteUpdate () ~> call remoteUpdate () ~> call set_ext 0 ~> ret set_ext () ~> call get_ext () ~> ret get_ext _90 ~> ret remoteUpdate () ~> call localUpdate _158 ~> ret localUpdate () ~> call localUpdate _197 ~> ret localUpdate () ~> call remoteUpdate () ~> call set_ext _197 ~> ret set_ext () ~> call get_ext () ~> ret get_ext _316 )
#Or
  T ==K ( call remoteUpdate () ~> call set_ext 0 ~> ret set_ext () ~> call get_ext () ~> ret get_ext _13 ~> ret remoteUpdate () ~> call remoteUpdate () ~> call set_ext 0 ~> ret set_ext () ~> call get_ext () ~> ret get_ext _90 ~> ret remoteUpdate () ~> call localUpdate _158 ~> ret localUpdate () ~> call remoteUpdate () ~> call set_ext _158 ~> ret set_ext () ~> call get_ext () ~> ret get_ext _281 )
#Or
  T ==K ( call remoteUpdate () ~> call set_ext 0 ~> ret set_ext () ~> call get_ext () ~> ret get_ext _13 ~> ret remoteUpdate () ~> call remoteUpdate () ~> call set_ext 0 ~> ret set_ext () ~> call get_ext () ~> ret get_ext _90 ~> ret remoteUpdate () ~> call localUpdate _158 ~> ret localUpdate () ~> call remoteUpdate () ~> call set_ext _158 ~> ret set_ext () ~> call get_ext () ~> ret get_ext _281 ~> ret remoteUpdate () ~> call remoteUpdate () ~> call set_ext _158 ~> ret set_ext () ~> call get_ext () ~> ret get_ext _401 )
#Or
  T ==K ( call remoteUpdate () ~> call set_ext 0 ~> ret set_ext () ~> call get_ext () ~> ret get_ext _13 ~> ret remoteUpdate () ~> call remoteUpdate () ~> call set_ext 0 ~> ret set_ext () ~> call get_ext () ~> ret get_ext _90 ~> ret remoteUpdate () ~> call remoteUpdate () ~> call set_ext 0 ~> ret set_ext () ~> call get_ext () ~> ret get_ext _258 )
#Or
  T ==K ( call remoteUpdate () ~> call set_ext 0 ~> ret set_ext () ~> call get_ext () ~> ret get_ext _13 ~> ret remoteUpdate () ~> call remoteUpdate () ~> call set_ext 0 ~> ret set_ext () ~> call get_ext () ~> ret get_ext _90 ~> ret remoteUpdate () ~> call remoteUpdate () ~> call set_ext 0 ~> ret set_ext () ~> call get_ext () ~> ret get_ext _258 ~> ret remoteUpdate () ~> call localUpdate _330 ~> ret localUpdate () ~> call remoteUpdate () ~> call set_ext _330 ~> ret set_ext () ~> call get_ext () ~> ret get_ext _409 )
#Or
  T ==K ( call remoteUpdate () ~> call set_ext 0 ~> ret set_ext () ~> call get_ext () ~> ret get_ext _13 ~> ret remoteUpdate () ~> call remoteUpdate () ~> call set_ext 0 ~> ret set_ext () ~> call get_ext () ~> ret get_ext _90 ~> ret remoteUpdate () ~> call remoteUpdate () ~> call set_ext 0 ~> ret set_ext () ~> call get_ext () ~> ret get_ext _258 ~> ret remoteUpdate () ~> call remoteUpdate () ~> call set_ext 0 ~> ret set_ext () ~> call get_ext () ~> ret get_ext _392 )
#Or
  T ==K ( call remoteUpdate () ~> call set_ext 0 ~> ret set_ext () ~> call get_ext () ~> ret get_ext _13 ~> ret remoteUpdate () ~> call remoteUpdate () ~> call set_ext 0 ~> ret set_ext () ~> call get_ext () ~> ret get_ext _90 ~> ret remoteUpdate () ~> call remoteUpdate () ~> call set_ext 0 ~> ret set_ext () ~> call get_ext () ~> ret get_ext _258 ~> ret remoteUpdate () ~> call remoteUpdate () ~> call set_ext 0 ~> ret set_ext () ~> call get_ext () ~> ret get_ext _392 ~> ret remoteUpdate () ~> call remoteUpdate () ~> call set_ext 0 ~> ret set_ext () ~> call get_ext () ~> ret get_ext _444 )

real	0m8.198s
user	0m23.106s
sys	0m1.012s
