  T ==K ( call remoteUpdate () ~> call set_ext 0 ~> call localUpdate _5 ~> ret localUpdate () ~> ret set_ext () ~> call get_ext () ~> call localUpdate _20 ~> ret localUpdate () ~> ret get_ext _32 )
#Or
  T ==K ( call remoteUpdate () ~> call set_ext 0 ~> call localUpdate _5 ~> ret localUpdate () ~> ret set_ext () ~> call get_ext () ~> call remoteUpdate () ~> call set_ext _5 ~> call localUpdate _39 ~> ret localUpdate () ~> ret set_ext () ~> call get_ext () ~> call localUpdate _98 ~> ret localUpdate () ~> ret get_ext _122 )
#Or
  T ==K ( call remoteUpdate () ~> call set_ext 0 ~> call localUpdate _5 ~> ret localUpdate () ~> ret set_ext () ~> call get_ext () ~> call remoteUpdate () ~> call set_ext _5 ~> call localUpdate _39 ~> ret localUpdate () ~> ret set_ext () ~> call get_ext () ~> call localUpdate _98 ~> ret localUpdate () ~> ret get_ext _122 ~> ret remoteUpdate () ~> ret get_ext _210 )
#Or
  T ==K ( call remoteUpdate () ~> call set_ext 0 ~> call localUpdate _5 ~> ret localUpdate () ~> ret set_ext () ~> call get_ext () ~> call remoteUpdate () ~> call set_ext _5 ~> call localUpdate _39 ~> ret localUpdate () ~> ret set_ext () ~> call get_ext () ~> ret get_ext _90 )
#Or
  T ==K ( call remoteUpdate () ~> call set_ext 0 ~> call localUpdate _5 ~> ret localUpdate () ~> ret set_ext () ~> call get_ext () ~> call remoteUpdate () ~> call set_ext _5 ~> call localUpdate _39 ~> ret localUpdate () ~> ret set_ext () ~> call get_ext () ~> ret get_ext _90 ~> ret remoteUpdate () ~> ret get_ext _165 )
#Or
  T ==K ( call remoteUpdate () ~> call set_ext 0 ~> call localUpdate _5 ~> ret localUpdate () ~> ret set_ext () ~> call get_ext () ~> call remoteUpdate () ~> call set_ext _5 ~> ret set_ext () ~> call get_ext () ~> call localUpdate _69 ~> ret localUpdate () ~> ret get_ext _91 )
#Or
  T ==K ( call remoteUpdate () ~> call set_ext 0 ~> call localUpdate _5 ~> ret localUpdate () ~> ret set_ext () ~> call get_ext () ~> call remoteUpdate () ~> call set_ext _5 ~> ret set_ext () ~> call get_ext () ~> call localUpdate _69 ~> ret localUpdate () ~> ret get_ext _91 ~> ret remoteUpdate () ~> ret get_ext _166 )
#Or
  T ==K ( call remoteUpdate () ~> call set_ext 0 ~> call localUpdate _5 ~> ret localUpdate () ~> ret set_ext () ~> call get_ext () ~> call remoteUpdate () ~> call set_ext _5 ~> ret set_ext () ~> call get_ext () ~> ret get_ext _67 )
#Or
  T ==K ( call remoteUpdate () ~> call set_ext 0 ~> call localUpdate _5 ~> ret localUpdate () ~> ret set_ext () ~> call get_ext () ~> call remoteUpdate () ~> call set_ext _5 ~> ret set_ext () ~> call get_ext () ~> ret get_ext _67 ~> ret remoteUpdate () ~> ret get_ext _119 )
#Or
  T ==K ( call remoteUpdate () ~> call set_ext 0 ~> call localUpdate _5 ~> ret localUpdate () ~> ret set_ext () ~> call get_ext () ~> ret get_ext _15 )
#Or
  T ==K ( call remoteUpdate () ~> call set_ext 0 ~> call remoteUpdate () ~> call set_ext 0 ~> call localUpdate _12 ~> ret localUpdate () ~> ret set_ext () ~> call get_ext () ~> call localUpdate _47 ~> ret localUpdate () ~> ret get_ext _63 )
#Or
  T ==K ( call remoteUpdate () ~> call set_ext 0 ~> call remoteUpdate () ~> call set_ext 0 ~> call localUpdate _12 ~> ret localUpdate () ~> ret set_ext () ~> call get_ext () ~> call localUpdate _47 ~> ret localUpdate () ~> ret get_ext _63 ~> ret remoteUpdate () ~> ret set_ext () ~> call get_ext () ~> call localUpdate _181 ~> ret localUpdate () ~> ret get_ext _216 )
#Or
  T ==K ( call remoteUpdate () ~> call set_ext 0 ~> call remoteUpdate () ~> call set_ext 0 ~> call localUpdate _12 ~> ret localUpdate () ~> ret set_ext () ~> call get_ext () ~> call localUpdate _47 ~> ret localUpdate () ~> ret get_ext _63 ~> ret remoteUpdate () ~> ret set_ext () ~> call get_ext () ~> call remoteUpdate () ~> call set_ext _47 ~> call localUpdate _227 ~> ret localUpdate () ~> ret set_ext () ~> call get_ext () ~> call localUpdate _330 ~> ret localUpdate () ~> ret get_ext _373 )
#Or
  T ==K ( call remoteUpdate () ~> call set_ext 0 ~> call remoteUpdate () ~> call set_ext 0 ~> call localUpdate _12 ~> ret localUpdate () ~> ret set_ext () ~> call get_ext () ~> call localUpdate _47 ~> ret localUpdate () ~> ret get_ext _63 ~> ret remoteUpdate () ~> ret set_ext () ~> call get_ext () ~> call remoteUpdate () ~> call set_ext _47 ~> call localUpdate _227 ~> ret localUpdate () ~> ret set_ext () ~> call get_ext () ~> call localUpdate _330 ~> ret localUpdate () ~> ret get_ext _373 ~> ret remoteUpdate () ~> ret get_ext _449 )
#Or
  T ==K ( call remoteUpdate () ~> call set_ext 0 ~> call remoteUpdate () ~> call set_ext 0 ~> call localUpdate _12 ~> ret localUpdate () ~> ret set_ext () ~> call get_ext () ~> call localUpdate _47 ~> ret localUpdate () ~> ret get_ext _63 ~> ret remoteUpdate () ~> ret set_ext () ~> call get_ext () ~> call remoteUpdate () ~> call set_ext _47 ~> call localUpdate _227 ~> ret localUpdate () ~> ret set_ext () ~> call get_ext () ~> ret get_ext _312 )
#Or
  T ==K ( call remoteUpdate () ~> call set_ext 0 ~> call remoteUpdate () ~> call set_ext 0 ~> call localUpdate _12 ~> ret localUpdate () ~> ret set_ext () ~> call get_ext () ~> call localUpdate _47 ~> ret localUpdate () ~> ret get_ext _63 ~> ret remoteUpdate () ~> ret set_ext () ~> call get_ext () ~> call remoteUpdate () ~> call set_ext _47 ~> call localUpdate _227 ~> ret localUpdate () ~> ret set_ext () ~> call get_ext () ~> ret get_ext _312 ~> ret remoteUpdate () ~> ret get_ext _417 )
#Or
  T ==K ( call remoteUpdate () ~> call set_ext 0 ~> call remoteUpdate () ~> call set_ext 0 ~> call localUpdate _12 ~> ret localUpdate () ~> ret set_ext () ~> call get_ext () ~> call localUpdate _47 ~> ret localUpdate () ~> ret get_ext _63 ~> ret remoteUpdate () ~> ret set_ext () ~> call get_ext () ~> call remoteUpdate () ~> call set_ext _47 ~> ret set_ext () ~> call get_ext () ~> call localUpdate _279 ~> ret localUpdate () ~> ret get_ext _313 )
#Or
  T ==K ( call remoteUpdate () ~> call set_ext 0 ~> call remoteUpdate () ~> call set_ext 0 ~> call localUpdate _12 ~> ret localUpdate () ~> ret set_ext () ~> call get_ext () ~> call localUpdate _47 ~> ret localUpdate () ~> ret get_ext _63 ~> ret remoteUpdate () ~> ret set_ext () ~> call get_ext () ~> call remoteUpdate () ~> call set_ext _47 ~> ret set_ext () ~> call get_ext () ~> call localUpdate _279 ~> ret localUpdate () ~> ret get_ext _313 ~> ret remoteUpdate () ~> ret get_ext _418 )
#Or
  T ==K ( call remoteUpdate () ~> call set_ext 0 ~> call remoteUpdate () ~> call set_ext 0 ~> call localUpdate _12 ~> ret localUpdate () ~> ret set_ext () ~> call get_ext () ~> call localUpdate _47 ~> ret localUpdate () ~> ret get_ext _63 ~> ret remoteUpdate () ~> ret set_ext () ~> call get_ext () ~> call remoteUpdate () ~> call set_ext _47 ~> ret set_ext () ~> call get_ext () ~> ret get_ext _266 )
#Or
  T ==K ( call remoteUpdate () ~> call set_ext 0 ~> call remoteUpdate () ~> call set_ext 0 ~> call localUpdate _12 ~> ret localUpdate () ~> ret set_ext () ~> call get_ext () ~> call localUpdate _47 ~> ret localUpdate () ~> ret get_ext _63 ~> ret remoteUpdate () ~> ret set_ext () ~> call get_ext () ~> call remoteUpdate () ~> call set_ext _47 ~> ret set_ext () ~> call get_ext () ~> ret get_ext _266 ~> ret remoteUpdate () ~> ret get_ext _366 )
#Or
  T ==K ( call remoteUpdate () ~> call set_ext 0 ~> call remoteUpdate () ~> call set_ext 0 ~> call localUpdate _12 ~> ret localUpdate () ~> ret set_ext () ~> call get_ext () ~> call localUpdate _47 ~> ret localUpdate () ~> ret get_ext _63 ~> ret remoteUpdate () ~> ret set_ext () ~> call get_ext () ~> ret get_ext _168 )
#Or
  T ==K ( call remoteUpdate () ~> call set_ext 0 ~> call remoteUpdate () ~> call set_ext 0 ~> call localUpdate _12 ~> ret localUpdate () ~> ret set_ext () ~> call get_ext () ~> ret get_ext _42 )
#Or
  T ==K ( call remoteUpdate () ~> call set_ext 0 ~> call remoteUpdate () ~> call set_ext 0 ~> call localUpdate _12 ~> ret localUpdate () ~> ret set_ext () ~> call get_ext () ~> ret get_ext _42 ~> ret remoteUpdate () ~> ret set_ext () ~> call get_ext () ~> call localUpdate _136 ~> ret localUpdate () ~> ret get_ext _169 )
#Or
  T ==K ( call remoteUpdate () ~> call set_ext 0 ~> call remoteUpdate () ~> call set_ext 0 ~> call localUpdate _12 ~> ret localUpdate () ~> ret set_ext () ~> call get_ext () ~> ret get_ext _42 ~> ret remoteUpdate () ~> ret set_ext () ~> call get_ext () ~> call remoteUpdate () ~> call set_ext _12 ~> call localUpdate _188 ~> ret localUpdate () ~> ret set_ext () ~> call get_ext () ~> call localUpdate _280 ~> ret localUpdate () ~> ret get_ext _314 )
#Or
  T ==K ( call remoteUpdate () ~> call set_ext 0 ~> call remoteUpdate () ~> call set_ext 0 ~> call localUpdate _12 ~> ret localUpdate () ~> ret set_ext () ~> call get_ext () ~> ret get_ext _42 ~> ret remoteUpdate () ~> ret set_ext () ~> call get_ext () ~> call remoteUpdate () ~> call set_ext _12 ~> call localUpdate _188 ~> ret localUpdate () ~> ret set_ext () ~> call get_ext () ~> call localUpdate _280 ~> ret localUpdate () ~> ret get_ext _314 ~> ret remoteUpdate () ~> ret get_ext _419 )
#Or
  T ==K ( call remoteUpdate () ~> call set_ext 0 ~> call remoteUpdate () ~> call set_ext 0 ~> call localUpdate _12 ~> ret localUpdate () ~> ret set_ext () ~> call get_ext () ~> ret get_ext _42 ~> ret remoteUpdate () ~> ret set_ext () ~> call get_ext () ~> call remoteUpdate () ~> call set_ext _12 ~> call localUpdate _188 ~> ret localUpdate () ~> ret set_ext () ~> call get_ext () ~> ret get_ext _267 )
#Or
  T ==K ( call remoteUpdate () ~> call set_ext 0 ~> call remoteUpdate () ~> call set_ext 0 ~> call localUpdate _12 ~> ret localUpdate () ~> ret set_ext () ~> call get_ext () ~> ret get_ext _42 ~> ret remoteUpdate () ~> ret set_ext () ~> call get_ext () ~> call remoteUpdate () ~> call set_ext _12 ~> call localUpdate _188 ~> ret localUpdate () ~> ret set_ext () ~> call get_ext () ~> ret get_ext _267 ~> ret remoteUpdate () ~> ret get_ext _367 )
#Or
  T ==K ( call remoteUpdate () ~> call set_ext 0 ~> call remoteUpdate () ~> call set_ext 0 ~> call localUpdate _12 ~> ret localUpdate () ~> ret set_ext () ~> call get_ext () ~> ret get_ext _42 ~> ret remoteUpdate () ~> ret set_ext () ~> call get_ext () ~> call remoteUpdate () ~> call set_ext _12 ~> ret set_ext () ~> call get_ext () ~> call localUpdate _242 ~> ret localUpdate () ~> ret get_ext _268 )
#Or
  T ==K ( call remoteUpdate () ~> call set_ext 0 ~> call remoteUpdate () ~> call set_ext 0 ~> call localUpdate _12 ~> ret localUpdate () ~> ret set_ext () ~> call get_ext () ~> ret get_ext _42 ~> ret remoteUpdate () ~> ret set_ext () ~> call get_ext () ~> call remoteUpdate () ~> call set_ext _12 ~> ret set_ext () ~> call get_ext () ~> call localUpdate _242 ~> ret localUpdate () ~> ret get_ext _268 ~> ret remoteUpdate () ~> ret get_ext _368 )
#Or
  T ==K ( call remoteUpdate () ~> call set_ext 0 ~> call remoteUpdate () ~> call set_ext 0 ~> call localUpdate _12 ~> ret localUpdate () ~> ret set_ext () ~> call get_ext () ~> ret get_ext _42 ~> ret remoteUpdate () ~> ret set_ext () ~> call get_ext () ~> call remoteUpdate () ~> call set_ext _12 ~> ret set_ext () ~> call get_ext () ~> ret get_ext _237 )
#Or
  T ==K ( call remoteUpdate () ~> call set_ext 0 ~> call remoteUpdate () ~> call set_ext 0 ~> call localUpdate _12 ~> ret localUpdate () ~> ret set_ext () ~> call get_ext () ~> ret get_ext _42 ~> ret remoteUpdate () ~> ret set_ext () ~> call get_ext () ~> call remoteUpdate () ~> call set_ext _12 ~> ret set_ext () ~> call get_ext () ~> ret get_ext _237 ~> ret remoteUpdate () ~> ret get_ext _308 )
#Or
  T ==K ( call remoteUpdate () ~> call set_ext 0 ~> call remoteUpdate () ~> call set_ext 0 ~> call localUpdate _12 ~> ret localUpdate () ~> ret set_ext () ~> call get_ext () ~> ret get_ext _42 ~> ret remoteUpdate () ~> ret set_ext () ~> call get_ext () ~> ret get_ext _123 )
#Or
  T ==K ( call remoteUpdate () ~> call set_ext 0 ~> call remoteUpdate () ~> call set_ext 0 ~> ret set_ext () ~> call get_ext () ~> call localUpdate _26 ~> ret localUpdate () ~> ret get_ext _43 )
#Or
  T ==K ( call remoteUpdate () ~> call set_ext 0 ~> call remoteUpdate () ~> call set_ext 0 ~> ret set_ext () ~> call get_ext () ~> call localUpdate _26 ~> ret localUpdate () ~> ret get_ext _43 ~> ret remoteUpdate () ~> ret set_ext () ~> call get_ext () ~> call localUpdate _137 ~> ret localUpdate () ~> ret get_ext _170 )
#Or
  T ==K ( call remoteUpdate () ~> call set_ext 0 ~> call remoteUpdate () ~> call set_ext 0 ~> ret set_ext () ~> call get_ext () ~> call localUpdate _26 ~> ret localUpdate () ~> ret get_ext _43 ~> ret remoteUpdate () ~> ret set_ext () ~> call get_ext () ~> call remoteUpdate () ~> call set_ext _26 ~> call localUpdate _190 ~> ret localUpdate () ~> ret set_ext () ~> call get_ext () ~> call localUpdate _281 ~> ret localUpdate () ~> ret get_ext _315 )
#Or
  T ==K ( call remoteUpdate () ~> call set_ext 0 ~> call remoteUpdate () ~> call set_ext 0 ~> ret set_ext () ~> call get_ext () ~> call localUpdate _26 ~> ret localUpdate () ~> ret get_ext _43 ~> ret remoteUpdate () ~> ret set_ext () ~> call get_ext () ~> call remoteUpdate () ~> call set_ext _26 ~> call localUpdate _190 ~> ret localUpdate () ~> ret set_ext () ~> call get_ext () ~> call localUpdate _281 ~> ret localUpdate () ~> ret get_ext _315 ~> ret remoteUpdate () ~> ret get_ext _420 )
#Or
  T ==K ( call remoteUpdate () ~> call set_ext 0 ~> call remoteUpdate () ~> call set_ext 0 ~> ret set_ext () ~> call get_ext () ~> call localUpdate _26 ~> ret localUpdate () ~> ret get_ext _43 ~> ret remoteUpdate () ~> ret set_ext () ~> call get_ext () ~> call remoteUpdate () ~> call set_ext _26 ~> call localUpdate _190 ~> ret localUpdate () ~> ret set_ext () ~> call get_ext () ~> ret get_ext _269 )
#Or
  T ==K ( call remoteUpdate () ~> call set_ext 0 ~> call remoteUpdate () ~> call set_ext 0 ~> ret set_ext () ~> call get_ext () ~> call localUpdate _26 ~> ret localUpdate () ~> ret get_ext _43 ~> ret remoteUpdate () ~> ret set_ext () ~> call get_ext () ~> call remoteUpdate () ~> call set_ext _26 ~> call localUpdate _190 ~> ret localUpdate () ~> ret set_ext () ~> call get_ext () ~> ret get_ext _269 ~> ret remoteUpdate () ~> ret get_ext _369 )
#Or
  T ==K ( call remoteUpdate () ~> call set_ext 0 ~> call remoteUpdate () ~> call set_ext 0 ~> ret set_ext () ~> call get_ext () ~> call localUpdate _26 ~> ret localUpdate () ~> ret get_ext _43 ~> ret remoteUpdate () ~> ret set_ext () ~> call get_ext () ~> call remoteUpdate () ~> call set_ext _26 ~> ret set_ext () ~> call get_ext () ~> call localUpdate _243 ~> ret localUpdate () ~> ret get_ext _270 )
#Or
  T ==K ( call remoteUpdate () ~> call set_ext 0 ~> call remoteUpdate () ~> call set_ext 0 ~> ret set_ext () ~> call get_ext () ~> call localUpdate _26 ~> ret localUpdate () ~> ret get_ext _43 ~> ret remoteUpdate () ~> ret set_ext () ~> call get_ext () ~> call remoteUpdate () ~> call set_ext _26 ~> ret set_ext () ~> call get_ext () ~> call localUpdate _243 ~> ret localUpdate () ~> ret get_ext _270 ~> ret remoteUpdate () ~> ret get_ext _370 )
#Or
  T ==K ( call remoteUpdate () ~> call set_ext 0 ~> call remoteUpdate () ~> call set_ext 0 ~> ret set_ext () ~> call get_ext () ~> call localUpdate _26 ~> ret localUpdate () ~> ret get_ext _43 ~> ret remoteUpdate () ~> ret set_ext () ~> call get_ext () ~> call remoteUpdate () ~> call set_ext _26 ~> ret set_ext () ~> call get_ext () ~> ret get_ext _238 )
#Or
  T ==K ( call remoteUpdate () ~> call set_ext 0 ~> call remoteUpdate () ~> call set_ext 0 ~> ret set_ext () ~> call get_ext () ~> call localUpdate _26 ~> ret localUpdate () ~> ret get_ext _43 ~> ret remoteUpdate () ~> ret set_ext () ~> call get_ext () ~> call remoteUpdate () ~> call set_ext _26 ~> ret set_ext () ~> call get_ext () ~> ret get_ext _238 ~> ret remoteUpdate () ~> ret get_ext _309 )
#Or
  T ==K ( call remoteUpdate () ~> call set_ext 0 ~> call remoteUpdate () ~> call set_ext 0 ~> ret set_ext () ~> call get_ext () ~> call localUpdate _26 ~> ret localUpdate () ~> ret get_ext _43 ~> ret remoteUpdate () ~> ret set_ext () ~> call get_ext () ~> ret get_ext _124 )
#Or
  T ==K ( call remoteUpdate () ~> call set_ext 0 ~> call remoteUpdate () ~> call set_ext 0 ~> ret set_ext () ~> call get_ext () ~> ret get_ext _22 )
#Or
  T ==K ( call remoteUpdate () ~> call set_ext 0 ~> call remoteUpdate () ~> call set_ext 0 ~> ret set_ext () ~> call get_ext () ~> ret get_ext _22 ~> ret remoteUpdate () ~> ret set_ext () ~> call get_ext () ~> call localUpdate _99 ~> ret localUpdate () ~> ret get_ext _125 )
#Or
  T ==K ( call remoteUpdate () ~> call set_ext 0 ~> call remoteUpdate () ~> call set_ext 0 ~> ret set_ext () ~> call get_ext () ~> ret get_ext _22 ~> ret remoteUpdate () ~> ret set_ext () ~> call get_ext () ~> call remoteUpdate () ~> call set_ext 0 ~> call localUpdate _150 ~> ret localUpdate () ~> ret set_ext () ~> call get_ext () ~> call localUpdate _250 ~> ret localUpdate () ~> ret get_ext _282 )
#Or
  T ==K ( call remoteUpdate () ~> call set_ext 0 ~> call remoteUpdate () ~> call set_ext 0 ~> ret set_ext () ~> call get_ext () ~> ret get_ext _22 ~> ret remoteUpdate () ~> ret set_ext () ~> call get_ext () ~> call remoteUpdate () ~> call set_ext 0 ~> call localUpdate _150 ~> ret localUpdate () ~> ret set_ext () ~> call get_ext () ~> call localUpdate _250 ~> ret localUpdate () ~> ret get_ext _282 ~> ret remoteUpdate () ~> ret get_ext _374 )
#Or
  T ==K ( call remoteUpdate () ~> call set_ext 0 ~> call remoteUpdate () ~> call set_ext 0 ~> ret set_ext () ~> call get_ext () ~> ret get_ext _22 ~> ret remoteUpdate () ~> ret set_ext () ~> call get_ext () ~> call remoteUpdate () ~> call set_ext 0 ~> call localUpdate _150 ~> ret localUpdate () ~> ret set_ext () ~> call get_ext () ~> ret get_ext _245 )
#Or
  T ==K ( call remoteUpdate () ~> call set_ext 0 ~> call remoteUpdate () ~> call set_ext 0 ~> ret set_ext () ~> call get_ext () ~> ret get_ext _22 ~> ret remoteUpdate () ~> ret set_ext () ~> call get_ext () ~> call remoteUpdate () ~> call set_ext 0 ~> call localUpdate _150 ~> ret localUpdate () ~> ret set_ext () ~> call get_ext () ~> ret get_ext _245 ~> ret remoteUpdate () ~> ret get_ext _316 )
#Or
  T ==K ( call remoteUpdate () ~> call set_ext 0 ~> call remoteUpdate () ~> call set_ext 0 ~> ret set_ext () ~> call get_ext () ~> ret get_ext _22 ~> ret remoteUpdate () ~> ret set_ext () ~> call get_ext () ~> call remoteUpdate () ~> call set_ext 0 ~> ret set_ext () ~> call get_ext () ~> call localUpdate _215 ~> ret localUpdate () ~> ret get_ext _246 )
#Or
  T ==K ( call remoteUpdate () ~> call set_ext 0 ~> call remoteUpdate () ~> call set_ext 0 ~> ret set_ext () ~> call get_ext () ~> ret get_ext _22 ~> ret remoteUpdate () ~> ret set_ext () ~> call get_ext () ~> call remoteUpdate () ~> call set_ext 0 ~> ret set_ext () ~> call get_ext () ~> call localUpdate _215 ~> ret localUpdate () ~> ret get_ext _246 ~> ret remoteUpdate () ~> ret get_ext _317 )
#Or
  T ==K ( call remoteUpdate () ~> call set_ext 0 ~> call remoteUpdate () ~> call set_ext 0 ~> ret set_ext () ~> call get_ext () ~> ret get_ext _22 ~> ret remoteUpdate () ~> ret set_ext () ~> call get_ext () ~> call remoteUpdate () ~> call set_ext 0 ~> ret set_ext () ~> call get_ext () ~> ret get_ext _211 )
#Or
  T ==K ( call remoteUpdate () ~> call set_ext 0 ~> call remoteUpdate () ~> call set_ext 0 ~> ret set_ext () ~> call get_ext () ~> ret get_ext _22 ~> ret remoteUpdate () ~> ret set_ext () ~> call get_ext () ~> call remoteUpdate () ~> call set_ext 0 ~> ret set_ext () ~> call get_ext () ~> ret get_ext _211 ~> ret remoteUpdate () ~> ret get_ext _271 )
#Or
  T ==K ( call remoteUpdate () ~> call set_ext 0 ~> call remoteUpdate () ~> call set_ext 0 ~> ret set_ext () ~> call get_ext () ~> ret get_ext _22 ~> ret remoteUpdate () ~> ret set_ext () ~> call get_ext () ~> ret get_ext _92 )
#Or
  T ==K ( call remoteUpdate () ~> call set_ext 0 ~> ret set_ext () ~> call get_ext () ~> call localUpdate _11 ~> ret localUpdate () ~> ret get_ext _16 )
#Or
  T ==K ( call remoteUpdate () ~> call set_ext 0 ~> ret set_ext () ~> call get_ext () ~> call remoteUpdate () ~> call set_ext 0 ~> call localUpdate _27 ~> ret localUpdate () ~> ret set_ext () ~> call get_ext () ~> call localUpdate _76 ~> ret localUpdate () ~> ret get_ext _101 )
#Or
  T ==K ( call remoteUpdate () ~> call set_ext 0 ~> ret set_ext () ~> call get_ext () ~> call remoteUpdate () ~> call set_ext 0 ~> call localUpdate _27 ~> ret localUpdate () ~> ret set_ext () ~> call get_ext () ~> call localUpdate _76 ~> ret localUpdate () ~> ret get_ext _101 ~> ret remoteUpdate () ~> ret get_ext _171 )
#Or
  T ==K ( call remoteUpdate () ~> call set_ext 0 ~> ret set_ext () ~> call get_ext () ~> call remoteUpdate () ~> call set_ext 0 ~> call localUpdate _27 ~> ret localUpdate () ~> ret set_ext () ~> call get_ext () ~> ret get_ext _72 )
#Or
  T ==K ( call remoteUpdate () ~> call set_ext 0 ~> ret set_ext () ~> call get_ext () ~> call remoteUpdate () ~> call set_ext 0 ~> call localUpdate _27 ~> ret localUpdate () ~> ret set_ext () ~> call get_ext () ~> ret get_ext _72 ~> ret remoteUpdate () ~> ret get_ext _126 )
#Or
  T ==K ( call remoteUpdate () ~> call set_ext 0 ~> ret set_ext () ~> call get_ext () ~> call remoteUpdate () ~> call set_ext 0 ~> ret set_ext () ~> call get_ext () ~> call localUpdate _53 ~> ret localUpdate () ~> ret get_ext _73 )
#Or
  T ==K ( call remoteUpdate () ~> call set_ext 0 ~> ret set_ext () ~> call get_ext () ~> call remoteUpdate () ~> call set_ext 0 ~> ret set_ext () ~> call get_ext () ~> call localUpdate _53 ~> ret localUpdate () ~> ret get_ext _73 ~> ret remoteUpdate () ~> ret get_ext _127 )
#Or
  T ==K ( call remoteUpdate () ~> call set_ext 0 ~> ret set_ext () ~> call get_ext () ~> call remoteUpdate () ~> call set_ext 0 ~> ret set_ext () ~> call get_ext () ~> ret get_ext _51 )
#Or
  T ==K ( call remoteUpdate () ~> call set_ext 0 ~> ret set_ext () ~> call get_ext () ~> call remoteUpdate () ~> call set_ext 0 ~> ret set_ext () ~> call get_ext () ~> ret get_ext _51 ~> ret remoteUpdate () ~> ret get_ext _93 )
#Or
  T ==K ( call remoteUpdate () ~> call set_ext 0 ~> ret set_ext () ~> call get_ext () ~> ret get_ext _7 )

real	0m9.852s
user	0m26.206s
sys	0m1.318s
