  T ==K ( call localUpdate _2 ~> ret localUpdate () ~> call remoteUpdate () ~> call set_ext _2 ~> call localUpdate _10 ~> ret localUpdate () ~> call localUpdate _19 ~> ret localUpdate () ~> ret set_ext () ~> call get_ext () ~> call localUpdate _88 ~> ret localUpdate () ~> call localUpdate _134 ~> ret localUpdate () ~> ret get_ext _169 )
#Or
  T ==K ( call localUpdate _2 ~> ret localUpdate () ~> call remoteUpdate () ~> call set_ext _2 ~> call localUpdate _10 ~> ret localUpdate () ~> call localUpdate _19 ~> ret localUpdate () ~> ret set_ext () ~> call get_ext () ~> call localUpdate _88 ~> ret localUpdate () ~> ret get_ext _122 )
#Or
  T ==K ( call localUpdate _2 ~> ret localUpdate () ~> call remoteUpdate () ~> call set_ext _2 ~> call localUpdate _10 ~> ret localUpdate () ~> call localUpdate _19 ~> ret localUpdate () ~> ret set_ext () ~> call get_ext () ~> ret get_ext _77 )
#Or
  T ==K ( call localUpdate _2 ~> ret localUpdate () ~> call remoteUpdate () ~> call set_ext _2 ~> call localUpdate _10 ~> ret localUpdate () ~> ret set_ext () ~> call get_ext () ~> call localUpdate _49 ~> ret localUpdate () ~> call localUpdate _89 ~> ret localUpdate () ~> ret get_ext _123 )
#Or
  T ==K ( call localUpdate _2 ~> ret localUpdate () ~> call remoteUpdate () ~> call set_ext _2 ~> call localUpdate _10 ~> ret localUpdate () ~> ret set_ext () ~> call get_ext () ~> call localUpdate _49 ~> ret localUpdate () ~> ret get_ext _78 )
#Or
  T ==K ( call localUpdate _2 ~> ret localUpdate () ~> call remoteUpdate () ~> call set_ext _2 ~> call localUpdate _10 ~> ret localUpdate () ~> ret set_ext () ~> call get_ext () ~> ret get_ext _42 )
#Or
  T ==K ( call localUpdate _2 ~> ret localUpdate () ~> call remoteUpdate () ~> call set_ext _2 ~> ret set_ext () ~> call get_ext () ~> call localUpdate _25 ~> ret localUpdate () ~> call localUpdate _50 ~> ret localUpdate () ~> ret get_ext _79 )
#Or
  T ==K ( call localUpdate _2 ~> ret localUpdate () ~> call remoteUpdate () ~> call set_ext _2 ~> ret set_ext () ~> call get_ext () ~> call localUpdate _25 ~> ret localUpdate () ~> ret get_ext _43 )
#Or
  T ==K ( call localUpdate _2 ~> ret localUpdate () ~> call remoteUpdate () ~> call set_ext _2 ~> ret set_ext () ~> call get_ext () ~> ret get_ext _23 )
#Or
  T ==K ( call remoteUpdate () ~> call set_ext 0 ~> call localUpdate _7 ~> ret localUpdate () ~> call localUpdate _13 ~> ret localUpdate () ~> ret set_ext () ~> call get_ext () ~> call localUpdate _61 ~> ret localUpdate () ~> call localUpdate _102 ~> ret localUpdate () ~> ret get_ext _140 )
#Or
  T ==K ( call remoteUpdate () ~> call set_ext 0 ~> call localUpdate _7 ~> ret localUpdate () ~> call localUpdate _13 ~> ret localUpdate () ~> ret set_ext () ~> call get_ext () ~> call localUpdate _61 ~> ret localUpdate () ~> call localUpdate _102 ~> ret localUpdate () ~> ret get_ext _140 ~> ret remoteUpdate () ~> call remoteUpdate () ~> call set_ext _102 ~> call localUpdate _322 ~> ret localUpdate () ~> call localUpdate _453 ~> ret localUpdate () ~> ret set_ext () ~> call get_ext () ~> call localUpdate _822 ~> ret localUpdate () ~> call localUpdate _913 ~> ret localUpdate () ~> ret get_ext _946 )
#Or
  T ==K ( call remoteUpdate () ~> call set_ext 0 ~> call localUpdate _7 ~> ret localUpdate () ~> call localUpdate _13 ~> ret localUpdate () ~> ret set_ext () ~> call get_ext () ~> call localUpdate _61 ~> ret localUpdate () ~> call localUpdate _102 ~> ret localUpdate () ~> ret get_ext _140 ~> ret remoteUpdate () ~> call remoteUpdate () ~> call set_ext _102 ~> call localUpdate _322 ~> ret localUpdate () ~> call localUpdate _453 ~> ret localUpdate () ~> ret set_ext () ~> call get_ext () ~> call localUpdate _822 ~> ret localUpdate () ~> ret get_ext _888 )
#Or
  T ==K ( call remoteUpdate () ~> call set_ext 0 ~> call localUpdate _7 ~> ret localUpdate () ~> call localUpdate _13 ~> ret localUpdate () ~> ret set_ext () ~> call get_ext () ~> call localUpdate _61 ~> ret localUpdate () ~> call localUpdate _102 ~> ret localUpdate () ~> ret get_ext _140 ~> ret remoteUpdate () ~> call remoteUpdate () ~> call set_ext _102 ~> call localUpdate _322 ~> ret localUpdate () ~> call localUpdate _453 ~> ret localUpdate () ~> ret set_ext () ~> call get_ext () ~> ret get_ext _776 )
#Or
  T ==K ( call remoteUpdate () ~> call set_ext 0 ~> call localUpdate _7 ~> ret localUpdate () ~> call localUpdate _13 ~> ret localUpdate () ~> ret set_ext () ~> call get_ext () ~> call localUpdate _61 ~> ret localUpdate () ~> call localUpdate _102 ~> ret localUpdate () ~> ret get_ext _140 ~> ret remoteUpdate () ~> call remoteUpdate () ~> call set_ext _102 ~> call localUpdate _322 ~> ret localUpdate () ~> ret set_ext () ~> call get_ext () ~> call localUpdate _681 ~> ret localUpdate () ~> call localUpdate _823 ~> ret localUpdate () ~> ret get_ext _889 )
#Or
  T ==K ( call remoteUpdate () ~> call set_ext 0 ~> call localUpdate _7 ~> ret localUpdate () ~> call localUpdate _13 ~> ret localUpdate () ~> ret set_ext () ~> call get_ext () ~> call localUpdate _61 ~> ret localUpdate () ~> call localUpdate _102 ~> ret localUpdate () ~> ret get_ext _140 ~> ret remoteUpdate () ~> call remoteUpdate () ~> call set_ext _102 ~> call localUpdate _322 ~> ret localUpdate () ~> ret set_ext () ~> call get_ext () ~> call localUpdate _681 ~> ret localUpdate () ~> ret get_ext _777 )
#Or
  T ==K ( call remoteUpdate () ~> call set_ext 0 ~> call localUpdate _7 ~> ret localUpdate () ~> call localUpdate _13 ~> ret localUpdate () ~> ret set_ext () ~> call get_ext () ~> call localUpdate _61 ~> ret localUpdate () ~> call localUpdate _102 ~> ret localUpdate () ~> ret get_ext _140 ~> ret remoteUpdate () ~> call remoteUpdate () ~> call set_ext _102 ~> call localUpdate _322 ~> ret localUpdate () ~> ret set_ext () ~> call get_ext () ~> ret get_ext _620 )
#Or
  T ==K ( call remoteUpdate () ~> call set_ext 0 ~> call localUpdate _7 ~> ret localUpdate () ~> call localUpdate _13 ~> ret localUpdate () ~> ret set_ext () ~> call get_ext () ~> call localUpdate _61 ~> ret localUpdate () ~> call localUpdate _102 ~> ret localUpdate () ~> ret get_ext _140 ~> ret remoteUpdate () ~> call remoteUpdate () ~> call set_ext _102 ~> ret set_ext () ~> call get_ext () ~> call localUpdate _517 ~> ret localUpdate () ~> call localUpdate _682 ~> ret localUpdate () ~> ret get_ext _778 )
#Or
  T ==K ( call remoteUpdate () ~> call set_ext 0 ~> call localUpdate _7 ~> ret localUpdate () ~> call localUpdate _13 ~> ret localUpdate () ~> ret set_ext () ~> call get_ext () ~> call localUpdate _61 ~> ret localUpdate () ~> call localUpdate _102 ~> ret localUpdate () ~> ret get_ext _140 ~> ret remoteUpdate () ~> call remoteUpdate () ~> call set_ext _102 ~> ret set_ext () ~> call get_ext () ~> call localUpdate _517 ~> ret localUpdate () ~> ret get_ext _621 )
#Or
  T ==K ( call remoteUpdate () ~> call set_ext 0 ~> call localUpdate _7 ~> ret localUpdate () ~> call localUpdate _13 ~> ret localUpdate () ~> ret set_ext () ~> call get_ext () ~> call localUpdate _61 ~> ret localUpdate () ~> call localUpdate _102 ~> ret localUpdate () ~> ret get_ext _140 ~> ret remoteUpdate () ~> call remoteUpdate () ~> call set_ext _102 ~> ret set_ext () ~> call get_ext () ~> ret get_ext _458 )
#Or
  T ==K ( call remoteUpdate () ~> call set_ext 0 ~> call localUpdate _7 ~> ret localUpdate () ~> call localUpdate _13 ~> ret localUpdate () ~> ret set_ext () ~> call get_ext () ~> call localUpdate _61 ~> ret localUpdate () ~> ret get_ext _92 )
#Or
  T ==K ( call remoteUpdate () ~> call set_ext 0 ~> call localUpdate _7 ~> ret localUpdate () ~> call localUpdate _13 ~> ret localUpdate () ~> ret set_ext () ~> call get_ext () ~> call localUpdate _61 ~> ret localUpdate () ~> ret get_ext _92 ~> ret remoteUpdate () ~> call remoteUpdate () ~> call set_ext _61 ~> call localUpdate _243 ~> ret localUpdate () ~> call localUpdate _323 ~> ret localUpdate () ~> ret set_ext () ~> call get_ext () ~> call localUpdate _683 ~> ret localUpdate () ~> call localUpdate _824 ~> ret localUpdate () ~> ret get_ext _890 )
#Or
  T ==K ( call remoteUpdate () ~> call set_ext 0 ~> call localUpdate _7 ~> ret localUpdate () ~> call localUpdate _13 ~> ret localUpdate () ~> ret set_ext () ~> call get_ext () ~> call localUpdate _61 ~> ret localUpdate () ~> ret get_ext _92 ~> ret remoteUpdate () ~> call remoteUpdate () ~> call set_ext _61 ~> call localUpdate _243 ~> ret localUpdate () ~> call localUpdate _323 ~> ret localUpdate () ~> ret set_ext () ~> call get_ext () ~> call localUpdate _683 ~> ret localUpdate () ~> ret get_ext _779 )
#Or
  T ==K ( call remoteUpdate () ~> call set_ext 0 ~> call localUpdate _7 ~> ret localUpdate () ~> call localUpdate _13 ~> ret localUpdate () ~> ret set_ext () ~> call get_ext () ~> call localUpdate _61 ~> ret localUpdate () ~> ret get_ext _92 ~> ret remoteUpdate () ~> call remoteUpdate () ~> call set_ext _61 ~> call localUpdate _243 ~> ret localUpdate () ~> call localUpdate _323 ~> ret localUpdate () ~> ret set_ext () ~> call get_ext () ~> ret get_ext _622 )
#Or
  T ==K ( call remoteUpdate () ~> call set_ext 0 ~> call localUpdate _7 ~> ret localUpdate () ~> call localUpdate _13 ~> ret localUpdate () ~> ret set_ext () ~> call get_ext () ~> call localUpdate _61 ~> ret localUpdate () ~> ret get_ext _92 ~> ret remoteUpdate () ~> call remoteUpdate () ~> call set_ext _61 ~> call localUpdate _243 ~> ret localUpdate () ~> ret set_ext () ~> call get_ext () ~> call localUpdate _518 ~> ret localUpdate () ~> call localUpdate _684 ~> ret localUpdate () ~> ret get_ext _780 )
#Or
  T ==K ( call remoteUpdate () ~> call set_ext 0 ~> call localUpdate _7 ~> ret localUpdate () ~> call localUpdate _13 ~> ret localUpdate () ~> ret set_ext () ~> call get_ext () ~> call localUpdate _61 ~> ret localUpdate () ~> ret get_ext _92 ~> ret remoteUpdate () ~> call remoteUpdate () ~> call set_ext _61 ~> call localUpdate _243 ~> ret localUpdate () ~> ret set_ext () ~> call get_ext () ~> call localUpdate _518 ~> ret localUpdate () ~> ret get_ext _623 )
#Or
  T ==K ( call remoteUpdate () ~> call set_ext 0 ~> call localUpdate _7 ~> ret localUpdate () ~> call localUpdate _13 ~> ret localUpdate () ~> ret set_ext () ~> call get_ext () ~> call localUpdate _61 ~> ret localUpdate () ~> ret get_ext _92 ~> ret remoteUpdate () ~> call remoteUpdate () ~> call set_ext _61 ~> call localUpdate _243 ~> ret localUpdate () ~> ret set_ext () ~> call get_ext () ~> ret get_ext _459 )
#Or
  T ==K ( call remoteUpdate () ~> call set_ext 0 ~> call localUpdate _7 ~> ret localUpdate () ~> call localUpdate _13 ~> ret localUpdate () ~> ret set_ext () ~> call get_ext () ~> call localUpdate _61 ~> ret localUpdate () ~> ret get_ext _92 ~> ret remoteUpdate () ~> call remoteUpdate () ~> call set_ext _61 ~> ret set_ext () ~> call get_ext () ~> call localUpdate _371 ~> ret localUpdate () ~> call localUpdate _519 ~> ret localUpdate () ~> ret get_ext _624 )
#Or
  T ==K ( call remoteUpdate () ~> call set_ext 0 ~> call localUpdate _7 ~> ret localUpdate () ~> call localUpdate _13 ~> ret localUpdate () ~> ret set_ext () ~> call get_ext () ~> call localUpdate _61 ~> ret localUpdate () ~> ret get_ext _92 ~> ret remoteUpdate () ~> call remoteUpdate () ~> call set_ext _61 ~> ret set_ext () ~> call get_ext () ~> call localUpdate _371 ~> ret localUpdate () ~> ret get_ext _460 )
#Or
  T ==K ( call remoteUpdate () ~> call set_ext 0 ~> call localUpdate _7 ~> ret localUpdate () ~> call localUpdate _13 ~> ret localUpdate () ~> ret set_ext () ~> call get_ext () ~> call localUpdate _61 ~> ret localUpdate () ~> ret get_ext _92 ~> ret remoteUpdate () ~> call remoteUpdate () ~> call set_ext _61 ~> ret set_ext () ~> call get_ext () ~> ret get_ext _331 )
#Or
  T ==K ( call remoteUpdate () ~> call set_ext 0 ~> call localUpdate _7 ~> ret localUpdate () ~> call localUpdate _13 ~> ret localUpdate () ~> ret set_ext () ~> call get_ext () ~> ret get_ext _52 )
#Or
  T ==K ( call remoteUpdate () ~> call set_ext 0 ~> call localUpdate _7 ~> ret localUpdate () ~> call localUpdate _13 ~> ret localUpdate () ~> ret set_ext () ~> call get_ext () ~> ret get_ext _52 ~> ret remoteUpdate () ~> call remoteUpdate () ~> call set_ext _13 ~> call localUpdate _193 ~> ret localUpdate () ~> call localUpdate _244 ~> ret localUpdate () ~> ret set_ext () ~> call get_ext () ~> call localUpdate _520 ~> ret localUpdate () ~> call localUpdate _685 ~> ret localUpdate () ~> ret get_ext _781 )
#Or
  T ==K ( call remoteUpdate () ~> call set_ext 0 ~> call localUpdate _7 ~> ret localUpdate () ~> call localUpdate _13 ~> ret localUpdate () ~> ret set_ext () ~> call get_ext () ~> ret get_ext _52 ~> ret remoteUpdate () ~> call remoteUpdate () ~> call set_ext _13 ~> call localUpdate _193 ~> ret localUpdate () ~> call localUpdate _244 ~> ret localUpdate () ~> ret set_ext () ~> call get_ext () ~> call localUpdate _520 ~> ret localUpdate () ~> ret get_ext _625 )
#Or
  T ==K ( call remoteUpdate () ~> call set_ext 0 ~> call localUpdate _7 ~> ret localUpdate () ~> call localUpdate _13 ~> ret localUpdate () ~> ret set_ext () ~> call get_ext () ~> ret get_ext _52 ~> ret remoteUpdate () ~> call remoteUpdate () ~> call set_ext _13 ~> call localUpdate _193 ~> ret localUpdate () ~> call localUpdate _244 ~> ret localUpdate () ~> ret set_ext () ~> call get_ext () ~> ret get_ext _461 )
#Or
  T ==K ( call remoteUpdate () ~> call set_ext 0 ~> call localUpdate _7 ~> ret localUpdate () ~> call localUpdate _13 ~> ret localUpdate () ~> ret set_ext () ~> call get_ext () ~> ret get_ext _52 ~> ret remoteUpdate () ~> call remoteUpdate () ~> call set_ext _13 ~> call localUpdate _193 ~> ret localUpdate () ~> ret set_ext () ~> call get_ext () ~> call localUpdate _372 ~> ret localUpdate () ~> call localUpdate _521 ~> ret localUpdate () ~> ret get_ext _626 )
#Or
  T ==K ( call remoteUpdate () ~> call set_ext 0 ~> call localUpdate _7 ~> ret localUpdate () ~> call localUpdate _13 ~> ret localUpdate () ~> ret set_ext () ~> call get_ext () ~> ret get_ext _52 ~> ret remoteUpdate () ~> call remoteUpdate () ~> call set_ext _13 ~> call localUpdate _193 ~> ret localUpdate () ~> ret set_ext () ~> call get_ext () ~> call localUpdate _372 ~> ret localUpdate () ~> ret get_ext _462 )
#Or
  T ==K ( call remoteUpdate () ~> call set_ext 0 ~> call localUpdate _7 ~> ret localUpdate () ~> call localUpdate _13 ~> ret localUpdate () ~> ret set_ext () ~> call get_ext () ~> ret get_ext _52 ~> ret remoteUpdate () ~> call remoteUpdate () ~> call set_ext _13 ~> call localUpdate _193 ~> ret localUpdate () ~> ret set_ext () ~> call get_ext () ~> ret get_ext _332 )
#Or
  T ==K ( call remoteUpdate () ~> call set_ext 0 ~> call localUpdate _7 ~> ret localUpdate () ~> call localUpdate _13 ~> ret localUpdate () ~> ret set_ext () ~> call get_ext () ~> ret get_ext _52 ~> ret remoteUpdate () ~> call remoteUpdate () ~> call set_ext _13 ~> ret set_ext () ~> call get_ext () ~> call localUpdate _270 ~> ret localUpdate () ~> call localUpdate _373 ~> ret localUpdate () ~> ret get_ext _463 )
#Or
  T ==K ( call remoteUpdate () ~> call set_ext 0 ~> call localUpdate _7 ~> ret localUpdate () ~> call localUpdate _13 ~> ret localUpdate () ~> ret set_ext () ~> call get_ext () ~> ret get_ext _52 ~> ret remoteUpdate () ~> call remoteUpdate () ~> call set_ext _13 ~> ret set_ext () ~> call get_ext () ~> call localUpdate _270 ~> ret localUpdate () ~> ret get_ext _333 )
#Or
  T ==K ( call remoteUpdate () ~> call set_ext 0 ~> call localUpdate _7 ~> ret localUpdate () ~> call localUpdate _13 ~> ret localUpdate () ~> ret set_ext () ~> call get_ext () ~> ret get_ext _52 ~> ret remoteUpdate () ~> call remoteUpdate () ~> call set_ext _13 ~> ret set_ext () ~> call get_ext () ~> ret get_ext _252 )
#Or
  T ==K ( call remoteUpdate () ~> call set_ext 0 ~> call localUpdate _7 ~> ret localUpdate () ~> ret set_ext () ~> call get_ext () ~> call localUpdate _31 ~> ret localUpdate () ~> call localUpdate _62 ~> ret localUpdate () ~> ret get_ext _93 )
#Or
  T ==K ( call remoteUpdate () ~> call set_ext 0 ~> call localUpdate _7 ~> ret localUpdate () ~> ret set_ext () ~> call get_ext () ~> call localUpdate _31 ~> ret localUpdate () ~> call localUpdate _62 ~> ret localUpdate () ~> ret get_ext _93 ~> ret remoteUpdate () ~> call remoteUpdate () ~> call set_ext _62 ~> call localUpdate _245 ~> ret localUpdate () ~> call localUpdate _324 ~> ret localUpdate () ~> ret set_ext () ~> call get_ext () ~> call localUpdate _686 ~> ret localUpdate () ~> call localUpdate _825 ~> ret localUpdate () ~> ret get_ext _891 )
#Or
  T ==K ( call remoteUpdate () ~> call set_ext 0 ~> call localUpdate _7 ~> ret localUpdate () ~> ret set_ext () ~> call get_ext () ~> call localUpdate _31 ~> ret localUpdate () ~> call localUpdate _62 ~> ret localUpdate () ~> ret get_ext _93 ~> ret remoteUpdate () ~> call remoteUpdate () ~> call set_ext _62 ~> call localUpdate _245 ~> ret localUpdate () ~> call localUpdate _324 ~> ret localUpdate () ~> ret set_ext () ~> call get_ext () ~> call localUpdate _686 ~> ret localUpdate () ~> ret get_ext _782 )
#Or
  T ==K ( call remoteUpdate () ~> call set_ext 0 ~> call localUpdate _7 ~> ret localUpdate () ~> ret set_ext () ~> call get_ext () ~> call localUpdate _31 ~> ret localUpdate () ~> call localUpdate _62 ~> ret localUpdate () ~> ret get_ext _93 ~> ret remoteUpdate () ~> call remoteUpdate () ~> call set_ext _62 ~> call localUpdate _245 ~> ret localUpdate () ~> call localUpdate _324 ~> ret localUpdate () ~> ret set_ext () ~> call get_ext () ~> ret get_ext _627 )
#Or
  T ==K ( call remoteUpdate () ~> call set_ext 0 ~> call localUpdate _7 ~> ret localUpdate () ~> ret set_ext () ~> call get_ext () ~> call localUpdate _31 ~> ret localUpdate () ~> call localUpdate _62 ~> ret localUpdate () ~> ret get_ext _93 ~> ret remoteUpdate () ~> call remoteUpdate () ~> call set_ext _62 ~> call localUpdate _245 ~> ret localUpdate () ~> ret set_ext () ~> call get_ext () ~> call localUpdate _522 ~> ret localUpdate () ~> call localUpdate _687 ~> ret localUpdate () ~> ret get_ext _783 )
#Or
  T ==K ( call remoteUpdate () ~> call set_ext 0 ~> call localUpdate _7 ~> ret localUpdate () ~> ret set_ext () ~> call get_ext () ~> call localUpdate _31 ~> ret localUpdate () ~> call localUpdate _62 ~> ret localUpdate () ~> ret get_ext _93 ~> ret remoteUpdate () ~> call remoteUpdate () ~> call set_ext _62 ~> call localUpdate _245 ~> ret localUpdate () ~> ret set_ext () ~> call get_ext () ~> call localUpdate _522 ~> ret localUpdate () ~> ret get_ext _628 )
#Or
  T ==K ( call remoteUpdate () ~> call set_ext 0 ~> call localUpdate _7 ~> ret localUpdate () ~> ret set_ext () ~> call get_ext () ~> call localUpdate _31 ~> ret localUpdate () ~> call localUpdate _62 ~> ret localUpdate () ~> ret get_ext _93 ~> ret remoteUpdate () ~> call remoteUpdate () ~> call set_ext _62 ~> call localUpdate _245 ~> ret localUpdate () ~> ret set_ext () ~> call get_ext () ~> ret get_ext _464 )
#Or
  T ==K ( call remoteUpdate () ~> call set_ext 0 ~> call localUpdate _7 ~> ret localUpdate () ~> ret set_ext () ~> call get_ext () ~> call localUpdate _31 ~> ret localUpdate () ~> call localUpdate _62 ~> ret localUpdate () ~> ret get_ext _93 ~> ret remoteUpdate () ~> call remoteUpdate () ~> call set_ext _62 ~> ret set_ext () ~> call get_ext () ~> call localUpdate _374 ~> ret localUpdate () ~> call localUpdate _523 ~> ret localUpdate () ~> ret get_ext _629 )
#Or
  T ==K ( call remoteUpdate () ~> call set_ext 0 ~> call localUpdate _7 ~> ret localUpdate () ~> ret set_ext () ~> call get_ext () ~> call localUpdate _31 ~> ret localUpdate () ~> call localUpdate _62 ~> ret localUpdate () ~> ret get_ext _93 ~> ret remoteUpdate () ~> call remoteUpdate () ~> call set_ext _62 ~> ret set_ext () ~> call get_ext () ~> call localUpdate _374 ~> ret localUpdate () ~> ret get_ext _465 )
#Or
  T ==K ( call remoteUpdate () ~> call set_ext 0 ~> call localUpdate _7 ~> ret localUpdate () ~> ret set_ext () ~> call get_ext () ~> call localUpdate _31 ~> ret localUpdate () ~> call localUpdate _62 ~> ret localUpdate () ~> ret get_ext _93 ~> ret remoteUpdate () ~> call remoteUpdate () ~> call set_ext _62 ~> ret set_ext () ~> call get_ext () ~> ret get_ext _334 )
#Or
  T ==K ( call remoteUpdate () ~> call set_ext 0 ~> call localUpdate _7 ~> ret localUpdate () ~> ret set_ext () ~> call get_ext () ~> call localUpdate _31 ~> ret localUpdate () ~> ret get_ext _53 )
#Or
  T ==K ( call remoteUpdate () ~> call set_ext 0 ~> call localUpdate _7 ~> ret localUpdate () ~> ret set_ext () ~> call get_ext () ~> call localUpdate _31 ~> ret localUpdate () ~> ret get_ext _53 ~> ret remoteUpdate () ~> call remoteUpdate () ~> call set_ext _31 ~> call localUpdate _194 ~> ret localUpdate () ~> call localUpdate _246 ~> ret localUpdate () ~> ret set_ext () ~> call get_ext () ~> call localUpdate _524 ~> ret localUpdate () ~> call localUpdate _688 ~> ret localUpdate () ~> ret get_ext _784 )
#Or
  T ==K ( call remoteUpdate () ~> call set_ext 0 ~> call localUpdate _7 ~> ret localUpdate () ~> ret set_ext () ~> call get_ext () ~> call localUpdate _31 ~> ret localUpdate () ~> ret get_ext _53 ~> ret remoteUpdate () ~> call remoteUpdate () ~> call set_ext _31 ~> call localUpdate _194 ~> ret localUpdate () ~> call localUpdate _246 ~> ret localUpdate () ~> ret set_ext () ~> call get_ext () ~> call localUpdate _524 ~> ret localUpdate () ~> ret get_ext _630 )
#Or
  T ==K ( call remoteUpdate () ~> call set_ext 0 ~> call localUpdate _7 ~> ret localUpdate () ~> ret set_ext () ~> call get_ext () ~> call localUpdate _31 ~> ret localUpdate () ~> ret get_ext _53 ~> ret remoteUpdate () ~> call remoteUpdate () ~> call set_ext _31 ~> call localUpdate _194 ~> ret localUpdate () ~> call localUpdate _246 ~> ret localUpdate () ~> ret set_ext () ~> call get_ext () ~> ret get_ext _466 )
#Or
  T ==K ( call remoteUpdate () ~> call set_ext 0 ~> call localUpdate _7 ~> ret localUpdate () ~> ret set_ext () ~> call get_ext () ~> call localUpdate _31 ~> ret localUpdate () ~> ret get_ext _53 ~> ret remoteUpdate () ~> call remoteUpdate () ~> call set_ext _31 ~> call localUpdate _194 ~> ret localUpdate () ~> ret set_ext () ~> call get_ext () ~> call localUpdate _375 ~> ret localUpdate () ~> call localUpdate _525 ~> ret localUpdate () ~> ret get_ext _631 )
#Or
  T ==K ( call remoteUpdate () ~> call set_ext 0 ~> call localUpdate _7 ~> ret localUpdate () ~> ret set_ext () ~> call get_ext () ~> call localUpdate _31 ~> ret localUpdate () ~> ret get_ext _53 ~> ret remoteUpdate () ~> call remoteUpdate () ~> call set_ext _31 ~> call localUpdate _194 ~> ret localUpdate () ~> ret set_ext () ~> call get_ext () ~> call localUpdate _375 ~> ret localUpdate () ~> ret get_ext _467 )
#Or
  T ==K ( call remoteUpdate () ~> call set_ext 0 ~> call localUpdate _7 ~> ret localUpdate () ~> ret set_ext () ~> call get_ext () ~> call localUpdate _31 ~> ret localUpdate () ~> ret get_ext _53 ~> ret remoteUpdate () ~> call remoteUpdate () ~> call set_ext _31 ~> call localUpdate _194 ~> ret localUpdate () ~> ret set_ext () ~> call get_ext () ~> ret get_ext _335 )
#Or
  T ==K ( call remoteUpdate () ~> call set_ext 0 ~> call localUpdate _7 ~> ret localUpdate () ~> ret set_ext () ~> call get_ext () ~> call localUpdate _31 ~> ret localUpdate () ~> ret get_ext _53 ~> ret remoteUpdate () ~> call remoteUpdate () ~> call set_ext _31 ~> ret set_ext () ~> call get_ext () ~> call localUpdate _271 ~> ret localUpdate () ~> call localUpdate _376 ~> ret localUpdate () ~> ret get_ext _468 )
#Or
  T ==K ( call remoteUpdate () ~> call set_ext 0 ~> call localUpdate _7 ~> ret localUpdate () ~> ret set_ext () ~> call get_ext () ~> call localUpdate _31 ~> ret localUpdate () ~> ret get_ext _53 ~> ret remoteUpdate () ~> call remoteUpdate () ~> call set_ext _31 ~> ret set_ext () ~> call get_ext () ~> call localUpdate _271 ~> ret localUpdate () ~> ret get_ext _336 )
#Or
  T ==K ( call remoteUpdate () ~> call set_ext 0 ~> call localUpdate _7 ~> ret localUpdate () ~> ret set_ext () ~> call get_ext () ~> call localUpdate _31 ~> ret localUpdate () ~> ret get_ext _53 ~> ret remoteUpdate () ~> call remoteUpdate () ~> call set_ext _31 ~> ret set_ext () ~> call get_ext () ~> ret get_ext _253 )
#Or
  T ==K ( call remoteUpdate () ~> call set_ext 0 ~> call localUpdate _7 ~> ret localUpdate () ~> ret set_ext () ~> call get_ext () ~> ret get_ext _26 )
#Or
  T ==K ( call remoteUpdate () ~> call set_ext 0 ~> call localUpdate _7 ~> ret localUpdate () ~> ret set_ext () ~> call get_ext () ~> ret get_ext _26 ~> ret remoteUpdate () ~> call remoteUpdate () ~> call set_ext _7 ~> call localUpdate _151 ~> ret localUpdate () ~> call localUpdate _195 ~> ret localUpdate () ~> ret set_ext () ~> call get_ext () ~> call localUpdate _377 ~> ret localUpdate () ~> call localUpdate _526 ~> ret localUpdate () ~> ret get_ext _632 )
#Or
  T ==K ( call remoteUpdate () ~> call set_ext 0 ~> call localUpdate _7 ~> ret localUpdate () ~> ret set_ext () ~> call get_ext () ~> ret get_ext _26 ~> ret remoteUpdate () ~> call remoteUpdate () ~> call set_ext _7 ~> call localUpdate _151 ~> ret localUpdate () ~> call localUpdate _195 ~> ret localUpdate () ~> ret set_ext () ~> call get_ext () ~> call localUpdate _377 ~> ret localUpdate () ~> ret get_ext _469 )
#Or
  T ==K ( call remoteUpdate () ~> call set_ext 0 ~> call localUpdate _7 ~> ret localUpdate () ~> ret set_ext () ~> call get_ext () ~> ret get_ext _26 ~> ret remoteUpdate () ~> call remoteUpdate () ~> call set_ext _7 ~> call localUpdate _151 ~> ret localUpdate () ~> call localUpdate _195 ~> ret localUpdate () ~> ret set_ext () ~> call get_ext () ~> ret get_ext _337 )
#Or
  T ==K ( call remoteUpdate () ~> call set_ext 0 ~> call localUpdate _7 ~> ret localUpdate () ~> ret set_ext () ~> call get_ext () ~> ret get_ext _26 ~> ret remoteUpdate () ~> call remoteUpdate () ~> call set_ext _7 ~> call localUpdate _151 ~> ret localUpdate () ~> ret set_ext () ~> call get_ext () ~> call localUpdate _272 ~> ret localUpdate () ~> call localUpdate _378 ~> ret localUpdate () ~> ret get_ext _470 )
#Or
  T ==K ( call remoteUpdate () ~> call set_ext 0 ~> call localUpdate _7 ~> ret localUpdate () ~> ret set_ext () ~> call get_ext () ~> ret get_ext _26 ~> ret remoteUpdate () ~> call remoteUpdate () ~> call set_ext _7 ~> call localUpdate _151 ~> ret localUpdate () ~> ret set_ext () ~> call get_ext () ~> call localUpdate _272 ~> ret localUpdate () ~> ret get_ext _338 )
#Or
  T ==K ( call remoteUpdate () ~> call set_ext 0 ~> call localUpdate _7 ~> ret localUpdate () ~> ret set_ext () ~> call get_ext () ~> ret get_ext _26 ~> ret remoteUpdate () ~> call remoteUpdate () ~> call set_ext _7 ~> call localUpdate _151 ~> ret localUpdate () ~> ret set_ext () ~> call get_ext () ~> ret get_ext _254 )
#Or
  T ==K ( call remoteUpdate () ~> call set_ext 0 ~> call localUpdate _7 ~> ret localUpdate () ~> ret set_ext () ~> call get_ext () ~> ret get_ext _26 ~> ret remoteUpdate () ~> call remoteUpdate () ~> call set_ext _7 ~> ret set_ext () ~> call get_ext () ~> call localUpdate _208 ~> ret localUpdate () ~> call localUpdate _273 ~> ret localUpdate () ~> ret get_ext _339 )
#Or
  T ==K ( call remoteUpdate () ~> call set_ext 0 ~> call localUpdate _7 ~> ret localUpdate () ~> ret set_ext () ~> call get_ext () ~> ret get_ext _26 ~> ret remoteUpdate () ~> call remoteUpdate () ~> call set_ext _7 ~> ret set_ext () ~> call get_ext () ~> call localUpdate _208 ~> ret localUpdate () ~> ret get_ext _255 )
#Or
  T ==K ( call remoteUpdate () ~> call set_ext 0 ~> call localUpdate _7 ~> ret localUpdate () ~> ret set_ext () ~> call get_ext () ~> ret get_ext _26 ~> ret remoteUpdate () ~> call remoteUpdate () ~> call set_ext _7 ~> ret set_ext () ~> call get_ext () ~> ret get_ext _202 )
#Or
  T ==K ( call remoteUpdate () ~> call set_ext 0 ~> ret set_ext () ~> call get_ext () ~> call localUpdate _16 ~> ret localUpdate () ~> call localUpdate _32 ~> ret localUpdate () ~> ret get_ext _54 )
#Or
  T ==K ( call remoteUpdate () ~> call set_ext 0 ~> ret set_ext () ~> call get_ext () ~> call localUpdate _16 ~> ret localUpdate () ~> call localUpdate _32 ~> ret localUpdate () ~> ret get_ext _54 ~> ret remoteUpdate () ~> call remoteUpdate () ~> call set_ext _32 ~> call localUpdate _196 ~> ret localUpdate () ~> call localUpdate _247 ~> ret localUpdate () ~> ret set_ext () ~> call get_ext () ~> call localUpdate _527 ~> ret localUpdate () ~> call localUpdate _689 ~> ret localUpdate () ~> ret get_ext _785 )
#Or
  T ==K ( call remoteUpdate () ~> call set_ext 0 ~> ret set_ext () ~> call get_ext () ~> call localUpdate _16 ~> ret localUpdate () ~> call localUpdate _32 ~> ret localUpdate () ~> ret get_ext _54 ~> ret remoteUpdate () ~> call remoteUpdate () ~> call set_ext _32 ~> call localUpdate _196 ~> ret localUpdate () ~> call localUpdate _247 ~> ret localUpdate () ~> ret set_ext () ~> call get_ext () ~> call localUpdate _527 ~> ret localUpdate () ~> ret get_ext _633 )
#Or
  T ==K ( call remoteUpdate () ~> call set_ext 0 ~> ret set_ext () ~> call get_ext () ~> call localUpdate _16 ~> ret localUpdate () ~> call localUpdate _32 ~> ret localUpdate () ~> ret get_ext _54 ~> ret remoteUpdate () ~> call remoteUpdate () ~> call set_ext _32 ~> call localUpdate _196 ~> ret localUpdate () ~> call localUpdate _247 ~> ret localUpdate () ~> ret set_ext () ~> call get_ext () ~> ret get_ext _471 )
#Or
  T ==K ( call remoteUpdate () ~> call set_ext 0 ~> ret set_ext () ~> call get_ext () ~> call localUpdate _16 ~> ret localUpdate () ~> call localUpdate _32 ~> ret localUpdate () ~> ret get_ext _54 ~> ret remoteUpdate () ~> call remoteUpdate () ~> call set_ext _32 ~> call localUpdate _196 ~> ret localUpdate () ~> ret set_ext () ~> call get_ext () ~> call localUpdate _379 ~> ret localUpdate () ~> call localUpdate _528 ~> ret localUpdate () ~> ret get_ext _634 )
#Or
  T ==K ( call remoteUpdate () ~> call set_ext 0 ~> ret set_ext () ~> call get_ext () ~> call localUpdate _16 ~> ret localUpdate () ~> call localUpdate _32 ~> ret localUpdate () ~> ret get_ext _54 ~> ret remoteUpdate () ~> call remoteUpdate () ~> call set_ext _32 ~> call localUpdate _196 ~> ret localUpdate () ~> ret set_ext () ~> call get_ext () ~> call localUpdate _379 ~> ret localUpdate () ~> ret get_ext _472 )
#Or
  T ==K ( call remoteUpdate () ~> call set_ext 0 ~> ret set_ext () ~> call get_ext () ~> call localUpdate _16 ~> ret localUpdate () ~> call localUpdate _32 ~> ret localUpdate () ~> ret get_ext _54 ~> ret remoteUpdate () ~> call remoteUpdate () ~> call set_ext _32 ~> call localUpdate _196 ~> ret localUpdate () ~> ret set_ext () ~> call get_ext () ~> ret get_ext _340 )
#Or
  T ==K ( call remoteUpdate () ~> call set_ext 0 ~> ret set_ext () ~> call get_ext () ~> call localUpdate _16 ~> ret localUpdate () ~> call localUpdate _32 ~> ret localUpdate () ~> ret get_ext _54 ~> ret remoteUpdate () ~> call remoteUpdate () ~> call set_ext _32 ~> ret set_ext () ~> call get_ext () ~> call localUpdate _274 ~> ret localUpdate () ~> call localUpdate _380 ~> ret localUpdate () ~> ret get_ext _473 )
#Or
  T ==K ( call remoteUpdate () ~> call set_ext 0 ~> ret set_ext () ~> call get_ext () ~> call localUpdate _16 ~> ret localUpdate () ~> call localUpdate _32 ~> ret localUpdate () ~> ret get_ext _54 ~> ret remoteUpdate () ~> call remoteUpdate () ~> call set_ext _32 ~> ret set_ext () ~> call get_ext () ~> call localUpdate _274 ~> ret localUpdate () ~> ret get_ext _341 )
#Or
  T ==K ( call remoteUpdate () ~> call set_ext 0 ~> ret set_ext () ~> call get_ext () ~> call localUpdate _16 ~> ret localUpdate () ~> call localUpdate _32 ~> ret localUpdate () ~> ret get_ext _54 ~> ret remoteUpdate () ~> call remoteUpdate () ~> call set_ext _32 ~> ret set_ext () ~> call get_ext () ~> ret get_ext _256 )
#Or
  T ==K ( call remoteUpdate () ~> call set_ext 0 ~> ret set_ext () ~> call get_ext () ~> call localUpdate _16 ~> ret localUpdate () ~> ret get_ext _27 )
#Or
  T ==K ( call remoteUpdate () ~> call set_ext 0 ~> ret set_ext () ~> call get_ext () ~> call localUpdate _16 ~> ret localUpdate () ~> ret get_ext _27 ~> ret remoteUpdate () ~> call remoteUpdate () ~> call set_ext _16 ~> call localUpdate _152 ~> ret localUpdate () ~> call localUpdate _197 ~> ret localUpdate () ~> ret set_ext () ~> call get_ext () ~> call localUpdate _381 ~> ret localUpdate () ~> call localUpdate _529 ~> ret localUpdate () ~> ret get_ext _635 )
#Or
  T ==K ( call remoteUpdate () ~> call set_ext 0 ~> ret set_ext () ~> call get_ext () ~> call localUpdate _16 ~> ret localUpdate () ~> ret get_ext _27 ~> ret remoteUpdate () ~> call remoteUpdate () ~> call set_ext _16 ~> call localUpdate _152 ~> ret localUpdate () ~> call localUpdate _197 ~> ret localUpdate () ~> ret set_ext () ~> call get_ext () ~> call localUpdate _381 ~> ret localUpdate () ~> ret get_ext _474 )
#Or
  T ==K ( call remoteUpdate () ~> call set_ext 0 ~> ret set_ext () ~> call get_ext () ~> call localUpdate _16 ~> ret localUpdate () ~> ret get_ext _27 ~> ret remoteUpdate () ~> call remoteUpdate () ~> call set_ext _16 ~> call localUpdate _152 ~> ret localUpdate () ~> call localUpdate _197 ~> ret localUpdate () ~> ret set_ext () ~> call get_ext () ~> ret get_ext _342 )
#Or
  T ==K ( call remoteUpdate () ~> call set_ext 0 ~> ret set_ext () ~> call get_ext () ~> call localUpdate _16 ~> ret localUpdate () ~> ret get_ext _27 ~> ret remoteUpdate () ~> call remoteUpdate () ~> call set_ext _16 ~> call localUpdate _152 ~> ret localUpdate () ~> ret set_ext () ~> call get_ext () ~> call localUpdate _275 ~> ret localUpdate () ~> call localUpdate _382 ~> ret localUpdate () ~> ret get_ext _475 )
#Or
  T ==K ( call remoteUpdate () ~> call set_ext 0 ~> ret set_ext () ~> call get_ext () ~> call localUpdate _16 ~> ret localUpdate () ~> ret get_ext _27 ~> ret remoteUpdate () ~> call remoteUpdate () ~> call set_ext _16 ~> call localUpdate _152 ~> ret localUpdate () ~> ret set_ext () ~> call get_ext () ~> call localUpdate _275 ~> ret localUpdate () ~> ret get_ext _343 )
#Or
  T ==K ( call remoteUpdate () ~> call set_ext 0 ~> ret set_ext () ~> call get_ext () ~> call localUpdate _16 ~> ret localUpdate () ~> ret get_ext _27 ~> ret remoteUpdate () ~> call remoteUpdate () ~> call set_ext _16 ~> call localUpdate _152 ~> ret localUpdate () ~> ret set_ext () ~> call get_ext () ~> ret get_ext _257 )
#Or
  T ==K ( call remoteUpdate () ~> call set_ext 0 ~> ret set_ext () ~> call get_ext () ~> call localUpdate _16 ~> ret localUpdate () ~> ret get_ext _27 ~> ret remoteUpdate () ~> call remoteUpdate () ~> call set_ext _16 ~> ret set_ext () ~> call get_ext () ~> call localUpdate _209 ~> ret localUpdate () ~> call localUpdate _276 ~> ret localUpdate () ~> ret get_ext _344 )
#Or
  T ==K ( call remoteUpdate () ~> call set_ext 0 ~> ret set_ext () ~> call get_ext () ~> call localUpdate _16 ~> ret localUpdate () ~> ret get_ext _27 ~> ret remoteUpdate () ~> call remoteUpdate () ~> call set_ext _16 ~> ret set_ext () ~> call get_ext () ~> call localUpdate _209 ~> ret localUpdate () ~> ret get_ext _258 )
#Or
  T ==K ( call remoteUpdate () ~> call set_ext 0 ~> ret set_ext () ~> call get_ext () ~> call localUpdate _16 ~> ret localUpdate () ~> ret get_ext _27 ~> ret remoteUpdate () ~> call remoteUpdate () ~> call set_ext _16 ~> ret set_ext () ~> call get_ext () ~> ret get_ext _203 )
#Or
  T ==K ( call remoteUpdate () ~> call set_ext 0 ~> ret set_ext () ~> call get_ext () ~> ret get_ext _14 )
#Or
  T ==K ( call remoteUpdate () ~> call set_ext 0 ~> ret set_ext () ~> call get_ext () ~> ret get_ext _14 ~> ret remoteUpdate () ~> call remoteUpdate () ~> call set_ext 0 ~> call localUpdate _108 ~> ret localUpdate () ~> call localUpdate _157 ~> ret localUpdate () ~> ret set_ext () ~> call get_ext () ~> call localUpdate _288 ~> ret localUpdate () ~> call localUpdate _403 ~> ret localUpdate () ~> ret get_ext _530 )
#Or
  T ==K ( call remoteUpdate () ~> call set_ext 0 ~> ret set_ext () ~> call get_ext () ~> ret get_ext _14 ~> ret remoteUpdate () ~> call remoteUpdate () ~> call set_ext 0 ~> call localUpdate _108 ~> ret localUpdate () ~> call localUpdate _157 ~> ret localUpdate () ~> ret set_ext () ~> call get_ext () ~> call localUpdate _288 ~> ret localUpdate () ~> ret get_ext _383 )
#Or
  T ==K ( call remoteUpdate () ~> call set_ext 0 ~> ret set_ext () ~> call get_ext () ~> ret get_ext _14 ~> ret remoteUpdate () ~> call remoteUpdate () ~> call set_ext 0 ~> call localUpdate _108 ~> ret localUpdate () ~> call localUpdate _157 ~> ret localUpdate () ~> ret set_ext () ~> call get_ext () ~> ret get_ext _277 )
#Or
  T ==K ( call remoteUpdate () ~> call set_ext 0 ~> ret set_ext () ~> call get_ext () ~> ret get_ext _14 ~> ret remoteUpdate () ~> call remoteUpdate () ~> call set_ext 0 ~> call localUpdate _108 ~> ret localUpdate () ~> ret set_ext () ~> call get_ext () ~> call localUpdate _216 ~> ret localUpdate () ~> call localUpdate _289 ~> ret localUpdate () ~> ret get_ext _384 )
#Or
  T ==K ( call remoteUpdate () ~> call set_ext 0 ~> ret set_ext () ~> call get_ext () ~> ret get_ext _14 ~> ret remoteUpdate () ~> call remoteUpdate () ~> call set_ext 0 ~> call localUpdate _108 ~> ret localUpdate () ~> ret set_ext () ~> call get_ext () ~> call localUpdate _216 ~> ret localUpdate () ~> ret get_ext _278 )
#Or
  T ==K ( call remoteUpdate () ~> call set_ext 0 ~> ret set_ext () ~> call get_ext () ~> ret get_ext _14 ~> ret remoteUpdate () ~> call remoteUpdate () ~> call set_ext 0 ~> call localUpdate _108 ~> ret localUpdate () ~> ret set_ext () ~> call get_ext () ~> ret get_ext _211 )
#Or
  T ==K ( call remoteUpdate () ~> call set_ext 0 ~> ret set_ext () ~> call get_ext () ~> ret get_ext _14 ~> ret remoteUpdate () ~> call remoteUpdate () ~> call set_ext 0 ~> ret set_ext () ~> call get_ext () ~> call localUpdate _167 ~> ret localUpdate () ~> call localUpdate _217 ~> ret localUpdate () ~> ret get_ext _279 )
#Or
  T ==K ( call remoteUpdate () ~> call set_ext 0 ~> ret set_ext () ~> call get_ext () ~> ret get_ext _14 ~> ret remoteUpdate () ~> call remoteUpdate () ~> call set_ext 0 ~> ret set_ext () ~> call get_ext () ~> call localUpdate _167 ~> ret localUpdate () ~> ret get_ext _212 )
#Or
  T ==K ( call remoteUpdate () ~> call set_ext 0 ~> ret set_ext () ~> call get_ext () ~> ret get_ext _14 ~> ret remoteUpdate () ~> call remoteUpdate () ~> call set_ext 0 ~> ret set_ext () ~> call get_ext () ~> ret get_ext _164 )

real	0m12.305s
user	0m30.607s
sys	0m1.767s
