  T ==K ( call updateLocal _1 ~> ret updateLocal () ~> call updateRemote () ~> call get_ext () ~> call updateLocal _12 ~> ret updateLocal () ~> call updateRemote () ~> call get_ext () ~> ret get_ext _58 ~> ret updateRemote () ~> ret get_ext _152 )
#Or
  T ==K ( call updateRemote () ~> call get_ext () ~> call updateLocal _6 ~> ret updateLocal () ~> call updateLocal _11 ~> ret updateLocal () ~> ret get_ext _22 ~> ret updateRemote () ~> call updateRemote () ~> call get_ext () ~> call updateLocal _154 ~> ret updateLocal () ~> call updateRemote () ~> call get_ext () ~> ret get_ext _348 ~> ret updateRemote () ~> ret get_ext _696 )
#Or
  T ==K ( call updateRemote () ~> call get_ext () ~> call updateLocal _6 ~> ret updateLocal () ~> call updateRemote () ~> call get_ext () ~> ret get_ext _37 ~> ret updateRemote () ~> ret get_ext _92 )
#Or
  T ==K ( call updateRemote () ~> call get_ext () ~> call updateLocal _6 ~> ret updateLocal () ~> call updateRemote () ~> call get_ext () ~> ret get_ext _37 ~> ret updateRemote () ~> ret get_ext _92 ~> ret updateRemote () ~> call updateRemote () ~> call get_ext () ~> call updateLocal _397 ~> ret updateLocal () ~> call updateRemote () ~> call get_ext () ~> ret get_ext _789 ~> ret updateRemote () ~> ret get_ext _1208 )
#Or
  T ==K ( call updateRemote () ~> call get_ext () ~> call updateLocal _6 ~> ret updateLocal () ~> ret get_ext _9 ~> ret updateRemote () ~> call updateRemote () ~> call get_ext () ~> call updateLocal _100 ~> ret updateLocal () ~> call updateRemote () ~> call get_ext () ~> ret get_ext _274 ~> ret updateRemote () ~> ret get_ext _530 )
#Or
  T ==K ( call updateRemote () ~> call get_ext () ~> call updateRemote () ~> call get_ext () ~> ret get_ext _19 ~> ret updateRemote () ~> call updateLocal _66 ~> ret updateLocal () ~> ret get_ext _90 ~> ret updateRemote () ~> call updateRemote () ~> call get_ext () ~> call updateLocal _392 ~> ret updateLocal () ~> call updateRemote () ~> call get_ext () ~> ret get_ext _786 ~> ret updateRemote () ~> ret get_ext _1199 )
#Or
  T ==K ( call updateRemote () ~> call get_ext () ~> call updateRemote () ~> call get_ext () ~> ret get_ext _19 ~> ret updateRemote () ~> call updateRemote () ~> call get_ext () ~> ret get_ext _132 ~> ret updateRemote () ~> ret get_ext _295 ~> ret updateRemote () ~> call updateRemote () ~> call get_ext () ~> call updateLocal _856 ~> ret updateLocal () ~> call updateRemote () ~> call get_ext () ~> ret get_ext _1358 ~> ret updateRemote () ~> ret get_ext _1616 )
#Or
  T ==K ( call updateRemote () ~> call get_ext () ~> call updateRemote () ~> call get_ext () ~> ret get_ext _19 ~> ret updateRemote () ~> ret get_ext _62 ~> ret updateRemote () ~> call updateRemote () ~> call get_ext () ~> call updateLocal _303 ~> ret updateLocal () ~> call updateRemote () ~> call get_ext () ~> ret get_ext _644 ~> ret updateRemote () ~> ret get_ext _987 )
#Or
  T ==K ( call updateRemote () ~> call get_ext () ~> ret get_ext _5 ~> ret updateRemote () ~> call updateRemote () ~> call get_ext () ~> call updateLocal _68 ~> ret updateLocal () ~> call updateRemote () ~> call get_ext () ~> ret get_ext _201 ~> ret updateRemote () ~> ret get_ext _385 )

real	0m19.888s
user	0m36.701s
sys	0m2.832s
