  T ==K ( call reserve _1 ~> call send_confirmation () ~> call reserve _5 ~> call send_confirmation () ~> ret send_confirmation () ~> ret reserve () ~> call reserve _49 ~> call send_confirmation () ~> ret send_confirmation () ~> ret reserve () ~> ret send_confirmation () )
#Or
  T ==K ( call reserve _1 ~> call send_confirmation () ~> call reserve _5 ~> call send_confirmation () ~> ret send_confirmation () ~> ret reserve () ~> call reserve _49 ~> call send_confirmation () ~> ret send_confirmation () ~> ret reserve () ~> ret send_confirmation () ~> ret reserve () ~> call reserve _277 ~> call send_confirmation () ~> call reserve _357 ~> call send_confirmation () ~> ret send_confirmation () ~> ret reserve () ~> call reserve _533 ~> call send_confirmation () ~> ret send_confirmation () ~> ret reserve () ~> ret send_confirmation () )
#Or
  T ==K ( call reserve _1 ~> call send_confirmation () ~> call reserve _5 ~> call send_confirmation () ~> ret send_confirmation () ~> ret reserve () ~> call reserve _49 ~> call send_confirmation () ~> ret send_confirmation () ~> ret reserve () ~> ret send_confirmation () ~> ret reserve () ~> call reserve _277 ~> call send_confirmation () ~> call reserve _357 ~> call send_confirmation () ~> ret send_confirmation () ~> ret reserve () ~> call reserve _533 ~> ret reserve () ~> ret send_confirmation () )
#Or
  T ==K ( call reserve _1 ~> call send_confirmation () ~> call reserve _5 ~> call send_confirmation () ~> ret send_confirmation () ~> ret reserve () ~> call reserve _49 ~> call send_confirmation () ~> ret send_confirmation () ~> ret reserve () ~> ret send_confirmation () ~> ret reserve () ~> call reserve _277 ~> call send_confirmation () ~> call reserve _357 ~> call send_confirmation () ~> ret send_confirmation () ~> ret reserve () ~> ret send_confirmation () )
#Or
  T ==K ( call reserve _1 ~> call send_confirmation () ~> call reserve _5 ~> call send_confirmation () ~> ret send_confirmation () ~> ret reserve () ~> call reserve _49 ~> call send_confirmation () ~> ret send_confirmation () ~> ret reserve () ~> ret send_confirmation () ~> ret reserve () ~> call reserve _277 ~> call send_confirmation () ~> call reserve _357 ~> ret reserve () ~> call reserve _449 ~> call send_confirmation () ~> ret send_confirmation () ~> ret reserve () ~> ret send_confirmation () )
#Or
  T ==K ( call reserve _1 ~> call send_confirmation () ~> call reserve _5 ~> call send_confirmation () ~> ret send_confirmation () ~> ret reserve () ~> call reserve _49 ~> ret reserve () ~> ret send_confirmation () )
#Or
  T ==K ( call reserve _1 ~> call send_confirmation () ~> call reserve _5 ~> call send_confirmation () ~> ret send_confirmation () ~> ret reserve () ~> call reserve _49 ~> ret reserve () ~> ret send_confirmation () ~> ret reserve () ~> call reserve _181 ~> call send_confirmation () ~> call reserve _253 ~> call send_confirmation () ~> ret send_confirmation () ~> ret reserve () ~> call reserve _448 ~> call send_confirmation () ~> ret send_confirmation () ~> ret reserve () ~> ret send_confirmation () )
#Or
  T ==K ( call reserve _1 ~> call send_confirmation () ~> call reserve _5 ~> call send_confirmation () ~> ret send_confirmation () ~> ret reserve () ~> call reserve _49 ~> ret reserve () ~> ret send_confirmation () ~> ret reserve () ~> call reserve _181 ~> call send_confirmation () ~> call reserve _253 ~> call send_confirmation () ~> ret send_confirmation () ~> ret reserve () ~> call reserve _448 ~> ret reserve () ~> ret send_confirmation () )
#Or
  T ==K ( call reserve _1 ~> call send_confirmation () ~> call reserve _5 ~> call send_confirmation () ~> ret send_confirmation () ~> ret reserve () ~> call reserve _49 ~> ret reserve () ~> ret send_confirmation () ~> ret reserve () ~> call reserve _181 ~> call send_confirmation () ~> call reserve _253 ~> call send_confirmation () ~> ret send_confirmation () ~> ret reserve () ~> ret send_confirmation () )
#Or
  T ==K ( call reserve _1 ~> call send_confirmation () ~> call reserve _5 ~> call send_confirmation () ~> ret send_confirmation () ~> ret reserve () ~> call reserve _49 ~> ret reserve () ~> ret send_confirmation () ~> ret reserve () ~> call reserve _181 ~> call send_confirmation () ~> call reserve _253 ~> ret reserve () ~> call reserve _342 ~> call send_confirmation () ~> ret send_confirmation () ~> ret reserve () ~> ret send_confirmation () )
#Or
  T ==K ( call reserve _1 ~> call send_confirmation () ~> call reserve _5 ~> call send_confirmation () ~> ret send_confirmation () ~> ret reserve () ~> ret send_confirmation () )
#Or
  T ==K ( call reserve _1 ~> call send_confirmation () ~> call reserve _5 ~> call send_confirmation () ~> ret send_confirmation () ~> ret reserve () ~> ret send_confirmation () ~> ret reserve () ~> call reserve _114 ~> call send_confirmation () ~> call reserve _168 ~> call send_confirmation () ~> ret send_confirmation () ~> ret reserve () ~> call reserve _360 ~> call send_confirmation () ~> ret send_confirmation () ~> ret reserve () ~> ret send_confirmation () )
#Or
  T ==K ( call reserve _1 ~> call send_confirmation () ~> call reserve _5 ~> call send_confirmation () ~> ret send_confirmation () ~> ret reserve () ~> ret send_confirmation () ~> ret reserve () ~> call reserve _114 ~> call send_confirmation () ~> call reserve _168 ~> call send_confirmation () ~> ret send_confirmation () ~> ret reserve () ~> call reserve _360 ~> ret reserve () ~> ret send_confirmation () )
#Or
  T ==K ( call reserve _1 ~> call send_confirmation () ~> call reserve _5 ~> call send_confirmation () ~> ret send_confirmation () ~> ret reserve () ~> ret send_confirmation () ~> ret reserve () ~> call reserve _114 ~> call send_confirmation () ~> call reserve _168 ~> call send_confirmation () ~> ret send_confirmation () ~> ret reserve () ~> ret send_confirmation () )
#Or
  T ==K ( call reserve _1 ~> call send_confirmation () ~> call reserve _5 ~> call send_confirmation () ~> ret send_confirmation () ~> ret reserve () ~> ret send_confirmation () ~> ret reserve () ~> call reserve _114 ~> call send_confirmation () ~> call reserve _168 ~> ret reserve () ~> call reserve _254 ~> call send_confirmation () ~> ret send_confirmation () ~> ret reserve () ~> ret send_confirmation () )
#Or
  T ==K ( call reserve _1 ~> call send_confirmation () ~> call reserve _5 ~> ret reserve () ~> call reserve _19 ~> call send_confirmation () ~> ret send_confirmation () ~> ret reserve () ~> ret send_confirmation () )
#Or
  T ==K ( call reserve _1 ~> call send_confirmation () ~> call reserve _5 ~> ret reserve () ~> call reserve _19 ~> call send_confirmation () ~> ret send_confirmation () ~> ret reserve () ~> ret send_confirmation () ~> ret reserve () ~> call reserve _178 ~> call send_confirmation () ~> call reserve _249 ~> call send_confirmation () ~> ret send_confirmation () ~> ret reserve () ~> call reserve _445 ~> call send_confirmation () ~> ret send_confirmation () ~> ret reserve () ~> ret send_confirmation () )
#Or
  T ==K ( call reserve _1 ~> call send_confirmation () ~> call reserve _5 ~> ret reserve () ~> call reserve _19 ~> call send_confirmation () ~> ret send_confirmation () ~> ret reserve () ~> ret send_confirmation () ~> ret reserve () ~> call reserve _178 ~> call send_confirmation () ~> call reserve _249 ~> call send_confirmation () ~> ret send_confirmation () ~> ret reserve () ~> call reserve _445 ~> ret reserve () ~> ret send_confirmation () )
#Or
  T ==K ( call reserve _1 ~> call send_confirmation () ~> call reserve _5 ~> ret reserve () ~> call reserve _19 ~> call send_confirmation () ~> ret send_confirmation () ~> ret reserve () ~> ret send_confirmation () ~> ret reserve () ~> call reserve _178 ~> call send_confirmation () ~> call reserve _249 ~> call send_confirmation () ~> ret send_confirmation () ~> ret reserve () ~> ret send_confirmation () )
#Or
  T ==K ( call reserve _1 ~> call send_confirmation () ~> call reserve _5 ~> ret reserve () ~> call reserve _19 ~> call send_confirmation () ~> ret send_confirmation () ~> ret reserve () ~> ret send_confirmation () ~> ret reserve () ~> call reserve _178 ~> call send_confirmation () ~> call reserve _249 ~> ret reserve () ~> call reserve _341 ~> call send_confirmation () ~> ret send_confirmation () ~> ret reserve () ~> ret send_confirmation () )
#Or
  T ==K ( call reserve _1 ~> call send_confirmation () ~> call reserve _5 ~> ret reserve () ~> call reserve _19 ~> ret reserve () ~> ret send_confirmation () ~> ret reserve () ~> call reserve _97 ~> call send_confirmation () ~> call reserve _157 ~> call send_confirmation () ~> ret send_confirmation () ~> ret reserve () ~> call reserve _340 ~> call send_confirmation () ~> ret send_confirmation () ~> ret reserve () ~> ret send_confirmation () )
#Or
  T ==K ( call reserve _1 ~> call send_confirmation () ~> call reserve _5 ~> ret reserve () ~> call reserve _19 ~> ret reserve () ~> ret send_confirmation () ~> ret reserve () ~> call reserve _97 ~> call send_confirmation () ~> call reserve _157 ~> call send_confirmation () ~> ret send_confirmation () ~> ret reserve () ~> call reserve _340 ~> ret reserve () ~> ret send_confirmation () )
#Or
  T ==K ( call reserve _1 ~> call send_confirmation () ~> call reserve _5 ~> ret reserve () ~> call reserve _19 ~> ret reserve () ~> ret send_confirmation () ~> ret reserve () ~> call reserve _97 ~> call send_confirmation () ~> call reserve _157 ~> call send_confirmation () ~> ret send_confirmation () ~> ret reserve () ~> ret send_confirmation () )
#Or
  T ==K ( call reserve _1 ~> call send_confirmation () ~> call reserve _5 ~> ret reserve () ~> call reserve _19 ~> ret reserve () ~> ret send_confirmation () ~> ret reserve () ~> call reserve _97 ~> call send_confirmation () ~> call reserve _157 ~> ret reserve () ~> call reserve _228 ~> call send_confirmation () ~> ret send_confirmation () ~> ret reserve () ~> ret send_confirmation () )
#Or
  T ==K ( call reserve _1 ~> call send_confirmation () ~> call reserve _5 ~> ret reserve () ~> ret send_confirmation () ~> ret reserve () ~> call reserve _53 ~> call send_confirmation () ~> call reserve _94 ~> call send_confirmation () ~> ret send_confirmation () ~> ret reserve () ~> call reserve _252 ~> call send_confirmation () ~> ret send_confirmation () ~> ret reserve () ~> ret send_confirmation () )
#Or
  T ==K ( call reserve _1 ~> call send_confirmation () ~> call reserve _5 ~> ret reserve () ~> ret send_confirmation () ~> ret reserve () ~> call reserve _53 ~> call send_confirmation () ~> call reserve _94 ~> call send_confirmation () ~> ret send_confirmation () ~> ret reserve () ~> call reserve _252 ~> ret reserve () ~> ret send_confirmation () )
#Or
  T ==K ( call reserve _1 ~> call send_confirmation () ~> call reserve _5 ~> ret reserve () ~> ret send_confirmation () ~> ret reserve () ~> call reserve _53 ~> call send_confirmation () ~> call reserve _94 ~> call send_confirmation () ~> ret send_confirmation () ~> ret reserve () ~> ret send_confirmation () )
#Or
  T ==K ( call reserve _1 ~> call send_confirmation () ~> call reserve _5 ~> ret reserve () ~> ret send_confirmation () ~> ret reserve () ~> call reserve _53 ~> call send_confirmation () ~> call reserve _94 ~> ret reserve () ~> call reserve _158 ~> call send_confirmation () ~> ret send_confirmation () ~> ret reserve () ~> ret send_confirmation () )
#Or
  T ==K ( call reserve _1 ~> call send_confirmation () ~> ret send_confirmation () ~> ret reserve () ~> call reserve _25 ~> call send_confirmation () ~> call reserve _50 ~> call send_confirmation () ~> ret send_confirmation () ~> ret reserve () ~> call reserve _171 ~> call send_confirmation () ~> ret send_confirmation () ~> ret reserve () ~> ret send_confirmation () )
#Or
  T ==K ( call reserve _1 ~> call send_confirmation () ~> ret send_confirmation () ~> ret reserve () ~> call reserve _25 ~> call send_confirmation () ~> call reserve _50 ~> call send_confirmation () ~> ret send_confirmation () ~> ret reserve () ~> call reserve _171 ~> ret reserve () ~> ret send_confirmation () )
#Or
  T ==K ( call reserve _1 ~> call send_confirmation () ~> ret send_confirmation () ~> ret reserve () ~> call reserve _25 ~> call send_confirmation () ~> call reserve _50 ~> call send_confirmation () ~> ret send_confirmation () ~> ret reserve () ~> ret send_confirmation () )
#Or
  T ==K ( call reserve _1 ~> call send_confirmation () ~> ret send_confirmation () ~> ret reserve () ~> call reserve _25 ~> call send_confirmation () ~> call reserve _50 ~> ret reserve () ~> call reserve _95 ~> call send_confirmation () ~> ret send_confirmation () ~> ret reserve () ~> ret send_confirmation () )
#Or
  T ==K ( call reserve _1 ~> ret reserve () ~> call reserve _6 ~> call send_confirmation () ~> call reserve _18 ~> call send_confirmation () ~> ret send_confirmation () ~> ret reserve () ~> call reserve _93 ~> call send_confirmation () ~> ret send_confirmation () ~> ret reserve () ~> ret send_confirmation () )
#Or
  T ==K ( call reserve _1 ~> ret reserve () ~> call reserve _6 ~> call send_confirmation () ~> call reserve _18 ~> call send_confirmation () ~> ret send_confirmation () ~> ret reserve () ~> call reserve _93 ~> ret reserve () ~> ret send_confirmation () )
#Or
  T ==K ( call reserve _1 ~> ret reserve () ~> call reserve _6 ~> call send_confirmation () ~> call reserve _18 ~> call send_confirmation () ~> ret send_confirmation () ~> ret reserve () ~> ret send_confirmation () )
#Or
  T ==K ( call reserve _1 ~> ret reserve () ~> call reserve _6 ~> call send_confirmation () ~> call reserve _18 ~> ret reserve () ~> call reserve _43 ~> call send_confirmation () ~> ret send_confirmation () ~> ret reserve () ~> ret send_confirmation () )

real	0m8.795s
user	0m23.641s
sys	0m1.062s
