match-define: no matching clause for '()
  location...:
   ...ng/Documents/Y3/Projects/Tool Testing/SoftContract/soft-contract/soft-contract/execution/main.rkt:138:6
  context...:
   /home/yu-yang/.local/share/racket/collects/racket/match/runtime.rkt:24:0: match:error
   /home/yu-yang/Documents/Y3/Projects/Tool Testing/SoftContract/soft-contract/soft-contract/execution/main.rkt:137:4: go-V^
   /home/yu-yang/Documents/Y3/Projects/Tool Testing/SoftContract/soft-contract/soft-contract/execution/main.rkt:124:6: for-loop
   /home/yu-yang/Documents/Y3/Projects/Tool Testing/SoftContract/soft-contract/soft-contract/execution/main.rkt:120:2: fix-return162
   ...se-env/prims.rkt:743:10
   /home/yu-yang/Documents/Y3/Projects/Tool Testing/SoftContract/soft-contract/soft-contract/execution/app.rkt:54:60
   /home/yu-yang/Documents/Y3/Projects/Tool Testing/SoftContract/soft-contract/soft-contract/execution/gc.rkt:90:2: with-gc112
   /home/yu-yang/Documents/Y3/Projects/Tool Testing/SoftContract/soft-contract/soft-contract/execution/main.rkt:81:2: ref-$!158
   /home/yu-yang/Documents/Y3/Projects/Tool Testing/SoftContract/soft-contract/soft-contract/execution/app.rkt:44:5
   /home/yu-yang/Documents/Y3/Projects/Tool Testing/SoftContract/soft-contract/soft-contract/execution/main.rkt:156:4: for-loop
   /home/yu-yang/Documents/Y3/Projects/Tool Testing/SoftContract/soft-contract/soft-contract/execution/mon.rkt:361:2: fc₁152
   /home/yu-yang/Documents/Y3/Projects/Tool Testing/SoftContract/soft-contract/soft-contract/execution/gc.rkt:90:2: with-gc112
   /home/yu-yang/Documents/Y3/Projects/Tool Testing/SoftContract/soft-contract/soft-contract/execution/main.rkt:81:2: ref-$!158
   /home/yu-yang/Documents/Y3/Projects/Tool Testing/SoftContract/soft-contract/soft-contract/execution/main.rkt:156:4: for-loop
   ...se-env/prims.rkt:743:10
   /home/yu-yang/Documents/Y3/Projects/Tool Testing/SoftContract/soft-contract/soft-contract/execution/gc.rkt:90:2: with-gc112
   ...

real	0m2.437s
user	0m2.221s
sys	0m0.216s
