Found 10 possible errors
(1) At: arbitrary site
    - Blaming: /home/yu-yang/Documents/Y3/Projects/Tool Testing/k-framework/GAMES/HOLib-semantics/HOLi/scv_comparison/SCV/dao2-e.rkt
    - Contract from: /home/yu-yang/Documents/Y3/Projects/Tool Testing/k-framework/GAMES/HOLib-semantics/HOLi/scv_comparison/SCV/dao2-e.rkt:10:44 
    - Expected: {(λ (cmp_663) …)}
    - Given: {●integer?}
(2) At: arbitrary site
    - Blaming: /home/yu-yang/Documents/Y3/Projects/Tool Testing/k-framework/GAMES/HOLib-semantics/HOLi/scv_comparison/SCV/dao2-e.rkt
    - Contract from: /home/yu-yang/Documents/Y3/Projects/Tool Testing/k-framework/GAMES/HOLib-semantics/HOLi/scv_comparison/SCV/dao2-e.rkt:9:44 
    - Expected: {(λ (cmp_662) …)}
    - Given: {●integer?}
(3) At: arbitrary site
    - Blaming: /home/yu-yang/Documents/Y3/Projects/Tool Testing/k-framework/GAMES/HOLib-semantics/HOLi/scv_comparison/SCV/dao2-e.rkt
    - Contract from: /home/yu-yang/Documents/Y3/Projects/Tool Testing/k-framework/GAMES/HOLib-semantics/HOLi/scv_comparison/SCV/dao2-e.rkt:11:44 
    - Expected: {(λ (cmp_664) …)}
    - Given: {●integer?}
(4) At: arbitrary site
    - Blaming: /home/yu-yang/Documents/Y3/Projects/Tool Testing/k-framework/GAMES/HOLib-semantics/HOLi/scv_comparison/SCV/dao2-e.rkt
    - Contract from: /home/yu-yang/Documents/Y3/Projects/Tool Testing/k-framework/GAMES/HOLib-semantics/HOLi/scv_comparison/SCV/dao2-e.rkt:13:45 
    - Expected: {(λ (cmp_666) …)}
    - Given: {●integer?}
(5) At: arbitrary site
    - Blaming: /home/yu-yang/Documents/Y3/Projects/Tool Testing/k-framework/GAMES/HOLib-semantics/HOLi/scv_comparison/SCV/dao2-e.rkt
    - Contract from: /home/yu-yang/Documents/Y3/Projects/Tool Testing/k-framework/GAMES/HOLib-semantics/HOLi/scv_comparison/SCV/dao2-e.rkt:4:44 
    - Expected: {(λ (cmp_657) …)}
    - Given: {●integer?}
(6) At: arbitrary site
    - Blaming: /home/yu-yang/Documents/Y3/Projects/Tool Testing/k-framework/GAMES/HOLib-semantics/HOLi/scv_comparison/SCV/dao2-e.rkt
    - Contract from: /home/yu-yang/Documents/Y3/Projects/Tool Testing/k-framework/GAMES/HOLib-semantics/HOLi/scv_comparison/SCV/dao2-e.rkt:12:44 
    - Expected: {(λ (cmp_665) …)}
    - Given: {●integer?}
(7) At: arbitrary site
    - Blaming: /home/yu-yang/Documents/Y3/Projects/Tool Testing/k-framework/GAMES/HOLib-semantics/HOLi/scv_comparison/SCV/dao2-e.rkt
    - Contract from: /home/yu-yang/Documents/Y3/Projects/Tool Testing/k-framework/GAMES/HOLib-semantics/HOLi/scv_comparison/SCV/dao2-e.rkt:8:44 
    - Expected: {(λ (cmp_661) …)}
    - Given: {●integer?}
(8) At: arbitrary site
    - Blaming: /home/yu-yang/Documents/Y3/Projects/Tool Testing/k-framework/GAMES/HOLib-semantics/HOLi/scv_comparison/SCV/dao2-e.rkt
    - Contract from: /home/yu-yang/Documents/Y3/Projects/Tool Testing/k-framework/GAMES/HOLib-semantics/HOLi/scv_comparison/SCV/dao2-e.rkt:5:44 
    - Expected: {(λ (cmp_658) …)}
    - Given: {●integer?}
(9) At: arbitrary site
    - Blaming: /home/yu-yang/Documents/Y3/Projects/Tool Testing/k-framework/GAMES/HOLib-semantics/HOLi/scv_comparison/SCV/dao2-e.rkt
    - Contract from: /home/yu-yang/Documents/Y3/Projects/Tool Testing/k-framework/GAMES/HOLib-semantics/HOLi/scv_comparison/SCV/dao2-e.rkt:6:44 
    - Expected: {(λ (cmp_659) …)}
    - Given: {●integer?}
(10) At: arbitrary site
    - Blaming: /home/yu-yang/Documents/Y3/Projects/Tool Testing/k-framework/GAMES/HOLib-semantics/HOLi/scv_comparison/SCV/dao2-e.rkt
    - Contract from: /home/yu-yang/Documents/Y3/Projects/Tool Testing/k-framework/GAMES/HOLib-semantics/HOLi/scv_comparison/SCV/dao2-e.rkt:7:44 
    - Expected: {(λ (cmp_660) …)}
    - Given: {●integer?}

real	0m2.862s
user	0m2.504s
sys	0m0.357s
