  T ==K ( call run _2 ~> call _2 () ~> call esimple _34 ~> ret esimple () ~> ret _2 () ~> call _2 () ~> call mc91_e _476 )
#Or
  T ==K ( call run _2 ~> call _2 () ~> call esimple _34 ~> ret esimple () ~> ret _2 () ~> call _2 () ~> call mult_e _505 )
#Or
  T ==K ( call run _2 ~> call _2 () ~> call esimple _34 ~> ret esimple () ~> ret _2 () ~> call _2 () ~> call repeat_e _488 )
#Or
  T ==K ( call run _2 ~> call _2 () ~> call esimple _34 ~> ret esimple () ~> ret _2 () ~> call _2 () ~> call sum_e _430 )
#Or
  T ==K ( call run _2 ~> call _2 () ~> call fact_e _27 ~> ret fact_e () ~> ret _2 () ~> call _2 () ~> call mc91_e _222 )
#Or
  T ==K ( call run _2 ~> call _2 () ~> call fact_e _27 ~> ret fact_e () ~> ret _2 () ~> call _2 () ~> call mult_e _239 )
#Or
  T ==K ( call run _2 ~> call _2 () ~> call fact_e _27 ~> ret fact_e () ~> ret _2 () ~> call _2 () ~> call repeat_e _231 )
#Or
  T ==K ( call run _2 ~> call _2 () ~> call fact_e _27 ~> ret fact_e () ~> ret _2 () ~> call _2 () ~> call sum_e _197 )
#Or
  T ==K ( call run _2 ~> call _2 () ~> call lock_e _33 ~> ret lock_e () ~> ret _2 () ~> call _2 () ~> call mc91_e _1019 )
#Or
  T ==K ( call run _2 ~> call _2 () ~> call lock_e _33 ~> ret lock_e () ~> ret _2 () ~> call _2 () ~> call mult_e _1070 )
#Or
  T ==K ( call run _2 ~> call _2 () ~> call lock_e _33 ~> ret lock_e () ~> ret _2 () ~> call _2 () ~> call repeat_e _1040 )
#Or
  T ==K ( call run _2 ~> call _2 () ~> call lock_e _33 ~> ret lock_e () ~> ret _2 () ~> call _2 () ~> call sum_e _953 )
#Or
  T ==K ( call run _2 ~> call _2 () ~> call mc91_e _39 )
#Or
  T ==K ( call run _2 ~> call _2 () ~> call mc91_e _39 ~> ret mc91_e () ~> ret _2 () ~> call _2 () ~> call mc91_e _234 )
#Or
  T ==K ( call run _2 ~> call _2 () ~> call mc91_e _39 ~> ret mc91_e () ~> ret _2 () ~> call _2 () ~> call mc91_e _392 )
#Or
  T ==K ( call run _2 ~> call _2 () ~> call mc91_e _39 ~> ret mc91_e () ~> ret _2 () ~> call _2 () ~> call mult_e _254 )
#Or
  T ==K ( call run _2 ~> call _2 () ~> call mc91_e _39 ~> ret mc91_e () ~> ret _2 () ~> call _2 () ~> call mult_e _419 )
#Or
  T ==K ( call run _2 ~> call _2 () ~> call mc91_e _39 ~> ret mc91_e () ~> ret _2 () ~> call _2 () ~> call repeat_e _244 )
#Or
  T ==K ( call run _2 ~> call _2 () ~> call mc91_e _39 ~> ret mc91_e () ~> ret _2 () ~> call _2 () ~> call repeat_e _405 )
#Or
  T ==K ( call run _2 ~> call _2 () ~> call mc91_e _39 ~> ret mc91_e () ~> ret _2 () ~> call _2 () ~> call sum_e _209 )
#Or
  T ==K ( call run _2 ~> call _2 () ~> call mc91_e _39 ~> ret mc91_e () ~> ret _2 () ~> call _2 () ~> call sum_e _347 )
#Or
  T ==K ( call run _2 ~> call _2 () ~> call mult_e _44 )
#Or
  T ==K ( call run _2 ~> call _2 () ~> call mult_e _44 ~> ret mult_e () ~> ret _2 () ~> call _2 () ~> call mc91_e _569 )
#Or
  T ==K ( call run _2 ~> call _2 () ~> call mult_e _44 ~> ret mult_e () ~> ret _2 () ~> call _2 () ~> call mult_e _607 )
#Or
  T ==K ( call run _2 ~> call _2 () ~> call mult_e _44 ~> ret mult_e () ~> ret _2 () ~> call _2 () ~> call repeat_e _586 )
#Or
  T ==K ( call run _2 ~> call _2 () ~> call mult_e _44 ~> ret mult_e () ~> ret _2 () ~> call _2 () ~> call sum_e _509 )
#Or
  T ==K ( call run _2 ~> call _2 () ~> call repeat_e _40 )
#Or
  T ==K ( call run _2 ~> call _2 () ~> call run _30 ~> call _30 () ~> call fact_e _78 ~> ret fact_e () ~> ret _30 () ~> call _30 () ~> call fact_e _355 ~> ret fact_e () ~> ret _30 () ~> ret run () ~> ret _2 () ~> call _2 () ~> call mc91_e _2040 )
#Or
  T ==K ( call run _2 ~> call _2 () ~> call run _30 ~> call _30 () ~> call fact_e _78 ~> ret fact_e () ~> ret _30 () ~> call _30 () ~> call fact_e _355 ~> ret fact_e () ~> ret _30 () ~> ret run () ~> ret _2 () ~> call _2 () ~> call mult_e _2116 )
#Or
  T ==K ( call run _2 ~> call _2 () ~> call run _30 ~> call _30 () ~> call fact_e _78 ~> ret fact_e () ~> ret _30 () ~> call _30 () ~> call fact_e _355 ~> ret fact_e () ~> ret _30 () ~> ret run () ~> ret _2 () ~> call _2 () ~> call repeat_e _2072 )
#Or
  T ==K ( call run _2 ~> call _2 () ~> call run _30 ~> call _30 () ~> call fact_e _78 ~> ret fact_e () ~> ret _30 () ~> call _30 () ~> call fact_e _355 ~> ret fact_e () ~> ret _30 () ~> ret run () ~> ret _2 () ~> call _2 () ~> call sum_e _1936 )
#Or
  T ==K ( call run _2 ~> call _2 () ~> call run _30 ~> call _30 () ~> call fact_e _78 ~> ret fact_e () ~> ret _30 () ~> call _30 () ~> call mc91_e _427 ~> ret mc91_e () ~> ret _30 () ~> ret run () ~> ret _2 () ~> call _2 () ~> call mc91_e _2074 )
#Or
  T ==K ( call run _2 ~> call _2 () ~> call run _30 ~> call _30 () ~> call fact_e _78 ~> ret fact_e () ~> ret _30 () ~> call _30 () ~> call mc91_e _427 ~> ret mc91_e () ~> ret _30 () ~> ret run () ~> ret _2 () ~> call _2 () ~> call mult_e _2163 )
#Or
  T ==K ( call run _2 ~> call _2 () ~> call run _30 ~> call _30 () ~> call fact_e _78 ~> ret fact_e () ~> ret _30 () ~> call _30 () ~> call mc91_e _427 ~> ret mc91_e () ~> ret _30 () ~> ret run () ~> ret _2 () ~> call _2 () ~> call repeat_e _2117 )
#Or
  T ==K ( call run _2 ~> call _2 () ~> call run _30 ~> call _30 () ~> call fact_e _78 ~> ret fact_e () ~> ret _30 () ~> call _30 () ~> call mc91_e _427 ~> ret mc91_e () ~> ret _30 () ~> ret run () ~> ret _2 () ~> call _2 () ~> call sum_e _1976 )
#Or
  T ==K ( call run _2 ~> call _2 () ~> call run _30 ~> call _30 () ~> call fact_e _78 ~> ret fact_e () ~> ret _30 () ~> call _30 () ~> call run _372 ~> call _372 () ~> ret _372 () ~> call _372 () ~> ret _372 () ~> ret run () ~> ret _30 () ~> ret run () ~> ret _2 () ~> call _2 () ~> call mc91_e _3468 )
#Or
  T ==K ( call run _2 ~> call _2 () ~> call run _30 ~> call _30 () ~> call fact_e _78 ~> ret fact_e () ~> ret _30 () ~> call _30 () ~> call run _372 ~> call _372 () ~> ret _372 () ~> call _372 () ~> ret _372 () ~> ret run () ~> ret _30 () ~> ret run () ~> ret _2 () ~> call _2 () ~> call mult_e _3572 )
#Or
  T ==K ( call run _2 ~> call _2 () ~> call run _30 ~> call _30 () ~> call fact_e _78 ~> ret fact_e () ~> ret _30 () ~> call _30 () ~> call run _372 ~> call _372 () ~> ret _372 () ~> call _372 () ~> ret _372 () ~> ret run () ~> ret _30 () ~> ret run () ~> ret _2 () ~> call _2 () ~> call repeat_e _3521 )
#Or
  T ==K ( call run _2 ~> call _2 () ~> call run _30 ~> call _30 () ~> call fact_e _78 ~> ret fact_e () ~> ret _30 () ~> call _30 () ~> call run _372 ~> call _372 () ~> ret _372 () ~> call _372 () ~> ret _372 () ~> ret run () ~> ret _30 () ~> ret run () ~> ret _2 () ~> call _2 () ~> call sum_e _3323 )
#Or
  T ==K ( call run _2 ~> call _2 () ~> call run _30 ~> call _30 () ~> call fact_e _78 ~> ret fact_e () ~> ret _30 () ~> call _30 () ~> ret _30 () ~> ret run () ~> ret _2 () ~> call _2 () ~> call mc91_e _1243 )
#Or
  T ==K ( call run _2 ~> call _2 () ~> call run _30 ~> call _30 () ~> call fact_e _78 ~> ret fact_e () ~> ret _30 () ~> call _30 () ~> ret _30 () ~> ret run () ~> ret _2 () ~> call _2 () ~> call mult_e _1304 )
#Or
  T ==K ( call run _2 ~> call _2 () ~> call run _30 ~> call _30 () ~> call fact_e _78 ~> ret fact_e () ~> ret _30 () ~> call _30 () ~> ret _30 () ~> ret run () ~> ret _2 () ~> call _2 () ~> call repeat_e _1275 )
#Or
  T ==K ( call run _2 ~> call _2 () ~> call run _30 ~> call _30 () ~> call fact_e _78 ~> ret fact_e () ~> ret _30 () ~> call _30 () ~> ret _30 () ~> ret run () ~> ret _2 () ~> call _2 () ~> call sum_e _1145 )
#Or
  T ==K ( call run _2 ~> call _2 () ~> call run _30 ~> call _30 () ~> call mc91_e _100 ~> ret mc91_e () ~> ret _30 () ~> call _30 () ~> call fact_e _374 ~> ret fact_e () ~> ret _30 () ~> ret run () ~> ret _2 () ~> call _2 () ~> call mc91_e _2079 )
#Or
  T ==K ( call run _2 ~> call _2 () ~> call run _30 ~> call _30 () ~> call mc91_e _100 ~> ret mc91_e () ~> ret _30 () ~> call _30 () ~> call fact_e _374 ~> ret fact_e () ~> ret _30 () ~> ret run () ~> ret _2 () ~> call _2 () ~> call mult_e _2171 )
#Or
  T ==K ( call run _2 ~> call _2 () ~> call run _30 ~> call _30 () ~> call mc91_e _100 ~> ret mc91_e () ~> ret _30 () ~> call _30 () ~> call fact_e _374 ~> ret fact_e () ~> ret _30 () ~> ret run () ~> ret _2 () ~> call _2 () ~> call repeat_e _2124 )
#Or
  T ==K ( call run _2 ~> call _2 () ~> call run _30 ~> call _30 () ~> call mc91_e _100 ~> ret mc91_e () ~> ret _30 () ~> call _30 () ~> call fact_e _374 ~> ret fact_e () ~> ret _30 () ~> ret run () ~> ret _2 () ~> call _2 () ~> call sum_e _1979 )
#Or
  T ==K ( call run _2 ~> call _2 () ~> call run _30 ~> call _30 () ~> call mc91_e _100 ~> ret mc91_e () ~> ret _30 () ~> call _30 () ~> call mc91_e _441 ~> ret mc91_e () ~> ret _30 () ~> ret run () ~> ret _2 () ~> call _2 () ~> call mc91_e _2126 )
#Or
  T ==K ( call run _2 ~> call _2 () ~> call run _30 ~> call _30 () ~> call mc91_e _100 ~> ret mc91_e () ~> ret _30 () ~> call _30 () ~> call mc91_e _441 ~> ret mc91_e () ~> ret _30 () ~> ret run () ~> ret _2 () ~> call _2 () ~> call mult_e _2219 )
#Or
  T ==K ( call run _2 ~> call _2 () ~> call run _30 ~> call _30 () ~> call mc91_e _100 ~> ret mc91_e () ~> ret _30 () ~> call _30 () ~> call mc91_e _441 ~> ret mc91_e () ~> ret _30 () ~> ret run () ~> ret _2 () ~> call _2 () ~> call repeat_e _2172 )
#Or
  T ==K ( call run _2 ~> call _2 () ~> call run _30 ~> call _30 () ~> call mc91_e _100 ~> ret mc91_e () ~> ret _30 () ~> call _30 () ~> call mc91_e _441 ~> ret mc91_e () ~> ret _30 () ~> ret run () ~> ret _2 () ~> call _2 () ~> call sum_e _2015 )
#Or
  T ==K ( call run _2 ~> call _2 () ~> call run _30 ~> call _30 () ~> call mc91_e _100 ~> ret mc91_e () ~> ret _30 () ~> call _30 () ~> call run _386 ~> call _386 () ~> ret _386 () ~> call _386 () ~> ret _386 () ~> ret run () ~> ret _30 () ~> ret run () ~> ret _2 () ~> call _2 () ~> call mc91_e _3538 )
#Or
  T ==K ( call run _2 ~> call _2 () ~> call run _30 ~> call _30 () ~> call mc91_e _100 ~> ret mc91_e () ~> ret _30 () ~> call _30 () ~> call run _386 ~> call _386 () ~> ret _386 () ~> call _386 () ~> ret _386 () ~> ret run () ~> ret _30 () ~> ret run () ~> ret _2 () ~> call _2 () ~> call mult_e _3644 )
#Or
  T ==K ( call run _2 ~> call _2 () ~> call run _30 ~> call _30 () ~> call mc91_e _100 ~> ret mc91_e () ~> ret _30 () ~> call _30 () ~> call run _386 ~> call _386 () ~> ret _386 () ~> call _386 () ~> ret _386 () ~> ret run () ~> ret _30 () ~> ret run () ~> ret _2 () ~> call _2 () ~> call repeat_e _3592 )
#Or
  T ==K ( call run _2 ~> call _2 () ~> call run _30 ~> call _30 () ~> call mc91_e _100 ~> ret mc91_e () ~> ret _30 () ~> call _30 () ~> call run _386 ~> call _386 () ~> ret _386 () ~> call _386 () ~> ret _386 () ~> ret run () ~> ret _30 () ~> ret run () ~> ret _2 () ~> call _2 () ~> call sum_e _3383 )
#Or
  T ==K ( call run _2 ~> call _2 () ~> call run _30 ~> call _30 () ~> call mc91_e _100 ~> ret mc91_e () ~> ret _30 () ~> call _30 () ~> ret _30 () ~> ret run () ~> ret _2 () ~> call _2 () ~> call mc91_e _1279 )
#Or
  T ==K ( call run _2 ~> call _2 () ~> call run _30 ~> call _30 () ~> call mc91_e _100 ~> ret mc91_e () ~> ret _30 () ~> call _30 () ~> ret _30 () ~> ret run () ~> ret _2 () ~> call _2 () ~> call mult_e _1340 )
#Or
  T ==K ( call run _2 ~> call _2 () ~> call run _30 ~> call _30 () ~> call mc91_e _100 ~> ret mc91_e () ~> ret _30 () ~> call _30 () ~> ret _30 () ~> ret run () ~> ret _2 () ~> call _2 () ~> call repeat_e _1309 )
#Or
  T ==K ( call run _2 ~> call _2 () ~> call run _30 ~> call _30 () ~> call mc91_e _100 ~> ret mc91_e () ~> ret _30 () ~> call _30 () ~> ret _30 () ~> ret run () ~> ret _2 () ~> call _2 () ~> call sum_e _1182 )
#Or
  T ==K ( call run _2 ~> call _2 () ~> call run _30 ~> call _30 () ~> call run _84 ~> call _84 () ~> ret _84 () ~> call _84 () ~> ret _84 () ~> ret run () ~> ret _30 () ~> call _30 () ~> call fact_e _970 ~> ret fact_e () ~> ret _30 () ~> ret run () ~> ret _2 () ~> call _2 () ~> call mc91_e _3476 )
#Or
  T ==K ( call run _2 ~> call _2 () ~> call run _30 ~> call _30 () ~> call run _84 ~> call _84 () ~> ret _84 () ~> call _84 () ~> ret _84 () ~> ret run () ~> ret _30 () ~> call _30 () ~> call fact_e _970 ~> ret fact_e () ~> ret _30 () ~> ret run () ~> ret _2 () ~> call _2 () ~> call mult_e _3581 )
#Or
  T ==K ( call run _2 ~> call _2 () ~> call run _30 ~> call _30 () ~> call run _84 ~> call _84 () ~> ret _84 () ~> call _84 () ~> ret _84 () ~> ret run () ~> ret _30 () ~> call _30 () ~> call fact_e _970 ~> ret fact_e () ~> ret _30 () ~> ret run () ~> ret _2 () ~> call _2 () ~> call repeat_e _3528 )
#Or
  T ==K ( call run _2 ~> call _2 () ~> call run _30 ~> call _30 () ~> call run _84 ~> call _84 () ~> ret _84 () ~> call _84 () ~> ret _84 () ~> ret run () ~> ret _30 () ~> call _30 () ~> call fact_e _970 ~> ret fact_e () ~> ret _30 () ~> ret run () ~> ret _2 () ~> call _2 () ~> call sum_e _3329 )
#Or
  T ==K ( call run _2 ~> call _2 () ~> call run _30 ~> call _30 () ~> call run _84 ~> call _84 () ~> ret _84 () ~> call _84 () ~> ret _84 () ~> ret run () ~> ret _30 () ~> call _30 () ~> call mc91_e _1088 ~> ret mc91_e () ~> ret _30 () ~> ret run () ~> ret _2 () ~> call _2 () ~> call mc91_e _3530 )
#Or
  T ==K ( call run _2 ~> call _2 () ~> call run _30 ~> call _30 () ~> call run _84 ~> call _84 () ~> ret _84 () ~> call _84 () ~> ret _84 () ~> ret run () ~> ret _30 () ~> call _30 () ~> call mc91_e _1088 ~> ret mc91_e () ~> ret _30 () ~> ret run () ~> ret _2 () ~> call _2 () ~> call mult_e _3636 )
#Or
  T ==K ( call run _2 ~> call _2 () ~> call run _30 ~> call _30 () ~> call run _84 ~> call _84 () ~> ret _84 () ~> call _84 () ~> ret _84 () ~> ret run () ~> ret _30 () ~> call _30 () ~> call mc91_e _1088 ~> ret mc91_e () ~> ret _30 () ~> ret run () ~> ret _2 () ~> call _2 () ~> call repeat_e _3582 )
#Or
  T ==K ( call run _2 ~> call _2 () ~> call run _30 ~> call _30 () ~> call run _84 ~> call _84 () ~> ret _84 () ~> call _84 () ~> ret _84 () ~> ret run () ~> ret _30 () ~> call _30 () ~> call mc91_e _1088 ~> ret mc91_e () ~> ret _30 () ~> ret run () ~> ret _2 () ~> call _2 () ~> call sum_e _3378 )
#Or
  T ==K ( call run _2 ~> call _2 () ~> call run _30 ~> call _30 () ~> call run _84 ~> call _84 () ~> ret _84 () ~> call _84 () ~> ret _84 () ~> ret run () ~> ret _30 () ~> call _30 () ~> call run _986 ~> call _986 () ~> ret _986 () ~> call _986 () ~> ret _986 () ~> ret run () ~> ret _30 () ~> ret run () ~> ret _2 () ~> call _2 () ~> call mc91_e _4993 )
#Or
  T ==K ( call run _2 ~> call _2 () ~> call run _30 ~> call _30 () ~> call run _84 ~> call _84 () ~> ret _84 () ~> call _84 () ~> ret _84 () ~> ret run () ~> ret _30 () ~> call _30 () ~> call run _986 ~> call _986 () ~> ret _986 () ~> call _986 () ~> ret _986 () ~> ret run () ~> ret _30 () ~> ret run () ~> ret _2 () ~> call _2 () ~> call mult_e _5095 )
#Or
  T ==K ( call run _2 ~> call _2 () ~> call run _30 ~> call _30 () ~> call run _84 ~> call _84 () ~> ret _84 () ~> call _84 () ~> ret _84 () ~> ret run () ~> ret _30 () ~> call _30 () ~> call run _986 ~> call _986 () ~> ret _986 () ~> call _986 () ~> ret _986 () ~> ret run () ~> ret _30 () ~> ret run () ~> ret _2 () ~> call _2 () ~> call repeat_e _5042 )
#Or
  T ==K ( call run _2 ~> call _2 () ~> call run _30 ~> call _30 () ~> call run _84 ~> call _84 () ~> ret _84 () ~> call _84 () ~> ret _84 () ~> ret run () ~> ret _30 () ~> call _30 () ~> call run _986 ~> call _986 () ~> ret _986 () ~> call _986 () ~> ret _986 () ~> ret run () ~> ret _30 () ~> ret run () ~> ret _2 () ~> call _2 () ~> call sum_e _4867 )
#Or
  T ==K ( call run _2 ~> call _2 () ~> call run _30 ~> call _30 () ~> call run _84 ~> call _84 () ~> ret _84 () ~> call _84 () ~> ret _84 () ~> ret run () ~> ret _30 () ~> call _30 () ~> ret _30 () ~> ret run () ~> ret _2 () ~> call _2 () ~> call mc91_e _2416 )
#Or
  T ==K ( call run _2 ~> call _2 () ~> call run _30 ~> call _30 () ~> call run _84 ~> call _84 () ~> ret _84 () ~> call _84 () ~> ret _84 () ~> ret run () ~> ret _30 () ~> call _30 () ~> ret _30 () ~> ret run () ~> ret _2 () ~> call _2 () ~> call mult_e _2504 )
#Or
  T ==K ( call run _2 ~> call _2 () ~> call run _30 ~> call _30 () ~> call run _84 ~> call _84 () ~> ret _84 () ~> call _84 () ~> ret _84 () ~> ret run () ~> ret _30 () ~> call _30 () ~> ret _30 () ~> ret run () ~> ret _2 () ~> call _2 () ~> call repeat_e _2464 )
#Or
  T ==K ( call run _2 ~> call _2 () ~> call run _30 ~> call _30 () ~> call run _84 ~> call _84 () ~> ret _84 () ~> call _84 () ~> ret _84 () ~> ret run () ~> ret _30 () ~> call _30 () ~> ret _30 () ~> ret run () ~> ret _2 () ~> call _2 () ~> call sum_e _2282 )
#Or
  T ==K ( call run _2 ~> call _2 () ~> call run _30 ~> call _30 () ~> ret _30 () ~> call _30 () ~> call fact_e _154 ~> ret fact_e () ~> ret _30 () ~> ret run () ~> ret _2 () ~> call _2 () ~> call mc91_e _1249 )
#Or
  T ==K ( call run _2 ~> call _2 () ~> call run _30 ~> call _30 () ~> ret _30 () ~> call _30 () ~> call fact_e _154 ~> ret fact_e () ~> ret _30 () ~> ret run () ~> ret _2 () ~> call _2 () ~> call mult_e _1312 )
#Or
  T ==K ( call run _2 ~> call _2 () ~> call run _30 ~> call _30 () ~> ret _30 () ~> call _30 () ~> call fact_e _154 ~> ret fact_e () ~> ret _30 () ~> ret run () ~> ret _2 () ~> call _2 () ~> call repeat_e _1280 )
#Or
  T ==K ( call run _2 ~> call _2 () ~> call run _30 ~> call _30 () ~> ret _30 () ~> call _30 () ~> call fact_e _154 ~> ret fact_e () ~> ret _30 () ~> ret run () ~> ret _2 () ~> call _2 () ~> call sum_e _1151 )
#Or
  T ==K ( call run _2 ~> call _2 () ~> call run _30 ~> call _30 () ~> ret _30 () ~> call _30 () ~> call mc91_e _184 ~> ret mc91_e () ~> ret _30 () ~> ret run () ~> ret _2 () ~> call _2 () ~> call mc91_e _1282 )
#Or
  T ==K ( call run _2 ~> call _2 () ~> call run _30 ~> call _30 () ~> ret _30 () ~> call _30 () ~> call mc91_e _184 ~> ret mc91_e () ~> ret _30 () ~> ret run () ~> ret _2 () ~> call _2 () ~> call mult_e _1343 )
#Or
  T ==K ( call run _2 ~> call _2 () ~> call run _30 ~> call _30 () ~> ret _30 () ~> call _30 () ~> call mc91_e _184 ~> ret mc91_e () ~> ret _30 () ~> ret run () ~> ret _2 () ~> call _2 () ~> call repeat_e _1313 )
#Or
  T ==K ( call run _2 ~> call _2 () ~> call run _30 ~> call _30 () ~> ret _30 () ~> call _30 () ~> call mc91_e _184 ~> ret mc91_e () ~> ret _30 () ~> ret run () ~> ret _2 () ~> call _2 () ~> call sum_e _1184 )
#Or
  T ==K ( call run _2 ~> call _2 () ~> call run _30 ~> call _30 () ~> ret _30 () ~> call _30 () ~> call run _158 ~> call _158 () ~> ret _158 () ~> call _158 () ~> ret _158 () ~> ret run () ~> ret _30 () ~> ret run () ~> ret _2 () ~> call _2 () ~> call mc91_e _2429 )
#Or
  T ==K ( call run _2 ~> call _2 () ~> call run _30 ~> call _30 () ~> ret _30 () ~> call _30 () ~> call run _158 ~> call _158 () ~> ret _158 () ~> call _158 () ~> ret _158 () ~> ret run () ~> ret _30 () ~> ret run () ~> ret _2 () ~> call _2 () ~> call mult_e _2516 )
#Or
  T ==K ( call run _2 ~> call _2 () ~> call run _30 ~> call _30 () ~> ret _30 () ~> call _30 () ~> call run _158 ~> call _158 () ~> ret _158 () ~> call _158 () ~> ret _158 () ~> ret run () ~> ret _30 () ~> ret run () ~> ret _2 () ~> call _2 () ~> call repeat_e _2476 )
#Or
  T ==K ( call run _2 ~> call _2 () ~> call run _30 ~> call _30 () ~> ret _30 () ~> call _30 () ~> call run _158 ~> call _158 () ~> ret _158 () ~> call _158 () ~> ret _158 () ~> ret run () ~> ret _30 () ~> ret run () ~> ret _2 () ~> call _2 () ~> call sum_e _2289 )
#Or
  T ==K ( call run _2 ~> call _2 () ~> call run _30 ~> call _30 () ~> ret _30 () ~> call _30 () ~> ret _30 () ~> ret run () ~> ret _2 () ~> call _2 () ~> call mc91_e _673 )
#Or
  T ==K ( call run _2 ~> call _2 () ~> call run _30 ~> call _30 () ~> ret _30 () ~> call _30 () ~> ret _30 () ~> ret run () ~> ret _2 () ~> call _2 () ~> call mult_e _720 )
#Or
  T ==K ( call run _2 ~> call _2 () ~> call run _30 ~> call _30 () ~> ret _30 () ~> call _30 () ~> ret _30 () ~> ret run () ~> ret _2 () ~> call _2 () ~> call repeat_e _693 )
#Or
  T ==K ( call run _2 ~> call _2 () ~> call run _30 ~> call _30 () ~> ret _30 () ~> call _30 () ~> ret _30 () ~> ret run () ~> ret _2 () ~> call _2 () ~> call sum_e _615 )
#Or
  T ==K ( call run _2 ~> call _2 () ~> call sum_e _32 )
#Or
  T ==K ( call run _2 ~> call _2 () ~> call sum_e _32 ~> ret sum_e () ~> ret _2 () ~> call _2 () ~> call mc91_e _293 )
#Or
  T ==K ( call run _2 ~> call _2 () ~> call sum_e _32 ~> ret sum_e () ~> ret _2 () ~> call _2 () ~> call mult_e _316 )
#Or
  T ==K ( call run _2 ~> call _2 () ~> call sum_e _32 ~> ret sum_e () ~> ret _2 () ~> call _2 () ~> call repeat_e _303 )
#Or
  T ==K ( call run _2 ~> call _2 () ~> call sum_e _32 ~> ret sum_e () ~> ret _2 () ~> call _2 () ~> call sum_e _269 )
#Or
  T ==K ( call run _2 ~> call _2 () ~> ret _2 () ~> call _2 () ~> call mc91_e _93 )
#Or
  T ==K ( call run _2 ~> call _2 () ~> ret _2 () ~> call _2 () ~> call mult_e _104 )
#Or
  T ==K ( call run _2 ~> call _2 () ~> ret _2 () ~> call _2 () ~> call repeat_e _97 )
#Or
  T ==K ( call run _2 ~> call _2 () ~> ret _2 () ~> call _2 () ~> call sum_e _80 )
#Or
  T ==K call fact_e _1
#Or
  T ==K call lock_e _4
#Or
  T ==K call mc91_e _7
#Or
  T ==K call mult_e _11
#Or
  T ==K call repeat_e _8
#Or
  T ==K call sum_e _3

real	0m36.467s
user	0m58.784s
sys	0m4.397s
