  T ==K ( call run _2 ~> call _2 () ~> call esimple _34 ~> ret esimple () ~> ret _2 () ~> call _2 () ~> call mc91_e _468 )
#Or
  T ==K ( call run _2 ~> call _2 () ~> call esimple _34 ~> ret esimple () ~> ret _2 () ~> call _2 () ~> call mult_e _498 )
#Or
  T ==K ( call run _2 ~> call _2 () ~> call esimple _34 ~> ret esimple () ~> ret _2 () ~> call _2 () ~> call repeat_e _480 )
#Or
  T ==K ( call run _2 ~> call _2 () ~> call esimple _34 ~> ret esimple () ~> ret _2 () ~> call _2 () ~> call run _408 ~> call _408 () ~> call run _721 ~> call _721 () ~> ret _721 () ~> call _721 () ~> ret _721 () ~> ret run () ~> ret _408 () ~> call _408 () ~> call fact_e _3309 ~> ret fact_e () ~> ret _408 () )
#Or
  T ==K ( call run _2 ~> call _2 () ~> call esimple _34 ~> ret esimple () ~> ret _2 () ~> call _2 () ~> call run _408 ~> call _408 () ~> call run _721 ~> call _721 () ~> ret _721 () ~> call _721 () ~> ret _721 () ~> ret run () ~> ret _408 () ~> call _408 () ~> call mc91_e _3547 ~> ret mc91_e () ~> ret _408 () )
#Or
  T ==K ( call run _2 ~> call _2 () ~> call esimple _34 ~> ret esimple () ~> ret _2 () ~> call _2 () ~> call run _408 ~> call _408 () ~> call run _721 ~> call _721 () ~> ret _721 () ~> call _721 () ~> ret _721 () ~> ret run () ~> ret _408 () ~> call _408 () ~> ret _408 () )
#Or
  T ==K ( call run _2 ~> call _2 () ~> call esimple _34 ~> ret esimple () ~> ret _2 () ~> call _2 () ~> call sum_e _423 )
#Or
  T ==K ( call run _2 ~> call _2 () ~> call fact_e _27 ~> ret fact_e () ~> ret _2 () ~> call _2 () ~> call mc91_e _227 )
#Or
  T ==K ( call run _2 ~> call _2 () ~> call fact_e _27 ~> ret fact_e () ~> ret _2 () ~> call _2 () ~> call mult_e _243 )
#Or
  T ==K ( call run _2 ~> call _2 () ~> call fact_e _27 ~> ret fact_e () ~> ret _2 () ~> call _2 () ~> call repeat_e _235 )
#Or
  T ==K ( call run _2 ~> call _2 () ~> call fact_e _27 ~> ret fact_e () ~> ret _2 () ~> call _2 () ~> call run _202 ~> call _202 () ~> call run _362 ~> call _362 () ~> ret _362 () ~> call _362 () ~> ret _362 () ~> ret run () ~> ret _202 () ~> call _202 () ~> call fact_e _2463 ~> ret fact_e () ~> ret _202 () )
#Or
  T ==K ( call run _2 ~> call _2 () ~> call fact_e _27 ~> ret fact_e () ~> ret _2 () ~> call _2 () ~> call run _202 ~> call _202 () ~> call run _362 ~> call _362 () ~> ret _362 () ~> call _362 () ~> ret _362 () ~> ret run () ~> ret _202 () ~> call _202 () ~> call mc91_e _2666 ~> ret mc91_e () ~> ret _202 () )
#Or
  T ==K ( call run _2 ~> call _2 () ~> call fact_e _27 ~> ret fact_e () ~> ret _2 () ~> call _2 () ~> call run _202 ~> call _202 () ~> call run _362 ~> call _362 () ~> ret _362 () ~> call _362 () ~> ret _362 () ~> ret run () ~> ret _202 () ~> call _202 () ~> ret _202 () )
#Or
  T ==K ( call run _2 ~> call _2 () ~> call fact_e _27 ~> ret fact_e () ~> ret _2 () ~> call _2 () ~> call sum_e _207 )
#Or
  T ==K ( call run _2 ~> call _2 () ~> call lock_e _33 ~> ret lock_e () ~> ret _2 () ~> call _2 () ~> call mc91_e _952 )
#Or
  T ==K ( call run _2 ~> call _2 () ~> call lock_e _33 ~> ret lock_e () ~> ret _2 () ~> call _2 () ~> call mult_e _990 )
#Or
  T ==K ( call run _2 ~> call _2 () ~> call lock_e _33 ~> ret lock_e () ~> ret _2 () ~> call _2 () ~> call repeat_e _970 )
#Or
  T ==K ( call run _2 ~> call _2 () ~> call lock_e _33 ~> ret lock_e () ~> ret _2 () ~> call _2 () ~> call run _877 ~> call _877 () ~> call run _1320 ~> call _1320 () ~> ret _1320 () ~> call _1320 () ~> ret _1320 () ~> ret run () ~> ret _877 () ~> call _877 () ~> call fact_e _4373 ~> ret fact_e () ~> ret _877 () )
#Or
  T ==K ( call run _2 ~> call _2 () ~> call lock_e _33 ~> ret lock_e () ~> ret _2 () ~> call _2 () ~> call run _877 ~> call _877 () ~> call run _1320 ~> call _1320 () ~> ret _1320 () ~> call _1320 () ~> ret _1320 () ~> ret run () ~> ret _877 () ~> call _877 () ~> call mc91_e _4531 ~> ret mc91_e () ~> ret _877 () )
#Or
  T ==K ( call run _2 ~> call _2 () ~> call lock_e _33 ~> ret lock_e () ~> ret _2 () ~> call _2 () ~> call run _877 ~> call _877 () ~> call run _1320 ~> call _1320 () ~> ret _1320 () ~> call _1320 () ~> ret _1320 () ~> ret run () ~> ret _877 () ~> call _877 () ~> ret _877 () )
#Or
  T ==K ( call run _2 ~> call _2 () ~> call lock_e _33 ~> ret lock_e () ~> ret _2 () ~> call _2 () ~> call sum_e _896 )
#Or
  T ==K ( call run _2 ~> call _2 () ~> call mc91_e _39 )
#Or
  T ==K ( call run _2 ~> call _2 () ~> call mc91_e _39 ~> ret mc91_e () ~> ret _2 () ~> call _2 () ~> call mc91_e _238 )
#Or
  T ==K ( call run _2 ~> call _2 () ~> call mc91_e _39 ~> ret mc91_e () ~> ret _2 () ~> call _2 () ~> call mc91_e _385 )
#Or
  T ==K ( call run _2 ~> call _2 () ~> call mc91_e _39 ~> ret mc91_e () ~> ret _2 () ~> call _2 () ~> call mult_e _259 )
#Or
  T ==K ( call run _2 ~> call _2 () ~> call mc91_e _39 ~> ret mc91_e () ~> ret _2 () ~> call _2 () ~> call mult_e _411 )
#Or
  T ==K ( call run _2 ~> call _2 () ~> call mc91_e _39 ~> ret mc91_e () ~> ret _2 () ~> call _2 () ~> call repeat_e _249 )
#Or
  T ==K ( call run _2 ~> call _2 () ~> call mc91_e _39 ~> ret mc91_e () ~> ret _2 () ~> call _2 () ~> call repeat_e _398 )
#Or
  T ==K ( call run _2 ~> call _2 () ~> call mc91_e _39 ~> ret mc91_e () ~> ret _2 () ~> call _2 () ~> call run _211 ~> call _211 () ~> call run _387 ~> call _387 () ~> ret _387 () ~> call _387 () ~> ret _387 () ~> ret run () ~> ret _211 () ~> call _211 () ~> call fact_e _2538 ~> ret fact_e () ~> ret _211 () )
#Or
  T ==K ( call run _2 ~> call _2 () ~> call mc91_e _39 ~> ret mc91_e () ~> ret _2 () ~> call _2 () ~> call run _211 ~> call _211 () ~> call run _387 ~> call _387 () ~> ret _387 () ~> call _387 () ~> ret _387 () ~> ret run () ~> ret _211 () ~> call _211 () ~> call mc91_e _2733 ~> ret mc91_e () ~> ret _211 () )
#Or
  T ==K ( call run _2 ~> call _2 () ~> call mc91_e _39 ~> ret mc91_e () ~> ret _2 () ~> call _2 () ~> call run _211 ~> call _211 () ~> call run _387 ~> call _387 () ~> ret _387 () ~> call _387 () ~> ret _387 () ~> ret run () ~> ret _211 () ~> call _211 () ~> ret _211 () )
#Or
  T ==K ( call run _2 ~> call _2 () ~> call mc91_e _39 ~> ret mc91_e () ~> ret _2 () ~> call _2 () ~> call run _329 ~> call _329 () ~> call run _608 ~> call _608 () ~> ret _608 () ~> call _608 () ~> ret _608 () ~> ret run () ~> ret _329 () ~> call _329 () ~> call fact_e _3113 ~> ret fact_e () ~> ret _329 () )
#Or
  T ==K ( call run _2 ~> call _2 () ~> call mc91_e _39 ~> ret mc91_e () ~> ret _2 () ~> call _2 () ~> call run _329 ~> call _329 () ~> call run _608 ~> call _608 () ~> ret _608 () ~> call _608 () ~> ret _608 () ~> ret run () ~> ret _329 () ~> call _329 () ~> call mc91_e _3272 ~> ret mc91_e () ~> ret _329 () )
#Or
  T ==K ( call run _2 ~> call _2 () ~> call mc91_e _39 ~> ret mc91_e () ~> ret _2 () ~> call _2 () ~> call run _329 ~> call _329 () ~> call run _608 ~> call _608 () ~> ret _608 () ~> call _608 () ~> ret _608 () ~> ret run () ~> ret _329 () ~> call _329 () ~> ret _329 () )
#Or
  T ==K ( call run _2 ~> call _2 () ~> call mc91_e _39 ~> ret mc91_e () ~> ret _2 () ~> call _2 () ~> call sum_e _218 )
#Or
  T ==K ( call run _2 ~> call _2 () ~> call mc91_e _39 ~> ret mc91_e () ~> ret _2 () ~> call _2 () ~> call sum_e _341 )
#Or
  T ==K ( call run _2 ~> call _2 () ~> call mult_e _44 )
#Or
  T ==K ( call run _2 ~> call _2 () ~> call mult_e _44 ~> ret mult_e () ~> ret _2 () ~> call _2 () ~> call mc91_e _557 )
#Or
  T ==K ( call run _2 ~> call _2 () ~> call mult_e _44 ~> ret mult_e () ~> ret _2 () ~> call _2 () ~> call mult_e _588 )
#Or
  T ==K ( call run _2 ~> call _2 () ~> call mult_e _44 ~> ret mult_e () ~> ret _2 () ~> call _2 () ~> call repeat_e _570 )
#Or
  T ==K ( call run _2 ~> call _2 () ~> call mult_e _44 ~> ret mult_e () ~> ret _2 () ~> call _2 () ~> call run _486 ~> call _486 () ~> call run _832 ~> call _832 () ~> ret _832 () ~> call _832 () ~> ret _832 () ~> ret run () ~> ret _486 () ~> call _486 () ~> call fact_e _3552 ~> ret fact_e () ~> ret _486 () )
#Or
  T ==K ( call run _2 ~> call _2 () ~> call mult_e _44 ~> ret mult_e () ~> ret _2 () ~> call _2 () ~> call run _486 ~> call _486 () ~> call run _832 ~> call _832 () ~> ret _832 () ~> call _832 () ~> ret _832 () ~> ret run () ~> ret _486 () ~> call _486 () ~> call mc91_e _3753 ~> ret mc91_e () ~> ret _486 () )
#Or
  T ==K ( call run _2 ~> call _2 () ~> call mult_e _44 ~> ret mult_e () ~> ret _2 () ~> call _2 () ~> call run _486 ~> call _486 () ~> call run _832 ~> call _832 () ~> ret _832 () ~> call _832 () ~> ret _832 () ~> ret run () ~> ret _486 () ~> call _486 () ~> ret _486 () )
#Or
  T ==K ( call run _2 ~> call _2 () ~> call mult_e _44 ~> ret mult_e () ~> ret _2 () ~> call _2 () ~> call sum_e _502 )
#Or
  T ==K ( call run _2 ~> call _2 () ~> call repeat_e _40 )
#Or
  T ==K ( call run _2 ~> call _2 () ~> call run _30 ~> call _30 () ~> call fact_e _75 ~> ret fact_e () ~> ret _30 () ~> call _30 () ~> call fact_e _348 ~> ret fact_e () ~> ret _30 () ~> ret run () ~> ret _2 () ~> call _2 () ~> call esimple _1992 ~> ret esimple () ~> ret _2 () )
#Or
  T ==K ( call run _2 ~> call _2 () ~> call run _30 ~> call _30 () ~> call fact_e _75 ~> ret fact_e () ~> ret _30 () ~> call _30 () ~> call fact_e _348 ~> ret fact_e () ~> ret _30 () ~> ret run () ~> ret _2 () ~> call _2 () ~> call fact_e _1816 ~> ret fact_e () ~> ret _2 () )
#Or
  T ==K ( call run _2 ~> call _2 () ~> call run _30 ~> call _30 () ~> call fact_e _75 ~> ret fact_e () ~> ret _30 () ~> call _30 () ~> call fact_e _348 ~> ret fact_e () ~> ret _30 () ~> ret run () ~> ret _2 () ~> call _2 () ~> call lock_e _1953 ~> ret lock_e () ~> ret _2 () )
#Or
  T ==K ( call run _2 ~> call _2 () ~> call run _30 ~> call _30 () ~> call fact_e _75 ~> ret fact_e () ~> ret _30 () ~> call _30 () ~> call fact_e _348 ~> ret fact_e () ~> ret _30 () ~> ret run () ~> ret _2 () ~> call _2 () ~> call mc91_e _2027 )
#Or
  T ==K ( call run _2 ~> call _2 () ~> call run _30 ~> call _30 () ~> call fact_e _75 ~> ret fact_e () ~> ret _30 () ~> call _30 () ~> call fact_e _348 ~> ret fact_e () ~> ret _30 () ~> ret run () ~> ret _2 () ~> call _2 () ~> call mc91_e _2027 ~> ret mc91_e () ~> ret _2 () )
#Or
  T ==K ( call run _2 ~> call _2 () ~> call run _30 ~> call _30 () ~> call fact_e _75 ~> ret fact_e () ~> ret _30 () ~> call _30 () ~> call fact_e _348 ~> ret fact_e () ~> ret _30 () ~> ret run () ~> ret _2 () ~> call _2 () ~> call mult_e _2105 )
#Or
  T ==K ( call run _2 ~> call _2 () ~> call run _30 ~> call _30 () ~> call fact_e _75 ~> ret fact_e () ~> ret _30 () ~> call _30 () ~> call fact_e _348 ~> ret fact_e () ~> ret _30 () ~> ret run () ~> ret _2 () ~> call _2 () ~> call mult_e _2105 ~> ret mult_e () ~> ret _2 () )
#Or
  T ==K ( call run _2 ~> call _2 () ~> call run _30 ~> call _30 () ~> call fact_e _75 ~> ret fact_e () ~> ret _30 () ~> call _30 () ~> call fact_e _348 ~> ret fact_e () ~> ret _30 () ~> ret run () ~> ret _2 () ~> call _2 () ~> call repeat_e _2062 )
#Or
  T ==K ( call run _2 ~> call _2 () ~> call run _30 ~> call _30 () ~> call fact_e _75 ~> ret fact_e () ~> ret _30 () ~> call _30 () ~> call fact_e _348 ~> ret fact_e () ~> ret _30 () ~> ret run () ~> ret _2 () ~> call _2 () ~> call run _1863 ~> call _1863 () ~> call run _2547 ~> call _2547 () ~> ret _2547 () ~> call _2547 () ~> ret _2547 () ~> ret run () ~> ret _1863 () ~> call _1863 () ~> call fact_e _5413 ~> ret fact_e () ~> ret _1863 () )
#Or
  T ==K ( call run _2 ~> call _2 () ~> call run _30 ~> call _30 () ~> call fact_e _75 ~> ret fact_e () ~> ret _30 () ~> call _30 () ~> call fact_e _348 ~> ret fact_e () ~> ret _30 () ~> ret run () ~> ret _2 () ~> call _2 () ~> call run _1863 ~> call _1863 () ~> call run _2547 ~> call _2547 () ~> ret _2547 () ~> call _2547 () ~> ret _2547 () ~> ret run () ~> ret _1863 () ~> call _1863 () ~> call mc91_e _5543 ~> ret mc91_e () ~> ret _1863 () )
#Or
  T ==K ( call run _2 ~> call _2 () ~> call run _30 ~> call _30 () ~> call fact_e _75 ~> ret fact_e () ~> ret _30 () ~> call _30 () ~> call fact_e _348 ~> ret fact_e () ~> ret _30 () ~> ret run () ~> ret _2 () ~> call _2 () ~> call run _1863 ~> call _1863 () ~> call run _2547 ~> call _2547 () ~> ret _2547 () ~> call _2547 () ~> ret _2547 () ~> ret run () ~> ret _1863 () ~> call _1863 () ~> ret _1863 () )
#Or
  T ==K ( call run _2 ~> call _2 () ~> call run _30 ~> call _30 () ~> call fact_e _75 ~> ret fact_e () ~> ret _30 () ~> call _30 () ~> call fact_e _348 ~> ret fact_e () ~> ret _30 () ~> ret run () ~> ret _2 () ~> call _2 () ~> call sum_e _1913 )
#Or
  T ==K ( call run _2 ~> call _2 () ~> call run _30 ~> call _30 () ~> call fact_e _75 ~> ret fact_e () ~> ret _30 () ~> call _30 () ~> call fact_e _348 ~> ret fact_e () ~> ret _30 () ~> ret run () ~> ret _2 () ~> call _2 () ~> call sum_e _1913 ~> ret sum_e () ~> ret _2 () )
#Or
  T ==K ( call run _2 ~> call _2 () ~> call run _30 ~> call _30 () ~> call fact_e _75 ~> ret fact_e () ~> ret _30 () ~> call _30 () ~> call fact_e _348 ~> ret fact_e () ~> ret _30 () ~> ret run () ~> ret _2 () ~> call _2 () ~> ret _2 () )
#Or
  T ==K ( call run _2 ~> call _2 () ~> call run _30 ~> call _30 () ~> call fact_e _75 ~> ret fact_e () ~> ret _30 () ~> call _30 () ~> call mc91_e _420 ~> ret mc91_e () ~> ret _30 () ~> ret run () ~> ret _2 () ~> call _2 () ~> call esimple _2028 ~> ret esimple () ~> ret _2 () )
#Or
  T ==K ( call run _2 ~> call _2 () ~> call run _30 ~> call _30 () ~> call fact_e _75 ~> ret fact_e () ~> ret _30 () ~> call _30 () ~> call mc91_e _420 ~> ret mc91_e () ~> ret _30 () ~> ret run () ~> ret _2 () ~> call _2 () ~> call fact_e _1864 ~> ret fact_e () ~> ret _2 () )
#Or
  T ==K ( call run _2 ~> call _2 () ~> call run _30 ~> call _30 () ~> call fact_e _75 ~> ret fact_e () ~> ret _30 () ~> call _30 () ~> call mc91_e _420 ~> ret mc91_e () ~> ret _30 () ~> ret run () ~> ret _2 () ~> call _2 () ~> call lock_e _1993 ~> ret lock_e () ~> ret _2 () )
#Or
  T ==K ( call run _2 ~> call _2 () ~> call run _30 ~> call _30 () ~> call fact_e _75 ~> ret fact_e () ~> ret _30 () ~> call _30 () ~> call mc91_e _420 ~> ret mc91_e () ~> ret _30 () ~> ret run () ~> ret _2 () ~> call _2 () ~> call mc91_e _2064 )
#Or
  T ==K ( call run _2 ~> call _2 () ~> call run _30 ~> call _30 () ~> call fact_e _75 ~> ret fact_e () ~> ret _30 () ~> call _30 () ~> call mc91_e _420 ~> ret mc91_e () ~> ret _30 () ~> ret run () ~> ret _2 () ~> call _2 () ~> call mc91_e _2064 ~> ret mc91_e () ~> ret _2 () )
#Or
  T ==K ( call run _2 ~> call _2 () ~> call run _30 ~> call _30 () ~> call fact_e _75 ~> ret fact_e () ~> ret _30 () ~> call _30 () ~> call mc91_e _420 ~> ret mc91_e () ~> ret _30 () ~> ret run () ~> ret _2 () ~> call _2 () ~> call mult_e _2150 )
#Or
  T ==K ( call run _2 ~> call _2 () ~> call run _30 ~> call _30 () ~> call fact_e _75 ~> ret fact_e () ~> ret _30 () ~> call _30 () ~> call mc91_e _420 ~> ret mc91_e () ~> ret _30 () ~> ret run () ~> ret _2 () ~> call _2 () ~> call mult_e _2150 ~> ret mult_e () ~> ret _2 () )
#Or
  T ==K ( call run _2 ~> call _2 () ~> call run _30 ~> call _30 () ~> call fact_e _75 ~> ret fact_e () ~> ret _30 () ~> call _30 () ~> call mc91_e _420 ~> ret mc91_e () ~> ret _30 () ~> ret run () ~> ret _2 () ~> call _2 () ~> call repeat_e _2106 )
#Or
  T ==K ( call run _2 ~> call _2 () ~> call run _30 ~> call _30 () ~> call fact_e _75 ~> ret fact_e () ~> ret _30 () ~> call _30 () ~> call mc91_e _420 ~> ret mc91_e () ~> ret _30 () ~> ret run () ~> ret _2 () ~> call _2 () ~> call run _1914 ~> call _1914 () ~> call run _2589 ~> call _2589 () ~> ret _2589 () ~> call _2589 () ~> ret _2589 () ~> ret run () ~> ret _1914 () ~> call _1914 () ~> call fact_e _5452 ~> ret fact_e () ~> ret _1914 () )
#Or
  T ==K ( call run _2 ~> call _2 () ~> call run _30 ~> call _30 () ~> call fact_e _75 ~> ret fact_e () ~> ret _30 () ~> call _30 () ~> call mc91_e _420 ~> ret mc91_e () ~> ret _30 () ~> ret run () ~> ret _2 () ~> call _2 () ~> call run _1914 ~> call _1914 () ~> call run _2589 ~> call _2589 () ~> ret _2589 () ~> call _2589 () ~> ret _2589 () ~> ret run () ~> ret _1914 () ~> call _1914 () ~> call mc91_e _5575 ~> ret mc91_e () ~> ret _1914 () )
#Or
  T ==K ( call run _2 ~> call _2 () ~> call run _30 ~> call _30 () ~> call fact_e _75 ~> ret fact_e () ~> ret _30 () ~> call _30 () ~> call mc91_e _420 ~> ret mc91_e () ~> ret _30 () ~> ret run () ~> ret _2 () ~> call _2 () ~> call run _1914 ~> call _1914 () ~> call run _2589 ~> call _2589 () ~> ret _2589 () ~> call _2589 () ~> ret _2589 () ~> ret run () ~> ret _1914 () ~> call _1914 () ~> ret _1914 () )
#Or
  T ==K ( call run _2 ~> call _2 () ~> call run _30 ~> call _30 () ~> call fact_e _75 ~> ret fact_e () ~> ret _30 () ~> call _30 () ~> call mc91_e _420 ~> ret mc91_e () ~> ret _30 () ~> ret run () ~> ret _2 () ~> call _2 () ~> call sum_e _1954 )
#Or
  T ==K ( call run _2 ~> call _2 () ~> call run _30 ~> call _30 () ~> call fact_e _75 ~> ret fact_e () ~> ret _30 () ~> call _30 () ~> call mc91_e _420 ~> ret mc91_e () ~> ret _30 () ~> ret run () ~> ret _2 () ~> call _2 () ~> call sum_e _1954 ~> ret sum_e () ~> ret _2 () )
#Or
  T ==K ( call run _2 ~> call _2 () ~> call run _30 ~> call _30 () ~> call fact_e _75 ~> ret fact_e () ~> ret _30 () ~> call _30 () ~> call mc91_e _420 ~> ret mc91_e () ~> ret _30 () ~> ret run () ~> ret _2 () ~> call _2 () ~> ret _2 () )
#Or
  T ==K ( call run _2 ~> call _2 () ~> call run _30 ~> call _30 () ~> call fact_e _75 ~> ret fact_e () ~> ret _30 () ~> call _30 () ~> call run _364 ~> call _364 () ~> ret _364 () ~> call _364 () ~> ret _364 () ~> ret run () ~> ret _30 () ~> ret run () ~> ret _2 () ~> call _2 () ~> call esimple _3415 ~> ret esimple () ~> ret _2 () )
#Or
  T ==K ( call run _2 ~> call _2 () ~> call run _30 ~> call _30 () ~> call fact_e _75 ~> ret fact_e () ~> ret _30 () ~> call _30 () ~> call run _364 ~> call _364 () ~> ret _364 () ~> call _364 () ~> ret _364 () ~> ret run () ~> ret _30 () ~> ret run () ~> ret _2 () ~> call _2 () ~> call fact_e _3235 ~> ret fact_e () ~> ret _2 () )
#Or
  T ==K ( call run _2 ~> call _2 () ~> call run _30 ~> call _30 () ~> call fact_e _75 ~> ret fact_e () ~> ret _30 () ~> call _30 () ~> call run _364 ~> call _364 () ~> ret _364 () ~> call _364 () ~> ret _364 () ~> ret run () ~> ret _30 () ~> ret run () ~> ret _2 () ~> call _2 () ~> call lock_e _3368 ~> ret lock_e () ~> ret _2 () )
#Or
  T ==K ( call run _2 ~> call _2 () ~> call run _30 ~> call _30 () ~> call fact_e _75 ~> ret fact_e () ~> ret _30 () ~> call _30 () ~> call run _364 ~> call _364 () ~> ret _364 () ~> call _364 () ~> ret _364 () ~> ret run () ~> ret _30 () ~> ret run () ~> ret _2 () ~> call _2 () ~> call mc91_e _3466 )
#Or
  T ==K ( call run _2 ~> call _2 () ~> call run _30 ~> call _30 () ~> call fact_e _75 ~> ret fact_e () ~> ret _30 () ~> call _30 () ~> call run _364 ~> call _364 () ~> ret _364 () ~> call _364 () ~> ret _364 () ~> ret run () ~> ret _30 () ~> ret run () ~> ret _2 () ~> call _2 () ~> call mc91_e _3466 ~> ret mc91_e () ~> ret _2 () )
#Or
  T ==K ( call run _2 ~> call _2 () ~> call run _30 ~> call _30 () ~> call fact_e _75 ~> ret fact_e () ~> ret _30 () ~> call _30 () ~> call run _364 ~> call _364 () ~> ret _364 () ~> call _364 () ~> ret _364 () ~> ret run () ~> ret _30 () ~> ret run () ~> ret _2 () ~> call _2 () ~> call mult_e _3557 )
#Or
  T ==K ( call run _2 ~> call _2 () ~> call run _30 ~> call _30 () ~> call fact_e _75 ~> ret fact_e () ~> ret _30 () ~> call _30 () ~> call run _364 ~> call _364 () ~> ret _364 () ~> call _364 () ~> ret _364 () ~> ret run () ~> ret _30 () ~> ret run () ~> ret _2 () ~> call _2 () ~> call mult_e _3557 ~> ret mult_e () ~> ret _2 () )
#Or
  T ==K ( call run _2 ~> call _2 () ~> call run _30 ~> call _30 () ~> call fact_e _75 ~> ret fact_e () ~> ret _30 () ~> call _30 () ~> call run _364 ~> call _364 () ~> ret _364 () ~> call _364 () ~> ret _364 () ~> ret run () ~> ret _30 () ~> ret run () ~> ret _2 () ~> call _2 () ~> call repeat_e _3515 )
#Or
  T ==K ( call run _2 ~> call _2 () ~> call run _30 ~> call _30 () ~> call fact_e _75 ~> ret fact_e () ~> ret _30 () ~> call _30 () ~> call run _364 ~> call _364 () ~> ret _364 () ~> call _364 () ~> ret _364 () ~> ret run () ~> ret _30 () ~> ret run () ~> ret _2 () ~> call _2 () ~> call run _3280 ~> call _3280 () ~> call run _4014 ~> call _4014 () ~> ret _4014 () ~> call _4014 () ~> ret _4014 () ~> ret run () ~> ret _3280 () ~> call _3280 () ~> call fact_e _6084 ~> ret fact_e () ~> ret _3280 () )
#Or
  T ==K ( call run _2 ~> call _2 () ~> call run _30 ~> call _30 () ~> call fact_e _75 ~> ret fact_e () ~> ret _30 () ~> call _30 () ~> call run _364 ~> call _364 () ~> ret _364 () ~> call _364 () ~> ret _364 () ~> ret run () ~> ret _30 () ~> ret run () ~> ret _2 () ~> call _2 () ~> call run _3280 ~> call _3280 () ~> call run _4014 ~> call _4014 () ~> ret _4014 () ~> call _4014 () ~> ret _4014 () ~> ret run () ~> ret _3280 () ~> call _3280 () ~> call mc91_e _6140 ~> ret mc91_e () ~> ret _3280 () )
#Or
  T ==K ( call run _2 ~> call _2 () ~> call run _30 ~> call _30 () ~> call fact_e _75 ~> ret fact_e () ~> ret _30 () ~> call _30 () ~> call run _364 ~> call _364 () ~> ret _364 () ~> call _364 () ~> ret _364 () ~> ret run () ~> ret _30 () ~> ret run () ~> ret _2 () ~> call _2 () ~> call run _3280 ~> call _3280 () ~> call run _4014 ~> call _4014 () ~> ret _4014 () ~> call _4014 () ~> ret _4014 () ~> ret run () ~> ret _3280 () ~> call _3280 () ~> ret _3280 () )
#Or
  T ==K ( call run _2 ~> call _2 () ~> call run _30 ~> call _30 () ~> call fact_e _75 ~> ret fact_e () ~> ret _30 () ~> call _30 () ~> call run _364 ~> call _364 () ~> ret _364 () ~> call _364 () ~> ret _364 () ~> ret run () ~> ret _30 () ~> ret run () ~> ret _2 () ~> call _2 () ~> call sum_e _3322 )
#Or
  T ==K ( call run _2 ~> call _2 () ~> call run _30 ~> call _30 () ~> call fact_e _75 ~> ret fact_e () ~> ret _30 () ~> call _30 () ~> call run _364 ~> call _364 () ~> ret _364 () ~> call _364 () ~> ret _364 () ~> ret run () ~> ret _30 () ~> ret run () ~> ret _2 () ~> call _2 () ~> call sum_e _3322 ~> ret sum_e () ~> ret _2 () )
#Or
  T ==K ( call run _2 ~> call _2 () ~> call run _30 ~> call _30 () ~> call fact_e _75 ~> ret fact_e () ~> ret _30 () ~> call _30 () ~> call run _364 ~> call _364 () ~> ret _364 () ~> call _364 () ~> ret _364 () ~> ret run () ~> ret _30 () ~> ret run () ~> ret _2 () ~> call _2 () ~> ret _2 () )
#Or
  T ==K ( call run _2 ~> call _2 () ~> call run _30 ~> call _30 () ~> call fact_e _75 ~> ret fact_e () ~> ret _30 () ~> call _30 () ~> ret _30 () ~> ret run () ~> ret _2 () ~> call _2 () ~> call esimple _1247 ~> ret esimple () ~> ret _2 () )
#Or
  T ==K ( call run _2 ~> call _2 () ~> call run _30 ~> call _30 () ~> call fact_e _75 ~> ret fact_e () ~> ret _30 () ~> call _30 () ~> ret _30 () ~> ret run () ~> ret _2 () ~> call _2 () ~> call fact_e _1127 ~> ret fact_e () ~> ret _2 () )
#Or
  T ==K ( call run _2 ~> call _2 () ~> call run _30 ~> call _30 () ~> call fact_e _75 ~> ret fact_e () ~> ret _30 () ~> call _30 () ~> ret _30 () ~> ret run () ~> ret _2 () ~> call _2 () ~> call lock_e _1218 ~> ret lock_e () ~> ret _2 () )
#Or
  T ==K ( call run _2 ~> call _2 () ~> call run _30 ~> call _30 () ~> call fact_e _75 ~> ret fact_e () ~> ret _30 () ~> call _30 () ~> ret _30 () ~> ret run () ~> ret _2 () ~> call _2 () ~> call mc91_e _1278 )
#Or
  T ==K ( call run _2 ~> call _2 () ~> call run _30 ~> call _30 () ~> call fact_e _75 ~> ret fact_e () ~> ret _30 () ~> call _30 () ~> ret _30 () ~> ret run () ~> ret _2 () ~> call _2 () ~> call mc91_e _1278 ~> ret mc91_e () ~> ret _2 () )
#Or
  T ==K ( call run _2 ~> call _2 () ~> call run _30 ~> call _30 () ~> call fact_e _75 ~> ret fact_e () ~> ret _30 () ~> call _30 () ~> ret _30 () ~> ret run () ~> ret _2 () ~> call _2 () ~> call mult_e _1337 )
#Or
  T ==K ( call run _2 ~> call _2 () ~> call run _30 ~> call _30 () ~> call fact_e _75 ~> ret fact_e () ~> ret _30 () ~> call _30 () ~> ret _30 () ~> ret run () ~> ret _2 () ~> call _2 () ~> call mult_e _1337 ~> ret mult_e () ~> ret _2 () )
#Or
  T ==K ( call run _2 ~> call _2 () ~> call run _30 ~> call _30 () ~> call fact_e _75 ~> ret fact_e () ~> ret _30 () ~> call _30 () ~> ret _30 () ~> ret run () ~> ret _2 () ~> call _2 () ~> call repeat_e _1307 )
#Or
  T ==K ( call run _2 ~> call _2 () ~> call run _30 ~> call _30 () ~> call fact_e _75 ~> ret fact_e () ~> ret _30 () ~> call _30 () ~> ret _30 () ~> ret run () ~> ret _2 () ~> call _2 () ~> call run _1157 ~> call _1157 () ~> call run _1694 ~> call _1694 () ~> ret _1694 () ~> call _1694 () ~> ret _1694 () ~> ret run () ~> ret _1157 () ~> call _1157 () ~> call fact_e _4743 ~> ret fact_e () ~> ret _1157 () )
#Or
  T ==K ( call run _2 ~> call _2 () ~> call run _30 ~> call _30 () ~> call fact_e _75 ~> ret fact_e () ~> ret _30 () ~> call _30 () ~> ret _30 () ~> ret run () ~> ret _2 () ~> call _2 () ~> call run _1157 ~> call _1157 () ~> call run _1694 ~> call _1694 () ~> ret _1694 () ~> call _1694 () ~> ret _1694 () ~> ret run () ~> ret _1157 () ~> call _1157 () ~> call mc91_e _4914 ~> ret mc91_e () ~> ret _1157 () )
#Or
  T ==K ( call run _2 ~> call _2 () ~> call run _30 ~> call _30 () ~> call fact_e _75 ~> ret fact_e () ~> ret _30 () ~> call _30 () ~> ret _30 () ~> ret run () ~> ret _2 () ~> call _2 () ~> call run _1157 ~> call _1157 () ~> call run _1694 ~> call _1694 () ~> ret _1694 () ~> call _1694 () ~> ret _1694 () ~> ret run () ~> ret _1157 () ~> call _1157 () ~> ret _1157 () )
#Or
  T ==K ( call run _2 ~> call _2 () ~> call run _30 ~> call _30 () ~> call fact_e _75 ~> ret fact_e () ~> ret _30 () ~> call _30 () ~> ret _30 () ~> ret run () ~> ret _2 () ~> call _2 () ~> call sum_e _1183 )
#Or
  T ==K ( call run _2 ~> call _2 () ~> call run _30 ~> call _30 () ~> call fact_e _75 ~> ret fact_e () ~> ret _30 () ~> call _30 () ~> ret _30 () ~> ret run () ~> ret _2 () ~> call _2 () ~> call sum_e _1183 ~> ret sum_e () ~> ret _2 () )
#Or
  T ==K ( call run _2 ~> call _2 () ~> call run _30 ~> call _30 () ~> call fact_e _75 ~> ret fact_e () ~> ret _30 () ~> call _30 () ~> ret _30 () ~> ret run () ~> ret _2 () ~> call _2 () ~> ret _2 () )
#Or
  T ==K ( call run _2 ~> call _2 () ~> call run _30 ~> call _30 () ~> call mc91_e _93 ~> ret mc91_e () ~> ret _30 () ~> call _30 () ~> call fact_e _366 ~> ret fact_e () ~> ret _30 () ~> ret run () ~> ret _2 () ~> call _2 () ~> call esimple _2032 ~> ret esimple () ~> ret _2 () )
#Or
  T ==K ( call run _2 ~> call _2 () ~> call run _30 ~> call _30 () ~> call mc91_e _93 ~> ret mc91_e () ~> ret _30 () ~> call _30 () ~> call fact_e _366 ~> ret fact_e () ~> ret _30 () ~> ret run () ~> ret _2 () ~> call _2 () ~> call fact_e _1867 ~> ret fact_e () ~> ret _2 () )
#Or
  T ==K ( call run _2 ~> call _2 () ~> call run _30 ~> call _30 () ~> call mc91_e _93 ~> ret mc91_e () ~> ret _30 () ~> call _30 () ~> call fact_e _366 ~> ret fact_e () ~> ret _30 () ~> ret run () ~> ret _2 () ~> call _2 () ~> call lock_e _1995 ~> ret lock_e () ~> ret _2 () )
#Or
  T ==K ( call run _2 ~> call _2 () ~> call run _30 ~> call _30 () ~> call mc91_e _93 ~> ret mc91_e () ~> ret _30 () ~> call _30 () ~> call fact_e _366 ~> ret fact_e () ~> ret _30 () ~> ret run () ~> ret _2 () ~> call _2 () ~> call mc91_e _2068 )
#Or
  T ==K ( call run _2 ~> call _2 () ~> call run _30 ~> call _30 () ~> call mc91_e _93 ~> ret mc91_e () ~> ret _30 () ~> call _30 () ~> call fact_e _366 ~> ret fact_e () ~> ret _30 () ~> ret run () ~> ret _2 () ~> call _2 () ~> call mc91_e _2068 ~> ret mc91_e () ~> ret _2 () )
#Or
  T ==K ( call run _2 ~> call _2 () ~> call run _30 ~> call _30 () ~> call mc91_e _93 ~> ret mc91_e () ~> ret _30 () ~> call _30 () ~> call fact_e _366 ~> ret fact_e () ~> ret _30 () ~> ret run () ~> ret _2 () ~> call _2 () ~> call mult_e _2156 )
#Or
  T ==K ( call run _2 ~> call _2 () ~> call run _30 ~> call _30 () ~> call mc91_e _93 ~> ret mc91_e () ~> ret _30 () ~> call _30 () ~> call fact_e _366 ~> ret fact_e () ~> ret _30 () ~> ret run () ~> ret _2 () ~> call _2 () ~> call mult_e _2156 ~> ret mult_e () ~> ret _2 () )
#Or
  T ==K ( call run _2 ~> call _2 () ~> call run _30 ~> call _30 () ~> call mc91_e _93 ~> ret mc91_e () ~> ret _30 () ~> call _30 () ~> call fact_e _366 ~> ret fact_e () ~> ret _30 () ~> ret run () ~> ret _2 () ~> call _2 () ~> call repeat_e _2112 )
#Or
  T ==K ( call run _2 ~> call _2 () ~> call run _30 ~> call _30 () ~> call mc91_e _93 ~> ret mc91_e () ~> ret _30 () ~> call _30 () ~> call fact_e _366 ~> ret fact_e () ~> ret _30 () ~> ret run () ~> ret _2 () ~> call _2 () ~> call run _1918 ~> call _1918 () ~> call run _2596 ~> call _2596 () ~> ret _2596 () ~> call _2596 () ~> ret _2596 () ~> ret run () ~> ret _1918 () ~> call _1918 () ~> call fact_e _5455 ~> ret fact_e () ~> ret _1918 () )
#Or
  T ==K ( call run _2 ~> call _2 () ~> call run _30 ~> call _30 () ~> call mc91_e _93 ~> ret mc91_e () ~> ret _30 () ~> call _30 () ~> call fact_e _366 ~> ret fact_e () ~> ret _30 () ~> ret run () ~> ret _2 () ~> call _2 () ~> call run _1918 ~> call _1918 () ~> call run _2596 ~> call _2596 () ~> ret _2596 () ~> call _2596 () ~> ret _2596 () ~> ret run () ~> ret _1918 () ~> call _1918 () ~> call mc91_e _5582 ~> ret mc91_e () ~> ret _1918 () )
#Or
  T ==K ( call run _2 ~> call _2 () ~> call run _30 ~> call _30 () ~> call mc91_e _93 ~> ret mc91_e () ~> ret _30 () ~> call _30 () ~> call fact_e _366 ~> ret fact_e () ~> ret _30 () ~> ret run () ~> ret _2 () ~> call _2 () ~> call run _1918 ~> call _1918 () ~> call run _2596 ~> call _2596 () ~> ret _2596 () ~> call _2596 () ~> ret _2596 () ~> ret run () ~> ret _1918 () ~> call _1918 () ~> ret _1918 () )
#Or
  T ==K ( call run _2 ~> call _2 () ~> call run _30 ~> call _30 () ~> call mc91_e _93 ~> ret mc91_e () ~> ret _30 () ~> call _30 () ~> call fact_e _366 ~> ret fact_e () ~> ret _30 () ~> ret run () ~> ret _2 () ~> call _2 () ~> call sum_e _1957 )
#Or
  T ==K ( call run _2 ~> call _2 () ~> call run _30 ~> call _30 () ~> call mc91_e _93 ~> ret mc91_e () ~> ret _30 () ~> call _30 () ~> call fact_e _366 ~> ret fact_e () ~> ret _30 () ~> ret run () ~> ret _2 () ~> call _2 () ~> call sum_e _1957 ~> ret sum_e () ~> ret _2 () )
#Or
  T ==K ( call run _2 ~> call _2 () ~> call run _30 ~> call _30 () ~> call mc91_e _93 ~> ret mc91_e () ~> ret _30 () ~> call _30 () ~> call fact_e _366 ~> ret fact_e () ~> ret _30 () ~> ret run () ~> ret _2 () ~> call _2 () ~> ret _2 () )
#Or
  T ==K ( call run _2 ~> call _2 () ~> call run _30 ~> call _30 () ~> call mc91_e _93 ~> ret mc91_e () ~> ret _30 () ~> call _30 () ~> call mc91_e _432 ~> ret mc91_e () ~> ret _30 () ~> ret run () ~> ret _2 () ~> call _2 () ~> call esimple _2069 ~> ret esimple () ~> ret _2 () )
#Or
  T ==K ( call run _2 ~> call _2 () ~> call run _30 ~> call _30 () ~> call mc91_e _93 ~> ret mc91_e () ~> ret _30 () ~> call _30 () ~> call mc91_e _432 ~> ret mc91_e () ~> ret _30 () ~> ret run () ~> ret _2 () ~> call _2 () ~> call fact_e _1919 ~> ret fact_e () ~> ret _2 () )
#Or
  T ==K ( call run _2 ~> call _2 () ~> call run _30 ~> call _30 () ~> call mc91_e _93 ~> ret mc91_e () ~> ret _30 () ~> call _30 () ~> call mc91_e _432 ~> ret mc91_e () ~> ret _30 () ~> ret run () ~> ret _2 () ~> call _2 () ~> call lock_e _2033 ~> ret lock_e () ~> ret _2 () )
#Or
  T ==K ( call run _2 ~> call _2 () ~> call run _30 ~> call _30 () ~> call mc91_e _93 ~> ret mc91_e () ~> ret _30 () ~> call _30 () ~> call mc91_e _432 ~> ret mc91_e () ~> ret _30 () ~> ret run () ~> ret _2 () ~> call _2 () ~> call mc91_e _2114 )
#Or
  T ==K ( call run _2 ~> call _2 () ~> call run _30 ~> call _30 () ~> call mc91_e _93 ~> ret mc91_e () ~> ret _30 () ~> call _30 () ~> call mc91_e _432 ~> ret mc91_e () ~> ret _30 () ~> ret run () ~> ret _2 () ~> call _2 () ~> call mc91_e _2114 ~> ret mc91_e () ~> ret _2 () )
#Or
  T ==K ( call run _2 ~> call _2 () ~> call run _30 ~> call _30 () ~> call mc91_e _93 ~> ret mc91_e () ~> ret _30 () ~> call _30 () ~> call mc91_e _432 ~> ret mc91_e () ~> ret _30 () ~> ret run () ~> ret _2 () ~> call _2 () ~> call mult_e _2197 )
#Or
  T ==K ( call run _2 ~> call _2 () ~> call run _30 ~> call _30 () ~> call mc91_e _93 ~> ret mc91_e () ~> ret _30 () ~> call _30 () ~> call mc91_e _432 ~> ret mc91_e () ~> ret _30 () ~> ret run () ~> ret _2 () ~> call _2 () ~> call mult_e _2197 ~> ret mult_e () ~> ret _2 () )
#Or
  T ==K ( call run _2 ~> call _2 () ~> call run _30 ~> call _30 () ~> call mc91_e _93 ~> ret mc91_e () ~> ret _30 () ~> call _30 () ~> call mc91_e _432 ~> ret mc91_e () ~> ret _30 () ~> ret run () ~> ret _2 () ~> call _2 () ~> call repeat_e _2157 )
#Or
  T ==K ( call run _2 ~> call _2 () ~> call run _30 ~> call _30 () ~> call mc91_e _93 ~> ret mc91_e () ~> ret _30 () ~> call _30 () ~> call mc91_e _432 ~> ret mc91_e () ~> ret _30 () ~> ret run () ~> ret _2 () ~> call _2 () ~> call run _1958 ~> call _1958 () ~> call run _2633 ~> call _2633 () ~> ret _2633 () ~> call _2633 () ~> ret _2633 () ~> ret run () ~> ret _1958 () ~> call _1958 () ~> call fact_e _5491 ~> ret fact_e () ~> ret _1958 () )
#Or
  T ==K ( call run _2 ~> call _2 () ~> call run _30 ~> call _30 () ~> call mc91_e _93 ~> ret mc91_e () ~> ret _30 () ~> call _30 () ~> call mc91_e _432 ~> ret mc91_e () ~> ret _30 () ~> ret run () ~> ret _2 () ~> call _2 () ~> call run _1958 ~> call _1958 () ~> call run _2633 ~> call _2633 () ~> ret _2633 () ~> call _2633 () ~> ret _2633 () ~> ret run () ~> ret _1958 () ~> call _1958 () ~> call mc91_e _5620 ~> ret mc91_e () ~> ret _1958 () )
#Or
  T ==K ( call run _2 ~> call _2 () ~> call run _30 ~> call _30 () ~> call mc91_e _93 ~> ret mc91_e () ~> ret _30 () ~> call _30 () ~> call mc91_e _432 ~> ret mc91_e () ~> ret _30 () ~> ret run () ~> ret _2 () ~> call _2 () ~> call run _1958 ~> call _1958 () ~> call run _2633 ~> call _2633 () ~> ret _2633 () ~> call _2633 () ~> ret _2633 () ~> ret run () ~> ret _1958 () ~> call _1958 () ~> ret _1958 () )
#Or
  T ==K ( call run _2 ~> call _2 () ~> call run _30 ~> call _30 () ~> call mc91_e _93 ~> ret mc91_e () ~> ret _30 () ~> call _30 () ~> call mc91_e _432 ~> ret mc91_e () ~> ret _30 () ~> ret run () ~> ret _2 () ~> call _2 () ~> call sum_e _1996 )
#Or
  T ==K ( call run _2 ~> call _2 () ~> call run _30 ~> call _30 () ~> call mc91_e _93 ~> ret mc91_e () ~> ret _30 () ~> call _30 () ~> call mc91_e _432 ~> ret mc91_e () ~> ret _30 () ~> ret run () ~> ret _2 () ~> call _2 () ~> call sum_e _1996 ~> ret sum_e () ~> ret _2 () )
#Or
  T ==K ( call run _2 ~> call _2 () ~> call run _30 ~> call _30 () ~> call mc91_e _93 ~> ret mc91_e () ~> ret _30 () ~> call _30 () ~> call mc91_e _432 ~> ret mc91_e () ~> ret _30 () ~> ret run () ~> ret _2 () ~> call _2 () ~> ret _2 () )
#Or
  T ==K ( call run _2 ~> call _2 () ~> call run _30 ~> call _30 () ~> call mc91_e _93 ~> ret mc91_e () ~> ret _30 () ~> call _30 () ~> call run _379 ~> call _379 () ~> ret _379 () ~> call _379 () ~> ret _379 () ~> ret run () ~> ret _30 () ~> ret run () ~> ret _2 () ~> call _2 () ~> call esimple _3477 ~> ret esimple () ~> ret _2 () )
#Or
  T ==K ( call run _2 ~> call _2 () ~> call run _30 ~> call _30 () ~> call mc91_e _93 ~> ret mc91_e () ~> ret _30 () ~> call _30 () ~> call run _379 ~> call _379 () ~> ret _379 () ~> call _379 () ~> ret _379 () ~> ret run () ~> ret _30 () ~> ret run () ~> ret _2 () ~> call _2 () ~> call fact_e _3289 ~> ret fact_e () ~> ret _2 () )
#Or
  T ==K ( call run _2 ~> call _2 () ~> call run _30 ~> call _30 () ~> call mc91_e _93 ~> ret mc91_e () ~> ret _30 () ~> call _30 () ~> call run _379 ~> call _379 () ~> ret _379 () ~> call _379 () ~> ret _379 () ~> ret run () ~> ret _30 () ~> ret run () ~> ret _2 () ~> call _2 () ~> call lock_e _3426 ~> ret lock_e () ~> ret _2 () )
#Or
  T ==K ( call run _2 ~> call _2 () ~> call run _30 ~> call _30 () ~> call mc91_e _93 ~> ret mc91_e () ~> ret _30 () ~> call _30 () ~> call run _379 ~> call _379 () ~> ret _379 () ~> call _379 () ~> ret _379 () ~> ret run () ~> ret _30 () ~> ret run () ~> ret _2 () ~> call _2 () ~> call mc91_e _3523 )
#Or
  T ==K ( call run _2 ~> call _2 () ~> call run _30 ~> call _30 () ~> call mc91_e _93 ~> ret mc91_e () ~> ret _30 () ~> call _30 () ~> call run _379 ~> call _379 () ~> ret _379 () ~> call _379 () ~> ret _379 () ~> ret run () ~> ret _30 () ~> ret run () ~> ret _2 () ~> call _2 () ~> call mc91_e _3523 ~> ret mc91_e () ~> ret _2 () )
#Or
  T ==K ( call run _2 ~> call _2 () ~> call run _30 ~> call _30 () ~> call mc91_e _93 ~> ret mc91_e () ~> ret _30 () ~> call _30 () ~> call run _379 ~> call _379 () ~> ret _379 () ~> call _379 () ~> ret _379 () ~> ret run () ~> ret _30 () ~> ret run () ~> ret _2 () ~> call _2 () ~> call mult_e _3607 )
#Or
  T ==K ( call run _2 ~> call _2 () ~> call run _30 ~> call _30 () ~> call mc91_e _93 ~> ret mc91_e () ~> ret _30 () ~> call _30 () ~> call run _379 ~> call _379 () ~> ret _379 () ~> call _379 () ~> ret _379 () ~> ret run () ~> ret _30 () ~> ret run () ~> ret _2 () ~> call _2 () ~> call mult_e _3607 ~> ret mult_e () ~> ret _2 () )
#Or
  T ==K ( call run _2 ~> call _2 () ~> call run _30 ~> call _30 () ~> call mc91_e _93 ~> ret mc91_e () ~> ret _30 () ~> call _30 () ~> call run _379 ~> call _379 () ~> ret _379 () ~> call _379 () ~> ret _379 () ~> ret run () ~> ret _30 () ~> ret run () ~> ret _2 () ~> call _2 () ~> call repeat_e _3568 )
#Or
  T ==K ( call run _2 ~> call _2 () ~> call run _30 ~> call _30 () ~> call mc91_e _93 ~> ret mc91_e () ~> ret _30 () ~> call _30 () ~> call run _379 ~> call _379 () ~> ret _379 () ~> call _379 () ~> ret _379 () ~> ret run () ~> ret _30 () ~> ret run () ~> ret _2 () ~> call _2 () ~> call run _3329 ~> call _3329 () ~> call run _4048 ~> call _4048 () ~> ret _4048 () ~> call _4048 () ~> ret _4048 () ~> ret run () ~> ret _3329 () ~> call _3329 () ~> call fact_e _6102 ~> ret fact_e () ~> ret _3329 () )
#Or
  T ==K ( call run _2 ~> call _2 () ~> call run _30 ~> call _30 () ~> call mc91_e _93 ~> ret mc91_e () ~> ret _30 () ~> call _30 () ~> call run _379 ~> call _379 () ~> ret _379 () ~> call _379 () ~> ret _379 () ~> ret run () ~> ret _30 () ~> ret run () ~> ret _2 () ~> call _2 () ~> call run _3329 ~> call _3329 () ~> call run _4048 ~> call _4048 () ~> ret _4048 () ~> call _4048 () ~> ret _4048 () ~> ret run () ~> ret _3329 () ~> call _3329 () ~> call mc91_e _6169 ~> ret mc91_e () ~> ret _3329 () )
#Or
  T ==K ( call run _2 ~> call _2 () ~> call run _30 ~> call _30 () ~> call mc91_e _93 ~> ret mc91_e () ~> ret _30 () ~> call _30 () ~> call run _379 ~> call _379 () ~> ret _379 () ~> call _379 () ~> ret _379 () ~> ret run () ~> ret _30 () ~> ret run () ~> ret _2 () ~> call _2 () ~> call run _3329 ~> call _3329 () ~> call run _4048 ~> call _4048 () ~> ret _4048 () ~> call _4048 () ~> ret _4048 () ~> ret run () ~> ret _3329 () ~> call _3329 () ~> ret _3329 () )
#Or
  T ==K ( call run _2 ~> call _2 () ~> call run _30 ~> call _30 () ~> call mc91_e _93 ~> ret mc91_e () ~> ret _30 () ~> call _30 () ~> call run _379 ~> call _379 () ~> ret _379 () ~> call _379 () ~> ret _379 () ~> ret run () ~> ret _30 () ~> ret run () ~> ret _2 () ~> call _2 () ~> call sum_e _3378 )
#Or
  T ==K ( call run _2 ~> call _2 () ~> call run _30 ~> call _30 () ~> call mc91_e _93 ~> ret mc91_e () ~> ret _30 () ~> call _30 () ~> call run _379 ~> call _379 () ~> ret _379 () ~> call _379 () ~> ret _379 () ~> ret run () ~> ret _30 () ~> ret run () ~> ret _2 () ~> call _2 () ~> call sum_e _3378 ~> ret sum_e () ~> ret _2 () )
#Or
  T ==K ( call run _2 ~> call _2 () ~> call run _30 ~> call _30 () ~> call mc91_e _93 ~> ret mc91_e () ~> ret _30 () ~> call _30 () ~> call run _379 ~> call _379 () ~> ret _379 () ~> call _379 () ~> ret _379 () ~> ret run () ~> ret _30 () ~> ret run () ~> ret _2 () ~> call _2 () ~> ret _2 () )
#Or
  T ==K ( call run _2 ~> call _2 () ~> call run _30 ~> call _30 () ~> call mc91_e _93 ~> ret mc91_e () ~> ret _30 () ~> call _30 () ~> ret _30 () ~> ret run () ~> ret _2 () ~> call _2 () ~> call esimple _1282 ~> ret esimple () ~> ret _2 () )
#Or
  T ==K ( call run _2 ~> call _2 () ~> call run _30 ~> call _30 () ~> call mc91_e _93 ~> ret mc91_e () ~> ret _30 () ~> call _30 () ~> ret _30 () ~> ret run () ~> ret _2 () ~> call _2 () ~> call fact_e _1161 ~> ret fact_e () ~> ret _2 () )
#Or
  T ==K ( call run _2 ~> call _2 () ~> call run _30 ~> call _30 () ~> call mc91_e _93 ~> ret mc91_e () ~> ret _30 () ~> call _30 () ~> ret _30 () ~> ret run () ~> ret _2 () ~> call _2 () ~> call lock_e _1250 ~> ret lock_e () ~> ret _2 () )
#Or
  T ==K ( call run _2 ~> call _2 () ~> call run _30 ~> call _30 () ~> call mc91_e _93 ~> ret mc91_e () ~> ret _30 () ~> call _30 () ~> ret _30 () ~> ret run () ~> ret _2 () ~> call _2 () ~> call mc91_e _1311 )
#Or
  T ==K ( call run _2 ~> call _2 () ~> call run _30 ~> call _30 () ~> call mc91_e _93 ~> ret mc91_e () ~> ret _30 () ~> call _30 () ~> ret _30 () ~> ret run () ~> ret _2 () ~> call _2 () ~> call mc91_e _1311 ~> ret mc91_e () ~> ret _2 () )
#Or
  T ==K ( call run _2 ~> call _2 () ~> call run _30 ~> call _30 () ~> call mc91_e _93 ~> ret mc91_e () ~> ret _30 () ~> call _30 () ~> ret _30 () ~> ret run () ~> ret _2 () ~> call _2 () ~> call mult_e _1371 )
#Or
  T ==K ( call run _2 ~> call _2 () ~> call run _30 ~> call _30 () ~> call mc91_e _93 ~> ret mc91_e () ~> ret _30 () ~> call _30 () ~> ret _30 () ~> ret run () ~> ret _2 () ~> call _2 () ~> call mult_e _1371 ~> ret mult_e () ~> ret _2 () )
#Or
  T ==K ( call run _2 ~> call _2 () ~> call run _30 ~> call _30 () ~> call mc91_e _93 ~> ret mc91_e () ~> ret _30 () ~> call _30 () ~> ret _30 () ~> ret run () ~> ret _2 () ~> call _2 () ~> call repeat_e _1341 )
#Or
  T ==K ( call run _2 ~> call _2 () ~> call run _30 ~> call _30 () ~> call mc91_e _93 ~> ret mc91_e () ~> ret _30 () ~> call _30 () ~> ret _30 () ~> ret run () ~> ret _2 () ~> call _2 () ~> call run _1189 ~> call _1189 () ~> call run _1725 ~> call _1725 () ~> ret _1725 () ~> call _1725 () ~> ret _1725 () ~> ret run () ~> ret _1189 () ~> call _1189 () ~> call fact_e _4788 ~> ret fact_e () ~> ret _1189 () )
#Or
  T ==K ( call run _2 ~> call _2 () ~> call run _30 ~> call _30 () ~> call mc91_e _93 ~> ret mc91_e () ~> ret _30 () ~> call _30 () ~> ret _30 () ~> ret run () ~> ret _2 () ~> call _2 () ~> call run _1189 ~> call _1189 () ~> call run _1725 ~> call _1725 () ~> ret _1725 () ~> call _1725 () ~> ret _1725 () ~> ret run () ~> ret _1189 () ~> call _1189 () ~> call mc91_e _4971 ~> ret mc91_e () ~> ret _1189 () )
#Or
  T ==K ( call run _2 ~> call _2 () ~> call run _30 ~> call _30 () ~> call mc91_e _93 ~> ret mc91_e () ~> ret _30 () ~> call _30 () ~> ret _30 () ~> ret run () ~> ret _2 () ~> call _2 () ~> call run _1189 ~> call _1189 () ~> call run _1725 ~> call _1725 () ~> ret _1725 () ~> call _1725 () ~> ret _1725 () ~> ret run () ~> ret _1189 () ~> call _1189 () ~> ret _1189 () )
#Or
  T ==K ( call run _2 ~> call _2 () ~> call run _30 ~> call _30 () ~> call mc91_e _93 ~> ret mc91_e () ~> ret _30 () ~> call _30 () ~> ret _30 () ~> ret run () ~> ret _2 () ~> call _2 () ~> call sum_e _1220 )
#Or
  T ==K ( call run _2 ~> call _2 () ~> call run _30 ~> call _30 () ~> call mc91_e _93 ~> ret mc91_e () ~> ret _30 () ~> call _30 () ~> ret _30 () ~> ret run () ~> ret _2 () ~> call _2 () ~> call sum_e _1220 ~> ret sum_e () ~> ret _2 () )
#Or
  T ==K ( call run _2 ~> call _2 () ~> call run _30 ~> call _30 () ~> call mc91_e _93 ~> ret mc91_e () ~> ret _30 () ~> call _30 () ~> ret _30 () ~> ret run () ~> ret _2 () ~> call _2 () ~> ret _2 () )
#Or
  T ==K ( call run _2 ~> call _2 () ~> call run _30 ~> call _30 () ~> call run _80 ~> call _80 () ~> ret _80 () ~> call _80 () ~> ret _80 () ~> ret run () ~> ret _30 () ~> call _30 () ~> call fact_e _1017 ~> ret fact_e () ~> ret _30 () )
#Or
  T ==K ( call run _2 ~> call _2 () ~> call run _30 ~> call _30 () ~> call run _80 ~> call _80 () ~> ret _80 () ~> call _80 () ~> ret _80 () ~> ret run () ~> ret _30 () ~> call _30 () ~> call mc91_e _1129 ~> ret mc91_e () ~> ret _30 () )
#Or
  T ==K ( call run _2 ~> call _2 () ~> call run _30 ~> call _30 () ~> call run _80 ~> call _80 () ~> ret _80 () ~> call _80 () ~> ret _80 () ~> ret run () ~> ret _30 () ~> call _30 () ~> call run _1035 ~> call _1035 () ~> ret _1035 () ~> call _1035 () ~> ret _1035 () ~> ret run () ~> ret _30 () ~> ret run () ~> ret _2 () ~> call _2 () ~> call esimple _4779 ~> ret esimple () ~> ret _2 () )
#Or
  T ==K ( call run _2 ~> call _2 () ~> call run _30 ~> call _30 () ~> call run _80 ~> call _80 () ~> ret _80 () ~> call _80 () ~> ret _80 () ~> ret run () ~> ret _30 () ~> call _30 () ~> call run _1035 ~> call _1035 () ~> ret _1035 () ~> call _1035 () ~> ret _1035 () ~> ret run () ~> ret _30 () ~> ret run () ~> ret _2 () ~> call _2 () ~> call fact_e _4658 ~> ret fact_e () ~> ret _2 () )
#Or
  T ==K ( call run _2 ~> call _2 () ~> call run _30 ~> call _30 () ~> call run _80 ~> call _80 () ~> ret _80 () ~> call _80 () ~> ret _80 () ~> ret run () ~> ret _30 () ~> call _30 () ~> call run _1035 ~> call _1035 () ~> ret _1035 () ~> call _1035 () ~> ret _1035 () ~> ret run () ~> ret _30 () ~> ret run () ~> ret _2 () ~> call _2 () ~> call lock_e _4744 ~> ret lock_e () ~> ret _2 () )
#Or
  T ==K ( call run _2 ~> call _2 () ~> call run _30 ~> call _30 () ~> call run _80 ~> call _80 () ~> ret _80 () ~> call _80 () ~> ret _80 () ~> ret run () ~> ret _30 () ~> call _30 () ~> call run _1035 ~> call _1035 () ~> ret _1035 () ~> call _1035 () ~> ret _1035 () ~> ret run () ~> ret _30 () ~> ret run () ~> ret _2 () ~> call _2 () ~> call mc91_e _4809 )
#Or
  T ==K ( call run _2 ~> call _2 () ~> call run _30 ~> call _30 () ~> call run _80 ~> call _80 () ~> ret _80 () ~> call _80 () ~> ret _80 () ~> ret run () ~> ret _30 () ~> call _30 () ~> call run _1035 ~> call _1035 () ~> ret _1035 () ~> call _1035 () ~> ret _1035 () ~> ret run () ~> ret _30 () ~> ret run () ~> ret _2 () ~> call _2 () ~> call mc91_e _4809 ~> ret mc91_e () ~> ret _2 () )
#Or
  T ==K ( call run _2 ~> call _2 () ~> call run _30 ~> call _30 () ~> call run _80 ~> call _80 () ~> ret _80 () ~> call _80 () ~> ret _80 () ~> ret run () ~> ret _30 () ~> call _30 () ~> call run _1035 ~> call _1035 () ~> ret _1035 () ~> call _1035 () ~> ret _1035 () ~> ret run () ~> ret _30 () ~> ret run () ~> ret _2 () ~> call _2 () ~> call mult_e _4876 )
#Or
  T ==K ( call run _2 ~> call _2 () ~> call run _30 ~> call _30 () ~> call run _80 ~> call _80 () ~> ret _80 () ~> call _80 () ~> ret _80 () ~> ret run () ~> ret _30 () ~> call _30 () ~> call run _1035 ~> call _1035 () ~> ret _1035 () ~> call _1035 () ~> ret _1035 () ~> ret run () ~> ret _30 () ~> ret run () ~> ret _2 () ~> call _2 () ~> call mult_e _4876 ~> ret mult_e () ~> ret _2 () )
#Or
  T ==K ( call run _2 ~> call _2 () ~> call run _30 ~> call _30 () ~> call run _80 ~> call _80 () ~> ret _80 () ~> call _80 () ~> ret _80 () ~> ret run () ~> ret _30 () ~> call _30 () ~> call run _1035 ~> call _1035 () ~> ret _1035 () ~> call _1035 () ~> ret _1035 () ~> ret run () ~> ret _30 () ~> ret run () ~> ret _2 () ~> call _2 () ~> call repeat_e _4843 )
#Or
  T ==K ( call run _2 ~> call _2 () ~> call run _30 ~> call _30 () ~> call run _80 ~> call _80 () ~> ret _80 () ~> call _80 () ~> ret _80 () ~> ret run () ~> ret _30 () ~> call _30 () ~> call run _1035 ~> call _1035 () ~> ret _1035 () ~> call _1035 () ~> ret _1035 () ~> ret run () ~> ret _30 () ~> ret run () ~> ret _2 () ~> call _2 () ~> call run _4684 ~> call _4684 () ~> call run _5294 ~> call _5294 () ~> ret _5294 () ~> call _5294 () ~> ret _5294 () ~> ret run () ~> ret _4684 () ~> call _4684 () ~> call fact_e _6369 ~> ret fact_e () ~> ret _4684 () )
#Or
  T ==K ( call run _2 ~> call _2 () ~> call run _30 ~> call _30 () ~> call run _80 ~> call _80 () ~> ret _80 () ~> call _80 () ~> ret _80 () ~> ret run () ~> ret _30 () ~> call _30 () ~> call run _1035 ~> call _1035 () ~> ret _1035 () ~> call _1035 () ~> ret _1035 () ~> ret run () ~> ret _30 () ~> ret run () ~> ret _2 () ~> call _2 () ~> call run _4684 ~> call _4684 () ~> call run _5294 ~> call _5294 () ~> ret _5294 () ~> call _5294 () ~> ret _5294 () ~> ret run () ~> ret _4684 () ~> call _4684 () ~> call mc91_e _6390 ~> ret mc91_e () ~> ret _4684 () )
#Or
  T ==K ( call run _2 ~> call _2 () ~> call run _30 ~> call _30 () ~> call run _80 ~> call _80 () ~> ret _80 () ~> call _80 () ~> ret _80 () ~> ret run () ~> ret _30 () ~> call _30 () ~> call run _1035 ~> call _1035 () ~> ret _1035 () ~> call _1035 () ~> ret _1035 () ~> ret run () ~> ret _30 () ~> ret run () ~> ret _2 () ~> call _2 () ~> call run _4684 ~> call _4684 () ~> call run _5294 ~> call _5294 () ~> ret _5294 () ~> call _5294 () ~> ret _5294 () ~> ret run () ~> ret _4684 () ~> call _4684 () ~> ret _4684 () )
#Or
  T ==K ( call run _2 ~> call _2 () ~> call run _30 ~> call _30 () ~> call run _80 ~> call _80 () ~> ret _80 () ~> call _80 () ~> ret _80 () ~> ret run () ~> ret _30 () ~> call _30 () ~> call run _1035 ~> call _1035 () ~> ret _1035 () ~> call _1035 () ~> ret _1035 () ~> ret run () ~> ret _30 () ~> ret run () ~> ret _2 () ~> call _2 () ~> call sum_e _4714 )
#Or
  T ==K ( call run _2 ~> call _2 () ~> call run _30 ~> call _30 () ~> call run _80 ~> call _80 () ~> ret _80 () ~> call _80 () ~> ret _80 () ~> ret run () ~> ret _30 () ~> call _30 () ~> call run _1035 ~> call _1035 () ~> ret _1035 () ~> call _1035 () ~> ret _1035 () ~> ret run () ~> ret _30 () ~> ret run () ~> ret _2 () ~> call _2 () ~> call sum_e _4714 ~> ret sum_e () ~> ret _2 () )
#Or
  T ==K ( call run _2 ~> call _2 () ~> call run _30 ~> call _30 () ~> call run _80 ~> call _80 () ~> ret _80 () ~> call _80 () ~> ret _80 () ~> ret run () ~> ret _30 () ~> call _30 () ~> call run _1035 ~> call _1035 () ~> ret _1035 () ~> call _1035 () ~> ret _1035 () ~> ret run () ~> ret _30 () ~> ret run () ~> ret _2 () ~> call _2 () ~> ret _2 () )
#Or
  T ==K ( call run _2 ~> call _2 () ~> call run _30 ~> call _30 () ~> call run _80 ~> call _80 () ~> ret _80 () ~> call _80 () ~> ret _80 () ~> ret run () ~> ret _30 () ~> call _30 () ~> ret _30 () )
#Or
  T ==K ( call run _2 ~> call _2 () ~> call run _30 ~> call _30 () ~> ret _30 () ~> call _30 () ~> call fact_e _168 ~> ret fact_e () ~> ret _30 () ~> ret run () ~> ret _2 () ~> call _2 () ~> call esimple _1251 ~> ret esimple () ~> ret _2 () )
#Or
  T ==K ( call run _2 ~> call _2 () ~> call run _30 ~> call _30 () ~> ret _30 () ~> call _30 () ~> call fact_e _168 ~> ret fact_e () ~> ret _30 () ~> ret run () ~> ret _2 () ~> call _2 () ~> call fact_e _1132 ~> ret fact_e () ~> ret _2 () )
#Or
  T ==K ( call run _2 ~> call _2 () ~> call run _30 ~> call _30 () ~> ret _30 () ~> call _30 () ~> call fact_e _168 ~> ret fact_e () ~> ret _30 () ~> ret run () ~> ret _2 () ~> call _2 () ~> call lock_e _1221 ~> ret lock_e () ~> ret _2 () )
#Or
  T ==K ( call run _2 ~> call _2 () ~> call run _30 ~> call _30 () ~> ret _30 () ~> call _30 () ~> call fact_e _168 ~> ret fact_e () ~> ret _30 () ~> ret run () ~> ret _2 () ~> call _2 () ~> call mc91_e _1284 )
#Or
  T ==K ( call run _2 ~> call _2 () ~> call run _30 ~> call _30 () ~> ret _30 () ~> call _30 () ~> call fact_e _168 ~> ret fact_e () ~> ret _30 () ~> ret run () ~> ret _2 () ~> call _2 () ~> call mc91_e _1284 ~> ret mc91_e () ~> ret _2 () )
#Or
  T ==K ( call run _2 ~> call _2 () ~> call run _30 ~> call _30 () ~> ret _30 () ~> call _30 () ~> call fact_e _168 ~> ret fact_e () ~> ret _30 () ~> ret run () ~> ret _2 () ~> call _2 () ~> call mult_e _1344 )
#Or
  T ==K ( call run _2 ~> call _2 () ~> call run _30 ~> call _30 () ~> ret _30 () ~> call _30 () ~> call fact_e _168 ~> ret fact_e () ~> ret _30 () ~> ret run () ~> ret _2 () ~> call _2 () ~> call mult_e _1344 ~> ret mult_e () ~> ret _2 () )
#Or
  T ==K ( call run _2 ~> call _2 () ~> call run _30 ~> call _30 () ~> ret _30 () ~> call _30 () ~> call fact_e _168 ~> ret fact_e () ~> ret _30 () ~> ret run () ~> ret _2 () ~> call _2 () ~> call repeat_e _1312 )
#Or
  T ==K ( call run _2 ~> call _2 () ~> call run _30 ~> call _30 () ~> ret _30 () ~> call _30 () ~> call fact_e _168 ~> ret fact_e () ~> ret _30 () ~> ret run () ~> ret _2 () ~> call _2 () ~> call run _1162 ~> call _1162 () ~> call run _1700 ~> call _1700 () ~> ret _1700 () ~> call _1700 () ~> ret _1700 () ~> ret run () ~> ret _1162 () ~> call _1162 () ~> call fact_e _4755 ~> ret fact_e () ~> ret _1162 () )
#Or
  T ==K ( call run _2 ~> call _2 () ~> call run _30 ~> call _30 () ~> ret _30 () ~> call _30 () ~> call fact_e _168 ~> ret fact_e () ~> ret _30 () ~> ret run () ~> ret _2 () ~> call _2 () ~> call run _1162 ~> call _1162 () ~> call run _1700 ~> call _1700 () ~> ret _1700 () ~> call _1700 () ~> ret _1700 () ~> ret run () ~> ret _1162 () ~> call _1162 () ~> call mc91_e _4930 ~> ret mc91_e () ~> ret _1162 () )
#Or
  T ==K ( call run _2 ~> call _2 () ~> call run _30 ~> call _30 () ~> ret _30 () ~> call _30 () ~> call fact_e _168 ~> ret fact_e () ~> ret _30 () ~> ret run () ~> ret _2 () ~> call _2 () ~> call run _1162 ~> call _1162 () ~> call run _1700 ~> call _1700 () ~> ret _1700 () ~> call _1700 () ~> ret _1700 () ~> ret run () ~> ret _1162 () ~> call _1162 () ~> ret _1162 () )
#Or
  T ==K ( call run _2 ~> call _2 () ~> call run _30 ~> call _30 () ~> ret _30 () ~> call _30 () ~> call fact_e _168 ~> ret fact_e () ~> ret _30 () ~> ret run () ~> ret _2 () ~> call _2 () ~> call sum_e _1190 )
#Or
  T ==K ( call run _2 ~> call _2 () ~> call run _30 ~> call _30 () ~> ret _30 () ~> call _30 () ~> call fact_e _168 ~> ret fact_e () ~> ret _30 () ~> ret run () ~> ret _2 () ~> call _2 () ~> call sum_e _1190 ~> ret sum_e () ~> ret _2 () )
#Or
  T ==K ( call run _2 ~> call _2 () ~> call run _30 ~> call _30 () ~> ret _30 () ~> call _30 () ~> call fact_e _168 ~> ret fact_e () ~> ret _30 () ~> ret run () ~> ret _2 () ~> call _2 () ~> ret _2 () )
#Or
  T ==K ( call run _2 ~> call _2 () ~> call run _30 ~> call _30 () ~> ret _30 () ~> call _30 () ~> call mc91_e _196 ~> ret mc91_e () ~> ret _30 () ~> ret run () ~> ret _2 () ~> call _2 () ~> call esimple _1285 ~> ret esimple () ~> ret _2 () )
#Or
  T ==K ( call run _2 ~> call _2 () ~> call run _30 ~> call _30 () ~> ret _30 () ~> call _30 () ~> call mc91_e _196 ~> ret mc91_e () ~> ret _30 () ~> ret run () ~> ret _2 () ~> call _2 () ~> call fact_e _1163 ~> ret fact_e () ~> ret _2 () )
#Or
  T ==K ( call run _2 ~> call _2 () ~> call run _30 ~> call _30 () ~> ret _30 () ~> call _30 () ~> call mc91_e _196 ~> ret mc91_e () ~> ret _30 () ~> ret run () ~> ret _2 () ~> call _2 () ~> call lock_e _1252 ~> ret lock_e () ~> ret _2 () )
#Or
  T ==K ( call run _2 ~> call _2 () ~> call run _30 ~> call _30 () ~> ret _30 () ~> call _30 () ~> call mc91_e _196 ~> ret mc91_e () ~> ret _30 () ~> ret run () ~> ret _2 () ~> call _2 () ~> call mc91_e _1314 )
#Or
  T ==K ( call run _2 ~> call _2 () ~> call run _30 ~> call _30 () ~> ret _30 () ~> call _30 () ~> call mc91_e _196 ~> ret mc91_e () ~> ret _30 () ~> ret run () ~> ret _2 () ~> call _2 () ~> call mc91_e _1314 ~> ret mc91_e () ~> ret _2 () )
#Or
  T ==K ( call run _2 ~> call _2 () ~> call run _30 ~> call _30 () ~> ret _30 () ~> call _30 () ~> call mc91_e _196 ~> ret mc91_e () ~> ret _30 () ~> ret run () ~> ret _2 () ~> call _2 () ~> call mult_e _1374 )
#Or
  T ==K ( call run _2 ~> call _2 () ~> call run _30 ~> call _30 () ~> ret _30 () ~> call _30 () ~> call mc91_e _196 ~> ret mc91_e () ~> ret _30 () ~> ret run () ~> ret _2 () ~> call _2 () ~> call mult_e _1374 ~> ret mult_e () ~> ret _2 () )
#Or
  T ==K ( call run _2 ~> call _2 () ~> call run _30 ~> call _30 () ~> ret _30 () ~> call _30 () ~> call mc91_e _196 ~> ret mc91_e () ~> ret _30 () ~> ret run () ~> ret _2 () ~> call _2 () ~> call repeat_e _1345 )
#Or
  T ==K ( call run _2 ~> call _2 () ~> call run _30 ~> call _30 () ~> ret _30 () ~> call _30 () ~> call mc91_e _196 ~> ret mc91_e () ~> ret _30 () ~> ret run () ~> ret _2 () ~> call _2 () ~> call run _1191 ~> call _1191 () ~> call run _1729 ~> call _1729 () ~> ret _1729 () ~> call _1729 () ~> ret _1729 () ~> ret run () ~> ret _1191 () ~> call _1191 () ~> call fact_e _4794 ~> ret fact_e () ~> ret _1191 () )
#Or
  T ==K ( call run _2 ~> call _2 () ~> call run _30 ~> call _30 () ~> ret _30 () ~> call _30 () ~> call mc91_e _196 ~> ret mc91_e () ~> ret _30 () ~> ret run () ~> ret _2 () ~> call _2 () ~> call run _1191 ~> call _1191 () ~> call run _1729 ~> call _1729 () ~> ret _1729 () ~> call _1729 () ~> ret _1729 () ~> ret run () ~> ret _1191 () ~> call _1191 () ~> call mc91_e _4985 ~> ret mc91_e () ~> ret _1191 () )
#Or
  T ==K ( call run _2 ~> call _2 () ~> call run _30 ~> call _30 () ~> ret _30 () ~> call _30 () ~> call mc91_e _196 ~> ret mc91_e () ~> ret _30 () ~> ret run () ~> ret _2 () ~> call _2 () ~> call run _1191 ~> call _1191 () ~> call run _1729 ~> call _1729 () ~> ret _1729 () ~> call _1729 () ~> ret _1729 () ~> ret run () ~> ret _1191 () ~> call _1191 () ~> ret _1191 () )
#Or
  T ==K ( call run _2 ~> call _2 () ~> call run _30 ~> call _30 () ~> ret _30 () ~> call _30 () ~> call mc91_e _196 ~> ret mc91_e () ~> ret _30 () ~> ret run () ~> ret _2 () ~> call _2 () ~> call sum_e _1222 )
#Or
  T ==K ( call run _2 ~> call _2 () ~> call run _30 ~> call _30 () ~> ret _30 () ~> call _30 () ~> call mc91_e _196 ~> ret mc91_e () ~> ret _30 () ~> ret run () ~> ret _2 () ~> call _2 () ~> call sum_e _1222 ~> ret sum_e () ~> ret _2 () )
#Or
  T ==K ( call run _2 ~> call _2 () ~> call run _30 ~> call _30 () ~> ret _30 () ~> call _30 () ~> call mc91_e _196 ~> ret mc91_e () ~> ret _30 () ~> ret run () ~> ret _2 () ~> call _2 () ~> ret _2 () )
#Or
  T ==K ( call run _2 ~> call _2 () ~> call run _30 ~> call _30 () ~> ret _30 () ~> call _30 () ~> call run _173 ~> call _173 () ~> ret _173 () ~> call _173 () ~> ret _173 () ~> ret run () ~> ret _30 () ~> ret run () ~> ret _2 () ~> call _2 () ~> call esimple _2521 ~> ret esimple () ~> ret _2 () )
#Or
  T ==K ( call run _2 ~> call _2 () ~> call run _30 ~> call _30 () ~> ret _30 () ~> call _30 () ~> call run _173 ~> call _173 () ~> ret _173 () ~> call _173 () ~> ret _173 () ~> ret run () ~> ret _30 () ~> ret run () ~> ret _2 () ~> call _2 () ~> call fact_e _2384 ~> ret fact_e () ~> ret _2 () )
#Or
  T ==K ( call run _2 ~> call _2 () ~> call run _30 ~> call _30 () ~> ret _30 () ~> call _30 () ~> call run _173 ~> call _173 () ~> ret _173 () ~> call _173 () ~> ret _173 () ~> ret run () ~> ret _30 () ~> ret run () ~> ret _2 () ~> call _2 () ~> call lock_e _2478 ~> ret lock_e () ~> ret _2 () )
#Or
  T ==K ( call run _2 ~> call _2 () ~> call run _30 ~> call _30 () ~> ret _30 () ~> call _30 () ~> call run _173 ~> call _173 () ~> ret _173 () ~> call _173 () ~> ret _173 () ~> ret run () ~> ret _30 () ~> ret run () ~> ret _2 () ~> call _2 () ~> call mc91_e _2564 )
#Or
  T ==K ( call run _2 ~> call _2 () ~> call run _30 ~> call _30 () ~> ret _30 () ~> call _30 () ~> call run _173 ~> call _173 () ~> ret _173 () ~> call _173 () ~> ret _173 () ~> ret run () ~> ret _30 () ~> ret run () ~> ret _2 () ~> call _2 () ~> call mc91_e _2564 ~> ret mc91_e () ~> ret _2 () )
#Or
  T ==K ( call run _2 ~> call _2 () ~> call run _30 ~> call _30 () ~> ret _30 () ~> call _30 () ~> call run _173 ~> call _173 () ~> ret _173 () ~> call _173 () ~> ret _173 () ~> ret run () ~> ret _30 () ~> ret run () ~> ret _2 () ~> call _2 () ~> call mult_e _2643 )
#Or
  T ==K ( call run _2 ~> call _2 () ~> call run _30 ~> call _30 () ~> ret _30 () ~> call _30 () ~> call run _173 ~> call _173 () ~> ret _173 () ~> call _173 () ~> ret _173 () ~> ret run () ~> ret _30 () ~> ret run () ~> ret _2 () ~> call _2 () ~> call mult_e _2643 ~> ret mult_e () ~> ret _2 () )
#Or
  T ==K ( call run _2 ~> call _2 () ~> call run _30 ~> call _30 () ~> ret _30 () ~> call _30 () ~> call run _173 ~> call _173 () ~> ret _173 () ~> call _173 () ~> ret _173 () ~> ret run () ~> ret _30 () ~> ret run () ~> ret _2 () ~> call _2 () ~> call repeat_e _2606 )
#Or
  T ==K ( call run _2 ~> call _2 () ~> call run _30 ~> call _30 () ~> ret _30 () ~> call _30 () ~> call run _173 ~> call _173 () ~> ret _173 () ~> call _173 () ~> ret _173 () ~> ret run () ~> ret _30 () ~> ret run () ~> ret _2 () ~> call _2 () ~> call run _2411 ~> call _2411 () ~> call run _3125 ~> call _3125 () ~> ret _3125 () ~> call _3125 () ~> ret _3125 () ~> ret run () ~> ret _2411 () ~> call _2411 () ~> call fact_e _5781 ~> ret fact_e () ~> ret _2411 () )
#Or
  T ==K ( call run _2 ~> call _2 () ~> call run _30 ~> call _30 () ~> ret _30 () ~> call _30 () ~> call run _173 ~> call _173 () ~> ret _173 () ~> call _173 () ~> ret _173 () ~> ret run () ~> ret _30 () ~> ret run () ~> ret _2 () ~> call _2 () ~> call run _2411 ~> call _2411 () ~> call run _3125 ~> call _3125 () ~> ret _3125 () ~> call _3125 () ~> ret _3125 () ~> ret run () ~> ret _2411 () ~> call _2411 () ~> call mc91_e _5874 ~> ret mc91_e () ~> ret _2411 () )
#Or
  T ==K ( call run _2 ~> call _2 () ~> call run _30 ~> call _30 () ~> ret _30 () ~> call _30 () ~> call run _173 ~> call _173 () ~> ret _173 () ~> call _173 () ~> ret _173 () ~> ret run () ~> ret _30 () ~> ret run () ~> ret _2 () ~> call _2 () ~> call run _2411 ~> call _2411 () ~> call run _3125 ~> call _3125 () ~> ret _3125 () ~> call _3125 () ~> ret _3125 () ~> ret run () ~> ret _2411 () ~> call _2411 () ~> ret _2411 () )
#Or
  T ==K ( call run _2 ~> call _2 () ~> call run _30 ~> call _30 () ~> ret _30 () ~> call _30 () ~> call run _173 ~> call _173 () ~> ret _173 () ~> call _173 () ~> ret _173 () ~> ret run () ~> ret _30 () ~> ret run () ~> ret _2 () ~> call _2 () ~> call sum_e _2445 )
#Or
  T ==K ( call run _2 ~> call _2 () ~> call run _30 ~> call _30 () ~> ret _30 () ~> call _30 () ~> call run _173 ~> call _173 () ~> ret _173 () ~> call _173 () ~> ret _173 () ~> ret run () ~> ret _30 () ~> ret run () ~> ret _2 () ~> call _2 () ~> call sum_e _2445 ~> ret sum_e () ~> ret _2 () )
#Or
  T ==K ( call run _2 ~> call _2 () ~> call run _30 ~> call _30 () ~> ret _30 () ~> call _30 () ~> call run _173 ~> call _173 () ~> ret _173 () ~> call _173 () ~> ret _173 () ~> ret run () ~> ret _30 () ~> ret run () ~> ret _2 () ~> call _2 () ~> ret _2 () )
#Or
  T ==K ( call run _2 ~> call _2 () ~> call run _30 ~> call _30 () ~> ret _30 () ~> call _30 () ~> ret _30 () ~> ret run () ~> ret _2 () ~> call _2 () ~> call esimple _742 ~> ret esimple () ~> ret _2 () )
#Or
  T ==K ( call run _2 ~> call _2 () ~> call run _30 ~> call _30 () ~> ret _30 () ~> call _30 () ~> ret _30 () ~> ret run () ~> ret _2 () ~> call _2 () ~> call fact_e _652 ~> ret fact_e () ~> ret _2 () )
#Or
  T ==K ( call run _2 ~> call _2 () ~> call run _30 ~> call _30 () ~> ret _30 () ~> call _30 () ~> ret _30 () ~> ret run () ~> ret _2 () ~> call _2 () ~> call lock_e _718 ~> ret lock_e () ~> ret _2 () )
#Or
  T ==K ( call run _2 ~> call _2 () ~> call run _30 ~> call _30 () ~> ret _30 () ~> call _30 () ~> ret _30 () ~> ret run () ~> ret _2 () ~> call _2 () ~> call mc91_e _762 )
#Or
  T ==K ( call run _2 ~> call _2 () ~> call run _30 ~> call _30 () ~> ret _30 () ~> call _30 () ~> ret _30 () ~> ret run () ~> ret _2 () ~> call _2 () ~> call mc91_e _762 ~> ret mc91_e () ~> ret _2 () )
#Or
  T ==K ( call run _2 ~> call _2 () ~> call run _30 ~> call _30 () ~> ret _30 () ~> call _30 () ~> ret _30 () ~> ret run () ~> ret _2 () ~> call _2 () ~> call mult_e _799 )
#Or
  T ==K ( call run _2 ~> call _2 () ~> call run _30 ~> call _30 () ~> ret _30 () ~> call _30 () ~> ret _30 () ~> ret run () ~> ret _2 () ~> call _2 () ~> call mult_e _799 ~> ret mult_e () ~> ret _2 () )
#Or
  T ==K ( call run _2 ~> call _2 () ~> call run _30 ~> call _30 () ~> ret _30 () ~> call _30 () ~> ret _30 () ~> ret run () ~> ret _2 () ~> call _2 () ~> call repeat_e _780 )
#Or
  T ==K ( call run _2 ~> call _2 () ~> call run _30 ~> call _30 () ~> ret _30 () ~> call _30 () ~> ret _30 () ~> ret run () ~> ret _2 () ~> call _2 () ~> call run _676 ~> call _676 () ~> call run _1037 ~> call _1037 () ~> ret _1037 () ~> call _1037 () ~> ret _1037 () ~> ret run () ~> ret _676 () ~> call _676 () ~> call fact_e _3976 ~> ret fact_e () ~> ret _676 () )
#Or
  T ==K ( call run _2 ~> call _2 () ~> call run _30 ~> call _30 () ~> ret _30 () ~> call _30 () ~> ret _30 () ~> ret run () ~> ret _2 () ~> call _2 () ~> call run _676 ~> call _676 () ~> call run _1037 ~> call _1037 () ~> ret _1037 () ~> call _1037 () ~> ret _1037 () ~> ret run () ~> ret _676 () ~> call _676 () ~> call mc91_e _4138 ~> ret mc91_e () ~> ret _676 () )
#Or
  T ==K ( call run _2 ~> call _2 () ~> call run _30 ~> call _30 () ~> ret _30 () ~> call _30 () ~> ret _30 () ~> ret run () ~> ret _2 () ~> call _2 () ~> call run _676 ~> call _676 () ~> call run _1037 ~> call _1037 () ~> ret _1037 () ~> call _1037 () ~> ret _1037 () ~> ret run () ~> ret _676 () ~> call _676 () ~> ret _676 () )
#Or
  T ==K ( call run _2 ~> call _2 () ~> call run _30 ~> call _30 () ~> ret _30 () ~> call _30 () ~> ret _30 () ~> ret run () ~> ret _2 () ~> call _2 () ~> call sum_e _698 )
#Or
  T ==K ( call run _2 ~> call _2 () ~> call run _30 ~> call _30 () ~> ret _30 () ~> call _30 () ~> ret _30 () ~> ret run () ~> ret _2 () ~> call _2 () ~> call sum_e _698 ~> ret sum_e () ~> ret _2 () )
#Or
  T ==K ( call run _2 ~> call _2 () ~> call run _30 ~> call _30 () ~> ret _30 () ~> call _30 () ~> ret _30 () ~> ret run () ~> ret _2 () ~> call _2 () ~> ret _2 () )
#Or
  T ==K ( call run _2 ~> call _2 () ~> call sum_e _32 )
#Or
  T ==K ( call run _2 ~> call _2 () ~> call sum_e _32 ~> ret sum_e () ~> ret _2 () ~> call _2 () ~> call mc91_e _293 )
#Or
  T ==K ( call run _2 ~> call _2 () ~> call sum_e _32 ~> ret sum_e () ~> ret _2 () ~> call _2 () ~> call mult_e _313 )
#Or
  T ==K ( call run _2 ~> call _2 () ~> call sum_e _32 ~> ret sum_e () ~> ret _2 () ~> call _2 () ~> call repeat_e _301 )
#Or
  T ==K ( call run _2 ~> call _2 () ~> call sum_e _32 ~> ret sum_e () ~> ret _2 () ~> call _2 () ~> call run _265 ~> call _265 () ~> call run _478 ~> call _478 () ~> ret _478 () ~> call _478 () ~> ret _478 () ~> ret run () ~> ret _265 () ~> call _265 () ~> call fact_e _2813 ~> ret fact_e () ~> ret _265 () )
#Or
  T ==K ( call run _2 ~> call _2 () ~> call sum_e _32 ~> ret sum_e () ~> ret _2 () ~> call _2 () ~> call run _265 ~> call _265 () ~> call run _478 ~> call _478 () ~> ret _478 () ~> call _478 () ~> ret _478 () ~> ret run () ~> ret _265 () ~> call _265 () ~> call mc91_e _3009 ~> ret mc91_e () ~> ret _265 () )
#Or
  T ==K ( call run _2 ~> call _2 () ~> call sum_e _32 ~> ret sum_e () ~> ret _2 () ~> call _2 () ~> call run _265 ~> call _265 () ~> call run _478 ~> call _478 () ~> ret _478 () ~> call _478 () ~> ret _478 () ~> ret run () ~> ret _265 () ~> call _265 () ~> ret _265 () )
#Or
  T ==K ( call run _2 ~> call _2 () ~> call sum_e _32 ~> ret sum_e () ~> ret _2 () ~> call _2 () ~> call sum_e _271 )
#Or
  T ==K ( call run _2 ~> call _2 () ~> ret _2 () ~> call _2 () ~> call mc91_e _112 )
#Or
  T ==K ( call run _2 ~> call _2 () ~> ret _2 () ~> call _2 () ~> call mult_e _121 )
#Or
  T ==K ( call run _2 ~> call _2 () ~> ret _2 () ~> call _2 () ~> call repeat_e _116 )
#Or
  T ==K ( call run _2 ~> call _2 () ~> ret _2 () ~> call _2 () ~> call run _95 ~> call _95 () ~> call run _175 ~> call _175 () ~> ret _175 () ~> call _175 () ~> ret _175 () ~> ret run () ~> ret _95 () ~> call _95 () ~> call fact_e _1656 ~> ret fact_e () ~> ret _95 () )
#Or
  T ==K ( call run _2 ~> call _2 () ~> ret _2 () ~> call _2 () ~> call run _95 ~> call _95 () ~> call run _175 ~> call _175 () ~> ret _175 () ~> call _175 () ~> ret _175 () ~> ret run () ~> ret _95 () ~> call _95 () ~> call mc91_e _1809 ~> ret mc91_e () ~> ret _95 () )
#Or
  T ==K ( call run _2 ~> call _2 () ~> ret _2 () ~> call _2 () ~> call run _95 ~> call _95 () ~> call run _175 ~> call _175 () ~> ret _175 () ~> call _175 () ~> ret _175 () ~> ret run () ~> ret _95 () ~> call _95 () ~> ret _95 () )
#Or
  T ==K ( call run _2 ~> call _2 () ~> ret _2 () ~> call _2 () ~> call sum_e _99 )
#Or
  T ==K call fact_e _1
#Or
  T ==K call lock_e _4
#Or
  T ==K call mc91_e _7
#Or
  T ==K call mult_e _11
#Or
  T ==K call repeat_e _8
#Or
  T ==K call sum_e _3

real	0m34.000s
user	0m59.382s
sys	0m3.976s
