  T ==K ( call isNone _8 ~> call syscall 0 ~> call fact_e _72 )
#Or
  T ==K ( call isNone _8 ~> call syscall 0 ~> call isA _98 ~> call syscall 1 ~> call fact_e _224 )
#Or
  T ==K ( call isNone _8 ~> call syscall 0 ~> call isA _98 ~> call syscall 1 ~> call isAB _229 ~> call syscall 2 ~> call isABC _364 ~> call syscall 3 ~> call isABCD _488 )
#Or
  T ==K ( call isNone _8 ~> call syscall 0 ~> call isA _98 ~> call syscall 1 ~> call isAB _229 ~> call syscall 2 ~> call mc91_e _379 )
#Or
  T ==K ( call isNone _8 ~> call syscall 0 ~> call isA _98 ~> call syscall 1 ~> call isAB _229 ~> call syscall 2 ~> call mult_e _391 )
#Or
  T ==K ( call isNone _8 ~> call syscall 0 ~> call isA _98 ~> call syscall 1 ~> call isAB _229 ~> call syscall 2 ~> call repeat_e _380 )
#Or
  T ==K ( call isNone _8 ~> call syscall 0 ~> call isA _98 ~> call syscall 1 ~> call isAB _229 ~> call syscall 2 ~> call sum_e _360 )
#Or
  T ==K ( call isNone _8 ~> call syscall 0 ~> call isA _98 ~> call syscall 1 ~> call lock_e _239 )
#Or
  T ==K ( call isNone _8 ~> call syscall 0 ~> call isA _98 ~> call syscall 1 ~> call mc91_e _249 )
#Or
  T ==K ( call isNone _8 ~> call syscall 0 ~> call isA _98 ~> call syscall 1 ~> call mult_e _262 )
#Or
  T ==K ( call isNone _8 ~> call syscall 0 ~> call isA _98 ~> call syscall 1 ~> call repeat_e _252 )
#Or
  T ==K ( call isNone _8 ~> call syscall 0 ~> call isA _98 ~> call syscall 1 ~> call sum_e _230 )
#Or
  T ==K ( call isNone _8 ~> call syscall 0 ~> call lock_e _79 )
#Or
  T ==K ( call isNone _8 ~> call syscall 0 ~> call mc91_e _91 )
#Or
  T ==K ( call isNone _8 ~> call syscall 0 ~> call mult_e _106 )
#Or
  T ==K ( call isNone _8 ~> call syscall 0 ~> call repeat_e _95 )
#Or
  T ==K ( call isNone _8 ~> call syscall 0 ~> call sum_e _76 )
#Or
  T ==K call fact_e _1
#Or
  T ==K call lock_e _5
#Or
  T ==K call mc91_e _11
#Or
  T ==K call mult_e _18
#Or
  T ==K call repeat_e _12
#Or
  T ==K call sum_e _3

real	0m11.418s
user	0m27.848s
sys	0m1.558s
