  T ==K ( call claimBonus () ~> call send 10 ~> call claimBonus () ~> call send 10 ~> call fact_e _209 ~> ret fact_e () ~> ret send () ~> ret claimBonus () ~> ret send () )
#Or
  T ==K ( call claimBonus () ~> call send 10 ~> call claimBonus () ~> call send 10 ~> call mc91_e _220 ~> ret mc91_e () ~> ret send () ~> ret claimBonus () ~> ret send () )
#Or
  T ==K ( call claimBonus () ~> call send 10 ~> call claimBonus () ~> call send 10 ~> ret send () ~> ret claimBonus () ~> ret send () )
#Or
  T ==K ( call claimBonus () ~> call send 10 ~> call fact_e _74 )
#Or
  T ==K ( call claimBonus () ~> call send 10 ~> call lock_e _83 )
#Or
  T ==K ( call claimBonus () ~> call send 10 ~> call mc91_e _88 )
#Or
  T ==K ( call claimBonus () ~> call send 10 ~> call mult_e _96 )
#Or
  T ==K ( call claimBonus () ~> call send 10 ~> call repeat_e _92 )
#Or
  T ==K ( call claimBonus () ~> call send 10 ~> call sum_e _81 )
#Or
  T ==K call fact_e _1
#Or
  T ==K call lock_e _3
#Or
  T ==K call mc91_e _5
#Or
  T ==K call mult_e _9
#Or
  T ==K call repeat_e _7
#Or
  T ==K call sum_e _2

real	0m9.014s
user	0m23.667s
sys	0m1.107s
