  T ==K ( call claimBonus () ~> call send 10 ~> ret send () ~> ret claimBonus () ~> call claimBonus () ~> ret claimBonus () ~> call mc91_e _2717 )
#Or
  T ==K ( call claimBonus () ~> call send 10 ~> ret send () ~> ret claimBonus () ~> call claimBonus () ~> ret claimBonus () ~> call mult_e _2798 )
#Or
  T ==K ( call claimBonus () ~> call send 10 ~> ret send () ~> ret claimBonus () ~> call claimBonus () ~> ret claimBonus () ~> call repeat_e _2752 )
#Or
  T ==K ( call claimBonus () ~> call send 10 ~> ret send () ~> ret claimBonus () ~> call claimBonus () ~> ret claimBonus () ~> call sum_e _2630 )
#Or
  T ==K ( call claimBonus () ~> call send 10 ~> ret send () ~> ret claimBonus () ~> call esimple _1690 ~> ret esimple () ~> call mc91_e _3146 )
#Or
  T ==K ( call claimBonus () ~> call send 10 ~> ret send () ~> ret claimBonus () ~> call esimple _1690 ~> ret esimple () ~> call mult_e _3205 )
#Or
  T ==K ( call claimBonus () ~> call send 10 ~> ret send () ~> ret claimBonus () ~> call esimple _1690 ~> ret esimple () ~> call repeat_e _3180 )
#Or
  T ==K ( call claimBonus () ~> call send 10 ~> ret send () ~> ret claimBonus () ~> call esimple _1690 ~> ret esimple () ~> call sum_e _3058 )
#Or
  T ==K ( call claimBonus () ~> call send 10 ~> ret send () ~> ret claimBonus () ~> call fact_e _1541 ~> ret fact_e () ~> call mc91_e _2549 )
#Or
  T ==K ( call claimBonus () ~> call send 10 ~> ret send () ~> ret claimBonus () ~> call fact_e _1541 ~> ret fact_e () ~> call mult_e _2626 )
#Or
  T ==K ( call claimBonus () ~> call send 10 ~> ret send () ~> ret claimBonus () ~> call fact_e _1541 ~> ret fact_e () ~> call repeat_e _2588 )
#Or
  T ==K ( call claimBonus () ~> call send 10 ~> ret send () ~> ret claimBonus () ~> call fact_e _1541 ~> ret fact_e () ~> call sum_e _2425 )
#Or
  T ==K ( call claimBonus () ~> call send 10 ~> ret send () ~> ret claimBonus () ~> call lock_e _1655 ~> ret lock_e () ~> call mc91_e _3633 )
#Or
  T ==K ( call claimBonus () ~> call send 10 ~> ret send () ~> ret claimBonus () ~> call lock_e _1655 ~> ret lock_e () ~> call mult_e _3660 )
#Or
  T ==K ( call claimBonus () ~> call send 10 ~> ret send () ~> ret claimBonus () ~> call lock_e _1655 ~> ret lock_e () ~> call repeat_e _3651 )
#Or
  T ==K ( call claimBonus () ~> call send 10 ~> ret send () ~> ret claimBonus () ~> call lock_e _1655 ~> ret lock_e () ~> call sum_e _3586 )
#Or
  T ==K ( call claimBonus () ~> call send 10 ~> ret send () ~> ret claimBonus () ~> call mc91_e _1728 )
#Or
  T ==K ( call claimBonus () ~> call send 10 ~> ret send () ~> ret claimBonus () ~> call mc91_e _1728 ~> ret mc91_e () ~> call mc91_e _2550 )
#Or
  T ==K ( call claimBonus () ~> call send 10 ~> ret send () ~> ret claimBonus () ~> call mc91_e _1728 ~> ret mc91_e () ~> call mc91_e _3001 )
#Or
  T ==K ( call claimBonus () ~> call send 10 ~> ret send () ~> ret claimBonus () ~> call mc91_e _1728 ~> ret mc91_e () ~> call mult_e _2629 )
#Or
  T ==K ( call claimBonus () ~> call send 10 ~> ret send () ~> ret claimBonus () ~> call mc91_e _1728 ~> ret mc91_e () ~> call mult_e _3040 )
#Or
  T ==K ( call claimBonus () ~> call send 10 ~> ret send () ~> ret claimBonus () ~> call mc91_e _1728 ~> ret mc91_e () ~> call repeat_e _2590 )
#Or
  T ==K ( call claimBonus () ~> call send 10 ~> ret send () ~> ret claimBonus () ~> call mc91_e _1728 ~> ret mc91_e () ~> call repeat_e _3022 )
#Or
  T ==K ( call claimBonus () ~> call send 10 ~> ret send () ~> ret claimBonus () ~> call mc91_e _1728 ~> ret mc91_e () ~> call sum_e _2426 )
#Or
  T ==K ( call claimBonus () ~> call send 10 ~> ret send () ~> ret claimBonus () ~> call mc91_e _1728 ~> ret mc91_e () ~> call sum_e _2911 )
#Or
  T ==K ( call claimBonus () ~> call send 10 ~> ret send () ~> ret claimBonus () ~> call mult_e _1800 )
#Or
  T ==K ( call claimBonus () ~> call send 10 ~> ret send () ~> ret claimBonus () ~> call mult_e _1800 ~> ret mult_e () ~> call mc91_e _3287 )
#Or
  T ==K ( call claimBonus () ~> call send 10 ~> ret send () ~> ret claimBonus () ~> call mult_e _1800 ~> ret mult_e () ~> call mult_e _3349 )
#Or
  T ==K ( call claimBonus () ~> call send 10 ~> ret send () ~> ret claimBonus () ~> call mult_e _1800 ~> ret mult_e () ~> call repeat_e _3318 )
#Or
  T ==K ( call claimBonus () ~> call send 10 ~> ret send () ~> ret claimBonus () ~> call mult_e _1800 ~> ret mult_e () ~> call sum_e _3208 )
#Or
  T ==K ( call claimBonus () ~> call send 10 ~> ret send () ~> ret claimBonus () ~> call repeat_e _1758 )
#Or
  T ==K ( call claimBonus () ~> call send 10 ~> ret send () ~> ret claimBonus () ~> call sum_e _1605 )
#Or
  T ==K ( call claimBonus () ~> call send 10 ~> ret send () ~> ret claimBonus () ~> call sum_e _1605 ~> ret sum_e () ~> call mc91_e _2792 )
#Or
  T ==K ( call claimBonus () ~> call send 10 ~> ret send () ~> ret claimBonus () ~> call sum_e _1605 ~> ret sum_e () ~> call mult_e _2844 )
#Or
  T ==K ( call claimBonus () ~> call send 10 ~> ret send () ~> ret claimBonus () ~> call sum_e _1605 ~> ret sum_e () ~> call repeat_e _2824 )
#Or
  T ==K ( call claimBonus () ~> call send 10 ~> ret send () ~> ret claimBonus () ~> call sum_e _1605 ~> ret sum_e () ~> call sum_e _2683 )
#Or
  T ==K ( call esimple _4 ~> ret esimple () ~> call claimBonus () ~> call send 10 ~> ret send () ~> ret claimBonus () ~> call mc91_e _3137 )
#Or
  T ==K ( call esimple _4 ~> ret esimple () ~> call claimBonus () ~> call send 10 ~> ret send () ~> ret claimBonus () ~> call mult_e _3196 )
#Or
  T ==K ( call esimple _4 ~> ret esimple () ~> call claimBonus () ~> call send 10 ~> ret send () ~> ret claimBonus () ~> call repeat_e _3164 )
#Or
  T ==K ( call esimple _4 ~> ret esimple () ~> call claimBonus () ~> call send 10 ~> ret send () ~> ret claimBonus () ~> call sum_e _3048 )
#Or
  T ==K ( call esimple _4 ~> ret esimple () ~> call esimple _147 ~> ret esimple () ~> call mc91_e _1362 )
#Or
  T ==K ( call esimple _4 ~> ret esimple () ~> call esimple _147 ~> ret esimple () ~> call mult_e _1430 )
#Or
  T ==K ( call esimple _4 ~> ret esimple () ~> call esimple _147 ~> ret esimple () ~> call repeat_e _1391 )
#Or
  T ==K ( call esimple _4 ~> ret esimple () ~> call esimple _147 ~> ret esimple () ~> call sum_e _1251 )
#Or
  T ==K ( call esimple _4 ~> ret esimple () ~> call fact_e _129 ~> ret fact_e () ~> call mc91_e _613 )
#Or
  T ==K ( call esimple _4 ~> ret esimple () ~> call fact_e _129 ~> ret fact_e () ~> call mult_e _684 )
#Or
  T ==K ( call esimple _4 ~> ret esimple () ~> call fact_e _129 ~> ret fact_e () ~> call repeat_e _639 )
#Or
  T ==K ( call esimple _4 ~> ret esimple () ~> call fact_e _129 ~> ret fact_e () ~> call sum_e _540 )
#Or
  T ==K ( call esimple _4 ~> ret esimple () ~> call lock_e _140 ~> ret lock_e () ~> call mc91_e _2310 )
#Or
  T ==K ( call esimple _4 ~> ret esimple () ~> call lock_e _140 ~> ret lock_e () ~> call mult_e _2384 )
#Or
  T ==K ( call esimple _4 ~> ret esimple () ~> call lock_e _140 ~> ret lock_e () ~> call repeat_e _2352 )
#Or
  T ==K ( call esimple _4 ~> ret esimple () ~> call lock_e _140 ~> ret lock_e () ~> call sum_e _2217 )
#Or
  T ==K ( call esimple _4 ~> ret esimple () ~> call mc91_e _157 )
#Or
  T ==K ( call esimple _4 ~> ret esimple () ~> call mc91_e _157 ~> ret mc91_e () ~> call mc91_e _614 )
#Or
  T ==K ( call esimple _4 ~> ret esimple () ~> call mc91_e _157 ~> ret mc91_e () ~> call mc91_e _1172 )
#Or
  T ==K ( call esimple _4 ~> ret esimple () ~> call mc91_e _157 ~> ret mc91_e () ~> call mult_e _687 )
#Or
  T ==K ( call esimple _4 ~> ret esimple () ~> call mc91_e _157 ~> ret mc91_e () ~> call mult_e _1228 )
#Or
  T ==K ( call esimple _4 ~> ret esimple () ~> call mc91_e _157 ~> ret mc91_e () ~> call repeat_e _641 )
#Or
  T ==K ( call esimple _4 ~> ret esimple () ~> call mc91_e _157 ~> ret mc91_e () ~> call repeat_e _1195 )
#Or
  T ==K ( call esimple _4 ~> ret esimple () ~> call mc91_e _157 ~> ret mc91_e () ~> call sum_e _541 )
#Or
  T ==K ( call esimple _4 ~> ret esimple () ~> call mc91_e _157 ~> ret mc91_e () ~> call sum_e _1051 )
#Or
  T ==K ( call esimple _4 ~> ret esimple () ~> call mult_e _181 )
#Or
  T ==K ( call esimple _4 ~> ret esimple () ~> call mult_e _181 ~> ret mult_e () ~> call mc91_e _1529 )
#Or
  T ==K ( call esimple _4 ~> ret esimple () ~> call mult_e _181 ~> ret mult_e () ~> call mult_e _1631 )
#Or
  T ==K ( call esimple _4 ~> ret esimple () ~> call mult_e _181 ~> ret mult_e () ~> call repeat_e _1569 )
#Or
  T ==K ( call esimple _4 ~> ret esimple () ~> call mult_e _181 ~> ret mult_e () ~> call sum_e _1433 )
#Or
  T ==K ( call esimple _4 ~> ret esimple () ~> call repeat_e _166 )
#Or
  T ==K ( call esimple _4 ~> ret esimple () ~> call sum_e _135 )
#Or
  T ==K ( call esimple _4 ~> ret esimple () ~> call sum_e _135 ~> ret sum_e () ~> call mc91_e _864 )
#Or
  T ==K ( call esimple _4 ~> ret esimple () ~> call sum_e _135 ~> ret sum_e () ~> call mult_e _951 )
#Or
  T ==K ( call esimple _4 ~> ret esimple () ~> call sum_e _135 ~> ret sum_e () ~> call repeat_e _913 )
#Or
  T ==K ( call esimple _4 ~> ret esimple () ~> call sum_e _135 ~> ret sum_e () ~> call sum_e _755 )
#Or
  T ==K ( call fact_e _1 ~> ret fact_e () ~> call claimBonus () ~> call send 10 ~> ret send () ~> ret claimBonus () ~> call mc91_e _2511 )
#Or
  T ==K ( call fact_e _1 ~> ret fact_e () ~> call claimBonus () ~> call send 10 ~> ret send () ~> ret claimBonus () ~> call mult_e _2595 )
#Or
  T ==K ( call fact_e _1 ~> ret fact_e () ~> call claimBonus () ~> call send 10 ~> ret send () ~> ret claimBonus () ~> call repeat_e _2554 )
#Or
  T ==K ( call fact_e _1 ~> ret fact_e () ~> call claimBonus () ~> call send 10 ~> ret send () ~> ret claimBonus () ~> call sum_e _2400 )
#Or
  T ==K ( call fact_e _1 ~> ret fact_e () ~> call esimple _40 ~> ret esimple () ~> call mc91_e _604 )
#Or
  T ==K ( call fact_e _1 ~> ret fact_e () ~> call esimple _40 ~> ret esimple () ~> call mult_e _671 )
#Or
  T ==K ( call fact_e _1 ~> ret fact_e () ~> call esimple _40 ~> ret esimple () ~> call repeat_e _622 )
#Or
  T ==K ( call fact_e _1 ~> ret fact_e () ~> call esimple _40 ~> ret esimple () ~> call sum_e _532 )
#Or
  T ==K ( call fact_e _1 ~> ret fact_e () ~> call fact_e _31 ~> ret fact_e () ~> call mc91_e _188 )
#Or
  T ==K ( call fact_e _1 ~> ret fact_e () ~> call fact_e _31 ~> ret fact_e () ~> call mult_e _216 )
#Or
  T ==K ( call fact_e _1 ~> ret fact_e () ~> call fact_e _31 ~> ret fact_e () ~> call repeat_e _199 )
#Or
  T ==K ( call fact_e _1 ~> ret fact_e () ~> call fact_e _31 ~> ret fact_e () ~> call sum_e _154 )
#Or
  T ==K ( call fact_e _1 ~> ret fact_e () ~> call lock_e _36 ~> ret lock_e () ~> call mc91_e _1544 )
#Or
  T ==K ( call fact_e _1 ~> ret fact_e () ~> call lock_e _36 ~> ret lock_e () ~> call mult_e _1658 )
#Or
  T ==K ( call fact_e _1 ~> ret fact_e () ~> call lock_e _36 ~> ret lock_e () ~> call repeat_e _1609 )
#Or
  T ==K ( call fact_e _1 ~> ret fact_e () ~> call lock_e _36 ~> ret lock_e () ~> call sum_e _1451 )
#Or
  T ==K ( call fact_e _1 ~> ret fact_e () ~> call mc91_e _42 )
#Or
  T ==K ( call fact_e _1 ~> ret fact_e () ~> call mc91_e _42 ~> ret mc91_e () ~> call mc91_e _189 )
#Or
  T ==K ( call fact_e _1 ~> ret fact_e () ~> call mc91_e _42 ~> ret mc91_e () ~> call mc91_e _463 )
#Or
  T ==K ( call fact_e _1 ~> ret fact_e () ~> call mc91_e _42 ~> ret mc91_e () ~> call mult_e _219 )
#Or
  T ==K ( call fact_e _1 ~> ret fact_e () ~> call mc91_e _42 ~> ret mc91_e () ~> call mult_e _508 )
#Or
  T ==K ( call fact_e _1 ~> ret fact_e () ~> call mc91_e _42 ~> ret mc91_e () ~> call repeat_e _201 )
#Or
  T ==K ( call fact_e _1 ~> ret fact_e () ~> call mc91_e _42 ~> ret mc91_e () ~> call repeat_e _483 )
#Or
  T ==K ( call fact_e _1 ~> ret fact_e () ~> call mc91_e _42 ~> ret mc91_e () ~> call sum_e _155 )
#Or
  T ==K ( call fact_e _1 ~> ret fact_e () ~> call mc91_e _42 ~> ret mc91_e () ~> call sum_e _405 )
#Or
  T ==K ( call fact_e _1 ~> ret fact_e () ~> call mult_e _51 )
#Or
  T ==K ( call fact_e _1 ~> ret fact_e () ~> call mult_e _51 ~> ret mult_e () ~> call mc91_e _780 )
#Or
  T ==K ( call fact_e _1 ~> ret fact_e () ~> call mult_e _51 ~> ret mult_e () ~> call mult_e _855 )
#Or
  T ==K ( call fact_e _1 ~> ret fact_e () ~> call mult_e _51 ~> ret mult_e () ~> call repeat_e _813 )
#Or
  T ==K ( call fact_e _1 ~> ret fact_e () ~> call mult_e _51 ~> ret mult_e () ~> call sum_e _674 )
#Or
  T ==K ( call fact_e _1 ~> ret fact_e () ~> call repeat_e _46 )
#Or
  T ==K ( call fact_e _1 ~> ret fact_e () ~> call sum_e _34 )
#Or
  T ==K ( call fact_e _1 ~> ret fact_e () ~> call sum_e _34 ~> ret sum_e () ~> call mc91_e _302 )
#Or
  T ==K ( call fact_e _1 ~> ret fact_e () ~> call sum_e _34 ~> ret sum_e () ~> call mult_e _343 )
#Or
  T ==K ( call fact_e _1 ~> ret fact_e () ~> call sum_e _34 ~> ret sum_e () ~> call repeat_e _325 )
#Or
  T ==K ( call fact_e _1 ~> ret fact_e () ~> call sum_e _34 ~> ret sum_e () ~> call sum_e _253 )
#Or
  T ==K ( call lock_e _3 ~> ret lock_e () ~> call claimBonus () ~> call send 10 ~> ret send () ~> ret claimBonus () ~> call mc91_e _3622 )
#Or
  T ==K ( call lock_e _3 ~> ret lock_e () ~> call claimBonus () ~> call send 10 ~> ret send () ~> ret claimBonus () ~> call mult_e _3657 )
#Or
  T ==K ( call lock_e _3 ~> ret lock_e () ~> call claimBonus () ~> call send 10 ~> ret send () ~> ret claimBonus () ~> call repeat_e _3644 )
#Or
  T ==K ( call lock_e _3 ~> ret lock_e () ~> call claimBonus () ~> call send 10 ~> ret send () ~> ret claimBonus () ~> call sum_e _3583 )
#Or
  T ==K ( call lock_e _3 ~> ret lock_e () ~> call esimple _682 ~> ret esimple () ~> call mc91_e _2307 )
#Or
  T ==K ( call lock_e _3 ~> ret lock_e () ~> call esimple _682 ~> ret esimple () ~> call mult_e _2377 )
#Or
  T ==K ( call lock_e _3 ~> ret lock_e () ~> call esimple _682 ~> ret esimple () ~> call repeat_e _2340 )
#Or
  T ==K ( call lock_e _3 ~> ret lock_e () ~> call esimple _682 ~> ret esimple () ~> call sum_e _2213 )
#Or
  T ==K ( call lock_e _3 ~> ret lock_e () ~> call fact_e _586 ~> ret fact_e () ~> call mc91_e _1559 )
#Or
  T ==K ( call lock_e _3 ~> ret lock_e () ~> call fact_e _586 ~> ret fact_e () ~> call mult_e _1664 )
#Or
  T ==K ( call lock_e _3 ~> ret lock_e () ~> call fact_e _586 ~> ret fact_e () ~> call repeat_e _1619 )
#Or
  T ==K ( call lock_e _3 ~> ret lock_e () ~> call fact_e _586 ~> ret fact_e () ~> call sum_e _1453 )
#Or
  T ==K ( call lock_e _3 ~> ret lock_e () ~> call lock_e _636 ~> ret lock_e () ~> call mc91_e _3124 )
#Or
  T ==K ( call lock_e _3 ~> ret lock_e () ~> call lock_e _636 ~> ret lock_e () ~> call mult_e _3192 )
#Or
  T ==K ( call lock_e _3 ~> ret lock_e () ~> call lock_e _636 ~> ret lock_e () ~> call repeat_e _3156 )
#Or
  T ==K ( call lock_e _3 ~> ret lock_e () ~> call lock_e _636 ~> ret lock_e () ~> call sum_e _3045 )
#Or
  T ==K ( call lock_e _3 ~> ret lock_e () ~> call mc91_e _713 )
#Or
  T ==K ( call lock_e _3 ~> ret lock_e () ~> call mc91_e _713 ~> ret mc91_e () ~> call mc91_e _1560 )
#Or
  T ==K ( call lock_e _3 ~> ret lock_e () ~> call mc91_e _713 ~> ret mc91_e () ~> call mc91_e _2137 )
#Or
  T ==K ( call lock_e _3 ~> ret lock_e () ~> call mc91_e _713 ~> ret mc91_e () ~> call mult_e _1667 )
#Or
  T ==K ( call lock_e _3 ~> ret lock_e () ~> call mc91_e _713 ~> ret mc91_e () ~> call mult_e _2192 )
#Or
  T ==K ( call lock_e _3 ~> ret lock_e () ~> call mc91_e _713 ~> ret mc91_e () ~> call repeat_e _1621 )
#Or
  T ==K ( call lock_e _3 ~> ret lock_e () ~> call mc91_e _713 ~> ret mc91_e () ~> call repeat_e _2167 )
#Or
  T ==K ( call lock_e _3 ~> ret lock_e () ~> call mc91_e _713 ~> ret mc91_e () ~> call sum_e _1454 )
#Or
  T ==K ( call lock_e _3 ~> ret lock_e () ~> call mc91_e _713 ~> ret mc91_e () ~> call sum_e _2039 )
#Or
  T ==K ( call lock_e _3 ~> ret lock_e () ~> call mult_e _786 )
#Or
  T ==K ( call lock_e _3 ~> ret lock_e () ~> call mult_e _786 ~> ret mult_e () ~> call mc91_e _2477 )
#Or
  T ==K ( call lock_e _3 ~> ret lock_e () ~> call mult_e _786 ~> ret mult_e () ~> call mult_e _2565 )
#Or
  T ==K ( call lock_e _3 ~> ret lock_e () ~> call mult_e _786 ~> ret mult_e () ~> call repeat_e _2524 )
#Or
  T ==K ( call lock_e _3 ~> ret lock_e () ~> call mult_e _786 ~> ret mult_e () ~> call sum_e _2380 )
#Or
  T ==K ( call lock_e _3 ~> ret lock_e () ~> call repeat_e _753 )
#Or
  T ==K ( call lock_e _3 ~> ret lock_e () ~> call sum_e _612 )
#Or
  T ==K ( call lock_e _3 ~> ret lock_e () ~> call sum_e _612 ~> ret sum_e () ~> call mc91_e _1865 )
#Or
  T ==K ( call lock_e _3 ~> ret lock_e () ~> call sum_e _612 ~> ret sum_e () ~> call mult_e _1950 )
#Or
  T ==K ( call lock_e _3 ~> ret lock_e () ~> call sum_e _612 ~> ret sum_e () ~> call repeat_e _1916 )
#Or
  T ==K ( call lock_e _3 ~> ret lock_e () ~> call sum_e _612 ~> ret sum_e () ~> call sum_e _1735 )
#Or
  T ==K ( call mc91_e _5 ~> ret mc91_e () ~> call claimBonus () ~> call send 10 ~> ret send () ~> ret claimBonus () ~> call mc91_e _2540 )
#Or
  T ==K ( call mc91_e _5 ~> ret mc91_e () ~> call claimBonus () ~> call send 10 ~> ret send () ~> ret claimBonus () ~> call mc91_e _2993 )
#Or
  T ==K ( call mc91_e _5 ~> ret mc91_e () ~> call claimBonus () ~> call send 10 ~> ret send () ~> ret claimBonus () ~> call mult_e _2618 )
#Or
  T ==K ( call mc91_e _5 ~> ret mc91_e () ~> call claimBonus () ~> call send 10 ~> ret send () ~> ret claimBonus () ~> call mult_e _3033 )
#Or
  T ==K ( call mc91_e _5 ~> ret mc91_e () ~> call claimBonus () ~> call send 10 ~> ret send () ~> ret claimBonus () ~> call repeat_e _2581 )
#Or
  T ==K ( call mc91_e _5 ~> ret mc91_e () ~> call claimBonus () ~> call send 10 ~> ret send () ~> ret claimBonus () ~> call repeat_e _3016 )
#Or
  T ==K ( call mc91_e _5 ~> ret mc91_e () ~> call claimBonus () ~> call send 10 ~> ret send () ~> ret claimBonus () ~> call sum_e _2417 )
#Or
  T ==K ( call mc91_e _5 ~> ret mc91_e () ~> call claimBonus () ~> call send 10 ~> ret send () ~> ret claimBonus () ~> call sum_e _2902 )
#Or
  T ==K ( call mc91_e _5 ~> ret mc91_e () ~> call esimple _41 ~> ret esimple () ~> call mc91_e _617 )
#Or
  T ==K ( call mc91_e _5 ~> ret mc91_e () ~> call esimple _41 ~> ret esimple () ~> call mult_e _696 )
#Or
  T ==K ( call mc91_e _5 ~> ret mc91_e () ~> call esimple _41 ~> ret esimple () ~> call repeat_e _656 )
#Or
  T ==K ( call mc91_e _5 ~> ret mc91_e () ~> call esimple _41 ~> ret esimple () ~> call sum_e _551 )
#Or
  T ==K ( call mc91_e _5 ~> ret mc91_e () ~> call esimple _115 ~> ret esimple () ~> call mc91_e _1175 )
#Or
  T ==K ( call mc91_e _5 ~> ret mc91_e () ~> call esimple _115 ~> ret esimple () ~> call mult_e _1232 )
#Or
  T ==K ( call mc91_e _5 ~> ret mc91_e () ~> call esimple _115 ~> ret esimple () ~> call repeat_e _1202 )
#Or
  T ==K ( call mc91_e _5 ~> ret mc91_e () ~> call esimple _115 ~> ret esimple () ~> call sum_e _1055 )
#Or
  T ==K ( call mc91_e _5 ~> ret mc91_e () ~> call fact_e _33 ~> ret fact_e () ~> call mc91_e _193 )
#Or
  T ==K ( call mc91_e _5 ~> ret mc91_e () ~> call fact_e _33 ~> ret fact_e () ~> call mult_e _224 )
#Or
  T ==K ( call mc91_e _5 ~> ret mc91_e () ~> call fact_e _33 ~> ret fact_e () ~> call repeat_e _209 )
#Or
  T ==K ( call mc91_e _5 ~> ret mc91_e () ~> call fact_e _33 ~> ret fact_e () ~> call sum_e _158 )
#Or
  T ==K ( call mc91_e _5 ~> ret mc91_e () ~> call fact_e _100 ~> ret fact_e () ~> call mc91_e _472 )
#Or
  T ==K ( call mc91_e _5 ~> ret mc91_e () ~> call fact_e _100 ~> ret fact_e () ~> call mult_e _520 )
#Or
  T ==K ( call mc91_e _5 ~> ret mc91_e () ~> call fact_e _100 ~> ret fact_e () ~> call repeat_e _494 )
#Or
  T ==K ( call mc91_e _5 ~> ret mc91_e () ~> call fact_e _100 ~> ret fact_e () ~> call sum_e _413 )
#Or
  T ==K ( call mc91_e _5 ~> ret mc91_e () ~> call lock_e _38 ~> ret lock_e () ~> call mc91_e _1584 )
#Or
  T ==K ( call mc91_e _5 ~> ret mc91_e () ~> call lock_e _38 ~> ret lock_e () ~> call mult_e _1683 )
#Or
  T ==K ( call mc91_e _5 ~> ret mc91_e () ~> call lock_e _38 ~> ret lock_e () ~> call repeat_e _1643 )
#Or
  T ==K ( call mc91_e _5 ~> ret mc91_e () ~> call lock_e _38 ~> ret lock_e () ~> call sum_e _1464 )
#Or
  T ==K ( call mc91_e _5 ~> ret mc91_e () ~> call lock_e _108 ~> ret lock_e () ~> call mc91_e _2144 )
#Or
  T ==K ( call mc91_e _5 ~> ret mc91_e () ~> call lock_e _108 ~> ret lock_e () ~> call mult_e _2198 )
#Or
  T ==K ( call mc91_e _5 ~> ret mc91_e () ~> call lock_e _108 ~> ret lock_e () ~> call repeat_e _2176 )
#Or
  T ==K ( call mc91_e _5 ~> ret mc91_e () ~> call lock_e _108 ~> ret lock_e () ~> call sum_e _2043 )
#Or
  T ==K ( call mc91_e _5 ~> ret mc91_e () ~> call mc91_e _43 )
#Or
  T ==K ( call mc91_e _5 ~> ret mc91_e () ~> call mc91_e _43 ~> ret mc91_e () ~> call mc91_e _194 )
#Or
  T ==K ( call mc91_e _5 ~> ret mc91_e () ~> call mc91_e _43 ~> ret mc91_e () ~> call mc91_e _477 )
#Or
  T ==K ( call mc91_e _5 ~> ret mc91_e () ~> call mc91_e _43 ~> ret mc91_e () ~> call mult_e _227 )
#Or
  T ==K ( call mc91_e _5 ~> ret mc91_e () ~> call mc91_e _43 ~> ret mc91_e () ~> call mult_e _527 )
#Or
  T ==K ( call mc91_e _5 ~> ret mc91_e () ~> call mc91_e _43 ~> ret mc91_e () ~> call repeat_e _211 )
#Or
  T ==K ( call mc91_e _5 ~> ret mc91_e () ~> call mc91_e _43 ~> ret mc91_e () ~> call repeat_e _501 )
#Or
  T ==K ( call mc91_e _5 ~> ret mc91_e () ~> call mc91_e _43 ~> ret mc91_e () ~> call sum_e _159 )
#Or
  T ==K ( call mc91_e _5 ~> ret mc91_e () ~> call mc91_e _43 ~> ret mc91_e () ~> call sum_e _418 )
#Or
  T ==K ( call mc91_e _5 ~> ret mc91_e () ~> call mc91_e _120 )
#Or
  T ==K ( call mc91_e _5 ~> ret mc91_e () ~> call mc91_e _120 ~> ret mc91_e () ~> call mc91_e _473 )
#Or
  T ==K ( call mc91_e _5 ~> ret mc91_e () ~> call mc91_e _120 ~> ret mc91_e () ~> call mc91_e _958 )
#Or
  T ==K ( call mc91_e _5 ~> ret mc91_e () ~> call mc91_e _120 ~> ret mc91_e () ~> call mult_e _523 )
#Or
  T ==K ( call mc91_e _5 ~> ret mc91_e () ~> call mc91_e _120 ~> ret mc91_e () ~> call mult_e _1023 )
#Or
  T ==K ( call mc91_e _5 ~> ret mc91_e () ~> call mc91_e _120 ~> ret mc91_e () ~> call repeat_e _496 )
#Or
  T ==K ( call mc91_e _5 ~> ret mc91_e () ~> call mc91_e _120 ~> ret mc91_e () ~> call repeat_e _989 )
#Or
  T ==K ( call mc91_e _5 ~> ret mc91_e () ~> call mc91_e _120 ~> ret mc91_e () ~> call sum_e _414 )
#Or
  T ==K ( call mc91_e _5 ~> ret mc91_e () ~> call mc91_e _120 ~> ret mc91_e () ~> call sum_e _829 )
#Or
  T ==K ( call mc91_e _5 ~> ret mc91_e () ~> call mult_e _54 )
#Or
  T ==K ( call mc91_e _5 ~> ret mc91_e () ~> call mult_e _54 ~> ret mult_e () ~> call mc91_e _801 )
#Or
  T ==K ( call mc91_e _5 ~> ret mc91_e () ~> call mult_e _54 ~> ret mult_e () ~> call mult_e _880 )
#Or
  T ==K ( call mc91_e _5 ~> ret mc91_e () ~> call mult_e _54 ~> ret mult_e () ~> call repeat_e _839 )
#Or
  T ==K ( call mc91_e _5 ~> ret mc91_e () ~> call mult_e _54 ~> ret mult_e () ~> call sum_e _699 )
#Or
  T ==K ( call mc91_e _5 ~> ret mc91_e () ~> call mult_e _131 )
#Or
  T ==K ( call mc91_e _5 ~> ret mc91_e () ~> call mult_e _131 ~> ret mult_e () ~> call mc91_e _1338 )
#Or
  T ==K ( call mc91_e _5 ~> ret mc91_e () ~> call mult_e _131 ~> ret mult_e () ~> call mult_e _1408 )
#Or
  T ==K ( call mc91_e _5 ~> ret mc91_e () ~> call mult_e _131 ~> ret mult_e () ~> call repeat_e _1371 )
#Or
  T ==K ( call mc91_e _5 ~> ret mc91_e () ~> call mult_e _131 ~> ret mult_e () ~> call sum_e _1235 )
#Or
  T ==K ( call mc91_e _5 ~> ret mc91_e () ~> call repeat_e _48 )
#Or
  T ==K ( call mc91_e _5 ~> ret mc91_e () ~> call repeat_e _125 )
#Or
  T ==K ( call mc91_e _5 ~> ret mc91_e () ~> call sum_e _35 )
#Or
  T ==K ( call mc91_e _5 ~> ret mc91_e () ~> call sum_e _35 ~> ret sum_e () ~> call mc91_e _315 )
#Or
  T ==K ( call mc91_e _5 ~> ret mc91_e () ~> call sum_e _35 ~> ret sum_e () ~> call mult_e _356 )
#Or
  T ==K ( call mc91_e _5 ~> ret mc91_e () ~> call sum_e _35 ~> ret sum_e () ~> call repeat_e _338 )
#Or
  T ==K ( call mc91_e _5 ~> ret mc91_e () ~> call sum_e _35 ~> ret sum_e () ~> call sum_e _264 )
#Or
  T ==K ( call mc91_e _5 ~> ret mc91_e () ~> call sum_e _105 )
#Or
  T ==K ( call mc91_e _5 ~> ret mc91_e () ~> call sum_e _105 ~> ret sum_e () ~> call mc91_e _647 )
#Or
  T ==K ( call mc91_e _5 ~> ret mc91_e () ~> call sum_e _105 ~> ret sum_e () ~> call mult_e _723 )
#Or
  T ==K ( call mc91_e _5 ~> ret mc91_e () ~> call sum_e _105 ~> ret sum_e () ~> call repeat_e _691 )
#Or
  T ==K ( call mc91_e _5 ~> ret mc91_e () ~> call sum_e _105 ~> ret sum_e () ~> call sum_e _569 )
#Or
  T ==K ( call mult_e _9 ~> ret mult_e () ~> call claimBonus () ~> call send 10 ~> ret send () ~> ret claimBonus () ~> call mc91_e _3281 )
#Or
  T ==K ( call mult_e _9 ~> ret mult_e () ~> call claimBonus () ~> call send 10 ~> ret send () ~> ret claimBonus () ~> call mult_e _3340 )
#Or
  T ==K ( call mult_e _9 ~> ret mult_e () ~> call claimBonus () ~> call send 10 ~> ret send () ~> ret claimBonus () ~> call repeat_e _3309 )
#Or
  T ==K ( call mult_e _9 ~> ret mult_e () ~> call claimBonus () ~> call send 10 ~> ret send () ~> ret claimBonus () ~> call sum_e _3202 )
#Or
  T ==K ( call mult_e _9 ~> ret mult_e () ~> call esimple _213 ~> ret esimple () ~> call mc91_e _1540 )
#Or
  T ==K ( call mult_e _9 ~> ret mult_e () ~> call esimple _213 ~> ret esimple () ~> call mult_e _1650 )
#Or
  T ==K ( call mult_e _9 ~> ret mult_e () ~> call esimple _213 ~> ret esimple () ~> call repeat_e _1596 )
#Or
  T ==K ( call mult_e _9 ~> ret mult_e () ~> call esimple _213 ~> ret esimple () ~> call sum_e _1447 )
#Or
  T ==K ( call mult_e _9 ~> ret mult_e () ~> call fact_e _175 ~> ret fact_e () ~> call mc91_e _803 )
#Or
  T ==K ( call mult_e _9 ~> ret mult_e () ~> call fact_e _175 ~> ret fact_e () ~> call mult_e _883 )
#Or
  T ==K ( call mult_e _9 ~> ret mult_e () ~> call fact_e _175 ~> ret fact_e () ~> call repeat_e _843 )
#Or
  T ==K ( call mult_e _9 ~> ret mult_e () ~> call fact_e _175 ~> ret fact_e () ~> call sum_e _701 )
#Or
  T ==K ( call mult_e _9 ~> ret mult_e () ~> call lock_e _195 ~> ret lock_e () ~> call mc91_e _2496 )
#Or
  T ==K ( call mult_e _9 ~> ret mult_e () ~> call lock_e _195 ~> ret lock_e () ~> call mult_e _2584 )
#Or
  T ==K ( call mult_e _9 ~> ret mult_e () ~> call lock_e _195 ~> ret lock_e () ~> call repeat_e _2544 )
#Or
  T ==K ( call mult_e _9 ~> ret mult_e () ~> call lock_e _195 ~> ret lock_e () ~> call sum_e _2393 )
#Or
  T ==K ( call mult_e _9 ~> ret mult_e () ~> call mc91_e _228 )
#Or
  T ==K ( call mult_e _9 ~> ret mult_e () ~> call mc91_e _228 ~> ret mc91_e () ~> call mc91_e _804 )
#Or
  T ==K ( call mult_e _9 ~> ret mult_e () ~> call mc91_e _228 ~> ret mc91_e () ~> call mc91_e _1350 )
#Or
  T ==K ( call mult_e _9 ~> ret mult_e () ~> call mc91_e _228 ~> ret mc91_e () ~> call mult_e _886 )
#Or
  T ==K ( call mult_e _9 ~> ret mult_e () ~> call mc91_e _228 ~> ret mc91_e () ~> call mult_e _1416 )
#Or
  T ==K ( call mult_e _9 ~> ret mult_e () ~> call mc91_e _228 ~> ret mc91_e () ~> call repeat_e _845 )
#Or
  T ==K ( call mult_e _9 ~> ret mult_e () ~> call mc91_e _228 ~> ret mc91_e () ~> call repeat_e _1379 )
#Or
  T ==K ( call mult_e _9 ~> ret mult_e () ~> call mc91_e _228 ~> ret mc91_e () ~> call sum_e _702 )
#Or
  T ==K ( call mult_e _9 ~> ret mult_e () ~> call mc91_e _228 ~> ret mc91_e () ~> call sum_e _1241 )
#Or
  T ==K ( call mult_e _9 ~> ret mult_e () ~> call mult_e _268 )
#Or
  T ==K ( call mult_e _9 ~> ret mult_e () ~> call mult_e _268 ~> ret mult_e () ~> call mc91_e _1755 )
#Or
  T ==K ( call mult_e _9 ~> ret mult_e () ~> call mult_e _268 ~> ret mult_e () ~> call mult_e _1840 )
#Or
  T ==K ( call mult_e _9 ~> ret mult_e () ~> call mult_e _268 ~> ret mult_e () ~> call repeat_e _1797 )
#Or
  T ==K ( call mult_e _9 ~> ret mult_e () ~> call mult_e _268 ~> ret mult_e () ~> call sum_e _1653 )
#Or
  T ==K ( call mult_e _9 ~> ret mult_e () ~> call repeat_e _250 )
#Or
  T ==K ( call mult_e _9 ~> ret mult_e () ~> call sum_e _186 )
#Or
  T ==K ( call mult_e _9 ~> ret mult_e () ~> call sum_e _186 ~> ret sum_e () ~> call mc91_e _1074 )
#Or
  T ==K ( call mult_e _9 ~> ret mult_e () ~> call sum_e _186 ~> ret sum_e () ~> call mult_e _1154 )
#Or
  T ==K ( call mult_e _9 ~> ret mult_e () ~> call sum_e _186 ~> ret sum_e () ~> call repeat_e _1113 )
#Or
  T ==K ( call mult_e _9 ~> ret mult_e () ~> call sum_e _186 ~> ret sum_e () ~> call sum_e _965 )
#Or
  T ==K ( call sum_e _2 ~> ret sum_e () ~> call claimBonus () ~> call send 10 ~> ret send () ~> ret claimBonus () ~> call mc91_e _2763 )
#Or
  T ==K ( call sum_e _2 ~> ret sum_e () ~> call claimBonus () ~> call send 10 ~> ret send () ~> ret claimBonus () ~> call mult_e _2832 )
#Or
  T ==K ( call sum_e _2 ~> ret sum_e () ~> call claimBonus () ~> call send 10 ~> ret send () ~> ret claimBonus () ~> call repeat_e _2804 )
#Or
  T ==K ( call sum_e _2 ~> ret sum_e () ~> call claimBonus () ~> call send 10 ~> ret send () ~> ret claimBonus () ~> call sum_e _2663 )
#Or
  T ==K ( call sum_e _2 ~> ret sum_e () ~> call esimple _71 ~> ret esimple () ~> call mc91_e _858 )
#Or
  T ==K ( call sum_e _2 ~> ret sum_e () ~> call esimple _71 ~> ret esimple () ~> call mult_e _944 )
#Or
  T ==K ( call sum_e _2 ~> ret sum_e () ~> call esimple _71 ~> ret esimple () ~> call repeat_e _899 )
#Or
  T ==K ( call sum_e _2 ~> ret sum_e () ~> call esimple _71 ~> ret esimple () ~> call sum_e _748 )
#Or
  T ==K ( call sum_e _2 ~> ret sum_e () ~> call fact_e _57 ~> ret fact_e () ~> call mc91_e _307 )
#Or
  T ==K ( call sum_e _2 ~> ret sum_e () ~> call fact_e _57 ~> ret fact_e () ~> call mult_e _348 )
#Or
  T ==K ( call sum_e _2 ~> ret sum_e () ~> call fact_e _57 ~> ret fact_e () ~> call repeat_e _330 )
#Or
  T ==K ( call sum_e _2 ~> ret sum_e () ~> call fact_e _57 ~> ret fact_e () ~> call sum_e _256 )
#Or
  T ==K ( call sum_e _2 ~> ret sum_e () ~> call lock_e _68 ~> ret lock_e () ~> call mc91_e _1853 )
#Or
  T ==K ( call sum_e _2 ~> ret sum_e () ~> call lock_e _68 ~> ret lock_e () ~> call mult_e _1946 )
#Or
  T ==K ( call sum_e _2 ~> ret sum_e () ~> call lock_e _68 ~> ret lock_e () ~> call repeat_e _1908 )
#Or
  T ==K ( call sum_e _2 ~> ret sum_e () ~> call lock_e _68 ~> ret lock_e () ~> call sum_e _1733 )
#Or
  T ==K ( call sum_e _2 ~> ret sum_e () ~> call mc91_e _76 )
#Or
  T ==K ( call sum_e _2 ~> ret sum_e () ~> call mc91_e _76 ~> ret mc91_e () ~> call mc91_e _308 )
#Or
  T ==K ( call sum_e _2 ~> ret sum_e () ~> call mc91_e _76 ~> ret mc91_e () ~> call mc91_e _634 )
#Or
  T ==K ( call sum_e _2 ~> ret sum_e () ~> call mc91_e _76 ~> ret mc91_e () ~> call mult_e _351 )
#Or
  T ==K ( call sum_e _2 ~> ret sum_e () ~> call mc91_e _76 ~> ret mc91_e () ~> call mult_e _711 )
#Or
  T ==K ( call sum_e _2 ~> ret sum_e () ~> call mc91_e _76 ~> ret mc91_e () ~> call repeat_e _332 )
#Or
  T ==K ( call sum_e _2 ~> ret sum_e () ~> call mc91_e _76 ~> ret mc91_e () ~> call repeat_e _679 )
#Or
  T ==K ( call sum_e _2 ~> ret sum_e () ~> call mc91_e _76 ~> ret mc91_e () ~> call sum_e _257 )
#Or
  T ==K ( call sum_e _2 ~> ret sum_e () ~> call mc91_e _76 ~> ret mc91_e () ~> call sum_e _562 )
#Or
  T ==K ( call sum_e _2 ~> ret sum_e () ~> call mult_e _89 )
#Or
  T ==K ( call sum_e _2 ~> ret sum_e () ~> call mult_e _89 ~> ret mult_e () ~> call mc91_e _1045 )
#Or
  T ==K ( call sum_e _2 ~> ret sum_e () ~> call mult_e _89 ~> ret mult_e () ~> call mult_e _1129 )
#Or
  T ==K ( call sum_e _2 ~> ret sum_e () ~> call mult_e _89 ~> ret mult_e () ~> call repeat_e _1094 )
#Or
  T ==K ( call sum_e _2 ~> ret sum_e () ~> call mult_e _89 ~> ret mult_e () ~> call sum_e _947 )
#Or
  T ==K ( call sum_e _2 ~> ret sum_e () ~> call repeat_e _84 )
#Or
  T ==K ( call sum_e _2 ~> ret sum_e () ~> call sum_e _63 )
#Or
  T ==K ( call sum_e _2 ~> ret sum_e () ~> call sum_e _63 ~> ret sum_e () ~> call mc91_e _445 )
#Or
  T ==K ( call sum_e _2 ~> ret sum_e () ~> call sum_e _63 ~> ret sum_e () ~> call mult_e _488 )
#Or
  T ==K ( call sum_e _2 ~> ret sum_e () ~> call sum_e _63 ~> ret sum_e () ~> call repeat_e _468 )
#Or
  T ==K ( call sum_e _2 ~> ret sum_e () ~> call sum_e _63 ~> ret sum_e () ~> call sum_e _389 )
#Or
  T ==K call mc91_e _5
#Or
  T ==K call mult_e _9
#Or
  T ==K call repeat_e _7
#Or
  T ==K call sum_e _2

real	0m40.741s
user	1m1.008s
sys	0m6.302s
