  T ==K ( call claimBonus () ~> call send 10 ~> ret send () ~> ret claimBonus () ~> call mc91_e _416 )
#Or
  T ==K ( call claimBonus () ~> call send 10 ~> ret send () ~> ret claimBonus () ~> call mult_e _423 )
#Or
  T ==K ( call claimBonus () ~> call send 10 ~> ret send () ~> ret claimBonus () ~> call repeat_e _420 )
#Or
  T ==K ( call claimBonus () ~> call send 10 ~> ret send () ~> ret claimBonus () ~> call sum_e _401 )
#Or
  T ==K ( call esimple _4 ~> ret esimple () ~> call mc91_e _151 )
#Or
  T ==K ( call esimple _4 ~> ret esimple () ~> call mult_e _167 )
#Or
  T ==K ( call esimple _4 ~> ret esimple () ~> call repeat_e _156 )
#Or
  T ==K ( call esimple _4 ~> ret esimple () ~> call sum_e _135 )
#Or
  T ==K ( call fact_e _1 ~> ret fact_e () ~> call mc91_e _42 )
#Or
  T ==K ( call fact_e _1 ~> ret fact_e () ~> call mult_e _51 )
#Or
  T ==K ( call fact_e _1 ~> ret fact_e () ~> call repeat_e _46 )
#Or
  T ==K ( call fact_e _1 ~> ret fact_e () ~> call sum_e _34 )
#Or
  T ==K ( call lock_e _3 ~> ret lock_e () ~> call mc91_e _302 )
#Or
  T ==K ( call lock_e _3 ~> ret lock_e () ~> call mult_e _320 )
#Or
  T ==K ( call lock_e _3 ~> ret lock_e () ~> call repeat_e _313 )
#Or
  T ==K ( call lock_e _3 ~> ret lock_e () ~> call sum_e _287 )
#Or
  T ==K ( call mc91_e _5 ~> ret mc91_e () ~> call mc91_e _43 )
#Or
  T ==K ( call mc91_e _5 ~> ret mc91_e () ~> call mc91_e _120 )
#Or
  T ==K ( call mc91_e _5 ~> ret mc91_e () ~> call mult_e _54 )
#Or
  T ==K ( call mc91_e _5 ~> ret mc91_e () ~> call mult_e _131 )
#Or
  T ==K ( call mc91_e _5 ~> ret mc91_e () ~> call repeat_e _48 )
#Or
  T ==K ( call mc91_e _5 ~> ret mc91_e () ~> call repeat_e _125 )
#Or
  T ==K ( call mc91_e _5 ~> ret mc91_e () ~> call sum_e _35 )
#Or
  T ==K ( call mc91_e _5 ~> ret mc91_e () ~> call sum_e _105 )
#Or
  T ==K ( call mult_e _9 ~> ret mult_e () ~> call mc91_e _192 )
#Or
  T ==K ( call mult_e _9 ~> ret mult_e () ~> call mult_e _212 )
#Or
  T ==K ( call mult_e _9 ~> ret mult_e () ~> call repeat_e _202 )
#Or
  T ==K ( call mult_e _9 ~> ret mult_e () ~> call sum_e _170 )
#Or
  T ==K ( call sum_e _2 ~> ret sum_e () ~> call mc91_e _76 )
#Or
  T ==K ( call sum_e _2 ~> ret sum_e () ~> call mult_e _89 )
#Or
  T ==K ( call sum_e _2 ~> ret sum_e () ~> call repeat_e _84 )
#Or
  T ==K ( call sum_e _2 ~> ret sum_e () ~> call sum_e _63 )
#Or
  T ==K call mc91_e _5
#Or
  T ==K call mult_e _9
#Or
  T ==K call repeat_e _7
#Or
  T ==K call sum_e _2

real	0m10.575s
user	0m26.303s
sys	0m1.438s
