  T ==K ( call claimBonus () ~> call send 10 ~> call claimBonus () ~> ret claimBonus () ~> call claimBonus () ~> ret claimBonus () ~> ret send () ~> ret claimBonus () ~> call fact_e _2082 )
#Or
  T ==K ( call claimBonus () ~> call send 10 ~> call claimBonus () ~> ret claimBonus () ~> call claimBonus () ~> ret claimBonus () ~> ret send () ~> ret claimBonus () ~> call lock_e _2121 )
#Or
  T ==K ( call claimBonus () ~> call send 10 ~> call claimBonus () ~> ret claimBonus () ~> call claimBonus () ~> ret claimBonus () ~> ret send () ~> ret claimBonus () ~> call mc91_e _2179 )
#Or
  T ==K ( call claimBonus () ~> call send 10 ~> call claimBonus () ~> ret claimBonus () ~> call claimBonus () ~> ret claimBonus () ~> ret send () ~> ret claimBonus () ~> call mult_e _2229 )
#Or
  T ==K ( call claimBonus () ~> call send 10 ~> call claimBonus () ~> ret claimBonus () ~> call claimBonus () ~> ret claimBonus () ~> ret send () ~> ret claimBonus () ~> call repeat_e _2199 )
#Or
  T ==K ( call claimBonus () ~> call send 10 ~> call claimBonus () ~> ret claimBonus () ~> call claimBonus () ~> ret claimBonus () ~> ret send () ~> ret claimBonus () ~> call sum_e _2107 )
#Or
  T ==K ( call claimBonus () ~> call send 10 ~> call claimBonus () ~> ret claimBonus () ~> call fact_e _654 ~> ret fact_e () ~> ret send () ~> ret claimBonus () ~> call fact_e _1872 )
#Or
  T ==K ( call claimBonus () ~> call send 10 ~> call claimBonus () ~> ret claimBonus () ~> call fact_e _654 ~> ret fact_e () ~> ret send () ~> ret claimBonus () ~> call lock_e _1916 )
#Or
  T ==K ( call claimBonus () ~> call send 10 ~> call claimBonus () ~> ret claimBonus () ~> call fact_e _654 ~> ret fact_e () ~> ret send () ~> ret claimBonus () ~> call mc91_e _1974 )
#Or
  T ==K ( call claimBonus () ~> call send 10 ~> call claimBonus () ~> ret claimBonus () ~> call fact_e _654 ~> ret fact_e () ~> ret send () ~> ret claimBonus () ~> call mult_e _2034 )
#Or
  T ==K ( call claimBonus () ~> call send 10 ~> call claimBonus () ~> ret claimBonus () ~> call fact_e _654 ~> ret fact_e () ~> ret send () ~> ret claimBonus () ~> call repeat_e _1999 )
#Or
  T ==K ( call claimBonus () ~> call send 10 ~> call claimBonus () ~> ret claimBonus () ~> call fact_e _654 ~> ret fact_e () ~> ret send () ~> ret claimBonus () ~> call sum_e _1891 )
#Or
  T ==K ( call claimBonus () ~> call send 10 ~> call claimBonus () ~> ret claimBonus () ~> call mc91_e _714 ~> ret mc91_e () ~> ret send () ~> ret claimBonus () ~> call fact_e _1873 )
#Or
  T ==K ( call claimBonus () ~> call send 10 ~> call claimBonus () ~> ret claimBonus () ~> call mc91_e _714 ~> ret mc91_e () ~> ret send () ~> ret claimBonus () ~> call lock_e _1917 )
#Or
  T ==K ( call claimBonus () ~> call send 10 ~> call claimBonus () ~> ret claimBonus () ~> call mc91_e _714 ~> ret mc91_e () ~> ret send () ~> ret claimBonus () ~> call mc91_e _1975 )
#Or
  T ==K ( call claimBonus () ~> call send 10 ~> call claimBonus () ~> ret claimBonus () ~> call mc91_e _714 ~> ret mc91_e () ~> ret send () ~> ret claimBonus () ~> call mult_e _2036 )
#Or
  T ==K ( call claimBonus () ~> call send 10 ~> call claimBonus () ~> ret claimBonus () ~> call mc91_e _714 ~> ret mc91_e () ~> ret send () ~> ret claimBonus () ~> call repeat_e _2001 )
#Or
  T ==K ( call claimBonus () ~> call send 10 ~> call claimBonus () ~> ret claimBonus () ~> call mc91_e _714 ~> ret mc91_e () ~> ret send () ~> ret claimBonus () ~> call sum_e _1892 )
#Or
  T ==K ( call claimBonus () ~> call send 10 ~> call claimBonus () ~> ret claimBonus () ~> ret send () ~> ret claimBonus () ~> call fact_e _1314 )
#Or
  T ==K ( call claimBonus () ~> call send 10 ~> call claimBonus () ~> ret claimBonus () ~> ret send () ~> ret claimBonus () ~> call lock_e _1363 )
#Or
  T ==K ( call claimBonus () ~> call send 10 ~> call claimBonus () ~> ret claimBonus () ~> ret send () ~> ret claimBonus () ~> call mc91_e _1410 )
#Or
  T ==K ( call claimBonus () ~> call send 10 ~> call claimBonus () ~> ret claimBonus () ~> ret send () ~> ret claimBonus () ~> call mult_e _1451 )
#Or
  T ==K ( call claimBonus () ~> call send 10 ~> call claimBonus () ~> ret claimBonus () ~> ret send () ~> ret claimBonus () ~> call repeat_e _1429 )
#Or
  T ==K ( call claimBonus () ~> call send 10 ~> call claimBonus () ~> ret claimBonus () ~> ret send () ~> ret claimBonus () ~> call sum_e _1344 )
#Or
  T ==K ( call claimBonus () ~> call send 10 ~> call fact_e _317 ~> ret fact_e () ~> call claimBonus () ~> ret claimBonus () ~> ret send () ~> ret claimBonus () ~> call fact_e _1860 )
#Or
  T ==K ( call claimBonus () ~> call send 10 ~> call fact_e _317 ~> ret fact_e () ~> call claimBonus () ~> ret claimBonus () ~> ret send () ~> ret claimBonus () ~> call lock_e _1912 )
#Or
  T ==K ( call claimBonus () ~> call send 10 ~> call fact_e _317 ~> ret fact_e () ~> call claimBonus () ~> ret claimBonus () ~> ret send () ~> ret claimBonus () ~> call mc91_e _1968 )
#Or
  T ==K ( call claimBonus () ~> call send 10 ~> call fact_e _317 ~> ret fact_e () ~> call claimBonus () ~> ret claimBonus () ~> ret send () ~> ret claimBonus () ~> call mult_e _2026 )
#Or
  T ==K ( call claimBonus () ~> call send 10 ~> call fact_e _317 ~> ret fact_e () ~> call claimBonus () ~> ret claimBonus () ~> ret send () ~> ret claimBonus () ~> call repeat_e _1989 )
#Or
  T ==K ( call claimBonus () ~> call send 10 ~> call fact_e _317 ~> ret fact_e () ~> call claimBonus () ~> ret claimBonus () ~> ret send () ~> ret claimBonus () ~> call sum_e _1885 )
#Or
  T ==K ( call claimBonus () ~> call send 10 ~> call fact_e _317 ~> ret fact_e () ~> call fact_e _553 ~> ret fact_e () ~> ret send () ~> ret claimBonus () ~> call fact_e _1669 )
#Or
  T ==K ( call claimBonus () ~> call send 10 ~> call fact_e _317 ~> ret fact_e () ~> call fact_e _553 ~> ret fact_e () ~> ret send () ~> ret claimBonus () ~> call lock_e _1717 )
#Or
  T ==K ( call claimBonus () ~> call send 10 ~> call fact_e _317 ~> ret fact_e () ~> call fact_e _553 ~> ret fact_e () ~> ret send () ~> ret claimBonus () ~> call mc91_e _1755 )
#Or
  T ==K ( call claimBonus () ~> call send 10 ~> call fact_e _317 ~> ret fact_e () ~> call fact_e _553 ~> ret fact_e () ~> ret send () ~> ret claimBonus () ~> call mult_e _1805 )
#Or
  T ==K ( call claimBonus () ~> call send 10 ~> call fact_e _317 ~> ret fact_e () ~> call fact_e _553 ~> ret fact_e () ~> ret send () ~> ret claimBonus () ~> call repeat_e _1775 )
#Or
  T ==K ( call claimBonus () ~> call send 10 ~> call fact_e _317 ~> ret fact_e () ~> call fact_e _553 ~> ret fact_e () ~> ret send () ~> ret claimBonus () ~> call sum_e _1692 )
#Or
  T ==K ( call claimBonus () ~> call send 10 ~> call fact_e _317 ~> ret fact_e () ~> call mc91_e _595 ~> ret mc91_e () ~> ret send () ~> ret claimBonus () ~> call fact_e _1670 )
#Or
  T ==K ( call claimBonus () ~> call send 10 ~> call fact_e _317 ~> ret fact_e () ~> call mc91_e _595 ~> ret mc91_e () ~> ret send () ~> ret claimBonus () ~> call lock_e _1718 )
#Or
  T ==K ( call claimBonus () ~> call send 10 ~> call fact_e _317 ~> ret fact_e () ~> call mc91_e _595 ~> ret mc91_e () ~> ret send () ~> ret claimBonus () ~> call mc91_e _1756 )
#Or
  T ==K ( call claimBonus () ~> call send 10 ~> call fact_e _317 ~> ret fact_e () ~> call mc91_e _595 ~> ret mc91_e () ~> ret send () ~> ret claimBonus () ~> call mult_e _1807 )
#Or
  T ==K ( call claimBonus () ~> call send 10 ~> call fact_e _317 ~> ret fact_e () ~> call mc91_e _595 ~> ret mc91_e () ~> ret send () ~> ret claimBonus () ~> call repeat_e _1777 )
#Or
  T ==K ( call claimBonus () ~> call send 10 ~> call fact_e _317 ~> ret fact_e () ~> call mc91_e _595 ~> ret mc91_e () ~> ret send () ~> ret claimBonus () ~> call sum_e _1693 )
#Or
  T ==K ( call claimBonus () ~> call send 10 ~> call fact_e _317 ~> ret fact_e () ~> ret send () ~> ret claimBonus () ~> call fact_e _1143 )
#Or
  T ==K ( call claimBonus () ~> call send 10 ~> call fact_e _317 ~> ret fact_e () ~> ret send () ~> ret claimBonus () ~> call lock_e _1189 )
#Or
  T ==K ( call claimBonus () ~> call send 10 ~> call fact_e _317 ~> ret fact_e () ~> ret send () ~> ret claimBonus () ~> call mc91_e _1225 )
#Or
  T ==K ( call claimBonus () ~> call send 10 ~> call fact_e _317 ~> ret fact_e () ~> ret send () ~> ret claimBonus () ~> call mult_e _1271 )
#Or
  T ==K ( call claimBonus () ~> call send 10 ~> call fact_e _317 ~> ret fact_e () ~> ret send () ~> ret claimBonus () ~> call repeat_e _1248 )
#Or
  T ==K ( call claimBonus () ~> call send 10 ~> call fact_e _317 ~> ret fact_e () ~> ret send () ~> ret claimBonus () ~> call sum_e _1164 )
#Or
  T ==K ( call claimBonus () ~> call send 10 ~> call mc91_e _358 ~> ret mc91_e () ~> call claimBonus () ~> ret claimBonus () ~> ret send () ~> ret claimBonus () ~> call fact_e _1867 )
#Or
  T ==K ( call claimBonus () ~> call send 10 ~> call mc91_e _358 ~> ret mc91_e () ~> call claimBonus () ~> ret claimBonus () ~> ret send () ~> ret claimBonus () ~> call lock_e _1914 )
#Or
  T ==K ( call claimBonus () ~> call send 10 ~> call mc91_e _358 ~> ret mc91_e () ~> call claimBonus () ~> ret claimBonus () ~> ret send () ~> ret claimBonus () ~> call mc91_e _1973 )
#Or
  T ==K ( call claimBonus () ~> call send 10 ~> call mc91_e _358 ~> ret mc91_e () ~> call claimBonus () ~> ret claimBonus () ~> ret send () ~> ret claimBonus () ~> call mult_e _2031 )
#Or
  T ==K ( call claimBonus () ~> call send 10 ~> call mc91_e _358 ~> ret mc91_e () ~> call claimBonus () ~> ret claimBonus () ~> ret send () ~> ret claimBonus () ~> call repeat_e _1995 )
#Or
  T ==K ( call claimBonus () ~> call send 10 ~> call mc91_e _358 ~> ret mc91_e () ~> call claimBonus () ~> ret claimBonus () ~> ret send () ~> ret claimBonus () ~> call sum_e _1890 )
#Or
  T ==K ( call claimBonus () ~> call send 10 ~> call mc91_e _358 ~> ret mc91_e () ~> call fact_e _554 ~> ret fact_e () ~> ret send () ~> ret claimBonus () ~> call fact_e _1673 )
#Or
  T ==K ( call claimBonus () ~> call send 10 ~> call mc91_e _358 ~> ret mc91_e () ~> call fact_e _554 ~> ret fact_e () ~> ret send () ~> ret claimBonus () ~> call lock_e _1721 )
#Or
  T ==K ( call claimBonus () ~> call send 10 ~> call mc91_e _358 ~> ret mc91_e () ~> call fact_e _554 ~> ret fact_e () ~> ret send () ~> ret claimBonus () ~> call mc91_e _1758 )
#Or
  T ==K ( call claimBonus () ~> call send 10 ~> call mc91_e _358 ~> ret mc91_e () ~> call fact_e _554 ~> ret fact_e () ~> ret send () ~> ret claimBonus () ~> call mult_e _1810 )
#Or
  T ==K ( call claimBonus () ~> call send 10 ~> call mc91_e _358 ~> ret mc91_e () ~> call fact_e _554 ~> ret fact_e () ~> ret send () ~> ret claimBonus () ~> call repeat_e _1782 )
#Or
  T ==K ( call claimBonus () ~> call send 10 ~> call mc91_e _358 ~> ret mc91_e () ~> call fact_e _554 ~> ret fact_e () ~> ret send () ~> ret claimBonus () ~> call sum_e _1694 )
#Or
  T ==K ( call claimBonus () ~> call send 10 ~> call mc91_e _358 ~> ret mc91_e () ~> call mc91_e _596 ~> ret mc91_e () ~> ret send () ~> ret claimBonus () ~> call fact_e _1674 )
#Or
  T ==K ( call claimBonus () ~> call send 10 ~> call mc91_e _358 ~> ret mc91_e () ~> call mc91_e _596 ~> ret mc91_e () ~> ret send () ~> ret claimBonus () ~> call lock_e _1722 )
#Or
  T ==K ( call claimBonus () ~> call send 10 ~> call mc91_e _358 ~> ret mc91_e () ~> call mc91_e _596 ~> ret mc91_e () ~> ret send () ~> ret claimBonus () ~> call mc91_e _1759 )
#Or
  T ==K ( call claimBonus () ~> call send 10 ~> call mc91_e _358 ~> ret mc91_e () ~> call mc91_e _596 ~> ret mc91_e () ~> ret send () ~> ret claimBonus () ~> call mult_e _1812 )
#Or
  T ==K ( call claimBonus () ~> call send 10 ~> call mc91_e _358 ~> ret mc91_e () ~> call mc91_e _596 ~> ret mc91_e () ~> ret send () ~> ret claimBonus () ~> call repeat_e _1784 )
#Or
  T ==K ( call claimBonus () ~> call send 10 ~> call mc91_e _358 ~> ret mc91_e () ~> call mc91_e _596 ~> ret mc91_e () ~> ret send () ~> ret claimBonus () ~> call sum_e _1695 )
#Or
  T ==K ( call claimBonus () ~> call send 10 ~> call mc91_e _358 ~> ret mc91_e () ~> ret send () ~> ret claimBonus () ~> call fact_e _1144 )
#Or
  T ==K ( call claimBonus () ~> call send 10 ~> call mc91_e _358 ~> ret mc91_e () ~> ret send () ~> ret claimBonus () ~> call lock_e _1190 )
#Or
  T ==K ( call claimBonus () ~> call send 10 ~> call mc91_e _358 ~> ret mc91_e () ~> ret send () ~> ret claimBonus () ~> call mc91_e _1226 )
#Or
  T ==K ( call claimBonus () ~> call send 10 ~> call mc91_e _358 ~> ret mc91_e () ~> ret send () ~> ret claimBonus () ~> call mult_e _1273 )
#Or
  T ==K ( call claimBonus () ~> call send 10 ~> call mc91_e _358 ~> ret mc91_e () ~> ret send () ~> ret claimBonus () ~> call repeat_e _1250 )
#Or
  T ==K ( call claimBonus () ~> call send 10 ~> call mc91_e _358 ~> ret mc91_e () ~> ret send () ~> ret claimBonus () ~> call sum_e _1165 )
#Or
  T ==K ( call claimBonus () ~> call send 10 ~> ret send () ~> ret claimBonus () ~> call fact_e _748 )
#Or
  T ==K ( call claimBonus () ~> call send 10 ~> ret send () ~> ret claimBonus () ~> call lock_e _777 )
#Or
  T ==K ( call claimBonus () ~> call send 10 ~> ret send () ~> ret claimBonus () ~> call mc91_e _802 )
#Or
  T ==K ( call claimBonus () ~> call send 10 ~> ret send () ~> ret claimBonus () ~> call mult_e _827 )
#Or
  T ==K ( call claimBonus () ~> call send 10 ~> ret send () ~> ret claimBonus () ~> call repeat_e _813 )
#Or
  T ==K ( call claimBonus () ~> call send 10 ~> ret send () ~> ret claimBonus () ~> call sum_e _764 )
#Or
  T ==K ( call esimple _4 ~> ret esimple () ~> call fact_e _140 )
#Or
  T ==K ( call esimple _4 ~> ret esimple () ~> call fact_e _200 )
#Or
  T ==K ( call esimple _4 ~> ret esimple () ~> call lock_e _153 )
#Or
  T ==K ( call esimple _4 ~> ret esimple () ~> call lock_e _217 )
#Or
  T ==K ( call esimple _4 ~> ret esimple () ~> call mc91_e _165 )
#Or
  T ==K ( call esimple _4 ~> ret esimple () ~> call mc91_e _244 )
#Or
  T ==K ( call esimple _4 ~> ret esimple () ~> call mult_e _181 )
#Or
  T ==K ( call esimple _4 ~> ret esimple () ~> call mult_e _261 )
#Or
  T ==K ( call esimple _4 ~> ret esimple () ~> call repeat_e _170 )
#Or
  T ==K ( call esimple _4 ~> ret esimple () ~> call repeat_e _254 )
#Or
  T ==K ( call esimple _4 ~> ret esimple () ~> call sum_e _147 )
#Or
  T ==K ( call esimple _4 ~> ret esimple () ~> call sum_e _209 )
#Or
  T ==K ( call fact_e _1 ~> ret fact_e () ~> call fact_e _32 )
#Or
  T ==K ( call fact_e _1 ~> ret fact_e () ~> call lock_e _37 )
#Or
  T ==K ( call fact_e _1 ~> ret fact_e () ~> call mc91_e _44 )
#Or
  T ==K ( call fact_e _1 ~> ret fact_e () ~> call mult_e _55 )
#Or
  T ==K ( call fact_e _1 ~> ret fact_e () ~> call repeat_e _49 )
#Or
  T ==K ( call fact_e _1 ~> ret fact_e () ~> call sum_e _35 )
#Or
  T ==K ( call lock_e _3 ~> ret lock_e () ~> call fact_e _390 )
#Or
  T ==K ( call lock_e _3 ~> ret lock_e () ~> call fact_e _616 )
#Or
  T ==K ( call lock_e _3 ~> ret lock_e () ~> call lock_e _410 )
#Or
  T ==K ( call lock_e _3 ~> ret lock_e () ~> call lock_e _646 )
#Or
  T ==K ( call lock_e _3 ~> ret lock_e () ~> call mc91_e _430 )
#Or
  T ==K ( call lock_e _3 ~> ret lock_e () ~> call mc91_e _672 )
#Or
  T ==K ( call lock_e _3 ~> ret lock_e () ~> call mult_e _456 )
#Or
  T ==K ( call lock_e _3 ~> ret lock_e () ~> call mult_e _707 )
#Or
  T ==K ( call lock_e _3 ~> ret lock_e () ~> call repeat_e _442 )
#Or
  T ==K ( call lock_e _3 ~> ret lock_e () ~> call repeat_e _687 )
#Or
  T ==K ( call lock_e _3 ~> ret lock_e () ~> call sum_e _402 )
#Or
  T ==K ( call lock_e _3 ~> ret lock_e () ~> call sum_e _633 )
#Or
  T ==K ( call mc91_e _5 ~> ret mc91_e () ~> call fact_e _34 )
#Or
  T ==K ( call mc91_e _5 ~> ret mc91_e () ~> call fact_e _108 )
#Or
  T ==K ( call mc91_e _5 ~> ret mc91_e () ~> call fact_e _278 )
#Or
  T ==K ( call mc91_e _5 ~> ret mc91_e () ~> call lock_e _39 )
#Or
  T ==K ( call mc91_e _5 ~> ret mc91_e () ~> call lock_e _117 )
#Or
  T ==K ( call mc91_e _5 ~> ret mc91_e () ~> call lock_e _303 )
#Or
  T ==K ( call mc91_e _5 ~> ret mc91_e () ~> call mc91_e _46 )
#Or
  T ==K ( call mc91_e _5 ~> ret mc91_e () ~> call mc91_e _130 )
#Or
  T ==K ( call mc91_e _5 ~> ret mc91_e () ~> call mc91_e _324 )
#Or
  T ==K ( call mc91_e _5 ~> ret mc91_e () ~> call mult_e _58 )
#Or
  T ==K ( call mc91_e _5 ~> ret mc91_e () ~> call mult_e _142 )
#Or
  T ==K ( call mc91_e _5 ~> ret mc91_e () ~> call mult_e _340 )
#Or
  T ==K ( call mc91_e _5 ~> ret mc91_e () ~> call repeat_e _52 )
#Or
  T ==K ( call mc91_e _5 ~> ret mc91_e () ~> call repeat_e _135 )
#Or
  T ==K ( call mc91_e _5 ~> ret mc91_e () ~> call repeat_e _331 )
#Or
  T ==K ( call mc91_e _5 ~> ret mc91_e () ~> call sum_e _36 )
#Or
  T ==K ( call mc91_e _5 ~> ret mc91_e () ~> call sum_e _114 )
#Or
  T ==K ( call mc91_e _5 ~> ret mc91_e () ~> call sum_e _291 )
#Or
  T ==K ( call mult_e _9 ~> ret mult_e () ~> call fact_e _177 )
#Or
  T ==K ( call mult_e _9 ~> ret mult_e () ~> call lock_e _191 )
#Or
  T ==K ( call mult_e _9 ~> ret mult_e () ~> call mc91_e _212 )
#Or
  T ==K ( call mult_e _9 ~> ret mult_e () ~> call mult_e _239 )
#Or
  T ==K ( call mult_e _9 ~> ret mult_e () ~> call repeat_e _222 )
#Or
  T ==K ( call mult_e _9 ~> ret mult_e () ~> call sum_e _185 )
#Or
  T ==K ( call sum_e _2 ~> ret sum_e () ~> call fact_e _61 )
#Or
  T ==K ( call sum_e _2 ~> ret sum_e () ~> call lock_e _75 )
#Or
  T ==K ( call sum_e _2 ~> ret sum_e () ~> call mc91_e _84 )
#Or
  T ==K ( call sum_e _2 ~> ret sum_e () ~> call mult_e _97 )
#Or
  T ==K ( call sum_e _2 ~> ret sum_e () ~> call repeat_e _92 )
#Or
  T ==K ( call sum_e _2 ~> ret sum_e () ~> call sum_e _67 )
#Or
  T ==K call fact_e _1
#Or
  T ==K call lock_e _3
#Or
  T ==K call mc91_e _5
#Or
  T ==K call mult_e _9
#Or
  T ==K call repeat_e _7
#Or
  T ==K call sum_e _2

real	0m28.978s
user	0m47.896s
sys	0m4.427s
