  T ==K ( call bid _3 ~> call refund _3 ~> call bid _33 ~> call refund _33 ~> call bid _90 ~> call refund _90 ~> call mc91_e _211 )
#Or
  T ==K ( call bid _3 ~> call refund _3 ~> call bid _33 ~> call refund _33 ~> call bid _90 ~> call refund _90 ~> call mult_e _224 )
#Or
  T ==K ( call bid _3 ~> call refund _3 ~> call bid _33 ~> call refund _33 ~> call bid _90 ~> call refund _90 ~> call repeat_e _218 )
#Or
  T ==K ( call bid _3 ~> call refund _3 ~> call bid _33 ~> call refund _33 ~> call bid _90 ~> call refund _90 ~> call sum_e _185 )
#Or
  T ==K ( call bid _3 ~> call refund _3 ~> call bid _33 ~> call refund _33 ~> call fact_e _83 )
#Or
  T ==K ( call bid _3 ~> call refund _3 ~> call bid _33 ~> call refund _33 ~> call lock_e _94 )
#Or
  T ==K ( call bid _3 ~> call refund _3 ~> call bid _33 ~> call refund _33 ~> call mc91_e _104 )
#Or
  T ==K ( call bid _3 ~> call refund _3 ~> call bid _33 ~> call refund _33 ~> call mult_e _112 )
#Or
  T ==K ( call bid _3 ~> call refund _3 ~> call bid _33 ~> call refund _33 ~> call repeat_e _109 )
#Or
  T ==K ( call bid _3 ~> call refund _3 ~> call bid _33 ~> call refund _33 ~> call sum_e _87 )
#Or
  T ==K ( call bid _3 ~> call refund _3 ~> call fact_e _29 )
#Or
  T ==K ( call bid _3 ~> call refund _3 ~> call lock_e _35 )
#Or
  T ==K ( call bid _3 ~> call refund _3 ~> call mc91_e _40 )
#Or
  T ==K ( call bid _3 ~> call refund _3 ~> call mult_e _45 )
#Or
  T ==K ( call bid _3 ~> call refund _3 ~> call repeat_e _42 )
#Or
  T ==K ( call bid _3 ~> call refund _3 ~> call sum_e _31 )
#Or
  T ==K call fact_e _1
#Or
  T ==K call lock_e _4
#Or
  T ==K call mc91_e _7
#Or
  T ==K call mult_e _11
#Or
  T ==K call repeat_e _9
#Or
  T ==K call sum_e _2

real	0m13.449s
user	0m28.852s
sys	0m1.911s
