  T ==K ( call esimple _4 ~> ret esimple () ~> call mc91_e _167 )
#Or
  T ==K ( call esimple _4 ~> ret esimple () ~> call mult_e _192 )
#Or
  T ==K ( call esimple _4 ~> ret esimple () ~> call repeat_e _174 )
#Or
  T ==K ( call esimple _4 ~> ret esimple () ~> call sum_e _148 )
#Or
  T ==K ( call fact_e _1 ~> ret fact_e () ~> call mc91_e _42 )
#Or
  T ==K ( call fact_e _1 ~> ret fact_e () ~> call mult_e _56 )
#Or
  T ==K ( call fact_e _1 ~> ret fact_e () ~> call repeat_e _46 )
#Or
  T ==K ( call fact_e _1 ~> ret fact_e () ~> call sum_e _34 )
#Or
  T ==K ( call initialise () ~> call getInput () ~> call fact_e _97 ~> ret fact_e () ~> call fact_e _272 ~> ret fact_e () ~> ret getInput _544 ~> ret initialise () ~> call initialise () )
#Or
  T ==K ( call initialise () ~> call getInput () ~> call fact_e _97 ~> ret fact_e () ~> call fact_e _272 ~> ret fact_e () ~> ret getInput _544 ~> ret initialise () ~> call mc91_e _910 )
#Or
  T ==K ( call initialise () ~> call getInput () ~> call fact_e _97 ~> ret fact_e () ~> call fact_e _272 ~> ret fact_e () ~> ret getInput _544 ~> ret initialise () ~> call mc91_e _1552 )
#Or
  T ==K ( call initialise () ~> call getInput () ~> call fact_e _97 ~> ret fact_e () ~> call fact_e _272 ~> ret fact_e () ~> ret getInput _544 ~> ret initialise () ~> call mult_e _971 )
#Or
  T ==K ( call initialise () ~> call getInput () ~> call fact_e _97 ~> ret fact_e () ~> call fact_e _272 ~> ret fact_e () ~> ret getInput _544 ~> ret initialise () ~> call mult_e _1591 )
#Or
  T ==K ( call initialise () ~> call getInput () ~> call fact_e _97 ~> ret fact_e () ~> call fact_e _272 ~> ret fact_e () ~> ret getInput _544 ~> ret initialise () ~> call repeat_e _931 )
#Or
  T ==K ( call initialise () ~> call getInput () ~> call fact_e _97 ~> ret fact_e () ~> call fact_e _272 ~> ret fact_e () ~> ret getInput _544 ~> ret initialise () ~> call repeat_e _1562 )
#Or
  T ==K ( call initialise () ~> call getInput () ~> call fact_e _97 ~> ret fact_e () ~> call fact_e _272 ~> ret fact_e () ~> ret getInput _544 ~> ret initialise () ~> call sum_e _862 )
#Or
  T ==K ( call initialise () ~> call getInput () ~> call fact_e _97 ~> ret fact_e () ~> call fact_e _272 ~> ret fact_e () ~> ret getInput _544 ~> ret initialise () ~> call sum_e _1522 )
#Or
  T ==K ( call initialise () ~> call getInput () ~> call fact_e _97 ~> ret fact_e () ~> call mc91_e _313 ~> ret mc91_e () ~> ret getInput _545 ~> ret initialise () ~> call initialise () )
#Or
  T ==K ( call initialise () ~> call getInput () ~> call fact_e _97 ~> ret fact_e () ~> call mc91_e _313 ~> ret mc91_e () ~> ret getInput _545 ~> ret initialise () ~> call mc91_e _911 )
#Or
  T ==K ( call initialise () ~> call getInput () ~> call fact_e _97 ~> ret fact_e () ~> call mc91_e _313 ~> ret mc91_e () ~> ret getInput _545 ~> ret initialise () ~> call mc91_e _1553 )
#Or
  T ==K ( call initialise () ~> call getInput () ~> call fact_e _97 ~> ret fact_e () ~> call mc91_e _313 ~> ret mc91_e () ~> ret getInput _545 ~> ret initialise () ~> call mult_e _973 )
#Or
  T ==K ( call initialise () ~> call getInput () ~> call fact_e _97 ~> ret fact_e () ~> call mc91_e _313 ~> ret mc91_e () ~> ret getInput _545 ~> ret initialise () ~> call mult_e _1593 )
#Or
  T ==K ( call initialise () ~> call getInput () ~> call fact_e _97 ~> ret fact_e () ~> call mc91_e _313 ~> ret mc91_e () ~> ret getInput _545 ~> ret initialise () ~> call repeat_e _933 )
#Or
  T ==K ( call initialise () ~> call getInput () ~> call fact_e _97 ~> ret fact_e () ~> call mc91_e _313 ~> ret mc91_e () ~> ret getInput _545 ~> ret initialise () ~> call repeat_e _1565 )
#Or
  T ==K ( call initialise () ~> call getInput () ~> call fact_e _97 ~> ret fact_e () ~> call mc91_e _313 ~> ret mc91_e () ~> ret getInput _545 ~> ret initialise () ~> call sum_e _863 )
#Or
  T ==K ( call initialise () ~> call getInput () ~> call fact_e _97 ~> ret fact_e () ~> call mc91_e _313 ~> ret mc91_e () ~> ret getInput _545 ~> ret initialise () ~> call sum_e _1523 )
#Or
  T ==K ( call initialise () ~> call getInput () ~> call fact_e _97 ~> ret fact_e () ~> ret getInput _259 ~> ret initialise () ~> call initialise () )
#Or
  T ==K ( call initialise () ~> call getInput () ~> call fact_e _97 ~> ret fact_e () ~> ret getInput _259 ~> ret initialise () ~> call mc91_e _534 )
#Or
  T ==K ( call initialise () ~> call getInput () ~> call fact_e _97 ~> ret fact_e () ~> ret getInput _259 ~> ret initialise () ~> call mc91_e _1299 )
#Or
  T ==K ( call initialise () ~> call getInput () ~> call fact_e _97 ~> ret fact_e () ~> ret getInput _259 ~> ret initialise () ~> call mult_e _574 )
#Or
  T ==K ( call initialise () ~> call getInput () ~> call fact_e _97 ~> ret fact_e () ~> ret getInput _259 ~> ret initialise () ~> call mult_e _1333 )
#Or
  T ==K ( call initialise () ~> call getInput () ~> call fact_e _97 ~> ret fact_e () ~> ret getInput _259 ~> ret initialise () ~> call repeat_e _547 )
#Or
  T ==K ( call initialise () ~> call getInput () ~> call fact_e _97 ~> ret fact_e () ~> ret getInput _259 ~> ret initialise () ~> call repeat_e _1306 )
#Or
  T ==K ( call initialise () ~> call getInput () ~> call fact_e _97 ~> ret fact_e () ~> ret getInput _259 ~> ret initialise () ~> call sum_e _496 )
#Or
  T ==K ( call initialise () ~> call getInput () ~> call fact_e _97 ~> ret fact_e () ~> ret getInput _259 ~> ret initialise () ~> call sum_e _1269 )
#Or
  T ==K ( call initialise () ~> call getInput () ~> call mc91_e _121 ~> ret mc91_e () ~> call fact_e _273 ~> ret fact_e () ~> ret getInput _548 ~> ret initialise () ~> call initialise () )
#Or
  T ==K ( call initialise () ~> call getInput () ~> call mc91_e _121 ~> ret mc91_e () ~> call fact_e _273 ~> ret fact_e () ~> ret getInput _548 ~> ret initialise () ~> call mc91_e _912 )
#Or
  T ==K ( call initialise () ~> call getInput () ~> call mc91_e _121 ~> ret mc91_e () ~> call fact_e _273 ~> ret fact_e () ~> ret getInput _548 ~> ret initialise () ~> call mc91_e _1554 )
#Or
  T ==K ( call initialise () ~> call getInput () ~> call mc91_e _121 ~> ret mc91_e () ~> call fact_e _273 ~> ret fact_e () ~> ret getInput _548 ~> ret initialise () ~> call mult_e _975 )
#Or
  T ==K ( call initialise () ~> call getInput () ~> call mc91_e _121 ~> ret mc91_e () ~> call fact_e _273 ~> ret fact_e () ~> ret getInput _548 ~> ret initialise () ~> call mult_e _1595 )
#Or
  T ==K ( call initialise () ~> call getInput () ~> call mc91_e _121 ~> ret mc91_e () ~> call fact_e _273 ~> ret fact_e () ~> ret getInput _548 ~> ret initialise () ~> call repeat_e _936 )
#Or
  T ==K ( call initialise () ~> call getInput () ~> call mc91_e _121 ~> ret mc91_e () ~> call fact_e _273 ~> ret fact_e () ~> ret getInput _548 ~> ret initialise () ~> call repeat_e _1569 )
#Or
  T ==K ( call initialise () ~> call getInput () ~> call mc91_e _121 ~> ret mc91_e () ~> call fact_e _273 ~> ret fact_e () ~> ret getInput _548 ~> ret initialise () ~> call sum_e _864 )
#Or
  T ==K ( call initialise () ~> call getInput () ~> call mc91_e _121 ~> ret mc91_e () ~> call fact_e _273 ~> ret fact_e () ~> ret getInput _548 ~> ret initialise () ~> call sum_e _1524 )
#Or
  T ==K ( call initialise () ~> call getInput () ~> call mc91_e _121 ~> ret mc91_e () ~> call mc91_e _314 ~> ret mc91_e () ~> ret getInput _549 ~> ret initialise () ~> call initialise () )
#Or
  T ==K ( call initialise () ~> call getInput () ~> call mc91_e _121 ~> ret mc91_e () ~> call mc91_e _314 ~> ret mc91_e () ~> ret getInput _549 ~> ret initialise () ~> call mc91_e _913 )
#Or
  T ==K ( call initialise () ~> call getInput () ~> call mc91_e _121 ~> ret mc91_e () ~> call mc91_e _314 ~> ret mc91_e () ~> ret getInput _549 ~> ret initialise () ~> call mc91_e _1555 )
#Or
  T ==K ( call initialise () ~> call getInput () ~> call mc91_e _121 ~> ret mc91_e () ~> call mc91_e _314 ~> ret mc91_e () ~> ret getInput _549 ~> ret initialise () ~> call mult_e _977 )
#Or
  T ==K ( call initialise () ~> call getInput () ~> call mc91_e _121 ~> ret mc91_e () ~> call mc91_e _314 ~> ret mc91_e () ~> ret getInput _549 ~> ret initialise () ~> call mult_e _1597 )
#Or
  T ==K ( call initialise () ~> call getInput () ~> call mc91_e _121 ~> ret mc91_e () ~> call mc91_e _314 ~> ret mc91_e () ~> ret getInput _549 ~> ret initialise () ~> call repeat_e _938 )
#Or
  T ==K ( call initialise () ~> call getInput () ~> call mc91_e _121 ~> ret mc91_e () ~> call mc91_e _314 ~> ret mc91_e () ~> ret getInput _549 ~> ret initialise () ~> call repeat_e _1572 )
#Or
  T ==K ( call initialise () ~> call getInput () ~> call mc91_e _121 ~> ret mc91_e () ~> call mc91_e _314 ~> ret mc91_e () ~> ret getInput _549 ~> ret initialise () ~> call sum_e _865 )
#Or
  T ==K ( call initialise () ~> call getInput () ~> call mc91_e _121 ~> ret mc91_e () ~> call mc91_e _314 ~> ret mc91_e () ~> ret getInput _549 ~> ret initialise () ~> call sum_e _1525 )
#Or
  T ==K ( call initialise () ~> call getInput () ~> call mc91_e _121 ~> ret mc91_e () ~> ret getInput _260 ~> ret initialise () ~> call initialise () )
#Or
  T ==K ( call initialise () ~> call getInput () ~> call mc91_e _121 ~> ret mc91_e () ~> ret getInput _260 ~> ret initialise () ~> call mc91_e _535 )
#Or
  T ==K ( call initialise () ~> call getInput () ~> call mc91_e _121 ~> ret mc91_e () ~> ret getInput _260 ~> ret initialise () ~> call mc91_e _1300 )
#Or
  T ==K ( call initialise () ~> call getInput () ~> call mc91_e _121 ~> ret mc91_e () ~> ret getInput _260 ~> ret initialise () ~> call mult_e _576 )
#Or
  T ==K ( call initialise () ~> call getInput () ~> call mc91_e _121 ~> ret mc91_e () ~> ret getInput _260 ~> ret initialise () ~> call mult_e _1335 )
#Or
  T ==K ( call initialise () ~> call getInput () ~> call mc91_e _121 ~> ret mc91_e () ~> ret getInput _260 ~> ret initialise () ~> call repeat_e _551 )
#Or
  T ==K ( call initialise () ~> call getInput () ~> call mc91_e _121 ~> ret mc91_e () ~> ret getInput _260 ~> ret initialise () ~> call repeat_e _1311 )
#Or
  T ==K ( call initialise () ~> call getInput () ~> call mc91_e _121 ~> ret mc91_e () ~> ret getInput _260 ~> ret initialise () ~> call sum_e _497 )
#Or
  T ==K ( call initialise () ~> call getInput () ~> call mc91_e _121 ~> ret mc91_e () ~> ret getInput _260 ~> ret initialise () ~> call sum_e _1270 )
#Or
  T ==K ( call initialise () ~> call getInput () ~> ret getInput _91 ~> ret initialise () ~> call initialise () )
#Or
  T ==K ( call initialise () ~> call getInput () ~> ret getInput _91 ~> ret initialise () ~> call mc91_e _250 )
#Or
  T ==K ( call initialise () ~> call getInput () ~> ret getInput _91 ~> ret initialise () ~> call mc91_e _914 )
#Or
  T ==K ( call initialise () ~> call getInput () ~> ret getInput _91 ~> ret initialise () ~> call mult_e _290 )
#Or
  T ==K ( call initialise () ~> call getInput () ~> ret getInput _91 ~> ret initialise () ~> call mult_e _979 )
#Or
  T ==K ( call initialise () ~> call getInput () ~> ret getInput _91 ~> ret initialise () ~> call repeat_e _262 )
#Or
  T ==K ( call initialise () ~> call getInput () ~> ret getInput _91 ~> ret initialise () ~> call repeat_e _941 )
#Or
  T ==K ( call initialise () ~> call getInput () ~> ret getInput _91 ~> ret initialise () ~> call sum_e _235 )
#Or
  T ==K ( call initialise () ~> call getInput () ~> ret getInput _91 ~> ret initialise () ~> call sum_e _866 )
#Or
  T ==K ( call lock_e _3 ~> ret lock_e () ~> call mc91_e _442 )
#Or
  T ==K ( call lock_e _3 ~> ret lock_e () ~> call mult_e _479 )
#Or
  T ==K ( call lock_e _3 ~> ret lock_e () ~> call repeat_e _452 )
#Or
  T ==K ( call lock_e _3 ~> ret lock_e () ~> call sum_e _399 )
#Or
  T ==K ( call mc91_e _5 ~> ret mc91_e () ~> call mc91_e _43 )
#Or
  T ==K ( call mc91_e _5 ~> ret mc91_e () ~> call mc91_e _126 )
#Or
  T ==K ( call mc91_e _5 ~> ret mc91_e () ~> call mult_e _59 )
#Or
  T ==K ( call mc91_e _5 ~> ret mc91_e () ~> call mult_e _150 )
#Or
  T ==K ( call mc91_e _5 ~> ret mc91_e () ~> call repeat_e _48 )
#Or
  T ==K ( call mc91_e _5 ~> ret mc91_e () ~> call repeat_e _134 )
#Or
  T ==K ( call mc91_e _5 ~> ret mc91_e () ~> call sum_e _35 )
#Or
  T ==K ( call mc91_e _5 ~> ret mc91_e () ~> call sum_e _108 )
#Or
  T ==K ( call mult_e _11 ~> ret mult_e () ~> call mc91_e _216 )
#Or
  T ==K ( call mult_e _11 ~> ret mult_e () ~> call mult_e _243 )
#Or
  T ==K ( call mult_e _11 ~> ret mult_e () ~> call repeat_e _229 )
#Or
  T ==K ( call mult_e _11 ~> ret mult_e () ~> call sum_e _195 )
#Or
  T ==K ( call sum_e _2 ~> ret sum_e () ~> call mc91_e _75 )
#Or
  T ==K ( call sum_e _2 ~> ret sum_e () ~> call mult_e _94 )
#Or
  T ==K ( call sum_e _2 ~> ret sum_e () ~> call repeat_e _83 )
#Or
  T ==K ( call sum_e _2 ~> ret sum_e () ~> call sum_e _61 )
#Or
  T ==K call mc91_e _5
#Or
  T ==K call mult_e _11
#Or
  T ==K call repeat_e _7
#Or
  T ==K call sum_e _2

real	0m31.297s
user	0m48.686s
sys	0m4.832s
