  T ==K ( call initialise () ~> call getInput () ~> call fact_e _53 )
#Or
  T ==K ( call initialise () ~> call getInput () ~> call initialise () )
#Or
  T ==K ( call initialise () ~> call getInput () ~> call lock_e _59 )
#Or
  T ==K ( call initialise () ~> call getInput () ~> call mc91_e _65 )
#Or
  T ==K ( call initialise () ~> call getInput () ~> call mult_e _76 )
#Or
  T ==K ( call initialise () ~> call getInput () ~> call repeat_e _67 )
#Or
  T ==K ( call initialise () ~> call getInput () ~> call sum_e _58 )
#Or
  T ==K call fact_e _1
#Or
  T ==K call lock_e _3
#Or
  T ==K call mc91_e _5
#Or
  T ==K call mult_e _11
#Or
  T ==K call repeat_e _7
#Or
  T ==K call sum_e _2

real	0m9.740s
user	0m24.511s
sys	0m1.196s
