  T ==K ( call initialise () ~> call getInput () ~> call initialise () ~> call getInput () ~> ret getInput _4 ~> ret initialise () ~> call initialise () ~> call getInput () ~> ret getInput _17 )
#Or
  T ==K ( call initialise () ~> call getInput () ~> call initialise () ~> call getInput () ~> ret getInput _4 ~> ret initialise () ~> call initialise () ~> call getInput () ~> ret getInput _32 ~> ret initialise () ~> ret getInput _45 )
#Or
  T ==K ( call initialise () ~> call getInput () ~> call initialise () ~> call getInput () ~> ret getInput _4 ~> ret initialise () ~> call initialise () ~> call getInput () ~> ret getInput _32 ~> ret initialise () ~> ret getInput _67 ~> ret initialise () ~> call initialise () ~> call getInput () ~> call initialise () ~> call getInput () ~> ret getInput _97 )
#Or
  T ==K ( call initialise () ~> call getInput () ~> call initialise () ~> call getInput () ~> ret getInput _4 ~> ret initialise () ~> call initialise () ~> call getInput () ~> ret getInput _32 ~> ret initialise () ~> ret getInput _67 ~> ret initialise () ~> call initialise () ~> call getInput () ~> call initialise () ~> call getInput () ~> ret getInput _115 ~> ret initialise () ~> call initialise () ~> call getInput () ~> ret getInput _137 )
#Or
  T ==K ( call initialise () ~> call getInput () ~> call initialise () ~> call getInput () ~> ret getInput _4 ~> ret initialise () ~> call initialise () ~> call getInput () ~> ret getInput _32 ~> ret initialise () ~> ret getInput _67 ~> ret initialise () ~> call initialise () ~> call getInput () ~> call initialise () ~> call getInput () ~> ret getInput _115 ~> ret initialise () ~> call initialise () ~> call getInput () ~> ret getInput _148 ~> ret initialise () ~> ret getInput _155 )
#Or
  T ==K ( call initialise () ~> call getInput () ~> call initialise () ~> call getInput () ~> ret getInput _4 ~> ret initialise () ~> call initialise () ~> call getInput () ~> ret getInput _32 ~> ret initialise () ~> ret getInput _67 ~> ret initialise () ~> call initialise () ~> call getInput () ~> call initialise () ~> call getInput () ~> ret getInput _115 ~> ret initialise () ~> ret getInput _128 )
#Or
  T ==K ( call initialise () ~> call getInput () ~> call initialise () ~> call getInput () ~> ret getInput _4 ~> ret initialise () ~> call initialise () ~> call getInput () ~> ret getInput _32 ~> ret initialise () ~> ret getInput _67 ~> ret initialise () ~> call initialise () ~> call getInput () ~> ret getInput _86 )
#Or
  T ==K ( call initialise () ~> call getInput () ~> call initialise () ~> call getInput () ~> ret getInput _4 ~> ret initialise () ~> ret getInput _11 )
#Or
  T ==K ( call initialise () ~> call getInput () ~> call initialise () ~> call getInput () ~> ret getInput _4 ~> ret initialise () ~> ret getInput _28 ~> ret initialise () ~> call initialise () ~> call getInput () ~> call initialise () ~> call getInput () ~> ret getInput _54 )
#Or
  T ==K ( call initialise () ~> call getInput () ~> call initialise () ~> call getInput () ~> ret getInput _4 ~> ret initialise () ~> ret getInput _28 ~> ret initialise () ~> call initialise () ~> call getInput () ~> call initialise () ~> call getInput () ~> ret getInput _72 ~> ret initialise () ~> call initialise () ~> call getInput () ~> ret getInput _98 )
#Or
  T ==K ( call initialise () ~> call getInput () ~> call initialise () ~> call getInput () ~> ret getInput _4 ~> ret initialise () ~> ret getInput _28 ~> ret initialise () ~> call initialise () ~> call getInput () ~> call initialise () ~> call getInput () ~> ret getInput _72 ~> ret initialise () ~> call initialise () ~> call getInput () ~> ret getInput _116 ~> ret initialise () ~> ret getInput _129 )
#Or
  T ==K ( call initialise () ~> call getInput () ~> call initialise () ~> call getInput () ~> ret getInput _4 ~> ret initialise () ~> ret getInput _28 ~> ret initialise () ~> call initialise () ~> call getInput () ~> call initialise () ~> call getInput () ~> ret getInput _72 ~> ret initialise () ~> ret getInput _87 )
#Or
  T ==K ( call initialise () ~> call getInput () ~> call initialise () ~> call getInput () ~> ret getInput _4 ~> ret initialise () ~> ret getInput _28 ~> ret initialise () ~> call initialise () ~> call getInput () ~> ret getInput _46 )
#Or
  T ==K ( call initialise () ~> call getInput () ~> ret getInput _2 ~> ret initialise () ~> call initialise () ~> call getInput () ~> call initialise () ~> call getInput () ~> ret getInput _18 )
#Or
  T ==K ( call initialise () ~> call getInput () ~> ret getInput _2 ~> ret initialise () ~> call initialise () ~> call getInput () ~> call initialise () ~> call getInput () ~> ret getInput _33 ~> ret initialise () ~> call initialise () ~> call getInput () ~> ret getInput _55 )
#Or
  T ==K ( call initialise () ~> call getInput () ~> ret getInput _2 ~> ret initialise () ~> call initialise () ~> call getInput () ~> call initialise () ~> call getInput () ~> ret getInput _33 ~> ret initialise () ~> call initialise () ~> call getInput () ~> ret getInput _73 ~> ret initialise () ~> ret getInput _88 )
#Or
  T ==K ( call initialise () ~> call getInput () ~> ret getInput _2 ~> ret initialise () ~> call initialise () ~> call getInput () ~> call initialise () ~> call getInput () ~> ret getInput _33 ~> ret initialise () ~> ret getInput _47 )
#Or
  T ==K ( call initialise () ~> call getInput () ~> ret getInput _2 ~> ret initialise () ~> call initialise () ~> call getInput () ~> ret getInput _12 )

real	0m7.628s
user	0m21.564s
sys	0m1.000s
