  T ==K ( call run () ~> call getInput () ~> call fact_e _41 )
#Or
  T ==K ( call run () ~> call getInput () ~> call lock_e _52 )
#Or
  T ==K ( call run () ~> call getInput () ~> call mc91_e _56 )
#Or
  T ==K ( call run () ~> call getInput () ~> call mult_e _60 )
#Or
  T ==K ( call run () ~> call getInput () ~> call repeat_e _57 )
#Or
  T ==K ( call run () ~> call getInput () ~> call run () ~> call getInput () ~> call esimple _137 ~> ret esimple () ~> ret getInput _253 ~> ret run () ~> ret getInput _273 )
#Or
  T ==K ( call run () ~> call getInput () ~> call run () ~> call getInput () ~> call fact_e _119 ~> ret fact_e () ~> ret getInput _187 ~> ret run () ~> ret getInput _261 )
#Or
  T ==K ( call run () ~> call getInput () ~> call run () ~> call getInput () ~> call lock_e _130 ~> ret lock_e () ~> ret getInput _272 ~> ret run () ~> ret getInput _277 )
#Or
  T ==K ( call run () ~> call getInput () ~> call run () ~> call getInput () ~> call mc91_e _141 )
#Or
  T ==K ( call run () ~> call getInput () ~> call run () ~> call getInput () ~> call mc91_e _141 ~> ret mc91_e () ~> ret getInput _194 ~> ret run () ~> ret getInput _263 )
#Or
  T ==K ( call run () ~> call getInput () ~> call run () ~> call getInput () ~> call mc91_e _141 ~> ret mc91_e () ~> ret getInput _239 ~> ret run () ~> ret getInput _271 )
#Or
  T ==K ( call run () ~> call getInput () ~> call run () ~> call getInput () ~> call mult_e _147 )
#Or
  T ==K ( call run () ~> call getInput () ~> call run () ~> call getInput () ~> call mult_e _147 ~> ret mult_e () ~> ret getInput _260 ~> ret run () ~> ret getInput _274 )
#Or
  T ==K ( call run () ~> call getInput () ~> call run () ~> call getInput () ~> call repeat_e _143 )
#Or
  T ==K ( call run () ~> call getInput () ~> call run () ~> call getInput () ~> call run () ~> call getInput () ~> call fact_e _209 ~> ret fact_e () ~> ret getInput _262 ~> ret run () ~> ret getInput _275 )
#Or
  T ==K ( call run () ~> call getInput () ~> call run () ~> call getInput () ~> call run () ~> call getInput () ~> call mc91_e _226 ~> ret mc91_e () ~> ret getInput _264 ~> ret run () ~> ret getInput _276 )
#Or
  T ==K ( call run () ~> call getInput () ~> call run () ~> call getInput () ~> call run () ~> call getInput () ~> ret getInput _206 ~> ret run () ~> ret getInput _267 )
#Or
  T ==K ( call run () ~> call getInput () ~> call run () ~> call getInput () ~> call sum_e _126 )
#Or
  T ==K ( call run () ~> call getInput () ~> call run () ~> call getInput () ~> call sum_e _126 ~> ret sum_e () ~> ret getInput _212 ~> ret run () ~> ret getInput _268 )
#Or
  T ==K ( call run () ~> call getInput () ~> call run () ~> call getInput () ~> ret getInput _116 ~> ret run () ~> ret getInput _202 )
#Or
  T ==K ( call run () ~> call getInput () ~> call sum_e _46 )
#Or
  T ==K call fact_e _1
#Or
  T ==K call lock_e _4
#Or
  T ==K call mc91_e _7
#Or
  T ==K call mult_e _11
#Or
  T ==K call repeat_e _8
#Or
  T ==K call sum_e _3

real	0m8.782s
user	0m22.913s
sys	0m1.094s
