  T ==K ( call read () ~> call send 100 ~> call write _7 ~> ret write () ~> call write _13 ~> ret write () ~> ret send () )
#Or
  T ==K ( call read () ~> call send 100 ~> call write _7 ~> ret write () ~> call write _13 ~> ret write () ~> ret send () ~> ret read () ~> call read () ~> call send _13 ~> call write _45 ~> ret write () ~> call write _56 ~> ret write () ~> ret send () )
#Or
  T ==K ( call read () ~> call send 100 ~> call write _7 ~> ret write () ~> call write _13 ~> ret write () ~> ret send () ~> ret read () ~> call read () ~> call send _13 ~> call write _45 ~> ret write () ~> ret send () )
#Or
  T ==K ( call read () ~> call send 100 ~> call write _7 ~> ret write () ~> ret send () )
#Or
  T ==K ( call read () ~> call send 100 ~> call write _7 ~> ret write () ~> ret send () ~> ret read () ~> call read () ~> call send _7 ~> call write _33 ~> ret write () ~> call write _46 ~> ret write () ~> ret send () )
#Or
  T ==K ( call read () ~> call send 100 ~> call write _7 ~> ret write () ~> ret send () ~> ret read () ~> call read () ~> call send _7 ~> call write _33 ~> ret write () ~> ret send () )
#Or
  T ==K ( call read () ~> call send 100 ~> ret send () ~> ret read () ~> call read () ~> call send 100 ~> call write _25 ~> ret write () ~> call write _36 ~> ret write () ~> ret send () )
#Or
  T ==K ( call read () ~> call send 100 ~> ret send () ~> ret read () ~> call read () ~> call send 100 ~> call write _25 ~> ret write () ~> ret send () )
#Or
  T ==K ( call write _2 ~> ret write () ~> call read () ~> call send 100 ~> call write _12 ~> ret write () ~> call write _20 ~> ret write () ~> ret send () )
#Or
  T ==K ( call write _2 ~> ret write () ~> call read () ~> call send 100 ~> call write _12 ~> ret write () ~> ret send () )

real	0m6.030s
user	0m17.475s
sys	0m0.593s
