  T ==K ( call esimple _5 ~> ret esimple () ~> call esimple _177 ~> ret esimple () ~> call mc91_e _1809 )
#Or
  T ==K ( call esimple _5 ~> ret esimple () ~> call esimple _177 ~> ret esimple () ~> call mult_e _1893 )
#Or
  T ==K ( call esimple _5 ~> ret esimple () ~> call esimple _177 ~> ret esimple () ~> call repeat_e _1851 )
#Or
  T ==K ( call esimple _5 ~> ret esimple () ~> call esimple _177 ~> ret esimple () ~> call sum_e _1633 )
#Or
  T ==K ( call esimple _5 ~> ret esimple () ~> call fact_e _148 ~> ret fact_e () ~> call mc91_e _797 )
#Or
  T ==K ( call esimple _5 ~> ret esimple () ~> call fact_e _148 ~> ret fact_e () ~> call mult_e _883 )
#Or
  T ==K ( call esimple _5 ~> ret esimple () ~> call fact_e _148 ~> ret fact_e () ~> call repeat_e _835 )
#Or
  T ==K ( call esimple _5 ~> ret esimple () ~> call fact_e _148 ~> ret fact_e () ~> call sum_e _653 )
#Or
  T ==K ( call esimple _5 ~> ret esimple () ~> call lock_e _170 ~> ret lock_e () ~> call mc91_e _2773 )
#Or
  T ==K ( call esimple _5 ~> ret esimple () ~> call lock_e _170 ~> ret lock_e () ~> call mult_e _2829 )
#Or
  T ==K ( call esimple _5 ~> ret esimple () ~> call lock_e _170 ~> ret lock_e () ~> call repeat_e _2804 )
#Or
  T ==K ( call esimple _5 ~> ret esimple () ~> call lock_e _170 ~> ret lock_e () ~> call sum_e _2673 )
#Or
  T ==K ( call esimple _5 ~> ret esimple () ~> call mc91_e _192 )
#Or
  T ==K ( call esimple _5 ~> ret esimple () ~> call mc91_e _192 ~> ret mc91_e () ~> call mc91_e _837 )
#Or
  T ==K ( call esimple _5 ~> ret esimple () ~> call mc91_e _192 ~> ret mc91_e () ~> call mc91_e _1540 )
#Or
  T ==K ( call esimple _5 ~> ret esimple () ~> call mc91_e _192 ~> ret mc91_e () ~> call mult_e _932 )
#Or
  T ==K ( call esimple _5 ~> ret esimple () ~> call mc91_e _192 ~> ret mc91_e () ~> call mult_e _1635 )
#Or
  T ==K ( call esimple _5 ~> ret esimple () ~> call mc91_e _192 ~> ret mc91_e () ~> call repeat_e _887 )
#Or
  T ==K ( call esimple _5 ~> ret esimple () ~> call mc91_e _192 ~> ret mc91_e () ~> call repeat_e _1591 )
#Or
  T ==K ( call esimple _5 ~> ret esimple () ~> call mc91_e _192 ~> ret mc91_e () ~> call sum_e _695 )
#Or
  T ==K ( call esimple _5 ~> ret esimple () ~> call mc91_e _192 ~> ret mc91_e () ~> call sum_e _1357 )
#Or
  T ==K ( call esimple _5 ~> ret esimple () ~> call mult_e _216 )
#Or
  T ==K ( call esimple _5 ~> ret esimple () ~> call mult_e _216 ~> ret mult_e () ~> call mc91_e _2010 )
#Or
  T ==K ( call esimple _5 ~> ret esimple () ~> call mult_e _216 ~> ret mult_e () ~> call mult_e _2121 )
#Or
  T ==K ( call esimple _5 ~> ret esimple () ~> call mult_e _216 ~> ret mult_e () ~> call repeat_e _2058 )
#Or
  T ==K ( call esimple _5 ~> ret esimple () ~> call mult_e _216 ~> ret mult_e () ~> call sum_e _1858 )
#Or
  T ==K ( call esimple _5 ~> ret esimple () ~> call read () ~> ret read () ~> call mc91_e _1255 )
#Or
  T ==K ( call esimple _5 ~> ret esimple () ~> call read () ~> ret read () ~> call mult_e _1356 )
#Or
  T ==K ( call esimple _5 ~> ret esimple () ~> call read () ~> ret read () ~> call repeat_e _1300 )
#Or
  T ==K ( call esimple _5 ~> ret esimple () ~> call read () ~> ret read () ~> call sum_e _1059 )
#Or
  T ==K ( call esimple _5 ~> ret esimple () ~> call repeat_e _201 )
#Or
  T ==K ( call esimple _5 ~> ret esimple () ~> call sum_e _155 )
#Or
  T ==K ( call esimple _5 ~> ret esimple () ~> call sum_e _155 ~> ret sum_e () ~> call mc91_e _1117 )
#Or
  T ==K ( call esimple _5 ~> ret esimple () ~> call sum_e _155 ~> ret sum_e () ~> call mult_e _1209 )
#Or
  T ==K ( call esimple _5 ~> ret esimple () ~> call sum_e _155 ~> ret sum_e () ~> call repeat_e _1162 )
#Or
  T ==K ( call esimple _5 ~> ret esimple () ~> call sum_e _155 ~> ret sum_e () ~> call sum_e _930 )
#Or
  T ==K ( call fact_e _1 ~> ret fact_e () ~> call esimple _41 ~> ret esimple () ~> call mc91_e _777 )
#Or
  T ==K ( call fact_e _1 ~> ret fact_e () ~> call esimple _41 ~> ret esimple () ~> call mult_e _862 )
#Or
  T ==K ( call fact_e _1 ~> ret fact_e () ~> call esimple _41 ~> ret esimple () ~> call repeat_e _813 )
#Or
  T ==K ( call fact_e _1 ~> ret fact_e () ~> call esimple _41 ~> ret esimple () ~> call sum_e _636 )
#Or
  T ==K ( call fact_e _1 ~> ret fact_e () ~> call fact_e _31 ~> ret fact_e () ~> call mc91_e _213 )
#Or
  T ==K ( call fact_e _1 ~> ret fact_e () ~> call fact_e _31 ~> ret fact_e () ~> call mult_e _237 )
#Or
  T ==K ( call fact_e _1 ~> ret fact_e () ~> call fact_e _31 ~> ret fact_e () ~> call repeat_e _222 )
#Or
  T ==K ( call fact_e _1 ~> ret fact_e () ~> call fact_e _31 ~> ret fact_e () ~> call sum_e _165 )
#Or
  T ==K ( call fact_e _1 ~> ret fact_e () ~> call lock_e _37 ~> ret lock_e () ~> call mc91_e _1984 )
#Or
  T ==K ( call fact_e _1 ~> ret fact_e () ~> call lock_e _37 ~> ret lock_e () ~> call mult_e _2093 )
#Or
  T ==K ( call fact_e _1 ~> ret fact_e () ~> call lock_e _37 ~> ret lock_e () ~> call repeat_e _2031 )
#Or
  T ==K ( call fact_e _1 ~> ret fact_e () ~> call lock_e _37 ~> ret lock_e () ~> call sum_e _1834 )
#Or
  T ==K ( call fact_e _1 ~> ret fact_e () ~> call mc91_e _45 )
#Or
  T ==K ( call fact_e _1 ~> ret fact_e () ~> call mc91_e _45 ~> ret mc91_e () ~> call mc91_e _224 )
#Or
  T ==K ( call fact_e _1 ~> ret fact_e () ~> call mc91_e _45 ~> ret mc91_e () ~> call mc91_e _569 )
#Or
  T ==K ( call fact_e _1 ~> ret fact_e () ~> call mc91_e _45 ~> ret mc91_e () ~> call mult_e _254 )
#Or
  T ==K ( call fact_e _1 ~> ret fact_e () ~> call mc91_e _45 ~> ret mc91_e () ~> call mult_e _638 )
#Or
  T ==K ( call fact_e _1 ~> ret fact_e () ~> call mc91_e _45 ~> ret mc91_e () ~> call repeat_e _241 )
#Or
  T ==K ( call fact_e _1 ~> ret fact_e () ~> call mc91_e _45 ~> ret mc91_e () ~> call repeat_e _604 )
#Or
  T ==K ( call fact_e _1 ~> ret fact_e () ~> call mc91_e _45 ~> ret mc91_e () ~> call sum_e _175 )
#Or
  T ==K ( call fact_e _1 ~> ret fact_e () ~> call mc91_e _45 ~> ret mc91_e () ~> call sum_e _457 )
#Or
  T ==K ( call fact_e _1 ~> ret fact_e () ~> call mult_e _53 )
#Or
  T ==K ( call fact_e _1 ~> ret fact_e () ~> call mult_e _53 ~> ret mult_e () ~> call mc91_e _998 )
#Or
  T ==K ( call fact_e _1 ~> ret fact_e () ~> call mult_e _53 ~> ret mult_e () ~> call mult_e _1094 )
#Or
  T ==K ( call fact_e _1 ~> ret fact_e () ~> call mult_e _53 ~> ret mult_e () ~> call repeat_e _1045 )
#Or
  T ==K ( call fact_e _1 ~> ret fact_e () ~> call mult_e _53 ~> ret mult_e () ~> call sum_e _820 )
#Or
  T ==K ( call fact_e _1 ~> ret fact_e () ~> call read () ~> ret read () ~> call mc91_e _402 )
#Or
  T ==K ( call fact_e _1 ~> ret fact_e () ~> call read () ~> ret read () ~> call mult_e _456 )
#Or
  T ==K ( call fact_e _1 ~> ret fact_e () ~> call read () ~> ret read () ~> call repeat_e _431 )
#Or
  T ==K ( call fact_e _1 ~> ret fact_e () ~> call read () ~> ret read () ~> call sum_e _310 )
#Or
  T ==K ( call fact_e _1 ~> ret fact_e () ~> call repeat_e _48 )
#Or
  T ==K ( call fact_e _1 ~> ret fact_e () ~> call sum_e _32 )
#Or
  T ==K ( call fact_e _1 ~> ret fact_e () ~> call sum_e _32 ~> ret sum_e () ~> call mc91_e _329 )
#Or
  T ==K ( call fact_e _1 ~> ret fact_e () ~> call sum_e _32 ~> ret sum_e () ~> call mult_e _377 )
#Or
  T ==K ( call fact_e _1 ~> ret fact_e () ~> call sum_e _32 ~> ret sum_e () ~> call repeat_e _349 )
#Or
  T ==K ( call fact_e _1 ~> ret fact_e () ~> call sum_e _32 ~> ret sum_e () ~> call sum_e _252 )
#Or
  T ==K ( call lock_e _4 ~> ret lock_e () ~> call esimple _881 ~> ret esimple () ~> call mc91_e _2768 )
#Or
  T ==K ( call lock_e _4 ~> ret lock_e () ~> call esimple _881 ~> ret esimple () ~> call mult_e _2824 )
#Or
  T ==K ( call lock_e _4 ~> ret lock_e () ~> call esimple _881 ~> ret esimple () ~> call repeat_e _2794 )
#Or
  T ==K ( call lock_e _4 ~> ret lock_e () ~> call esimple _881 ~> ret esimple () ~> call sum_e _2670 )
#Or
  T ==K ( call lock_e _4 ~> ret lock_e () ~> call fact_e _723 ~> ret fact_e () ~> call mc91_e _2000 )
#Or
  T ==K ( call lock_e _4 ~> ret lock_e () ~> call fact_e _723 ~> ret fact_e () ~> call mult_e _2106 )
#Or
  T ==K ( call lock_e _4 ~> ret lock_e () ~> call fact_e _723 ~> ret fact_e () ~> call repeat_e _2046 )
#Or
  T ==K ( call lock_e _4 ~> ret lock_e () ~> call fact_e _723 ~> ret fact_e () ~> call sum_e _1846 )
#Or
  T ==K ( call lock_e _4 ~> ret lock_e () ~> call lock_e _833 ~> ret lock_e () ~> call mc91_e _3176 )
#Or
  T ==K ( call lock_e _4 ~> ret lock_e () ~> call lock_e _833 ~> ret lock_e () ~> call mult_e _3204 )
#Or
  T ==K ( call lock_e _4 ~> ret lock_e () ~> call lock_e _833 ~> ret lock_e () ~> call repeat_e _3194 )
#Or
  T ==K ( call lock_e _4 ~> ret lock_e () ~> call lock_e _833 ~> ret lock_e () ~> call sum_e _3151 )
#Or
  T ==K ( call lock_e _4 ~> ret lock_e () ~> call mc91_e _929 )
#Or
  T ==K ( call lock_e _4 ~> ret lock_e () ~> call mc91_e _929 ~> ret mc91_e () ~> call mc91_e _2048 )
#Or
  T ==K ( call lock_e _4 ~> ret lock_e () ~> call mc91_e _929 ~> ret mc91_e () ~> call mc91_e _2605 )
#Or
  T ==K ( call lock_e _4 ~> ret lock_e () ~> call mc91_e _929 ~> ret mc91_e () ~> call mult_e _2149 )
#Or
  T ==K ( call lock_e _4 ~> ret lock_e () ~> call mc91_e _929 ~> ret mc91_e () ~> call mult_e _2672 )
#Or
  T ==K ( call lock_e _4 ~> ret lock_e () ~> call mc91_e _929 ~> ret mc91_e () ~> call repeat_e _2110 )
#Or
  T ==K ( call lock_e _4 ~> ret lock_e () ~> call mc91_e _929 ~> ret mc91_e () ~> call repeat_e _2644 )
#Or
  T ==K ( call lock_e _4 ~> ret lock_e () ~> call mc91_e _929 ~> ret mc91_e () ~> call sum_e _1890 )
#Or
  T ==K ( call lock_e _4 ~> ret lock_e () ~> call mc91_e _929 ~> ret mc91_e () ~> call sum_e _2485 )
#Or
  T ==K ( call lock_e _4 ~> ret lock_e () ~> call mult_e _1015 )
#Or
  T ==K ( call lock_e _4 ~> ret lock_e () ~> call mult_e _1015 ~> ret mult_e () ~> call mc91_e _2886 )
#Or
  T ==K ( call lock_e _4 ~> ret lock_e () ~> call mult_e _1015 ~> ret mult_e () ~> call mult_e _2947 )
#Or
  T ==K ( call lock_e _4 ~> ret lock_e () ~> call mult_e _1015 ~> ret mult_e () ~> call repeat_e _2915 )
#Or
  T ==K ( call lock_e _4 ~> ret lock_e () ~> call mult_e _1015 ~> ret mult_e () ~> call sum_e _2801 )
#Or
  T ==K ( call lock_e _4 ~> ret lock_e () ~> call read () ~> ret read () ~> call mc91_e _2416 )
#Or
  T ==K ( call lock_e _4 ~> ret lock_e () ~> call read () ~> ret read () ~> call mult_e _2484 )
#Or
  T ==K ( call lock_e _4 ~> ret lock_e () ~> call read () ~> ret read () ~> call repeat_e _2449 )
#Or
  T ==K ( call lock_e _4 ~> ret lock_e () ~> call read () ~> ret read () ~> call sum_e _2248 )
#Or
  T ==K ( call lock_e _4 ~> ret lock_e () ~> call repeat_e _971 )
#Or
  T ==K ( call lock_e _4 ~> ret lock_e () ~> call sum_e _755 )
#Or
  T ==K ( call lock_e _4 ~> ret lock_e () ~> call sum_e _755 ~> ret sum_e () ~> call mc91_e _2295 )
#Or
  T ==K ( call lock_e _4 ~> ret lock_e () ~> call sum_e _755 ~> ret sum_e () ~> call mult_e _2382 )
#Or
  T ==K ( call lock_e _4 ~> ret lock_e () ~> call sum_e _755 ~> ret sum_e () ~> call repeat_e _2346 )
#Or
  T ==K ( call lock_e _4 ~> ret lock_e () ~> call sum_e _755 ~> ret sum_e () ~> call sum_e _2147 )
#Or
  T ==K ( call mc91_e _7 ~> ret mc91_e () ~> call esimple _46 ~> ret esimple () ~> call mc91_e _854 )
#Or
  T ==K ( call mc91_e _7 ~> ret mc91_e () ~> call esimple _46 ~> ret esimple () ~> call mult_e _944 )
#Or
  T ==K ( call mc91_e _7 ~> ret mc91_e () ~> call esimple _46 ~> ret esimple () ~> call repeat_e _898 )
#Or
  T ==K ( call mc91_e _7 ~> ret mc91_e () ~> call esimple _46 ~> ret esimple () ~> call sum_e _704 )
#Or
  T ==K ( call mc91_e _7 ~> ret mc91_e () ~> call esimple _135 ~> ret esimple () ~> call mc91_e _1551 )
#Or
  T ==K ( call mc91_e _7 ~> ret mc91_e () ~> call esimple _135 ~> ret esimple () ~> call mult_e _1638 )
#Or
  T ==K ( call mc91_e _7 ~> ret mc91_e () ~> call esimple _135 ~> ret esimple () ~> call repeat_e _1595 )
#Or
  T ==K ( call mc91_e _7 ~> ret mc91_e () ~> call esimple _135 ~> ret esimple () ~> call sum_e _1362 )
#Or
  T ==K ( call mc91_e _7 ~> ret mc91_e () ~> call fact_e _34 ~> ret fact_e () ~> call mc91_e _233 )
#Or
  T ==K ( call mc91_e _7 ~> ret mc91_e () ~> call fact_e _34 ~> ret fact_e () ~> call mult_e _264 )
#Or
  T ==K ( call mc91_e _7 ~> ret mc91_e () ~> call fact_e _34 ~> ret fact_e () ~> call repeat_e _247 )
#Or
  T ==K ( call mc91_e _7 ~> ret mc91_e () ~> call fact_e _34 ~> ret fact_e () ~> call sum_e _180 )
#Or
  T ==K ( call mc91_e _7 ~> ret mc91_e () ~> call fact_e _108 ~> ret fact_e () ~> call mc91_e _588 )
#Or
  T ==K ( call mc91_e _7 ~> ret mc91_e () ~> call fact_e _108 ~> ret fact_e () ~> call mult_e _657 )
#Or
  T ==K ( call mc91_e _7 ~> ret mc91_e () ~> call fact_e _108 ~> ret fact_e () ~> call repeat_e _622 )
#Or
  T ==K ( call mc91_e _7 ~> ret mc91_e () ~> call fact_e _108 ~> ret fact_e () ~> call sum_e _470 )
#Or
  T ==K ( call mc91_e _7 ~> ret mc91_e () ~> call lock_e _42 ~> ret lock_e () ~> call mc91_e _2074 )
#Or
  T ==K ( call mc91_e _7 ~> ret mc91_e () ~> call lock_e _42 ~> ret lock_e () ~> call mult_e _2159 )
#Or
  T ==K ( call mc91_e _7 ~> ret mc91_e () ~> call lock_e _42 ~> ret lock_e () ~> call repeat_e _2130 )
#Or
  T ==K ( call mc91_e _7 ~> ret mc91_e () ~> call lock_e _42 ~> ret lock_e () ~> call sum_e _1898 )
#Or
  T ==K ( call mc91_e _7 ~> ret mc91_e () ~> call lock_e _128 ~> ret lock_e () ~> call mc91_e _2615 )
#Or
  T ==K ( call mc91_e _7 ~> ret mc91_e () ~> call lock_e _128 ~> ret lock_e () ~> call mult_e _2677 )
#Or
  T ==K ( call mc91_e _7 ~> ret mc91_e () ~> call lock_e _128 ~> ret lock_e () ~> call repeat_e _2653 )
#Or
  T ==K ( call mc91_e _7 ~> ret mc91_e () ~> call lock_e _128 ~> ret lock_e () ~> call sum_e _2489 )
#Or
  T ==K ( call mc91_e _7 ~> ret mc91_e () ~> call mc91_e _50 )
#Or
  T ==K ( call mc91_e _7 ~> ret mc91_e () ~> call mc91_e _50 ~> ret mc91_e () ~> call mc91_e _249 )
#Or
  T ==K ( call mc91_e _7 ~> ret mc91_e () ~> call mc91_e _50 ~> ret mc91_e () ~> call mc91_e _629 )
#Or
  T ==K ( call mc91_e _7 ~> ret mc91_e () ~> call mc91_e _50 ~> ret mc91_e () ~> call mult_e _282 )
#Or
  T ==K ( call mc91_e _7 ~> ret mc91_e () ~> call mc91_e _50 ~> ret mc91_e () ~> call mult_e _706 )
#Or
  T ==K ( call mc91_e _7 ~> ret mc91_e () ~> call mc91_e _50 ~> ret mc91_e () ~> call repeat_e _268 )
#Or
  T ==K ( call mc91_e _7 ~> ret mc91_e () ~> call mc91_e _50 ~> ret mc91_e () ~> call repeat_e _669 )
#Or
  T ==K ( call mc91_e _7 ~> ret mc91_e () ~> call mc91_e _50 ~> ret mc91_e () ~> call sum_e _195 )
#Or
  T ==K ( call mc91_e _7 ~> ret mc91_e () ~> call mc91_e _50 ~> ret mc91_e () ~> call sum_e _505 )
#Or
  T ==K ( call mc91_e _7 ~> ret mc91_e () ~> call mc91_e _139 )
#Or
  T ==K ( call mc91_e _7 ~> ret mc91_e () ~> call mc91_e _139 ~> ret mc91_e () ~> call mc91_e _624 )
#Or
  T ==K ( call mc91_e _7 ~> ret mc91_e () ~> call mc91_e _139 ~> ret mc91_e () ~> call mc91_e _1261 )
#Or
  T ==K ( call mc91_e _7 ~> ret mc91_e () ~> call mc91_e _139 ~> ret mc91_e () ~> call mult_e _698 )
#Or
  T ==K ( call mc91_e _7 ~> ret mc91_e () ~> call mc91_e _139 ~> ret mc91_e () ~> call mult_e _1364 )
#Or
  T ==K ( call mc91_e _7 ~> ret mc91_e () ~> call mc91_e _139 ~> ret mc91_e () ~> call repeat_e _661 )
#Or
  T ==K ( call mc91_e _7 ~> ret mc91_e () ~> call mc91_e _139 ~> ret mc91_e () ~> call repeat_e _1310 )
#Or
  T ==K ( call mc91_e _7 ~> ret mc91_e () ~> call mc91_e _139 ~> ret mc91_e () ~> call sum_e _498 )
#Or
  T ==K ( call mc91_e _7 ~> ret mc91_e () ~> call mc91_e _139 ~> ret mc91_e () ~> call sum_e _1068 )
#Or
  T ==K ( call mc91_e _7 ~> ret mc91_e () ~> call mult_e _60 )
#Or
  T ==K ( call mc91_e _7 ~> ret mc91_e () ~> call mult_e _60 ~> ret mult_e () ~> call mc91_e _1078 )
#Or
  T ==K ( call mc91_e _7 ~> ret mc91_e () ~> call mult_e _60 ~> ret mult_e () ~> call mult_e _1185 )
#Or
  T ==K ( call mc91_e _7 ~> ret mc91_e () ~> call mult_e _60 ~> ret mult_e () ~> call repeat_e _1133 )
#Or
  T ==K ( call mc91_e _7 ~> ret mc91_e () ~> call mult_e _60 ~> ret mult_e () ~> call sum_e _905 )
#Or
  T ==K ( call mc91_e _7 ~> ret mc91_e () ~> call mult_e _157 )
#Or
  T ==K ( call mc91_e _7 ~> ret mc91_e () ~> call mult_e _157 ~> ret mult_e () ~> call mc91_e _1764 )
#Or
  T ==K ( call mc91_e _7 ~> ret mc91_e () ~> call mult_e _157 ~> ret mult_e () ~> call mult_e _1869 )
#Or
  T ==K ( call mc91_e _7 ~> ret mc91_e () ~> call mult_e _157 ~> ret mult_e () ~> call repeat_e _1820 )
#Or
  T ==K ( call mc91_e _7 ~> ret mc91_e () ~> call mult_e _157 ~> ret mult_e () ~> call sum_e _1602 )
#Or
  T ==K ( call mc91_e _7 ~> ret mc91_e () ~> call read () ~> ret read () ~> call mc91_e _447 )
#Or
  T ==K ( call mc91_e _7 ~> ret mc91_e () ~> call read () ~> ret read () ~> call mc91_e _977 )
#Or
  T ==K ( call mc91_e _7 ~> ret mc91_e () ~> call read () ~> ret read () ~> call mult_e _504 )
#Or
  T ==K ( call mc91_e _7 ~> ret mc91_e () ~> call read () ~> ret read () ~> call mult_e _1067 )
#Or
  T ==K ( call mc91_e _7 ~> ret mc91_e () ~> call read () ~> ret read () ~> call repeat_e _476 )
#Or
  T ==K ( call mc91_e _7 ~> ret mc91_e () ~> call read () ~> ret read () ~> call repeat_e _1024 )
#Or
  T ==K ( call mc91_e _7 ~> ret mc91_e () ~> call read () ~> ret read () ~> call sum_e _343 )
#Or
  T ==K ( call mc91_e _7 ~> ret mc91_e () ~> call read () ~> ret read () ~> call sum_e _801 )
#Or
  T ==K ( call mc91_e _7 ~> ret mc91_e () ~> call repeat_e _57 )
#Or
  T ==K ( call mc91_e _7 ~> ret mc91_e () ~> call repeat_e _150 )
#Or
  T ==K ( call mc91_e _7 ~> ret mc91_e () ~> call sum_e _36 )
#Or
  T ==K ( call mc91_e _7 ~> ret mc91_e () ~> call sum_e _36 ~> ret sum_e () ~> call mc91_e _370 )
#Or
  T ==K ( call mc91_e _7 ~> ret mc91_e () ~> call sum_e _36 ~> ret sum_e () ~> call mult_e _419 )
#Or
  T ==K ( call mc91_e _7 ~> ret mc91_e () ~> call sum_e _36 ~> ret sum_e () ~> call repeat_e _393 )
#Or
  T ==K ( call mc91_e _7 ~> ret mc91_e () ~> call sum_e _36 ~> ret sum_e () ~> call sum_e _280 )
#Or
  T ==K ( call mc91_e _7 ~> ret mc91_e () ~> call sum_e _116 )
#Or
  T ==K ( call mc91_e _7 ~> ret mc91_e () ~> call sum_e _116 ~> ret sum_e () ~> call mc91_e _844 )
#Or
  T ==K ( call mc91_e _7 ~> ret mc91_e () ~> call sum_e _116 ~> ret sum_e () ~> call mult_e _937 )
#Or
  T ==K ( call mc91_e _7 ~> ret mc91_e () ~> call sum_e _116 ~> ret sum_e () ~> call repeat_e _890 )
#Or
  T ==K ( call mc91_e _7 ~> ret mc91_e () ~> call sum_e _116 ~> ret sum_e () ~> call sum_e _696 )
#Or
  T ==K ( call mult_e _11 ~> ret mult_e () ~> call esimple _251 ~> ret esimple () ~> call mc91_e _2026 )
#Or
  T ==K ( call mult_e _11 ~> ret mult_e () ~> call esimple _251 ~> ret esimple () ~> call mult_e _2136 )
#Or
  T ==K ( call mult_e _11 ~> ret mult_e () ~> call esimple _251 ~> ret esimple () ~> call repeat_e _2083 )
#Or
  T ==K ( call mult_e _11 ~> ret mult_e () ~> call esimple _251 ~> ret esimple () ~> call sum_e _1878 )
#Or
  T ==K ( call mult_e _11 ~> ret mult_e () ~> call fact_e _196 ~> ret fact_e () ~> call mc91_e _1035 )
#Or
  T ==K ( call mult_e _11 ~> ret mult_e () ~> call fact_e _196 ~> ret fact_e () ~> call mult_e _1135 )
#Or
  T ==K ( call mult_e _11 ~> ret mult_e () ~> call fact_e _196 ~> ret fact_e () ~> call repeat_e _1080 )
#Or
  T ==K ( call mult_e _11 ~> ret mult_e () ~> call fact_e _196 ~> ret fact_e () ~> call sum_e _857 )
#Or
  T ==K ( call mult_e _11 ~> ret mult_e () ~> call lock_e _235 ~> ret lock_e () ~> call mc91_e _2897 )
#Or
  T ==K ( call mult_e _11 ~> ret mult_e () ~> call lock_e _235 ~> ret lock_e () ~> call mult_e _2960 )
#Or
  T ==K ( call mult_e _11 ~> ret mult_e () ~> call lock_e _235 ~> ret lock_e () ~> call repeat_e _2928 )
#Or
  T ==K ( call mult_e _11 ~> ret mult_e () ~> call lock_e _235 ~> ret lock_e () ~> call sum_e _2818 )
#Or
  T ==K ( call mult_e _11 ~> ret mult_e () ~> call mc91_e _270 )
#Or
  T ==K ( call mult_e _11 ~> ret mult_e () ~> call mc91_e _270 ~> ret mc91_e () ~> call mc91_e _1082 )
#Or
  T ==K ( call mult_e _11 ~> ret mult_e () ~> call mc91_e _270 ~> ret mc91_e () ~> call mc91_e _1773 )
#Or
  T ==K ( call mult_e _11 ~> ret mult_e () ~> call mc91_e _270 ~> ret mc91_e () ~> call mult_e _1188 )
#Or
  T ==K ( call mult_e _11 ~> ret mult_e () ~> call mc91_e _270 ~> ret mc91_e () ~> call mult_e _1880 )
#Or
  T ==K ( call mult_e _11 ~> ret mult_e () ~> call mc91_e _270 ~> ret mc91_e () ~> call repeat_e _1139 )
#Or
  T ==K ( call mult_e _11 ~> ret mult_e () ~> call mc91_e _270 ~> ret mc91_e () ~> call repeat_e _1832 )
#Or
  T ==K ( call mult_e _11 ~> ret mult_e () ~> call mc91_e _270 ~> ret mc91_e () ~> call sum_e _907 )
#Or
  T ==K ( call mult_e _11 ~> ret mult_e () ~> call mc91_e _270 ~> ret mc91_e () ~> call sum_e _1613 )
#Or
  T ==K ( call mult_e _11 ~> ret mult_e () ~> call mult_e _307 )
#Or
  T ==K ( call mult_e _11 ~> ret mult_e () ~> call mult_e _307 ~> ret mult_e () ~> call mc91_e _2236 )
#Or
  T ==K ( call mult_e _11 ~> ret mult_e () ~> call mult_e _307 ~> ret mult_e () ~> call mult_e _2331 )
#Or
  T ==K ( call mult_e _11 ~> ret mult_e () ~> call mult_e _307 ~> ret mult_e () ~> call repeat_e _2270 )
#Or
  T ==K ( call mult_e _11 ~> ret mult_e () ~> call mult_e _307 ~> ret mult_e () ~> call sum_e _2090 )
#Or
  T ==K ( call mult_e _11 ~> ret mult_e () ~> call read () ~> ret read () ~> call mc91_e _1515 )
#Or
  T ==K ( call mult_e _11 ~> ret mult_e () ~> call read () ~> ret read () ~> call mult_e _1612 )
#Or
  T ==K ( call mult_e _11 ~> ret mult_e () ~> call read () ~> ret read () ~> call repeat_e _1562 )
#Or
  T ==K ( call mult_e _11 ~> ret mult_e () ~> call read () ~> ret read () ~> call sum_e _1320 )
#Or
  T ==K ( call mult_e _11 ~> ret mult_e () ~> call repeat_e _286 )
#Or
  T ==K ( call mult_e _11 ~> ret mult_e () ~> call sum_e _210 )
#Or
  T ==K ( call mult_e _11 ~> ret mult_e () ~> call sum_e _210 ~> ret sum_e () ~> call mc91_e _1375 )
#Or
  T ==K ( call mult_e _11 ~> ret mult_e () ~> call sum_e _210 ~> ret sum_e () ~> call mult_e _1476 )
#Or
  T ==K ( call mult_e _11 ~> ret mult_e () ~> call sum_e _210 ~> ret sum_e () ~> call repeat_e _1428 )
#Or
  T ==K ( call mult_e _11 ~> ret mult_e () ~> call sum_e _210 ~> ret sum_e () ~> call sum_e _1186 )
#Or
  T ==K ( call read () ~> ret read () ~> call esimple _95 ~> ret esimple () ~> call mc91_e _1246 )
#Or
  T ==K ( call read () ~> ret read () ~> call esimple _95 ~> ret esimple () ~> call mult_e _1347 )
#Or
  T ==K ( call read () ~> ret read () ~> call esimple _95 ~> ret esimple () ~> call repeat_e _1288 )
#Or
  T ==K ( call read () ~> ret read () ~> call esimple _95 ~> ret esimple () ~> call sum_e _1054 )
#Or
  T ==K ( call read () ~> ret read () ~> call fact_e _69 ~> ret fact_e () ~> call mc91_e _412 )
#Or
  T ==K ( call read () ~> ret read () ~> call fact_e _69 ~> ret fact_e () ~> call mult_e _465 )
#Or
  T ==K ( call read () ~> ret read () ~> call fact_e _69 ~> ret fact_e () ~> call repeat_e _438 )
#Or
  T ==K ( call read () ~> ret read () ~> call fact_e _69 ~> ret fact_e () ~> call sum_e _315 )
#Or
  T ==K ( call read () ~> ret read () ~> call lock_e _87 ~> ret lock_e () ~> call mc91_e _2407 )
#Or
  T ==K ( call read () ~> ret read () ~> call lock_e _87 ~> ret lock_e () ~> call mult_e _2477 )
#Or
  T ==K ( call read () ~> ret read () ~> call lock_e _87 ~> ret lock_e () ~> call repeat_e _2442 )
#Or
  T ==K ( call read () ~> ret read () ~> call lock_e _87 ~> ret lock_e () ~> call sum_e _2244 )
#Or
  T ==K ( call read () ~> ret read () ~> call mc91_e _101 )
#Or
  T ==K ( call read () ~> ret read () ~> call mc91_e _101 ~> ret mc91_e () ~> call mc91_e _440 )
#Or
  T ==K ( call read () ~> ret read () ~> call mc91_e _101 ~> ret mc91_e () ~> call mc91_e _966 )
#Or
  T ==K ( call read () ~> ret read () ~> call mc91_e _101 ~> ret mc91_e () ~> call mult_e _492 )
#Or
  T ==K ( call read () ~> ret read () ~> call mc91_e _101 ~> ret mc91_e () ~> call mult_e _1056 )
#Or
  T ==K ( call read () ~> ret read () ~> call mc91_e _101 ~> ret mc91_e () ~> call repeat_e _469 )
#Or
  T ==K ( call read () ~> ret read () ~> call mc91_e _101 ~> ret mc91_e () ~> call repeat_e _1012 )
#Or
  T ==K ( call read () ~> ret read () ~> call mc91_e _101 ~> ret mc91_e () ~> call sum_e _337 )
#Or
  T ==K ( call read () ~> ret read () ~> call mc91_e _101 ~> ret mc91_e () ~> call sum_e _792 )
#Or
  T ==K ( call read () ~> ret read () ~> call mult_e _115 )
#Or
  T ==K ( call read () ~> ret read () ~> call mult_e _115 ~> ret mult_e () ~> call mc91_e _1496 )
#Or
  T ==K ( call read () ~> ret read () ~> call mult_e _115 ~> ret mult_e () ~> call mult_e _1583 )
#Or
  T ==K ( call read () ~> ret read () ~> call mult_e _115 ~> ret mult_e () ~> call repeat_e _1535 )
#Or
  T ==K ( call read () ~> ret read () ~> call mult_e _115 ~> ret mult_e () ~> call sum_e _1295 )
#Or
  T ==K ( call read () ~> ret read () ~> call read () ~> ret read () ~> call mc91_e _720 )
#Or
  T ==K ( call read () ~> ret read () ~> call read () ~> ret read () ~> call mult_e _791 )
#Or
  T ==K ( call read () ~> ret read () ~> call read () ~> ret read () ~> call read () )
#Or
  T ==K ( call read () ~> ret read () ~> call read () ~> ret read () ~> call repeat_e _752 )
#Or
  T ==K ( call read () ~> ret read () ~> call read () ~> ret read () ~> call sum_e _582 )
#Or
  T ==K ( call read () ~> ret read () ~> call repeat_e _107 )
#Or
  T ==K ( call read () ~> ret read () ~> call sum_e _73 )
#Or
  T ==K ( call read () ~> ret read () ~> call sum_e _73 ~> ret sum_e () ~> call mc91_e _616 )
#Or
  T ==K ( call read () ~> ret read () ~> call sum_e _73 ~> ret sum_e () ~> call mult_e _689 )
#Or
  T ==K ( call read () ~> ret read () ~> call sum_e _73 ~> ret sum_e () ~> call repeat_e _647 )
#Or
  T ==K ( call read () ~> ret read () ~> call sum_e _73 ~> ret sum_e () ~> call sum_e _490 )
#Or
  T ==K ( call sum_e _2 ~> ret sum_e () ~> call esimple _72 ~> ret esimple () ~> call mc91_e _1102 )
#Or
  T ==K ( call sum_e _2 ~> ret sum_e () ~> call esimple _72 ~> ret esimple () ~> call mult_e _1198 )
#Or
  T ==K ( call sum_e _2 ~> ret sum_e () ~> call esimple _72 ~> ret esimple () ~> call repeat_e _1144 )
#Or
  T ==K ( call sum_e _2 ~> ret sum_e () ~> call esimple _72 ~> ret esimple () ~> call sum_e _919 )
#Or
  T ==K ( call sum_e _2 ~> ret sum_e () ~> call fact_e _54 ~> ret fact_e () ~> call mc91_e _334 )
#Or
  T ==K ( call sum_e _2 ~> ret sum_e () ~> call fact_e _54 ~> ret fact_e () ~> call mult_e _383 )
#Or
  T ==K ( call sum_e _2 ~> ret sum_e () ~> call fact_e _54 ~> ret fact_e () ~> call repeat_e _356 )
#Or
  T ==K ( call sum_e _2 ~> ret sum_e () ~> call fact_e _54 ~> ret fact_e () ~> call sum_e _257 )
#Or
  T ==K ( call sum_e _2 ~> ret sum_e () ~> call lock_e _68 ~> ret lock_e () ~> call mc91_e _2280 )
#Or
  T ==K ( call sum_e _2 ~> ret sum_e () ~> call lock_e _68 ~> ret lock_e () ~> call mult_e _2375 )
#Or
  T ==K ( call sum_e _2 ~> ret sum_e () ~> call lock_e _68 ~> ret lock_e () ~> call repeat_e _2336 )
#Or
  T ==K ( call sum_e _2 ~> ret sum_e () ~> call lock_e _68 ~> ret lock_e () ~> call sum_e _2140 )
#Or
  T ==K ( call sum_e _2 ~> ret sum_e () ~> call mc91_e _81 )
#Or
  T ==K ( call sum_e _2 ~> ret sum_e () ~> call mc91_e _81 ~> ret mc91_e () ~> call mc91_e _358 )
#Or
  T ==K ( call sum_e _2 ~> ret sum_e () ~> call mc91_e _81 ~> ret mc91_e () ~> call mc91_e _824 )
#Or
  T ==K ( call sum_e _2 ~> ret sum_e () ~> call mc91_e _81 ~> ret mc91_e () ~> call mult_e _407 )
#Or
  T ==K ( call sum_e _2 ~> ret sum_e () ~> call mc91_e _81 ~> ret mc91_e () ~> call mult_e _921 )
#Or
  T ==K ( call sum_e _2 ~> ret sum_e () ~> call mc91_e _81 ~> ret mc91_e () ~> call repeat_e _387 )
#Or
  T ==K ( call sum_e _2 ~> ret sum_e () ~> call mc91_e _81 ~> ret mc91_e () ~> call repeat_e _872 )
#Or
  T ==K ( call sum_e _2 ~> ret sum_e () ~> call mc91_e _81 ~> ret mc91_e () ~> call sum_e _275 )
#Or
  T ==K ( call sum_e _2 ~> ret sum_e () ~> call mc91_e _81 ~> ret mc91_e () ~> call sum_e _685 )
#Or
  T ==K ( call sum_e _2 ~> ret sum_e () ~> call mult_e _94 )
#Or
  T ==K ( call sum_e _2 ~> ret sum_e () ~> call mult_e _94 ~> ret mult_e () ~> call mc91_e _1344 )
#Or
  T ==K ( call sum_e _2 ~> ret sum_e () ~> call mult_e _94 ~> ret mult_e () ~> call mult_e _1447 )
#Or
  T ==K ( call sum_e _2 ~> ret sum_e () ~> call mult_e _94 ~> ret mult_e () ~> call repeat_e _1392 )
#Or
  T ==K ( call sum_e _2 ~> ret sum_e () ~> call mult_e _94 ~> ret mult_e () ~> call sum_e _1151 )
#Or
  T ==K ( call sum_e _2 ~> ret sum_e () ~> call read () ~> ret read () ~> call mc91_e _608 )
#Or
  T ==K ( call sum_e _2 ~> ret sum_e () ~> call read () ~> ret read () ~> call mult_e _684 )
#Or
  T ==K ( call sum_e _2 ~> ret sum_e () ~> call read () ~> ret read () ~> call repeat_e _642 )
#Or
  T ==K ( call sum_e _2 ~> ret sum_e () ~> call read () ~> ret read () ~> call sum_e _487 )
#Or
  T ==K ( call sum_e _2 ~> ret sum_e () ~> call repeat_e _86 )
#Or
  T ==K ( call sum_e _2 ~> ret sum_e () ~> call sum_e _58 )
#Or
  T ==K ( call sum_e _2 ~> ret sum_e () ~> call sum_e _58 ~> ret sum_e () ~> call mc91_e _520 )
#Or
  T ==K ( call sum_e _2 ~> ret sum_e () ~> call sum_e _58 ~> ret sum_e () ~> call mult_e _575 )
#Or
  T ==K ( call sum_e _2 ~> ret sum_e () ~> call sum_e _58 ~> ret sum_e () ~> call repeat_e _544 )
#Or
  T ==K ( call sum_e _2 ~> ret sum_e () ~> call sum_e _58 ~> ret sum_e () ~> call sum_e _405 )
#Or
  T ==K call mc91_e _7
#Or
  T ==K call mult_e _11
#Or
  T ==K call repeat_e _9
#Or
  T ==K call sum_e _2

real	0m39.200s
user	0m58.884s
sys	0m6.051s
