  T ==K ( call read () ~> call send 100 ~> call fact_e _39 )
#Or
  T ==K ( call read () ~> call send 100 ~> call lock_e _45 )
#Or
  T ==K ( call read () ~> call send 100 ~> call mc91_e _54 )
#Or
  T ==K ( call read () ~> call send 100 ~> call mult_e _60 )
#Or
  T ==K ( call read () ~> call send 100 ~> call read () ~> call send 100 ~> call mc91_e _136 )
#Or
  T ==K ( call read () ~> call send 100 ~> call read () ~> call send 100 ~> call mult_e _143 )
#Or
  T ==K ( call read () ~> call send 100 ~> call read () ~> call send 100 ~> call read () ~> call send 100 ~> call write _233 ~> ret write () ~> ret send () )
#Or
  T ==K ( call read () ~> call send 100 ~> call read () ~> call send 100 ~> call repeat_e _140 )
#Or
  T ==K ( call read () ~> call send 100 ~> call read () ~> call send 100 ~> call sum_e _120 )
#Or
  T ==K ( call read () ~> call send 100 ~> call read () ~> call send 100 ~> call write _146 ~> ret write () ~> ret send () )
#Or
  T ==K ( call read () ~> call send 100 ~> call repeat_e _58 )
#Or
  T ==K ( call read () ~> call send 100 ~> call sum_e _41 )
#Or
  T ==K ( call read () ~> call send 100 ~> call write _62 ~> ret write () ~> ret send () )
#Or
  T ==K call fact_e _1
#Or
  T ==K call lock_e _4
#Or
  T ==K call mc91_e _7
#Or
  T ==K call mult_e _11
#Or
  T ==K call repeat_e _9
#Or
  T ==K call sum_e _2

real	0m9.251s
user	0m23.906s
sys	0m1.208s
