  T ==K ( call enlist _2 ~> ret enlist () ~> call run () ~> call _2 () ~> call enlist _16 ~> ret enlist () ~> call enlist _29 ~> ret enlist () ~> call run () ~> call _29 () ~> ret _29 () ~> ret run () ~> ret _2 () )
#Or
  T ==K ( call enlist _2 ~> ret enlist () ~> call run () ~> call _2 () ~> call enlist _16 ~> ret enlist () ~> call run () ~> call _16 () ~> ret _16 () ~> ret run () ~> call run () ~> ret run () ~> ret _2 () )
#Or
  T ==K ( call enlist _2 ~> ret enlist () ~> call run () ~> call _2 () ~> call enlist _16 ~> ret enlist () ~> call run () ~> call _16 () ~> ret _16 () ~> ret run () ~> ret _2 () )
#Or
  T ==K ( call enlist _2 ~> ret enlist () ~> call run () ~> call _2 () ~> call run () ~> call _2 () ~> ret _2 () ~> ret run () ~> call enlist _65 ~> ret enlist () ~> call run () ~> call _65 () ~> ret _65 () ~> ret run () ~> ret _2 () )
#Or
  T ==K ( call enlist _2 ~> ret enlist () ~> call run () ~> call _2 () ~> call run () ~> call _2 () ~> ret _2 () ~> ret run () ~> call run () ~> ret run () ~> call run () ~> ret run () ~> ret _2 () )
#Or
  T ==K ( call enlist _2 ~> ret enlist () ~> call run () ~> call _2 () ~> call run () ~> call _2 () ~> ret _2 () ~> ret run () ~> call run () ~> ret run () ~> ret _2 () )
#Or
  T ==K ( call enlist _2 ~> ret enlist () ~> call run () ~> call _2 () ~> call run () ~> call _2 () ~> ret _2 () ~> ret run () ~> ret _2 () )
#Or
  T ==K ( call run () ~> ret run () ~> call enlist _5 ~> ret enlist () ~> call run () ~> call _5 () ~> call enlist _24 ~> ret enlist () ~> call enlist _43 ~> ret enlist () ~> call run () ~> call _43 () ~> ret _43 () ~> ret run () ~> ret _5 () )
#Or
  T ==K ( call run () ~> ret run () ~> call enlist _5 ~> ret enlist () ~> call run () ~> call _5 () ~> call enlist _24 ~> ret enlist () ~> call run () ~> call _24 () ~> ret _24 () ~> ret run () ~> call run () ~> ret run () ~> ret _5 () )
#Or
  T ==K ( call run () ~> ret run () ~> call enlist _5 ~> ret enlist () ~> call run () ~> call _5 () ~> call enlist _24 ~> ret enlist () ~> call run () ~> call _24 () ~> ret _24 () ~> ret run () ~> ret _5 () )
#Or
  T ==K ( call run () ~> ret run () ~> call enlist _5 ~> ret enlist () ~> call run () ~> call _5 () ~> call run () ~> call _5 () ~> ret _5 () ~> ret run () ~> call enlist _93 ~> ret enlist () ~> call run () ~> call _93 () ~> ret _93 () ~> ret run () ~> ret _5 () )
#Or
  T ==K ( call run () ~> ret run () ~> call enlist _5 ~> ret enlist () ~> call run () ~> call _5 () ~> call run () ~> call _5 () ~> ret _5 () ~> ret run () ~> call run () ~> ret run () ~> call run () ~> ret run () ~> ret _5 () )
#Or
  T ==K ( call run () ~> ret run () ~> call enlist _5 ~> ret enlist () ~> call run () ~> call _5 () ~> call run () ~> call _5 () ~> ret _5 () ~> ret run () ~> call run () ~> ret run () ~> ret _5 () )
#Or
  T ==K ( call run () ~> ret run () ~> call enlist _5 ~> ret enlist () ~> call run () ~> call _5 () ~> call run () ~> call _5 () ~> ret _5 () ~> ret run () ~> ret _5 () )

real	0m6.899s
user	0m20.595s
sys	0m0.618s
