  T ==K ( call enlist _2 ~> ret enlist () ~> call run () ~> call _2 () ~> call enlist _16 ~> ret enlist () ~> call enlist _29 ~> ret enlist () ~> call run () ~> call _29 () ~> call enlist _93 ~> ret enlist () ~> call enlist _151 ~> ret enlist () ~> call enlist _227 ~> ret enlist () ~> ret _29 () ~> ret run () ~> ret _2 () )
#Or
  T ==K ( call enlist _2 ~> ret enlist () ~> call run () ~> call _2 () ~> call enlist _16 ~> ret enlist () ~> call enlist _29 ~> ret enlist () ~> call run () ~> call _29 () ~> call enlist _93 ~> ret enlist () ~> call enlist _151 ~> ret enlist () ~> ret _29 () ~> ret run () ~> ret _2 () )
#Or
  T ==K ( call enlist _2 ~> ret enlist () ~> call run () ~> call _2 () ~> call enlist _16 ~> ret enlist () ~> call enlist _29 ~> ret enlist () ~> call run () ~> call _29 () ~> call enlist _93 ~> ret enlist () ~> ret _29 () ~> ret run () ~> ret _2 () )
#Or
  T ==K ( call enlist _2 ~> ret enlist () ~> call run () ~> call _2 () ~> call enlist _16 ~> ret enlist () ~> call enlist _29 ~> ret enlist () ~> call run () ~> call _29 () ~> ret _29 () ~> ret run () ~> ret _2 () )
#Or
  T ==K ( call enlist _2 ~> ret enlist () ~> call run () ~> call _2 () ~> call enlist _16 ~> ret enlist () ~> call run () ~> call _16 () ~> call enlist _55 ~> ret enlist () ~> call enlist _92 ~> ret enlist () ~> call enlist _150 ~> ret enlist () ~> ret _16 () ~> ret run () ~> call run () ~> ret run () ~> ret _2 () )
#Or
  T ==K ( call enlist _2 ~> ret enlist () ~> call run () ~> call _2 () ~> call enlist _16 ~> ret enlist () ~> call run () ~> call _16 () ~> call enlist _55 ~> ret enlist () ~> call enlist _92 ~> ret enlist () ~> call enlist _150 ~> ret enlist () ~> ret _16 () ~> ret run () ~> ret _2 () )
#Or
  T ==K ( call enlist _2 ~> ret enlist () ~> call run () ~> call _2 () ~> call enlist _16 ~> ret enlist () ~> call run () ~> call _16 () ~> call enlist _55 ~> ret enlist () ~> call enlist _92 ~> ret enlist () ~> ret _16 () ~> ret run () ~> call run () ~> ret run () ~> ret _2 () )
#Or
  T ==K ( call enlist _2 ~> ret enlist () ~> call run () ~> call _2 () ~> call enlist _16 ~> ret enlist () ~> call run () ~> call _16 () ~> call enlist _55 ~> ret enlist () ~> call enlist _92 ~> ret enlist () ~> ret _16 () ~> ret run () ~> ret _2 () )
#Or
  T ==K ( call enlist _2 ~> ret enlist () ~> call run () ~> call _2 () ~> call enlist _16 ~> ret enlist () ~> call run () ~> call _16 () ~> call enlist _55 ~> ret enlist () ~> ret _16 () ~> ret run () ~> call run () ~> ret run () ~> ret _2 () )
#Or
  T ==K ( call enlist _2 ~> ret enlist () ~> call run () ~> call _2 () ~> call enlist _16 ~> ret enlist () ~> call run () ~> call _16 () ~> call enlist _55 ~> ret enlist () ~> ret _16 () ~> ret run () ~> ret _2 () )
#Or
  T ==K ( call enlist _2 ~> ret enlist () ~> call run () ~> call _2 () ~> call enlist _16 ~> ret enlist () ~> call run () ~> call _16 () ~> ret _16 () ~> ret run () ~> call run () ~> ret run () ~> ret _2 () )
#Or
  T ==K ( call enlist _2 ~> ret enlist () ~> call run () ~> call _2 () ~> call enlist _16 ~> ret enlist () ~> call run () ~> call _16 () ~> ret _16 () ~> ret run () ~> ret _2 () )
#Or
  T ==K ( call enlist _2 ~> ret enlist () ~> call run () ~> call _2 () ~> call run () ~> call _2 () ~> call enlist _31 ~> ret enlist () ~> call enlist _54 ~> ret enlist () ~> call enlist _91 ~> ret enlist () ~> ret _2 () ~> ret run () ~> call enlist _276 ~> ret enlist () ~> call run () ~> call _276 () ~> call enlist _450 ~> ret enlist () ~> call enlist _515 ~> ret enlist () ~> call enlist _574 ~> ret enlist () ~> ret _276 () ~> ret run () ~> ret _2 () )
#Or
  T ==K ( call enlist _2 ~> ret enlist () ~> call run () ~> call _2 () ~> call run () ~> call _2 () ~> call enlist _31 ~> ret enlist () ~> call enlist _54 ~> ret enlist () ~> call enlist _91 ~> ret enlist () ~> ret _2 () ~> ret run () ~> call enlist _276 ~> ret enlist () ~> call run () ~> call _276 () ~> call enlist _450 ~> ret enlist () ~> call enlist _515 ~> ret enlist () ~> ret _276 () ~> ret run () ~> ret _2 () )
#Or
  T ==K ( call enlist _2 ~> ret enlist () ~> call run () ~> call _2 () ~> call run () ~> call _2 () ~> call enlist _31 ~> ret enlist () ~> call enlist _54 ~> ret enlist () ~> call enlist _91 ~> ret enlist () ~> ret _2 () ~> ret run () ~> call enlist _276 ~> ret enlist () ~> call run () ~> call _276 () ~> call enlist _450 ~> ret enlist () ~> ret _276 () ~> ret run () ~> ret _2 () )
#Or
  T ==K ( call enlist _2 ~> ret enlist () ~> call run () ~> call _2 () ~> call run () ~> call _2 () ~> call enlist _31 ~> ret enlist () ~> call enlist _54 ~> ret enlist () ~> call enlist _91 ~> ret enlist () ~> ret _2 () ~> ret run () ~> call enlist _276 ~> ret enlist () ~> call run () ~> call _276 () ~> ret _276 () ~> ret run () ~> ret _2 () )
#Or
  T ==K ( call enlist _2 ~> ret enlist () ~> call run () ~> call _2 () ~> call run () ~> call _2 () ~> call enlist _31 ~> ret enlist () ~> call enlist _54 ~> ret enlist () ~> call enlist _91 ~> ret enlist () ~> ret _2 () ~> ret run () ~> call run () ~> ret run () ~> call run () ~> ret run () ~> ret _2 () )
#Or
  T ==K ( call enlist _2 ~> ret enlist () ~> call run () ~> call _2 () ~> call run () ~> call _2 () ~> call enlist _31 ~> ret enlist () ~> call enlist _54 ~> ret enlist () ~> call enlist _91 ~> ret enlist () ~> ret _2 () ~> ret run () ~> call run () ~> ret run () ~> ret _2 () )
#Or
  T ==K ( call enlist _2 ~> ret enlist () ~> call run () ~> call _2 () ~> call run () ~> call _2 () ~> call enlist _31 ~> ret enlist () ~> call enlist _54 ~> ret enlist () ~> call enlist _91 ~> ret enlist () ~> ret _2 () ~> ret run () ~> ret _2 () )
#Or
  T ==K ( call enlist _2 ~> ret enlist () ~> call run () ~> call _2 () ~> call run () ~> call _2 () ~> call enlist _31 ~> ret enlist () ~> call enlist _54 ~> ret enlist () ~> ret _2 () ~> ret run () ~> call enlist _199 ~> ret enlist () ~> call run () ~> call _199 () ~> call enlist _378 ~> ret enlist () ~> call enlist _451 ~> ret enlist () ~> call enlist _516 ~> ret enlist () ~> ret _199 () ~> ret run () ~> ret _2 () )
#Or
  T ==K ( call enlist _2 ~> ret enlist () ~> call run () ~> call _2 () ~> call run () ~> call _2 () ~> call enlist _31 ~> ret enlist () ~> call enlist _54 ~> ret enlist () ~> ret _2 () ~> ret run () ~> call enlist _199 ~> ret enlist () ~> call run () ~> call _199 () ~> call enlist _378 ~> ret enlist () ~> call enlist _451 ~> ret enlist () ~> ret _199 () ~> ret run () ~> ret _2 () )
#Or
  T ==K ( call enlist _2 ~> ret enlist () ~> call run () ~> call _2 () ~> call run () ~> call _2 () ~> call enlist _31 ~> ret enlist () ~> call enlist _54 ~> ret enlist () ~> ret _2 () ~> ret run () ~> call enlist _199 ~> ret enlist () ~> call run () ~> call _199 () ~> call enlist _378 ~> ret enlist () ~> ret _199 () ~> ret run () ~> ret _2 () )
#Or
  T ==K ( call enlist _2 ~> ret enlist () ~> call run () ~> call _2 () ~> call run () ~> call _2 () ~> call enlist _31 ~> ret enlist () ~> call enlist _54 ~> ret enlist () ~> ret _2 () ~> ret run () ~> call enlist _199 ~> ret enlist () ~> call run () ~> call _199 () ~> ret _199 () ~> ret run () ~> ret _2 () )
#Or
  T ==K ( call enlist _2 ~> ret enlist () ~> call run () ~> call _2 () ~> call run () ~> call _2 () ~> call enlist _31 ~> ret enlist () ~> call enlist _54 ~> ret enlist () ~> ret _2 () ~> ret run () ~> call run () ~> ret run () ~> call run () ~> ret run () ~> ret _2 () )
#Or
  T ==K ( call enlist _2 ~> ret enlist () ~> call run () ~> call _2 () ~> call run () ~> call _2 () ~> call enlist _31 ~> ret enlist () ~> call enlist _54 ~> ret enlist () ~> ret _2 () ~> ret run () ~> call run () ~> ret run () ~> ret _2 () )
#Or
  T ==K ( call enlist _2 ~> ret enlist () ~> call run () ~> call _2 () ~> call run () ~> call _2 () ~> call enlist _31 ~> ret enlist () ~> call enlist _54 ~> ret enlist () ~> ret _2 () ~> ret run () ~> ret _2 () )
#Or
  T ==K ( call enlist _2 ~> ret enlist () ~> call run () ~> call _2 () ~> call run () ~> call _2 () ~> call enlist _31 ~> ret enlist () ~> ret _2 () ~> ret run () ~> call enlist _126 ~> ret enlist () ~> call run () ~> call _126 () ~> call enlist _303 ~> ret enlist () ~> call enlist _379 ~> ret enlist () ~> call enlist _452 ~> ret enlist () ~> ret _126 () ~> ret run () ~> ret _2 () )
#Or
  T ==K ( call enlist _2 ~> ret enlist () ~> call run () ~> call _2 () ~> call run () ~> call _2 () ~> call enlist _31 ~> ret enlist () ~> ret _2 () ~> ret run () ~> call enlist _126 ~> ret enlist () ~> call run () ~> call _126 () ~> call enlist _303 ~> ret enlist () ~> call enlist _379 ~> ret enlist () ~> ret _126 () ~> ret run () ~> ret _2 () )
#Or
  T ==K ( call enlist _2 ~> ret enlist () ~> call run () ~> call _2 () ~> call run () ~> call _2 () ~> call enlist _31 ~> ret enlist () ~> ret _2 () ~> ret run () ~> call enlist _126 ~> ret enlist () ~> call run () ~> call _126 () ~> call enlist _303 ~> ret enlist () ~> ret _126 () ~> ret run () ~> ret _2 () )
#Or
  T ==K ( call enlist _2 ~> ret enlist () ~> call run () ~> call _2 () ~> call run () ~> call _2 () ~> call enlist _31 ~> ret enlist () ~> ret _2 () ~> ret run () ~> call enlist _126 ~> ret enlist () ~> call run () ~> call _126 () ~> ret _126 () ~> ret run () ~> ret _2 () )
#Or
  T ==K ( call enlist _2 ~> ret enlist () ~> call run () ~> call _2 () ~> call run () ~> call _2 () ~> call enlist _31 ~> ret enlist () ~> ret _2 () ~> ret run () ~> call run () ~> ret run () ~> call run () ~> ret run () ~> ret _2 () )
#Or
  T ==K ( call enlist _2 ~> ret enlist () ~> call run () ~> call _2 () ~> call run () ~> call _2 () ~> call enlist _31 ~> ret enlist () ~> ret _2 () ~> ret run () ~> call run () ~> ret run () ~> ret _2 () )
#Or
  T ==K ( call enlist _2 ~> ret enlist () ~> call run () ~> call _2 () ~> call run () ~> call _2 () ~> call enlist _31 ~> ret enlist () ~> ret _2 () ~> ret run () ~> ret _2 () )
#Or
  T ==K ( call enlist _2 ~> ret enlist () ~> call run () ~> call _2 () ~> call run () ~> call _2 () ~> ret _2 () ~> ret run () ~> call enlist _72 ~> ret enlist () ~> call run () ~> call _72 () ~> call enlist _223 ~> ret enlist () ~> call enlist _304 ~> ret enlist () ~> call enlist _380 ~> ret enlist () ~> ret _72 () ~> ret run () ~> ret _2 () )
#Or
  T ==K ( call enlist _2 ~> ret enlist () ~> call run () ~> call _2 () ~> call run () ~> call _2 () ~> ret _2 () ~> ret run () ~> call enlist _72 ~> ret enlist () ~> call run () ~> call _72 () ~> call enlist _223 ~> ret enlist () ~> call enlist _304 ~> ret enlist () ~> ret _72 () ~> ret run () ~> ret _2 () )
#Or
  T ==K ( call enlist _2 ~> ret enlist () ~> call run () ~> call _2 () ~> call run () ~> call _2 () ~> ret _2 () ~> ret run () ~> call enlist _72 ~> ret enlist () ~> call run () ~> call _72 () ~> call enlist _223 ~> ret enlist () ~> ret _72 () ~> ret run () ~> ret _2 () )
#Or
  T ==K ( call enlist _2 ~> ret enlist () ~> call run () ~> call _2 () ~> call run () ~> call _2 () ~> ret _2 () ~> ret run () ~> call enlist _72 ~> ret enlist () ~> call run () ~> call _72 () ~> ret _72 () ~> ret run () ~> ret _2 () )
#Or
  T ==K ( call enlist _2 ~> ret enlist () ~> call run () ~> call _2 () ~> call run () ~> call _2 () ~> ret _2 () ~> ret run () ~> call run () ~> ret run () ~> call run () ~> ret run () ~> ret _2 () )
#Or
  T ==K ( call enlist _2 ~> ret enlist () ~> call run () ~> call _2 () ~> call run () ~> call _2 () ~> ret _2 () ~> ret run () ~> call run () ~> ret run () ~> ret _2 () )
#Or
  T ==K ( call enlist _2 ~> ret enlist () ~> call run () ~> call _2 () ~> call run () ~> call _2 () ~> ret _2 () ~> ret run () ~> ret _2 () )
#Or
  T ==K ( call run () ~> ret run () ~> call enlist _5 ~> ret enlist () ~> call run () ~> call _5 () ~> call enlist _24 ~> ret enlist () ~> call enlist _44 ~> ret enlist () ~> call run () ~> call _44 () ~> call enlist _143 ~> ret enlist () ~> call enlist _219 ~> ret enlist () ~> call enlist _296 ~> ret enlist () ~> ret _44 () ~> ret run () ~> ret _5 () )
#Or
  T ==K ( call run () ~> ret run () ~> call enlist _5 ~> ret enlist () ~> call run () ~> call _5 () ~> call enlist _24 ~> ret enlist () ~> call enlist _44 ~> ret enlist () ~> call run () ~> call _44 () ~> call enlist _143 ~> ret enlist () ~> call enlist _219 ~> ret enlist () ~> ret _44 () ~> ret run () ~> ret _5 () )
#Or
  T ==K ( call run () ~> ret run () ~> call enlist _5 ~> ret enlist () ~> call run () ~> call _5 () ~> call enlist _24 ~> ret enlist () ~> call enlist _44 ~> ret enlist () ~> call run () ~> call _44 () ~> call enlist _143 ~> ret enlist () ~> ret _44 () ~> ret run () ~> ret _5 () )
#Or
  T ==K ( call run () ~> ret run () ~> call enlist _5 ~> ret enlist () ~> call run () ~> call _5 () ~> call enlist _24 ~> ret enlist () ~> call enlist _44 ~> ret enlist () ~> call run () ~> call _44 () ~> ret _44 () ~> ret run () ~> ret _5 () )
#Or
  T ==K ( call run () ~> ret run () ~> call enlist _5 ~> ret enlist () ~> call run () ~> call _5 () ~> call enlist _24 ~> ret enlist () ~> call run () ~> call _24 () ~> call enlist _83 ~> ret enlist () ~> call enlist _142 ~> ret enlist () ~> call enlist _218 ~> ret enlist () ~> ret _24 () ~> ret run () ~> call run () ~> ret run () ~> ret _5 () )
#Or
  T ==K ( call run () ~> ret run () ~> call enlist _5 ~> ret enlist () ~> call run () ~> call _5 () ~> call enlist _24 ~> ret enlist () ~> call run () ~> call _24 () ~> call enlist _83 ~> ret enlist () ~> call enlist _142 ~> ret enlist () ~> call enlist _218 ~> ret enlist () ~> ret _24 () ~> ret run () ~> ret _5 () )
#Or
  T ==K ( call run () ~> ret run () ~> call enlist _5 ~> ret enlist () ~> call run () ~> call _5 () ~> call enlist _24 ~> ret enlist () ~> call run () ~> call _24 () ~> call enlist _83 ~> ret enlist () ~> call enlist _142 ~> ret enlist () ~> ret _24 () ~> ret run () ~> call run () ~> ret run () ~> ret _5 () )
#Or
  T ==K ( call run () ~> ret run () ~> call enlist _5 ~> ret enlist () ~> call run () ~> call _5 () ~> call enlist _24 ~> ret enlist () ~> call run () ~> call _24 () ~> call enlist _83 ~> ret enlist () ~> call enlist _142 ~> ret enlist () ~> ret _24 () ~> ret run () ~> ret _5 () )
#Or
  T ==K ( call run () ~> ret run () ~> call enlist _5 ~> ret enlist () ~> call run () ~> call _5 () ~> call enlist _24 ~> ret enlist () ~> call run () ~> call _24 () ~> call enlist _83 ~> ret enlist () ~> ret _24 () ~> ret run () ~> call run () ~> ret run () ~> ret _5 () )
#Or
  T ==K ( call run () ~> ret run () ~> call enlist _5 ~> ret enlist () ~> call run () ~> call _5 () ~> call enlist _24 ~> ret enlist () ~> call run () ~> call _24 () ~> call enlist _83 ~> ret enlist () ~> ret _24 () ~> ret run () ~> ret _5 () )
#Or
  T ==K ( call run () ~> ret run () ~> call enlist _5 ~> ret enlist () ~> call run () ~> call _5 () ~> call enlist _24 ~> ret enlist () ~> call run () ~> call _24 () ~> ret _24 () ~> ret run () ~> call run () ~> ret run () ~> ret _5 () )
#Or
  T ==K ( call run () ~> ret run () ~> call enlist _5 ~> ret enlist () ~> call run () ~> call _5 () ~> call enlist _24 ~> ret enlist () ~> call run () ~> call _24 () ~> ret _24 () ~> ret run () ~> ret _5 () )
#Or
  T ==K ( call run () ~> ret run () ~> call enlist _5 ~> ret enlist () ~> call run () ~> call _5 () ~> call run () ~> call _5 () ~> call enlist _46 ~> ret enlist () ~> call enlist _82 ~> ret enlist () ~> call enlist _141 ~> ret enlist () ~> ret _5 () ~> ret run () ~> call enlist _341 ~> ret enlist () ~> call run () ~> call _341 () ~> call enlist _498 ~> ret enlist () ~> call enlist _556 ~> ret enlist () ~> call enlist _608 ~> ret enlist () ~> ret _341 () ~> ret run () ~> ret _5 () )
#Or
  T ==K ( call run () ~> ret run () ~> call enlist _5 ~> ret enlist () ~> call run () ~> call _5 () ~> call run () ~> call _5 () ~> call enlist _46 ~> ret enlist () ~> call enlist _82 ~> ret enlist () ~> call enlist _141 ~> ret enlist () ~> ret _5 () ~> ret run () ~> call enlist _341 ~> ret enlist () ~> call run () ~> call _341 () ~> call enlist _498 ~> ret enlist () ~> call enlist _556 ~> ret enlist () ~> ret _341 () ~> ret run () ~> ret _5 () )
#Or
  T ==K ( call run () ~> ret run () ~> call enlist _5 ~> ret enlist () ~> call run () ~> call _5 () ~> call run () ~> call _5 () ~> call enlist _46 ~> ret enlist () ~> call enlist _82 ~> ret enlist () ~> call enlist _141 ~> ret enlist () ~> ret _5 () ~> ret run () ~> call enlist _341 ~> ret enlist () ~> call run () ~> call _341 () ~> call enlist _498 ~> ret enlist () ~> ret _341 () ~> ret run () ~> ret _5 () )
#Or
  T ==K ( call run () ~> ret run () ~> call enlist _5 ~> ret enlist () ~> call run () ~> call _5 () ~> call run () ~> call _5 () ~> call enlist _46 ~> ret enlist () ~> call enlist _82 ~> ret enlist () ~> call enlist _141 ~> ret enlist () ~> ret _5 () ~> ret run () ~> call enlist _341 ~> ret enlist () ~> call run () ~> call _341 () ~> ret _341 () ~> ret run () ~> ret _5 () )
#Or
  T ==K ( call run () ~> ret run () ~> call enlist _5 ~> ret enlist () ~> call run () ~> call _5 () ~> call run () ~> call _5 () ~> call enlist _46 ~> ret enlist () ~> call enlist _82 ~> ret enlist () ~> call enlist _141 ~> ret enlist () ~> ret _5 () ~> ret run () ~> call run () ~> ret run () ~> call run () ~> ret run () ~> ret _5 () )
#Or
  T ==K ( call run () ~> ret run () ~> call enlist _5 ~> ret enlist () ~> call run () ~> call _5 () ~> call run () ~> call _5 () ~> call enlist _46 ~> ret enlist () ~> call enlist _82 ~> ret enlist () ~> call enlist _141 ~> ret enlist () ~> ret _5 () ~> ret run () ~> call run () ~> ret run () ~> ret _5 () )
#Or
  T ==K ( call run () ~> ret run () ~> call enlist _5 ~> ret enlist () ~> call run () ~> call _5 () ~> call run () ~> call _5 () ~> call enlist _46 ~> ret enlist () ~> call enlist _82 ~> ret enlist () ~> call enlist _141 ~> ret enlist () ~> ret _5 () ~> ret run () ~> ret _5 () )
#Or
  T ==K ( call run () ~> ret run () ~> call enlist _5 ~> ret enlist () ~> call run () ~> call _5 () ~> call run () ~> call _5 () ~> call enlist _46 ~> ret enlist () ~> call enlist _82 ~> ret enlist () ~> ret _5 () ~> ret run () ~> call enlist _264 ~> ret enlist () ~> call run () ~> call _264 () ~> call enlist _435 ~> ret enlist () ~> call enlist _499 ~> ret enlist () ~> call enlist _557 ~> ret enlist () ~> ret _264 () ~> ret run () ~> ret _5 () )
#Or
  T ==K ( call run () ~> ret run () ~> call enlist _5 ~> ret enlist () ~> call run () ~> call _5 () ~> call run () ~> call _5 () ~> call enlist _46 ~> ret enlist () ~> call enlist _82 ~> ret enlist () ~> ret _5 () ~> ret run () ~> call enlist _264 ~> ret enlist () ~> call run () ~> call _264 () ~> call enlist _435 ~> ret enlist () ~> call enlist _499 ~> ret enlist () ~> ret _264 () ~> ret run () ~> ret _5 () )
#Or
  T ==K ( call run () ~> ret run () ~> call enlist _5 ~> ret enlist () ~> call run () ~> call _5 () ~> call run () ~> call _5 () ~> call enlist _46 ~> ret enlist () ~> call enlist _82 ~> ret enlist () ~> ret _5 () ~> ret run () ~> call enlist _264 ~> ret enlist () ~> call run () ~> call _264 () ~> call enlist _435 ~> ret enlist () ~> ret _264 () ~> ret run () ~> ret _5 () )
#Or
  T ==K ( call run () ~> ret run () ~> call enlist _5 ~> ret enlist () ~> call run () ~> call _5 () ~> call run () ~> call _5 () ~> call enlist _46 ~> ret enlist () ~> call enlist _82 ~> ret enlist () ~> ret _5 () ~> ret run () ~> call enlist _264 ~> ret enlist () ~> call run () ~> call _264 () ~> ret _264 () ~> ret run () ~> ret _5 () )
#Or
  T ==K ( call run () ~> ret run () ~> call enlist _5 ~> ret enlist () ~> call run () ~> call _5 () ~> call run () ~> call _5 () ~> call enlist _46 ~> ret enlist () ~> call enlist _82 ~> ret enlist () ~> ret _5 () ~> ret run () ~> call run () ~> ret run () ~> call run () ~> ret run () ~> ret _5 () )
#Or
  T ==K ( call run () ~> ret run () ~> call enlist _5 ~> ret enlist () ~> call run () ~> call _5 () ~> call run () ~> call _5 () ~> call enlist _46 ~> ret enlist () ~> call enlist _82 ~> ret enlist () ~> ret _5 () ~> ret run () ~> call run () ~> ret run () ~> ret _5 () )
#Or
  T ==K ( call run () ~> ret run () ~> call enlist _5 ~> ret enlist () ~> call run () ~> call _5 () ~> call run () ~> call _5 () ~> call enlist _46 ~> ret enlist () ~> call enlist _82 ~> ret enlist () ~> ret _5 () ~> ret run () ~> ret _5 () )
#Or
  T ==K ( call run () ~> ret run () ~> call enlist _5 ~> ret enlist () ~> call run () ~> call _5 () ~> call run () ~> call _5 () ~> call enlist _46 ~> ret enlist () ~> ret _5 () ~> ret run () ~> call enlist _187 ~> ret enlist () ~> call run () ~> call _187 () ~> call enlist _364 ~> ret enlist () ~> call enlist _436 ~> ret enlist () ~> call enlist _500 ~> ret enlist () ~> ret _187 () ~> ret run () ~> ret _5 () )
#Or
  T ==K ( call run () ~> ret run () ~> call enlist _5 ~> ret enlist () ~> call run () ~> call _5 () ~> call run () ~> call _5 () ~> call enlist _46 ~> ret enlist () ~> ret _5 () ~> ret run () ~> call enlist _187 ~> ret enlist () ~> call run () ~> call _187 () ~> call enlist _364 ~> ret enlist () ~> call enlist _436 ~> ret enlist () ~> ret _187 () ~> ret run () ~> ret _5 () )
#Or
  T ==K ( call run () ~> ret run () ~> call enlist _5 ~> ret enlist () ~> call run () ~> call _5 () ~> call run () ~> call _5 () ~> call enlist _46 ~> ret enlist () ~> ret _5 () ~> ret run () ~> call enlist _187 ~> ret enlist () ~> call run () ~> call _187 () ~> call enlist _364 ~> ret enlist () ~> ret _187 () ~> ret run () ~> ret _5 () )
#Or
  T ==K ( call run () ~> ret run () ~> call enlist _5 ~> ret enlist () ~> call run () ~> call _5 () ~> call run () ~> call _5 () ~> call enlist _46 ~> ret enlist () ~> ret _5 () ~> ret run () ~> call enlist _187 ~> ret enlist () ~> call run () ~> call _187 () ~> ret _187 () ~> ret run () ~> ret _5 () )
#Or
  T ==K ( call run () ~> ret run () ~> call enlist _5 ~> ret enlist () ~> call run () ~> call _5 () ~> call run () ~> call _5 () ~> call enlist _46 ~> ret enlist () ~> ret _5 () ~> ret run () ~> call run () ~> ret run () ~> call run () ~> ret run () ~> ret _5 () )
#Or
  T ==K ( call run () ~> ret run () ~> call enlist _5 ~> ret enlist () ~> call run () ~> call _5 () ~> call run () ~> call _5 () ~> call enlist _46 ~> ret enlist () ~> ret _5 () ~> ret run () ~> call run () ~> ret run () ~> ret _5 () )
#Or
  T ==K ( call run () ~> ret run () ~> call enlist _5 ~> ret enlist () ~> call run () ~> call _5 () ~> call run () ~> call _5 () ~> call enlist _46 ~> ret enlist () ~> ret _5 () ~> ret run () ~> ret _5 () )
#Or
  T ==K ( call run () ~> ret run () ~> call enlist _5 ~> ret enlist () ~> call run () ~> call _5 () ~> call run () ~> call _5 () ~> ret _5 () ~> ret run () ~> call enlist _115 ~> ret enlist () ~> call run () ~> call _115 () ~> call enlist _289 ~> ret enlist () ~> call enlist _365 ~> ret enlist () ~> call enlist _437 ~> ret enlist () ~> ret _115 () ~> ret run () ~> ret _5 () )
#Or
  T ==K ( call run () ~> ret run () ~> call enlist _5 ~> ret enlist () ~> call run () ~> call _5 () ~> call run () ~> call _5 () ~> ret _5 () ~> ret run () ~> call enlist _115 ~> ret enlist () ~> call run () ~> call _115 () ~> call enlist _289 ~> ret enlist () ~> call enlist _365 ~> ret enlist () ~> ret _115 () ~> ret run () ~> ret _5 () )
#Or
  T ==K ( call run () ~> ret run () ~> call enlist _5 ~> ret enlist () ~> call run () ~> call _5 () ~> call run () ~> call _5 () ~> ret _5 () ~> ret run () ~> call enlist _115 ~> ret enlist () ~> call run () ~> call _115 () ~> call enlist _289 ~> ret enlist () ~> ret _115 () ~> ret run () ~> ret _5 () )
#Or
  T ==K ( call run () ~> ret run () ~> call enlist _5 ~> ret enlist () ~> call run () ~> call _5 () ~> call run () ~> call _5 () ~> ret _5 () ~> ret run () ~> call enlist _115 ~> ret enlist () ~> call run () ~> call _115 () ~> ret _115 () ~> ret run () ~> ret _5 () )
#Or
  T ==K ( call run () ~> ret run () ~> call enlist _5 ~> ret enlist () ~> call run () ~> call _5 () ~> call run () ~> call _5 () ~> ret _5 () ~> ret run () ~> call run () ~> ret run () ~> call run () ~> ret run () ~> ret _5 () )
#Or
  T ==K ( call run () ~> ret run () ~> call enlist _5 ~> ret enlist () ~> call run () ~> call _5 () ~> call run () ~> call _5 () ~> ret _5 () ~> ret run () ~> call run () ~> ret run () ~> ret _5 () )
#Or
  T ==K ( call run () ~> ret run () ~> call enlist _5 ~> ret enlist () ~> call run () ~> call _5 () ~> call run () ~> call _5 () ~> ret _5 () ~> ret run () ~> ret _5 () )

real	0m10.409s
user	0m29.426s
sys	0m0.807s
