  T ==K ( call enlist _1 ~> ret enlist () ~> call run () ~> call _1 () ~> call enlist _15 ~> ret enlist () ~> call enlist _27 ~> ret enlist () ~> call run () ~> call _27 () ~> call enlist _88 ~> ret enlist () ~> call enlist _148 ~> ret enlist () ~> call enlist _223 ~> ret enlist () ~> ret _27 () ~> ret run () ~> ret _1 () )
#Or
  T ==K ( call enlist _1 ~> ret enlist () ~> call run () ~> call _1 () ~> call enlist _15 ~> ret enlist () ~> call enlist _27 ~> ret enlist () ~> call run () ~> call _27 () ~> call enlist _88 ~> ret enlist () ~> call enlist _148 ~> ret enlist () ~> ret _27 () ~> ret run () ~> ret _1 () )
#Or
  T ==K ( call enlist _1 ~> ret enlist () ~> call run () ~> call _1 () ~> call enlist _15 ~> ret enlist () ~> call enlist _27 ~> ret enlist () ~> call run () ~> call _27 () ~> call enlist _88 ~> ret enlist () ~> ret _27 () ~> ret run () ~> ret _1 () )
#Or
  T ==K ( call enlist _1 ~> ret enlist () ~> call run () ~> call _1 () ~> call enlist _15 ~> ret enlist () ~> call enlist _27 ~> ret enlist () ~> call run () ~> call _27 () ~> ret _27 () ~> ret run () ~> ret _1 () )
#Or
  T ==K ( call enlist _1 ~> ret enlist () ~> call run () ~> call _1 () ~> call enlist _15 ~> ret enlist () ~> call run () ~> call _15 () ~> call enlist _52 ~> ret enlist () ~> call enlist _89 ~> ret enlist () ~> call enlist _149 ~> ret enlist () ~> ret _15 () ~> ret run () ~> call run () ~> ret run () ~> ret _1 () )
#Or
  T ==K ( call enlist _1 ~> ret enlist () ~> call run () ~> call _1 () ~> call enlist _15 ~> ret enlist () ~> call run () ~> call _15 () ~> call enlist _52 ~> ret enlist () ~> call enlist _89 ~> ret enlist () ~> call enlist _149 ~> ret enlist () ~> ret _15 () ~> ret run () ~> ret _1 () )
#Or
  T ==K ( call enlist _1 ~> ret enlist () ~> call run () ~> call _1 () ~> call enlist _15 ~> ret enlist () ~> call run () ~> call _15 () ~> call enlist _52 ~> ret enlist () ~> call enlist _89 ~> ret enlist () ~> ret _15 () ~> ret run () ~> call run () ~> ret run () ~> ret _1 () )
#Or
  T ==K ( call enlist _1 ~> ret enlist () ~> call run () ~> call _1 () ~> call enlist _15 ~> ret enlist () ~> call run () ~> call _15 () ~> call enlist _52 ~> ret enlist () ~> call enlist _89 ~> ret enlist () ~> ret _15 () ~> ret run () ~> ret _1 () )
#Or
  T ==K ( call enlist _1 ~> ret enlist () ~> call run () ~> call _1 () ~> call enlist _15 ~> ret enlist () ~> call run () ~> call _15 () ~> call enlist _52 ~> ret enlist () ~> ret _15 () ~> ret run () ~> call run () ~> ret run () ~> ret _1 () )
#Or
  T ==K ( call enlist _1 ~> ret enlist () ~> call run () ~> call _1 () ~> call enlist _15 ~> ret enlist () ~> call run () ~> call _15 () ~> call enlist _52 ~> ret enlist () ~> ret _15 () ~> ret run () ~> ret _1 () )
#Or
  T ==K ( call enlist _1 ~> ret enlist () ~> call run () ~> call _1 () ~> call enlist _15 ~> ret enlist () ~> call run () ~> call _15 () ~> ret _15 () ~> ret run () ~> call run () ~> ret run () ~> ret _1 () )
#Or
  T ==K ( call enlist _1 ~> ret enlist () ~> call run () ~> call _1 () ~> call enlist _15 ~> ret enlist () ~> call run () ~> call _15 () ~> ret _15 () ~> ret run () ~> ret _1 () )
#Or
  T ==K ( call enlist _1 ~> ret enlist () ~> call run () ~> call _1 () ~> call run () ~> call _1 () ~> call enlist _30 ~> ret enlist () ~> call enlist _53 ~> ret enlist () ~> call enlist _90 ~> ret enlist () ~> ret _1 () ~> ret run () ~> call enlist _275 ~> ret enlist () ~> call run () ~> call _275 () ~> call enlist _443 ~> ret enlist () ~> call enlist _505 ~> ret enlist () ~> call enlist _562 ~> ret enlist () ~> ret _275 () ~> ret run () ~> ret _1 () )
#Or
  T ==K ( call enlist _1 ~> ret enlist () ~> call run () ~> call _1 () ~> call run () ~> call _1 () ~> call enlist _30 ~> ret enlist () ~> call enlist _53 ~> ret enlist () ~> call enlist _90 ~> ret enlist () ~> ret _1 () ~> ret run () ~> call enlist _275 ~> ret enlist () ~> call run () ~> call _275 () ~> call enlist _443 ~> ret enlist () ~> call enlist _505 ~> ret enlist () ~> ret _275 () ~> ret run () ~> ret _1 () )
#Or
  T ==K ( call enlist _1 ~> ret enlist () ~> call run () ~> call _1 () ~> call run () ~> call _1 () ~> call enlist _30 ~> ret enlist () ~> call enlist _53 ~> ret enlist () ~> call enlist _90 ~> ret enlist () ~> ret _1 () ~> ret run () ~> call enlist _275 ~> ret enlist () ~> call run () ~> call _275 () ~> call enlist _443 ~> ret enlist () ~> ret _275 () ~> ret run () ~> ret _1 () )
#Or
  T ==K ( call enlist _1 ~> ret enlist () ~> call run () ~> call _1 () ~> call run () ~> call _1 () ~> call enlist _30 ~> ret enlist () ~> call enlist _53 ~> ret enlist () ~> call enlist _90 ~> ret enlist () ~> ret _1 () ~> ret run () ~> call enlist _275 ~> ret enlist () ~> call run () ~> call _275 () ~> ret _275 () ~> ret run () ~> ret _1 () )
#Or
  T ==K ( call enlist _1 ~> ret enlist () ~> call run () ~> call _1 () ~> call run () ~> call _1 () ~> call enlist _30 ~> ret enlist () ~> call enlist _53 ~> ret enlist () ~> call enlist _90 ~> ret enlist () ~> ret _1 () ~> ret run () ~> call run () ~> ret run () ~> call run () ~> ret run () ~> ret _1 () )
#Or
  T ==K ( call enlist _1 ~> ret enlist () ~> call run () ~> call _1 () ~> call run () ~> call _1 () ~> call enlist _30 ~> ret enlist () ~> call enlist _53 ~> ret enlist () ~> call enlist _90 ~> ret enlist () ~> ret _1 () ~> ret run () ~> call run () ~> ret run () ~> ret _1 () )
#Or
  T ==K ( call enlist _1 ~> ret enlist () ~> call run () ~> call _1 () ~> call run () ~> call _1 () ~> call enlist _30 ~> ret enlist () ~> call enlist _53 ~> ret enlist () ~> call enlist _90 ~> ret enlist () ~> ret _1 () ~> ret run () ~> ret _1 () )
#Or
  T ==K ( call enlist _1 ~> ret enlist () ~> call run () ~> call _1 () ~> call run () ~> call _1 () ~> call enlist _30 ~> ret enlist () ~> call enlist _53 ~> ret enlist () ~> ret _1 () ~> ret run () ~> call enlist _199 ~> ret enlist () ~> call run () ~> call _199 () ~> call enlist _374 ~> ret enlist () ~> call enlist _444 ~> ret enlist () ~> call enlist _506 ~> ret enlist () ~> ret _199 () ~> ret run () ~> ret _1 () )
#Or
  T ==K ( call enlist _1 ~> ret enlist () ~> call run () ~> call _1 () ~> call run () ~> call _1 () ~> call enlist _30 ~> ret enlist () ~> call enlist _53 ~> ret enlist () ~> ret _1 () ~> ret run () ~> call enlist _199 ~> ret enlist () ~> call run () ~> call _199 () ~> call enlist _374 ~> ret enlist () ~> call enlist _444 ~> ret enlist () ~> ret _199 () ~> ret run () ~> ret _1 () )
#Or
  T ==K ( call enlist _1 ~> ret enlist () ~> call run () ~> call _1 () ~> call run () ~> call _1 () ~> call enlist _30 ~> ret enlist () ~> call enlist _53 ~> ret enlist () ~> ret _1 () ~> ret run () ~> call enlist _199 ~> ret enlist () ~> call run () ~> call _199 () ~> call enlist _374 ~> ret enlist () ~> ret _199 () ~> ret run () ~> ret _1 () )
#Or
  T ==K ( call enlist _1 ~> ret enlist () ~> call run () ~> call _1 () ~> call run () ~> call _1 () ~> call enlist _30 ~> ret enlist () ~> call enlist _53 ~> ret enlist () ~> ret _1 () ~> ret run () ~> call enlist _199 ~> ret enlist () ~> call run () ~> call _199 () ~> ret _199 () ~> ret run () ~> ret _1 () )
#Or
  T ==K ( call enlist _1 ~> ret enlist () ~> call run () ~> call _1 () ~> call run () ~> call _1 () ~> call enlist _30 ~> ret enlist () ~> call enlist _53 ~> ret enlist () ~> ret _1 () ~> ret run () ~> call run () ~> ret run () ~> call run () ~> ret run () ~> ret _1 () )
#Or
  T ==K ( call enlist _1 ~> ret enlist () ~> call run () ~> call _1 () ~> call run () ~> call _1 () ~> call enlist _30 ~> ret enlist () ~> call enlist _53 ~> ret enlist () ~> ret _1 () ~> ret run () ~> call run () ~> ret run () ~> ret _1 () )
#Or
  T ==K ( call enlist _1 ~> ret enlist () ~> call run () ~> call _1 () ~> call run () ~> call _1 () ~> call enlist _30 ~> ret enlist () ~> call enlist _53 ~> ret enlist () ~> ret _1 () ~> ret run () ~> ret _1 () )
#Or
  T ==K ( call enlist _1 ~> ret enlist () ~> call run () ~> call _1 () ~> call run () ~> call _1 () ~> call enlist _30 ~> ret enlist () ~> ret _1 () ~> ret run () ~> call enlist _127 ~> ret enlist () ~> call run () ~> call _127 () ~> call enlist _301 ~> ret enlist () ~> call enlist _375 ~> ret enlist () ~> call enlist _445 ~> ret enlist () ~> ret _127 () ~> ret run () ~> ret _1 () )
#Or
  T ==K ( call enlist _1 ~> ret enlist () ~> call run () ~> call _1 () ~> call run () ~> call _1 () ~> call enlist _30 ~> ret enlist () ~> ret _1 () ~> ret run () ~> call enlist _127 ~> ret enlist () ~> call run () ~> call _127 () ~> call enlist _301 ~> ret enlist () ~> call enlist _375 ~> ret enlist () ~> ret _127 () ~> ret run () ~> ret _1 () )
#Or
  T ==K ( call enlist _1 ~> ret enlist () ~> call run () ~> call _1 () ~> call run () ~> call _1 () ~> call enlist _30 ~> ret enlist () ~> ret _1 () ~> ret run () ~> call enlist _127 ~> ret enlist () ~> call run () ~> call _127 () ~> call enlist _301 ~> ret enlist () ~> ret _127 () ~> ret run () ~> ret _1 () )
#Or
  T ==K ( call enlist _1 ~> ret enlist () ~> call run () ~> call _1 () ~> call run () ~> call _1 () ~> call enlist _30 ~> ret enlist () ~> ret _1 () ~> ret run () ~> call enlist _127 ~> ret enlist () ~> call run () ~> call _127 () ~> ret _127 () ~> ret run () ~> ret _1 () )
#Or
  T ==K ( call enlist _1 ~> ret enlist () ~> call run () ~> call _1 () ~> call run () ~> call _1 () ~> call enlist _30 ~> ret enlist () ~> ret _1 () ~> ret run () ~> call run () ~> ret run () ~> call run () ~> ret run () ~> ret _1 () )
#Or
  T ==K ( call enlist _1 ~> ret enlist () ~> call run () ~> call _1 () ~> call run () ~> call _1 () ~> call enlist _30 ~> ret enlist () ~> ret _1 () ~> ret run () ~> call run () ~> ret run () ~> ret _1 () )
#Or
  T ==K ( call enlist _1 ~> ret enlist () ~> call run () ~> call _1 () ~> call run () ~> call _1 () ~> call enlist _30 ~> ret enlist () ~> ret _1 () ~> ret run () ~> ret _1 () )
#Or
  T ==K ( call enlist _1 ~> ret enlist () ~> call run () ~> call _1 () ~> call run () ~> call _1 () ~> ret _1 () ~> ret run () ~> call enlist _72 ~> ret enlist () ~> call run () ~> call _72 () ~> call enlist _226 ~> ret enlist () ~> call enlist _302 ~> ret enlist () ~> call enlist _376 ~> ret enlist () ~> ret _72 () ~> ret run () ~> ret _1 () )
#Or
  T ==K ( call enlist _1 ~> ret enlist () ~> call run () ~> call _1 () ~> call run () ~> call _1 () ~> ret _1 () ~> ret run () ~> call enlist _72 ~> ret enlist () ~> call run () ~> call _72 () ~> call enlist _226 ~> ret enlist () ~> call enlist _302 ~> ret enlist () ~> ret _72 () ~> ret run () ~> ret _1 () )
#Or
  T ==K ( call enlist _1 ~> ret enlist () ~> call run () ~> call _1 () ~> call run () ~> call _1 () ~> ret _1 () ~> ret run () ~> call enlist _72 ~> ret enlist () ~> call run () ~> call _72 () ~> call enlist _226 ~> ret enlist () ~> ret _72 () ~> ret run () ~> ret _1 () )
#Or
  T ==K ( call enlist _1 ~> ret enlist () ~> call run () ~> call _1 () ~> call run () ~> call _1 () ~> ret _1 () ~> ret run () ~> call enlist _72 ~> ret enlist () ~> call run () ~> call _72 () ~> ret _72 () ~> ret run () ~> ret _1 () )
#Or
  T ==K ( call enlist _1 ~> ret enlist () ~> call run () ~> call _1 () ~> call run () ~> call _1 () ~> ret _1 () ~> ret run () ~> call run () ~> ret run () ~> call run () ~> ret run () ~> ret _1 () )
#Or
  T ==K ( call enlist _1 ~> ret enlist () ~> call run () ~> call _1 () ~> call run () ~> call _1 () ~> ret _1 () ~> ret run () ~> call run () ~> ret run () ~> ret _1 () )
#Or
  T ==K ( call enlist _1 ~> ret enlist () ~> call run () ~> call _1 () ~> call run () ~> call _1 () ~> ret _1 () ~> ret run () ~> ret _1 () )
#Or
  T ==K ( call run () ~> ret run () ~> call enlist _4 ~> ret enlist () ~> call run () ~> call _4 () ~> call enlist _24 ~> ret enlist () ~> call enlist _42 ~> ret enlist () ~> call run () ~> call _42 () ~> call enlist _138 ~> ret enlist () ~> call enlist _216 ~> ret enlist () ~> call enlist _292 ~> ret enlist () ~> ret _42 () ~> ret run () ~> ret _4 () )
#Or
  T ==K ( call run () ~> ret run () ~> call enlist _4 ~> ret enlist () ~> call run () ~> call _4 () ~> call enlist _24 ~> ret enlist () ~> call enlist _42 ~> ret enlist () ~> call run () ~> call _42 () ~> call enlist _138 ~> ret enlist () ~> call enlist _216 ~> ret enlist () ~> ret _42 () ~> ret run () ~> ret _4 () )
#Or
  T ==K ( call run () ~> ret run () ~> call enlist _4 ~> ret enlist () ~> call run () ~> call _4 () ~> call enlist _24 ~> ret enlist () ~> call enlist _42 ~> ret enlist () ~> call run () ~> call _42 () ~> call enlist _138 ~> ret enlist () ~> ret _42 () ~> ret run () ~> ret _4 () )
#Or
  T ==K ( call run () ~> ret run () ~> call enlist _4 ~> ret enlist () ~> call run () ~> call _4 () ~> call enlist _24 ~> ret enlist () ~> call enlist _42 ~> ret enlist () ~> call run () ~> call _42 () ~> ret _42 () ~> ret run () ~> ret _4 () )
#Or
  T ==K ( call run () ~> ret run () ~> call enlist _4 ~> ret enlist () ~> call run () ~> call _4 () ~> call enlist _24 ~> ret enlist () ~> call run () ~> call _24 () ~> call enlist _81 ~> ret enlist () ~> call enlist _139 ~> ret enlist () ~> call enlist _217 ~> ret enlist () ~> ret _24 () ~> ret run () ~> call run () ~> ret run () ~> ret _4 () )
#Or
  T ==K ( call run () ~> ret run () ~> call enlist _4 ~> ret enlist () ~> call run () ~> call _4 () ~> call enlist _24 ~> ret enlist () ~> call run () ~> call _24 () ~> call enlist _81 ~> ret enlist () ~> call enlist _139 ~> ret enlist () ~> call enlist _217 ~> ret enlist () ~> ret _24 () ~> ret run () ~> ret _4 () )
#Or
  T ==K ( call run () ~> ret run () ~> call enlist _4 ~> ret enlist () ~> call run () ~> call _4 () ~> call enlist _24 ~> ret enlist () ~> call run () ~> call _24 () ~> call enlist _81 ~> ret enlist () ~> call enlist _139 ~> ret enlist () ~> ret _24 () ~> ret run () ~> call run () ~> ret run () ~> ret _4 () )
#Or
  T ==K ( call run () ~> ret run () ~> call enlist _4 ~> ret enlist () ~> call run () ~> call _4 () ~> call enlist _24 ~> ret enlist () ~> call run () ~> call _24 () ~> call enlist _81 ~> ret enlist () ~> call enlist _139 ~> ret enlist () ~> ret _24 () ~> ret run () ~> ret _4 () )
#Or
  T ==K ( call run () ~> ret run () ~> call enlist _4 ~> ret enlist () ~> call run () ~> call _4 () ~> call enlist _24 ~> ret enlist () ~> call run () ~> call _24 () ~> call enlist _81 ~> ret enlist () ~> ret _24 () ~> ret run () ~> call run () ~> ret run () ~> ret _4 () )
#Or
  T ==K ( call run () ~> ret run () ~> call enlist _4 ~> ret enlist () ~> call run () ~> call _4 () ~> call enlist _24 ~> ret enlist () ~> call run () ~> call _24 () ~> call enlist _81 ~> ret enlist () ~> ret _24 () ~> ret run () ~> ret _4 () )
#Or
  T ==K ( call run () ~> ret run () ~> call enlist _4 ~> ret enlist () ~> call run () ~> call _4 () ~> call enlist _24 ~> ret enlist () ~> call run () ~> call _24 () ~> ret _24 () ~> ret run () ~> call run () ~> ret run () ~> ret _4 () )
#Or
  T ==K ( call run () ~> ret run () ~> call enlist _4 ~> ret enlist () ~> call run () ~> call _4 () ~> call enlist _24 ~> ret enlist () ~> call run () ~> call _24 () ~> ret _24 () ~> ret run () ~> ret _4 () )
#Or
  T ==K ( call run () ~> ret run () ~> call enlist _4 ~> ret enlist () ~> call run () ~> call _4 () ~> call run () ~> call _4 () ~> call enlist _48 ~> ret enlist () ~> call enlist _82 ~> ret enlist () ~> call enlist _140 ~> ret enlist () ~> ret _4 () ~> ret run () ~> call enlist _340 ~> ret enlist () ~> call run () ~> call _340 () ~> call enlist _495 ~> ret enlist () ~> call enlist _554 ~> ret enlist () ~> call enlist _607 ~> ret enlist () ~> ret _340 () ~> ret run () ~> ret _4 () )
#Or
  T ==K ( call run () ~> ret run () ~> call enlist _4 ~> ret enlist () ~> call run () ~> call _4 () ~> call run () ~> call _4 () ~> call enlist _48 ~> ret enlist () ~> call enlist _82 ~> ret enlist () ~> call enlist _140 ~> ret enlist () ~> ret _4 () ~> ret run () ~> call enlist _340 ~> ret enlist () ~> call run () ~> call _340 () ~> call enlist _495 ~> ret enlist () ~> call enlist _554 ~> ret enlist () ~> ret _340 () ~> ret run () ~> ret _4 () )
#Or
  T ==K ( call run () ~> ret run () ~> call enlist _4 ~> ret enlist () ~> call run () ~> call _4 () ~> call run () ~> call _4 () ~> call enlist _48 ~> ret enlist () ~> call enlist _82 ~> ret enlist () ~> call enlist _140 ~> ret enlist () ~> ret _4 () ~> ret run () ~> call enlist _340 ~> ret enlist () ~> call run () ~> call _340 () ~> call enlist _495 ~> ret enlist () ~> ret _340 () ~> ret run () ~> ret _4 () )
#Or
  T ==K ( call run () ~> ret run () ~> call enlist _4 ~> ret enlist () ~> call run () ~> call _4 () ~> call run () ~> call _4 () ~> call enlist _48 ~> ret enlist () ~> call enlist _82 ~> ret enlist () ~> call enlist _140 ~> ret enlist () ~> ret _4 () ~> ret run () ~> call enlist _340 ~> ret enlist () ~> call run () ~> call _340 () ~> ret _340 () ~> ret run () ~> ret _4 () )
#Or
  T ==K ( call run () ~> ret run () ~> call enlist _4 ~> ret enlist () ~> call run () ~> call _4 () ~> call run () ~> call _4 () ~> call enlist _48 ~> ret enlist () ~> call enlist _82 ~> ret enlist () ~> call enlist _140 ~> ret enlist () ~> ret _4 () ~> ret run () ~> call run () ~> ret run () ~> call run () ~> ret run () ~> ret _4 () )
#Or
  T ==K ( call run () ~> ret run () ~> call enlist _4 ~> ret enlist () ~> call run () ~> call _4 () ~> call run () ~> call _4 () ~> call enlist _48 ~> ret enlist () ~> call enlist _82 ~> ret enlist () ~> call enlist _140 ~> ret enlist () ~> ret _4 () ~> ret run () ~> call run () ~> ret run () ~> ret _4 () )
#Or
  T ==K ( call run () ~> ret run () ~> call enlist _4 ~> ret enlist () ~> call run () ~> call _4 () ~> call run () ~> call _4 () ~> call enlist _48 ~> ret enlist () ~> call enlist _82 ~> ret enlist () ~> call enlist _140 ~> ret enlist () ~> ret _4 () ~> ret run () ~> ret _4 () )
#Or
  T ==K ( call run () ~> ret run () ~> call enlist _4 ~> ret enlist () ~> call run () ~> call _4 () ~> call run () ~> call _4 () ~> call enlist _48 ~> ret enlist () ~> call enlist _82 ~> ret enlist () ~> ret _4 () ~> ret run () ~> call enlist _264 ~> ret enlist () ~> call run () ~> call _264 () ~> call enlist _433 ~> ret enlist () ~> call enlist _496 ~> ret enlist () ~> call enlist _555 ~> ret enlist () ~> ret _264 () ~> ret run () ~> ret _4 () )
#Or
  T ==K ( call run () ~> ret run () ~> call enlist _4 ~> ret enlist () ~> call run () ~> call _4 () ~> call run () ~> call _4 () ~> call enlist _48 ~> ret enlist () ~> call enlist _82 ~> ret enlist () ~> ret _4 () ~> ret run () ~> call enlist _264 ~> ret enlist () ~> call run () ~> call _264 () ~> call enlist _433 ~> ret enlist () ~> call enlist _496 ~> ret enlist () ~> ret _264 () ~> ret run () ~> ret _4 () )
#Or
  T ==K ( call run () ~> ret run () ~> call enlist _4 ~> ret enlist () ~> call run () ~> call _4 () ~> call run () ~> call _4 () ~> call enlist _48 ~> ret enlist () ~> call enlist _82 ~> ret enlist () ~> ret _4 () ~> ret run () ~> call enlist _264 ~> ret enlist () ~> call run () ~> call _264 () ~> call enlist _433 ~> ret enlist () ~> ret _264 () ~> ret run () ~> ret _4 () )
#Or
  T ==K ( call run () ~> ret run () ~> call enlist _4 ~> ret enlist () ~> call run () ~> call _4 () ~> call run () ~> call _4 () ~> call enlist _48 ~> ret enlist () ~> call enlist _82 ~> ret enlist () ~> ret _4 () ~> ret run () ~> call enlist _264 ~> ret enlist () ~> call run () ~> call _264 () ~> ret _264 () ~> ret run () ~> ret _4 () )
#Or
  T ==K ( call run () ~> ret run () ~> call enlist _4 ~> ret enlist () ~> call run () ~> call _4 () ~> call run () ~> call _4 () ~> call enlist _48 ~> ret enlist () ~> call enlist _82 ~> ret enlist () ~> ret _4 () ~> ret run () ~> call run () ~> ret run () ~> call run () ~> ret run () ~> ret _4 () )
#Or
  T ==K ( call run () ~> ret run () ~> call enlist _4 ~> ret enlist () ~> call run () ~> call _4 () ~> call run () ~> call _4 () ~> call enlist _48 ~> ret enlist () ~> call enlist _82 ~> ret enlist () ~> ret _4 () ~> ret run () ~> call run () ~> ret run () ~> ret _4 () )
#Or
  T ==K ( call run () ~> ret run () ~> call enlist _4 ~> ret enlist () ~> call run () ~> call _4 () ~> call run () ~> call _4 () ~> call enlist _48 ~> ret enlist () ~> call enlist _82 ~> ret enlist () ~> ret _4 () ~> ret run () ~> ret _4 () )
#Or
  T ==K ( call run () ~> ret run () ~> call enlist _4 ~> ret enlist () ~> call run () ~> call _4 () ~> call run () ~> call _4 () ~> call enlist _48 ~> ret enlist () ~> ret _4 () ~> ret run () ~> call enlist _190 ~> ret enlist () ~> call run () ~> call _190 () ~> call enlist _367 ~> ret enlist () ~> call enlist _434 ~> ret enlist () ~> call enlist _497 ~> ret enlist () ~> ret _190 () ~> ret run () ~> ret _4 () )
#Or
  T ==K ( call run () ~> ret run () ~> call enlist _4 ~> ret enlist () ~> call run () ~> call _4 () ~> call run () ~> call _4 () ~> call enlist _48 ~> ret enlist () ~> ret _4 () ~> ret run () ~> call enlist _190 ~> ret enlist () ~> call run () ~> call _190 () ~> call enlist _367 ~> ret enlist () ~> call enlist _434 ~> ret enlist () ~> ret _190 () ~> ret run () ~> ret _4 () )
#Or
  T ==K ( call run () ~> ret run () ~> call enlist _4 ~> ret enlist () ~> call run () ~> call _4 () ~> call run () ~> call _4 () ~> call enlist _48 ~> ret enlist () ~> ret _4 () ~> ret run () ~> call enlist _190 ~> ret enlist () ~> call run () ~> call _190 () ~> call enlist _367 ~> ret enlist () ~> ret _190 () ~> ret run () ~> ret _4 () )
#Or
  T ==K ( call run () ~> ret run () ~> call enlist _4 ~> ret enlist () ~> call run () ~> call _4 () ~> call run () ~> call _4 () ~> call enlist _48 ~> ret enlist () ~> ret _4 () ~> ret run () ~> call enlist _190 ~> ret enlist () ~> call run () ~> call _190 () ~> ret _190 () ~> ret run () ~> ret _4 () )
#Or
  T ==K ( call run () ~> ret run () ~> call enlist _4 ~> ret enlist () ~> call run () ~> call _4 () ~> call run () ~> call _4 () ~> call enlist _48 ~> ret enlist () ~> ret _4 () ~> ret run () ~> call run () ~> ret run () ~> call run () ~> ret run () ~> ret _4 () )
#Or
  T ==K ( call run () ~> ret run () ~> call enlist _4 ~> ret enlist () ~> call run () ~> call _4 () ~> call run () ~> call _4 () ~> call enlist _48 ~> ret enlist () ~> ret _4 () ~> ret run () ~> call run () ~> ret run () ~> ret _4 () )
#Or
  T ==K ( call run () ~> ret run () ~> call enlist _4 ~> ret enlist () ~> call run () ~> call _4 () ~> call run () ~> call _4 () ~> call enlist _48 ~> ret enlist () ~> ret _4 () ~> ret run () ~> ret _4 () )
#Or
  T ==K ( call run () ~> ret run () ~> call enlist _4 ~> ret enlist () ~> call run () ~> call _4 () ~> call run () ~> call _4 () ~> ret _4 () ~> ret run () ~> call enlist _119 ~> ret enlist () ~> call run () ~> call _119 () ~> call enlist _297 ~> ret enlist () ~> call enlist _368 ~> ret enlist () ~> call enlist _435 ~> ret enlist () ~> ret _119 () ~> ret run () ~> ret _4 () )
#Or
  T ==K ( call run () ~> ret run () ~> call enlist _4 ~> ret enlist () ~> call run () ~> call _4 () ~> call run () ~> call _4 () ~> ret _4 () ~> ret run () ~> call enlist _119 ~> ret enlist () ~> call run () ~> call _119 () ~> call enlist _297 ~> ret enlist () ~> call enlist _368 ~> ret enlist () ~> ret _119 () ~> ret run () ~> ret _4 () )
#Or
  T ==K ( call run () ~> ret run () ~> call enlist _4 ~> ret enlist () ~> call run () ~> call _4 () ~> call run () ~> call _4 () ~> ret _4 () ~> ret run () ~> call enlist _119 ~> ret enlist () ~> call run () ~> call _119 () ~> call enlist _297 ~> ret enlist () ~> ret _119 () ~> ret run () ~> ret _4 () )
#Or
  T ==K ( call run () ~> ret run () ~> call enlist _4 ~> ret enlist () ~> call run () ~> call _4 () ~> call run () ~> call _4 () ~> ret _4 () ~> ret run () ~> call enlist _119 ~> ret enlist () ~> call run () ~> call _119 () ~> ret _119 () ~> ret run () ~> ret _4 () )
#Or
  T ==K ( call run () ~> ret run () ~> call enlist _4 ~> ret enlist () ~> call run () ~> call _4 () ~> call run () ~> call _4 () ~> ret _4 () ~> ret run () ~> call run () ~> ret run () ~> call run () ~> ret run () ~> ret _4 () )
#Or
  T ==K ( call run () ~> ret run () ~> call enlist _4 ~> ret enlist () ~> call run () ~> call _4 () ~> call run () ~> call _4 () ~> ret _4 () ~> ret run () ~> call run () ~> ret run () ~> ret _4 () )
#Or
  T ==K ( call run () ~> ret run () ~> call enlist _4 ~> ret enlist () ~> call run () ~> call _4 () ~> call run () ~> call _4 () ~> ret _4 () ~> ret run () ~> ret _4 () )

real	0m10.246s
user	0m28.602s
sys	0m0.785s
