  T ==K ( call esimple _5 ~> ret esimple () ~> call mc91_e _229 )
#Or
  T ==K ( call esimple _5 ~> ret esimple () ~> call mult_e _254 )
#Or
  T ==K ( call esimple _5 ~> ret esimple () ~> call repeat_e _235 )
#Or
  T ==K ( call esimple _5 ~> ret esimple () ~> call sum_e _195 )
#Or
  T ==K ( call fact_e _1 ~> ret fact_e () ~> call mc91_e _61 )
#Or
  T ==K ( call fact_e _1 ~> ret fact_e () ~> call mult_e _80 )
#Or
  T ==K ( call fact_e _1 ~> ret fact_e () ~> call repeat_e _65 )
#Or
  T ==K ( call fact_e _1 ~> ret fact_e () ~> call sum_e _42 )
#Or
  T ==K ( call inc _11 ~> call _11 () ~> call fact_e _91 ~> ret fact_e () ~> call fact_e _293 ~> ret fact_e () ~> ret _11 () ~> ret inc () ~> call mc91_e _1879 )
#Or
  T ==K ( call inc _11 ~> call _11 () ~> call fact_e _91 ~> ret fact_e () ~> call fact_e _293 ~> ret fact_e () ~> ret _11 () ~> ret inc () ~> call mult_e _1984 )
#Or
  T ==K ( call inc _11 ~> call _11 () ~> call fact_e _91 ~> ret fact_e () ~> call fact_e _293 ~> ret fact_e () ~> ret _11 () ~> ret inc () ~> call repeat_e _1909 )
#Or
  T ==K ( call inc _11 ~> call _11 () ~> call fact_e _91 ~> ret fact_e () ~> call fact_e _293 ~> ret fact_e () ~> ret _11 () ~> ret inc () ~> call sum_e _1746 )
#Or
  T ==K ( call inc _11 ~> call _11 () ~> call fact_e _91 ~> ret fact_e () ~> call inc _406 ~> ret inc () ~> ret _11 () ~> ret inc () ~> call mc91_e _1950 )
#Or
  T ==K ( call inc _11 ~> call _11 () ~> call fact_e _91 ~> ret fact_e () ~> call inc _406 ~> ret inc () ~> ret _11 () ~> ret inc () ~> call mult_e _2081 )
#Or
  T ==K ( call inc _11 ~> call _11 () ~> call fact_e _91 ~> ret fact_e () ~> call inc _406 ~> ret inc () ~> ret _11 () ~> ret inc () ~> call repeat_e _1989 )
#Or
  T ==K ( call inc _11 ~> call _11 () ~> call fact_e _91 ~> ret fact_e () ~> call inc _406 ~> ret inc () ~> ret _11 () ~> ret inc () ~> call sum_e _1819 )
#Or
  T ==K ( call inc _11 ~> call _11 () ~> call fact_e _91 ~> ret fact_e () ~> call mc91_e _361 ~> ret mc91_e () ~> ret _11 () ~> ret inc () ~> call mc91_e _1914 )
#Or
  T ==K ( call inc _11 ~> call _11 () ~> call fact_e _91 ~> ret fact_e () ~> call mc91_e _361 ~> ret mc91_e () ~> ret _11 () ~> ret inc () ~> call mult_e _2032 )
#Or
  T ==K ( call inc _11 ~> call _11 () ~> call fact_e _91 ~> ret fact_e () ~> call mc91_e _361 ~> ret mc91_e () ~> ret _11 () ~> ret inc () ~> call repeat_e _1948 )
#Or
  T ==K ( call inc _11 ~> call _11 () ~> call fact_e _91 ~> ret fact_e () ~> call mc91_e _361 ~> ret mc91_e () ~> ret _11 () ~> ret inc () ~> call sum_e _1784 )
#Or
  T ==K ( call inc _11 ~> call _11 () ~> call fact_e _91 ~> ret fact_e () ~> call read () ~> ret read 0 ~> ret _11 () ~> ret inc () ~> call mc91_e _1695 )
#Or
  T ==K ( call inc _11 ~> call _11 () ~> call fact_e _91 ~> ret fact_e () ~> call read () ~> ret read 0 ~> ret _11 () ~> ret inc () ~> call mult_e _1783 )
#Or
  T ==K ( call inc _11 ~> call _11 () ~> call fact_e _91 ~> ret fact_e () ~> call read () ~> ret read 0 ~> ret _11 () ~> ret inc () ~> call repeat_e _1719 )
#Or
  T ==K ( call inc _11 ~> call _11 () ~> call fact_e _91 ~> ret fact_e () ~> call read () ~> ret read 0 ~> ret _11 () ~> ret inc () ~> call sum_e _1584 )
#Or
  T ==K ( call inc _11 ~> call _11 () ~> call fact_e _91 ~> ret fact_e () ~> ret _11 () ~> ret inc () ~> call mc91_e _1209 )
#Or
  T ==K ( call inc _11 ~> call _11 () ~> call fact_e _91 ~> ret fact_e () ~> ret _11 () ~> ret inc () ~> call mult_e _1283 )
#Or
  T ==K ( call inc _11 ~> call _11 () ~> call fact_e _91 ~> ret fact_e () ~> ret _11 () ~> ret inc () ~> call repeat_e _1233 )
#Or
  T ==K ( call inc _11 ~> call _11 () ~> call fact_e _91 ~> ret fact_e () ~> ret _11 () ~> ret inc () ~> call sum_e _1097 )
#Or
  T ==K ( call inc _11 ~> call _11 () ~> call inc _145 ~> ret inc () ~> call fact_e _327 ~> ret fact_e () ~> ret _11 () ~> ret inc () ~> call mc91_e _1969 )
#Or
  T ==K ( call inc _11 ~> call _11 () ~> call inc _145 ~> ret inc () ~> call fact_e _327 ~> ret fact_e () ~> ret _11 () ~> ret inc () ~> call mult_e _2097 )
#Or
  T ==K ( call inc _11 ~> call _11 () ~> call inc _145 ~> ret inc () ~> call fact_e _327 ~> ret fact_e () ~> ret _11 () ~> ret inc () ~> call repeat_e _2012 )
#Or
  T ==K ( call inc _11 ~> call _11 () ~> call inc _145 ~> ret inc () ~> call fact_e _327 ~> ret fact_e () ~> ret _11 () ~> ret inc () ~> call sum_e _1834 )
#Or
  T ==K ( call inc _11 ~> call _11 () ~> call inc _145 ~> ret inc () ~> call inc _440 ~> ret inc () ~> ret _11 () ~> ret inc () ~> call mc91_e _2062 )
#Or
  T ==K ( call inc _11 ~> call _11 () ~> call inc _145 ~> ret inc () ~> call inc _440 ~> ret inc () ~> ret _11 () ~> ret inc () ~> call mult_e _2176 )
#Or
  T ==K ( call inc _11 ~> call _11 () ~> call inc _145 ~> ret inc () ~> call inc _440 ~> ret inc () ~> ret _11 () ~> ret inc () ~> call repeat_e _2102 )
#Or
  T ==K ( call inc _11 ~> call _11 () ~> call inc _145 ~> ret inc () ~> call inc _440 ~> ret inc () ~> ret _11 () ~> ret inc () ~> call sum_e _1900 )
#Or
  T ==K ( call inc _11 ~> call _11 () ~> call inc _145 ~> ret inc () ~> call mc91_e _412 ~> ret mc91_e () ~> ret _11 () ~> ret inc () ~> call mc91_e _2017 )
#Or
  T ==K ( call inc _11 ~> call _11 () ~> call inc _145 ~> ret inc () ~> call mc91_e _412 ~> ret mc91_e () ~> ret _11 () ~> ret inc () ~> call mult_e _2135 )
#Or
  T ==K ( call inc _11 ~> call _11 () ~> call inc _145 ~> ret inc () ~> call mc91_e _412 ~> ret mc91_e () ~> ret _11 () ~> ret inc () ~> call repeat_e _2060 )
#Or
  T ==K ( call inc _11 ~> call _11 () ~> call inc _145 ~> ret inc () ~> call mc91_e _412 ~> ret mc91_e () ~> ret _11 () ~> ret inc () ~> call sum_e _1868 )
#Or
  T ==K ( call inc _11 ~> call _11 () ~> call inc _145 ~> ret inc () ~> call read () ~> ret read 0 ~> ret _11 () ~> ret inc () ~> call mc91_e _1766 )
#Or
  T ==K ( call inc _11 ~> call _11 () ~> call inc _145 ~> ret inc () ~> call read () ~> ret read 0 ~> ret _11 () ~> ret inc () ~> call mult_e _1867 )
#Or
  T ==K ( call inc _11 ~> call _11 () ~> call inc _145 ~> ret inc () ~> call read () ~> ret read 0 ~> ret _11 () ~> ret inc () ~> call repeat_e _1800 )
#Or
  T ==K ( call inc _11 ~> call _11 () ~> call inc _145 ~> ret inc () ~> call read () ~> ret read 0 ~> ret _11 () ~> ret inc () ~> call sum_e _1649 )
#Or
  T ==K ( call inc _11 ~> call _11 () ~> call inc _145 ~> ret inc () ~> ret _11 () ~> ret inc () ~> call mc91_e _1263 )
#Or
  T ==K ( call inc _11 ~> call _11 () ~> call inc _145 ~> ret inc () ~> ret _11 () ~> ret inc () ~> call mult_e _1343 )
#Or
  T ==K ( call inc _11 ~> call _11 () ~> call inc _145 ~> ret inc () ~> ret _11 () ~> ret inc () ~> call repeat_e _1288 )
#Or
  T ==K ( call inc _11 ~> call _11 () ~> call inc _145 ~> ret inc () ~> ret _11 () ~> ret inc () ~> call sum_e _1152 )
#Or
  T ==K ( call inc _11 ~> call _11 () ~> call mc91_e _131 ~> ret mc91_e () ~> call fact_e _314 ~> ret fact_e () ~> ret _11 () ~> ret inc () ~> call mc91_e _1925 )
#Or
  T ==K ( call inc _11 ~> call _11 () ~> call mc91_e _131 ~> ret mc91_e () ~> call fact_e _314 ~> ret fact_e () ~> ret _11 () ~> ret inc () ~> call mult_e _2048 )
#Or
  T ==K ( call inc _11 ~> call _11 () ~> call mc91_e _131 ~> ret mc91_e () ~> call fact_e _314 ~> ret fact_e () ~> ret _11 () ~> ret inc () ~> call repeat_e _1961 )
#Or
  T ==K ( call inc _11 ~> call _11 () ~> call mc91_e _131 ~> ret mc91_e () ~> call fact_e _314 ~> ret fact_e () ~> ret _11 () ~> ret inc () ~> call sum_e _1793 )
#Or
  T ==K ( call inc _11 ~> call _11 () ~> call mc91_e _131 ~> ret mc91_e () ~> call inc _425 ~> ret inc () ~> ret _11 () ~> ret inc () ~> call mc91_e _2008 )
#Or
  T ==K ( call inc _11 ~> call _11 () ~> call mc91_e _131 ~> ret mc91_e () ~> call inc _425 ~> ret inc () ~> ret _11 () ~> ret inc () ~> call mult_e _2131 )
#Or
  T ==K ( call inc _11 ~> call _11 () ~> call mc91_e _131 ~> ret mc91_e () ~> call inc _425 ~> ret inc () ~> ret _11 () ~> ret inc () ~> call repeat_e _2053 )
#Or
  T ==K ( call inc _11 ~> call _11 () ~> call mc91_e _131 ~> ret mc91_e () ~> call inc _425 ~> ret inc () ~> ret _11 () ~> ret inc () ~> call sum_e _1864 )
#Or
  T ==K ( call inc _11 ~> call _11 () ~> call mc91_e _131 ~> ret mc91_e () ~> call mc91_e _386 ~> ret mc91_e () ~> ret _11 () ~> ret inc () ~> call mc91_e _1966 )
#Or
  T ==K ( call inc _11 ~> call _11 () ~> call mc91_e _131 ~> ret mc91_e () ~> call mc91_e _386 ~> ret mc91_e () ~> ret _11 () ~> ret inc () ~> call mult_e _2090 )
#Or
  T ==K ( call inc _11 ~> call _11 () ~> call mc91_e _131 ~> ret mc91_e () ~> call mc91_e _386 ~> ret mc91_e () ~> ret _11 () ~> ret inc () ~> call repeat_e _2006 )
#Or
  T ==K ( call inc _11 ~> call _11 () ~> call mc91_e _131 ~> ret mc91_e () ~> call mc91_e _386 ~> ret mc91_e () ~> ret _11 () ~> ret inc () ~> call sum_e _1832 )
#Or
  T ==K ( call inc _11 ~> call _11 () ~> call mc91_e _131 ~> ret mc91_e () ~> call read () ~> ret read 0 ~> ret _11 () ~> ret inc () ~> call mc91_e _1730 )
#Or
  T ==K ( call inc _11 ~> call _11 () ~> call mc91_e _131 ~> ret mc91_e () ~> call read () ~> ret read 0 ~> ret _11 () ~> ret inc () ~> call mult_e _1831 )
#Or
  T ==K ( call inc _11 ~> call _11 () ~> call mc91_e _131 ~> ret mc91_e () ~> call read () ~> ret read 0 ~> ret _11 () ~> ret inc () ~> call repeat_e _1763 )
#Or
  T ==K ( call inc _11 ~> call _11 () ~> call mc91_e _131 ~> ret mc91_e () ~> call read () ~> ret read 0 ~> ret _11 () ~> ret inc () ~> call sum_e _1619 )
#Or
  T ==K ( call inc _11 ~> call _11 () ~> call mc91_e _131 ~> ret mc91_e () ~> ret _11 () ~> ret inc () ~> call mc91_e _1238 )
#Or
  T ==K ( call inc _11 ~> call _11 () ~> call mc91_e _131 ~> ret mc91_e () ~> ret _11 () ~> ret inc () ~> call mult_e _1312 )
#Or
  T ==K ( call inc _11 ~> call _11 () ~> call mc91_e _131 ~> ret mc91_e () ~> ret _11 () ~> ret inc () ~> call repeat_e _1261 )
#Or
  T ==K ( call inc _11 ~> call _11 () ~> call mc91_e _131 ~> ret mc91_e () ~> ret _11 () ~> ret inc () ~> call sum_e _1123 )
#Or
  T ==K ( call inc _11 ~> call _11 () ~> call read () ~> ret read 0 ~> call fact_e _231 ~> ret fact_e () ~> ret _11 () ~> ret inc () ~> call mc91_e _1698 )
#Or
  T ==K ( call inc _11 ~> call _11 () ~> call read () ~> ret read 0 ~> call fact_e _231 ~> ret fact_e () ~> ret _11 () ~> ret inc () ~> call mult_e _1786 )
#Or
  T ==K ( call inc _11 ~> call _11 () ~> call read () ~> ret read 0 ~> call fact_e _231 ~> ret fact_e () ~> ret _11 () ~> ret inc () ~> call repeat_e _1722 )
#Or
  T ==K ( call inc _11 ~> call _11 () ~> call read () ~> ret read 0 ~> call fact_e _231 ~> ret fact_e () ~> ret _11 () ~> ret inc () ~> call sum_e _1585 )
#Or
  T ==K ( call inc _11 ~> call _11 () ~> call read () ~> ret read 0 ~> call inc _313 ~> ret inc () ~> ret _11 () ~> ret inc () ~> call mc91_e _1758 )
#Or
  T ==K ( call inc _11 ~> call _11 () ~> call read () ~> ret read 0 ~> call inc _313 ~> ret inc () ~> ret _11 () ~> ret inc () ~> call mult_e _1859 )
#Or
  T ==K ( call inc _11 ~> call _11 () ~> call read () ~> ret read 0 ~> call inc _313 ~> ret inc () ~> ret _11 () ~> ret inc () ~> call repeat_e _1791 )
#Or
  T ==K ( call inc _11 ~> call _11 () ~> call read () ~> ret read 0 ~> call inc _313 ~> ret inc () ~> ret _11 () ~> ret inc () ~> call sum_e _1644 )
#Or
  T ==K ( call inc _11 ~> call _11 () ~> call read () ~> ret read 0 ~> call mc91_e _278 ~> ret mc91_e () ~> ret _11 () ~> ret inc () ~> call mc91_e _1727 )
#Or
  T ==K ( call inc _11 ~> call _11 () ~> call read () ~> ret read 0 ~> call mc91_e _278 ~> ret mc91_e () ~> ret _11 () ~> ret inc () ~> call mult_e _1823 )
#Or
  T ==K ( call inc _11 ~> call _11 () ~> call read () ~> ret read 0 ~> call mc91_e _278 ~> ret mc91_e () ~> ret _11 () ~> ret inc () ~> call repeat_e _1756 )
#Or
  T ==K ( call inc _11 ~> call _11 () ~> call read () ~> ret read 0 ~> call mc91_e _278 ~> ret mc91_e () ~> ret _11 () ~> ret inc () ~> call sum_e _1617 )
#Or
  T ==K ( call inc _11 ~> call _11 () ~> call read () ~> ret read 0 ~> call read () ~> ret read 0 ~> ret _11 () ~> ret inc () ~> call mc91_e _1533 )
#Or
  T ==K ( call inc _11 ~> call _11 () ~> call read () ~> ret read 0 ~> call read () ~> ret read 0 ~> ret _11 () ~> ret inc () ~> call mult_e _1616 )
#Or
  T ==K ( call inc _11 ~> call _11 () ~> call read () ~> ret read 0 ~> call read () ~> ret read 0 ~> ret _11 () ~> ret inc () ~> call repeat_e _1559 )
#Or
  T ==K ( call inc _11 ~> call _11 () ~> call read () ~> ret read 0 ~> call read () ~> ret read 0 ~> ret _11 () ~> ret inc () ~> call sum_e _1423 )
#Or
  T ==K ( call inc _11 ~> call _11 () ~> call read () ~> ret read 0 ~> ret _11 () ~> ret inc () ~> call mc91_e _1047 )
#Or
  T ==K ( call inc _11 ~> call _11 () ~> call read () ~> ret read 0 ~> ret _11 () ~> ret inc () ~> call mult_e _1122 )
#Or
  T ==K ( call inc _11 ~> call _11 () ~> call read () ~> ret read 0 ~> ret _11 () ~> ret inc () ~> call repeat_e _1072 )
#Or
  T ==K ( call inc _11 ~> call _11 () ~> call read () ~> ret read 0 ~> ret _11 () ~> ret inc () ~> call sum_e _936 )
#Or
  T ==K ( call inc _11 ~> call _11 () ~> ret _11 () ~> ret inc () ~> call mc91_e _596 )
#Or
  T ==K ( call inc _11 ~> call _11 () ~> ret _11 () ~> ret inc () ~> call mult_e _649 )
#Or
  T ==K ( call inc _11 ~> call _11 () ~> ret _11 () ~> ret inc () ~> call repeat_e _612 )
#Or
  T ==K ( call inc _11 ~> call _11 () ~> ret _11 () ~> ret inc () ~> call sum_e _529 )
#Or
  T ==K ( call lock_e _4 ~> ret lock_e () ~> call mc91_e _622 )
#Or
  T ==K ( call lock_e _4 ~> ret lock_e () ~> call mult_e _682 )
#Or
  T ==K ( call lock_e _4 ~> ret lock_e () ~> call repeat_e _637 )
#Or
  T ==K ( call lock_e _4 ~> ret lock_e () ~> call sum_e _553 )
#Or
  T ==K ( call mc91_e _7 ~> ret mc91_e () ~> call mc91_e _70 )
#Or
  T ==K ( call mc91_e _7 ~> ret mc91_e () ~> call mc91_e _178 )
#Or
  T ==K ( call mc91_e _7 ~> ret mc91_e () ~> call mult_e _90 )
#Or
  T ==K ( call mc91_e _7 ~> ret mc91_e () ~> call mult_e _203 )
#Or
  T ==K ( call mc91_e _7 ~> ret mc91_e () ~> call repeat_e _78 )
#Or
  T ==K ( call mc91_e _7 ~> ret mc91_e () ~> call repeat_e _188 )
#Or
  T ==K ( call mc91_e _7 ~> ret mc91_e () ~> call sum_e _49 )
#Or
  T ==K ( call mc91_e _7 ~> ret mc91_e () ~> call sum_e _151 )
#Or
  T ==K ( call mult_e _12 ~> ret mult_e () ~> call mc91_e _298 )
#Or
  T ==K ( call mult_e _12 ~> ret mult_e () ~> call mult_e _341 )
#Or
  T ==K ( call mult_e _12 ~> ret mult_e () ~> call repeat_e _317 )
#Or
  T ==K ( call mult_e _12 ~> ret mult_e () ~> call sum_e _250 )
#Or
  T ==K ( call read () ~> ret read 0 ~> call mc91_e _36 )
#Or
  T ==K ( call read () ~> ret read 0 ~> call mult_e _48 )
#Or
  T ==K ( call read () ~> ret read 0 ~> call repeat_e _41 )
#Or
  T ==K ( call read () ~> ret read 0 ~> call sum_e _29 )
#Or
  T ==K ( call sum_e _2 ~> ret sum_e () ~> call mc91_e _111 )
#Or
  T ==K ( call sum_e _2 ~> ret sum_e () ~> call mult_e _133 )
#Or
  T ==K ( call sum_e _2 ~> ret sum_e () ~> call repeat_e _118 )
#Or
  T ==K ( call sum_e _2 ~> ret sum_e () ~> call sum_e _81 )
#Or
  T ==K call mc91_e _7
#Or
  T ==K call mult_e _12
#Or
  T ==K call repeat_e _9
#Or
  T ==K call sum_e _2

real	0m36.429s
user	0m59.088s
sys	0m4.633s
