  T ==K ( call inc _11 ~> call _11 () ~> call fact_e _48 )
#Or
  T ==K ( call inc _11 ~> call _11 () ~> call lock_e _54 )
#Or
  T ==K ( call inc _11 ~> call _11 () ~> call mc91_e _59 )
#Or
  T ==K ( call inc _11 ~> call _11 () ~> call mult_e _69 )
#Or
  T ==K ( call inc _11 ~> call _11 () ~> call repeat_e _62 )
#Or
  T ==K ( call inc _11 ~> call _11 () ~> call sum_e _51 )
#Or
  T ==K call fact_e _1
#Or
  T ==K call lock_e _4
#Or
  T ==K call mc91_e _7
#Or
  T ==K call mult_e _12
#Or
  T ==K call repeat_e _9
#Or
  T ==K call sum_e _2

real	0m8.322s
user	0m22.764s
sys	0m0.927s
