  T ==K ( call withdraw _1 ~> call getUser () ~> call withdraw _6 ~> call getUser () ~> ret getUser _20 ~> ret withdraw () ~> call withdraw _38 ~> call getUser () ~> ret getUser _93 ~> ret withdraw () ~> ret getUser _155 ~> ret withdraw () ~> call withdraw _251 ~> call getUser () ~> call withdraw _476 ~> call getUser () ~> ret getUser _819 ~> ret withdraw () ~> call withdraw _1121 ~> call getUser () ~> ret getUser _1698 ~> ret withdraw () ~> ret getUser _2739 )
#Or
  T ==K ( call withdraw _1 ~> call getUser () ~> call withdraw _6 ~> call getUser () ~> ret getUser _20 ~> ret withdraw () ~> call withdraw _38 ~> call getUser () ~> ret getUser _93 ~> ret withdraw () ~> ret getUser _155 ~> ret withdraw () ~> call withdraw _251 ~> call getUser () ~> call withdraw _476 ~> call getUser () ~> ret getUser _819 ~> ret withdraw () ~> call withdraw _1697 ~> call getUser () ~> ret getUser _2342 ~> ret withdraw () ~> ret getUser _2738 )
#Or
  T ==K ( call withdraw _1 ~> call getUser () ~> call withdraw _6 ~> call getUser () ~> ret getUser _20 ~> ret withdraw () ~> call withdraw _38 ~> call getUser () ~> ret getUser _93 ~> ret withdraw () ~> ret getUser _155 ~> ret withdraw () ~> call withdraw _251 ~> call getUser () ~> call withdraw _476 ~> call getUser () ~> ret getUser _819 ~> ret withdraw () ~> call withdraw _1697 ~> call getUser () ~> ret getUser _2342 ~> ret withdraw () ~> ret getUser _3254 )
#Or
  T ==K ( call withdraw _1 ~> call getUser () ~> call withdraw _6 ~> call getUser () ~> ret getUser _20 ~> ret withdraw () ~> call withdraw _38 ~> call getUser () ~> ret getUser _93 ~> ret withdraw () ~> ret getUser _155 ~> ret withdraw () ~> call withdraw _251 ~> call getUser () ~> call withdraw _476 ~> call getUser () ~> ret getUser _819 ~> ret withdraw () ~> call withdraw _1697 ~> ret withdraw () ~> ret getUser _2294 )
#Or
  T ==K ( call withdraw _1 ~> call getUser () ~> call withdraw _6 ~> call getUser () ~> ret getUser _20 ~> ret withdraw () ~> call withdraw _38 ~> call getUser () ~> ret getUser _93 ~> ret withdraw () ~> ret getUser _155 ~> ret withdraw () ~> call withdraw _251 ~> call getUser () ~> call withdraw _476 ~> call getUser () ~> ret getUser _819 ~> ret withdraw () ~> ret getUser _1686 )
#Or
  T ==K ( call withdraw _1 ~> call getUser () ~> call withdraw _6 ~> call getUser () ~> ret getUser _20 ~> ret withdraw () ~> call withdraw _38 ~> call getUser () ~> ret getUser _93 ~> ret withdraw () ~> ret getUser _155 ~> ret withdraw () ~> call withdraw _251 ~> call getUser () ~> call withdraw _476 ~> ret withdraw () ~> call withdraw _793 ~> call getUser () ~> ret getUser _1264 ~> ret withdraw () ~> ret getUser _2295 )
#Or
  T ==K ( call withdraw _1 ~> call getUser () ~> call withdraw _6 ~> call getUser () ~> ret getUser _20 ~> ret withdraw () ~> call withdraw _38 ~> call getUser () ~> ret getUser _93 ~> ret withdraw () ~> ret getUser _155 ~> ret withdraw () ~> call withdraw _471 ~> call getUser () ~> call withdraw _818 ~> call getUser () ~> ret getUser _1309 ~> ret withdraw () ~> call withdraw _1696 ~> call getUser () ~> ret getUser _2339 ~> ret withdraw () ~> ret getUser _3253 )
#Or
  T ==K ( call withdraw _1 ~> call getUser () ~> call withdraw _6 ~> call getUser () ~> ret getUser _20 ~> ret withdraw () ~> call withdraw _38 ~> call getUser () ~> ret getUser _93 ~> ret withdraw () ~> ret getUser _155 ~> ret withdraw () ~> call withdraw _471 ~> call getUser () ~> call withdraw _818 ~> call getUser () ~> ret getUser _1309 ~> ret withdraw () ~> call withdraw _2338 ~> call getUser () ~> ret getUser _2948 ~> ret withdraw () ~> ret getUser _3252 )
#Or
  T ==K ( call withdraw _1 ~> call getUser () ~> call withdraw _6 ~> call getUser () ~> ret getUser _20 ~> ret withdraw () ~> call withdraw _38 ~> call getUser () ~> ret getUser _93 ~> ret withdraw () ~> ret getUser _155 ~> ret withdraw () ~> call withdraw _471 ~> call getUser () ~> call withdraw _818 ~> call getUser () ~> ret getUser _1309 ~> ret withdraw () ~> call withdraw _2338 ~> call getUser () ~> ret getUser _2948 ~> ret withdraw () ~> ret getUser _3574 )
#Or
  T ==K ( call withdraw _1 ~> call getUser () ~> call withdraw _6 ~> call getUser () ~> ret getUser _20 ~> ret withdraw () ~> call withdraw _38 ~> call getUser () ~> ret getUser _93 ~> ret withdraw () ~> ret getUser _155 ~> ret withdraw () ~> call withdraw _471 ~> call getUser () ~> call withdraw _818 ~> call getUser () ~> ret getUser _1309 ~> ret withdraw () ~> call withdraw _2338 ~> ret withdraw () ~> ret getUser _2906 )
#Or
  T ==K ( call withdraw _1 ~> call getUser () ~> call withdraw _6 ~> call getUser () ~> ret getUser _20 ~> ret withdraw () ~> call withdraw _38 ~> call getUser () ~> ret getUser _93 ~> ret withdraw () ~> ret getUser _155 ~> ret withdraw () ~> call withdraw _471 ~> call getUser () ~> call withdraw _818 ~> call getUser () ~> ret getUser _1309 ~> ret withdraw () ~> ret getUser _2319 )
#Or
  T ==K ( call withdraw _1 ~> call getUser () ~> call withdraw _6 ~> call getUser () ~> ret getUser _20 ~> ret withdraw () ~> call withdraw _38 ~> call getUser () ~> ret getUser _93 ~> ret withdraw () ~> ret getUser _155 ~> ret withdraw () ~> call withdraw _471 ~> call getUser () ~> call withdraw _818 ~> ret withdraw () ~> call withdraw _1263 ~> call getUser () ~> ret getUser _1875 ~> ret withdraw () ~> ret getUser _2907 )
#Or
  T ==K ( call withdraw _1 ~> call getUser () ~> call withdraw _6 ~> call getUser () ~> ret getUser _20 ~> ret withdraw () ~> call withdraw _38 ~> call getUser () ~> ret getUser _93 ~> ret withdraw () ~> ret getUser _308 )
#Or
  T ==K ( call withdraw _1 ~> call getUser () ~> call withdraw _6 ~> call getUser () ~> ret getUser _20 ~> ret withdraw () ~> call withdraw _38 ~> call getUser () ~> ret getUser _93 ~> ret withdraw () ~> ret getUser _308 ~> ret withdraw () ~> call withdraw _470 ~> call getUser () ~> call withdraw _817 ~> call getUser () ~> ret getUser _1308 ~> ret withdraw () ~> call withdraw _1695 ~> call getUser () ~> ret getUser _2335 ~> ret withdraw () ~> ret getUser _3251 )
#Or
  T ==K ( call withdraw _1 ~> call getUser () ~> call withdraw _6 ~> call getUser () ~> ret getUser _20 ~> ret withdraw () ~> call withdraw _38 ~> call getUser () ~> ret getUser _93 ~> ret withdraw () ~> ret getUser _308 ~> ret withdraw () ~> call withdraw _470 ~> call getUser () ~> call withdraw _817 ~> call getUser () ~> ret getUser _1308 ~> ret withdraw () ~> call withdraw _2334 ~> call getUser () ~> ret getUser _2947 ~> ret withdraw () ~> ret getUser _3250 )
#Or
  T ==K ( call withdraw _1 ~> call getUser () ~> call withdraw _6 ~> call getUser () ~> ret getUser _20 ~> ret withdraw () ~> call withdraw _38 ~> call getUser () ~> ret getUser _93 ~> ret withdraw () ~> ret getUser _308 ~> ret withdraw () ~> call withdraw _470 ~> call getUser () ~> call withdraw _817 ~> call getUser () ~> ret getUser _1308 ~> ret withdraw () ~> call withdraw _2334 ~> call getUser () ~> ret getUser _2947 ~> ret withdraw () ~> ret getUser _3573 )
#Or
  T ==K ( call withdraw _1 ~> call getUser () ~> call withdraw _6 ~> call getUser () ~> ret getUser _20 ~> ret withdraw () ~> call withdraw _38 ~> call getUser () ~> ret getUser _93 ~> ret withdraw () ~> ret getUser _308 ~> ret withdraw () ~> call withdraw _470 ~> call getUser () ~> call withdraw _817 ~> call getUser () ~> ret getUser _1308 ~> ret withdraw () ~> call withdraw _2334 ~> ret withdraw () ~> ret getUser _2904 )
#Or
  T ==K ( call withdraw _1 ~> call getUser () ~> call withdraw _6 ~> call getUser () ~> ret getUser _20 ~> ret withdraw () ~> call withdraw _38 ~> call getUser () ~> ret getUser _93 ~> ret withdraw () ~> ret getUser _308 ~> ret withdraw () ~> call withdraw _470 ~> call getUser () ~> call withdraw _817 ~> call getUser () ~> ret getUser _1308 ~> ret withdraw () ~> ret getUser _2318 )
#Or
  T ==K ( call withdraw _1 ~> call getUser () ~> call withdraw _6 ~> call getUser () ~> ret getUser _20 ~> ret withdraw () ~> call withdraw _38 ~> call getUser () ~> ret getUser _93 ~> ret withdraw () ~> ret getUser _308 ~> ret withdraw () ~> call withdraw _470 ~> call getUser () ~> call withdraw _817 ~> ret withdraw () ~> call withdraw _1262 ~> call getUser () ~> ret getUser _1874 ~> ret withdraw () ~> ret getUser _2905 )
#Or
  T ==K ( call withdraw _1 ~> call getUser () ~> call withdraw _6 ~> call getUser () ~> ret getUser _20 ~> ret withdraw () ~> call withdraw _38 ~> call getUser () ~> ret getUser _93 ~> ret withdraw () ~> ret getUser _308 ~> ret withdraw () ~> call withdraw _804 ~> call getUser () ~> call withdraw _1307 ~> call getUser () ~> ret getUser _1949 ~> ret withdraw () ~> call withdraw _2333 ~> call getUser () ~> ret getUser _2944 ~> ret withdraw () ~> ret getUser _3572 )
#Or
  T ==K ( call withdraw _1 ~> call getUser () ~> call withdraw _6 ~> call getUser () ~> ret getUser _20 ~> ret withdraw () ~> call withdraw _38 ~> call getUser () ~> ret getUser _93 ~> ret withdraw () ~> ret getUser _308 ~> ret withdraw () ~> call withdraw _804 ~> call getUser () ~> call withdraw _1307 ~> call getUser () ~> ret getUser _1949 ~> ret withdraw () ~> call withdraw _2943 ~> call getUser () ~> ret getUser _3392 ~> ret withdraw () ~> ret getUser _3571 )
#Or
  T ==K ( call withdraw _1 ~> call getUser () ~> call withdraw _6 ~> call getUser () ~> ret getUser _20 ~> ret withdraw () ~> call withdraw _38 ~> call getUser () ~> ret getUser _93 ~> ret withdraw () ~> ret getUser _308 ~> ret withdraw () ~> call withdraw _804 ~> call getUser () ~> call withdraw _1307 ~> call getUser () ~> ret getUser _1949 ~> ret withdraw () ~> call withdraw _2943 ~> call getUser () ~> ret getUser _3392 ~> ret withdraw () ~> ret getUser _3726 )
#Or
  T ==K ( call withdraw _1 ~> call getUser () ~> call withdraw _6 ~> call getUser () ~> ret getUser _20 ~> ret withdraw () ~> call withdraw _38 ~> call getUser () ~> ret getUser _93 ~> ret withdraw () ~> ret getUser _308 ~> ret withdraw () ~> call withdraw _804 ~> call getUser () ~> call withdraw _1307 ~> call getUser () ~> ret getUser _1949 ~> ret withdraw () ~> call withdraw _2943 ~> ret withdraw () ~> ret getUser _3373 )
#Or
  T ==K ( call withdraw _1 ~> call getUser () ~> call withdraw _6 ~> call getUser () ~> ret getUser _20 ~> ret withdraw () ~> call withdraw _38 ~> call getUser () ~> ret getUser _93 ~> ret withdraw () ~> ret getUser _308 ~> ret withdraw () ~> call withdraw _804 ~> call getUser () ~> call withdraw _1307 ~> call getUser () ~> ret getUser _1949 ~> ret withdraw () ~> ret getUser _2923 )
#Or
  T ==K ( call withdraw _1 ~> call getUser () ~> call withdraw _6 ~> call getUser () ~> ret getUser _20 ~> ret withdraw () ~> call withdraw _38 ~> call getUser () ~> ret getUser _93 ~> ret withdraw () ~> ret getUser _308 ~> ret withdraw () ~> call withdraw _804 ~> call getUser () ~> call withdraw _1307 ~> ret withdraw () ~> call withdraw _1873 ~> call getUser () ~> ret getUser _2535 ~> ret withdraw () ~> ret getUser _3374 )
#Or
  T ==K ( call withdraw _1 ~> call getUser () ~> call withdraw _6 ~> call getUser () ~> ret getUser _20 ~> ret withdraw () ~> call withdraw _38 ~> ret withdraw () ~> ret getUser _81 ~> ret withdraw () ~> call withdraw _151 ~> call getUser () ~> call withdraw _301 ~> call getUser () ~> ret getUser _557 ~> ret withdraw () ~> call withdraw _794 ~> call getUser () ~> ret getUser _1267 ~> ret withdraw () ~> ret getUser _2298 )
#Or
  T ==K ( call withdraw _1 ~> call getUser () ~> call withdraw _6 ~> call getUser () ~> ret getUser _20 ~> ret withdraw () ~> call withdraw _38 ~> ret withdraw () ~> ret getUser _81 ~> ret withdraw () ~> call withdraw _151 ~> call getUser () ~> call withdraw _301 ~> call getUser () ~> ret getUser _557 ~> ret withdraw () ~> call withdraw _1266 ~> call getUser () ~> ret getUser _1880 ~> ret withdraw () ~> ret getUser _2297 )
#Or
  T ==K ( call withdraw _1 ~> call getUser () ~> call withdraw _6 ~> call getUser () ~> ret getUser _20 ~> ret withdraw () ~> call withdraw _38 ~> ret withdraw () ~> ret getUser _81 ~> ret withdraw () ~> call withdraw _151 ~> call getUser () ~> call withdraw _301 ~> call getUser () ~> ret getUser _557 ~> ret withdraw () ~> call withdraw _1266 ~> call getUser () ~> ret getUser _1880 ~> ret withdraw () ~> ret getUser _2910 )
#Or
  T ==K ( call withdraw _1 ~> call getUser () ~> call withdraw _6 ~> call getUser () ~> ret getUser _20 ~> ret withdraw () ~> call withdraw _38 ~> ret withdraw () ~> ret getUser _81 ~> ret withdraw () ~> call withdraw _151 ~> call getUser () ~> call withdraw _301 ~> call getUser () ~> ret getUser _557 ~> ret withdraw () ~> call withdraw _1266 ~> ret withdraw () ~> ret getUser _1828 )
#Or
  T ==K ( call withdraw _1 ~> call getUser () ~> call withdraw _6 ~> call getUser () ~> ret getUser _20 ~> ret withdraw () ~> call withdraw _38 ~> ret withdraw () ~> ret getUser _81 ~> ret withdraw () ~> call withdraw _151 ~> call getUser () ~> call withdraw _301 ~> call getUser () ~> ret getUser _557 ~> ret withdraw () ~> ret getUser _1249 )
#Or
  T ==K ( call withdraw _1 ~> call getUser () ~> call withdraw _6 ~> call getUser () ~> ret getUser _20 ~> ret withdraw () ~> call withdraw _38 ~> ret withdraw () ~> ret getUser _81 ~> ret withdraw () ~> call withdraw _151 ~> call getUser () ~> call withdraw _301 ~> ret withdraw () ~> call withdraw _533 ~> call getUser () ~> ret getUser _925 ~> ret withdraw () ~> ret getUser _1829 )
#Or
  T ==K ( call withdraw _1 ~> call getUser () ~> call withdraw _6 ~> call getUser () ~> ret getUser _20 ~> ret withdraw () ~> call withdraw _38 ~> ret withdraw () ~> ret getUser _81 ~> ret withdraw () ~> call withdraw _291 ~> call getUser () ~> call withdraw _556 ~> call getUser () ~> ret getUser _957 ~> ret withdraw () ~> call withdraw _1265 ~> call getUser () ~> ret getUser _1877 ~> ret withdraw () ~> ret getUser _2909 )
#Or
  T ==K ( call withdraw _1 ~> call getUser () ~> call withdraw _6 ~> call getUser () ~> ret getUser _20 ~> ret withdraw () ~> call withdraw _38 ~> ret withdraw () ~> ret getUser _81 ~> ret withdraw () ~> call withdraw _291 ~> call getUser () ~> call withdraw _556 ~> call getUser () ~> ret getUser _957 ~> ret withdraw () ~> call withdraw _1876 ~> call getUser () ~> ret getUser _2536 ~> ret withdraw () ~> ret getUser _2908 )
#Or
  T ==K ( call withdraw _1 ~> call getUser () ~> call withdraw _6 ~> call getUser () ~> ret getUser _20 ~> ret withdraw () ~> call withdraw _38 ~> ret withdraw () ~> ret getUser _81 ~> ret withdraw () ~> call withdraw _291 ~> call getUser () ~> call withdraw _556 ~> call getUser () ~> ret getUser _957 ~> ret withdraw () ~> call withdraw _1876 ~> call getUser () ~> ret getUser _2536 ~> ret withdraw () ~> ret getUser _3375 )
#Or
  T ==K ( call withdraw _1 ~> call getUser () ~> call withdraw _6 ~> call getUser () ~> ret getUser _20 ~> ret withdraw () ~> call withdraw _38 ~> ret withdraw () ~> ret getUser _81 ~> ret withdraw () ~> call withdraw _291 ~> call getUser () ~> call withdraw _556 ~> call getUser () ~> ret getUser _957 ~> ret withdraw () ~> call withdraw _1876 ~> ret withdraw () ~> ret getUser _2502 )
#Or
  T ==K ( call withdraw _1 ~> call getUser () ~> call withdraw _6 ~> call getUser () ~> ret getUser _20 ~> ret withdraw () ~> call withdraw _38 ~> ret withdraw () ~> ret getUser _81 ~> ret withdraw () ~> call withdraw _291 ~> call getUser () ~> call withdraw _556 ~> call getUser () ~> ret getUser _957 ~> ret withdraw () ~> ret getUser _1856 )
#Or
  T ==K ( call withdraw _1 ~> call getUser () ~> call withdraw _6 ~> call getUser () ~> ret getUser _20 ~> ret withdraw () ~> call withdraw _38 ~> ret withdraw () ~> ret getUser _81 ~> ret withdraw () ~> call withdraw _291 ~> call getUser () ~> call withdraw _556 ~> ret withdraw () ~> call withdraw _924 ~> call getUser () ~> ret getUser _1458 ~> ret withdraw () ~> ret getUser _2503 )
#Or
  T ==K ( call withdraw _1 ~> call getUser () ~> call withdraw _6 ~> call getUser () ~> ret getUser _20 ~> ret withdraw () ~> call withdraw _92 ~> call getUser () ~> ret getUser _212 ~> ret withdraw () ~> ret getUser _305 )
#Or
  T ==K ( call withdraw _1 ~> call getUser () ~> call withdraw _6 ~> call getUser () ~> ret getUser _20 ~> ret withdraw () ~> call withdraw _92 ~> call getUser () ~> ret getUser _212 ~> ret withdraw () ~> ret getUser _305 ~> ret withdraw () ~> call withdraw _469 ~> call getUser () ~> call withdraw _815 ~> call getUser () ~> ret getUser _1299 ~> ret withdraw () ~> call withdraw _1690 ~> call getUser () ~> ret getUser _2326 ~> ret withdraw () ~> ret getUser _3248 )
#Or
  T ==K ( call withdraw _1 ~> call getUser () ~> call withdraw _6 ~> call getUser () ~> ret getUser _20 ~> ret withdraw () ~> call withdraw _92 ~> call getUser () ~> ret getUser _212 ~> ret withdraw () ~> ret getUser _305 ~> ret withdraw () ~> call withdraw _469 ~> call getUser () ~> call withdraw _815 ~> call getUser () ~> ret getUser _1299 ~> ret withdraw () ~> call withdraw _2325 ~> call getUser () ~> ret getUser _2934 ~> ret withdraw () ~> ret getUser _3247 )
#Or
  T ==K ( call withdraw _1 ~> call getUser () ~> call withdraw _6 ~> call getUser () ~> ret getUser _20 ~> ret withdraw () ~> call withdraw _92 ~> call getUser () ~> ret getUser _212 ~> ret withdraw () ~> ret getUser _305 ~> ret withdraw () ~> call withdraw _469 ~> call getUser () ~> call withdraw _815 ~> call getUser () ~> ret getUser _1299 ~> ret withdraw () ~> call withdraw _2325 ~> call getUser () ~> ret getUser _2934 ~> ret withdraw () ~> ret getUser _3570 )
#Or
  T ==K ( call withdraw _1 ~> call getUser () ~> call withdraw _6 ~> call getUser () ~> ret getUser _20 ~> ret withdraw () ~> call withdraw _92 ~> call getUser () ~> ret getUser _212 ~> ret withdraw () ~> ret getUser _305 ~> ret withdraw () ~> call withdraw _469 ~> call getUser () ~> call withdraw _815 ~> call getUser () ~> ret getUser _1299 ~> ret withdraw () ~> call withdraw _2325 ~> ret withdraw () ~> ret getUser _2897 )
#Or
  T ==K ( call withdraw _1 ~> call getUser () ~> call withdraw _6 ~> call getUser () ~> ret getUser _20 ~> ret withdraw () ~> call withdraw _92 ~> call getUser () ~> ret getUser _212 ~> ret withdraw () ~> ret getUser _305 ~> ret withdraw () ~> call withdraw _469 ~> call getUser () ~> call withdraw _815 ~> call getUser () ~> ret getUser _1299 ~> ret withdraw () ~> ret getUser _2313 )
#Or
  T ==K ( call withdraw _1 ~> call getUser () ~> call withdraw _6 ~> call getUser () ~> ret getUser _20 ~> ret withdraw () ~> call withdraw _92 ~> call getUser () ~> ret getUser _212 ~> ret withdraw () ~> ret getUser _305 ~> ret withdraw () ~> call withdraw _469 ~> call getUser () ~> call withdraw _815 ~> ret withdraw () ~> call withdraw _1260 ~> call getUser () ~> ret getUser _1867 ~> ret withdraw () ~> ret getUser _2898 )
#Or
  T ==K ( call withdraw _1 ~> call getUser () ~> call withdraw _6 ~> call getUser () ~> ret getUser _20 ~> ret withdraw () ~> call withdraw _92 ~> call getUser () ~> ret getUser _212 ~> ret withdraw () ~> ret getUser _305 ~> ret withdraw () ~> call withdraw _801 ~> call getUser () ~> call withdraw _1298 ~> call getUser () ~> ret getUser _1941 ~> ret withdraw () ~> call withdraw _2324 ~> call getUser () ~> ret getUser _2931 ~> ret withdraw () ~> ret getUser _3569 )
#Or
  T ==K ( call withdraw _1 ~> call getUser () ~> call withdraw _6 ~> call getUser () ~> ret getUser _20 ~> ret withdraw () ~> call withdraw _92 ~> call getUser () ~> ret getUser _212 ~> ret withdraw () ~> ret getUser _305 ~> ret withdraw () ~> call withdraw _801 ~> call getUser () ~> call withdraw _1298 ~> call getUser () ~> ret getUser _1941 ~> ret withdraw () ~> call withdraw _2930 ~> call getUser () ~> ret getUser _3387 ~> ret withdraw () ~> ret getUser _3568 )
#Or
  T ==K ( call withdraw _1 ~> call getUser () ~> call withdraw _6 ~> call getUser () ~> ret getUser _20 ~> ret withdraw () ~> call withdraw _92 ~> call getUser () ~> ret getUser _212 ~> ret withdraw () ~> ret getUser _305 ~> ret withdraw () ~> call withdraw _801 ~> call getUser () ~> call withdraw _1298 ~> call getUser () ~> ret getUser _1941 ~> ret withdraw () ~> call withdraw _2930 ~> call getUser () ~> ret getUser _3387 ~> ret withdraw () ~> ret getUser _3725 )
#Or
  T ==K ( call withdraw _1 ~> call getUser () ~> call withdraw _6 ~> call getUser () ~> ret getUser _20 ~> ret withdraw () ~> call withdraw _92 ~> call getUser () ~> ret getUser _212 ~> ret withdraw () ~> ret getUser _305 ~> ret withdraw () ~> call withdraw _801 ~> call getUser () ~> call withdraw _1298 ~> call getUser () ~> ret getUser _1941 ~> ret withdraw () ~> call withdraw _2930 ~> ret withdraw () ~> ret getUser _3368 )
#Or
  T ==K ( call withdraw _1 ~> call getUser () ~> call withdraw _6 ~> call getUser () ~> ret getUser _20 ~> ret withdraw () ~> call withdraw _92 ~> call getUser () ~> ret getUser _212 ~> ret withdraw () ~> ret getUser _305 ~> ret withdraw () ~> call withdraw _801 ~> call getUser () ~> call withdraw _1298 ~> call getUser () ~> ret getUser _1941 ~> ret withdraw () ~> ret getUser _2919 )
#Or
  T ==K ( call withdraw _1 ~> call getUser () ~> call withdraw _6 ~> call getUser () ~> ret getUser _20 ~> ret withdraw () ~> call withdraw _92 ~> call getUser () ~> ret getUser _212 ~> ret withdraw () ~> ret getUser _305 ~> ret withdraw () ~> call withdraw _801 ~> call getUser () ~> call withdraw _1298 ~> ret withdraw () ~> call withdraw _1866 ~> call getUser () ~> ret getUser _2529 ~> ret withdraw () ~> ret getUser _3369 )
#Or
  T ==K ( call withdraw _1 ~> call getUser () ~> call withdraw _6 ~> call getUser () ~> ret getUser _20 ~> ret withdraw () ~> call withdraw _92 ~> call getUser () ~> ret getUser _212 ~> ret withdraw () ~> ret getUser _568 )
#Or
  T ==K ( call withdraw _1 ~> call getUser () ~> call withdraw _6 ~> call getUser () ~> ret getUser _20 ~> ret withdraw () ~> call withdraw _92 ~> call getUser () ~> ret getUser _212 ~> ret withdraw () ~> ret getUser _568 ~> ret withdraw () ~> call withdraw _800 ~> call getUser () ~> call withdraw _1297 ~> call getUser () ~> ret getUser _1940 ~> ret withdraw () ~> call withdraw _2323 ~> call getUser () ~> ret getUser _2927 ~> ret withdraw () ~> ret getUser _3567 )
#Or
  T ==K ( call withdraw _1 ~> call getUser () ~> call withdraw _6 ~> call getUser () ~> ret getUser _20 ~> ret withdraw () ~> call withdraw _92 ~> call getUser () ~> ret getUser _212 ~> ret withdraw () ~> ret getUser _568 ~> ret withdraw () ~> call withdraw _800 ~> call getUser () ~> call withdraw _1297 ~> call getUser () ~> ret getUser _1940 ~> ret withdraw () ~> call withdraw _2926 ~> call getUser () ~> ret getUser _3386 ~> ret withdraw () ~> ret getUser _3566 )
#Or
  T ==K ( call withdraw _1 ~> call getUser () ~> call withdraw _6 ~> call getUser () ~> ret getUser _20 ~> ret withdraw () ~> call withdraw _92 ~> call getUser () ~> ret getUser _212 ~> ret withdraw () ~> ret getUser _568 ~> ret withdraw () ~> call withdraw _800 ~> call getUser () ~> call withdraw _1297 ~> call getUser () ~> ret getUser _1940 ~> ret withdraw () ~> call withdraw _2926 ~> call getUser () ~> ret getUser _3386 ~> ret withdraw () ~> ret getUser _3724 )
#Or
  T ==K ( call withdraw _1 ~> call getUser () ~> call withdraw _6 ~> call getUser () ~> ret getUser _20 ~> ret withdraw () ~> call withdraw _92 ~> call getUser () ~> ret getUser _212 ~> ret withdraw () ~> ret getUser _568 ~> ret withdraw () ~> call withdraw _800 ~> call getUser () ~> call withdraw _1297 ~> call getUser () ~> ret getUser _1940 ~> ret withdraw () ~> call withdraw _2926 ~> ret withdraw () ~> ret getUser _3366 )
#Or
  T ==K ( call withdraw _1 ~> call getUser () ~> call withdraw _6 ~> call getUser () ~> ret getUser _20 ~> ret withdraw () ~> call withdraw _92 ~> call getUser () ~> ret getUser _212 ~> ret withdraw () ~> ret getUser _568 ~> ret withdraw () ~> call withdraw _800 ~> call getUser () ~> call withdraw _1297 ~> call getUser () ~> ret getUser _1940 ~> ret withdraw () ~> ret getUser _2918 )
#Or
  T ==K ( call withdraw _1 ~> call getUser () ~> call withdraw _6 ~> call getUser () ~> ret getUser _20 ~> ret withdraw () ~> call withdraw _92 ~> call getUser () ~> ret getUser _212 ~> ret withdraw () ~> ret getUser _568 ~> ret withdraw () ~> call withdraw _800 ~> call getUser () ~> call withdraw _1297 ~> ret withdraw () ~> call withdraw _1865 ~> call getUser () ~> ret getUser _2528 ~> ret withdraw () ~> ret getUser _3367 )
#Or
  T ==K ( call withdraw _1 ~> call getUser () ~> call withdraw _6 ~> call getUser () ~> ret getUser _20 ~> ret withdraw () ~> call withdraw _92 ~> call getUser () ~> ret getUser _212 ~> ret withdraw () ~> ret getUser _568 ~> ret withdraw () ~> call withdraw _1276 ~> call getUser () ~> call withdraw _1939 ~> call getUser () ~> ret getUser _2624 ~> ret withdraw () ~> call withdraw _2925 ~> call getUser () ~> ret getUser _3383 ~> ret withdraw () ~> ret getUser _3723 )
#Or
  T ==K ( call withdraw _1 ~> call getUser () ~> call withdraw _6 ~> call getUser () ~> ret getUser _20 ~> ret withdraw () ~> call withdraw _92 ~> call getUser () ~> ret getUser _212 ~> ret withdraw () ~> ret getUser _568 ~> ret withdraw () ~> call withdraw _1276 ~> call getUser () ~> call withdraw _1939 ~> call getUser () ~> ret getUser _2624 ~> ret withdraw () ~> call withdraw _3382 ~> call getUser () ~> ret getUser _3643 ~> ret withdraw () ~> ret getUser _3722 )
#Or
  T ==K ( call withdraw _1 ~> call getUser () ~> call withdraw _6 ~> call getUser () ~> ret getUser _20 ~> ret withdraw () ~> call withdraw _92 ~> call getUser () ~> ret getUser _212 ~> ret withdraw () ~> ret getUser _568 ~> ret withdraw () ~> call withdraw _1276 ~> call getUser () ~> call withdraw _1939 ~> call getUser () ~> ret getUser _2624 ~> ret withdraw () ~> call withdraw _3382 ~> call getUser () ~> ret getUser _3643 ~> ret withdraw () ~> ret getUser _3777 )
#Or
  T ==K ( call withdraw _1 ~> call getUser () ~> call withdraw _6 ~> call getUser () ~> ret getUser _20 ~> ret withdraw () ~> call withdraw _92 ~> call getUser () ~> ret getUser _212 ~> ret withdraw () ~> ret getUser _568 ~> ret withdraw () ~> call withdraw _1276 ~> call getUser () ~> call withdraw _1939 ~> call getUser () ~> ret getUser _2624 ~> ret withdraw () ~> call withdraw _3382 ~> ret withdraw () ~> ret getUser _3639 )
#Or
  T ==K ( call withdraw _1 ~> call getUser () ~> call withdraw _6 ~> call getUser () ~> ret getUser _20 ~> ret withdraw () ~> call withdraw _92 ~> call getUser () ~> ret getUser _212 ~> ret withdraw () ~> ret getUser _568 ~> ret withdraw () ~> call withdraw _1276 ~> call getUser () ~> call withdraw _1939 ~> call getUser () ~> ret getUser _2624 ~> ret withdraw () ~> ret getUser _3380 )
#Or
  T ==K ( call withdraw _1 ~> call getUser () ~> call withdraw _6 ~> call getUser () ~> ret getUser _20 ~> ret withdraw () ~> call withdraw _92 ~> call getUser () ~> ret getUser _212 ~> ret withdraw () ~> ret getUser _568 ~> ret withdraw () ~> call withdraw _1276 ~> call getUser () ~> call withdraw _1939 ~> ret withdraw () ~> call withdraw _2527 ~> call getUser () ~> ret getUser _3101 ~> ret withdraw () ~> ret getUser _3640 )
#Or
  T ==K ( call withdraw _1 ~> call getUser () ~> call withdraw _6 ~> call getUser () ~> ret getUser _20 ~> ret withdraw () ~> call withdraw _92 ~> ret withdraw () ~> ret getUser _188 )
#Or
  T ==K ( call withdraw _1 ~> call getUser () ~> call withdraw _6 ~> call getUser () ~> ret getUser _20 ~> ret withdraw () ~> call withdraw _92 ~> ret withdraw () ~> ret getUser _188 ~> ret withdraw () ~> call withdraw _290 ~> call getUser () ~> call withdraw _554 ~> call getUser () ~> ret getUser _954 ~> ret withdraw () ~> call withdraw _1261 ~> call getUser () ~> ret getUser _1870 ~> ret withdraw () ~> ret getUser _2901 )
#Or
  T ==K ( call withdraw _1 ~> call getUser () ~> call withdraw _6 ~> call getUser () ~> ret getUser _20 ~> ret withdraw () ~> call withdraw _92 ~> ret withdraw () ~> ret getUser _188 ~> ret withdraw () ~> call withdraw _290 ~> call getUser () ~> call withdraw _554 ~> call getUser () ~> ret getUser _954 ~> ret withdraw () ~> call withdraw _1869 ~> call getUser () ~> ret getUser _2534 ~> ret withdraw () ~> ret getUser _2900 )
#Or
  T ==K ( call withdraw _1 ~> call getUser () ~> call withdraw _6 ~> call getUser () ~> ret getUser _20 ~> ret withdraw () ~> call withdraw _92 ~> ret withdraw () ~> ret getUser _188 ~> ret withdraw () ~> call withdraw _290 ~> call getUser () ~> call withdraw _554 ~> call getUser () ~> ret getUser _954 ~> ret withdraw () ~> call withdraw _1869 ~> call getUser () ~> ret getUser _2534 ~> ret withdraw () ~> ret getUser _3372 )
#Or
  T ==K ( call withdraw _1 ~> call getUser () ~> call withdraw _6 ~> call getUser () ~> ret getUser _20 ~> ret withdraw () ~> call withdraw _92 ~> ret withdraw () ~> ret getUser _188 ~> ret withdraw () ~> call withdraw _290 ~> call getUser () ~> call withdraw _554 ~> call getUser () ~> ret getUser _954 ~> ret withdraw () ~> call withdraw _1869 ~> ret withdraw () ~> ret getUser _2493 )
#Or
  T ==K ( call withdraw _1 ~> call getUser () ~> call withdraw _6 ~> call getUser () ~> ret getUser _20 ~> ret withdraw () ~> call withdraw _92 ~> ret withdraw () ~> ret getUser _188 ~> ret withdraw () ~> call withdraw _290 ~> call getUser () ~> call withdraw _554 ~> call getUser () ~> ret getUser _954 ~> ret withdraw () ~> ret getUser _1847 )
#Or
  T ==K ( call withdraw _1 ~> call getUser () ~> call withdraw _6 ~> call getUser () ~> ret getUser _20 ~> ret withdraw () ~> call withdraw _92 ~> ret withdraw () ~> ret getUser _188 ~> ret withdraw () ~> call withdraw _290 ~> call getUser () ~> call withdraw _554 ~> ret withdraw () ~> call withdraw _922 ~> call getUser () ~> ret getUser _1457 ~> ret withdraw () ~> ret getUser _2494 )
#Or
  T ==K ( call withdraw _1 ~> call getUser () ~> call withdraw _6 ~> call getUser () ~> ret getUser _20 ~> ret withdraw () ~> call withdraw _92 ~> ret withdraw () ~> ret getUser _188 ~> ret withdraw () ~> call withdraw _536 ~> call getUser () ~> call withdraw _953 ~> call getUser () ~> ret getUser _1497 ~> ret withdraw () ~> call withdraw _1868 ~> call getUser () ~> ret getUser _2531 ~> ret withdraw () ~> ret getUser _3371 )
#Or
  T ==K ( call withdraw _1 ~> call getUser () ~> call withdraw _6 ~> call getUser () ~> ret getUser _20 ~> ret withdraw () ~> call withdraw _92 ~> ret withdraw () ~> ret getUser _188 ~> ret withdraw () ~> call withdraw _536 ~> call getUser () ~> call withdraw _953 ~> call getUser () ~> ret getUser _1497 ~> ret withdraw () ~> call withdraw _2530 ~> call getUser () ~> ret getUser _3102 ~> ret withdraw () ~> ret getUser _3370 )
#Or
  T ==K ( call withdraw _1 ~> call getUser () ~> call withdraw _6 ~> call getUser () ~> ret getUser _20 ~> ret withdraw () ~> call withdraw _92 ~> ret withdraw () ~> ret getUser _188 ~> ret withdraw () ~> call withdraw _536 ~> call getUser () ~> call withdraw _953 ~> call getUser () ~> ret getUser _1497 ~> ret withdraw () ~> call withdraw _2530 ~> call getUser () ~> ret getUser _3102 ~> ret withdraw () ~> ret getUser _3641 )
#Or
  T ==K ( call withdraw _1 ~> call getUser () ~> call withdraw _6 ~> call getUser () ~> ret getUser _20 ~> ret withdraw () ~> call withdraw _92 ~> ret withdraw () ~> ret getUser _188 ~> ret withdraw () ~> call withdraw _536 ~> call getUser () ~> call withdraw _953 ~> call getUser () ~> ret getUser _1497 ~> ret withdraw () ~> call withdraw _2530 ~> ret withdraw () ~> ret getUser _3090 )
#Or
  T ==K ( call withdraw _1 ~> call getUser () ~> call withdraw _6 ~> call getUser () ~> ret getUser _20 ~> ret withdraw () ~> call withdraw _92 ~> ret withdraw () ~> ret getUser _188 ~> ret withdraw () ~> call withdraw _536 ~> call getUser () ~> call withdraw _953 ~> call getUser () ~> ret getUser _1497 ~> ret withdraw () ~> ret getUser _2519 )
#Or
  T ==K ( call withdraw _1 ~> call getUser () ~> call withdraw _6 ~> call getUser () ~> ret getUser _20 ~> ret withdraw () ~> call withdraw _92 ~> ret withdraw () ~> ret getUser _188 ~> ret withdraw () ~> call withdraw _536 ~> call getUser () ~> call withdraw _953 ~> ret withdraw () ~> call withdraw _1456 ~> call getUser () ~> ret getUser _2095 ~> ret withdraw () ~> ret getUser _3091 )
#Or
  T ==K ( call withdraw _1 ~> call getUser () ~> call withdraw _6 ~> call getUser () ~> ret getUser _20 ~> ret withdraw () ~> ret getUser _35 ~> ret withdraw () ~> call withdraw _71 ~> call getUser () ~> call withdraw _159 ~> call getUser () ~> ret getUser _314 ~> ret withdraw () ~> call withdraw _477 ~> call getUser () ~> ret getUser _823 ~> ret withdraw () ~> ret getUser _1689 )
#Or
  T ==K ( call withdraw _1 ~> call getUser () ~> call withdraw _6 ~> call getUser () ~> ret getUser _20 ~> ret withdraw () ~> ret getUser _35 ~> ret withdraw () ~> call withdraw _71 ~> call getUser () ~> call withdraw _159 ~> call getUser () ~> ret getUser _314 ~> ret withdraw () ~> call withdraw _822 ~> call getUser () ~> ret getUser _1316 ~> ret withdraw () ~> ret getUser _1688 )
#Or
  T ==K ( call withdraw _1 ~> call getUser () ~> call withdraw _6 ~> call getUser () ~> ret getUser _20 ~> ret withdraw () ~> ret getUser _35 ~> ret withdraw () ~> call withdraw _71 ~> call getUser () ~> call withdraw _159 ~> call getUser () ~> ret getUser _314 ~> ret withdraw () ~> call withdraw _822 ~> call getUser () ~> ret getUser _1316 ~> ret withdraw () ~> ret getUser _2322 )
#Or
  T ==K ( call withdraw _1 ~> call getUser () ~> call withdraw _6 ~> call getUser () ~> ret getUser _20 ~> ret withdraw () ~> ret getUser _35 ~> ret withdraw () ~> call withdraw _71 ~> call getUser () ~> call withdraw _159 ~> call getUser () ~> ret getUser _314 ~> ret withdraw () ~> call withdraw _822 ~> ret withdraw () ~> ret getUser _1252 )
#Or
  T ==K ( call withdraw _1 ~> call getUser () ~> call withdraw _6 ~> call getUser () ~> ret getUser _20 ~> ret withdraw () ~> ret getUser _35 ~> ret withdraw () ~> call withdraw _71 ~> call getUser () ~> call withdraw _159 ~> call getUser () ~> ret getUser _314 ~> ret withdraw () ~> ret getUser _808 )
#Or
  T ==K ( call withdraw _1 ~> call getUser () ~> call withdraw _6 ~> call getUser () ~> ret getUser _20 ~> ret withdraw () ~> ret getUser _35 ~> ret withdraw () ~> call withdraw _71 ~> call getUser () ~> call withdraw _159 ~> ret withdraw () ~> call withdraw _302 ~> call getUser () ~> ret getUser _559 ~> ret withdraw () ~> ret getUser _1253 )
#Or
  T ==K ( call withdraw _1 ~> call getUser () ~> call withdraw _6 ~> call getUser () ~> ret getUser _20 ~> ret withdraw () ~> ret getUser _35 ~> ret withdraw () ~> call withdraw _156 ~> call getUser () ~> call withdraw _313 ~> call getUser () ~> ret getUser _583 ~> ret withdraw () ~> call withdraw _821 ~> call getUser () ~> ret getUser _1313 ~> ret withdraw () ~> ret getUser _2321 )
#Or
  T ==K ( call withdraw _1 ~> call getUser () ~> call withdraw _6 ~> call getUser () ~> ret getUser _20 ~> ret withdraw () ~> ret getUser _35 ~> ret withdraw () ~> call withdraw _156 ~> call getUser () ~> call withdraw _313 ~> call getUser () ~> ret getUser _583 ~> ret withdraw () ~> call withdraw _1312 ~> call getUser () ~> ret getUser _1950 ~> ret withdraw () ~> ret getUser _2320 )
#Or
  T ==K ( call withdraw _1 ~> call getUser () ~> call withdraw _6 ~> call getUser () ~> ret getUser _20 ~> ret withdraw () ~> ret getUser _35 ~> ret withdraw () ~> call withdraw _156 ~> call getUser () ~> call withdraw _313 ~> call getUser () ~> ret getUser _583 ~> ret withdraw () ~> call withdraw _1312 ~> call getUser () ~> ret getUser _1950 ~> ret withdraw () ~> ret getUser _2924 )
#Or
  T ==K ( call withdraw _1 ~> call getUser () ~> call withdraw _6 ~> call getUser () ~> ret getUser _20 ~> ret withdraw () ~> ret getUser _35 ~> ret withdraw () ~> call withdraw _156 ~> call getUser () ~> call withdraw _313 ~> call getUser () ~> ret getUser _583 ~> ret withdraw () ~> call withdraw _1312 ~> ret withdraw () ~> ret getUser _1857 )
#Or
  T ==K ( call withdraw _1 ~> call getUser () ~> call withdraw _6 ~> call getUser () ~> ret getUser _20 ~> ret withdraw () ~> ret getUser _35 ~> ret withdraw () ~> call withdraw _156 ~> call getUser () ~> call withdraw _313 ~> call getUser () ~> ret getUser _583 ~> ret withdraw () ~> ret getUser _1287 )
#Or
  T ==K ( call withdraw _1 ~> call getUser () ~> call withdraw _6 ~> call getUser () ~> ret getUser _20 ~> ret withdraw () ~> ret getUser _35 ~> ret withdraw () ~> call withdraw _156 ~> call getUser () ~> call withdraw _313 ~> ret withdraw () ~> call withdraw _558 ~> call getUser () ~> ret getUser _958 ~> ret withdraw () ~> ret getUser _1858 )
#Or
  T ==K ( call withdraw _1 ~> call getUser () ~> call withdraw _6 ~> call getUser () ~> ret getUser _20 ~> ret withdraw () ~> ret getUser _90 )
#Or
  T ==K ( call withdraw _1 ~> call getUser () ~> call withdraw _6 ~> call getUser () ~> ret getUser _20 ~> ret withdraw () ~> ret getUser _90 ~> ret withdraw () ~> call withdraw _154 ~> call getUser () ~> call withdraw _312 ~> call getUser () ~> ret getUser _582 ~> ret withdraw () ~> call withdraw _816 ~> call getUser () ~> ret getUser _1304 ~> ret withdraw () ~> ret getUser _2316 )
#Or
  T ==K ( call withdraw _1 ~> call getUser () ~> call withdraw _6 ~> call getUser () ~> ret getUser _20 ~> ret withdraw () ~> ret getUser _90 ~> ret withdraw () ~> call withdraw _154 ~> call getUser () ~> call withdraw _312 ~> call getUser () ~> ret getUser _582 ~> ret withdraw () ~> call withdraw _1303 ~> call getUser () ~> ret getUser _1948 ~> ret withdraw () ~> ret getUser _2315 )
#Or
  T ==K ( call withdraw _1 ~> call getUser () ~> call withdraw _6 ~> call getUser () ~> ret getUser _20 ~> ret withdraw () ~> ret getUser _90 ~> ret withdraw () ~> call withdraw _154 ~> call getUser () ~> call withdraw _312 ~> call getUser () ~> ret getUser _582 ~> ret withdraw () ~> call withdraw _1303 ~> call getUser () ~> ret getUser _1948 ~> ret withdraw () ~> ret getUser _2922 )
#Or
  T ==K ( call withdraw _1 ~> call getUser () ~> call withdraw _6 ~> call getUser () ~> ret getUser _20 ~> ret withdraw () ~> ret getUser _90 ~> ret withdraw () ~> call withdraw _154 ~> call getUser () ~> call withdraw _312 ~> call getUser () ~> ret getUser _582 ~> ret withdraw () ~> call withdraw _1303 ~> ret withdraw () ~> ret getUser _1850 )
#Or
  T ==K ( call withdraw _1 ~> call getUser () ~> call withdraw _6 ~> call getUser () ~> ret getUser _20 ~> ret withdraw () ~> ret getUser _90 ~> ret withdraw () ~> call withdraw _154 ~> call getUser () ~> call withdraw _312 ~> call getUser () ~> ret getUser _582 ~> ret withdraw () ~> ret getUser _1280 )
#Or
  T ==K ( call withdraw _1 ~> call getUser () ~> call withdraw _6 ~> call getUser () ~> ret getUser _20 ~> ret withdraw () ~> ret getUser _90 ~> ret withdraw () ~> call withdraw _154 ~> call getUser () ~> call withdraw _312 ~> ret withdraw () ~> call withdraw _555 ~> call getUser () ~> ret getUser _956 ~> ret withdraw () ~> ret getUser _1851 )
#Or
  T ==K ( call withdraw _1 ~> call getUser () ~> call withdraw _6 ~> call getUser () ~> ret getUser _20 ~> ret withdraw () ~> ret getUser _90 ~> ret withdraw () ~> call withdraw _306 ~> call getUser () ~> call withdraw _581 ~> call getUser () ~> ret getUser _1002 ~> ret withdraw () ~> call withdraw _1302 ~> call getUser () ~> ret getUser _1945 ~> ret withdraw () ~> ret getUser _2921 )
#Or
  T ==K ( call withdraw _1 ~> call getUser () ~> call withdraw _6 ~> call getUser () ~> ret getUser _20 ~> ret withdraw () ~> ret getUser _90 ~> ret withdraw () ~> call withdraw _306 ~> call getUser () ~> call withdraw _581 ~> call getUser () ~> ret getUser _1002 ~> ret withdraw () ~> call withdraw _1944 ~> call getUser () ~> ret getUser _2625 ~> ret withdraw () ~> ret getUser _2920 )
#Or
  T ==K ( call withdraw _1 ~> call getUser () ~> call withdraw _6 ~> call getUser () ~> ret getUser _20 ~> ret withdraw () ~> ret getUser _90 ~> ret withdraw () ~> call withdraw _306 ~> call getUser () ~> call withdraw _581 ~> call getUser () ~> ret getUser _1002 ~> ret withdraw () ~> call withdraw _1944 ~> call getUser () ~> ret getUser _2625 ~> ret withdraw () ~> ret getUser _3381 )
#Or
  T ==K ( call withdraw _1 ~> call getUser () ~> call withdraw _6 ~> call getUser () ~> ret getUser _20 ~> ret withdraw () ~> ret getUser _90 ~> ret withdraw () ~> call withdraw _306 ~> call getUser () ~> call withdraw _581 ~> call getUser () ~> ret getUser _1002 ~> ret withdraw () ~> call withdraw _1944 ~> ret withdraw () ~> ret getUser _2520 )
#Or
  T ==K ( call withdraw _1 ~> call getUser () ~> call withdraw _6 ~> call getUser () ~> ret getUser _20 ~> ret withdraw () ~> ret getUser _90 ~> ret withdraw () ~> call withdraw _306 ~> call getUser () ~> call withdraw _581 ~> call getUser () ~> ret getUser _1002 ~> ret withdraw () ~> ret getUser _1905 )
#Or
  T ==K ( call withdraw _1 ~> call getUser () ~> call withdraw _6 ~> call getUser () ~> ret getUser _20 ~> ret withdraw () ~> ret getUser _90 ~> ret withdraw () ~> call withdraw _306 ~> call getUser () ~> call withdraw _581 ~> ret withdraw () ~> call withdraw _955 ~> call getUser () ~> ret getUser _1498 ~> ret withdraw () ~> ret getUser _2521 )
#Or
  T ==K ( call withdraw _1 ~> call getUser () ~> call withdraw _6 ~> ret withdraw () ~> call withdraw _18 ~> call getUser () ~> ret getUser _52 ~> ret withdraw () ~> ret getUser _82 ~> ret withdraw () ~> call withdraw _152 ~> call getUser () ~> call withdraw _303 ~> call getUser () ~> ret getUser _562 ~> ret withdraw () ~> call withdraw _795 ~> call getUser () ~> ret getUser _1272 ~> ret withdraw () ~> ret getUser _2302 )
#Or
  T ==K ( call withdraw _1 ~> call getUser () ~> call withdraw _6 ~> ret withdraw () ~> call withdraw _18 ~> call getUser () ~> ret getUser _52 ~> ret withdraw () ~> ret getUser _82 ~> ret withdraw () ~> call withdraw _152 ~> call getUser () ~> call withdraw _303 ~> call getUser () ~> ret getUser _562 ~> ret withdraw () ~> call withdraw _1271 ~> call getUser () ~> ret getUser _1890 ~> ret withdraw () ~> ret getUser _2301 )
#Or
  T ==K ( call withdraw _1 ~> call getUser () ~> call withdraw _6 ~> ret withdraw () ~> call withdraw _18 ~> call getUser () ~> ret getUser _52 ~> ret withdraw () ~> ret getUser _82 ~> ret withdraw () ~> call withdraw _152 ~> call getUser () ~> call withdraw _303 ~> call getUser () ~> ret getUser _562 ~> ret withdraw () ~> call withdraw _1271 ~> call getUser () ~> ret getUser _1890 ~> ret withdraw () ~> ret getUser _2916 )
#Or
  T ==K ( call withdraw _1 ~> call getUser () ~> call withdraw _6 ~> ret withdraw () ~> call withdraw _18 ~> call getUser () ~> ret getUser _52 ~> ret withdraw () ~> ret getUser _82 ~> ret withdraw () ~> call withdraw _152 ~> call getUser () ~> call withdraw _303 ~> call getUser () ~> ret getUser _562 ~> ret withdraw () ~> call withdraw _1271 ~> ret withdraw () ~> ret getUser _1838 )
#Or
  T ==K ( call withdraw _1 ~> call getUser () ~> call withdraw _6 ~> ret withdraw () ~> call withdraw _18 ~> call getUser () ~> ret getUser _52 ~> ret withdraw () ~> ret getUser _82 ~> ret withdraw () ~> call withdraw _152 ~> call getUser () ~> call withdraw _303 ~> call getUser () ~> ret getUser _562 ~> ret withdraw () ~> ret getUser _1256 )
#Or
  T ==K ( call withdraw _1 ~> call getUser () ~> call withdraw _6 ~> ret withdraw () ~> call withdraw _18 ~> call getUser () ~> ret getUser _52 ~> ret withdraw () ~> ret getUser _82 ~> ret withdraw () ~> call withdraw _152 ~> call getUser () ~> call withdraw _303 ~> ret withdraw () ~> call withdraw _534 ~> call getUser () ~> ret getUser _928 ~> ret withdraw () ~> ret getUser _1839 )
#Or
  T ==K ( call withdraw _1 ~> call getUser () ~> call withdraw _6 ~> ret withdraw () ~> call withdraw _18 ~> call getUser () ~> ret getUser _52 ~> ret withdraw () ~> ret getUser _82 ~> ret withdraw () ~> call withdraw _295 ~> call getUser () ~> call withdraw _561 ~> call getUser () ~> ret getUser _961 ~> ret withdraw () ~> call withdraw _1270 ~> call getUser () ~> ret getUser _1887 ~> ret withdraw () ~> ret getUser _2915 )
#Or
  T ==K ( call withdraw _1 ~> call getUser () ~> call withdraw _6 ~> ret withdraw () ~> call withdraw _18 ~> call getUser () ~> ret getUser _52 ~> ret withdraw () ~> ret getUser _82 ~> ret withdraw () ~> call withdraw _295 ~> call getUser () ~> call withdraw _561 ~> call getUser () ~> ret getUser _961 ~> ret withdraw () ~> call withdraw _1886 ~> call getUser () ~> ret getUser _2542 ~> ret withdraw () ~> ret getUser _2914 )
#Or
  T ==K ( call withdraw _1 ~> call getUser () ~> call withdraw _6 ~> ret withdraw () ~> call withdraw _18 ~> call getUser () ~> ret getUser _52 ~> ret withdraw () ~> ret getUser _82 ~> ret withdraw () ~> call withdraw _295 ~> call getUser () ~> call withdraw _561 ~> call getUser () ~> ret getUser _961 ~> ret withdraw () ~> call withdraw _1886 ~> call getUser () ~> ret getUser _2542 ~> ret withdraw () ~> ret getUser _3379 )
#Or
  T ==K ( call withdraw _1 ~> call getUser () ~> call withdraw _6 ~> ret withdraw () ~> call withdraw _18 ~> call getUser () ~> ret getUser _52 ~> ret withdraw () ~> ret getUser _82 ~> ret withdraw () ~> call withdraw _295 ~> call getUser () ~> call withdraw _561 ~> call getUser () ~> ret getUser _961 ~> ret withdraw () ~> call withdraw _1886 ~> ret withdraw () ~> ret getUser _2510 )
#Or
  T ==K ( call withdraw _1 ~> call getUser () ~> call withdraw _6 ~> ret withdraw () ~> call withdraw _18 ~> call getUser () ~> ret getUser _52 ~> ret withdraw () ~> ret getUser _82 ~> ret withdraw () ~> call withdraw _295 ~> call getUser () ~> call withdraw _561 ~> call getUser () ~> ret getUser _961 ~> ret withdraw () ~> ret getUser _1861 )
#Or
  T ==K ( call withdraw _1 ~> call getUser () ~> call withdraw _6 ~> ret withdraw () ~> call withdraw _18 ~> call getUser () ~> ret getUser _52 ~> ret withdraw () ~> ret getUser _82 ~> ret withdraw () ~> call withdraw _295 ~> call getUser () ~> call withdraw _561 ~> ret withdraw () ~> call withdraw _927 ~> call getUser () ~> ret getUser _1461 ~> ret withdraw () ~> ret getUser _2511 )
#Or
  T ==K ( call withdraw _1 ~> call getUser () ~> call withdraw _6 ~> ret withdraw () ~> call withdraw _18 ~> call getUser () ~> ret getUser _52 ~> ret withdraw () ~> ret getUser _190 )
#Or
  T ==K ( call withdraw _1 ~> call getUser () ~> call withdraw _6 ~> ret withdraw () ~> call withdraw _18 ~> call getUser () ~> ret getUser _52 ~> ret withdraw () ~> ret getUser _190 ~> ret withdraw () ~> call withdraw _294 ~> call getUser () ~> call withdraw _560 ~> call getUser () ~> ret getUser _960 ~> ret withdraw () ~> call withdraw _1269 ~> call getUser () ~> ret getUser _1883 ~> ret withdraw () ~> ret getUser _2913 )
#Or
  T ==K ( call withdraw _1 ~> call getUser () ~> call withdraw _6 ~> ret withdraw () ~> call withdraw _18 ~> call getUser () ~> ret getUser _52 ~> ret withdraw () ~> ret getUser _190 ~> ret withdraw () ~> call withdraw _294 ~> call getUser () ~> call withdraw _560 ~> call getUser () ~> ret getUser _960 ~> ret withdraw () ~> call withdraw _1882 ~> call getUser () ~> ret getUser _2541 ~> ret withdraw () ~> ret getUser _2912 )
#Or
  T ==K ( call withdraw _1 ~> call getUser () ~> call withdraw _6 ~> ret withdraw () ~> call withdraw _18 ~> call getUser () ~> ret getUser _52 ~> ret withdraw () ~> ret getUser _190 ~> ret withdraw () ~> call withdraw _294 ~> call getUser () ~> call withdraw _560 ~> call getUser () ~> ret getUser _960 ~> ret withdraw () ~> call withdraw _1882 ~> call getUser () ~> ret getUser _2541 ~> ret withdraw () ~> ret getUser _3378 )
#Or
  T ==K ( call withdraw _1 ~> call getUser () ~> call withdraw _6 ~> ret withdraw () ~> call withdraw _18 ~> call getUser () ~> ret getUser _52 ~> ret withdraw () ~> ret getUser _190 ~> ret withdraw () ~> call withdraw _294 ~> call getUser () ~> call withdraw _560 ~> call getUser () ~> ret getUser _960 ~> ret withdraw () ~> call withdraw _1882 ~> ret withdraw () ~> ret getUser _2508 )
#Or
  T ==K ( call withdraw _1 ~> call getUser () ~> call withdraw _6 ~> ret withdraw () ~> call withdraw _18 ~> call getUser () ~> ret getUser _52 ~> ret withdraw () ~> ret getUser _190 ~> ret withdraw () ~> call withdraw _294 ~> call getUser () ~> call withdraw _560 ~> call getUser () ~> ret getUser _960 ~> ret withdraw () ~> ret getUser _1860 )
#Or
  T ==K ( call withdraw _1 ~> call getUser () ~> call withdraw _6 ~> ret withdraw () ~> call withdraw _18 ~> call getUser () ~> ret getUser _52 ~> ret withdraw () ~> ret getUser _190 ~> ret withdraw () ~> call withdraw _294 ~> call getUser () ~> call withdraw _560 ~> ret withdraw () ~> call withdraw _926 ~> call getUser () ~> ret getUser _1460 ~> ret withdraw () ~> ret getUser _2509 )
#Or
  T ==K ( call withdraw _1 ~> call getUser () ~> call withdraw _6 ~> ret withdraw () ~> call withdraw _18 ~> call getUser () ~> ret getUser _52 ~> ret withdraw () ~> ret getUser _190 ~> ret withdraw () ~> call withdraw _543 ~> call getUser () ~> call withdraw _959 ~> call getUser () ~> ret getUser _1499 ~> ret withdraw () ~> call withdraw _1881 ~> call getUser () ~> ret getUser _2538 ~> ret withdraw () ~> ret getUser _3377 )
#Or
  T ==K ( call withdraw _1 ~> call getUser () ~> call withdraw _6 ~> ret withdraw () ~> call withdraw _18 ~> call getUser () ~> ret getUser _52 ~> ret withdraw () ~> ret getUser _190 ~> ret withdraw () ~> call withdraw _543 ~> call getUser () ~> call withdraw _959 ~> call getUser () ~> ret getUser _1499 ~> ret withdraw () ~> call withdraw _2537 ~> call getUser () ~> ret getUser _3103 ~> ret withdraw () ~> ret getUser _3376 )
#Or
  T ==K ( call withdraw _1 ~> call getUser () ~> call withdraw _6 ~> ret withdraw () ~> call withdraw _18 ~> call getUser () ~> ret getUser _52 ~> ret withdraw () ~> ret getUser _190 ~> ret withdraw () ~> call withdraw _543 ~> call getUser () ~> call withdraw _959 ~> call getUser () ~> ret getUser _1499 ~> ret withdraw () ~> call withdraw _2537 ~> call getUser () ~> ret getUser _3103 ~> ret withdraw () ~> ret getUser _3642 )
#Or
  T ==K ( call withdraw _1 ~> call getUser () ~> call withdraw _6 ~> ret withdraw () ~> call withdraw _18 ~> call getUser () ~> ret getUser _52 ~> ret withdraw () ~> ret getUser _190 ~> ret withdraw () ~> call withdraw _543 ~> call getUser () ~> call withdraw _959 ~> call getUser () ~> ret getUser _1499 ~> ret withdraw () ~> call withdraw _2537 ~> ret withdraw () ~> ret getUser _3094 )
#Or
  T ==K ( call withdraw _1 ~> call getUser () ~> call withdraw _6 ~> ret withdraw () ~> call withdraw _18 ~> call getUser () ~> ret getUser _52 ~> ret withdraw () ~> ret getUser _190 ~> ret withdraw () ~> call withdraw _543 ~> call getUser () ~> call withdraw _959 ~> call getUser () ~> ret getUser _1499 ~> ret withdraw () ~> ret getUser _2525 )
#Or
  T ==K ( call withdraw _1 ~> call getUser () ~> call withdraw _6 ~> ret withdraw () ~> call withdraw _18 ~> call getUser () ~> ret getUser _52 ~> ret withdraw () ~> ret getUser _190 ~> ret withdraw () ~> call withdraw _543 ~> call getUser () ~> call withdraw _959 ~> ret withdraw () ~> call withdraw _1459 ~> call getUser () ~> ret getUser _2097 ~> ret withdraw () ~> ret getUser _3095 )
#Or
  T ==K ( call withdraw _1 ~> call getUser () ~> call withdraw _6 ~> ret withdraw () ~> call withdraw _18 ~> ret withdraw () ~> ret getUser _46 ~> ret withdraw () ~> call withdraw _79 ~> call getUser () ~> call withdraw _186 ~> call getUser () ~> ret getUser _379 ~> ret withdraw () ~> call withdraw _535 ~> call getUser () ~> ret getUser _931 ~> ret withdraw () ~> ret getUser _1842 )
#Or
  T ==K ( call withdraw _1 ~> call getUser () ~> call withdraw _6 ~> ret withdraw () ~> call withdraw _18 ~> ret withdraw () ~> ret getUser _46 ~> ret withdraw () ~> call withdraw _79 ~> call getUser () ~> call withdraw _186 ~> call getUser () ~> ret getUser _379 ~> ret withdraw () ~> call withdraw _930 ~> call getUser () ~> ret getUser _1466 ~> ret withdraw () ~> ret getUser _1841 )
#Or
  T ==K ( call withdraw _1 ~> call getUser () ~> call withdraw _6 ~> ret withdraw () ~> call withdraw _18 ~> ret withdraw () ~> ret getUser _46 ~> ret withdraw () ~> call withdraw _79 ~> call getUser () ~> call withdraw _186 ~> call getUser () ~> ret getUser _379 ~> ret withdraw () ~> call withdraw _930 ~> call getUser () ~> ret getUser _1466 ~> ret withdraw () ~> ret getUser _2514 )
#Or
  T ==K ( call withdraw _1 ~> call getUser () ~> call withdraw _6 ~> ret withdraw () ~> call withdraw _18 ~> ret withdraw () ~> ret getUser _46 ~> ret withdraw () ~> call withdraw _79 ~> call getUser () ~> call withdraw _186 ~> call getUser () ~> ret getUser _379 ~> ret withdraw () ~> call withdraw _930 ~> ret withdraw () ~> ret getUser _1416 )
#Or
  T ==K ( call withdraw _1 ~> call getUser () ~> call withdraw _6 ~> ret withdraw () ~> call withdraw _18 ~> ret withdraw () ~> ret getUser _46 ~> ret withdraw () ~> call withdraw _79 ~> call getUser () ~> call withdraw _186 ~> call getUser () ~> ret getUser _379 ~> ret withdraw () ~> ret getUser _911 )
#Or
  T ==K ( call withdraw _1 ~> call getUser () ~> call withdraw _6 ~> ret withdraw () ~> call withdraw _18 ~> ret withdraw () ~> ret getUser _46 ~> ret withdraw () ~> call withdraw _79 ~> call getUser () ~> call withdraw _186 ~> ret withdraw () ~> call withdraw _362 ~> call getUser () ~> ret getUser _666 ~> ret withdraw () ~> ret getUser _1417 )
#Or
  T ==K ( call withdraw _1 ~> call getUser () ~> call withdraw _6 ~> ret withdraw () ~> call withdraw _18 ~> ret withdraw () ~> ret getUser _46 ~> ret withdraw () ~> call withdraw _177 ~> call getUser () ~> call withdraw _378 ~> call getUser () ~> ret getUser _680 ~> ret withdraw () ~> call withdraw _929 ~> call getUser () ~> ret getUser _1463 ~> ret withdraw () ~> ret getUser _2513 )
#Or
  T ==K ( call withdraw _1 ~> call getUser () ~> call withdraw _6 ~> ret withdraw () ~> call withdraw _18 ~> ret withdraw () ~> ret getUser _46 ~> ret withdraw () ~> call withdraw _177 ~> call getUser () ~> call withdraw _378 ~> call getUser () ~> ret getUser _680 ~> ret withdraw () ~> call withdraw _1462 ~> call getUser () ~> ret getUser _2098 ~> ret withdraw () ~> ret getUser _2512 )
#Or
  T ==K ( call withdraw _1 ~> call getUser () ~> call withdraw _6 ~> ret withdraw () ~> call withdraw _18 ~> ret withdraw () ~> ret getUser _46 ~> ret withdraw () ~> call withdraw _177 ~> call getUser () ~> call withdraw _378 ~> call getUser () ~> ret getUser _680 ~> ret withdraw () ~> call withdraw _1462 ~> call getUser () ~> ret getUser _2098 ~> ret withdraw () ~> ret getUser _3096 )
#Or
  T ==K ( call withdraw _1 ~> call getUser () ~> call withdraw _6 ~> ret withdraw () ~> call withdraw _18 ~> ret withdraw () ~> ret getUser _46 ~> ret withdraw () ~> call withdraw _177 ~> call getUser () ~> call withdraw _378 ~> call getUser () ~> ret getUser _680 ~> ret withdraw () ~> call withdraw _1462 ~> ret withdraw () ~> ret getUser _2066 )
#Or
  T ==K ( call withdraw _1 ~> call getUser () ~> call withdraw _6 ~> ret withdraw () ~> call withdraw _18 ~> ret withdraw () ~> ret getUser _46 ~> ret withdraw () ~> call withdraw _177 ~> call getUser () ~> call withdraw _378 ~> call getUser () ~> ret getUser _680 ~> ret withdraw () ~> ret getUser _1450 )
#Or
  T ==K ( call withdraw _1 ~> call getUser () ~> call withdraw _6 ~> ret withdraw () ~> call withdraw _18 ~> ret withdraw () ~> ret getUser _46 ~> ret withdraw () ~> call withdraw _177 ~> call getUser () ~> call withdraw _378 ~> ret withdraw () ~> call withdraw _665 ~> call getUser () ~> ret getUser _1100 ~> ret withdraw () ~> ret getUser _2067 )
#Or
  T ==K ( call withdraw _1 ~> call getUser () ~> call withdraw _6 ~> ret withdraw () ~> ret getUser _16 ~> ret withdraw () ~> call withdraw _34 ~> call getUser () ~> call withdraw _87 ~> call getUser () ~> ret getUser _196 ~> ret withdraw () ~> call withdraw _304 ~> call getUser () ~> ret getUser _566 ~> ret withdraw () ~> ret getUser _1259 )
#Or
  T ==K ( call withdraw _1 ~> call getUser () ~> call withdraw _6 ~> ret withdraw () ~> ret getUser _16 ~> ret withdraw () ~> call withdraw _34 ~> call getUser () ~> call withdraw _87 ~> call getUser () ~> ret getUser _196 ~> ret withdraw () ~> call withdraw _565 ~> call getUser () ~> ret getUser _968 ~> ret withdraw () ~> ret getUser _1258 )
#Or
  T ==K ( call withdraw _1 ~> call getUser () ~> call withdraw _6 ~> ret withdraw () ~> ret getUser _16 ~> ret withdraw () ~> call withdraw _34 ~> call getUser () ~> call withdraw _87 ~> call getUser () ~> ret getUser _196 ~> ret withdraw () ~> call withdraw _565 ~> call getUser () ~> ret getUser _968 ~> ret withdraw () ~> ret getUser _1864 )
#Or
  T ==K ( call withdraw _1 ~> call getUser () ~> call withdraw _6 ~> ret withdraw () ~> ret getUser _16 ~> ret withdraw () ~> call withdraw _34 ~> call getUser () ~> call withdraw _87 ~> call getUser () ~> ret getUser _196 ~> ret withdraw () ~> call withdraw _565 ~> ret withdraw () ~> ret getUser _914 )
#Or
  T ==K ( call withdraw _1 ~> call getUser () ~> call withdraw _6 ~> ret withdraw () ~> ret getUser _16 ~> ret withdraw () ~> call withdraw _34 ~> call getUser () ~> call withdraw _87 ~> call getUser () ~> ret getUser _196 ~> ret withdraw () ~> ret getUser _547 )
#Or
  T ==K ( call withdraw _1 ~> call getUser () ~> call withdraw _6 ~> ret withdraw () ~> ret getUser _16 ~> ret withdraw () ~> call withdraw _34 ~> call getUser () ~> call withdraw _87 ~> ret withdraw () ~> call withdraw _187 ~> call getUser () ~> ret getUser _381 ~> ret withdraw () ~> ret getUser _915 )
#Or
  T ==K ( call withdraw _1 ~> call getUser () ~> call withdraw _6 ~> ret withdraw () ~> ret getUser _16 ~> ret withdraw () ~> call withdraw _83 ~> call getUser () ~> call withdraw _195 ~> call getUser () ~> ret getUser _390 ~> ret withdraw () ~> call withdraw _564 ~> call getUser () ~> ret getUser _965 ~> ret withdraw () ~> ret getUser _1863 )
#Or
  T ==K ( call withdraw _1 ~> call getUser () ~> call withdraw _6 ~> ret withdraw () ~> ret getUser _16 ~> ret withdraw () ~> call withdraw _83 ~> call getUser () ~> call withdraw _195 ~> call getUser () ~> ret getUser _390 ~> ret withdraw () ~> call withdraw _964 ~> call getUser () ~> ret getUser _1500 ~> ret withdraw () ~> ret getUser _1862 )
#Or
  T ==K ( call withdraw _1 ~> call getUser () ~> call withdraw _6 ~> ret withdraw () ~> ret getUser _16 ~> ret withdraw () ~> call withdraw _83 ~> call getUser () ~> call withdraw _195 ~> call getUser () ~> ret getUser _390 ~> ret withdraw () ~> call withdraw _964 ~> call getUser () ~> ret getUser _1500 ~> ret withdraw () ~> ret getUser _2526 )
#Or
  T ==K ( call withdraw _1 ~> call getUser () ~> call withdraw _6 ~> ret withdraw () ~> ret getUser _16 ~> ret withdraw () ~> call withdraw _83 ~> call getUser () ~> call withdraw _195 ~> call getUser () ~> ret getUser _390 ~> ret withdraw () ~> call withdraw _964 ~> ret withdraw () ~> ret getUser _1451 )
#Or
  T ==K ( call withdraw _1 ~> call getUser () ~> call withdraw _6 ~> ret withdraw () ~> ret getUser _16 ~> ret withdraw () ~> call withdraw _83 ~> call getUser () ~> call withdraw _195 ~> call getUser () ~> ret getUser _390 ~> ret withdraw () ~> ret getUser _949 )
#Or
  T ==K ( call withdraw _1 ~> call getUser () ~> call withdraw _6 ~> ret withdraw () ~> ret getUser _16 ~> ret withdraw () ~> call withdraw _83 ~> call getUser () ~> call withdraw _195 ~> ret withdraw () ~> call withdraw _380 ~> call getUser () ~> ret getUser _681 ~> ret withdraw () ~> ret getUser _1452 )
#Or
  T ==K ( call withdraw _1 ~> call getUser () ~> ret getUser _5 ~> ret withdraw () ~> call withdraw _13 ~> call getUser () ~> call withdraw _39 ~> call getUser () ~> ret getUser _96 ~> ret withdraw () ~> call withdraw _160 ~> call getUser () ~> ret getUser _319 ~> ret withdraw () ~> ret getUser _814 )
#Or
  T ==K ( call withdraw _1 ~> call getUser () ~> ret getUser _5 ~> ret withdraw () ~> call withdraw _13 ~> call getUser () ~> call withdraw _39 ~> call getUser () ~> ret getUser _96 ~> ret withdraw () ~> call withdraw _318 ~> call getUser () ~> ret getUser _592 ~> ret withdraw () ~> ret getUser _813 )
#Or
  T ==K ( call withdraw _1 ~> call getUser () ~> ret getUser _5 ~> ret withdraw () ~> call withdraw _13 ~> call getUser () ~> call withdraw _39 ~> call getUser () ~> ret getUser _96 ~> ret withdraw () ~> call withdraw _318 ~> call getUser () ~> ret getUser _592 ~> ret withdraw () ~> ret getUser _1296 )
#Or
  T ==K ( call withdraw _1 ~> call getUser () ~> ret getUser _5 ~> ret withdraw () ~> call withdraw _13 ~> call getUser () ~> call withdraw _39 ~> call getUser () ~> ret getUser _96 ~> ret withdraw () ~> call withdraw _318 ~> ret withdraw () ~> ret getUser _550 )
#Or
  T ==K ( call withdraw _1 ~> call getUser () ~> ret getUser _5 ~> ret withdraw () ~> call withdraw _13 ~> call getUser () ~> call withdraw _39 ~> call getUser () ~> ret getUser _96 ~> ret withdraw () ~> ret getUser _311 )
#Or
  T ==K ( call withdraw _1 ~> call getUser () ~> ret getUser _5 ~> ret withdraw () ~> call withdraw _13 ~> call getUser () ~> call withdraw _39 ~> ret withdraw () ~> call withdraw _88 ~> call getUser () ~> ret getUser _198 ~> ret withdraw () ~> ret getUser _551 )
#Or
  T ==K ( call withdraw _1 ~> call getUser () ~> ret getUser _5 ~> ret withdraw () ~> call withdraw _36 ~> call getUser () ~> call withdraw _95 ~> call getUser () ~> ret getUser _213 ~> ret withdraw () ~> call withdraw _317 ~> call getUser () ~> ret getUser _589 ~> ret withdraw () ~> ret getUser _1295 )
#Or
  T ==K ( call withdraw _1 ~> call getUser () ~> ret getUser _5 ~> ret withdraw () ~> call withdraw _36 ~> call getUser () ~> call withdraw _95 ~> call getUser () ~> ret getUser _213 ~> ret withdraw () ~> call withdraw _588 ~> call getUser () ~> ret getUser _1009 ~> ret withdraw () ~> ret getUser _1294 )
#Or
  T ==K ( call withdraw _1 ~> call getUser () ~> ret getUser _5 ~> ret withdraw () ~> call withdraw _36 ~> call getUser () ~> call withdraw _95 ~> call getUser () ~> ret getUser _213 ~> ret withdraw () ~> call withdraw _588 ~> call getUser () ~> ret getUser _1009 ~> ret withdraw () ~> ret getUser _1938 )
#Or
  T ==K ( call withdraw _1 ~> call getUser () ~> ret getUser _5 ~> ret withdraw () ~> call withdraw _36 ~> call getUser () ~> call withdraw _95 ~> call getUser () ~> ret getUser _213 ~> ret withdraw () ~> call withdraw _588 ~> ret withdraw () ~> ret getUser _950 )
#Or
  T ==K ( call withdraw _1 ~> call getUser () ~> ret getUser _5 ~> ret withdraw () ~> call withdraw _36 ~> call getUser () ~> call withdraw _95 ~> call getUser () ~> ret getUser _213 ~> ret withdraw () ~> ret getUser _580 )
#Or
  T ==K ( call withdraw _1 ~> call getUser () ~> ret getUser _5 ~> ret withdraw () ~> call withdraw _36 ~> call getUser () ~> call withdraw _95 ~> ret withdraw () ~> call withdraw _197 ~> call getUser () ~> ret getUser _391 ~> ret withdraw () ~> ret getUser _951 )
#Or
  T ==K ( call withdraw _1 ~> ret withdraw () ~> call withdraw _4 ~> call getUser () ~> call withdraw _19 ~> call getUser () ~> ret getUser _53 ~> ret withdraw () ~> call withdraw _89 ~> call getUser () ~> ret getUser _200 ~> ret withdraw () ~> ret getUser _553 )
#Or
  T ==K ( call withdraw _1 ~> ret withdraw () ~> call withdraw _4 ~> call getUser () ~> call withdraw _19 ~> call getUser () ~> ret getUser _53 ~> ret withdraw () ~> call withdraw _199 ~> call getUser () ~> ret getUser _392 ~> ret withdraw () ~> ret getUser _552 )
#Or
  T ==K ( call withdraw _1 ~> ret withdraw () ~> call withdraw _4 ~> call getUser () ~> call withdraw _19 ~> call getUser () ~> ret getUser _53 ~> ret withdraw () ~> call withdraw _199 ~> call getUser () ~> ret getUser _392 ~> ret withdraw () ~> ret getUser _952 )
#Or
  T ==K ( call withdraw _1 ~> ret withdraw () ~> call withdraw _4 ~> call getUser () ~> call withdraw _19 ~> call getUser () ~> ret getUser _53 ~> ret withdraw () ~> call withdraw _199 ~> ret withdraw () ~> ret getUser _375 )
#Or
  T ==K ( call withdraw _1 ~> ret withdraw () ~> call withdraw _4 ~> call getUser () ~> call withdraw _19 ~> call getUser () ~> ret getUser _53 ~> ret withdraw () ~> ret getUser _194 )
#Or
  T ==K ( call withdraw _1 ~> ret withdraw () ~> call withdraw _4 ~> call getUser () ~> call withdraw _19 ~> ret withdraw () ~> call withdraw _49 ~> call getUser () ~> ret getUser _120 ~> ret withdraw () ~> ret getUser _376 )

real	0m40.909s
user	0m59.666s
sys	0m6.808s
