  T ==K ( call esimple _4 ~> ret esimple () ~> call mc91_e _221 )
#Or
  T ==K ( call esimple _4 ~> ret esimple () ~> call mult_e _257 )
#Or
  T ==K ( call esimple _4 ~> ret esimple () ~> call repeat_e _244 )
#Or
  T ==K ( call esimple _4 ~> ret esimple () ~> call sum_e _193 )
#Or
  T ==K ( call esimple _4 ~> ret esimple () ~> call withdraw _231 ~> call send _231 ~> call fact_e _568 ~> ret fact_e () ~> call withdraw _1421 ~> call send _1421 ~> ret send () ~> ret withdraw () ~> ret send () )
#Or
  T ==K ( call esimple _4 ~> ret esimple () ~> call withdraw _231 ~> call send _231 ~> call mc91_e _638 ~> ret mc91_e () ~> call withdraw _1423 ~> call send _1423 ~> ret send () ~> ret withdraw () ~> ret send () )
#Or
  T ==K ( call esimple _4 ~> ret esimple () ~> call withdraw _231 ~> call send _231 ~> call withdraw _657 ~> call send _657 ~> ret send () ~> ret withdraw () ~> call fact_e _2783 ~> ret fact_e () ~> ret send () )
#Or
  T ==K ( call esimple _4 ~> ret esimple () ~> call withdraw _231 ~> call send _231 ~> call withdraw _657 ~> call send _657 ~> ret send () ~> ret withdraw () ~> call mc91_e _2979 ~> ret mc91_e () ~> ret send () )
#Or
  T ==K ( call esimple _4 ~> ret esimple () ~> call withdraw _231 ~> call send _231 ~> call withdraw _657 ~> call send _657 ~> ret send () ~> ret withdraw () ~> call withdraw _3029 ~> call send _3029 ~> ret send () ~> ret withdraw () ~> ret send () )
#Or
  T ==K ( call esimple _4 ~> ret esimple () ~> call withdraw _231 ~> call send _231 ~> call withdraw _657 ~> call send _657 ~> ret send () ~> ret withdraw () ~> call withdraw _3029 ~> ret withdraw () ~> ret send () )
#Or
  T ==K ( call esimple _4 ~> ret esimple () ~> call withdraw _231 ~> call send _231 ~> call withdraw _657 ~> call send _657 ~> ret send () ~> ret withdraw () ~> ret send () )
#Or
  T ==K ( call esimple _4 ~> ret esimple () ~> call withdraw _231 ~> call send _231 ~> call withdraw _657 ~> ret withdraw () ~> call withdraw _1639 ~> call send _1639 ~> ret send () ~> ret withdraw () ~> ret send () )
#Or
  T ==K ( call fact_e _1 ~> ret fact_e () ~> call mc91_e _48 )
#Or
  T ==K ( call fact_e _1 ~> ret fact_e () ~> call mult_e _67 )
#Or
  T ==K ( call fact_e _1 ~> ret fact_e () ~> call repeat_e _58 )
#Or
  T ==K ( call fact_e _1 ~> ret fact_e () ~> call sum_e _37 )
#Or
  T ==K ( call fact_e _1 ~> ret fact_e () ~> call withdraw _53 ~> call send _53 ~> call fact_e _219 ~> ret fact_e () ~> call withdraw _718 ~> call send _718 ~> ret send () ~> ret withdraw () ~> ret send () )
#Or
  T ==K ( call fact_e _1 ~> ret fact_e () ~> call withdraw _53 ~> call send _53 ~> call mc91_e _266 ~> ret mc91_e () ~> call withdraw _720 ~> call send _720 ~> ret send () ~> ret withdraw () ~> ret send () )
#Or
  T ==K ( call fact_e _1 ~> ret fact_e () ~> call withdraw _53 ~> call send _53 ~> call withdraw _278 ~> call send _278 ~> ret send () ~> ret withdraw () ~> call fact_e _1742 ~> ret fact_e () ~> ret send () )
#Or
  T ==K ( call fact_e _1 ~> ret fact_e () ~> call withdraw _53 ~> call send _53 ~> call withdraw _278 ~> call send _278 ~> ret send () ~> ret withdraw () ~> call mc91_e _1895 ~> ret mc91_e () ~> ret send () )
#Or
  T ==K ( call fact_e _1 ~> ret fact_e () ~> call withdraw _53 ~> call send _53 ~> call withdraw _278 ~> call send _278 ~> ret send () ~> ret withdraw () ~> call withdraw _1945 ~> call send _1945 ~> ret send () ~> ret withdraw () ~> ret send () )
#Or
  T ==K ( call fact_e _1 ~> ret fact_e () ~> call withdraw _53 ~> call send _53 ~> call withdraw _278 ~> call send _278 ~> ret send () ~> ret withdraw () ~> call withdraw _1945 ~> ret withdraw () ~> ret send () )
#Or
  T ==K ( call fact_e _1 ~> ret fact_e () ~> call withdraw _53 ~> call send _53 ~> call withdraw _278 ~> call send _278 ~> ret send () ~> ret withdraw () ~> ret send () )
#Or
  T ==K ( call fact_e _1 ~> ret fact_e () ~> call withdraw _53 ~> call send _53 ~> call withdraw _278 ~> ret withdraw () ~> call withdraw _892 ~> call send _892 ~> ret send () ~> ret withdraw () ~> ret send () )
#Or
  T ==K ( call lock_e _3 ~> ret lock_e () ~> call mc91_e _675 )
#Or
  T ==K ( call lock_e _3 ~> ret lock_e () ~> call mult_e _753 )
#Or
  T ==K ( call lock_e _3 ~> ret lock_e () ~> call repeat_e _724 )
#Or
  T ==K ( call lock_e _3 ~> ret lock_e () ~> call sum_e _622 )
#Or
  T ==K ( call lock_e _3 ~> ret lock_e () ~> call withdraw _699 ~> call send _699 ~> call fact_e _1355 ~> ret fact_e () ~> call withdraw _2653 ~> call send _2653 ~> ret send () ~> ret withdraw () ~> ret send () )
#Or
  T ==K ( call lock_e _3 ~> ret lock_e () ~> call withdraw _699 ~> call send _699 ~> call mc91_e _1498 ~> ret mc91_e () ~> call withdraw _2655 ~> call send _2655 ~> ret send () ~> ret withdraw () ~> ret send () )
#Or
  T ==K ( call lock_e _3 ~> ret lock_e () ~> call withdraw _699 ~> call send _699 ~> call withdraw _1535 ~> call send _1535 ~> ret send () ~> ret withdraw () ~> call fact_e _4307 ~> ret fact_e () ~> ret send () )
#Or
  T ==K ( call lock_e _3 ~> ret lock_e () ~> call withdraw _699 ~> call send _699 ~> call withdraw _1535 ~> call send _1535 ~> ret send () ~> ret withdraw () ~> call mc91_e _4537 ~> ret mc91_e () ~> ret send () )
#Or
  T ==K ( call lock_e _3 ~> ret lock_e () ~> call withdraw _699 ~> call send _699 ~> call withdraw _1535 ~> call send _1535 ~> ret send () ~> ret withdraw () ~> call withdraw _4583 ~> call send _4583 ~> ret send () ~> ret withdraw () ~> ret send () )
#Or
  T ==K ( call lock_e _3 ~> ret lock_e () ~> call withdraw _699 ~> call send _699 ~> call withdraw _1535 ~> call send _1535 ~> ret send () ~> ret withdraw () ~> call withdraw _4583 ~> ret withdraw () ~> ret send () )
#Or
  T ==K ( call lock_e _3 ~> ret lock_e () ~> call withdraw _699 ~> call send _699 ~> call withdraw _1535 ~> call send _1535 ~> ret send () ~> ret withdraw () ~> ret send () )
#Or
  T ==K ( call lock_e _3 ~> ret lock_e () ~> call withdraw _699 ~> call send _699 ~> call withdraw _1535 ~> ret withdraw () ~> call withdraw _2938 ~> call send _2938 ~> ret send () ~> ret withdraw () ~> ret send () )
#Or
  T ==K ( call mc91_e _5 ~> ret mc91_e () ~> call mc91_e _49 )
#Or
  T ==K ( call mc91_e _5 ~> ret mc91_e () ~> call mc91_e _173 )
#Or
  T ==K ( call mc91_e _5 ~> ret mc91_e () ~> call mult_e _70 )
#Or
  T ==K ( call mc91_e _5 ~> ret mc91_e () ~> call mult_e _195 )
#Or
  T ==K ( call mc91_e _5 ~> ret mc91_e () ~> call repeat_e _61 )
#Or
  T ==K ( call mc91_e _5 ~> ret mc91_e () ~> call repeat_e _184 )
#Or
  T ==K ( call mc91_e _5 ~> ret mc91_e () ~> call sum_e _38 )
#Or
  T ==K ( call mc91_e _5 ~> ret mc91_e () ~> call sum_e _145 )
#Or
  T ==K ( call mc91_e _5 ~> ret mc91_e () ~> call withdraw _55 ~> call send _55 ~> call fact_e _222 ~> ret fact_e () ~> call withdraw _728 ~> call send _728 ~> ret send () ~> ret withdraw () ~> ret send () )
#Or
  T ==K ( call mc91_e _5 ~> ret mc91_e () ~> call withdraw _55 ~> call send _55 ~> call mc91_e _271 ~> ret mc91_e () ~> call withdraw _730 ~> call send _730 ~> ret send () ~> ret withdraw () ~> ret send () )
#Or
  T ==K ( call mc91_e _5 ~> ret mc91_e () ~> call withdraw _55 ~> call send _55 ~> call withdraw _287 ~> call send _287 ~> ret send () ~> ret withdraw () ~> call fact_e _1751 ~> ret fact_e () ~> ret send () )
#Or
  T ==K ( call mc91_e _5 ~> ret mc91_e () ~> call withdraw _55 ~> call send _55 ~> call withdraw _287 ~> call send _287 ~> ret send () ~> ret withdraw () ~> call mc91_e _1911 ~> ret mc91_e () ~> ret send () )
#Or
  T ==K ( call mc91_e _5 ~> ret mc91_e () ~> call withdraw _55 ~> call send _55 ~> call withdraw _287 ~> call send _287 ~> ret send () ~> ret withdraw () ~> call withdraw _1960 ~> call send _1960 ~> ret send () ~> ret withdraw () ~> ret send () )
#Or
  T ==K ( call mc91_e _5 ~> ret mc91_e () ~> call withdraw _55 ~> call send _55 ~> call withdraw _287 ~> call send _287 ~> ret send () ~> ret withdraw () ~> call withdraw _1960 ~> ret withdraw () ~> ret send () )
#Or
  T ==K ( call mc91_e _5 ~> ret mc91_e () ~> call withdraw _55 ~> call send _55 ~> call withdraw _287 ~> call send _287 ~> ret send () ~> ret withdraw () ~> ret send () )
#Or
  T ==K ( call mc91_e _5 ~> ret mc91_e () ~> call withdraw _55 ~> call send _55 ~> call withdraw _287 ~> ret withdraw () ~> call withdraw _908 ~> call send _908 ~> ret send () ~> ret withdraw () ~> ret send () )
#Or
  T ==K ( call mc91_e _5 ~> ret mc91_e () ~> call withdraw _179 ~> call send _179 ~> call fact_e _475 ~> ret fact_e () ~> call withdraw _1211 ~> call send _1211 ~> ret send () ~> ret withdraw () ~> ret send () )
#Or
  T ==K ( call mc91_e _5 ~> ret mc91_e () ~> call withdraw _179 ~> call send _179 ~> call mc91_e _538 ~> ret mc91_e () ~> call withdraw _1213 ~> call send _1213 ~> ret send () ~> ret withdraw () ~> ret send () )
#Or
  T ==K ( call mc91_e _5 ~> ret mc91_e () ~> call withdraw _179 ~> call send _179 ~> call withdraw _559 ~> call send _559 ~> ret send () ~> ret withdraw () ~> call fact_e _2482 ~> ret fact_e () ~> ret send () )
#Or
  T ==K ( call mc91_e _5 ~> ret mc91_e () ~> call withdraw _179 ~> call send _179 ~> call withdraw _559 ~> call send _559 ~> ret send () ~> ret withdraw () ~> call mc91_e _2702 ~> ret mc91_e () ~> ret send () )
#Or
  T ==K ( call mc91_e _5 ~> ret mc91_e () ~> call withdraw _179 ~> call send _179 ~> call withdraw _559 ~> call send _559 ~> ret send () ~> ret withdraw () ~> call withdraw _2742 ~> call send _2742 ~> ret send () ~> ret withdraw () ~> ret send () )
#Or
  T ==K ( call mc91_e _5 ~> ret mc91_e () ~> call withdraw _179 ~> call send _179 ~> call withdraw _559 ~> call send _559 ~> ret send () ~> ret withdraw () ~> call withdraw _2742 ~> ret withdraw () ~> ret send () )
#Or
  T ==K ( call mc91_e _5 ~> ret mc91_e () ~> call withdraw _179 ~> call send _179 ~> call withdraw _559 ~> call send _559 ~> ret send () ~> ret withdraw () ~> ret send () )
#Or
  T ==K ( call mc91_e _5 ~> ret mc91_e () ~> call withdraw _179 ~> call send _179 ~> call withdraw _559 ~> ret withdraw () ~> call withdraw _1431 ~> call send _1431 ~> ret send () ~> ret withdraw () ~> ret send () )
#Or
  T ==K ( call mult_e _11 ~> ret mult_e () ~> call mc91_e _314 )
#Or
  T ==K ( call mult_e _11 ~> ret mult_e () ~> call mult_e _376 )
#Or
  T ==K ( call mult_e _11 ~> ret mult_e () ~> call repeat_e _356 )
#Or
  T ==K ( call mult_e _11 ~> ret mult_e () ~> call sum_e _264 )
#Or
  T ==K ( call mult_e _11 ~> ret mult_e () ~> call withdraw _339 ~> call send _339 ~> call fact_e _691 ~> ret fact_e () ~> call withdraw _1656 ~> call send _1656 ~> ret send () ~> ret withdraw () ~> ret send () )
#Or
  T ==K ( call mult_e _11 ~> ret mult_e () ~> call withdraw _339 ~> call send _339 ~> call mc91_e _798 ~> ret mc91_e () ~> call withdraw _1658 ~> call send _1658 ~> ret send () ~> ret withdraw () ~> ret send () )
#Or
  T ==K ( call mult_e _11 ~> ret mult_e () ~> call withdraw _339 ~> call send _339 ~> call withdraw _824 ~> call send _824 ~> ret send () ~> ret withdraw () ~> call fact_e _3097 ~> ret fact_e () ~> ret send () )
#Or
  T ==K ( call mult_e _11 ~> ret mult_e () ~> call withdraw _339 ~> call send _339 ~> call withdraw _824 ~> call send _824 ~> ret send () ~> ret withdraw () ~> call mc91_e _3335 ~> ret mc91_e () ~> ret send () )
#Or
  T ==K ( call mult_e _11 ~> ret mult_e () ~> call withdraw _339 ~> call send _339 ~> call withdraw _824 ~> call send _824 ~> ret send () ~> ret withdraw () ~> call withdraw _3379 ~> call send _3379 ~> ret send () ~> ret withdraw () ~> ret send () )
#Or
  T ==K ( call mult_e _11 ~> ret mult_e () ~> call withdraw _339 ~> call send _339 ~> call withdraw _824 ~> call send _824 ~> ret send () ~> ret withdraw () ~> call withdraw _3379 ~> ret withdraw () ~> ret send () )
#Or
  T ==K ( call mult_e _11 ~> ret mult_e () ~> call withdraw _339 ~> call send _339 ~> call withdraw _824 ~> call send _824 ~> ret send () ~> ret withdraw () ~> ret send () )
#Or
  T ==K ( call mult_e _11 ~> ret mult_e () ~> call withdraw _339 ~> call send _339 ~> call withdraw _824 ~> ret withdraw () ~> call withdraw _1892 ~> call send _1892 ~> ret send () ~> ret withdraw () ~> ret send () )
#Or
  T ==K ( call sum_e _2 ~> ret sum_e () ~> call mc91_e _97 )
#Or
  T ==K ( call sum_e _2 ~> ret sum_e () ~> call mult_e _126 )
#Or
  T ==K ( call sum_e _2 ~> ret sum_e () ~> call repeat_e _118 )
#Or
  T ==K ( call sum_e _2 ~> ret sum_e () ~> call sum_e _75 )
#Or
  T ==K ( call sum_e _2 ~> ret sum_e () ~> call withdraw _107 ~> call send _107 ~> call fact_e _320 ~> ret fact_e () ~> call withdraw _931 ~> call send _931 ~> ret send () ~> ret withdraw () ~> ret send () )
#Or
  T ==K ( call sum_e _2 ~> ret sum_e () ~> call withdraw _107 ~> call send _107 ~> call mc91_e _388 ~> ret mc91_e () ~> call withdraw _933 ~> call send _933 ~> ret send () ~> ret withdraw () ~> ret send () )
#Or
  T ==K ( call sum_e _2 ~> ret sum_e () ~> call withdraw _107 ~> call send _107 ~> call withdraw _412 ~> call send _412 ~> ret send () ~> ret withdraw () ~> call fact_e _2044 ~> ret fact_e () ~> ret send () )
#Or
  T ==K ( call sum_e _2 ~> ret sum_e () ~> call withdraw _107 ~> call send _107 ~> call withdraw _412 ~> call send _412 ~> ret send () ~> ret withdraw () ~> call mc91_e _2256 ~> ret mc91_e () ~> ret send () )
#Or
  T ==K ( call sum_e _2 ~> ret sum_e () ~> call withdraw _107 ~> call send _107 ~> call withdraw _412 ~> call send _412 ~> ret send () ~> ret withdraw () ~> call withdraw _2319 ~> call send _2319 ~> ret send () ~> ret withdraw () ~> ret send () )
#Or
  T ==K ( call sum_e _2 ~> ret sum_e () ~> call withdraw _107 ~> call send _107 ~> call withdraw _412 ~> call send _412 ~> ret send () ~> ret withdraw () ~> call withdraw _2319 ~> ret withdraw () ~> ret send () )
#Or
  T ==K ( call sum_e _2 ~> ret sum_e () ~> call withdraw _107 ~> call send _107 ~> call withdraw _412 ~> call send _412 ~> ret send () ~> ret withdraw () ~> ret send () )
#Or
  T ==K ( call sum_e _2 ~> ret sum_e () ~> call withdraw _107 ~> call send _107 ~> call withdraw _412 ~> ret withdraw () ~> call withdraw _1137 ~> call send _1137 ~> ret send () ~> ret withdraw () ~> ret send () )
#Or
  T ==K ( call withdraw _7 ~> call send _7 ~> call fact_e _39 ~> ret fact_e () ~> call fact_e _223 ~> ret fact_e () ~> ret send () ~> ret withdraw () ~> call mc91_e _1873 )
#Or
  T ==K ( call withdraw _7 ~> call send _7 ~> call fact_e _39 ~> ret fact_e () ~> call fact_e _223 ~> ret fact_e () ~> ret send () ~> ret withdraw () ~> call mult_e _2015 )
#Or
  T ==K ( call withdraw _7 ~> call send _7 ~> call fact_e _39 ~> ret fact_e () ~> call fact_e _223 ~> ret fact_e () ~> ret send () ~> ret withdraw () ~> call repeat_e _1963 )
#Or
  T ==K ( call withdraw _7 ~> call send _7 ~> call fact_e _39 ~> ret fact_e () ~> call fact_e _223 ~> ret fact_e () ~> ret send () ~> ret withdraw () ~> call sum_e _1754 )
#Or
  T ==K ( call withdraw _7 ~> call send _7 ~> call fact_e _39 ~> ret fact_e () ~> call fact_e _223 ~> ret fact_e () ~> ret send () ~> ret withdraw () ~> call withdraw _1915 ~> call send _1915 ~> call fact_e _2948 ~> ret fact_e () ~> call withdraw _4587 ~> call send _4587 ~> ret send () ~> ret withdraw () ~> ret send () )
#Or
  T ==K ( call withdraw _7 ~> call send _7 ~> call fact_e _39 ~> ret fact_e () ~> call fact_e _223 ~> ret fact_e () ~> ret send () ~> ret withdraw () ~> call withdraw _1915 ~> call send _1915 ~> call mc91_e _3116 ~> ret mc91_e () ~> call withdraw _4589 ~> call send _4589 ~> ret send () ~> ret withdraw () ~> ret send () )
#Or
  T ==K ( call withdraw _7 ~> call send _7 ~> call fact_e _39 ~> ret fact_e () ~> call fact_e _223 ~> ret fact_e () ~> ret send () ~> ret withdraw () ~> call withdraw _1915 ~> call send _1915 ~> call withdraw _3159 ~> call send _3159 ~> ret send () ~> ret withdraw () ~> call fact_e _6710 ~> ret fact_e () ~> ret send () )
#Or
  T ==K ( call withdraw _7 ~> call send _7 ~> call fact_e _39 ~> ret fact_e () ~> call fact_e _223 ~> ret fact_e () ~> ret send () ~> ret withdraw () ~> call withdraw _1915 ~> call send _1915 ~> call withdraw _3159 ~> call send _3159 ~> ret send () ~> ret withdraw () ~> call mc91_e _6919 ~> ret mc91_e () ~> ret send () )
#Or
  T ==K ( call withdraw _7 ~> call send _7 ~> call fact_e _39 ~> ret fact_e () ~> call fact_e _223 ~> ret fact_e () ~> ret send () ~> ret withdraw () ~> call withdraw _1915 ~> call send _1915 ~> call withdraw _3159 ~> call send _3159 ~> ret send () ~> ret withdraw () ~> call withdraw _7013 ~> call send _7013 ~> ret send () ~> ret withdraw () ~> ret send () )
#Or
  T ==K ( call withdraw _7 ~> call send _7 ~> call fact_e _39 ~> ret fact_e () ~> call fact_e _223 ~> ret fact_e () ~> ret send () ~> ret withdraw () ~> call withdraw _1915 ~> call send _1915 ~> call withdraw _3159 ~> call send _3159 ~> ret send () ~> ret withdraw () ~> call withdraw _7013 ~> ret withdraw () ~> ret send () )
#Or
  T ==K ( call withdraw _7 ~> call send _7 ~> call fact_e _39 ~> ret fact_e () ~> call fact_e _223 ~> ret fact_e () ~> ret send () ~> ret withdraw () ~> call withdraw _1915 ~> call send _1915 ~> call withdraw _3159 ~> call send _3159 ~> ret send () ~> ret withdraw () ~> ret send () )
#Or
  T ==K ( call withdraw _7 ~> call send _7 ~> call fact_e _39 ~> ret fact_e () ~> call fact_e _223 ~> ret fact_e () ~> ret send () ~> ret withdraw () ~> call withdraw _1915 ~> call send _1915 ~> call withdraw _3159 ~> ret withdraw () ~> call withdraw _5000 ~> call send _5000 ~> ret send () ~> ret withdraw () ~> ret send () )
#Or
  T ==K ( call withdraw _7 ~> call send _7 ~> call fact_e _39 ~> ret fact_e () ~> call mc91_e _272 ~> ret mc91_e () ~> ret send () ~> ret withdraw () ~> call mc91_e _1874 )
#Or
  T ==K ( call withdraw _7 ~> call send _7 ~> call fact_e _39 ~> ret fact_e () ~> call mc91_e _272 ~> ret mc91_e () ~> ret send () ~> ret withdraw () ~> call mult_e _2017 )
#Or
  T ==K ( call withdraw _7 ~> call send _7 ~> call fact_e _39 ~> ret fact_e () ~> call mc91_e _272 ~> ret mc91_e () ~> ret send () ~> ret withdraw () ~> call repeat_e _1965 )
#Or
  T ==K ( call withdraw _7 ~> call send _7 ~> call fact_e _39 ~> ret fact_e () ~> call mc91_e _272 ~> ret mc91_e () ~> ret send () ~> ret withdraw () ~> call sum_e _1755 )
#Or
  T ==K ( call withdraw _7 ~> call send _7 ~> call fact_e _39 ~> ret fact_e () ~> call mc91_e _272 ~> ret mc91_e () ~> ret send () ~> ret withdraw () ~> call withdraw _1917 ~> call send _1917 ~> call fact_e _2949 ~> ret fact_e () ~> call withdraw _4593 ~> call send _4593 ~> ret send () ~> ret withdraw () ~> ret send () )
#Or
  T ==K ( call withdraw _7 ~> call send _7 ~> call fact_e _39 ~> ret fact_e () ~> call mc91_e _272 ~> ret mc91_e () ~> ret send () ~> ret withdraw () ~> call withdraw _1917 ~> call send _1917 ~> call mc91_e _3118 ~> ret mc91_e () ~> call withdraw _4595 ~> call send _4595 ~> ret send () ~> ret withdraw () ~> ret send () )
#Or
  T ==K ( call withdraw _7 ~> call send _7 ~> call fact_e _39 ~> ret fact_e () ~> call mc91_e _272 ~> ret mc91_e () ~> ret send () ~> ret withdraw () ~> call withdraw _1917 ~> call send _1917 ~> call withdraw _3163 ~> call send _3163 ~> ret send () ~> ret withdraw () ~> call fact_e _6713 ~> ret fact_e () ~> ret send () )
#Or
  T ==K ( call withdraw _7 ~> call send _7 ~> call fact_e _39 ~> ret fact_e () ~> call mc91_e _272 ~> ret mc91_e () ~> ret send () ~> ret withdraw () ~> call withdraw _1917 ~> call send _1917 ~> call withdraw _3163 ~> call send _3163 ~> ret send () ~> ret withdraw () ~> call mc91_e _6928 ~> ret mc91_e () ~> ret send () )
#Or
  T ==K ( call withdraw _7 ~> call send _7 ~> call fact_e _39 ~> ret fact_e () ~> call mc91_e _272 ~> ret mc91_e () ~> ret send () ~> ret withdraw () ~> call withdraw _1917 ~> call send _1917 ~> call withdraw _3163 ~> call send _3163 ~> ret send () ~> ret withdraw () ~> call withdraw _7017 ~> call send _7017 ~> ret send () ~> ret withdraw () ~> ret send () )
#Or
  T ==K ( call withdraw _7 ~> call send _7 ~> call fact_e _39 ~> ret fact_e () ~> call mc91_e _272 ~> ret mc91_e () ~> ret send () ~> ret withdraw () ~> call withdraw _1917 ~> call send _1917 ~> call withdraw _3163 ~> call send _3163 ~> ret send () ~> ret withdraw () ~> call withdraw _7017 ~> ret withdraw () ~> ret send () )
#Or
  T ==K ( call withdraw _7 ~> call send _7 ~> call fact_e _39 ~> ret fact_e () ~> call mc91_e _272 ~> ret mc91_e () ~> ret send () ~> ret withdraw () ~> call withdraw _1917 ~> call send _1917 ~> call withdraw _3163 ~> call send _3163 ~> ret send () ~> ret withdraw () ~> ret send () )
#Or
  T ==K ( call withdraw _7 ~> call send _7 ~> call fact_e _39 ~> ret fact_e () ~> call mc91_e _272 ~> ret mc91_e () ~> ret send () ~> ret withdraw () ~> call withdraw _1917 ~> call send _1917 ~> call withdraw _3163 ~> ret withdraw () ~> call withdraw _5006 ~> call send _5006 ~> ret send () ~> ret withdraw () ~> ret send () )
#Or
  T ==K ( call withdraw _7 ~> call send _7 ~> call fact_e _39 ~> ret fact_e () ~> call withdraw _290 ~> call send _290 ~> ret send () ~> ret withdraw () ~> ret send () )
#Or
  T ==K ( call withdraw _7 ~> call send _7 ~> call fact_e _39 ~> ret fact_e () ~> call withdraw _290 ~> call send _290 ~> ret send () ~> ret withdraw () ~> ret send () ~> ret withdraw () ~> call mc91_e _3727 )
#Or
  T ==K ( call withdraw _7 ~> call send _7 ~> call fact_e _39 ~> ret fact_e () ~> call withdraw _290 ~> call send _290 ~> ret send () ~> ret withdraw () ~> ret send () ~> ret withdraw () ~> call mult_e _3917 )
#Or
  T ==K ( call withdraw _7 ~> call send _7 ~> call fact_e _39 ~> ret fact_e () ~> call withdraw _290 ~> call send _290 ~> ret send () ~> ret withdraw () ~> ret send () ~> ret withdraw () ~> call repeat_e _3877 )
#Or
  T ==K ( call withdraw _7 ~> call send _7 ~> call fact_e _39 ~> ret fact_e () ~> call withdraw _290 ~> call send _290 ~> ret send () ~> ret withdraw () ~> ret send () ~> ret withdraw () ~> call sum_e _3515 )
#Or
  T ==K ( call withdraw _7 ~> call send _7 ~> call fact_e _39 ~> ret fact_e () ~> call withdraw _290 ~> call send _290 ~> ret send () ~> ret withdraw () ~> ret send () ~> ret withdraw () ~> call withdraw _3774 ~> call send _3774 ~> call fact_e _5007 ~> ret fact_e () ~> call withdraw _7021 ~> call send _7021 ~> ret send () ~> ret withdraw () ~> ret send () )
#Or
  T ==K ( call withdraw _7 ~> call send _7 ~> call fact_e _39 ~> ret fact_e () ~> call withdraw _290 ~> call send _290 ~> ret send () ~> ret withdraw () ~> ret send () ~> ret withdraw () ~> call withdraw _3774 ~> call send _3774 ~> call mc91_e _5307 ~> ret mc91_e () ~> call withdraw _7023 ~> call send _7023 ~> ret send () ~> ret withdraw () ~> ret send () )
#Or
  T ==K ( call withdraw _7 ~> call send _7 ~> call fact_e _39 ~> ret fact_e () ~> call withdraw _290 ~> call send _290 ~> ret send () ~> ret withdraw () ~> ret send () ~> ret withdraw () ~> call withdraw _3774 ~> call send _3774 ~> call withdraw _5426 ~> call send _5426 ~> ret send () ~> ret withdraw () ~> call fact_e _8846 ~> ret fact_e () ~> ret send () )
#Or
  T ==K ( call withdraw _7 ~> call send _7 ~> call fact_e _39 ~> ret fact_e () ~> call withdraw _290 ~> call send _290 ~> ret send () ~> ret withdraw () ~> ret send () ~> ret withdraw () ~> call withdraw _3774 ~> call send _3774 ~> call withdraw _5426 ~> call send _5426 ~> ret send () ~> ret withdraw () ~> call mc91_e _8971 ~> ret mc91_e () ~> ret send () )
#Or
  T ==K ( call withdraw _7 ~> call send _7 ~> call fact_e _39 ~> ret fact_e () ~> call withdraw _290 ~> call send _290 ~> ret send () ~> ret withdraw () ~> ret send () ~> ret withdraw () ~> call withdraw _3774 ~> call send _3774 ~> call withdraw _5426 ~> call send _5426 ~> ret send () ~> ret withdraw () ~> call withdraw _9068 ~> call send _9068 ~> ret send () ~> ret withdraw () ~> ret send () )
#Or
  T ==K ( call withdraw _7 ~> call send _7 ~> call fact_e _39 ~> ret fact_e () ~> call withdraw _290 ~> call send _290 ~> ret send () ~> ret withdraw () ~> ret send () ~> ret withdraw () ~> call withdraw _3774 ~> call send _3774 ~> call withdraw _5426 ~> call send _5426 ~> ret send () ~> ret withdraw () ~> call withdraw _9068 ~> ret withdraw () ~> ret send () )
#Or
  T ==K ( call withdraw _7 ~> call send _7 ~> call fact_e _39 ~> ret fact_e () ~> call withdraw _290 ~> call send _290 ~> ret send () ~> ret withdraw () ~> ret send () ~> ret withdraw () ~> call withdraw _3774 ~> call send _3774 ~> call withdraw _5426 ~> call send _5426 ~> ret send () ~> ret withdraw () ~> ret send () )
#Or
  T ==K ( call withdraw _7 ~> call send _7 ~> call fact_e _39 ~> ret fact_e () ~> call withdraw _290 ~> call send _290 ~> ret send () ~> ret withdraw () ~> ret send () ~> ret withdraw () ~> call withdraw _3774 ~> call send _3774 ~> call withdraw _5426 ~> ret withdraw () ~> call withdraw _7510 ~> call send _7510 ~> ret send () ~> ret withdraw () ~> ret send () )
#Or
  T ==K ( call withdraw _7 ~> call send _7 ~> call fact_e _39 ~> ret fact_e () ~> call withdraw _290 ~> ret withdraw () ~> ret send () ~> ret withdraw () ~> call mc91_e _2165 )
#Or
  T ==K ( call withdraw _7 ~> call send _7 ~> call fact_e _39 ~> ret fact_e () ~> call withdraw _290 ~> ret withdraw () ~> ret send () ~> ret withdraw () ~> call mult_e _2334 )
#Or
  T ==K ( call withdraw _7 ~> call send _7 ~> call fact_e _39 ~> ret fact_e () ~> call withdraw _290 ~> ret withdraw () ~> ret send () ~> ret withdraw () ~> call repeat_e _2278 )
#Or
  T ==K ( call withdraw _7 ~> call send _7 ~> call fact_e _39 ~> ret fact_e () ~> call withdraw _290 ~> ret withdraw () ~> ret send () ~> ret withdraw () ~> call sum_e _2018 )
#Or
  T ==K ( call withdraw _7 ~> call send _7 ~> call fact_e _39 ~> ret fact_e () ~> call withdraw _290 ~> ret withdraw () ~> ret send () ~> ret withdraw () ~> call withdraw _2223 ~> call send _2223 ~> call fact_e _3238 ~> ret fact_e () ~> call withdraw _5009 ~> call send _5009 ~> ret send () ~> ret withdraw () ~> ret send () )
#Or
  T ==K ( call withdraw _7 ~> call send _7 ~> call fact_e _39 ~> ret fact_e () ~> call withdraw _290 ~> ret withdraw () ~> ret send () ~> ret withdraw () ~> call withdraw _2223 ~> call send _2223 ~> call mc91_e _3470 ~> ret mc91_e () ~> call withdraw _5011 ~> call send _5011 ~> ret send () ~> ret withdraw () ~> ret send () )
#Or
  T ==K ( call withdraw _7 ~> call send _7 ~> call fact_e _39 ~> ret fact_e () ~> call withdraw _290 ~> ret withdraw () ~> ret send () ~> ret withdraw () ~> call withdraw _2223 ~> call send _2223 ~> call withdraw _3518 ~> call send _3518 ~> ret send () ~> ret withdraw () ~> call fact_e _7111 ~> ret fact_e () ~> ret send () )
#Or
  T ==K ( call withdraw _7 ~> call send _7 ~> call fact_e _39 ~> ret fact_e () ~> call withdraw _290 ~> ret withdraw () ~> ret send () ~> ret withdraw () ~> call withdraw _2223 ~> call send _2223 ~> call withdraw _3518 ~> call send _3518 ~> ret send () ~> ret withdraw () ~> call mc91_e _7411 ~> ret mc91_e () ~> ret send () )
#Or
  T ==K ( call withdraw _7 ~> call send _7 ~> call fact_e _39 ~> ret fact_e () ~> call withdraw _290 ~> ret withdraw () ~> ret send () ~> ret withdraw () ~> call withdraw _2223 ~> call send _2223 ~> call withdraw _3518 ~> call send _3518 ~> ret send () ~> ret withdraw () ~> call withdraw _7512 ~> call send _7512 ~> ret send () ~> ret withdraw () ~> ret send () )
#Or
  T ==K ( call withdraw _7 ~> call send _7 ~> call fact_e _39 ~> ret fact_e () ~> call withdraw _290 ~> ret withdraw () ~> ret send () ~> ret withdraw () ~> call withdraw _2223 ~> call send _2223 ~> call withdraw _3518 ~> call send _3518 ~> ret send () ~> ret withdraw () ~> call withdraw _7512 ~> ret withdraw () ~> ret send () )
#Or
  T ==K ( call withdraw _7 ~> call send _7 ~> call fact_e _39 ~> ret fact_e () ~> call withdraw _290 ~> ret withdraw () ~> ret send () ~> ret withdraw () ~> call withdraw _2223 ~> call send _2223 ~> call withdraw _3518 ~> call send _3518 ~> ret send () ~> ret withdraw () ~> ret send () )
#Or
  T ==K ( call withdraw _7 ~> call send _7 ~> call fact_e _39 ~> ret fact_e () ~> call withdraw _290 ~> ret withdraw () ~> ret send () ~> ret withdraw () ~> call withdraw _2223 ~> call send _2223 ~> call withdraw _3518 ~> ret withdraw () ~> call withdraw _5509 ~> call send _5509 ~> ret send () ~> ret withdraw () ~> ret send () )
#Or
  T ==K ( call withdraw _7 ~> call send _7 ~> call fact_e _39 ~> ret fact_e () ~> ret send () ~> ret withdraw () ~> call mc91_e _1006 )
#Or
  T ==K ( call withdraw _7 ~> call send _7 ~> call fact_e _39 ~> ret fact_e () ~> ret send () ~> ret withdraw () ~> call mult_e _1114 )
#Or
  T ==K ( call withdraw _7 ~> call send _7 ~> call fact_e _39 ~> ret fact_e () ~> ret send () ~> ret withdraw () ~> call repeat_e _1082 )
#Or
  T ==K ( call withdraw _7 ~> call send _7 ~> call fact_e _39 ~> ret fact_e () ~> ret send () ~> ret withdraw () ~> call sum_e _909 )
#Or
  T ==K ( call withdraw _7 ~> call send _7 ~> call fact_e _39 ~> ret fact_e () ~> ret send () ~> ret withdraw () ~> call withdraw _1045 ~> call send _1045 ~> call fact_e _1756 ~> ret fact_e () ~> call withdraw _3169 ~> call send _3169 ~> ret send () ~> ret withdraw () ~> ret send () )
#Or
  T ==K ( call withdraw _7 ~> call send _7 ~> call fact_e _39 ~> ret fact_e () ~> ret send () ~> ret withdraw () ~> call withdraw _1045 ~> call send _1045 ~> call mc91_e _1919 ~> ret mc91_e () ~> call withdraw _3171 ~> call send _3171 ~> ret send () ~> ret withdraw () ~> ret send () )
#Or
  T ==K ( call withdraw _7 ~> call send _7 ~> call fact_e _39 ~> ret fact_e () ~> ret send () ~> ret withdraw () ~> call withdraw _1045 ~> call send _1045 ~> call withdraw _1969 ~> call send _1969 ~> ret send () ~> ret withdraw () ~> call fact_e _5014 ~> ret fact_e () ~> ret send () )
#Or
  T ==K ( call withdraw _7 ~> call send _7 ~> call fact_e _39 ~> ret fact_e () ~> ret send () ~> ret withdraw () ~> call withdraw _1045 ~> call send _1045 ~> call withdraw _1969 ~> call send _1969 ~> ret send () ~> ret withdraw () ~> call mc91_e _5321 ~> ret mc91_e () ~> ret send () )
#Or
  T ==K ( call withdraw _7 ~> call send _7 ~> call fact_e _39 ~> ret fact_e () ~> ret send () ~> ret withdraw () ~> call withdraw _1045 ~> call send _1045 ~> call withdraw _1969 ~> call send _1969 ~> ret send () ~> ret withdraw () ~> call withdraw _5432 ~> call send _5432 ~> ret send () ~> ret withdraw () ~> ret send () )
#Or
  T ==K ( call withdraw _7 ~> call send _7 ~> call fact_e _39 ~> ret fact_e () ~> ret send () ~> ret withdraw () ~> call withdraw _1045 ~> call send _1045 ~> call withdraw _1969 ~> call send _1969 ~> ret send () ~> ret withdraw () ~> call withdraw _5432 ~> ret withdraw () ~> ret send () )
#Or
  T ==K ( call withdraw _7 ~> call send _7 ~> call fact_e _39 ~> ret fact_e () ~> ret send () ~> ret withdraw () ~> call withdraw _1045 ~> call send _1045 ~> call withdraw _1969 ~> call send _1969 ~> ret send () ~> ret withdraw () ~> ret send () )
#Or
  T ==K ( call withdraw _7 ~> call send _7 ~> call fact_e _39 ~> ret fact_e () ~> ret send () ~> ret withdraw () ~> call withdraw _1045 ~> call send _1045 ~> call withdraw _1969 ~> ret withdraw () ~> call withdraw _3525 ~> call send _3525 ~> ret send () ~> ret withdraw () ~> ret send () )
#Or
  T ==K ( call withdraw _7 ~> call send _7 ~> call mc91_e _56 ~> ret mc91_e () ~> call fact_e _224 ~> ret fact_e () ~> ret send () ~> ret withdraw () ~> call mc91_e _1876 )
#Or
  T ==K ( call withdraw _7 ~> call send _7 ~> call mc91_e _56 ~> ret mc91_e () ~> call fact_e _224 ~> ret fact_e () ~> ret send () ~> ret withdraw () ~> call mult_e _2022 )
#Or
  T ==K ( call withdraw _7 ~> call send _7 ~> call mc91_e _56 ~> ret mc91_e () ~> call fact_e _224 ~> ret fact_e () ~> ret send () ~> ret withdraw () ~> call repeat_e _1972 )
#Or
  T ==K ( call withdraw _7 ~> call send _7 ~> call mc91_e _56 ~> ret mc91_e () ~> call fact_e _224 ~> ret fact_e () ~> ret send () ~> ret withdraw () ~> call sum_e _1757 )
#Or
  T ==K ( call withdraw _7 ~> call send _7 ~> call mc91_e _56 ~> ret mc91_e () ~> call fact_e _224 ~> ret fact_e () ~> ret send () ~> ret withdraw () ~> call withdraw _1921 ~> call send _1921 ~> call fact_e _2954 ~> ret fact_e () ~> call withdraw _4608 ~> call send _4608 ~> ret send () ~> ret withdraw () ~> ret send () )
#Or
  T ==K ( call withdraw _7 ~> call send _7 ~> call mc91_e _56 ~> ret mc91_e () ~> call fact_e _224 ~> ret fact_e () ~> ret send () ~> ret withdraw () ~> call withdraw _1921 ~> call send _1921 ~> call mc91_e _3124 ~> ret mc91_e () ~> call withdraw _4610 ~> call send _4610 ~> ret send () ~> ret withdraw () ~> ret send () )
#Or
  T ==K ( call withdraw _7 ~> call send _7 ~> call mc91_e _56 ~> ret mc91_e () ~> call fact_e _224 ~> ret fact_e () ~> ret send () ~> ret withdraw () ~> call withdraw _1921 ~> call send _1921 ~> call withdraw _3176 ~> call send _3176 ~> ret send () ~> ret withdraw () ~> call fact_e _6726 ~> ret fact_e () ~> ret send () )
#Or
  T ==K ( call withdraw _7 ~> call send _7 ~> call mc91_e _56 ~> ret mc91_e () ~> call fact_e _224 ~> ret fact_e () ~> ret send () ~> ret withdraw () ~> call withdraw _1921 ~> call send _1921 ~> call withdraw _3176 ~> call send _3176 ~> ret send () ~> ret withdraw () ~> call mc91_e _6951 ~> ret mc91_e () ~> ret send () )
#Or
  T ==K ( call withdraw _7 ~> call send _7 ~> call mc91_e _56 ~> ret mc91_e () ~> call fact_e _224 ~> ret fact_e () ~> ret send () ~> ret withdraw () ~> call withdraw _1921 ~> call send _1921 ~> call withdraw _3176 ~> call send _3176 ~> ret send () ~> ret withdraw () ~> call withdraw _7036 ~> call send _7036 ~> ret send () ~> ret withdraw () ~> ret send () )
#Or
  T ==K ( call withdraw _7 ~> call send _7 ~> call mc91_e _56 ~> ret mc91_e () ~> call fact_e _224 ~> ret fact_e () ~> ret send () ~> ret withdraw () ~> call withdraw _1921 ~> call send _1921 ~> call withdraw _3176 ~> call send _3176 ~> ret send () ~> ret withdraw () ~> call withdraw _7036 ~> ret withdraw () ~> ret send () )
#Or
  T ==K ( call withdraw _7 ~> call send _7 ~> call mc91_e _56 ~> ret mc91_e () ~> call fact_e _224 ~> ret fact_e () ~> ret send () ~> ret withdraw () ~> call withdraw _1921 ~> call send _1921 ~> call withdraw _3176 ~> call send _3176 ~> ret send () ~> ret withdraw () ~> ret send () )
#Or
  T ==K ( call withdraw _7 ~> call send _7 ~> call mc91_e _56 ~> ret mc91_e () ~> call fact_e _224 ~> ret fact_e () ~> ret send () ~> ret withdraw () ~> call withdraw _1921 ~> call send _1921 ~> call withdraw _3176 ~> ret withdraw () ~> call withdraw _5022 ~> call send _5022 ~> ret send () ~> ret withdraw () ~> ret send () )
#Or
  T ==K ( call withdraw _7 ~> call send _7 ~> call mc91_e _56 ~> ret mc91_e () ~> call mc91_e _273 ~> ret mc91_e () ~> ret send () ~> ret withdraw () ~> call mc91_e _1877 )
#Or
  T ==K ( call withdraw _7 ~> call send _7 ~> call mc91_e _56 ~> ret mc91_e () ~> call mc91_e _273 ~> ret mc91_e () ~> ret send () ~> ret withdraw () ~> call mult_e _2024 )
#Or
  T ==K ( call withdraw _7 ~> call send _7 ~> call mc91_e _56 ~> ret mc91_e () ~> call mc91_e _273 ~> ret mc91_e () ~> ret send () ~> ret withdraw () ~> call repeat_e _1974 )
#Or
  T ==K ( call withdraw _7 ~> call send _7 ~> call mc91_e _56 ~> ret mc91_e () ~> call mc91_e _273 ~> ret mc91_e () ~> ret send () ~> ret withdraw () ~> call sum_e _1758 )
#Or
  T ==K ( call withdraw _7 ~> call send _7 ~> call mc91_e _56 ~> ret mc91_e () ~> call mc91_e _273 ~> ret mc91_e () ~> ret send () ~> ret withdraw () ~> call withdraw _1923 ~> call send _1923 ~> call fact_e _2955 ~> ret fact_e () ~> call withdraw _4614 ~> call send _4614 ~> ret send () ~> ret withdraw () ~> ret send () )
#Or
  T ==K ( call withdraw _7 ~> call send _7 ~> call mc91_e _56 ~> ret mc91_e () ~> call mc91_e _273 ~> ret mc91_e () ~> ret send () ~> ret withdraw () ~> call withdraw _1923 ~> call send _1923 ~> call mc91_e _3126 ~> ret mc91_e () ~> call withdraw _4616 ~> call send _4616 ~> ret send () ~> ret withdraw () ~> ret send () )
#Or
  T ==K ( call withdraw _7 ~> call send _7 ~> call mc91_e _56 ~> ret mc91_e () ~> call mc91_e _273 ~> ret mc91_e () ~> ret send () ~> ret withdraw () ~> call withdraw _1923 ~> call send _1923 ~> call withdraw _3180 ~> call send _3180 ~> ret send () ~> ret withdraw () ~> call fact_e _6729 ~> ret fact_e () ~> ret send () )
#Or
  T ==K ( call withdraw _7 ~> call send _7 ~> call mc91_e _56 ~> ret mc91_e () ~> call mc91_e _273 ~> ret mc91_e () ~> ret send () ~> ret withdraw () ~> call withdraw _1923 ~> call send _1923 ~> call withdraw _3180 ~> call send _3180 ~> ret send () ~> ret withdraw () ~> call mc91_e _6960 ~> ret mc91_e () ~> ret send () )
#Or
  T ==K ( call withdraw _7 ~> call send _7 ~> call mc91_e _56 ~> ret mc91_e () ~> call mc91_e _273 ~> ret mc91_e () ~> ret send () ~> ret withdraw () ~> call withdraw _1923 ~> call send _1923 ~> call withdraw _3180 ~> call send _3180 ~> ret send () ~> ret withdraw () ~> call withdraw _7040 ~> call send _7040 ~> ret send () ~> ret withdraw () ~> ret send () )
#Or
  T ==K ( call withdraw _7 ~> call send _7 ~> call mc91_e _56 ~> ret mc91_e () ~> call mc91_e _273 ~> ret mc91_e () ~> ret send () ~> ret withdraw () ~> call withdraw _1923 ~> call send _1923 ~> call withdraw _3180 ~> call send _3180 ~> ret send () ~> ret withdraw () ~> call withdraw _7040 ~> ret withdraw () ~> ret send () )
#Or
  T ==K ( call withdraw _7 ~> call send _7 ~> call mc91_e _56 ~> ret mc91_e () ~> call mc91_e _273 ~> ret mc91_e () ~> ret send () ~> ret withdraw () ~> call withdraw _1923 ~> call send _1923 ~> call withdraw _3180 ~> call send _3180 ~> ret send () ~> ret withdraw () ~> ret send () )
#Or
  T ==K ( call withdraw _7 ~> call send _7 ~> call mc91_e _56 ~> ret mc91_e () ~> call mc91_e _273 ~> ret mc91_e () ~> ret send () ~> ret withdraw () ~> call withdraw _1923 ~> call send _1923 ~> call withdraw _3180 ~> ret withdraw () ~> call withdraw _5028 ~> call send _5028 ~> ret send () ~> ret withdraw () ~> ret send () )
#Or
  T ==K ( call withdraw _7 ~> call send _7 ~> call mc91_e _56 ~> ret mc91_e () ~> call withdraw _292 ~> call send _292 ~> ret send () ~> ret withdraw () ~> ret send () )
#Or
  T ==K ( call withdraw _7 ~> call send _7 ~> call mc91_e _56 ~> ret mc91_e () ~> call withdraw _292 ~> call send _292 ~> ret send () ~> ret withdraw () ~> ret send () ~> ret withdraw () ~> call mc91_e _3732 )
#Or
  T ==K ( call withdraw _7 ~> call send _7 ~> call mc91_e _56 ~> ret mc91_e () ~> call withdraw _292 ~> call send _292 ~> ret send () ~> ret withdraw () ~> ret send () ~> ret withdraw () ~> call mult_e _3927 )
#Or
  T ==K ( call withdraw _7 ~> call send _7 ~> call mc91_e _56 ~> ret mc91_e () ~> call withdraw _292 ~> call send _292 ~> ret send () ~> ret withdraw () ~> ret send () ~> ret withdraw () ~> call repeat_e _3883 )
#Or
  T ==K ( call withdraw _7 ~> call send _7 ~> call mc91_e _56 ~> ret mc91_e () ~> call withdraw _292 ~> call send _292 ~> ret send () ~> ret withdraw () ~> ret send () ~> ret withdraw () ~> call sum_e _3530 )
#Or
  T ==K ( call withdraw _7 ~> call send _7 ~> call mc91_e _56 ~> ret mc91_e () ~> call withdraw _292 ~> call send _292 ~> ret send () ~> ret withdraw () ~> ret send () ~> ret withdraw () ~> call withdraw _3800 ~> call send _3800 ~> call fact_e _5029 ~> ret fact_e () ~> call withdraw _7044 ~> call send _7044 ~> ret send () ~> ret withdraw () ~> ret send () )
#Or
  T ==K ( call withdraw _7 ~> call send _7 ~> call mc91_e _56 ~> ret mc91_e () ~> call withdraw _292 ~> call send _292 ~> ret send () ~> ret withdraw () ~> ret send () ~> ret withdraw () ~> call withdraw _3800 ~> call send _3800 ~> call mc91_e _5351 ~> ret mc91_e () ~> call withdraw _7046 ~> call send _7046 ~> ret send () ~> ret withdraw () ~> ret send () )
#Or
  T ==K ( call withdraw _7 ~> call send _7 ~> call mc91_e _56 ~> ret mc91_e () ~> call withdraw _292 ~> call send _292 ~> ret send () ~> ret withdraw () ~> ret send () ~> ret withdraw () ~> call withdraw _3800 ~> call send _3800 ~> call withdraw _5441 ~> call send _5441 ~> ret send () ~> ret withdraw () ~> call fact_e _8852 ~> ret fact_e () ~> ret send () )
#Or
  T ==K ( call withdraw _7 ~> call send _7 ~> call mc91_e _56 ~> ret mc91_e () ~> call withdraw _292 ~> call send _292 ~> ret send () ~> ret withdraw () ~> ret send () ~> ret withdraw () ~> call withdraw _3800 ~> call send _3800 ~> call withdraw _5441 ~> call send _5441 ~> ret send () ~> ret withdraw () ~> call mc91_e _8996 ~> ret mc91_e () ~> ret send () )
#Or
  T ==K ( call withdraw _7 ~> call send _7 ~> call mc91_e _56 ~> ret mc91_e () ~> call withdraw _292 ~> call send _292 ~> ret send () ~> ret withdraw () ~> ret send () ~> ret withdraw () ~> call withdraw _3800 ~> call send _3800 ~> call withdraw _5441 ~> call send _5441 ~> ret send () ~> ret withdraw () ~> call withdraw _9074 ~> call send _9074 ~> ret send () ~> ret withdraw () ~> ret send () )
#Or
  T ==K ( call withdraw _7 ~> call send _7 ~> call mc91_e _56 ~> ret mc91_e () ~> call withdraw _292 ~> call send _292 ~> ret send () ~> ret withdraw () ~> ret send () ~> ret withdraw () ~> call withdraw _3800 ~> call send _3800 ~> call withdraw _5441 ~> call send _5441 ~> ret send () ~> ret withdraw () ~> call withdraw _9074 ~> ret withdraw () ~> ret send () )
#Or
  T ==K ( call withdraw _7 ~> call send _7 ~> call mc91_e _56 ~> ret mc91_e () ~> call withdraw _292 ~> call send _292 ~> ret send () ~> ret withdraw () ~> ret send () ~> ret withdraw () ~> call withdraw _3800 ~> call send _3800 ~> call withdraw _5441 ~> call send _5441 ~> ret send () ~> ret withdraw () ~> ret send () )
#Or
  T ==K ( call withdraw _7 ~> call send _7 ~> call mc91_e _56 ~> ret mc91_e () ~> call withdraw _292 ~> call send _292 ~> ret send () ~> ret withdraw () ~> ret send () ~> ret withdraw () ~> call withdraw _3800 ~> call send _3800 ~> call withdraw _5441 ~> ret withdraw () ~> call withdraw _7528 ~> call send _7528 ~> ret send () ~> ret withdraw () ~> ret send () )
#Or
  T ==K ( call withdraw _7 ~> call send _7 ~> call mc91_e _56 ~> ret mc91_e () ~> call withdraw _292 ~> ret withdraw () ~> ret send () ~> ret withdraw () ~> call mc91_e _2172 )
#Or
  T ==K ( call withdraw _7 ~> call send _7 ~> call mc91_e _56 ~> ret mc91_e () ~> call withdraw _292 ~> ret withdraw () ~> ret send () ~> ret withdraw () ~> call mult_e _2341 )
#Or
  T ==K ( call withdraw _7 ~> call send _7 ~> call mc91_e _56 ~> ret mc91_e () ~> call withdraw _292 ~> ret withdraw () ~> ret send () ~> ret withdraw () ~> call repeat_e _2290 )
#Or
  T ==K ( call withdraw _7 ~> call send _7 ~> call mc91_e _56 ~> ret mc91_e () ~> call withdraw _292 ~> ret withdraw () ~> ret send () ~> ret withdraw () ~> call sum_e _2025 )
#Or
  T ==K ( call withdraw _7 ~> call send _7 ~> call mc91_e _56 ~> ret mc91_e () ~> call withdraw _292 ~> ret withdraw () ~> ret send () ~> ret withdraw () ~> call withdraw _2229 ~> call send _2229 ~> call fact_e _3249 ~> ret fact_e () ~> call withdraw _5031 ~> call send _5031 ~> ret send () ~> ret withdraw () ~> ret send () )
#Or
  T ==K ( call withdraw _7 ~> call send _7 ~> call mc91_e _56 ~> ret mc91_e () ~> call withdraw _292 ~> ret withdraw () ~> ret send () ~> ret withdraw () ~> call withdraw _2229 ~> call send _2229 ~> call mc91_e _3476 ~> ret mc91_e () ~> call withdraw _5033 ~> call send _5033 ~> ret send () ~> ret withdraw () ~> ret send () )
#Or
  T ==K ( call withdraw _7 ~> call send _7 ~> call mc91_e _56 ~> ret mc91_e () ~> call withdraw _292 ~> ret withdraw () ~> ret send () ~> ret withdraw () ~> call withdraw _2229 ~> call send _2229 ~> call withdraw _3533 ~> call send _3533 ~> ret send () ~> ret withdraw () ~> call fact_e _7125 ~> ret fact_e () ~> ret send () )
#Or
  T ==K ( call withdraw _7 ~> call send _7 ~> call mc91_e _56 ~> ret mc91_e () ~> call withdraw _292 ~> ret withdraw () ~> ret send () ~> ret withdraw () ~> call withdraw _2229 ~> call send _2229 ~> call withdraw _3533 ~> call send _3533 ~> ret send () ~> ret withdraw () ~> call mc91_e _7437 ~> ret mc91_e () ~> ret send () )
#Or
  T ==K ( call withdraw _7 ~> call send _7 ~> call mc91_e _56 ~> ret mc91_e () ~> call withdraw _292 ~> ret withdraw () ~> ret send () ~> ret withdraw () ~> call withdraw _2229 ~> call send _2229 ~> call withdraw _3533 ~> call send _3533 ~> ret send () ~> ret withdraw () ~> call withdraw _7530 ~> call send _7530 ~> ret send () ~> ret withdraw () ~> ret send () )
#Or
  T ==K ( call withdraw _7 ~> call send _7 ~> call mc91_e _56 ~> ret mc91_e () ~> call withdraw _292 ~> ret withdraw () ~> ret send () ~> ret withdraw () ~> call withdraw _2229 ~> call send _2229 ~> call withdraw _3533 ~> call send _3533 ~> ret send () ~> ret withdraw () ~> call withdraw _7530 ~> ret withdraw () ~> ret send () )
#Or
  T ==K ( call withdraw _7 ~> call send _7 ~> call mc91_e _56 ~> ret mc91_e () ~> call withdraw _292 ~> ret withdraw () ~> ret send () ~> ret withdraw () ~> call withdraw _2229 ~> call send _2229 ~> call withdraw _3533 ~> call send _3533 ~> ret send () ~> ret withdraw () ~> ret send () )
#Or
  T ==K ( call withdraw _7 ~> call send _7 ~> call mc91_e _56 ~> ret mc91_e () ~> call withdraw _292 ~> ret withdraw () ~> ret send () ~> ret withdraw () ~> call withdraw _2229 ~> call send _2229 ~> call withdraw _3533 ~> ret withdraw () ~> call withdraw _5527 ~> call send _5527 ~> ret send () ~> ret withdraw () ~> ret send () )
#Or
  T ==K ( call withdraw _7 ~> call send _7 ~> call mc91_e _56 ~> ret mc91_e () ~> ret send () ~> ret withdraw () ~> call mc91_e _1007 )
#Or
  T ==K ( call withdraw _7 ~> call send _7 ~> call mc91_e _56 ~> ret mc91_e () ~> ret send () ~> ret withdraw () ~> call mult_e _1116 )
#Or
  T ==K ( call withdraw _7 ~> call send _7 ~> call mc91_e _56 ~> ret mc91_e () ~> ret send () ~> ret withdraw () ~> call repeat_e _1084 )
#Or
  T ==K ( call withdraw _7 ~> call send _7 ~> call mc91_e _56 ~> ret mc91_e () ~> ret send () ~> ret withdraw () ~> call sum_e _910 )
#Or
  T ==K ( call withdraw _7 ~> call send _7 ~> call mc91_e _56 ~> ret mc91_e () ~> ret send () ~> ret withdraw () ~> call withdraw _1048 ~> call send _1048 ~> call fact_e _1759 ~> ret fact_e () ~> call withdraw _3186 ~> call send _3186 ~> ret send () ~> ret withdraw () ~> ret send () )
#Or
  T ==K ( call withdraw _7 ~> call send _7 ~> call mc91_e _56 ~> ret mc91_e () ~> ret send () ~> ret withdraw () ~> call withdraw _1048 ~> call send _1048 ~> call mc91_e _1925 ~> ret mc91_e () ~> call withdraw _3188 ~> call send _3188 ~> ret send () ~> ret withdraw () ~> ret send () )
#Or
  T ==K ( call withdraw _7 ~> call send _7 ~> call mc91_e _56 ~> ret mc91_e () ~> ret send () ~> ret withdraw () ~> call withdraw _1048 ~> call send _1048 ~> call withdraw _1978 ~> call send _1978 ~> ret send () ~> ret withdraw () ~> call fact_e _5036 ~> ret fact_e () ~> ret send () )
#Or
  T ==K ( call withdraw _7 ~> call send _7 ~> call mc91_e _56 ~> ret mc91_e () ~> ret send () ~> ret withdraw () ~> call withdraw _1048 ~> call send _1048 ~> call withdraw _1978 ~> call send _1978 ~> ret send () ~> ret withdraw () ~> call mc91_e _5365 ~> ret mc91_e () ~> ret send () )
#Or
  T ==K ( call withdraw _7 ~> call send _7 ~> call mc91_e _56 ~> ret mc91_e () ~> ret send () ~> ret withdraw () ~> call withdraw _1048 ~> call send _1048 ~> call withdraw _1978 ~> call send _1978 ~> ret send () ~> ret withdraw () ~> call withdraw _5447 ~> call send _5447 ~> ret send () ~> ret withdraw () ~> ret send () )
#Or
  T ==K ( call withdraw _7 ~> call send _7 ~> call mc91_e _56 ~> ret mc91_e () ~> ret send () ~> ret withdraw () ~> call withdraw _1048 ~> call send _1048 ~> call withdraw _1978 ~> call send _1978 ~> ret send () ~> ret withdraw () ~> call withdraw _5447 ~> ret withdraw () ~> ret send () )
#Or
  T ==K ( call withdraw _7 ~> call send _7 ~> call mc91_e _56 ~> ret mc91_e () ~> ret send () ~> ret withdraw () ~> call withdraw _1048 ~> call send _1048 ~> call withdraw _1978 ~> call send _1978 ~> ret send () ~> ret withdraw () ~> ret send () )
#Or
  T ==K ( call withdraw _7 ~> call send _7 ~> call mc91_e _56 ~> ret mc91_e () ~> ret send () ~> ret withdraw () ~> call withdraw _1048 ~> call send _1048 ~> call withdraw _1978 ~> ret withdraw () ~> call withdraw _3540 ~> call send _3540 ~> ret send () ~> ret withdraw () ~> ret send () )
#Or
  T ==K ( call withdraw _7 ~> call send _7 ~> call withdraw _63 ~> call send _63 ~> ret send () ~> ret withdraw () ~> call fact_e _911 ~> ret fact_e () ~> ret send () )
#Or
  T ==K ( call withdraw _7 ~> call send _7 ~> call withdraw _63 ~> call send _63 ~> ret send () ~> ret withdraw () ~> call fact_e _911 ~> ret fact_e () ~> ret send () ~> ret withdraw () ~> call mc91_e _3735 )
#Or
  T ==K ( call withdraw _7 ~> call send _7 ~> call withdraw _63 ~> call send _63 ~> ret send () ~> ret withdraw () ~> call fact_e _911 ~> ret fact_e () ~> ret send () ~> ret withdraw () ~> call mult_e _3935 )
#Or
  T ==K ( call withdraw _7 ~> call send _7 ~> call withdraw _63 ~> call send _63 ~> ret send () ~> ret withdraw () ~> call fact_e _911 ~> ret fact_e () ~> ret send () ~> ret withdraw () ~> call repeat_e _3887 )
#Or
  T ==K ( call withdraw _7 ~> call send _7 ~> call withdraw _63 ~> call send _63 ~> ret send () ~> ret withdraw () ~> call fact_e _911 ~> ret fact_e () ~> ret send () ~> ret withdraw () ~> call sum_e _3541 )
#Or
  T ==K ( call withdraw _7 ~> call send _7 ~> call withdraw _63 ~> call send _63 ~> ret send () ~> ret withdraw () ~> call fact_e _911 ~> ret fact_e () ~> ret send () ~> ret withdraw () ~> call withdraw _3818 ~> call send _3818 ~> call fact_e _5039 ~> ret fact_e () ~> call withdraw _7059 ~> call send _7059 ~> ret send () ~> ret withdraw () ~> ret send () )
#Or
  T ==K ( call withdraw _7 ~> call send _7 ~> call withdraw _63 ~> call send _63 ~> ret send () ~> ret withdraw () ~> call fact_e _911 ~> ret fact_e () ~> ret send () ~> ret withdraw () ~> call withdraw _3818 ~> call send _3818 ~> call mc91_e _5371 ~> ret mc91_e () ~> call withdraw _7061 ~> call send _7061 ~> ret send () ~> ret withdraw () ~> ret send () )
#Or
  T ==K ( call withdraw _7 ~> call send _7 ~> call withdraw _63 ~> call send _63 ~> ret send () ~> ret withdraw () ~> call fact_e _911 ~> ret fact_e () ~> ret send () ~> ret withdraw () ~> call withdraw _3818 ~> call send _3818 ~> call withdraw _5452 ~> call send _5452 ~> ret send () ~> ret withdraw () ~> call fact_e _8858 ~> ret fact_e () ~> ret send () )
#Or
  T ==K ( call withdraw _7 ~> call send _7 ~> call withdraw _63 ~> call send _63 ~> ret send () ~> ret withdraw () ~> call fact_e _911 ~> ret fact_e () ~> ret send () ~> ret withdraw () ~> call withdraw _3818 ~> call send _3818 ~> call withdraw _5452 ~> call send _5452 ~> ret send () ~> ret withdraw () ~> call mc91_e _9013 ~> ret mc91_e () ~> ret send () )
#Or
  T ==K ( call withdraw _7 ~> call send _7 ~> call withdraw _63 ~> call send _63 ~> ret send () ~> ret withdraw () ~> call fact_e _911 ~> ret fact_e () ~> ret send () ~> ret withdraw () ~> call withdraw _3818 ~> call send _3818 ~> call withdraw _5452 ~> call send _5452 ~> ret send () ~> ret withdraw () ~> call withdraw _9080 ~> call send _9080 ~> ret send () ~> ret withdraw () ~> ret send () )
#Or
  T ==K ( call withdraw _7 ~> call send _7 ~> call withdraw _63 ~> call send _63 ~> ret send () ~> ret withdraw () ~> call fact_e _911 ~> ret fact_e () ~> ret send () ~> ret withdraw () ~> call withdraw _3818 ~> call send _3818 ~> call withdraw _5452 ~> call send _5452 ~> ret send () ~> ret withdraw () ~> call withdraw _9080 ~> ret withdraw () ~> ret send () )
#Or
  T ==K ( call withdraw _7 ~> call send _7 ~> call withdraw _63 ~> call send _63 ~> ret send () ~> ret withdraw () ~> call fact_e _911 ~> ret fact_e () ~> ret send () ~> ret withdraw () ~> call withdraw _3818 ~> call send _3818 ~> call withdraw _5452 ~> call send _5452 ~> ret send () ~> ret withdraw () ~> ret send () )
#Or
  T ==K ( call withdraw _7 ~> call send _7 ~> call withdraw _63 ~> call send _63 ~> ret send () ~> ret withdraw () ~> call fact_e _911 ~> ret fact_e () ~> ret send () ~> ret withdraw () ~> call withdraw _3818 ~> call send _3818 ~> call withdraw _5452 ~> ret withdraw () ~> call withdraw _7538 ~> call send _7538 ~> ret send () ~> ret withdraw () ~> ret send () )
#Or
  T ==K ( call withdraw _7 ~> call send _7 ~> call withdraw _63 ~> call send _63 ~> ret send () ~> ret withdraw () ~> call mc91_e _1049 ~> ret mc91_e () ~> ret send () )
#Or
  T ==K ( call withdraw _7 ~> call send _7 ~> call withdraw _63 ~> call send _63 ~> ret send () ~> ret withdraw () ~> call mc91_e _1049 ~> ret mc91_e () ~> ret send () ~> ret withdraw () ~> call mc91_e _3736 )
#Or
  T ==K ( call withdraw _7 ~> call send _7 ~> call withdraw _63 ~> call send _63 ~> ret send () ~> ret withdraw () ~> call mc91_e _1049 ~> ret mc91_e () ~> ret send () ~> ret withdraw () ~> call mult_e _3937 )
#Or
  T ==K ( call withdraw _7 ~> call send _7 ~> call withdraw _63 ~> call send _63 ~> ret send () ~> ret withdraw () ~> call mc91_e _1049 ~> ret mc91_e () ~> ret send () ~> ret withdraw () ~> call repeat_e _3889 )
#Or
  T ==K ( call withdraw _7 ~> call send _7 ~> call withdraw _63 ~> call send _63 ~> ret send () ~> ret withdraw () ~> call mc91_e _1049 ~> ret mc91_e () ~> ret send () ~> ret withdraw () ~> call sum_e _3542 )
#Or
  T ==K ( call withdraw _7 ~> call send _7 ~> call withdraw _63 ~> call send _63 ~> ret send () ~> ret withdraw () ~> call mc91_e _1049 ~> ret mc91_e () ~> ret send () ~> ret withdraw () ~> call withdraw _3820 ~> call send _3820 ~> call fact_e _5040 ~> ret fact_e () ~> call withdraw _7065 ~> call send _7065 ~> ret send () ~> ret withdraw () ~> ret send () )
#Or
  T ==K ( call withdraw _7 ~> call send _7 ~> call withdraw _63 ~> call send _63 ~> ret send () ~> ret withdraw () ~> call mc91_e _1049 ~> ret mc91_e () ~> ret send () ~> ret withdraw () ~> call withdraw _3820 ~> call send _3820 ~> call mc91_e _5373 ~> ret mc91_e () ~> call withdraw _7067 ~> call send _7067 ~> ret send () ~> ret withdraw () ~> ret send () )
#Or
  T ==K ( call withdraw _7 ~> call send _7 ~> call withdraw _63 ~> call send _63 ~> ret send () ~> ret withdraw () ~> call mc91_e _1049 ~> ret mc91_e () ~> ret send () ~> ret withdraw () ~> call withdraw _3820 ~> call send _3820 ~> call withdraw _5456 ~> call send _5456 ~> ret send () ~> ret withdraw () ~> call fact_e _8861 ~> ret fact_e () ~> ret send () )
#Or
  T ==K ( call withdraw _7 ~> call send _7 ~> call withdraw _63 ~> call send _63 ~> ret send () ~> ret withdraw () ~> call mc91_e _1049 ~> ret mc91_e () ~> ret send () ~> ret withdraw () ~> call withdraw _3820 ~> call send _3820 ~> call withdraw _5456 ~> call send _5456 ~> ret send () ~> ret withdraw () ~> call mc91_e _9022 ~> ret mc91_e () ~> ret send () )
#Or
  T ==K ( call withdraw _7 ~> call send _7 ~> call withdraw _63 ~> call send _63 ~> ret send () ~> ret withdraw () ~> call mc91_e _1049 ~> ret mc91_e () ~> ret send () ~> ret withdraw () ~> call withdraw _3820 ~> call send _3820 ~> call withdraw _5456 ~> call send _5456 ~> ret send () ~> ret withdraw () ~> call withdraw _9084 ~> call send _9084 ~> ret send () ~> ret withdraw () ~> ret send () )
#Or
  T ==K ( call withdraw _7 ~> call send _7 ~> call withdraw _63 ~> call send _63 ~> ret send () ~> ret withdraw () ~> call mc91_e _1049 ~> ret mc91_e () ~> ret send () ~> ret withdraw () ~> call withdraw _3820 ~> call send _3820 ~> call withdraw _5456 ~> call send _5456 ~> ret send () ~> ret withdraw () ~> call withdraw _9084 ~> ret withdraw () ~> ret send () )
#Or
  T ==K ( call withdraw _7 ~> call send _7 ~> call withdraw _63 ~> call send _63 ~> ret send () ~> ret withdraw () ~> call mc91_e _1049 ~> ret mc91_e () ~> ret send () ~> ret withdraw () ~> call withdraw _3820 ~> call send _3820 ~> call withdraw _5456 ~> call send _5456 ~> ret send () ~> ret withdraw () ~> ret send () )
#Or
  T ==K ( call withdraw _7 ~> call send _7 ~> call withdraw _63 ~> call send _63 ~> ret send () ~> ret withdraw () ~> call mc91_e _1049 ~> ret mc91_e () ~> ret send () ~> ret withdraw () ~> call withdraw _3820 ~> call send _3820 ~> call withdraw _5456 ~> ret withdraw () ~> call withdraw _7544 ~> call send _7544 ~> ret send () ~> ret withdraw () ~> ret send () )
#Or
  T ==K ( call withdraw _7 ~> call send _7 ~> call withdraw _63 ~> call send _63 ~> ret send () ~> ret withdraw () ~> call withdraw _1086 ~> call send _1086 ~> ret send () ~> ret withdraw () ~> ret send () )
#Or
  T ==K ( call withdraw _7 ~> call send _7 ~> call withdraw _63 ~> call send _63 ~> ret send () ~> ret withdraw () ~> call withdraw _1086 ~> call send _1086 ~> ret send () ~> ret withdraw () ~> ret send () ~> ret withdraw () ~> call mc91_e _6140 )
#Or
  T ==K ( call withdraw _7 ~> call send _7 ~> call withdraw _63 ~> call send _63 ~> ret send () ~> ret withdraw () ~> call withdraw _1086 ~> call send _1086 ~> ret send () ~> ret withdraw () ~> ret send () ~> ret withdraw () ~> call mult_e _6331 )
#Or
  T ==K ( call withdraw _7 ~> call send _7 ~> call withdraw _63 ~> call send _63 ~> ret send () ~> ret withdraw () ~> call withdraw _1086 ~> call send _1086 ~> ret send () ~> ret withdraw () ~> ret send () ~> ret withdraw () ~> call repeat_e _6276 )
#Or
  T ==K ( call withdraw _7 ~> call send _7 ~> call withdraw _63 ~> call send _63 ~> ret send () ~> ret withdraw () ~> call withdraw _1086 ~> call send _1086 ~> ret send () ~> ret withdraw () ~> ret send () ~> ret withdraw () ~> call sum_e _5932 )
#Or
  T ==K ( call withdraw _7 ~> call send _7 ~> call withdraw _63 ~> call send _63 ~> ret send () ~> ret withdraw () ~> call withdraw _1086 ~> call send _1086 ~> ret send () ~> ret withdraw () ~> ret send () ~> ret withdraw () ~> call withdraw _6198 ~> call send _6198 ~> call fact_e _7545 ~> ret fact_e () ~> call withdraw _9088 ~> call send _9088 ~> ret send () ~> ret withdraw () ~> ret send () )
#Or
  T ==K ( call withdraw _7 ~> call send _7 ~> call withdraw _63 ~> call send _63 ~> ret send () ~> ret withdraw () ~> call withdraw _1086 ~> call send _1086 ~> ret send () ~> ret withdraw () ~> ret send () ~> ret withdraw () ~> call withdraw _6198 ~> call send _6198 ~> call mc91_e _7845 ~> ret mc91_e () ~> call withdraw _9090 ~> call send _9090 ~> ret send () ~> ret withdraw () ~> ret send () )
#Or
  T ==K ( call withdraw _7 ~> call send _7 ~> call withdraw _63 ~> call send _63 ~> ret send () ~> ret withdraw () ~> call withdraw _1086 ~> call send _1086 ~> ret send () ~> ret withdraw () ~> ret send () ~> ret withdraw () ~> call withdraw _6198 ~> call send _6198 ~> call withdraw _7940 ~> call send _7940 ~> ret send () ~> ret withdraw () ~> call fact_e _9921 ~> ret fact_e () ~> ret send () )
#Or
  T ==K ( call withdraw _7 ~> call send _7 ~> call withdraw _63 ~> call send _63 ~> ret send () ~> ret withdraw () ~> call withdraw _1086 ~> call send _1086 ~> ret send () ~> ret withdraw () ~> ret send () ~> ret withdraw () ~> call withdraw _6198 ~> call send _6198 ~> call withdraw _7940 ~> call send _7940 ~> ret send () ~> ret withdraw () ~> call mc91_e _9967 ~> ret mc91_e () ~> ret send () )
#Or
  T ==K ( call withdraw _7 ~> call send _7 ~> call withdraw _63 ~> call send _63 ~> ret send () ~> ret withdraw () ~> call withdraw _1086 ~> call send _1086 ~> ret send () ~> ret withdraw () ~> ret send () ~> ret withdraw () ~> call withdraw _6198 ~> call send _6198 ~> call withdraw _7940 ~> call send _7940 ~> ret send () ~> ret withdraw () ~> call withdraw _9993 ~> call send _9993 ~> ret send () ~> ret withdraw () ~> ret send () )
#Or
  T ==K ( call withdraw _7 ~> call send _7 ~> call withdraw _63 ~> call send _63 ~> ret send () ~> ret withdraw () ~> call withdraw _1086 ~> call send _1086 ~> ret send () ~> ret withdraw () ~> ret send () ~> ret withdraw () ~> call withdraw _6198 ~> call send _6198 ~> call withdraw _7940 ~> call send _7940 ~> ret send () ~> ret withdraw () ~> call withdraw _9993 ~> ret withdraw () ~> ret send () )
#Or
  T ==K ( call withdraw _7 ~> call send _7 ~> call withdraw _63 ~> call send _63 ~> ret send () ~> ret withdraw () ~> call withdraw _1086 ~> call send _1086 ~> ret send () ~> ret withdraw () ~> ret send () ~> ret withdraw () ~> call withdraw _6198 ~> call send _6198 ~> call withdraw _7940 ~> call send _7940 ~> ret send () ~> ret withdraw () ~> ret send () )
#Or
  T ==K ( call withdraw _7 ~> call send _7 ~> call withdraw _63 ~> call send _63 ~> ret send () ~> ret withdraw () ~> call withdraw _1086 ~> call send _1086 ~> ret send () ~> ret withdraw () ~> ret send () ~> ret withdraw () ~> call withdraw _6198 ~> call send _6198 ~> call withdraw _7940 ~> ret withdraw () ~> call withdraw _9372 ~> call send _9372 ~> ret send () ~> ret withdraw () ~> ret send () )
#Or
  T ==K ( call withdraw _7 ~> call send _7 ~> call withdraw _63 ~> call send _63 ~> ret send () ~> ret withdraw () ~> call withdraw _1086 ~> ret withdraw () ~> ret send () )
#Or
  T ==K ( call withdraw _7 ~> call send _7 ~> call withdraw _63 ~> call send _63 ~> ret send () ~> ret withdraw () ~> call withdraw _1086 ~> ret withdraw () ~> ret send () ~> ret withdraw () ~> call mc91_e _4103 )
#Or
  T ==K ( call withdraw _7 ~> call send _7 ~> call withdraw _63 ~> call send _63 ~> ret send () ~> ret withdraw () ~> call withdraw _1086 ~> ret withdraw () ~> ret send () ~> ret withdraw () ~> call mult_e _4289 )
#Or
  T ==K ( call withdraw _7 ~> call send _7 ~> call withdraw _63 ~> call send _63 ~> ret send () ~> ret withdraw () ~> call withdraw _1086 ~> ret withdraw () ~> ret send () ~> ret withdraw () ~> call repeat_e _4244 )
#Or
  T ==K ( call withdraw _7 ~> call send _7 ~> call withdraw _63 ~> call send _63 ~> ret send () ~> ret withdraw () ~> call withdraw _1086 ~> ret withdraw () ~> ret send () ~> ret withdraw () ~> call sum_e _3938 )
#Or
  T ==K ( call withdraw _7 ~> call send _7 ~> call withdraw _63 ~> call send _63 ~> ret send () ~> ret withdraw () ~> call withdraw _1086 ~> ret withdraw () ~> ret send () ~> ret withdraw () ~> call withdraw _4171 ~> call send _4171 ~> call fact_e _5534 ~> ret fact_e () ~> call withdraw _7547 ~> call send _7547 ~> ret send () ~> ret withdraw () ~> ret send () )
#Or
  T ==K ( call withdraw _7 ~> call send _7 ~> call withdraw _63 ~> call send _63 ~> ret send () ~> ret withdraw () ~> call withdraw _1086 ~> ret withdraw () ~> ret send () ~> ret withdraw () ~> call withdraw _4171 ~> call send _4171 ~> call mc91_e _5851 ~> ret mc91_e () ~> call withdraw _7549 ~> call send _7549 ~> ret send () ~> ret withdraw () ~> ret send () )
#Or
  T ==K ( call withdraw _7 ~> call send _7 ~> call withdraw _63 ~> call send _63 ~> ret send () ~> ret withdraw () ~> call withdraw _1086 ~> ret withdraw () ~> ret send () ~> ret withdraw () ~> call withdraw _4171 ~> call send _4171 ~> call withdraw _5935 ~> call send _5935 ~> ret send () ~> ret withdraw () ~> call fact_e _9128 ~> ret fact_e () ~> ret send () )
#Or
  T ==K ( call withdraw _7 ~> call send _7 ~> call withdraw _63 ~> call send _63 ~> ret send () ~> ret withdraw () ~> call withdraw _1086 ~> ret withdraw () ~> ret send () ~> ret withdraw () ~> call withdraw _4171 ~> call send _4171 ~> call withdraw _5935 ~> call send _5935 ~> ret send () ~> ret withdraw () ~> call mc91_e _9315 ~> ret mc91_e () ~> ret send () )
#Or
  T ==K ( call withdraw _7 ~> call send _7 ~> call withdraw _63 ~> call send _63 ~> ret send () ~> ret withdraw () ~> call withdraw _1086 ~> ret withdraw () ~> ret send () ~> ret withdraw () ~> call withdraw _4171 ~> call send _4171 ~> call withdraw _5935 ~> call send _5935 ~> ret send () ~> ret withdraw () ~> call withdraw _9374 ~> call send _9374 ~> ret send () ~> ret withdraw () ~> ret send () )
#Or
  T ==K ( call withdraw _7 ~> call send _7 ~> call withdraw _63 ~> call send _63 ~> ret send () ~> ret withdraw () ~> call withdraw _1086 ~> ret withdraw () ~> ret send () ~> ret withdraw () ~> call withdraw _4171 ~> call send _4171 ~> call withdraw _5935 ~> call send _5935 ~> ret send () ~> ret withdraw () ~> call withdraw _9374 ~> ret withdraw () ~> ret send () )
#Or
  T ==K ( call withdraw _7 ~> call send _7 ~> call withdraw _63 ~> call send _63 ~> ret send () ~> ret withdraw () ~> call withdraw _1086 ~> ret withdraw () ~> ret send () ~> ret withdraw () ~> call withdraw _4171 ~> call send _4171 ~> call withdraw _5935 ~> call send _5935 ~> ret send () ~> ret withdraw () ~> ret send () )
#Or
  T ==K ( call withdraw _7 ~> call send _7 ~> call withdraw _63 ~> call send _63 ~> ret send () ~> ret withdraw () ~> call withdraw _1086 ~> ret withdraw () ~> ret send () ~> ret withdraw () ~> call withdraw _4171 ~> call send _4171 ~> call withdraw _5935 ~> ret withdraw () ~> call withdraw _8014 ~> call send _8014 ~> ret send () ~> ret withdraw () ~> ret send () )
#Or
  T ==K ( call withdraw _7 ~> call send _7 ~> call withdraw _63 ~> call send _63 ~> ret send () ~> ret withdraw () ~> ret send () )
#Or
  T ==K ( call withdraw _7 ~> call send _7 ~> call withdraw _63 ~> call send _63 ~> ret send () ~> ret withdraw () ~> ret send () ~> ret withdraw () ~> call mc91_e _2448 )
#Or
  T ==K ( call withdraw _7 ~> call send _7 ~> call withdraw _63 ~> call send _63 ~> ret send () ~> ret withdraw () ~> ret send () ~> ret withdraw () ~> call mult_e _2624 )
#Or
  T ==K ( call withdraw _7 ~> call send _7 ~> call withdraw _63 ~> call send _63 ~> ret send () ~> ret withdraw () ~> ret send () ~> ret withdraw () ~> call repeat_e _2575 )
#Or
  T ==K ( call withdraw _7 ~> call send _7 ~> call withdraw _63 ~> call send _63 ~> ret send () ~> ret withdraw () ~> ret send () ~> ret withdraw () ~> call sum_e _2293 )
#Or
  T ==K ( call withdraw _7 ~> call send _7 ~> call withdraw _63 ~> call send _63 ~> ret send () ~> ret withdraw () ~> ret send () ~> ret withdraw () ~> call withdraw _2505 ~> call send _2505 ~> call fact_e _3543 ~> ret fact_e () ~> call withdraw _5462 ~> call send _5462 ~> ret send () ~> ret withdraw () ~> ret send () )
#Or
  T ==K ( call withdraw _7 ~> call send _7 ~> call withdraw _63 ~> call send _63 ~> ret send () ~> ret withdraw () ~> ret send () ~> ret withdraw () ~> call withdraw _2505 ~> call send _2505 ~> call mc91_e _3822 ~> ret mc91_e () ~> call withdraw _5464 ~> call send _5464 ~> ret send () ~> ret withdraw () ~> ret send () )
#Or
  T ==K ( call withdraw _7 ~> call send _7 ~> call withdraw _63 ~> call send _63 ~> ret send () ~> ret withdraw () ~> ret send () ~> ret withdraw () ~> call withdraw _2505 ~> call send _2505 ~> call withdraw _3893 ~> call send _3893 ~> ret send () ~> ret withdraw () ~> call fact_e _7552 ~> ret fact_e () ~> ret send () )
#Or
  T ==K ( call withdraw _7 ~> call send _7 ~> call withdraw _63 ~> call send _63 ~> ret send () ~> ret withdraw () ~> ret send () ~> ret withdraw () ~> call withdraw _2505 ~> call send _2505 ~> call withdraw _3893 ~> call send _3893 ~> ret send () ~> ret withdraw () ~> call mc91_e _7859 ~> ret mc91_e () ~> ret send () )
#Or
  T ==K ( call withdraw _7 ~> call send _7 ~> call withdraw _63 ~> call send _63 ~> ret send () ~> ret withdraw () ~> ret send () ~> ret withdraw () ~> call withdraw _2505 ~> call send _2505 ~> call withdraw _3893 ~> call send _3893 ~> ret send () ~> ret withdraw () ~> call withdraw _7946 ~> call send _7946 ~> ret send () ~> ret withdraw () ~> ret send () )
#Or
  T ==K ( call withdraw _7 ~> call send _7 ~> call withdraw _63 ~> call send _63 ~> ret send () ~> ret withdraw () ~> ret send () ~> ret withdraw () ~> call withdraw _2505 ~> call send _2505 ~> call withdraw _3893 ~> call send _3893 ~> ret send () ~> ret withdraw () ~> call withdraw _7946 ~> ret withdraw () ~> ret send () )
#Or
  T ==K ( call withdraw _7 ~> call send _7 ~> call withdraw _63 ~> call send _63 ~> ret send () ~> ret withdraw () ~> ret send () ~> ret withdraw () ~> call withdraw _2505 ~> call send _2505 ~> call withdraw _3893 ~> call send _3893 ~> ret send () ~> ret withdraw () ~> ret send () )
#Or
  T ==K ( call withdraw _7 ~> call send _7 ~> call withdraw _63 ~> call send _63 ~> ret send () ~> ret withdraw () ~> ret send () ~> ret withdraw () ~> call withdraw _2505 ~> call send _2505 ~> call withdraw _3893 ~> ret withdraw () ~> call withdraw _5942 ~> call send _5942 ~> ret send () ~> ret withdraw () ~> ret send () )
#Or
  T ==K ( call withdraw _7 ~> call send _7 ~> call withdraw _63 ~> ret withdraw () ~> call fact_e _312 ~> ret fact_e () ~> ret send () ~> ret withdraw () ~> call mc91_e _2181 )
#Or
  T ==K ( call withdraw _7 ~> call send _7 ~> call withdraw _63 ~> ret withdraw () ~> call fact_e _312 ~> ret fact_e () ~> ret send () ~> ret withdraw () ~> call mult_e _2347 )
#Or
  T ==K ( call withdraw _7 ~> call send _7 ~> call withdraw _63 ~> ret withdraw () ~> call fact_e _312 ~> ret fact_e () ~> ret send () ~> ret withdraw () ~> call repeat_e _2295 )
#Or
  T ==K ( call withdraw _7 ~> call send _7 ~> call withdraw _63 ~> ret withdraw () ~> call fact_e _312 ~> ret fact_e () ~> ret send () ~> ret withdraw () ~> call sum_e _2029 )
#Or
  T ==K ( call withdraw _7 ~> call send _7 ~> call withdraw _63 ~> ret withdraw () ~> call fact_e _312 ~> ret fact_e () ~> ret send () ~> ret withdraw () ~> call withdraw _2234 ~> call send _2234 ~> call fact_e _3257 ~> ret fact_e () ~> call withdraw _5046 ~> call send _5046 ~> ret send () ~> ret withdraw () ~> ret send () )
#Or
  T ==K ( call withdraw _7 ~> call send _7 ~> call withdraw _63 ~> ret withdraw () ~> call fact_e _312 ~> ret fact_e () ~> ret send () ~> ret withdraw () ~> call withdraw _2234 ~> call send _2234 ~> call mc91_e _3487 ~> ret mc91_e () ~> call withdraw _5048 ~> call send _5048 ~> ret send () ~> ret withdraw () ~> ret send () )
#Or
  T ==K ( call withdraw _7 ~> call send _7 ~> call withdraw _63 ~> ret withdraw () ~> call fact_e _312 ~> ret fact_e () ~> ret send () ~> ret withdraw () ~> call withdraw _2234 ~> call send _2234 ~> call withdraw _3546 ~> call send _3546 ~> ret send () ~> ret withdraw () ~> call fact_e _7148 ~> ret fact_e () ~> ret send () )
#Or
  T ==K ( call withdraw _7 ~> call send _7 ~> call withdraw _63 ~> ret withdraw () ~> call fact_e _312 ~> ret fact_e () ~> ret send () ~> ret withdraw () ~> call withdraw _2234 ~> call send _2234 ~> call withdraw _3546 ~> call send _3546 ~> ret send () ~> ret withdraw () ~> call mc91_e _7467 ~> ret mc91_e () ~> ret send () )
#Or
  T ==K ( call withdraw _7 ~> call send _7 ~> call withdraw _63 ~> ret withdraw () ~> call fact_e _312 ~> ret fact_e () ~> ret send () ~> ret withdraw () ~> call withdraw _2234 ~> call send _2234 ~> call withdraw _3546 ~> call send _3546 ~> ret send () ~> ret withdraw () ~> call withdraw _7556 ~> call send _7556 ~> ret send () ~> ret withdraw () ~> ret send () )
#Or
  T ==K ( call withdraw _7 ~> call send _7 ~> call withdraw _63 ~> ret withdraw () ~> call fact_e _312 ~> ret fact_e () ~> ret send () ~> ret withdraw () ~> call withdraw _2234 ~> call send _2234 ~> call withdraw _3546 ~> call send _3546 ~> ret send () ~> ret withdraw () ~> call withdraw _7556 ~> ret withdraw () ~> ret send () )
#Or
  T ==K ( call withdraw _7 ~> call send _7 ~> call withdraw _63 ~> ret withdraw () ~> call fact_e _312 ~> ret fact_e () ~> ret send () ~> ret withdraw () ~> call withdraw _2234 ~> call send _2234 ~> call withdraw _3546 ~> call send _3546 ~> ret send () ~> ret withdraw () ~> ret send () )
#Or
  T ==K ( call withdraw _7 ~> call send _7 ~> call withdraw _63 ~> ret withdraw () ~> call fact_e _312 ~> ret fact_e () ~> ret send () ~> ret withdraw () ~> call withdraw _2234 ~> call send _2234 ~> call withdraw _3546 ~> ret withdraw () ~> call withdraw _5546 ~> call send _5546 ~> ret send () ~> ret withdraw () ~> ret send () )
#Or
  T ==K ( call withdraw _7 ~> call send _7 ~> call withdraw _63 ~> ret withdraw () ~> call mc91_e _380 ~> ret mc91_e () ~> ret send () ~> ret withdraw () ~> call mc91_e _2182 )
#Or
  T ==K ( call withdraw _7 ~> call send _7 ~> call withdraw _63 ~> ret withdraw () ~> call mc91_e _380 ~> ret mc91_e () ~> ret send () ~> ret withdraw () ~> call mult_e _2349 )
#Or
  T ==K ( call withdraw _7 ~> call send _7 ~> call withdraw _63 ~> ret withdraw () ~> call mc91_e _380 ~> ret mc91_e () ~> ret send () ~> ret withdraw () ~> call repeat_e _2297 )
#Or
  T ==K ( call withdraw _7 ~> call send _7 ~> call withdraw _63 ~> ret withdraw () ~> call mc91_e _380 ~> ret mc91_e () ~> ret send () ~> ret withdraw () ~> call sum_e _2030 )
#Or
  T ==K ( call withdraw _7 ~> call send _7 ~> call withdraw _63 ~> ret withdraw () ~> call mc91_e _380 ~> ret mc91_e () ~> ret send () ~> ret withdraw () ~> call withdraw _2236 ~> call send _2236 ~> call fact_e _3258 ~> ret fact_e () ~> call withdraw _5052 ~> call send _5052 ~> ret send () ~> ret withdraw () ~> ret send () )
#Or
  T ==K ( call withdraw _7 ~> call send _7 ~> call withdraw _63 ~> ret withdraw () ~> call mc91_e _380 ~> ret mc91_e () ~> ret send () ~> ret withdraw () ~> call withdraw _2236 ~> call send _2236 ~> call mc91_e _3489 ~> ret mc91_e () ~> call withdraw _5054 ~> call send _5054 ~> ret send () ~> ret withdraw () ~> ret send () )
#Or
  T ==K ( call withdraw _7 ~> call send _7 ~> call withdraw _63 ~> ret withdraw () ~> call mc91_e _380 ~> ret mc91_e () ~> ret send () ~> ret withdraw () ~> call withdraw _2236 ~> call send _2236 ~> call withdraw _3550 ~> call send _3550 ~> ret send () ~> ret withdraw () ~> call fact_e _7151 ~> ret fact_e () ~> ret send () )
#Or
  T ==K ( call withdraw _7 ~> call send _7 ~> call withdraw _63 ~> ret withdraw () ~> call mc91_e _380 ~> ret mc91_e () ~> ret send () ~> ret withdraw () ~> call withdraw _2236 ~> call send _2236 ~> call withdraw _3550 ~> call send _3550 ~> ret send () ~> ret withdraw () ~> call mc91_e _7476 ~> ret mc91_e () ~> ret send () )
#Or
  T ==K ( call withdraw _7 ~> call send _7 ~> call withdraw _63 ~> ret withdraw () ~> call mc91_e _380 ~> ret mc91_e () ~> ret send () ~> ret withdraw () ~> call withdraw _2236 ~> call send _2236 ~> call withdraw _3550 ~> call send _3550 ~> ret send () ~> ret withdraw () ~> call withdraw _7560 ~> call send _7560 ~> ret send () ~> ret withdraw () ~> ret send () )
#Or
  T ==K ( call withdraw _7 ~> call send _7 ~> call withdraw _63 ~> ret withdraw () ~> call mc91_e _380 ~> ret mc91_e () ~> ret send () ~> ret withdraw () ~> call withdraw _2236 ~> call send _2236 ~> call withdraw _3550 ~> call send _3550 ~> ret send () ~> ret withdraw () ~> call withdraw _7560 ~> ret withdraw () ~> ret send () )
#Or
  T ==K ( call withdraw _7 ~> call send _7 ~> call withdraw _63 ~> ret withdraw () ~> call mc91_e _380 ~> ret mc91_e () ~> ret send () ~> ret withdraw () ~> call withdraw _2236 ~> call send _2236 ~> call withdraw _3550 ~> call send _3550 ~> ret send () ~> ret withdraw () ~> ret send () )
#Or
  T ==K ( call withdraw _7 ~> call send _7 ~> call withdraw _63 ~> ret withdraw () ~> call mc91_e _380 ~> ret mc91_e () ~> ret send () ~> ret withdraw () ~> call withdraw _2236 ~> call send _2236 ~> call withdraw _3550 ~> ret withdraw () ~> call withdraw _5552 ~> call send _5552 ~> ret send () ~> ret withdraw () ~> ret send () )
#Or
  T ==K ( call withdraw _7 ~> call send _7 ~> call withdraw _63 ~> ret withdraw () ~> call withdraw _399 ~> call send _399 ~> ret send () ~> ret withdraw () ~> ret send () )
#Or
  T ==K ( call withdraw _7 ~> call send _7 ~> call withdraw _63 ~> ret withdraw () ~> call withdraw _399 ~> call send _399 ~> ret send () ~> ret withdraw () ~> ret send () ~> ret withdraw () ~> call mc91_e _4110 )
#Or
  T ==K ( call withdraw _7 ~> call send _7 ~> call withdraw _63 ~> ret withdraw () ~> call withdraw _399 ~> call send _399 ~> ret send () ~> ret withdraw () ~> ret send () ~> ret withdraw () ~> call mult_e _4296 )
#Or
  T ==K ( call withdraw _7 ~> call send _7 ~> call withdraw _63 ~> ret withdraw () ~> call withdraw _399 ~> call send _399 ~> ret send () ~> ret withdraw () ~> ret send () ~> ret withdraw () ~> call repeat_e _4250 )
#Or
  T ==K ( call withdraw _7 ~> call send _7 ~> call withdraw _63 ~> ret withdraw () ~> call withdraw _399 ~> call send _399 ~> ret send () ~> ret withdraw () ~> ret send () ~> ret withdraw () ~> call sum_e _3945 )
#Or
  T ==K ( call withdraw _7 ~> call send _7 ~> call withdraw _63 ~> ret withdraw () ~> call withdraw _399 ~> call send _399 ~> ret send () ~> ret withdraw () ~> ret send () ~> ret withdraw () ~> call withdraw _4181 ~> call send _4181 ~> call fact_e _5553 ~> ret fact_e () ~> call withdraw _7564 ~> call send _7564 ~> ret send () ~> ret withdraw () ~> ret send () )
#Or
  T ==K ( call withdraw _7 ~> call send _7 ~> call withdraw _63 ~> ret withdraw () ~> call withdraw _399 ~> call send _399 ~> ret send () ~> ret withdraw () ~> ret send () ~> ret withdraw () ~> call withdraw _4181 ~> call send _4181 ~> call mc91_e _5880 ~> ret mc91_e () ~> call withdraw _7566 ~> call send _7566 ~> ret send () ~> ret withdraw () ~> ret send () )
#Or
  T ==K ( call withdraw _7 ~> call send _7 ~> call withdraw _63 ~> ret withdraw () ~> call withdraw _399 ~> call send _399 ~> ret send () ~> ret withdraw () ~> ret send () ~> ret withdraw () ~> call withdraw _4181 ~> call send _4181 ~> call withdraw _5949 ~> call send _5949 ~> ret send () ~> ret withdraw () ~> call fact_e _9132 ~> ret fact_e () ~> ret send () )
#Or
  T ==K ( call withdraw _7 ~> call send _7 ~> call withdraw _63 ~> ret withdraw () ~> call withdraw _399 ~> call send _399 ~> ret send () ~> ret withdraw () ~> ret send () ~> ret withdraw () ~> call withdraw _4181 ~> call send _4181 ~> call withdraw _5949 ~> call send _5949 ~> ret send () ~> ret withdraw () ~> call mc91_e _9334 ~> ret mc91_e () ~> ret send () )
#Or
  T ==K ( call withdraw _7 ~> call send _7 ~> call withdraw _63 ~> ret withdraw () ~> call withdraw _399 ~> call send _399 ~> ret send () ~> ret withdraw () ~> ret send () ~> ret withdraw () ~> call withdraw _4181 ~> call send _4181 ~> call withdraw _5949 ~> call send _5949 ~> ret send () ~> ret withdraw () ~> call withdraw _9378 ~> call send _9378 ~> ret send () ~> ret withdraw () ~> ret send () )
#Or
  T ==K ( call withdraw _7 ~> call send _7 ~> call withdraw _63 ~> ret withdraw () ~> call withdraw _399 ~> call send _399 ~> ret send () ~> ret withdraw () ~> ret send () ~> ret withdraw () ~> call withdraw _4181 ~> call send _4181 ~> call withdraw _5949 ~> call send _5949 ~> ret send () ~> ret withdraw () ~> call withdraw _9378 ~> ret withdraw () ~> ret send () )
#Or
  T ==K ( call withdraw _7 ~> call send _7 ~> call withdraw _63 ~> ret withdraw () ~> call withdraw _399 ~> call send _399 ~> ret send () ~> ret withdraw () ~> ret send () ~> ret withdraw () ~> call withdraw _4181 ~> call send _4181 ~> call withdraw _5949 ~> call send _5949 ~> ret send () ~> ret withdraw () ~> ret send () )
#Or
  T ==K ( call withdraw _7 ~> call send _7 ~> call withdraw _63 ~> ret withdraw () ~> call withdraw _399 ~> call send _399 ~> ret send () ~> ret withdraw () ~> ret send () ~> ret withdraw () ~> call withdraw _4181 ~> call send _4181 ~> call withdraw _5949 ~> ret withdraw () ~> call withdraw _8030 ~> call send _8030 ~> ret send () ~> ret withdraw () ~> ret send () )
#Or
  T ==K ( call withdraw _7 ~> call send _7 ~> call withdraw _63 ~> ret withdraw () ~> call withdraw _399 ~> ret withdraw () ~> ret send () ~> ret withdraw () ~> call mc91_e _2508 )
#Or
  T ==K ( call withdraw _7 ~> call send _7 ~> call withdraw _63 ~> ret withdraw () ~> call withdraw _399 ~> ret withdraw () ~> ret send () ~> ret withdraw () ~> call mult_e _2673 )
#Or
  T ==K ( call withdraw _7 ~> call send _7 ~> call withdraw _63 ~> ret withdraw () ~> call withdraw _399 ~> ret withdraw () ~> ret send () ~> ret withdraw () ~> call repeat_e _2634 )
#Or
  T ==K ( call withdraw _7 ~> call send _7 ~> call withdraw _63 ~> ret withdraw () ~> call withdraw _399 ~> ret withdraw () ~> ret send () ~> ret withdraw () ~> call sum_e _2350 )
#Or
  T ==K ( call withdraw _7 ~> call send _7 ~> call withdraw _63 ~> ret withdraw () ~> call withdraw _399 ~> ret withdraw () ~> ret send () ~> ret withdraw () ~> call withdraw _2581 ~> call send _2581 ~> call fact_e _3628 ~> ret fact_e () ~> call withdraw _5555 ~> call send _5555 ~> ret send () ~> ret withdraw () ~> ret send () )
#Or
  T ==K ( call withdraw _7 ~> call send _7 ~> call withdraw _63 ~> ret withdraw () ~> call withdraw _399 ~> ret withdraw () ~> ret send () ~> ret withdraw () ~> call withdraw _2581 ~> call send _2581 ~> call mc91_e _3897 ~> ret mc91_e () ~> call withdraw _5557 ~> call send _5557 ~> ret send () ~> ret withdraw () ~> ret send () )
#Or
  T ==K ( call withdraw _7 ~> call send _7 ~> call withdraw _63 ~> ret withdraw () ~> call withdraw _399 ~> ret withdraw () ~> ret send () ~> ret withdraw () ~> call withdraw _2581 ~> call send _2581 ~> call withdraw _3948 ~> call send _3948 ~> ret send () ~> ret withdraw () ~> call fact_e _7647 ~> ret fact_e () ~> ret send () )
#Or
  T ==K ( call withdraw _7 ~> call send _7 ~> call withdraw _63 ~> ret withdraw () ~> call withdraw _399 ~> ret withdraw () ~> ret send () ~> ret withdraw () ~> call withdraw _2581 ~> call send _2581 ~> call withdraw _3948 ~> call send _3948 ~> ret send () ~> ret withdraw () ~> call mc91_e _7968 ~> ret mc91_e () ~> ret send () )
#Or
  T ==K ( call withdraw _7 ~> call send _7 ~> call withdraw _63 ~> ret withdraw () ~> call withdraw _399 ~> ret withdraw () ~> ret send () ~> ret withdraw () ~> call withdraw _2581 ~> call send _2581 ~> call withdraw _3948 ~> call send _3948 ~> ret send () ~> ret withdraw () ~> call withdraw _8032 ~> call send _8032 ~> ret send () ~> ret withdraw () ~> ret send () )
#Or
  T ==K ( call withdraw _7 ~> call send _7 ~> call withdraw _63 ~> ret withdraw () ~> call withdraw _399 ~> ret withdraw () ~> ret send () ~> ret withdraw () ~> call withdraw _2581 ~> call send _2581 ~> call withdraw _3948 ~> call send _3948 ~> ret send () ~> ret withdraw () ~> call withdraw _8032 ~> ret withdraw () ~> ret send () )
#Or
  T ==K ( call withdraw _7 ~> call send _7 ~> call withdraw _63 ~> ret withdraw () ~> call withdraw _399 ~> ret withdraw () ~> ret send () ~> ret withdraw () ~> call withdraw _2581 ~> call send _2581 ~> call withdraw _3948 ~> call send _3948 ~> ret send () ~> ret withdraw () ~> ret send () )
#Or
  T ==K ( call withdraw _7 ~> call send _7 ~> call withdraw _63 ~> ret withdraw () ~> call withdraw _399 ~> ret withdraw () ~> ret send () ~> ret withdraw () ~> call withdraw _2581 ~> call send _2581 ~> call withdraw _3948 ~> ret withdraw () ~> call withdraw _6038 ~> call send _6038 ~> ret send () ~> ret withdraw () ~> ret send () )
#Or
  T ==K ( call withdraw _7 ~> call send _7 ~> call withdraw _63 ~> ret withdraw () ~> ret send () ~> ret withdraw () ~> call mc91_e _1223 )
#Or
  T ==K ( call withdraw _7 ~> call send _7 ~> call withdraw _63 ~> ret withdraw () ~> ret send () ~> ret withdraw () ~> call mult_e _1340 )
#Or
  T ==K ( call withdraw _7 ~> call send _7 ~> call withdraw _63 ~> ret withdraw () ~> ret send () ~> ret withdraw () ~> call repeat_e _1306 )
#Or
  T ==K ( call withdraw _7 ~> call send _7 ~> call withdraw _63 ~> ret withdraw () ~> ret send () ~> ret withdraw () ~> call sum_e _1119 )
#Or
  T ==K ( call withdraw _7 ~> call send _7 ~> call withdraw _63 ~> ret withdraw () ~> ret send () ~> ret withdraw () ~> call withdraw _1261 ~> call send _1261 ~> call fact_e _2031 ~> ret fact_e () ~> call withdraw _3556 ~> call send _3556 ~> ret send () ~> ret withdraw () ~> ret send () )
#Or
  T ==K ( call withdraw _7 ~> call send _7 ~> call withdraw _63 ~> ret withdraw () ~> ret send () ~> ret withdraw () ~> call withdraw _1261 ~> call send _1261 ~> call mc91_e _2238 ~> ret mc91_e () ~> call withdraw _3558 ~> call send _3558 ~> ret send () ~> ret withdraw () ~> ret send () )
#Or
  T ==K ( call withdraw _7 ~> call send _7 ~> call withdraw _63 ~> ret withdraw () ~> ret send () ~> ret withdraw () ~> call withdraw _1261 ~> call send _1261 ~> call withdraw _2301 ~> call send _2301 ~> ret send () ~> ret withdraw () ~> call fact_e _5560 ~> ret fact_e () ~> ret send () )
#Or
  T ==K ( call withdraw _7 ~> call send _7 ~> call withdraw _63 ~> ret withdraw () ~> ret send () ~> ret withdraw () ~> call withdraw _1261 ~> call send _1261 ~> call withdraw _2301 ~> call send _2301 ~> ret send () ~> ret withdraw () ~> call mc91_e _5894 ~> ret mc91_e () ~> ret send () )
#Or
  T ==K ( call withdraw _7 ~> call send _7 ~> call withdraw _63 ~> ret withdraw () ~> ret send () ~> ret withdraw () ~> call withdraw _1261 ~> call send _1261 ~> call withdraw _2301 ~> call send _2301 ~> ret send () ~> ret withdraw () ~> call withdraw _5955 ~> call send _5955 ~> ret send () ~> ret withdraw () ~> ret send () )
#Or
  T ==K ( call withdraw _7 ~> call send _7 ~> call withdraw _63 ~> ret withdraw () ~> ret send () ~> ret withdraw () ~> call withdraw _1261 ~> call send _1261 ~> call withdraw _2301 ~> call send _2301 ~> ret send () ~> ret withdraw () ~> call withdraw _5955 ~> ret withdraw () ~> ret send () )
#Or
  T ==K ( call withdraw _7 ~> call send _7 ~> call withdraw _63 ~> ret withdraw () ~> ret send () ~> ret withdraw () ~> call withdraw _1261 ~> call send _1261 ~> call withdraw _2301 ~> call send _2301 ~> ret send () ~> ret withdraw () ~> ret send () )
#Or
  T ==K ( call withdraw _7 ~> call send _7 ~> call withdraw _63 ~> ret withdraw () ~> ret send () ~> ret withdraw () ~> call withdraw _1261 ~> call send _1261 ~> call withdraw _2301 ~> ret withdraw () ~> call withdraw _3955 ~> call send _3955 ~> ret send () ~> ret withdraw () ~> ret send () )
#Or
  T ==K ( call withdraw _7 ~> call send _7 ~> ret send () ~> ret withdraw () ~> call mc91_e _464 )
#Or
  T ==K ( call withdraw _7 ~> call send _7 ~> ret send () ~> ret withdraw () ~> call mult_e _515 )
#Or
  T ==K ( call withdraw _7 ~> call send _7 ~> ret send () ~> ret withdraw () ~> call repeat_e _505 )
#Or
  T ==K ( call withdraw _7 ~> call send _7 ~> ret send () ~> ret withdraw () ~> call sum_e _400 )
#Or
  T ==K ( call withdraw _7 ~> call send _7 ~> ret send () ~> ret withdraw () ~> call withdraw _489 ~> call send _489 ~> call fact_e _914 ~> ret fact_e () ~> call withdraw _1989 ~> call send _1989 ~> ret send () ~> ret withdraw () ~> ret send () )
#Or
  T ==K ( call withdraw _7 ~> call send _7 ~> ret send () ~> ret withdraw () ~> call withdraw _489 ~> call send _489 ~> call mc91_e _1053 ~> ret mc91_e () ~> call withdraw _1991 ~> call send _1991 ~> ret send () ~> ret withdraw () ~> ret send () )
#Or
  T ==K ( call withdraw _7 ~> call send _7 ~> ret send () ~> ret withdraw () ~> call withdraw _489 ~> call send _489 ~> call withdraw _1091 ~> call send _1091 ~> ret send () ~> ret withdraw () ~> call fact_e _3561 ~> ret fact_e () ~> ret send () )
#Or
  T ==K ( call withdraw _7 ~> call send _7 ~> ret send () ~> ret withdraw () ~> call withdraw _489 ~> call send _489 ~> call withdraw _1091 ~> call send _1091 ~> ret send () ~> ret withdraw () ~> call mc91_e _3845 ~> ret mc91_e () ~> ret send () )
#Or
  T ==K ( call withdraw _7 ~> call send _7 ~> ret send () ~> ret withdraw () ~> call withdraw _489 ~> call send _489 ~> call withdraw _1091 ~> call send _1091 ~> ret send () ~> ret withdraw () ~> call withdraw _3902 ~> call send _3902 ~> ret send () ~> ret withdraw () ~> ret send () )
#Or
  T ==K ( call withdraw _7 ~> call send _7 ~> ret send () ~> ret withdraw () ~> call withdraw _489 ~> call send _489 ~> call withdraw _1091 ~> call send _1091 ~> ret send () ~> ret withdraw () ~> call withdraw _3902 ~> ret withdraw () ~> ret send () )
#Or
  T ==K ( call withdraw _7 ~> call send _7 ~> ret send () ~> ret withdraw () ~> call withdraw _489 ~> call send _489 ~> call withdraw _1091 ~> call send _1091 ~> ret send () ~> ret withdraw () ~> ret send () )
#Or
  T ==K ( call withdraw _7 ~> call send _7 ~> ret send () ~> ret withdraw () ~> call withdraw _489 ~> call send _489 ~> call withdraw _1091 ~> ret withdraw () ~> call withdraw _2308 ~> call send _2308 ~> ret send () ~> ret withdraw () ~> ret send () )
#Or
  T ==K ( call withdraw _7 ~> ret withdraw () ~> call mc91_e _94 )
#Or
  T ==K ( call withdraw _7 ~> ret withdraw () ~> call mult_e _124 )
#Or
  T ==K ( call withdraw _7 ~> ret withdraw () ~> call repeat_e _115 )
#Or
  T ==K ( call withdraw _7 ~> ret withdraw () ~> call sum_e _73 )
#Or
  T ==K ( call withdraw _7 ~> ret withdraw () ~> call withdraw _101 ~> call send _101 ~> call fact_e _313 ~> ret fact_e () ~> call withdraw _916 ~> call send _916 ~> ret send () ~> ret withdraw () ~> ret send () )
#Or
  T ==K ( call withdraw _7 ~> ret withdraw () ~> call withdraw _101 ~> call send _101 ~> call mc91_e _383 ~> ret mc91_e () ~> call withdraw _918 ~> call send _918 ~> ret send () ~> ret withdraw () ~> ret send () )
#Or
  T ==K ( call withdraw _7 ~> ret withdraw () ~> call withdraw _101 ~> call send _101 ~> call withdraw _403 ~> call send _403 ~> ret send () ~> ret withdraw () ~> call fact_e _2038 ~> ret fact_e () ~> ret send () )
#Or
  T ==K ( call withdraw _7 ~> ret withdraw () ~> call withdraw _101 ~> call send _101 ~> call withdraw _403 ~> call send _403 ~> ret send () ~> ret withdraw () ~> call mc91_e _2244 ~> ret mc91_e () ~> ret send () )
#Or
  T ==K ( call withdraw _7 ~> ret withdraw () ~> call withdraw _101 ~> call send _101 ~> call withdraw _403 ~> call send _403 ~> ret send () ~> ret withdraw () ~> call withdraw _2310 ~> call send _2310 ~> ret send () ~> ret withdraw () ~> ret send () )
#Or
  T ==K ( call withdraw _7 ~> ret withdraw () ~> call withdraw _101 ~> call send _101 ~> call withdraw _403 ~> call send _403 ~> ret send () ~> ret withdraw () ~> call withdraw _2310 ~> ret withdraw () ~> ret send () )
#Or
  T ==K ( call withdraw _7 ~> ret withdraw () ~> call withdraw _101 ~> call send _101 ~> call withdraw _403 ~> call send _403 ~> ret send () ~> ret withdraw () ~> ret send () )
#Or
  T ==K ( call withdraw _7 ~> ret withdraw () ~> call withdraw _101 ~> call send _101 ~> call withdraw _403 ~> ret withdraw () ~> call withdraw _1127 ~> call send _1127 ~> ret send () ~> ret withdraw () ~> ret send () )
#Or
  T ==K call mc91_e _5
#Or
  T ==K call mult_e _11
#Or
  T ==K call repeat_e _9
#Or
  T ==K call sum_e _2

real	1m11.912s
user	1m38.043s
sys	0m11.024s
