  T ==K ( call withdraw _1 ~> call send _1 ~> call withdraw _5 ~> call send _5 ~> ret send () ~> ret withdraw () ~> call withdraw _46 ~> call send _46 ~> ret send () ~> ret withdraw () ~> ret send () )
#Or
  T ==K ( call withdraw _1 ~> call send _1 ~> call withdraw _5 ~> call send _5 ~> ret send () ~> ret withdraw () ~> call withdraw _46 ~> call send _46 ~> ret send () ~> ret withdraw () ~> ret send () ~> ret withdraw () ~> call withdraw _265 ~> call send _265 ~> call withdraw _346 ~> call send _346 ~> ret send () ~> ret withdraw () ~> call withdraw _527 ~> call send _527 ~> ret send () ~> ret withdraw () ~> ret send () )
#Or
  T ==K ( call withdraw _1 ~> call send _1 ~> call withdraw _5 ~> call send _5 ~> ret send () ~> ret withdraw () ~> call withdraw _46 ~> call send _46 ~> ret send () ~> ret withdraw () ~> ret send () ~> ret withdraw () ~> call withdraw _265 ~> call send _265 ~> call withdraw _346 ~> call send _346 ~> ret send () ~> ret withdraw () ~> call withdraw _527 ~> ret withdraw () ~> ret send () )
#Or
  T ==K ( call withdraw _1 ~> call send _1 ~> call withdraw _5 ~> call send _5 ~> ret send () ~> ret withdraw () ~> call withdraw _46 ~> call send _46 ~> ret send () ~> ret withdraw () ~> ret send () ~> ret withdraw () ~> call withdraw _265 ~> call send _265 ~> call withdraw _346 ~> call send _346 ~> ret send () ~> ret withdraw () ~> ret send () )
#Or
  T ==K ( call withdraw _1 ~> call send _1 ~> call withdraw _5 ~> call send _5 ~> ret send () ~> ret withdraw () ~> call withdraw _46 ~> call send _46 ~> ret send () ~> ret withdraw () ~> ret send () ~> ret withdraw () ~> call withdraw _265 ~> call send _265 ~> call withdraw _346 ~> ret withdraw () ~> call withdraw _441 ~> call send _441 ~> ret send () ~> ret withdraw () ~> ret send () )
#Or
  T ==K ( call withdraw _1 ~> call send _1 ~> call withdraw _5 ~> call send _5 ~> ret send () ~> ret withdraw () ~> call withdraw _46 ~> ret withdraw () ~> ret send () )
#Or
  T ==K ( call withdraw _1 ~> call send _1 ~> call withdraw _5 ~> call send _5 ~> ret send () ~> ret withdraw () ~> call withdraw _46 ~> ret withdraw () ~> ret send () ~> ret withdraw () ~> call withdraw _170 ~> call send _170 ~> call withdraw _246 ~> call send _246 ~> ret send () ~> ret withdraw () ~> call withdraw _442 ~> call send _442 ~> ret send () ~> ret withdraw () ~> ret send () )
#Or
  T ==K ( call withdraw _1 ~> call send _1 ~> call withdraw _5 ~> call send _5 ~> ret send () ~> ret withdraw () ~> call withdraw _46 ~> ret withdraw () ~> ret send () ~> ret withdraw () ~> call withdraw _170 ~> call send _170 ~> call withdraw _246 ~> call send _246 ~> ret send () ~> ret withdraw () ~> call withdraw _442 ~> ret withdraw () ~> ret send () )
#Or
  T ==K ( call withdraw _1 ~> call send _1 ~> call withdraw _5 ~> call send _5 ~> ret send () ~> ret withdraw () ~> call withdraw _46 ~> ret withdraw () ~> ret send () ~> ret withdraw () ~> call withdraw _170 ~> call send _170 ~> call withdraw _246 ~> call send _246 ~> ret send () ~> ret withdraw () ~> ret send () )
#Or
  T ==K ( call withdraw _1 ~> call send _1 ~> call withdraw _5 ~> call send _5 ~> ret send () ~> ret withdraw () ~> call withdraw _46 ~> ret withdraw () ~> ret send () ~> ret withdraw () ~> call withdraw _170 ~> call send _170 ~> call withdraw _246 ~> ret withdraw () ~> call withdraw _338 ~> call send _338 ~> ret send () ~> ret withdraw () ~> ret send () )
#Or
  T ==K ( call withdraw _1 ~> call send _1 ~> call withdraw _5 ~> call send _5 ~> ret send () ~> ret withdraw () ~> ret send () )
#Or
  T ==K ( call withdraw _1 ~> call send _1 ~> call withdraw _5 ~> call send _5 ~> ret send () ~> ret withdraw () ~> ret send () ~> ret withdraw () ~> call withdraw _104 ~> call send _104 ~> call withdraw _162 ~> call send _162 ~> ret send () ~> ret withdraw () ~> call withdraw _349 ~> call send _349 ~> ret send () ~> ret withdraw () ~> ret send () )
#Or
  T ==K ( call withdraw _1 ~> call send _1 ~> call withdraw _5 ~> call send _5 ~> ret send () ~> ret withdraw () ~> ret send () ~> ret withdraw () ~> call withdraw _104 ~> call send _104 ~> call withdraw _162 ~> call send _162 ~> ret send () ~> ret withdraw () ~> call withdraw _349 ~> ret withdraw () ~> ret send () )
#Or
  T ==K ( call withdraw _1 ~> call send _1 ~> call withdraw _5 ~> call send _5 ~> ret send () ~> ret withdraw () ~> ret send () ~> ret withdraw () ~> call withdraw _104 ~> call send _104 ~> call withdraw _162 ~> call send _162 ~> ret send () ~> ret withdraw () ~> ret send () )
#Or
  T ==K ( call withdraw _1 ~> call send _1 ~> call withdraw _5 ~> call send _5 ~> ret send () ~> ret withdraw () ~> ret send () ~> ret withdraw () ~> call withdraw _104 ~> call send _104 ~> call withdraw _162 ~> ret withdraw () ~> call withdraw _247 ~> call send _247 ~> ret send () ~> ret withdraw () ~> ret send () )
#Or
  T ==K ( call withdraw _1 ~> call send _1 ~> call withdraw _5 ~> ret withdraw () ~> call withdraw _18 ~> call send _18 ~> ret send () ~> ret withdraw () ~> ret send () )
#Or
  T ==K ( call withdraw _1 ~> call send _1 ~> call withdraw _5 ~> ret withdraw () ~> call withdraw _18 ~> call send _18 ~> ret send () ~> ret withdraw () ~> ret send () ~> ret withdraw () ~> call withdraw _171 ~> call send _171 ~> call withdraw _248 ~> call send _248 ~> ret send () ~> ret withdraw () ~> call withdraw _445 ~> call send _445 ~> ret send () ~> ret withdraw () ~> ret send () )
#Or
  T ==K ( call withdraw _1 ~> call send _1 ~> call withdraw _5 ~> ret withdraw () ~> call withdraw _18 ~> call send _18 ~> ret send () ~> ret withdraw () ~> ret send () ~> ret withdraw () ~> call withdraw _171 ~> call send _171 ~> call withdraw _248 ~> call send _248 ~> ret send () ~> ret withdraw () ~> call withdraw _445 ~> ret withdraw () ~> ret send () )
#Or
  T ==K ( call withdraw _1 ~> call send _1 ~> call withdraw _5 ~> ret withdraw () ~> call withdraw _18 ~> call send _18 ~> ret send () ~> ret withdraw () ~> ret send () ~> ret withdraw () ~> call withdraw _171 ~> call send _171 ~> call withdraw _248 ~> call send _248 ~> ret send () ~> ret withdraw () ~> ret send () )
#Or
  T ==K ( call withdraw _1 ~> call send _1 ~> call withdraw _5 ~> ret withdraw () ~> call withdraw _18 ~> call send _18 ~> ret send () ~> ret withdraw () ~> ret send () ~> ret withdraw () ~> call withdraw _171 ~> call send _171 ~> call withdraw _248 ~> ret withdraw () ~> call withdraw _339 ~> call send _339 ~> ret send () ~> ret withdraw () ~> ret send () )
#Or
  T ==K ( call withdraw _1 ~> call send _1 ~> call withdraw _5 ~> ret withdraw () ~> call withdraw _18 ~> ret withdraw () ~> ret send () ~> ret withdraw () ~> call withdraw _100 ~> call send _100 ~> call withdraw _157 ~> call send _157 ~> ret send () ~> ret withdraw () ~> call withdraw _340 ~> call send _340 ~> ret send () ~> ret withdraw () ~> ret send () )
#Or
  T ==K ( call withdraw _1 ~> call send _1 ~> call withdraw _5 ~> ret withdraw () ~> call withdraw _18 ~> ret withdraw () ~> ret send () ~> ret withdraw () ~> call withdraw _100 ~> call send _100 ~> call withdraw _157 ~> call send _157 ~> ret send () ~> ret withdraw () ~> call withdraw _340 ~> ret withdraw () ~> ret send () )
#Or
  T ==K ( call withdraw _1 ~> call send _1 ~> call withdraw _5 ~> ret withdraw () ~> call withdraw _18 ~> ret withdraw () ~> ret send () ~> ret withdraw () ~> call withdraw _100 ~> call send _100 ~> call withdraw _157 ~> call send _157 ~> ret send () ~> ret withdraw () ~> ret send () )
#Or
  T ==K ( call withdraw _1 ~> call send _1 ~> call withdraw _5 ~> ret withdraw () ~> call withdraw _18 ~> ret withdraw () ~> ret send () ~> ret withdraw () ~> call withdraw _100 ~> call send _100 ~> call withdraw _157 ~> ret withdraw () ~> call withdraw _237 ~> call send _237 ~> ret send () ~> ret withdraw () ~> ret send () )
#Or
  T ==K ( call withdraw _1 ~> call send _1 ~> call withdraw _5 ~> ret withdraw () ~> ret send () ~> ret withdraw () ~> call withdraw _51 ~> call send _51 ~> call withdraw _92 ~> call send _92 ~> ret send () ~> ret withdraw () ~> call withdraw _251 ~> call send _251 ~> ret send () ~> ret withdraw () ~> ret send () )
#Or
  T ==K ( call withdraw _1 ~> call send _1 ~> call withdraw _5 ~> ret withdraw () ~> ret send () ~> ret withdraw () ~> call withdraw _51 ~> call send _51 ~> call withdraw _92 ~> call send _92 ~> ret send () ~> ret withdraw () ~> call withdraw _251 ~> ret withdraw () ~> ret send () )
#Or
  T ==K ( call withdraw _1 ~> call send _1 ~> call withdraw _5 ~> ret withdraw () ~> ret send () ~> ret withdraw () ~> call withdraw _51 ~> call send _51 ~> call withdraw _92 ~> call send _92 ~> ret send () ~> ret withdraw () ~> ret send () )
#Or
  T ==K ( call withdraw _1 ~> call send _1 ~> call withdraw _5 ~> ret withdraw () ~> ret send () ~> ret withdraw () ~> call withdraw _51 ~> call send _51 ~> call withdraw _92 ~> ret withdraw () ~> call withdraw _158 ~> call send _158 ~> ret send () ~> ret withdraw () ~> ret send () )
#Or
  T ==K ( call withdraw _1 ~> call send _1 ~> ret send () ~> ret withdraw () ~> call withdraw _22 ~> call send _22 ~> call withdraw _48 ~> call send _48 ~> ret send () ~> ret withdraw () ~> call withdraw _165 ~> call send _165 ~> ret send () ~> ret withdraw () ~> ret send () )
#Or
  T ==K ( call withdraw _1 ~> call send _1 ~> ret send () ~> ret withdraw () ~> call withdraw _22 ~> call send _22 ~> call withdraw _48 ~> call send _48 ~> ret send () ~> ret withdraw () ~> call withdraw _165 ~> ret withdraw () ~> ret send () )
#Or
  T ==K ( call withdraw _1 ~> call send _1 ~> ret send () ~> ret withdraw () ~> call withdraw _22 ~> call send _22 ~> call withdraw _48 ~> call send _48 ~> ret send () ~> ret withdraw () ~> ret send () )
#Or
  T ==K ( call withdraw _1 ~> call send _1 ~> ret send () ~> ret withdraw () ~> call withdraw _22 ~> call send _22 ~> call withdraw _48 ~> ret withdraw () ~> call withdraw _93 ~> call send _93 ~> ret send () ~> ret withdraw () ~> ret send () )
#Or
  T ==K ( call withdraw _1 ~> ret withdraw () ~> call withdraw _6 ~> call send _6 ~> call withdraw _19 ~> call send _19 ~> ret send () ~> ret withdraw () ~> call withdraw _94 ~> call send _94 ~> ret send () ~> ret withdraw () ~> ret send () )
#Or
  T ==K ( call withdraw _1 ~> ret withdraw () ~> call withdraw _6 ~> call send _6 ~> call withdraw _19 ~> call send _19 ~> ret send () ~> ret withdraw () ~> call withdraw _94 ~> ret withdraw () ~> ret send () )
#Or
  T ==K ( call withdraw _1 ~> ret withdraw () ~> call withdraw _6 ~> call send _6 ~> call withdraw _19 ~> call send _19 ~> ret send () ~> ret withdraw () ~> ret send () )
#Or
  T ==K ( call withdraw _1 ~> ret withdraw () ~> call withdraw _6 ~> call send _6 ~> call withdraw _19 ~> ret withdraw () ~> call withdraw _43 ~> call send _43 ~> ret send () ~> ret withdraw () ~> ret send () )

real	0m10.704s
user	0m26.488s
sys	0m1.378s
