  T ==K ( call withdraw _1 ~> call send _1 ~> call withdraw _5 ~> call send _5 ~> ret send () ~> ret withdraw () ~> call withdraw _45 ~> call send _45 ~> ret send () ~> ret withdraw () ~> ret send () )
#Or
  T ==K ( call withdraw _1 ~> call send _1 ~> call withdraw _5 ~> call send _5 ~> ret send () ~> ret withdraw () ~> call withdraw _45 ~> call send _45 ~> ret send () ~> ret withdraw () ~> ret send () ~> ret withdraw () ~> call withdraw _253 ~> call send _253 ~> call withdraw _325 ~> call send _325 ~> ret send () )
#Or
  T ==K ( call withdraw _1 ~> call send _1 ~> call withdraw _5 ~> call send _5 ~> ret send () ~> ret withdraw () ~> call withdraw _45 ~> call send _45 ~> ret send () ~> ret withdraw () ~> ret send () ~> ret withdraw () ~> call withdraw _253 ~> call send _253 ~> call withdraw _325 ~> call send _325 ~> ret send () ~> ret withdraw () ~> call withdraw _498 ~> call send _498 ~> ret send () )
#Or
  T ==K ( call withdraw _1 ~> call send _1 ~> call withdraw _5 ~> call send _5 ~> ret send () ~> ret withdraw () ~> call withdraw _45 ~> call send _45 ~> ret send () ~> ret withdraw () ~> ret send () ~> ret withdraw () ~> call withdraw _253 ~> call send _253 ~> call withdraw _325 ~> call send _325 ~> ret send () ~> ret withdraw () ~> call withdraw _498 ~> call send _498 ~> ret send () ~> ret withdraw () ~> ret send () )
#Or
  T ==K ( call withdraw _1 ~> call send _1 ~> call withdraw _5 ~> call send _5 ~> ret send () ~> ret withdraw () ~> call withdraw _45 ~> call send _45 ~> ret send () ~> ret withdraw () ~> ret send () ~> ret withdraw () ~> call withdraw _253 ~> call send _253 ~> call withdraw _325 ~> call send _325 ~> ret send () ~> ret withdraw () ~> call withdraw _498 ~> ret withdraw () ~> ret send () )
#Or
  T ==K ( call withdraw _1 ~> call send _1 ~> call withdraw _5 ~> call send _5 ~> ret send () ~> ret withdraw () ~> call withdraw _45 ~> call send _45 ~> ret send () ~> ret withdraw () ~> ret send () ~> ret withdraw () ~> call withdraw _253 ~> call send _253 ~> call withdraw _325 ~> call send _325 ~> ret send () ~> ret withdraw () ~> ret send () )
#Or
  T ==K ( call withdraw _1 ~> call send _1 ~> call withdraw _5 ~> call send _5 ~> ret send () ~> ret withdraw () ~> call withdraw _45 ~> call send _45 ~> ret send () ~> ret withdraw () ~> ret send () ~> ret withdraw () ~> call withdraw _253 ~> call send _253 ~> call withdraw _325 ~> ret withdraw () ~> call withdraw _415 ~> call send _415 ~> ret send () )
#Or
  T ==K ( call withdraw _1 ~> call send _1 ~> call withdraw _5 ~> call send _5 ~> ret send () ~> ret withdraw () ~> call withdraw _45 ~> call send _45 ~> ret send () ~> ret withdraw () ~> ret send () ~> ret withdraw () ~> call withdraw _253 ~> call send _253 ~> call withdraw _325 ~> ret withdraw () ~> call withdraw _415 ~> call send _415 ~> ret send () ~> ret withdraw () ~> ret send () )
#Or
  T ==K ( call withdraw _1 ~> call send _1 ~> call withdraw _5 ~> call send _5 ~> ret send () ~> ret withdraw () ~> call withdraw _45 ~> call send _45 ~> ret send () ~> ret withdraw () ~> ret send () ~> ret withdraw () ~> call withdraw _253 ~> call send _253 ~> call withdraw _325 ~> ret withdraw () ~> call withdraw _415 ~> ret withdraw () ~> ret send () )
#Or
  T ==K ( call withdraw _1 ~> call send _1 ~> call withdraw _5 ~> call send _5 ~> ret send () ~> ret withdraw () ~> call withdraw _45 ~> call send _45 ~> ret send () ~> ret withdraw () ~> ret send () ~> ret withdraw () ~> call withdraw _253 ~> call send _253 ~> call withdraw _325 ~> ret withdraw () ~> ret send () )
#Or
  T ==K ( call withdraw _1 ~> call send _1 ~> call withdraw _5 ~> call send _5 ~> ret send () ~> ret withdraw () ~> call withdraw _45 ~> call send _45 ~> ret send () ~> ret withdraw () ~> ret send () ~> ret withdraw () ~> call withdraw _253 ~> call send _253 ~> ret send () )
#Or
  T ==K ( call withdraw _1 ~> call send _1 ~> call withdraw _5 ~> call send _5 ~> ret send () ~> ret withdraw () ~> call withdraw _45 ~> ret withdraw () ~> ret send () ~> ret withdraw () ~> call withdraw _163 ~> call send _163 ~> call withdraw _231 ~> call send _231 ~> ret send () )
#Or
  T ==K ( call withdraw _1 ~> call send _1 ~> call withdraw _5 ~> call send _5 ~> ret send () ~> ret withdraw () ~> call withdraw _45 ~> ret withdraw () ~> ret send () ~> ret withdraw () ~> call withdraw _163 ~> call send _163 ~> call withdraw _231 ~> call send _231 ~> ret send () ~> ret withdraw () ~> call withdraw _416 ~> call send _416 ~> ret send () )
#Or
  T ==K ( call withdraw _1 ~> call send _1 ~> call withdraw _5 ~> call send _5 ~> ret send () ~> ret withdraw () ~> call withdraw _45 ~> ret withdraw () ~> ret send () ~> ret withdraw () ~> call withdraw _163 ~> call send _163 ~> call withdraw _231 ~> call send _231 ~> ret send () ~> ret withdraw () ~> call withdraw _416 ~> call send _416 ~> ret send () ~> ret withdraw () ~> ret send () )
#Or
  T ==K ( call withdraw _1 ~> call send _1 ~> call withdraw _5 ~> call send _5 ~> ret send () ~> ret withdraw () ~> call withdraw _45 ~> ret withdraw () ~> ret send () ~> ret withdraw () ~> call withdraw _163 ~> call send _163 ~> call withdraw _231 ~> call send _231 ~> ret send () ~> ret withdraw () ~> call withdraw _416 ~> ret withdraw () ~> ret send () )
#Or
  T ==K ( call withdraw _1 ~> call send _1 ~> call withdraw _5 ~> call send _5 ~> ret send () ~> ret withdraw () ~> call withdraw _45 ~> ret withdraw () ~> ret send () ~> ret withdraw () ~> call withdraw _163 ~> call send _163 ~> call withdraw _231 ~> call send _231 ~> ret send () ~> ret withdraw () ~> ret send () )
#Or
  T ==K ( call withdraw _1 ~> call send _1 ~> call withdraw _5 ~> call send _5 ~> ret send () ~> ret withdraw () ~> call withdraw _45 ~> ret withdraw () ~> ret send () ~> ret withdraw () ~> call withdraw _163 ~> call send _163 ~> call withdraw _231 ~> ret withdraw () ~> call withdraw _317 ~> call send _317 ~> ret send () )
#Or
  T ==K ( call withdraw _1 ~> call send _1 ~> call withdraw _5 ~> call send _5 ~> ret send () ~> ret withdraw () ~> call withdraw _45 ~> ret withdraw () ~> ret send () ~> ret withdraw () ~> call withdraw _163 ~> call send _163 ~> call withdraw _231 ~> ret withdraw () ~> call withdraw _317 ~> call send _317 ~> ret send () ~> ret withdraw () ~> ret send () )
#Or
  T ==K ( call withdraw _1 ~> call send _1 ~> call withdraw _5 ~> call send _5 ~> ret send () ~> ret withdraw () ~> call withdraw _45 ~> ret withdraw () ~> ret send () ~> ret withdraw () ~> call withdraw _163 ~> call send _163 ~> call withdraw _231 ~> ret withdraw () ~> call withdraw _317 ~> ret withdraw () ~> ret send () )
#Or
  T ==K ( call withdraw _1 ~> call send _1 ~> call withdraw _5 ~> call send _5 ~> ret send () ~> ret withdraw () ~> call withdraw _45 ~> ret withdraw () ~> ret send () ~> ret withdraw () ~> call withdraw _163 ~> call send _163 ~> call withdraw _231 ~> ret withdraw () ~> ret send () )
#Or
  T ==K ( call withdraw _1 ~> call send _1 ~> call withdraw _5 ~> call send _5 ~> ret send () ~> ret withdraw () ~> call withdraw _45 ~> ret withdraw () ~> ret send () ~> ret withdraw () ~> call withdraw _163 ~> call send _163 ~> ret send () )
#Or
  T ==K ( call withdraw _1 ~> call send _1 ~> call withdraw _5 ~> call send _5 ~> ret send () ~> ret withdraw () ~> ret send () ~> ret withdraw () ~> call withdraw _103 ~> call send _103 ~> call withdraw _153 ~> call send _153 ~> ret send () )
#Or
  T ==K ( call withdraw _1 ~> call send _1 ~> call withdraw _5 ~> call send _5 ~> ret send () ~> ret withdraw () ~> ret send () ~> ret withdraw () ~> call withdraw _103 ~> call send _103 ~> call withdraw _153 ~> call send _153 ~> ret send () ~> ret withdraw () ~> call withdraw _328 ~> call send _328 ~> ret send () )
#Or
  T ==K ( call withdraw _1 ~> call send _1 ~> call withdraw _5 ~> call send _5 ~> ret send () ~> ret withdraw () ~> ret send () ~> ret withdraw () ~> call withdraw _103 ~> call send _103 ~> call withdraw _153 ~> call send _153 ~> ret send () ~> ret withdraw () ~> call withdraw _328 ~> call send _328 ~> ret send () ~> ret withdraw () ~> ret send () )
#Or
  T ==K ( call withdraw _1 ~> call send _1 ~> call withdraw _5 ~> call send _5 ~> ret send () ~> ret withdraw () ~> ret send () ~> ret withdraw () ~> call withdraw _103 ~> call send _103 ~> call withdraw _153 ~> call send _153 ~> ret send () ~> ret withdraw () ~> call withdraw _328 ~> ret withdraw () ~> ret send () )
#Or
  T ==K ( call withdraw _1 ~> call send _1 ~> call withdraw _5 ~> call send _5 ~> ret send () ~> ret withdraw () ~> ret send () ~> ret withdraw () ~> call withdraw _103 ~> call send _103 ~> call withdraw _153 ~> call send _153 ~> ret send () ~> ret withdraw () ~> ret send () )
#Or
  T ==K ( call withdraw _1 ~> call send _1 ~> call withdraw _5 ~> call send _5 ~> ret send () ~> ret withdraw () ~> ret send () ~> ret withdraw () ~> call withdraw _103 ~> call send _103 ~> call withdraw _153 ~> ret withdraw () ~> call withdraw _232 ~> call send _232 ~> ret send () )
#Or
  T ==K ( call withdraw _1 ~> call send _1 ~> call withdraw _5 ~> call send _5 ~> ret send () ~> ret withdraw () ~> ret send () ~> ret withdraw () ~> call withdraw _103 ~> call send _103 ~> call withdraw _153 ~> ret withdraw () ~> call withdraw _232 ~> call send _232 ~> ret send () ~> ret withdraw () ~> ret send () )
#Or
  T ==K ( call withdraw _1 ~> call send _1 ~> call withdraw _5 ~> call send _5 ~> ret send () ~> ret withdraw () ~> ret send () ~> ret withdraw () ~> call withdraw _103 ~> call send _103 ~> call withdraw _153 ~> ret withdraw () ~> call withdraw _232 ~> ret withdraw () ~> ret send () )
#Or
  T ==K ( call withdraw _1 ~> call send _1 ~> call withdraw _5 ~> call send _5 ~> ret send () ~> ret withdraw () ~> ret send () ~> ret withdraw () ~> call withdraw _103 ~> call send _103 ~> call withdraw _153 ~> ret withdraw () ~> ret send () )
#Or
  T ==K ( call withdraw _1 ~> call send _1 ~> call withdraw _5 ~> call send _5 ~> ret send () ~> ret withdraw () ~> ret send () ~> ret withdraw () ~> call withdraw _103 ~> call send _103 ~> ret send () )
#Or
  T ==K ( call withdraw _1 ~> call send _1 ~> call withdraw _5 ~> ret withdraw () ~> call withdraw _18 ~> call send _18 ~> ret send () ~> ret withdraw () ~> ret send () ~> ret withdraw () ~> call withdraw _164 ~> call send _164 ~> call withdraw _233 ~> call send _233 ~> ret send () )
#Or
  T ==K ( call withdraw _1 ~> call send _1 ~> call withdraw _5 ~> ret withdraw () ~> call withdraw _18 ~> call send _18 ~> ret send () ~> ret withdraw () ~> ret send () ~> ret withdraw () ~> call withdraw _164 ~> call send _164 ~> call withdraw _233 ~> call send _233 ~> ret send () ~> ret withdraw () ~> call withdraw _419 ~> call send _419 ~> ret send () )
#Or
  T ==K ( call withdraw _1 ~> call send _1 ~> call withdraw _5 ~> ret withdraw () ~> call withdraw _18 ~> call send _18 ~> ret send () ~> ret withdraw () ~> ret send () ~> ret withdraw () ~> call withdraw _164 ~> call send _164 ~> call withdraw _233 ~> call send _233 ~> ret send () ~> ret withdraw () ~> call withdraw _419 ~> call send _419 ~> ret send () ~> ret withdraw () ~> ret send () )
#Or
  T ==K ( call withdraw _1 ~> call send _1 ~> call withdraw _5 ~> ret withdraw () ~> call withdraw _18 ~> call send _18 ~> ret send () ~> ret withdraw () ~> ret send () ~> ret withdraw () ~> call withdraw _164 ~> call send _164 ~> call withdraw _233 ~> call send _233 ~> ret send () ~> ret withdraw () ~> call withdraw _419 ~> ret withdraw () ~> ret send () )
#Or
  T ==K ( call withdraw _1 ~> call send _1 ~> call withdraw _5 ~> ret withdraw () ~> call withdraw _18 ~> call send _18 ~> ret send () ~> ret withdraw () ~> ret send () ~> ret withdraw () ~> call withdraw _164 ~> call send _164 ~> call withdraw _233 ~> call send _233 ~> ret send () ~> ret withdraw () ~> ret send () )
#Or
  T ==K ( call withdraw _1 ~> call send _1 ~> call withdraw _5 ~> ret withdraw () ~> call withdraw _18 ~> call send _18 ~> ret send () ~> ret withdraw () ~> ret send () ~> ret withdraw () ~> call withdraw _164 ~> call send _164 ~> call withdraw _233 ~> ret withdraw () ~> call withdraw _318 ~> call send _318 ~> ret send () )
#Or
  T ==K ( call withdraw _1 ~> call send _1 ~> call withdraw _5 ~> ret withdraw () ~> call withdraw _18 ~> call send _18 ~> ret send () ~> ret withdraw () ~> ret send () ~> ret withdraw () ~> call withdraw _164 ~> call send _164 ~> call withdraw _233 ~> ret withdraw () ~> call withdraw _318 ~> call send _318 ~> ret send () ~> ret withdraw () ~> ret send () )
#Or
  T ==K ( call withdraw _1 ~> call send _1 ~> call withdraw _5 ~> ret withdraw () ~> call withdraw _18 ~> call send _18 ~> ret send () ~> ret withdraw () ~> ret send () ~> ret withdraw () ~> call withdraw _164 ~> call send _164 ~> call withdraw _233 ~> ret withdraw () ~> call withdraw _318 ~> ret withdraw () ~> ret send () )
#Or
  T ==K ( call withdraw _1 ~> call send _1 ~> call withdraw _5 ~> ret withdraw () ~> call withdraw _18 ~> call send _18 ~> ret send () ~> ret withdraw () ~> ret send () ~> ret withdraw () ~> call withdraw _164 ~> call send _164 ~> call withdraw _233 ~> ret withdraw () ~> ret send () )
#Or
  T ==K ( call withdraw _1 ~> call send _1 ~> call withdraw _5 ~> ret withdraw () ~> call withdraw _18 ~> call send _18 ~> ret send () ~> ret withdraw () ~> ret send () ~> ret withdraw () ~> call withdraw _164 ~> call send _164 ~> ret send () )
#Or
  T ==K ( call withdraw _1 ~> call send _1 ~> call withdraw _5 ~> ret withdraw () ~> call withdraw _18 ~> ret withdraw () ~> ret send () ~> ret withdraw () ~> call withdraw _96 ~> call send _96 ~> call withdraw _148 ~> call send _148 ~> ret send () ~> ret withdraw () ~> call withdraw _319 ~> call send _319 ~> ret send () )
#Or
  T ==K ( call withdraw _1 ~> call send _1 ~> call withdraw _5 ~> ret withdraw () ~> call withdraw _18 ~> ret withdraw () ~> ret send () ~> ret withdraw () ~> call withdraw _96 ~> call send _96 ~> call withdraw _148 ~> call send _148 ~> ret send () ~> ret withdraw () ~> call withdraw _319 ~> call send _319 ~> ret send () ~> ret withdraw () ~> ret send () )
#Or
  T ==K ( call withdraw _1 ~> call send _1 ~> call withdraw _5 ~> ret withdraw () ~> call withdraw _18 ~> ret withdraw () ~> ret send () ~> ret withdraw () ~> call withdraw _96 ~> call send _96 ~> call withdraw _148 ~> call send _148 ~> ret send () ~> ret withdraw () ~> call withdraw _319 ~> ret withdraw () ~> ret send () )
#Or
  T ==K ( call withdraw _1 ~> call send _1 ~> call withdraw _5 ~> ret withdraw () ~> call withdraw _18 ~> ret withdraw () ~> ret send () ~> ret withdraw () ~> call withdraw _96 ~> call send _96 ~> call withdraw _148 ~> call send _148 ~> ret send () ~> ret withdraw () ~> ret send () )
#Or
  T ==K ( call withdraw _1 ~> call send _1 ~> call withdraw _5 ~> ret withdraw () ~> call withdraw _18 ~> ret withdraw () ~> ret send () ~> ret withdraw () ~> call withdraw _96 ~> call send _96 ~> call withdraw _148 ~> ret withdraw () ~> call withdraw _222 ~> call send _222 ~> ret send () ~> ret withdraw () ~> ret send () )
#Or
  T ==K ( call withdraw _1 ~> call send _1 ~> call withdraw _5 ~> ret withdraw () ~> ret send () ~> ret withdraw () ~> call withdraw _51 ~> call send _51 ~> call withdraw _88 ~> call send _88 ~> ret send () ~> ret withdraw () ~> call withdraw _236 ~> call send _236 ~> ret send () )
#Or
  T ==K ( call withdraw _1 ~> call send _1 ~> call withdraw _5 ~> ret withdraw () ~> ret send () ~> ret withdraw () ~> call withdraw _51 ~> call send _51 ~> call withdraw _88 ~> call send _88 ~> ret send () ~> ret withdraw () ~> call withdraw _236 ~> call send _236 ~> ret send () ~> ret withdraw () ~> ret send () )
#Or
  T ==K ( call withdraw _1 ~> call send _1 ~> call withdraw _5 ~> ret withdraw () ~> ret send () ~> ret withdraw () ~> call withdraw _51 ~> call send _51 ~> call withdraw _88 ~> call send _88 ~> ret send () ~> ret withdraw () ~> call withdraw _236 ~> ret withdraw () ~> ret send () )
#Or
  T ==K ( call withdraw _1 ~> call send _1 ~> call withdraw _5 ~> ret withdraw () ~> ret send () ~> ret withdraw () ~> call withdraw _51 ~> call send _51 ~> call withdraw _88 ~> call send _88 ~> ret send () ~> ret withdraw () ~> ret send () )
#Or
  T ==K ( call withdraw _1 ~> call send _1 ~> call withdraw _5 ~> ret withdraw () ~> ret send () ~> ret withdraw () ~> call withdraw _51 ~> call send _51 ~> call withdraw _88 ~> ret withdraw () ~> call withdraw _149 ~> call send _149 ~> ret send () ~> ret withdraw () ~> ret send () )
#Or
  T ==K ( call withdraw _1 ~> call send _1 ~> ret send () ~> ret withdraw () ~> call withdraw _24 ~> call send _24 ~> call withdraw _47 ~> call send _47 ~> ret send () ~> ret withdraw () ~> call withdraw _156 ~> call send _156 ~> ret send () )
#Or
  T ==K ( call withdraw _1 ~> call send _1 ~> ret send () ~> ret withdraw () ~> call withdraw _24 ~> call send _24 ~> call withdraw _47 ~> call send _47 ~> ret send () ~> ret withdraw () ~> call withdraw _156 ~> call send _156 ~> ret send () ~> ret withdraw () ~> ret send () )
#Or
  T ==K ( call withdraw _1 ~> call send _1 ~> ret send () ~> ret withdraw () ~> call withdraw _24 ~> call send _24 ~> call withdraw _47 ~> call send _47 ~> ret send () ~> ret withdraw () ~> call withdraw _156 ~> ret withdraw () ~> ret send () )
#Or
  T ==K ( call withdraw _1 ~> call send _1 ~> ret send () ~> ret withdraw () ~> call withdraw _24 ~> call send _24 ~> call withdraw _47 ~> call send _47 ~> ret send () ~> ret withdraw () ~> ret send () )
#Or
  T ==K ( call withdraw _1 ~> call send _1 ~> ret send () ~> ret withdraw () ~> call withdraw _24 ~> call send _24 ~> call withdraw _47 ~> ret withdraw () ~> call withdraw _89 ~> call send _89 ~> ret send () ~> ret withdraw () ~> ret send () )
#Or
  T ==K ( call withdraw _1 ~> ret withdraw () ~> call withdraw _6 ~> call send _6 ~> call withdraw _19 ~> call send _19 ~> ret send () ~> ret withdraw () ~> call withdraw _90 ~> call send _90 ~> ret send () ~> ret withdraw () ~> ret send () )

real	0m9.854s
user	0m27.904s
sys	0m1.282s
