  T ==K ( call withdraw _3 ~> call getUser () ~> call fact_e _66 )
#Or
  T ==K ( call withdraw _3 ~> call getUser () ~> call lock_e _59 )
#Or
  T ==K ( call withdraw _3 ~> call getUser () ~> call mc91_e _56 )
#Or
  T ==K ( call withdraw _3 ~> call getUser () ~> call mult_e _43 )
#Or
  T ==K ( call withdraw _3 ~> call getUser () ~> call repeat_e _53 )
#Or
  T ==K ( call withdraw _3 ~> call getUser () ~> call sum_e _46 )
#Or
  T ==K ( call withdraw _3 ~> call getUser () ~> call withdraw _51 ~> call getUser () ~> call esimple _161 ~> ret esimple () ~> ret getUser _331 ~> ret withdraw () ~> ret getUser _486 )
#Or
  T ==K ( call withdraw _3 ~> call getUser () ~> call withdraw _51 ~> call getUser () ~> call fact_e _165 ~> ret fact_e () ~> ret getUser _255 ~> ret withdraw () ~> ret getUser _425 )
#Or
  T ==K ( call withdraw _3 ~> call getUser () ~> call withdraw _51 ~> call getUser () ~> call lock_e _157 ~> ret lock_e () ~> ret getUser _428 ~> ret withdraw () ~> ret getUser _581 )
#Or
  T ==K ( call withdraw _3 ~> call getUser () ~> call withdraw _51 ~> call getUser () ~> call mc91_e _152 )
#Or
  T ==K ( call withdraw _3 ~> call getUser () ~> call withdraw _51 ~> call getUser () ~> call mc91_e _152 ~> ret mc91_e () ~> ret getUser _230 ~> ret withdraw () ~> ret getUser _399 )
#Or
  T ==K ( call withdraw _3 ~> call getUser () ~> call withdraw _51 ~> call getUser () ~> call mc91_e _152 ~> ret mc91_e () ~> ret getUser _291 ~> ret withdraw () ~> ret getUser _455 )
#Or
  T ==K ( call withdraw _3 ~> call getUser () ~> call withdraw _51 ~> call getUser () ~> call mult_e _132 )
#Or
  T ==K ( call withdraw _3 ~> call getUser () ~> call withdraw _51 ~> call getUser () ~> call mult_e _132 ~> ret mult_e () ~> ret getUser _313 ~> ret withdraw () ~> ret getUser _470 )
#Or
  T ==K ( call withdraw _3 ~> call getUser () ~> call withdraw _51 ~> call getUser () ~> call repeat_e _148 )
#Or
  T ==K ( call withdraw _3 ~> call getUser () ~> call withdraw _51 ~> call getUser () ~> call sum_e _140 )
#Or
  T ==K ( call withdraw _3 ~> call getUser () ~> call withdraw _51 ~> call getUser () ~> call sum_e _140 ~> ret sum_e () ~> ret getUser _252 ~> ret withdraw () ~> ret getUser _420 )
#Or
  T ==K ( call withdraw _3 ~> call getUser () ~> call withdraw _51 ~> call getUser () ~> call withdraw _145 ~> call getUser () ~> call fact_e _286 ~> ret fact_e () ~> ret getUser _373 ~> ret withdraw () ~> ret getUser _434 ~> ret withdraw () ~> ret getUser _591 )
#Or
  T ==K ( call withdraw _3 ~> call getUser () ~> call withdraw _51 ~> call getUser () ~> call withdraw _145 ~> call getUser () ~> call fact_e _286 ~> ret fact_e () ~> ret getUser _373 ~> ret withdraw () ~> ret getUser _536 )
#Or
  T ==K ( call withdraw _3 ~> call getUser () ~> call withdraw _51 ~> call getUser () ~> call withdraw _145 ~> call getUser () ~> call fact_e _286 ~> ret fact_e () ~> ret getUser _373 ~> ret withdraw () ~> ret getUser _536 ~> ret withdraw () ~> ret getUser _590 )
#Or
  T ==K ( call withdraw _3 ~> call getUser () ~> call withdraw _51 ~> call getUser () ~> call withdraw _145 ~> call getUser () ~> call fact_e _286 ~> ret fact_e () ~> ret getUser _373 ~> ret withdraw () ~> ret getUser _536 ~> ret withdraw () ~> ret getUser _677 )
#Or
  T ==K ( call withdraw _3 ~> call getUser () ~> call withdraw _51 ~> call getUser () ~> call withdraw _145 ~> call getUser () ~> call mc91_e _274 ~> ret mc91_e () ~> ret getUser _351 ~> ret withdraw () ~> ret getUser _408 ~> ret withdraw () ~> ret getUser _563 )
#Or
  T ==K ( call withdraw _3 ~> call getUser () ~> call withdraw _51 ~> call getUser () ~> call withdraw _145 ~> call getUser () ~> call mc91_e _274 ~> ret mc91_e () ~> ret getUser _351 ~> ret withdraw () ~> ret getUser _510 )
#Or
  T ==K ( call withdraw _3 ~> call getUser () ~> call withdraw _51 ~> call getUser () ~> call withdraw _145 ~> call getUser () ~> call mc91_e _274 ~> ret mc91_e () ~> ret getUser _351 ~> ret withdraw () ~> ret getUser _510 ~> ret withdraw () ~> ret getUser _562 )
#Or
  T ==K ( call withdraw _3 ~> call getUser () ~> call withdraw _51 ~> call getUser () ~> call withdraw _145 ~> call getUser () ~> call mc91_e _274 ~> ret mc91_e () ~> ret getUser _351 ~> ret withdraw () ~> ret getUser _510 ~> ret withdraw () ~> ret getUser _652 )
#Or
  T ==K ( call withdraw _3 ~> call getUser () ~> call withdraw _51 ~> call getUser () ~> call withdraw _145 ~> call getUser () ~> call withdraw _269 ~> call getUser () ~> ret getUser _369 ~> ret withdraw () ~> ret getUser _429 ~> ret withdraw () ~> ret getUser _487 ~> ret withdraw () ~> ret getUser _636 )
#Or
  T ==K ( call withdraw _3 ~> call getUser () ~> call withdraw _51 ~> call getUser () ~> call withdraw _145 ~> call getUser () ~> call withdraw _269 ~> call getUser () ~> ret getUser _369 ~> ret withdraw () ~> ret getUser _429 ~> ret withdraw () ~> ret getUser _583 )
#Or
  T ==K ( call withdraw _3 ~> call getUser () ~> call withdraw _51 ~> call getUser () ~> call withdraw _145 ~> call getUser () ~> call withdraw _269 ~> call getUser () ~> ret getUser _369 ~> ret withdraw () ~> ret getUser _429 ~> ret withdraw () ~> ret getUser _583 ~> ret withdraw () ~> ret getUser _635 )
#Or
  T ==K ( call withdraw _3 ~> call getUser () ~> call withdraw _51 ~> call getUser () ~> call withdraw _145 ~> call getUser () ~> call withdraw _269 ~> call getUser () ~> ret getUser _369 ~> ret withdraw () ~> ret getUser _429 ~> ret withdraw () ~> ret getUser _583 ~> ret withdraw () ~> ret getUser _702 )
#Or
  T ==K ( call withdraw _3 ~> call getUser () ~> call withdraw _51 ~> call getUser () ~> call withdraw _145 ~> call getUser () ~> call withdraw _269 ~> call getUser () ~> ret getUser _369 ~> ret withdraw () ~> ret getUser _529 )
#Or
  T ==K ( call withdraw _3 ~> call getUser () ~> call withdraw _51 ~> call getUser () ~> call withdraw _145 ~> call getUser () ~> call withdraw _269 ~> call getUser () ~> ret getUser _369 ~> ret withdraw () ~> ret getUser _529 ~> ret withdraw () ~> ret getUser _582 )
#Or
  T ==K ( call withdraw _3 ~> call getUser () ~> call withdraw _51 ~> call getUser () ~> call withdraw _145 ~> call getUser () ~> call withdraw _269 ~> call getUser () ~> ret getUser _369 ~> ret withdraw () ~> ret getUser _529 ~> ret withdraw () ~> ret getUser _582 ~> ret withdraw () ~> ret getUser _634 )
#Or
  T ==K ( call withdraw _3 ~> call getUser () ~> call withdraw _51 ~> call getUser () ~> call withdraw _145 ~> call getUser () ~> call withdraw _269 ~> call getUser () ~> ret getUser _369 ~> ret withdraw () ~> ret getUser _529 ~> ret withdraw () ~> ret getUser _582 ~> ret withdraw () ~> ret getUser _701 )
#Or
  T ==K ( call withdraw _3 ~> call getUser () ~> call withdraw _51 ~> call getUser () ~> call withdraw _145 ~> call getUser () ~> call withdraw _269 ~> call getUser () ~> ret getUser _369 ~> ret withdraw () ~> ret getUser _529 ~> ret withdraw () ~> ret getUser _667 )
#Or
  T ==K ( call withdraw _3 ~> call getUser () ~> call withdraw _51 ~> call getUser () ~> call withdraw _145 ~> call getUser () ~> call withdraw _269 ~> call getUser () ~> ret getUser _369 ~> ret withdraw () ~> ret getUser _529 ~> ret withdraw () ~> ret getUser _667 ~> ret withdraw () ~> ret getUser _700 )
#Or
  T ==K ( call withdraw _3 ~> call getUser () ~> call withdraw _51 ~> call getUser () ~> call withdraw _145 ~> call getUser () ~> call withdraw _269 ~> call getUser () ~> ret getUser _369 ~> ret withdraw () ~> ret getUser _529 ~> ret withdraw () ~> ret getUser _667 ~> ret withdraw () ~> ret getUser _733 )
#Or
  T ==K ( call withdraw _3 ~> call getUser () ~> call withdraw _51 ~> call getUser () ~> call withdraw _145 ~> call getUser () ~> call withdraw _269 ~> ret withdraw () ~> ret getUser _358 ~> ret withdraw () ~> ret getUser _417 ~> ret withdraw () ~> ret getUser _573 )
#Or
  T ==K ( call withdraw _3 ~> call getUser () ~> call withdraw _51 ~> call getUser () ~> call withdraw _145 ~> call getUser () ~> call withdraw _269 ~> ret withdraw () ~> ret getUser _358 ~> ret withdraw () ~> ret getUser _520 )
#Or
  T ==K ( call withdraw _3 ~> call getUser () ~> call withdraw _51 ~> call getUser () ~> call withdraw _145 ~> call getUser () ~> call withdraw _269 ~> ret withdraw () ~> ret getUser _358 ~> ret withdraw () ~> ret getUser _520 ~> ret withdraw () ~> ret getUser _572 )
#Or
  T ==K ( call withdraw _3 ~> call getUser () ~> call withdraw _51 ~> call getUser () ~> call withdraw _145 ~> call getUser () ~> call withdraw _269 ~> ret withdraw () ~> ret getUser _358 ~> ret withdraw () ~> ret getUser _520 ~> ret withdraw () ~> ret getUser _663 )
#Or
  T ==K ( call withdraw _3 ~> call getUser () ~> call withdraw _51 ~> call getUser () ~> call withdraw _145 ~> call getUser () ~> ret getUser _249 ~> ret withdraw () ~> ret getUser _321 ~> ret withdraw () ~> ret getUser _477 )
#Or
  T ==K ( call withdraw _3 ~> call getUser () ~> call withdraw _51 ~> call getUser () ~> call withdraw _145 ~> call getUser () ~> ret getUser _249 ~> ret withdraw () ~> ret getUser _419 )
#Or
  T ==K ( call withdraw _3 ~> call getUser () ~> call withdraw _51 ~> call getUser () ~> call withdraw _145 ~> call getUser () ~> ret getUser _249 ~> ret withdraw () ~> ret getUser _419 ~> ret withdraw () ~> ret getUser _476 )
#Or
  T ==K ( call withdraw _3 ~> call getUser () ~> call withdraw _51 ~> call getUser () ~> call withdraw _145 ~> call getUser () ~> ret getUser _249 ~> ret withdraw () ~> ret getUser _419 ~> ret withdraw () ~> ret getUser _576 )
#Or
  T ==K ( call withdraw _3 ~> call getUser () ~> call withdraw _51 ~> call getUser () ~> call withdraw _145 ~> ret withdraw () ~> ret getUser _237 ~> ret withdraw () ~> ret getUser _409 )
#Or
  T ==K ( call withdraw _3 ~> call getUser () ~> call withdraw _51 ~> call getUser () ~> ret getUser _128 ~> ret withdraw () ~> ret getUser _311 )
#Or
  T ==K call fact_e _10
#Or
  T ==K call lock_e _7
#Or
  T ==K call mc91_e _5
#Or
  T ==K call mult_e _1
#Or
  T ==K call repeat_e _4
#Or
  T ==K call sum_e _2

real	0m14.331s
user	0m30.912s
sys	0m2.265s
