  T ==K ( call withdraw _7 ~> call getUser () ~> call mc91_e _56 )
#Or
  T ==K ( call withdraw _7 ~> call getUser () ~> call mult_e _66 )
#Or
  T ==K ( call withdraw _7 ~> call getUser () ~> call repeat_e _63 )
#Or
  T ==K ( call withdraw _7 ~> call getUser () ~> call sum_e _52 )
#Or
  T ==K ( call withdraw _7 ~> call getUser () ~> call withdraw _58 ~> call getUser () ~> call fact_e _120 ~> ret fact_e () ~> ret getUser _181 ~> ret withdraw () ~> ret getUser _247 )
#Or
  T ==K ( call withdraw _7 ~> call getUser () ~> call withdraw _58 ~> call getUser () ~> call mc91_e _131 ~> ret mc91_e () ~> ret getUser _182 ~> ret withdraw () ~> ret getUser _248 )
#Or
  T ==K ( call withdraw _7 ~> call getUser () ~> call withdraw _58 ~> call getUser () ~> call withdraw _134 ~> call getUser () ~> ret getUser _192 ~> ret withdraw () ~> ret getUser _224 ~> ret withdraw () ~> ret getUser _279 )
#Or
  T ==K ( call withdraw _7 ~> call getUser () ~> call withdraw _58 ~> call getUser () ~> call withdraw _134 ~> call getUser () ~> ret getUser _192 ~> ret withdraw () ~> ret getUser _259 )
#Or
  T ==K ( call withdraw _7 ~> call getUser () ~> call withdraw _58 ~> call getUser () ~> call withdraw _134 ~> call getUser () ~> ret getUser _192 ~> ret withdraw () ~> ret getUser _259 ~> ret withdraw () ~> ret getUser _278 )
#Or
  T ==K ( call withdraw _7 ~> call getUser () ~> call withdraw _58 ~> call getUser () ~> call withdraw _134 ~> call getUser () ~> ret getUser _192 ~> ret withdraw () ~> ret getUser _259 ~> ret withdraw () ~> ret getUser _299 )
#Or
  T ==K ( call withdraw _7 ~> call getUser () ~> call withdraw _58 ~> call getUser () ~> call withdraw _134 ~> ret withdraw () ~> ret getUser _189 ~> ret withdraw () ~> ret getUser _257 )
#Or
  T ==K ( call withdraw _7 ~> call getUser () ~> call withdraw _58 ~> call getUser () ~> ret getUser _117 ~> ret withdraw () ~> ret getUser _215 )
#Or
  T ==K call fact_e _1
#Or
  T ==K call lock_e _3
#Or
  T ==K call mc91_e _5
#Or
  T ==K call mult_e _11
#Or
  T ==K call repeat_e _9
#Or
  T ==K call sum_e _2

real	0m9.288s
user	0m23.340s
sys	0m1.352s
