  T ==K ( call esimple _4 ~> ret esimple () ~> call mc91_e _212 )
#Or
  T ==K ( call esimple _4 ~> ret esimple () ~> call mult_e _239 )
#Or
  T ==K ( call esimple _4 ~> ret esimple () ~> call repeat_e _230 )
#Or
  T ==K ( call esimple _4 ~> ret esimple () ~> call sum_e _182 )
#Or
  T ==K ( call fact_e _1 ~> ret fact_e () ~> call mc91_e _45 )
#Or
  T ==K ( call fact_e _1 ~> ret fact_e () ~> call mult_e _60 )
#Or
  T ==K ( call fact_e _1 ~> ret fact_e () ~> call repeat_e _53 )
#Or
  T ==K ( call fact_e _1 ~> ret fact_e () ~> call sum_e _36 )
#Or
  T ==K ( call lock_e _3 ~> ret lock_e () ~> call mc91_e _581 )
#Or
  T ==K ( call lock_e _3 ~> ret lock_e () ~> call mult_e _633 )
#Or
  T ==K ( call lock_e _3 ~> ret lock_e () ~> call repeat_e _624 )
#Or
  T ==K ( call lock_e _3 ~> ret lock_e () ~> call sum_e _526 )
#Or
  T ==K ( call mc91_e _5 ~> ret mc91_e () ~> call mc91_e _46 )
#Or
  T ==K ( call mc91_e _5 ~> ret mc91_e () ~> call mc91_e _159 )
#Or
  T ==K ( call mc91_e _5 ~> ret mc91_e () ~> call mult_e _63 )
#Or
  T ==K ( call mc91_e _5 ~> ret mc91_e () ~> call mult_e _184 )
#Or
  T ==K ( call mc91_e _5 ~> ret mc91_e () ~> call repeat_e _56 )
#Or
  T ==K ( call mc91_e _5 ~> ret mc91_e () ~> call repeat_e _173 )
#Or
  T ==K ( call mc91_e _5 ~> ret mc91_e () ~> call sum_e _37 )
#Or
  T ==K ( call mc91_e _5 ~> ret mc91_e () ~> call sum_e _130 )
#Or
  T ==K ( call mult_e _11 ~> ret mult_e () ~> call mc91_e _266 )
#Or
  T ==K ( call mult_e _11 ~> ret mult_e () ~> call mult_e _298 )
#Or
  T ==K ( call mult_e _11 ~> ret mult_e () ~> call repeat_e _289 )
#Or
  T ==K ( call mult_e _11 ~> ret mult_e () ~> call sum_e _243 )
#Or
  T ==K ( call sum_e _2 ~> ret sum_e () ~> call mc91_e _83 )
#Or
  T ==K ( call sum_e _2 ~> ret sum_e () ~> call mult_e _110 )
#Or
  T ==K ( call sum_e _2 ~> ret sum_e () ~> call repeat_e _104 )
#Or
  T ==K ( call sum_e _2 ~> ret sum_e () ~> call sum_e _66 )
#Or
  T ==K ( call withdraw _7 ~> call send _7 ~> call fact_e _86 ~> ret fact_e () ~> call fact_e _302 ~> ret fact_e () ~> ret send () ~> ret withdraw () ~> call mc91_e _1568 )
#Or
  T ==K ( call withdraw _7 ~> call send _7 ~> call fact_e _86 ~> ret fact_e () ~> call fact_e _302 ~> ret fact_e () ~> ret send () ~> ret withdraw () ~> call mult_e _1675 )
#Or
  T ==K ( call withdraw _7 ~> call send _7 ~> call fact_e _86 ~> ret fact_e () ~> call fact_e _302 ~> ret fact_e () ~> ret send () ~> ret withdraw () ~> call repeat_e _1644 )
#Or
  T ==K ( call withdraw _7 ~> call send _7 ~> call fact_e _86 ~> ret fact_e () ~> call fact_e _302 ~> ret fact_e () ~> ret send () ~> ret withdraw () ~> call sum_e _1475 )
#Or
  T ==K ( call withdraw _7 ~> call send _7 ~> call fact_e _86 ~> ret fact_e () ~> call mc91_e _357 ~> ret mc91_e () ~> ret send () ~> ret withdraw () ~> call mc91_e _1569 )
#Or
  T ==K ( call withdraw _7 ~> call send _7 ~> call fact_e _86 ~> ret fact_e () ~> call mc91_e _357 ~> ret mc91_e () ~> ret send () ~> ret withdraw () ~> call mult_e _1677 )
#Or
  T ==K ( call withdraw _7 ~> call send _7 ~> call fact_e _86 ~> ret fact_e () ~> call mc91_e _357 ~> ret mc91_e () ~> ret send () ~> ret withdraw () ~> call repeat_e _1646 )
#Or
  T ==K ( call withdraw _7 ~> call send _7 ~> call fact_e _86 ~> ret fact_e () ~> call mc91_e _357 ~> ret mc91_e () ~> ret send () ~> ret withdraw () ~> call sum_e _1476 )
#Or
  T ==K ( call withdraw _7 ~> call send _7 ~> call fact_e _86 ~> ret fact_e () ~> call withdraw _371 ~> call send _371 ~> ret send () ~> ret withdraw () ~> ret send () ~> ret withdraw () ~> call mc91_e _3193 )
#Or
  T ==K ( call withdraw _7 ~> call send _7 ~> call fact_e _86 ~> ret fact_e () ~> call withdraw _371 ~> call send _371 ~> ret send () ~> ret withdraw () ~> ret send () ~> ret withdraw () ~> call mult_e _3335 )
#Or
  T ==K ( call withdraw _7 ~> call send _7 ~> call fact_e _86 ~> ret fact_e () ~> call withdraw _371 ~> call send _371 ~> ret send () ~> ret withdraw () ~> ret send () ~> ret withdraw () ~> call repeat_e _3288 )
#Or
  T ==K ( call withdraw _7 ~> call send _7 ~> call fact_e _86 ~> ret fact_e () ~> call withdraw _371 ~> call send _371 ~> ret send () ~> ret withdraw () ~> ret send () ~> ret withdraw () ~> call sum_e _3044 )
#Or
  T ==K ( call withdraw _7 ~> call send _7 ~> call fact_e _86 ~> ret fact_e () ~> call withdraw _371 ~> ret withdraw () ~> ret send () ~> ret withdraw () ~> call mc91_e _1790 )
#Or
  T ==K ( call withdraw _7 ~> call send _7 ~> call fact_e _86 ~> ret fact_e () ~> call withdraw _371 ~> ret withdraw () ~> ret send () ~> ret withdraw () ~> call mult_e _1945 )
#Or
  T ==K ( call withdraw _7 ~> call send _7 ~> call fact_e _86 ~> ret fact_e () ~> call withdraw _371 ~> ret withdraw () ~> ret send () ~> ret withdraw () ~> call repeat_e _1896 )
#Or
  T ==K ( call withdraw _7 ~> call send _7 ~> call fact_e _86 ~> ret fact_e () ~> call withdraw _371 ~> ret withdraw () ~> ret send () ~> ret withdraw () ~> call sum_e _1678 )
#Or
  T ==K ( call withdraw _7 ~> call send _7 ~> call fact_e _86 ~> ret fact_e () ~> ret send () ~> ret withdraw () ~> call mc91_e _763 )
#Or
  T ==K ( call withdraw _7 ~> call send _7 ~> call fact_e _86 ~> ret fact_e () ~> ret send () ~> ret withdraw () ~> call mult_e _839 )
#Or
  T ==K ( call withdraw _7 ~> call send _7 ~> call fact_e _86 ~> ret fact_e () ~> ret send () ~> ret withdraw () ~> call repeat_e _812 )
#Or
  T ==K ( call withdraw _7 ~> call send _7 ~> call fact_e _86 ~> ret fact_e () ~> ret send () ~> ret withdraw () ~> call sum_e _719 )
#Or
  T ==K ( call withdraw _7 ~> call send _7 ~> call mc91_e _123 ~> ret mc91_e () ~> call fact_e _303 ~> ret fact_e () ~> ret send () ~> ret withdraw () ~> call mc91_e _1570 )
#Or
  T ==K ( call withdraw _7 ~> call send _7 ~> call mc91_e _123 ~> ret mc91_e () ~> call fact_e _303 ~> ret fact_e () ~> ret send () ~> ret withdraw () ~> call mult_e _1680 )
#Or
  T ==K ( call withdraw _7 ~> call send _7 ~> call mc91_e _123 ~> ret mc91_e () ~> call fact_e _303 ~> ret fact_e () ~> ret send () ~> ret withdraw () ~> call repeat_e _1651 )
#Or
  T ==K ( call withdraw _7 ~> call send _7 ~> call mc91_e _123 ~> ret mc91_e () ~> call fact_e _303 ~> ret fact_e () ~> ret send () ~> ret withdraw () ~> call sum_e _1479 )
#Or
  T ==K ( call withdraw _7 ~> call send _7 ~> call mc91_e _123 ~> ret mc91_e () ~> call mc91_e _358 ~> ret mc91_e () ~> ret send () ~> ret withdraw () ~> call mc91_e _1571 )
#Or
  T ==K ( call withdraw _7 ~> call send _7 ~> call mc91_e _123 ~> ret mc91_e () ~> call mc91_e _358 ~> ret mc91_e () ~> ret send () ~> ret withdraw () ~> call mult_e _1682 )
#Or
  T ==K ( call withdraw _7 ~> call send _7 ~> call mc91_e _123 ~> ret mc91_e () ~> call mc91_e _358 ~> ret mc91_e () ~> ret send () ~> ret withdraw () ~> call repeat_e _1653 )
#Or
  T ==K ( call withdraw _7 ~> call send _7 ~> call mc91_e _123 ~> ret mc91_e () ~> call mc91_e _358 ~> ret mc91_e () ~> ret send () ~> ret withdraw () ~> call sum_e _1480 )
#Or
  T ==K ( call withdraw _7 ~> call send _7 ~> call mc91_e _123 ~> ret mc91_e () ~> call withdraw _373 ~> call send _373 ~> ret send () ~> ret withdraw () ~> ret send () ~> ret withdraw () ~> call mc91_e _3200 )
#Or
  T ==K ( call withdraw _7 ~> call send _7 ~> call mc91_e _123 ~> ret mc91_e () ~> call withdraw _373 ~> call send _373 ~> ret send () ~> ret withdraw () ~> ret send () ~> ret withdraw () ~> call mult_e _3347 )
#Or
  T ==K ( call withdraw _7 ~> call send _7 ~> call mc91_e _123 ~> ret mc91_e () ~> call withdraw _373 ~> call send _373 ~> ret send () ~> ret withdraw () ~> ret send () ~> ret withdraw () ~> call repeat_e _3300 )
#Or
  T ==K ( call withdraw _7 ~> call send _7 ~> call mc91_e _123 ~> ret mc91_e () ~> call withdraw _373 ~> call send _373 ~> ret send () ~> ret withdraw () ~> ret send () ~> ret withdraw () ~> call sum_e _3053 )
#Or
  T ==K ( call withdraw _7 ~> call send _7 ~> call mc91_e _123 ~> ret mc91_e () ~> call withdraw _373 ~> ret withdraw () ~> ret send () ~> ret withdraw () ~> call mc91_e _1793 )
#Or
  T ==K ( call withdraw _7 ~> call send _7 ~> call mc91_e _123 ~> ret mc91_e () ~> call withdraw _373 ~> ret withdraw () ~> ret send () ~> ret withdraw () ~> call mult_e _1950 )
#Or
  T ==K ( call withdraw _7 ~> call send _7 ~> call mc91_e _123 ~> ret mc91_e () ~> call withdraw _373 ~> ret withdraw () ~> ret send () ~> ret withdraw () ~> call repeat_e _1907 )
#Or
  T ==K ( call withdraw _7 ~> call send _7 ~> call mc91_e _123 ~> ret mc91_e () ~> call withdraw _373 ~> ret withdraw () ~> ret send () ~> ret withdraw () ~> call sum_e _1683 )
#Or
  T ==K ( call withdraw _7 ~> call send _7 ~> call mc91_e _123 ~> ret mc91_e () ~> ret send () ~> ret withdraw () ~> call mc91_e _764 )
#Or
  T ==K ( call withdraw _7 ~> call send _7 ~> call mc91_e _123 ~> ret mc91_e () ~> ret send () ~> ret withdraw () ~> call mult_e _841 )
#Or
  T ==K ( call withdraw _7 ~> call send _7 ~> call mc91_e _123 ~> ret mc91_e () ~> ret send () ~> ret withdraw () ~> call repeat_e _814 )
#Or
  T ==K ( call withdraw _7 ~> call send _7 ~> call mc91_e _123 ~> ret mc91_e () ~> ret send () ~> ret withdraw () ~> call sum_e _722 )
#Or
  T ==K ( call withdraw _7 ~> call send _7 ~> call withdraw _133 ~> call send _133 ~> ret send () ~> ret withdraw () ~> call fact_e _958 ~> ret fact_e () ~> ret send () ~> ret withdraw () ~> call mc91_e _3203 )
#Or
  T ==K ( call withdraw _7 ~> call send _7 ~> call withdraw _133 ~> call send _133 ~> ret send () ~> ret withdraw () ~> call fact_e _958 ~> ret fact_e () ~> ret send () ~> ret withdraw () ~> call mult_e _3355 )
#Or
  T ==K ( call withdraw _7 ~> call send _7 ~> call withdraw _133 ~> call send _133 ~> ret send () ~> ret withdraw () ~> call fact_e _958 ~> ret fact_e () ~> ret send () ~> ret withdraw () ~> call repeat_e _3308 )
#Or
  T ==K ( call withdraw _7 ~> call send _7 ~> call withdraw _133 ~> call send _133 ~> ret send () ~> ret withdraw () ~> call fact_e _958 ~> ret fact_e () ~> ret send () ~> ret withdraw () ~> call sum_e _3060 )
#Or
  T ==K ( call withdraw _7 ~> call send _7 ~> call withdraw _133 ~> call send _133 ~> ret send () ~> ret withdraw () ~> call mc91_e _1120 ~> ret mc91_e () ~> ret send () ~> ret withdraw () ~> call mc91_e _3204 )
#Or
  T ==K ( call withdraw _7 ~> call send _7 ~> call withdraw _133 ~> call send _133 ~> ret send () ~> ret withdraw () ~> call mc91_e _1120 ~> ret mc91_e () ~> ret send () ~> ret withdraw () ~> call mult_e _3357 )
#Or
  T ==K ( call withdraw _7 ~> call send _7 ~> call withdraw _133 ~> call send _133 ~> ret send () ~> ret withdraw () ~> call mc91_e _1120 ~> ret mc91_e () ~> ret send () ~> ret withdraw () ~> call repeat_e _3310 )
#Or
  T ==K ( call withdraw _7 ~> call send _7 ~> call withdraw _133 ~> call send _133 ~> ret send () ~> ret withdraw () ~> call mc91_e _1120 ~> ret mc91_e () ~> ret send () ~> ret withdraw () ~> call sum_e _3061 )
#Or
  T ==K ( call withdraw _7 ~> call send _7 ~> call withdraw _133 ~> call send _133 ~> ret send () ~> ret withdraw () ~> call withdraw _1160 ~> call send _1160 ~> ret send () ~> ret withdraw () ~> ret send () ~> ret withdraw () ~> call mc91_e _5175 )
#Or
  T ==K ( call withdraw _7 ~> call send _7 ~> call withdraw _133 ~> call send _133 ~> ret send () ~> ret withdraw () ~> call withdraw _1160 ~> call send _1160 ~> ret send () ~> ret withdraw () ~> ret send () ~> ret withdraw () ~> call mult_e _5422 )
#Or
  T ==K ( call withdraw _7 ~> call send _7 ~> call withdraw _133 ~> call send _133 ~> ret send () ~> ret withdraw () ~> call withdraw _1160 ~> call send _1160 ~> ret send () ~> ret withdraw () ~> ret send () ~> ret withdraw () ~> call repeat_e _5329 )
#Or
  T ==K ( call withdraw _7 ~> call send _7 ~> call withdraw _133 ~> call send _133 ~> ret send () ~> ret withdraw () ~> call withdraw _1160 ~> call send _1160 ~> ret send () ~> ret withdraw () ~> ret send () ~> ret withdraw () ~> call sum_e _4937 )
#Or
  T ==K ( call withdraw _7 ~> call send _7 ~> call withdraw _133 ~> call send _133 ~> ret send () ~> ret withdraw () ~> call withdraw _1160 ~> ret withdraw () ~> ret send () ~> ret withdraw () ~> call mc91_e _3521 )
#Or
  T ==K ( call withdraw _7 ~> call send _7 ~> call withdraw _133 ~> call send _133 ~> ret send () ~> ret withdraw () ~> call withdraw _1160 ~> ret withdraw () ~> ret send () ~> ret withdraw () ~> call mult_e _3737 )
#Or
  T ==K ( call withdraw _7 ~> call send _7 ~> call withdraw _133 ~> call send _133 ~> ret send () ~> ret withdraw () ~> call withdraw _1160 ~> ret withdraw () ~> ret send () ~> ret withdraw () ~> call repeat_e _3688 )
#Or
  T ==K ( call withdraw _7 ~> call send _7 ~> call withdraw _133 ~> call send _133 ~> ret send () ~> ret withdraw () ~> call withdraw _1160 ~> ret withdraw () ~> ret send () ~> ret withdraw () ~> call sum_e _3358 )
#Or
  T ==K ( call withdraw _7 ~> call send _7 ~> call withdraw _133 ~> call send _133 ~> ret send () ~> ret withdraw () ~> ret send () ~> ret withdraw () ~> call mc91_e _2055 )
#Or
  T ==K ( call withdraw _7 ~> call send _7 ~> call withdraw _133 ~> call send _133 ~> ret send () ~> ret withdraw () ~> ret send () ~> ret withdraw () ~> call mult_e _2226 )
#Or
  T ==K ( call withdraw _7 ~> call send _7 ~> call withdraw _133 ~> call send _133 ~> ret send () ~> ret withdraw () ~> ret send () ~> ret withdraw () ~> call repeat_e _2163 )
#Or
  T ==K ( call withdraw _7 ~> call send _7 ~> call withdraw _133 ~> call send _133 ~> ret send () ~> ret withdraw () ~> ret send () ~> ret withdraw () ~> call sum_e _1911 )
#Or
  T ==K ( call withdraw _7 ~> call send _7 ~> call withdraw _133 ~> ret withdraw () ~> call fact_e _390 ~> ret fact_e () ~> ret send () ~> ret withdraw () ~> call mc91_e _1797 )
#Or
  T ==K ( call withdraw _7 ~> call send _7 ~> call withdraw _133 ~> ret withdraw () ~> call fact_e _390 ~> ret fact_e () ~> ret send () ~> ret withdraw () ~> call mult_e _1954 )
#Or
  T ==K ( call withdraw _7 ~> call send _7 ~> call withdraw _133 ~> ret withdraw () ~> call fact_e _390 ~> ret fact_e () ~> ret send () ~> ret withdraw () ~> call repeat_e _1913 )
#Or
  T ==K ( call withdraw _7 ~> call send _7 ~> call withdraw _133 ~> ret withdraw () ~> call fact_e _390 ~> ret fact_e () ~> ret send () ~> ret withdraw () ~> call sum_e _1684 )
#Or
  T ==K ( call withdraw _7 ~> call send _7 ~> call withdraw _133 ~> ret withdraw () ~> call mc91_e _453 ~> ret mc91_e () ~> ret send () ~> ret withdraw () ~> call mc91_e _1798 )
#Or
  T ==K ( call withdraw _7 ~> call send _7 ~> call withdraw _133 ~> ret withdraw () ~> call mc91_e _453 ~> ret mc91_e () ~> ret send () ~> ret withdraw () ~> call mult_e _1956 )
#Or
  T ==K ( call withdraw _7 ~> call send _7 ~> call withdraw _133 ~> ret withdraw () ~> call mc91_e _453 ~> ret mc91_e () ~> ret send () ~> ret withdraw () ~> call repeat_e _1915 )
#Or
  T ==K ( call withdraw _7 ~> call send _7 ~> call withdraw _133 ~> ret withdraw () ~> call mc91_e _453 ~> ret mc91_e () ~> ret send () ~> ret withdraw () ~> call sum_e _1685 )
#Or
  T ==K ( call withdraw _7 ~> call send _7 ~> call withdraw _133 ~> ret withdraw () ~> call withdraw _476 ~> call send _476 ~> ret send () ~> ret withdraw () ~> ret send () ~> ret withdraw () ~> call mc91_e _3527 )
#Or
  T ==K ( call withdraw _7 ~> call send _7 ~> call withdraw _133 ~> ret withdraw () ~> call withdraw _476 ~> call send _476 ~> ret send () ~> ret withdraw () ~> ret send () ~> ret withdraw () ~> call mult_e _3744 )
#Or
  T ==K ( call withdraw _7 ~> call send _7 ~> call withdraw _133 ~> ret withdraw () ~> call withdraw _476 ~> call send _476 ~> ret send () ~> ret withdraw () ~> ret send () ~> ret withdraw () ~> call repeat_e _3695 )
#Or
  T ==K ( call withdraw _7 ~> call send _7 ~> call withdraw _133 ~> ret withdraw () ~> call withdraw _476 ~> call send _476 ~> ret send () ~> ret withdraw () ~> ret send () ~> ret withdraw () ~> call sum_e _3361 )
#Or
  T ==K ( call withdraw _7 ~> call send _7 ~> call withdraw _133 ~> ret withdraw () ~> call withdraw _476 ~> ret withdraw () ~> ret send () ~> ret withdraw () ~> call mc91_e _2108 )
#Or
  T ==K ( call withdraw _7 ~> call send _7 ~> call withdraw _133 ~> ret withdraw () ~> call withdraw _476 ~> ret withdraw () ~> ret send () ~> ret withdraw () ~> call mult_e _2279 )
#Or
  T ==K ( call withdraw _7 ~> call send _7 ~> call withdraw _133 ~> ret withdraw () ~> call withdraw _476 ~> ret withdraw () ~> ret send () ~> ret withdraw () ~> call repeat_e _2236 )
#Or
  T ==K ( call withdraw _7 ~> call send _7 ~> call withdraw _133 ~> ret withdraw () ~> call withdraw _476 ~> ret withdraw () ~> ret send () ~> ret withdraw () ~> call sum_e _1957 )
#Or
  T ==K ( call withdraw _7 ~> call send _7 ~> call withdraw _133 ~> ret withdraw () ~> ret send () ~> ret withdraw () ~> call mc91_e _921 )
#Or
  T ==K ( call withdraw _7 ~> call send _7 ~> call withdraw _133 ~> ret withdraw () ~> ret send () ~> ret withdraw () ~> call mult_e _1042 )
#Or
  T ==K ( call withdraw _7 ~> call send _7 ~> call withdraw _133 ~> ret withdraw () ~> ret send () ~> ret withdraw () ~> call repeat_e _1008 )
#Or
  T ==K ( call withdraw _7 ~> call send _7 ~> call withdraw _133 ~> ret withdraw () ~> ret send () ~> ret withdraw () ~> call sum_e _844 )
#Or
  T ==K ( call withdraw _7 ~> call send _7 ~> ret send () ~> ret withdraw () ~> call mc91_e _359 )
#Or
  T ==K ( call withdraw _7 ~> call send _7 ~> ret send () ~> ret withdraw () ~> call mult_e _406 )
#Or
  T ==K ( call withdraw _7 ~> call send _7 ~> ret send () ~> ret withdraw () ~> call repeat_e _392 )
#Or
  T ==K ( call withdraw _7 ~> call send _7 ~> ret send () ~> ret withdraw () ~> call sum_e _317 )
#Or
  T ==K ( call withdraw _7 ~> ret withdraw () ~> call mc91_e _80 )
#Or
  T ==K ( call withdraw _7 ~> ret withdraw () ~> call mult_e _108 )
#Or
  T ==K ( call withdraw _7 ~> ret withdraw () ~> call repeat_e _101 )
#Or
  T ==K ( call withdraw _7 ~> ret withdraw () ~> call sum_e _64 )
#Or
  T ==K call mc91_e _5
#Or
  T ==K call mult_e _11
#Or
  T ==K call repeat_e _9
#Or
  T ==K call sum_e _2

real	1m3.010s
user	1m22.308s
sys	0m9.981s
