  T ==K ( call withdraw _7 ~> call send _7 ~> call fact_e _53 )
#Or
  T ==K ( call withdraw _7 ~> call send _7 ~> call lock_e _56 )
#Or
  T ==K ( call withdraw _7 ~> call send _7 ~> call mc91_e _63 )
#Or
  T ==K ( call withdraw _7 ~> call send _7 ~> call mult_e _74 )
#Or
  T ==K ( call withdraw _7 ~> call send _7 ~> call repeat_e _68 )
#Or
  T ==K ( call withdraw _7 ~> call send _7 ~> call sum_e _54 )
#Or
  T ==K ( call withdraw _7 ~> call send _7 ~> call withdraw _66 ~> call send _66 ~> call mc91_e _166 )
#Or
  T ==K ( call withdraw _7 ~> call send _7 ~> call withdraw _66 ~> call send _66 ~> call mult_e _178 )
#Or
  T ==K ( call withdraw _7 ~> call send _7 ~> call withdraw _66 ~> call send _66 ~> call repeat_e _173 )
#Or
  T ==K ( call withdraw _7 ~> call send _7 ~> call withdraw _66 ~> call send _66 ~> call sum_e _157 )
#Or
  T ==K call fact_e _1
#Or
  T ==K call lock_e _3
#Or
  T ==K call mc91_e _5
#Or
  T ==K call mult_e _11
#Or
  T ==K call repeat_e _9
#Or
  T ==K call sum_e _2

real	0m10.057s
user	0m24.413s
sys	0m1.549s
