  T ==K ( call esimple _4 ~> ret esimple () ~> call fact_e _189 )
#Or
  T ==K ( call esimple _4 ~> ret esimple () ~> call fact_e _269 )
#Or
  T ==K ( call esimple _4 ~> ret esimple () ~> call lock_e _208 )
#Or
  T ==K ( call esimple _4 ~> ret esimple () ~> call lock_e _295 )
#Or
  T ==K ( call esimple _4 ~> ret esimple () ~> call mc91_e _234 )
#Or
  T ==K ( call esimple _4 ~> ret esimple () ~> call mc91_e _349 )
#Or
  T ==K ( call esimple _4 ~> ret esimple () ~> call mult_e _268 )
#Or
  T ==K ( call esimple _4 ~> ret esimple () ~> call mult_e _409 )
#Or
  T ==K ( call esimple _4 ~> ret esimple () ~> call repeat_e _252 )
#Or
  T ==K ( call esimple _4 ~> ret esimple () ~> call repeat_e _386 )
#Or
  T ==K ( call esimple _4 ~> ret esimple () ~> call sum_e _201 )
#Or
  T ==K ( call esimple _4 ~> ret esimple () ~> call sum_e _285 )
#Or
  T ==K ( call fact_e _1 ~> ret fact_e () ~> call fact_e _37 )
#Or
  T ==K ( call fact_e _1 ~> ret fact_e () ~> call lock_e _44 )
#Or
  T ==K ( call fact_e _1 ~> ret fact_e () ~> call mc91_e _62 )
#Or
  T ==K ( call fact_e _1 ~> ret fact_e () ~> call mult_e _81 )
#Or
  T ==K ( call fact_e _1 ~> ret fact_e () ~> call repeat_e _73 )
#Or
  T ==K ( call fact_e _1 ~> ret fact_e () ~> call sum_e _39 )
#Or
  T ==K ( call lock_e _3 ~> ret lock_e () ~> call fact_e _627 )
#Or
  T ==K ( call lock_e _3 ~> ret lock_e () ~> call fact_e _1266 )
#Or
  T ==K ( call lock_e _3 ~> ret lock_e () ~> call lock_e _667 )
#Or
  T ==K ( call lock_e _3 ~> ret lock_e () ~> call lock_e _1334 )
#Or
  T ==K ( call lock_e _3 ~> ret lock_e () ~> call mc91_e _723 )
#Or
  T ==K ( call lock_e _3 ~> ret lock_e () ~> call mc91_e _1426 )
#Or
  T ==K ( call lock_e _3 ~> ret lock_e () ~> call mult_e _799 )
#Or
  T ==K ( call lock_e _3 ~> ret lock_e () ~> call mult_e _1541 )
#Or
  T ==K ( call lock_e _3 ~> ret lock_e () ~> call repeat_e _772 )
#Or
  T ==K ( call lock_e _3 ~> ret lock_e () ~> call repeat_e _1503 )
#Or
  T ==K ( call lock_e _3 ~> ret lock_e () ~> call sum_e _647 )
#Or
  T ==K ( call lock_e _3 ~> ret lock_e () ~> call sum_e _1298 )
#Or
  T ==K ( call mc91_e _7 ~> ret mc91_e () ~> call fact_e _43 )
#Or
  T ==K ( call mc91_e _7 ~> ret mc91_e () ~> call fact_e _153 )
#Or
  T ==K ( call mc91_e _7 ~> ret mc91_e () ~> call fact_e _428 )
#Or
  T ==K ( call mc91_e _7 ~> ret mc91_e () ~> call lock_e _53 )
#Or
  T ==K ( call mc91_e _7 ~> ret mc91_e () ~> call lock_e _169 )
#Or
  T ==K ( call mc91_e _7 ~> ret mc91_e () ~> call lock_e _472 )
#Or
  T ==K ( call mc91_e _7 ~> ret mc91_e () ~> call mc91_e _71 )
#Or
  T ==K ( call mc91_e _7 ~> ret mc91_e () ~> call mc91_e _192 )
#Or
  T ==K ( call mc91_e _7 ~> ret mc91_e () ~> call mc91_e _538 )
#Or
  T ==K ( call mc91_e _7 ~> ret mc91_e () ~> call mult_e _99 )
#Or
  T ==K ( call mc91_e _7 ~> ret mc91_e () ~> call mult_e _222 )
#Or
  T ==K ( call mc91_e _7 ~> ret mc91_e () ~> call mult_e _598 )
#Or
  T ==K ( call mc91_e _7 ~> ret mc91_e () ~> call repeat_e _90 )
#Or
  T ==K ( call mc91_e _7 ~> ret mc91_e () ~> call repeat_e _212 )
#Or
  T ==K ( call mc91_e _7 ~> ret mc91_e () ~> call repeat_e _577 )
#Or
  T ==K ( call mc91_e _7 ~> ret mc91_e () ~> call sum_e _47 )
#Or
  T ==K ( call mc91_e _7 ~> ret mc91_e () ~> call sum_e _161 )
#Or
  T ==K ( call mc91_e _7 ~> ret mc91_e () ~> call sum_e _450 )
#Or
  T ==K ( call mult_e _13 ~> ret mult_e () ~> call fact_e _263 )
#Or
  T ==K ( call mult_e _13 ~> ret mult_e () ~> call lock_e _289 )
#Or
  T ==K ( call mult_e _13 ~> ret mult_e () ~> call mc91_e _340 )
#Or
  T ==K ( call mult_e _13 ~> ret mult_e () ~> call mult_e _401 )
#Or
  T ==K ( call mult_e _13 ~> ret mult_e () ~> call repeat_e _379 )
#Or
  T ==K ( call mult_e _13 ~> ret mult_e () ~> call sum_e _280 )
#Or
  T ==K ( call sum_e _2 ~> ret sum_e () ~> call fact_e _74 )
#Or
  T ==K ( call sum_e _2 ~> ret sum_e () ~> call lock_e _93 )
#Or
  T ==K ( call sum_e _2 ~> ret sum_e () ~> call mc91_e _117 )
#Or
  T ==K ( call sum_e _2 ~> ret sum_e () ~> call mult_e _143 )
#Or
  T ==K ( call sum_e _2 ~> ret sum_e () ~> call repeat_e _134 )
#Or
  T ==K ( call sum_e _2 ~> ret sum_e () ~> call sum_e _82 )
#Or
  T ==K ( call updateLocal _5 ~> ret updateLocal () ~> call fact_e _29 )
#Or
  T ==K ( call updateLocal _5 ~> ret updateLocal () ~> call lock_e _33 )
#Or
  T ==K ( call updateLocal _5 ~> ret updateLocal () ~> call mc91_e _41 )
#Or
  T ==K ( call updateLocal _5 ~> ret updateLocal () ~> call mult_e _57 )
#Or
  T ==K ( call updateLocal _5 ~> ret updateLocal () ~> call repeat_e _51 )
#Or
  T ==K ( call updateLocal _5 ~> ret updateLocal () ~> call sum_e _31 )
#Or
  T ==K ( call updateRemote () ~> call get_ext () ~> call fact_e _91 ~> ret fact_e () ~> call fact_e _316 ~> ret fact_e () ~> ret get_ext _787 ~> ret updateRemote () ~> call fact_e _2218 )
#Or
  T ==K ( call updateRemote () ~> call get_ext () ~> call fact_e _91 ~> ret fact_e () ~> call fact_e _316 ~> ret fact_e () ~> ret get_ext _787 ~> ret updateRemote () ~> call fact_e _2355 )
#Or
  T ==K ( call updateRemote () ~> call get_ext () ~> call fact_e _91 ~> ret fact_e () ~> call fact_e _316 ~> ret fact_e () ~> ret get_ext _787 ~> ret updateRemote () ~> call lock_e _2302 )
#Or
  T ==K ( call updateRemote () ~> call get_ext () ~> call fact_e _91 ~> ret fact_e () ~> call fact_e _316 ~> ret fact_e () ~> ret get_ext _787 ~> ret updateRemote () ~> call lock_e _2459 )
#Or
  T ==K ( call updateRemote () ~> call get_ext () ~> call fact_e _91 ~> ret fact_e () ~> call fact_e _316 ~> ret fact_e () ~> ret get_ext _787 ~> ret updateRemote () ~> call mc91_e _2461 )
#Or
  T ==K ( call updateRemote () ~> call get_ext () ~> call fact_e _91 ~> ret fact_e () ~> call fact_e _316 ~> ret fact_e () ~> ret get_ext _787 ~> ret updateRemote () ~> call mc91_e _2649 )
#Or
  T ==K ( call updateRemote () ~> call get_ext () ~> call fact_e _91 ~> ret fact_e () ~> call fact_e _316 ~> ret fact_e () ~> ret get_ext _787 ~> ret updateRemote () ~> call mult_e _2651 )
#Or
  T ==K ( call updateRemote () ~> call get_ext () ~> call fact_e _91 ~> ret fact_e () ~> call fact_e _316 ~> ret fact_e () ~> ret get_ext _787 ~> ret updateRemote () ~> call mult_e _2850 )
#Or
  T ==K ( call updateRemote () ~> call get_ext () ~> call fact_e _91 ~> ret fact_e () ~> call fact_e _316 ~> ret fact_e () ~> ret get_ext _787 ~> ret updateRemote () ~> call repeat_e _2583 )
#Or
  T ==K ( call updateRemote () ~> call get_ext () ~> call fact_e _91 ~> ret fact_e () ~> call fact_e _316 ~> ret fact_e () ~> ret get_ext _787 ~> ret updateRemote () ~> call repeat_e _2782 )
#Or
  T ==K ( call updateRemote () ~> call get_ext () ~> call fact_e _91 ~> ret fact_e () ~> call fact_e _316 ~> ret fact_e () ~> ret get_ext _787 ~> ret updateRemote () ~> call sum_e _2260 )
#Or
  T ==K ( call updateRemote () ~> call get_ext () ~> call fact_e _91 ~> ret fact_e () ~> call fact_e _316 ~> ret fact_e () ~> ret get_ext _787 ~> ret updateRemote () ~> call sum_e _2408 )
#Or
  T ==K ( call updateRemote () ~> call get_ext () ~> call fact_e _91 ~> ret fact_e () ~> call mc91_e _415 ~> ret mc91_e () ~> ret get_ext _817 ~> ret updateRemote () ~> call fact_e _2264 )
#Or
  T ==K ( call updateRemote () ~> call get_ext () ~> call fact_e _91 ~> ret fact_e () ~> call mc91_e _415 ~> ret mc91_e () ~> ret get_ext _817 ~> ret updateRemote () ~> call fact_e _2414 )
#Or
  T ==K ( call updateRemote () ~> call get_ext () ~> call fact_e _91 ~> ret fact_e () ~> call mc91_e _415 ~> ret mc91_e () ~> ret get_ext _817 ~> ret updateRemote () ~> call lock_e _2360 )
#Or
  T ==K ( call updateRemote () ~> call get_ext () ~> call fact_e _91 ~> ret fact_e () ~> call mc91_e _415 ~> ret mc91_e () ~> ret get_ext _817 ~> ret updateRemote () ~> call lock_e _2524 )
#Or
  T ==K ( call updateRemote () ~> call get_ext () ~> call fact_e _91 ~> ret fact_e () ~> call mc91_e _415 ~> ret mc91_e () ~> ret get_ext _817 ~> ret updateRemote () ~> call mc91_e _2526 )
#Or
  T ==K ( call updateRemote () ~> call get_ext () ~> call fact_e _91 ~> ret fact_e () ~> call mc91_e _415 ~> ret mc91_e () ~> ret get_ext _817 ~> ret updateRemote () ~> call mc91_e _2722 )
#Or
  T ==K ( call updateRemote () ~> call get_ext () ~> call fact_e _91 ~> ret fact_e () ~> call mc91_e _415 ~> ret mc91_e () ~> ret get_ext _817 ~> ret updateRemote () ~> call mult_e _2724 )
#Or
  T ==K ( call updateRemote () ~> call get_ext () ~> call fact_e _91 ~> ret fact_e () ~> call mc91_e _415 ~> ret mc91_e () ~> ret get_ext _817 ~> ret updateRemote () ~> call mult_e _2925 )
#Or
  T ==K ( call updateRemote () ~> call get_ext () ~> call fact_e _91 ~> ret fact_e () ~> call mc91_e _415 ~> ret mc91_e () ~> ret get_ext _817 ~> ret updateRemote () ~> call repeat_e _2658 )
#Or
  T ==K ( call updateRemote () ~> call get_ext () ~> call fact_e _91 ~> ret fact_e () ~> call mc91_e _415 ~> ret mc91_e () ~> ret get_ext _817 ~> ret updateRemote () ~> call repeat_e _2857 )
#Or
  T ==K ( call updateRemote () ~> call get_ext () ~> call fact_e _91 ~> ret fact_e () ~> call mc91_e _415 ~> ret mc91_e () ~> ret get_ext _817 ~> ret updateRemote () ~> call sum_e _2306 )
#Or
  T ==K ( call updateRemote () ~> call get_ext () ~> call fact_e _91 ~> ret fact_e () ~> call mc91_e _415 ~> ret mc91_e () ~> ret get_ext _817 ~> ret updateRemote () ~> call sum_e _2465 )
#Or
  T ==K ( call updateRemote () ~> call get_ext () ~> call fact_e _91 ~> ret fact_e () ~> call updateLocal _395 ~> ret updateLocal () ~> ret get_ext _693 ~> ret updateRemote () ~> call fact_e _2054 )
#Or
  T ==K ( call updateRemote () ~> call get_ext () ~> call fact_e _91 ~> ret fact_e () ~> call updateLocal _395 ~> ret updateLocal () ~> ret get_ext _693 ~> ret updateRemote () ~> call fact_e _2173 )
#Or
  T ==K ( call updateRemote () ~> call get_ext () ~> call fact_e _91 ~> ret fact_e () ~> call updateLocal _395 ~> ret updateLocal () ~> ret get_ext _693 ~> ret updateRemote () ~> call lock_e _2132 )
#Or
  T ==K ( call updateRemote () ~> call get_ext () ~> call fact_e _91 ~> ret fact_e () ~> call updateLocal _395 ~> ret updateLocal () ~> ret get_ext _693 ~> ret updateRemote () ~> call lock_e _2261 )
#Or
  T ==K ( call updateRemote () ~> call get_ext () ~> call fact_e _91 ~> ret fact_e () ~> call updateLocal _395 ~> ret updateLocal () ~> ret get_ext _693 ~> ret updateRemote () ~> call mc91_e _2263 )
#Or
  T ==K ( call updateRemote () ~> call get_ext () ~> call fact_e _91 ~> ret fact_e () ~> call updateLocal _395 ~> ret updateLocal () ~> ret get_ext _693 ~> ret updateRemote () ~> call mc91_e _2411 )
#Or
  T ==K ( call updateRemote () ~> call get_ext () ~> call fact_e _91 ~> ret fact_e () ~> call updateLocal _395 ~> ret updateLocal () ~> ret get_ext _693 ~> ret updateRemote () ~> call mult_e _2413 )
#Or
  T ==K ( call updateRemote () ~> call get_ext () ~> call fact_e _91 ~> ret fact_e () ~> call updateLocal _395 ~> ret updateLocal () ~> ret get_ext _693 ~> ret updateRemote () ~> call mult_e _2585 )
#Or
  T ==K ( call updateRemote () ~> call get_ext () ~> call fact_e _91 ~> ret fact_e () ~> call updateLocal _395 ~> ret updateLocal () ~> ret get_ext _693 ~> ret updateRemote () ~> call repeat_e _2359 )
#Or
  T ==K ( call updateRemote () ~> call get_ext () ~> call fact_e _91 ~> ret fact_e () ~> call updateLocal _395 ~> ret updateLocal () ~> ret get_ext _693 ~> ret updateRemote () ~> call repeat_e _2522 )
#Or
  T ==K ( call updateRemote () ~> call get_ext () ~> call fact_e _91 ~> ret fact_e () ~> call updateLocal _395 ~> ret updateLocal () ~> ret get_ext _693 ~> ret updateRemote () ~> call sum_e _2091 )
#Or
  T ==K ( call updateRemote () ~> call get_ext () ~> call fact_e _91 ~> ret fact_e () ~> call updateLocal _395 ~> ret updateLocal () ~> ret get_ext _693 ~> ret updateRemote () ~> call sum_e _2219 )
#Or
  T ==K ( call updateRemote () ~> call get_ext () ~> call fact_e _91 ~> ret fact_e () ~> ret get_ext _301 ~> ret updateRemote () ~> call fact_e _1284 )
#Or
  T ==K ( call updateRemote () ~> call get_ext () ~> call fact_e _91 ~> ret fact_e () ~> ret get_ext _301 ~> ret updateRemote () ~> call fact_e _1376 )
#Or
  T ==K ( call updateRemote () ~> call get_ext () ~> call fact_e _91 ~> ret fact_e () ~> ret get_ext _301 ~> ret updateRemote () ~> call lock_e _1347 )
#Or
  T ==K ( call updateRemote () ~> call get_ext () ~> call fact_e _91 ~> ret fact_e () ~> ret get_ext _301 ~> ret updateRemote () ~> call lock_e _1442 )
#Or
  T ==K ( call updateRemote () ~> call get_ext () ~> call fact_e _91 ~> ret fact_e () ~> ret get_ext _301 ~> ret updateRemote () ~> call mc91_e _1444 )
#Or
  T ==K ( call updateRemote () ~> call get_ext () ~> call fact_e _91 ~> ret fact_e () ~> ret get_ext _301 ~> ret updateRemote () ~> call mc91_e _1560 )
#Or
  T ==K ( call updateRemote () ~> call get_ext () ~> call fact_e _91 ~> ret fact_e () ~> ret get_ext _301 ~> ret updateRemote () ~> call mult_e _1562 )
#Or
  T ==K ( call updateRemote () ~> call get_ext () ~> call fact_e _91 ~> ret fact_e () ~> ret get_ext _301 ~> ret updateRemote () ~> call mult_e _1689 )
#Or
  T ==K ( call updateRemote () ~> call get_ext () ~> call fact_e _91 ~> ret fact_e () ~> ret get_ext _301 ~> ret updateRemote () ~> call repeat_e _1526 )
#Or
  T ==K ( call updateRemote () ~> call get_ext () ~> call fact_e _91 ~> ret fact_e () ~> ret get_ext _301 ~> ret updateRemote () ~> call repeat_e _1644 )
#Or
  T ==K ( call updateRemote () ~> call get_ext () ~> call fact_e _91 ~> ret fact_e () ~> ret get_ext _301 ~> ret updateRemote () ~> call sum_e _1312 )
#Or
  T ==K ( call updateRemote () ~> call get_ext () ~> call fact_e _91 ~> ret fact_e () ~> ret get_ext _301 ~> ret updateRemote () ~> call sum_e _1406 )
#Or
  T ==K ( call updateRemote () ~> call get_ext () ~> call mc91_e _132 ~> ret mc91_e () ~> call fact_e _338 ~> ret fact_e () ~> ret get_ext _819 ~> ret updateRemote () ~> call fact_e _2276 )
#Or
  T ==K ( call updateRemote () ~> call get_ext () ~> call mc91_e _132 ~> ret mc91_e () ~> call fact_e _338 ~> ret fact_e () ~> ret get_ext _819 ~> ret updateRemote () ~> call fact_e _2435 )
#Or
  T ==K ( call updateRemote () ~> call get_ext () ~> call mc91_e _132 ~> ret mc91_e () ~> call fact_e _338 ~> ret fact_e () ~> ret get_ext _819 ~> ret updateRemote () ~> call lock_e _2377 )
#Or
  T ==K ( call updateRemote () ~> call get_ext () ~> call mc91_e _132 ~> ret mc91_e () ~> call fact_e _338 ~> ret fact_e () ~> ret get_ext _819 ~> ret updateRemote () ~> call lock_e _2541 )
#Or
  T ==K ( call updateRemote () ~> call get_ext () ~> call mc91_e _132 ~> ret mc91_e () ~> call fact_e _338 ~> ret fact_e () ~> ret get_ext _819 ~> ret updateRemote () ~> call mc91_e _2543 )
#Or
  T ==K ( call updateRemote () ~> call get_ext () ~> call mc91_e _132 ~> ret mc91_e () ~> call fact_e _338 ~> ret fact_e () ~> ret get_ext _819 ~> ret updateRemote () ~> call mc91_e _2744 )
#Or
  T ==K ( call updateRemote () ~> call get_ext () ~> call mc91_e _132 ~> ret mc91_e () ~> call fact_e _338 ~> ret fact_e () ~> ret get_ext _819 ~> ret updateRemote () ~> call mult_e _2746 )
#Or
  T ==K ( call updateRemote () ~> call get_ext () ~> call mc91_e _132 ~> ret mc91_e () ~> call fact_e _338 ~> ret fact_e () ~> ret get_ext _819 ~> ret updateRemote () ~> call mult_e _2951 )
#Or
  T ==K ( call updateRemote () ~> call get_ext () ~> call mc91_e _132 ~> ret mc91_e () ~> call fact_e _338 ~> ret fact_e () ~> ret get_ext _819 ~> ret updateRemote () ~> call repeat_e _2683 )
#Or
  T ==K ( call updateRemote () ~> call get_ext () ~> call mc91_e _132 ~> ret mc91_e () ~> call fact_e _338 ~> ret fact_e () ~> ret get_ext _819 ~> ret updateRemote () ~> call repeat_e _2878 )
#Or
  T ==K ( call updateRemote () ~> call get_ext () ~> call mc91_e _132 ~> ret mc91_e () ~> call fact_e _338 ~> ret fact_e () ~> ret get_ext _819 ~> ret updateRemote () ~> call sum_e _2321 )
#Or
  T ==K ( call updateRemote () ~> call get_ext () ~> call mc91_e _132 ~> ret mc91_e () ~> call fact_e _338 ~> ret fact_e () ~> ret get_ext _819 ~> ret updateRemote () ~> call sum_e _2485 )
#Or
  T ==K ( call updateRemote () ~> call get_ext () ~> call mc91_e _132 ~> ret mc91_e () ~> call mc91_e _435 ~> ret mc91_e () ~> ret get_ext _846 ~> ret updateRemote () ~> call fact_e _2325 )
#Or
  T ==K ( call updateRemote () ~> call get_ext () ~> call mc91_e _132 ~> ret mc91_e () ~> call mc91_e _435 ~> ret mc91_e () ~> ret get_ext _846 ~> ret updateRemote () ~> call fact_e _2491 )
#Or
  T ==K ( call updateRemote () ~> call get_ext () ~> call mc91_e _132 ~> ret mc91_e () ~> call mc91_e _435 ~> ret mc91_e () ~> ret get_ext _846 ~> ret updateRemote () ~> call lock_e _2440 )
#Or
  T ==K ( call updateRemote () ~> call get_ext () ~> call mc91_e _132 ~> ret mc91_e () ~> call mc91_e _435 ~> ret mc91_e () ~> ret get_ext _846 ~> ret updateRemote () ~> call lock_e _2616 )
#Or
  T ==K ( call updateRemote () ~> call get_ext () ~> call mc91_e _132 ~> ret mc91_e () ~> call mc91_e _435 ~> ret mc91_e () ~> ret get_ext _846 ~> ret updateRemote () ~> call mc91_e _2618 )
#Or
  T ==K ( call updateRemote () ~> call get_ext () ~> call mc91_e _132 ~> ret mc91_e () ~> call mc91_e _435 ~> ret mc91_e () ~> ret get_ext _846 ~> ret updateRemote () ~> call mc91_e _2810 )
#Or
  T ==K ( call updateRemote () ~> call get_ext () ~> call mc91_e _132 ~> ret mc91_e () ~> call mc91_e _435 ~> ret mc91_e () ~> ret get_ext _846 ~> ret updateRemote () ~> call mult_e _2812 )
#Or
  T ==K ( call updateRemote () ~> call get_ext () ~> call mc91_e _132 ~> ret mc91_e () ~> call mc91_e _435 ~> ret mc91_e () ~> ret get_ext _846 ~> ret updateRemote () ~> call mult_e _3029 )
#Or
  T ==K ( call updateRemote () ~> call get_ext () ~> call mc91_e _132 ~> ret mc91_e () ~> call mc91_e _435 ~> ret mc91_e () ~> ret get_ext _846 ~> ret updateRemote () ~> call repeat_e _2753 )
#Or
  T ==K ( call updateRemote () ~> call get_ext () ~> call mc91_e _132 ~> ret mc91_e () ~> call mc91_e _435 ~> ret mc91_e () ~> ret get_ext _846 ~> ret updateRemote () ~> call repeat_e _2958 )
#Or
  T ==K ( call updateRemote () ~> call get_ext () ~> call mc91_e _132 ~> ret mc91_e () ~> call mc91_e _435 ~> ret mc91_e () ~> ret get_ext _846 ~> ret updateRemote () ~> call sum_e _2381 )
#Or
  T ==K ( call updateRemote () ~> call get_ext () ~> call mc91_e _132 ~> ret mc91_e () ~> call mc91_e _435 ~> ret mc91_e () ~> ret get_ext _846 ~> ret updateRemote () ~> call sum_e _2547 )
#Or
  T ==K ( call updateRemote () ~> call get_ext () ~> call mc91_e _132 ~> ret mc91_e () ~> call updateLocal _418 ~> ret updateLocal () ~> ret get_ext _714 ~> ret updateRemote () ~> call fact_e _2100 )
#Or
  T ==K ( call updateRemote () ~> call get_ext () ~> call mc91_e _132 ~> ret mc91_e () ~> call updateLocal _418 ~> ret updateLocal () ~> ret get_ext _714 ~> ret updateRemote () ~> call fact_e _2233 )
#Or
  T ==K ( call updateRemote () ~> call get_ext () ~> call mc91_e _132 ~> ret mc91_e () ~> call updateLocal _418 ~> ret updateLocal () ~> ret get_ext _714 ~> ret updateRemote () ~> call lock_e _2187 )
#Or
  T ==K ( call updateRemote () ~> call get_ext () ~> call mc91_e _132 ~> ret mc91_e () ~> call updateLocal _418 ~> ret updateLocal () ~> ret get_ext _714 ~> ret updateRemote () ~> call lock_e _2322 )
#Or
  T ==K ( call updateRemote () ~> call get_ext () ~> call mc91_e _132 ~> ret mc91_e () ~> call updateLocal _418 ~> ret updateLocal () ~> ret get_ext _714 ~> ret updateRemote () ~> call mc91_e _2324 )
#Or
  T ==K ( call updateRemote () ~> call get_ext () ~> call mc91_e _132 ~> ret mc91_e () ~> call updateLocal _418 ~> ret updateLocal () ~> ret get_ext _714 ~> ret updateRemote () ~> call mc91_e _2488 )
#Or
  T ==K ( call updateRemote () ~> call get_ext () ~> call mc91_e _132 ~> ret mc91_e () ~> call updateLocal _418 ~> ret updateLocal () ~> ret get_ext _714 ~> ret updateRemote () ~> call mult_e _2490 )
#Or
  T ==K ( call updateRemote () ~> call get_ext () ~> call mc91_e _132 ~> ret mc91_e () ~> call updateLocal _418 ~> ret updateLocal () ~> ret get_ext _714 ~> ret updateRemote () ~> call mult_e _2685 )
#Or
  T ==K ( call updateRemote () ~> call get_ext () ~> call mc91_e _132 ~> ret mc91_e () ~> call updateLocal _418 ~> ret updateLocal () ~> ret get_ext _714 ~> ret updateRemote () ~> call repeat_e _2439 )
#Or
  T ==K ( call updateRemote () ~> call get_ext () ~> call mc91_e _132 ~> ret mc91_e () ~> call updateLocal _418 ~> ret updateLocal () ~> ret get_ext _714 ~> ret updateRemote () ~> call repeat_e _2614 )
#Or
  T ==K ( call updateRemote () ~> call get_ext () ~> call mc91_e _132 ~> ret mc91_e () ~> call updateLocal _418 ~> ret updateLocal () ~> ret get_ext _714 ~> ret updateRemote () ~> call sum_e _2140 )
#Or
  T ==K ( call updateRemote () ~> call get_ext () ~> call mc91_e _132 ~> ret mc91_e () ~> call updateLocal _418 ~> ret updateLocal () ~> ret get_ext _714 ~> ret updateRemote () ~> call sum_e _2277 )
#Or
  T ==K ( call updateRemote () ~> call get_ext () ~> call mc91_e _132 ~> ret mc91_e () ~> ret get_ext _318 ~> ret updateRemote () ~> call fact_e _1316 )
#Or
  T ==K ( call updateRemote () ~> call get_ext () ~> call mc91_e _132 ~> ret mc91_e () ~> ret get_ext _318 ~> ret updateRemote () ~> call fact_e _1412 )
#Or
  T ==K ( call updateRemote () ~> call get_ext () ~> call mc91_e _132 ~> ret mc91_e () ~> ret get_ext _318 ~> ret updateRemote () ~> call lock_e _1381 )
#Or
  T ==K ( call updateRemote () ~> call get_ext () ~> call mc91_e _132 ~> ret mc91_e () ~> ret get_ext _318 ~> ret updateRemote () ~> call lock_e _1490 )
#Or
  T ==K ( call updateRemote () ~> call get_ext () ~> call mc91_e _132 ~> ret mc91_e () ~> ret get_ext _318 ~> ret updateRemote () ~> call mc91_e _1492 )
#Or
  T ==K ( call updateRemote () ~> call get_ext () ~> call mc91_e _132 ~> ret mc91_e () ~> ret get_ext _318 ~> ret updateRemote () ~> call mc91_e _1603 )
#Or
  T ==K ( call updateRemote () ~> call get_ext () ~> call mc91_e _132 ~> ret mc91_e () ~> ret get_ext _318 ~> ret updateRemote () ~> call mult_e _1605 )
#Or
  T ==K ( call updateRemote () ~> call get_ext () ~> call mc91_e _132 ~> ret mc91_e () ~> ret get_ext _318 ~> ret updateRemote () ~> call mult_e _1743 )
#Or
  T ==K ( call updateRemote () ~> call get_ext () ~> call mc91_e _132 ~> ret mc91_e () ~> ret get_ext _318 ~> ret updateRemote () ~> call repeat_e _1569 )
#Or
  T ==K ( call updateRemote () ~> call get_ext () ~> call mc91_e _132 ~> ret mc91_e () ~> ret get_ext _318 ~> ret updateRemote () ~> call repeat_e _1698 )
#Or
  T ==K ( call updateRemote () ~> call get_ext () ~> call mc91_e _132 ~> ret mc91_e () ~> ret get_ext _318 ~> ret updateRemote () ~> call sum_e _1351 )
#Or
  T ==K ( call updateRemote () ~> call get_ext () ~> call mc91_e _132 ~> ret mc91_e () ~> ret get_ext _318 ~> ret updateRemote () ~> call sum_e _1448 )
#Or
  T ==K ( call updateRemote () ~> call get_ext () ~> call updateLocal _121 ~> ret updateLocal () ~> call fact_e _262 ~> ret fact_e () ~> ret get_ext _694 ~> ret updateRemote () ~> call fact_e _2058 )
#Or
  T ==K ( call updateRemote () ~> call get_ext () ~> call updateLocal _121 ~> ret updateLocal () ~> call fact_e _262 ~> ret fact_e () ~> ret get_ext _694 ~> ret updateRemote () ~> call fact_e _2178 )
#Or
  T ==K ( call updateRemote () ~> call get_ext () ~> call updateLocal _121 ~> ret updateLocal () ~> call fact_e _262 ~> ret fact_e () ~> ret get_ext _694 ~> ret updateRemote () ~> call lock_e _2134 )
#Or
  T ==K ( call updateRemote () ~> call get_ext () ~> call updateLocal _121 ~> ret updateLocal () ~> call fact_e _262 ~> ret fact_e () ~> ret get_ext _694 ~> ret updateRemote () ~> call lock_e _2267 )
#Or
  T ==K ( call updateRemote () ~> call get_ext () ~> call updateLocal _121 ~> ret updateLocal () ~> call fact_e _262 ~> ret fact_e () ~> ret get_ext _694 ~> ret updateRemote () ~> call mc91_e _2269 )
#Or
  T ==K ( call updateRemote () ~> call get_ext () ~> call updateLocal _121 ~> ret updateLocal () ~> call fact_e _262 ~> ret fact_e () ~> ret get_ext _694 ~> ret updateRemote () ~> call mc91_e _2420 )
#Or
  T ==K ( call updateRemote () ~> call get_ext () ~> call updateLocal _121 ~> ret updateLocal () ~> call fact_e _262 ~> ret fact_e () ~> ret get_ext _694 ~> ret updateRemote () ~> call mult_e _2422 )
#Or
  T ==K ( call updateRemote () ~> call get_ext () ~> call updateLocal _121 ~> ret updateLocal () ~> call fact_e _262 ~> ret fact_e () ~> ret get_ext _694 ~> ret updateRemote () ~> call mult_e _2595 )
#Or
  T ==K ( call updateRemote () ~> call get_ext () ~> call updateLocal _121 ~> ret updateLocal () ~> call fact_e _262 ~> ret fact_e () ~> ret get_ext _694 ~> ret updateRemote () ~> call repeat_e _2366 )
#Or
  T ==K ( call updateRemote () ~> call get_ext () ~> call updateLocal _121 ~> ret updateLocal () ~> call fact_e _262 ~> ret fact_e () ~> ret get_ext _694 ~> ret updateRemote () ~> call repeat_e _2532 )
#Or
  T ==K ( call updateRemote () ~> call get_ext () ~> call updateLocal _121 ~> ret updateLocal () ~> call fact_e _262 ~> ret fact_e () ~> ret get_ext _694 ~> ret updateRemote () ~> call sum_e _2093 )
#Or
  T ==K ( call updateRemote () ~> call get_ext () ~> call updateLocal _121 ~> ret updateLocal () ~> call fact_e _262 ~> ret fact_e () ~> ret get_ext _694 ~> ret updateRemote () ~> call sum_e _2222 )
#Or
  T ==K ( call updateRemote () ~> call get_ext () ~> call updateLocal _121 ~> ret updateLocal () ~> call mc91_e _337 ~> ret mc91_e () ~> ret get_ext _713 ~> ret updateRemote () ~> call fact_e _2097 )
#Or
  T ==K ( call updateRemote () ~> call get_ext () ~> call updateLocal _121 ~> ret updateLocal () ~> call mc91_e _337 ~> ret mc91_e () ~> ret get_ext _713 ~> ret updateRemote () ~> call fact_e _2228 )
#Or
  T ==K ( call updateRemote () ~> call get_ext () ~> call updateLocal _121 ~> ret updateLocal () ~> call mc91_e _337 ~> ret mc91_e () ~> ret get_ext _713 ~> ret updateRemote () ~> call lock_e _2183 )
#Or
  T ==K ( call updateRemote () ~> call get_ext () ~> call updateLocal _121 ~> ret updateLocal () ~> call mc91_e _337 ~> ret mc91_e () ~> ret get_ext _713 ~> ret updateRemote () ~> call lock_e _2314 )
#Or
  T ==K ( call updateRemote () ~> call get_ext () ~> call updateLocal _121 ~> ret updateLocal () ~> call mc91_e _337 ~> ret mc91_e () ~> ret get_ext _713 ~> ret updateRemote () ~> call mc91_e _2316 )
#Or
  T ==K ( call updateRemote () ~> call get_ext () ~> call updateLocal _121 ~> ret updateLocal () ~> call mc91_e _337 ~> ret mc91_e () ~> ret get_ext _713 ~> ret updateRemote () ~> call mc91_e _2476 )
#Or
  T ==K ( call updateRemote () ~> call get_ext () ~> call updateLocal _121 ~> ret updateLocal () ~> call mc91_e _337 ~> ret mc91_e () ~> ret get_ext _713 ~> ret updateRemote () ~> call mult_e _2478 )
#Or
  T ==K ( call updateRemote () ~> call get_ext () ~> call updateLocal _121 ~> ret updateLocal () ~> call mc91_e _337 ~> ret mc91_e () ~> ret get_ext _713 ~> ret updateRemote () ~> call mult_e _2674 )
#Or
  T ==K ( call updateRemote () ~> call get_ext () ~> call updateLocal _121 ~> ret updateLocal () ~> call mc91_e _337 ~> ret mc91_e () ~> ret get_ext _713 ~> ret updateRemote () ~> call repeat_e _2429 )
#Or
  T ==K ( call updateRemote () ~> call get_ext () ~> call updateLocal _121 ~> ret updateLocal () ~> call mc91_e _337 ~> ret mc91_e () ~> ret get_ext _713 ~> ret updateRemote () ~> call repeat_e _2602 )
#Or
  T ==K ( call updateRemote () ~> call get_ext () ~> call updateLocal _121 ~> ret updateLocal () ~> call mc91_e _337 ~> ret mc91_e () ~> ret get_ext _713 ~> ret updateRemote () ~> call sum_e _2138 )
#Or
  T ==K ( call updateRemote () ~> call get_ext () ~> call updateLocal _121 ~> ret updateLocal () ~> call mc91_e _337 ~> ret mc91_e () ~> ret get_ext _713 ~> ret updateRemote () ~> call sum_e _2273 )
#Or
  T ==K ( call updateRemote () ~> call get_ext () ~> call updateLocal _121 ~> ret updateLocal () ~> call updateLocal _317 ~> ret updateLocal () ~> ret get_ext _621 ~> ret updateRemote () ~> call fact_e _1904 )
#Or
  T ==K ( call updateRemote () ~> call get_ext () ~> call updateLocal _121 ~> ret updateLocal () ~> call updateLocal _317 ~> ret updateLocal () ~> ret get_ext _621 ~> ret updateRemote () ~> call fact_e _2017 )
#Or
  T ==K ( call updateRemote () ~> call get_ext () ~> call updateLocal _121 ~> ret updateLocal () ~> call updateLocal _317 ~> ret updateLocal () ~> ret get_ext _621 ~> ret updateRemote () ~> call lock_e _1986 )
#Or
  T ==K ( call updateRemote () ~> call get_ext () ~> call updateLocal _121 ~> ret updateLocal () ~> call updateLocal _317 ~> ret updateLocal () ~> ret get_ext _621 ~> ret updateRemote () ~> call lock_e _2094 )
#Or
  T ==K ( call updateRemote () ~> call get_ext () ~> call updateLocal _121 ~> ret updateLocal () ~> call updateLocal _317 ~> ret updateLocal () ~> ret get_ext _621 ~> ret updateRemote () ~> call mc91_e _2096 )
#Or
  T ==K ( call updateRemote () ~> call get_ext () ~> call updateLocal _121 ~> ret updateLocal () ~> call updateLocal _317 ~> ret updateLocal () ~> ret get_ext _621 ~> ret updateRemote () ~> call mc91_e _2225 )
#Or
  T ==K ( call updateRemote () ~> call get_ext () ~> call updateLocal _121 ~> ret updateLocal () ~> call updateLocal _317 ~> ret updateLocal () ~> ret get_ext _621 ~> ret updateRemote () ~> call mult_e _2227 )
#Or
  T ==K ( call updateRemote () ~> call get_ext () ~> call updateLocal _121 ~> ret updateLocal () ~> call updateLocal _317 ~> ret updateLocal () ~> ret get_ext _621 ~> ret updateRemote () ~> call mult_e _2368 )
#Or
  T ==K ( call updateRemote () ~> call get_ext () ~> call updateLocal _121 ~> ret updateLocal () ~> call updateLocal _317 ~> ret updateLocal () ~> ret get_ext _621 ~> ret updateRemote () ~> call repeat_e _2182 )
#Or
  T ==K ( call updateRemote () ~> call get_ext () ~> call updateLocal _121 ~> ret updateLocal () ~> call updateLocal _317 ~> ret updateLocal () ~> ret get_ext _621 ~> ret updateRemote () ~> call repeat_e _2312 )
#Or
  T ==K ( call updateRemote () ~> call get_ext () ~> call updateLocal _121 ~> ret updateLocal () ~> call updateLocal _317 ~> ret updateLocal () ~> ret get_ext _621 ~> ret updateRemote () ~> call sum_e _1947 )
#Or
  T ==K ( call updateRemote () ~> call get_ext () ~> call updateLocal _121 ~> ret updateLocal () ~> call updateLocal _317 ~> ret updateLocal () ~> ret get_ext _621 ~> ret updateRemote () ~> call sum_e _2059 )
#Or
  T ==K ( call updateRemote () ~> call get_ext () ~> call updateLocal _121 ~> ret updateLocal () ~> ret get_ext _248 ~> ret updateRemote () ~> call fact_e _1156 )
#Or
  T ==K ( call updateRemote () ~> call get_ext () ~> call updateLocal _121 ~> ret updateLocal () ~> ret get_ext _248 ~> ret updateRemote () ~> call fact_e _1251 )
#Or
  T ==K ( call updateRemote () ~> call get_ext () ~> call updateLocal _121 ~> ret updateLocal () ~> ret get_ext _248 ~> ret updateRemote () ~> call lock_e _1216 )
#Or
  T ==K ( call updateRemote () ~> call get_ext () ~> call updateLocal _121 ~> ret updateLocal () ~> ret get_ext _248 ~> ret updateRemote () ~> call lock_e _1313 )
#Or
  T ==K ( call updateRemote () ~> call get_ext () ~> call updateLocal _121 ~> ret updateLocal () ~> ret get_ext _248 ~> ret updateRemote () ~> call mc91_e _1315 )
#Or
  T ==K ( call updateRemote () ~> call get_ext () ~> call updateLocal _121 ~> ret updateLocal () ~> ret get_ext _248 ~> ret updateRemote () ~> call mc91_e _1409 )
#Or
  T ==K ( call updateRemote () ~> call get_ext () ~> call updateLocal _121 ~> ret updateLocal () ~> ret get_ext _248 ~> ret updateRemote () ~> call mult_e _1411 )
#Or
  T ==K ( call updateRemote () ~> call get_ext () ~> call updateLocal _121 ~> ret updateLocal () ~> ret get_ext _248 ~> ret updateRemote () ~> call mult_e _1528 )
#Or
  T ==K ( call updateRemote () ~> call get_ext () ~> call updateLocal _121 ~> ret updateLocal () ~> ret get_ext _248 ~> ret updateRemote () ~> call repeat_e _1380 )
#Or
  T ==K ( call updateRemote () ~> call get_ext () ~> call updateLocal _121 ~> ret updateLocal () ~> ret get_ext _248 ~> ret updateRemote () ~> call repeat_e _1488 )
#Or
  T ==K ( call updateRemote () ~> call get_ext () ~> call updateLocal _121 ~> ret updateLocal () ~> ret get_ext _248 ~> ret updateRemote () ~> call sum_e _1181 )
#Or
  T ==K ( call updateRemote () ~> call get_ext () ~> call updateLocal _121 ~> ret updateLocal () ~> ret get_ext _248 ~> ret updateRemote () ~> call sum_e _1285 )
#Or
  T ==K ( call updateRemote () ~> call get_ext () ~> ret get_ext _78 ~> ret updateRemote () ~> call fact_e _606 )
#Or
  T ==K ( call updateRemote () ~> call get_ext () ~> ret get_ext _78 ~> ret updateRemote () ~> call fact_e _663 )
#Or
  T ==K ( call updateRemote () ~> call get_ext () ~> ret get_ext _78 ~> ret updateRemote () ~> call lock_e _641 )
#Or
  T ==K ( call updateRemote () ~> call get_ext () ~> ret get_ext _78 ~> ret updateRemote () ~> call lock_e _695 )
#Or
  T ==K ( call updateRemote () ~> call get_ext () ~> ret get_ext _78 ~> ret updateRemote () ~> call mc91_e _697 )
#Or
  T ==K ( call updateRemote () ~> call get_ext () ~> ret get_ext _78 ~> ret updateRemote () ~> call mc91_e _764 )
#Or
  T ==K ( call updateRemote () ~> call get_ext () ~> ret get_ext _78 ~> ret updateRemote () ~> call mult_e _766 )
#Or
  T ==K ( call updateRemote () ~> call get_ext () ~> ret get_ext _78 ~> ret updateRemote () ~> call mult_e _848 )
#Or
  T ==K ( call updateRemote () ~> call get_ext () ~> ret get_ext _78 ~> ret updateRemote () ~> call repeat_e _740 )
#Or
  T ==K ( call updateRemote () ~> call get_ext () ~> ret get_ext _78 ~> ret updateRemote () ~> call repeat_e _821 )
#Or
  T ==K ( call updateRemote () ~> call get_ext () ~> ret get_ext _78 ~> ret updateRemote () ~> call sum_e _622 )
#Or
  T ==K ( call updateRemote () ~> call get_ext () ~> ret get_ext _78 ~> ret updateRemote () ~> call sum_e _676 )
#Or
  T ==K call fact_e _1
#Or
  T ==K call lock_e _3
#Or
  T ==K call mc91_e _7
#Or
  T ==K call mult_e _13
#Or
  T ==K call repeat_e _11
#Or
  T ==K call sum_e _2

real	1m20.520s
user	1m43.935s
sys	0m12.970s
