  T ==K ( call remoteUpdate () ~> call set_ext 0 ~> call localUpdate _4 ~> ret localUpdate () ~> ret set_ext () ~> call get_ext () ~> call localUpdate _17 ~> ret localUpdate () ~> ret get_ext _32 )
#Or
  T ==K ( call remoteUpdate () ~> call set_ext 0 ~> call localUpdate _4 ~> ret localUpdate () ~> ret set_ext () ~> call get_ext () ~> call remoteUpdate () ~> call set_ext _4 ~> call localUpdate _38 ~> ret localUpdate () ~> ret set_ext () ~> call get_ext () ~> call localUpdate _92 ~> ret localUpdate () ~> ret get_ext _121 )
#Or
  T ==K ( call remoteUpdate () ~> call set_ext 0 ~> call localUpdate _4 ~> ret localUpdate () ~> ret set_ext () ~> call get_ext () ~> call remoteUpdate () ~> call set_ext _4 ~> call localUpdate _38 ~> ret localUpdate () ~> ret set_ext () ~> call get_ext () ~> call localUpdate _92 ~> ret localUpdate () ~> ret get_ext _121 ~> ret remoteUpdate () ~> ret get_ext _206 )
#Or
  T ==K ( call remoteUpdate () ~> call set_ext 0 ~> call localUpdate _4 ~> ret localUpdate () ~> ret set_ext () ~> call get_ext () ~> call remoteUpdate () ~> call set_ext _4 ~> call localUpdate _38 ~> ret localUpdate () ~> ret set_ext () ~> call get_ext () ~> ret get_ext _88 )
#Or
  T ==K ( call remoteUpdate () ~> call set_ext 0 ~> call localUpdate _4 ~> ret localUpdate () ~> ret set_ext () ~> call get_ext () ~> call remoteUpdate () ~> call set_ext _4 ~> call localUpdate _38 ~> ret localUpdate () ~> ret set_ext () ~> call get_ext () ~> ret get_ext _88 ~> ret remoteUpdate () ~> ret get_ext _160 )
#Or
  T ==K ( call remoteUpdate () ~> call set_ext 0 ~> call localUpdate _4 ~> ret localUpdate () ~> ret set_ext () ~> call get_ext () ~> call remoteUpdate () ~> call set_ext _4 ~> ret set_ext () ~> call get_ext () ~> call localUpdate _68 ~> ret localUpdate () ~> ret get_ext _89 )
#Or
  T ==K ( call remoteUpdate () ~> call set_ext 0 ~> call localUpdate _4 ~> ret localUpdate () ~> ret set_ext () ~> call get_ext () ~> call remoteUpdate () ~> call set_ext _4 ~> ret set_ext () ~> call get_ext () ~> call localUpdate _68 ~> ret localUpdate () ~> ret get_ext _89 ~> ret remoteUpdate () ~> ret get_ext _161 )
#Or
  T ==K ( call remoteUpdate () ~> call set_ext 0 ~> call localUpdate _4 ~> ret localUpdate () ~> ret set_ext () ~> call get_ext () ~> call remoteUpdate () ~> call set_ext _4 ~> ret set_ext () ~> call get_ext () ~> ret get_ext _66 )
#Or
  T ==K ( call remoteUpdate () ~> call set_ext 0 ~> call localUpdate _4 ~> ret localUpdate () ~> ret set_ext () ~> call get_ext () ~> call remoteUpdate () ~> call set_ext _4 ~> ret set_ext () ~> call get_ext () ~> ret get_ext _66 ~> ret remoteUpdate () ~> ret get_ext _117 )
#Or
  T ==K ( call remoteUpdate () ~> call set_ext 0 ~> call localUpdate _4 ~> ret localUpdate () ~> ret set_ext () ~> call get_ext () ~> ret get_ext _15 )
#Or
  T ==K ( call remoteUpdate () ~> call set_ext 0 ~> call remoteUpdate () ~> call set_ext 0 ~> call localUpdate _11 ~> ret localUpdate () ~> ret set_ext () ~> call get_ext () ~> call localUpdate _46 ~> ret localUpdate () ~> ret get_ext _62 )
#Or
  T ==K ( call remoteUpdate () ~> call set_ext 0 ~> call remoteUpdate () ~> call set_ext 0 ~> call localUpdate _11 ~> ret localUpdate () ~> ret set_ext () ~> call get_ext () ~> call localUpdate _46 ~> ret localUpdate () ~> ret get_ext _62 ~> ret remoteUpdate () ~> ret set_ext () ~> call get_ext () ~> call localUpdate _174 ~> ret localUpdate () ~> ret get_ext _213 )
#Or
  T ==K ( call remoteUpdate () ~> call set_ext 0 ~> call remoteUpdate () ~> call set_ext 0 ~> call localUpdate _11 ~> ret localUpdate () ~> ret set_ext () ~> call get_ext () ~> call localUpdate _46 ~> ret localUpdate () ~> ret get_ext _62 ~> ret remoteUpdate () ~> ret set_ext () ~> call get_ext () ~> call remoteUpdate () ~> call set_ext _46 ~> call localUpdate _228 ~> ret localUpdate () ~> ret set_ext () ~> call get_ext () ~> call localUpdate _316 ~> ret localUpdate () ~> ret get_ext _371 )
#Or
  T ==K ( call remoteUpdate () ~> call set_ext 0 ~> call remoteUpdate () ~> call set_ext 0 ~> call localUpdate _11 ~> ret localUpdate () ~> ret set_ext () ~> call get_ext () ~> call localUpdate _46 ~> ret localUpdate () ~> ret get_ext _62 ~> ret remoteUpdate () ~> ret set_ext () ~> call get_ext () ~> call remoteUpdate () ~> call set_ext _46 ~> call localUpdate _228 ~> ret localUpdate () ~> ret set_ext () ~> call get_ext () ~> call localUpdate _316 ~> ret localUpdate () ~> ret get_ext _371 ~> ret remoteUpdate () ~> ret get_ext _449 )
#Or
  T ==K ( call remoteUpdate () ~> call set_ext 0 ~> call remoteUpdate () ~> call set_ext 0 ~> call localUpdate _11 ~> ret localUpdate () ~> ret set_ext () ~> call get_ext () ~> call localUpdate _46 ~> ret localUpdate () ~> ret get_ext _62 ~> ret remoteUpdate () ~> ret set_ext () ~> call get_ext () ~> call remoteUpdate () ~> call set_ext _46 ~> call localUpdate _228 ~> ret localUpdate () ~> ret set_ext () ~> call get_ext () ~> ret get_ext _311 )
#Or
  T ==K ( call remoteUpdate () ~> call set_ext 0 ~> call remoteUpdate () ~> call set_ext 0 ~> call localUpdate _11 ~> ret localUpdate () ~> ret set_ext () ~> call get_ext () ~> call localUpdate _46 ~> ret localUpdate () ~> ret get_ext _62 ~> ret remoteUpdate () ~> ret set_ext () ~> call get_ext () ~> call remoteUpdate () ~> call set_ext _46 ~> call localUpdate _228 ~> ret localUpdate () ~> ret set_ext () ~> call get_ext () ~> ret get_ext _311 ~> ret remoteUpdate () ~> ret get_ext _416 )
#Or
  T ==K ( call remoteUpdate () ~> call set_ext 0 ~> call remoteUpdate () ~> call set_ext 0 ~> call localUpdate _11 ~> ret localUpdate () ~> ret set_ext () ~> call get_ext () ~> call localUpdate _46 ~> ret localUpdate () ~> ret get_ext _62 ~> ret remoteUpdate () ~> ret set_ext () ~> call get_ext () ~> call remoteUpdate () ~> call set_ext _46 ~> ret set_ext () ~> call get_ext () ~> call localUpdate _271 ~> ret localUpdate () ~> ret get_ext _312 )
#Or
  T ==K ( call remoteUpdate () ~> call set_ext 0 ~> call remoteUpdate () ~> call set_ext 0 ~> call localUpdate _11 ~> ret localUpdate () ~> ret set_ext () ~> call get_ext () ~> call localUpdate _46 ~> ret localUpdate () ~> ret get_ext _62 ~> ret remoteUpdate () ~> ret set_ext () ~> call get_ext () ~> call remoteUpdate () ~> call set_ext _46 ~> ret set_ext () ~> call get_ext () ~> call localUpdate _271 ~> ret localUpdate () ~> ret get_ext _312 ~> ret remoteUpdate () ~> ret get_ext _417 )
#Or
  T ==K ( call remoteUpdate () ~> call set_ext 0 ~> call remoteUpdate () ~> call set_ext 0 ~> call localUpdate _11 ~> ret localUpdate () ~> ret set_ext () ~> call get_ext () ~> call localUpdate _46 ~> ret localUpdate () ~> ret get_ext _62 ~> ret remoteUpdate () ~> ret set_ext () ~> call get_ext () ~> call remoteUpdate () ~> call set_ext _46 ~> ret set_ext () ~> call get_ext () ~> ret get_ext _264 )
#Or
  T ==K ( call remoteUpdate () ~> call set_ext 0 ~> call remoteUpdate () ~> call set_ext 0 ~> call localUpdate _11 ~> ret localUpdate () ~> ret set_ext () ~> call get_ext () ~> call localUpdate _46 ~> ret localUpdate () ~> ret get_ext _62 ~> ret remoteUpdate () ~> ret set_ext () ~> call get_ext () ~> call remoteUpdate () ~> call set_ext _46 ~> ret set_ext () ~> call get_ext () ~> ret get_ext _264 ~> ret remoteUpdate () ~> ret get_ext _364 )
#Or
  T ==K ( call remoteUpdate () ~> call set_ext 0 ~> call remoteUpdate () ~> call set_ext 0 ~> call localUpdate _11 ~> ret localUpdate () ~> ret set_ext () ~> call get_ext () ~> call localUpdate _46 ~> ret localUpdate () ~> ret get_ext _62 ~> ret remoteUpdate () ~> ret set_ext () ~> call get_ext () ~> ret get_ext _170 )
#Or
  T ==K ( call remoteUpdate () ~> call set_ext 0 ~> call remoteUpdate () ~> call set_ext 0 ~> call localUpdate _11 ~> ret localUpdate () ~> ret set_ext () ~> call get_ext () ~> ret get_ext _42 )
#Or
  T ==K ( call remoteUpdate () ~> call set_ext 0 ~> call remoteUpdate () ~> call set_ext 0 ~> call localUpdate _11 ~> ret localUpdate () ~> ret set_ext () ~> call get_ext () ~> ret get_ext _42 ~> ret remoteUpdate () ~> ret set_ext () ~> call get_ext () ~> call localUpdate _132 ~> ret localUpdate () ~> ret get_ext _171 )
#Or
  T ==K ( call remoteUpdate () ~> call set_ext 0 ~> call remoteUpdate () ~> call set_ext 0 ~> call localUpdate _11 ~> ret localUpdate () ~> ret set_ext () ~> call get_ext () ~> ret get_ext _42 ~> ret remoteUpdate () ~> ret set_ext () ~> call get_ext () ~> call remoteUpdate () ~> call set_ext _11 ~> call localUpdate _190 ~> ret localUpdate () ~> ret set_ext () ~> call get_ext () ~> call localUpdate _272 ~> ret localUpdate () ~> ret get_ext _313 )
#Or
  T ==K ( call remoteUpdate () ~> call set_ext 0 ~> call remoteUpdate () ~> call set_ext 0 ~> call localUpdate _11 ~> ret localUpdate () ~> ret set_ext () ~> call get_ext () ~> ret get_ext _42 ~> ret remoteUpdate () ~> ret set_ext () ~> call get_ext () ~> call remoteUpdate () ~> call set_ext _11 ~> call localUpdate _190 ~> ret localUpdate () ~> ret set_ext () ~> call get_ext () ~> call localUpdate _272 ~> ret localUpdate () ~> ret get_ext _313 ~> ret remoteUpdate () ~> ret get_ext _418 )
#Or
  T ==K ( call remoteUpdate () ~> call set_ext 0 ~> call remoteUpdate () ~> call set_ext 0 ~> call localUpdate _11 ~> ret localUpdate () ~> ret set_ext () ~> call get_ext () ~> ret get_ext _42 ~> ret remoteUpdate () ~> ret set_ext () ~> call get_ext () ~> call remoteUpdate () ~> call set_ext _11 ~> call localUpdate _190 ~> ret localUpdate () ~> ret set_ext () ~> call get_ext () ~> ret get_ext _265 )
#Or
  T ==K ( call remoteUpdate () ~> call set_ext 0 ~> call remoteUpdate () ~> call set_ext 0 ~> call localUpdate _11 ~> ret localUpdate () ~> ret set_ext () ~> call get_ext () ~> ret get_ext _42 ~> ret remoteUpdate () ~> ret set_ext () ~> call get_ext () ~> call remoteUpdate () ~> call set_ext _11 ~> call localUpdate _190 ~> ret localUpdate () ~> ret set_ext () ~> call get_ext () ~> ret get_ext _265 ~> ret remoteUpdate () ~> ret get_ext _365 )
#Or
  T ==K ( call remoteUpdate () ~> call set_ext 0 ~> call remoteUpdate () ~> call set_ext 0 ~> call localUpdate _11 ~> ret localUpdate () ~> ret set_ext () ~> call get_ext () ~> ret get_ext _42 ~> ret remoteUpdate () ~> ret set_ext () ~> call get_ext () ~> call remoteUpdate () ~> call set_ext _11 ~> ret set_ext () ~> call get_ext () ~> call localUpdate _241 ~> ret localUpdate () ~> ret get_ext _266 )
#Or
  T ==K ( call remoteUpdate () ~> call set_ext 0 ~> call remoteUpdate () ~> call set_ext 0 ~> call localUpdate _11 ~> ret localUpdate () ~> ret set_ext () ~> call get_ext () ~> ret get_ext _42 ~> ret remoteUpdate () ~> ret set_ext () ~> call get_ext () ~> call remoteUpdate () ~> call set_ext _11 ~> ret set_ext () ~> call get_ext () ~> call localUpdate _241 ~> ret localUpdate () ~> ret get_ext _266 ~> ret remoteUpdate () ~> ret get_ext _366 )
#Or
  T ==K ( call remoteUpdate () ~> call set_ext 0 ~> call remoteUpdate () ~> call set_ext 0 ~> call localUpdate _11 ~> ret localUpdate () ~> ret set_ext () ~> call get_ext () ~> ret get_ext _42 ~> ret remoteUpdate () ~> ret set_ext () ~> call get_ext () ~> call remoteUpdate () ~> call set_ext _11 ~> ret set_ext () ~> call get_ext () ~> ret get_ext _238 )
#Or
  T ==K ( call remoteUpdate () ~> call set_ext 0 ~> call remoteUpdate () ~> call set_ext 0 ~> call localUpdate _11 ~> ret localUpdate () ~> ret set_ext () ~> call get_ext () ~> ret get_ext _42 ~> ret remoteUpdate () ~> ret set_ext () ~> call get_ext () ~> call remoteUpdate () ~> call set_ext _11 ~> ret set_ext () ~> call get_ext () ~> ret get_ext _238 ~> ret remoteUpdate () ~> ret get_ext _307 )
#Or
  T ==K ( call remoteUpdate () ~> call set_ext 0 ~> call remoteUpdate () ~> call set_ext 0 ~> call localUpdate _11 ~> ret localUpdate () ~> ret set_ext () ~> call get_ext () ~> ret get_ext _42 ~> ret remoteUpdate () ~> ret set_ext () ~> call get_ext () ~> ret get_ext _127 )
#Or
  T ==K ( call remoteUpdate () ~> call set_ext 0 ~> call remoteUpdate () ~> call set_ext 0 ~> ret set_ext () ~> call get_ext () ~> call localUpdate _25 ~> ret localUpdate () ~> ret get_ext _43 )
#Or
  T ==K ( call remoteUpdate () ~> call set_ext 0 ~> call remoteUpdate () ~> call set_ext 0 ~> ret set_ext () ~> call get_ext () ~> call localUpdate _25 ~> ret localUpdate () ~> ret get_ext _43 ~> ret remoteUpdate () ~> ret set_ext () ~> call get_ext () ~> call localUpdate _133 ~> ret localUpdate () ~> ret get_ext _172 )
#Or
  T ==K ( call remoteUpdate () ~> call set_ext 0 ~> call remoteUpdate () ~> call set_ext 0 ~> ret set_ext () ~> call get_ext () ~> call localUpdate _25 ~> ret localUpdate () ~> ret get_ext _43 ~> ret remoteUpdate () ~> ret set_ext () ~> call get_ext () ~> call remoteUpdate () ~> call set_ext _25 ~> call localUpdate _192 ~> ret localUpdate () ~> ret set_ext () ~> call get_ext () ~> call localUpdate _273 ~> ret localUpdate () ~> ret get_ext _314 )
#Or
  T ==K ( call remoteUpdate () ~> call set_ext 0 ~> call remoteUpdate () ~> call set_ext 0 ~> ret set_ext () ~> call get_ext () ~> call localUpdate _25 ~> ret localUpdate () ~> ret get_ext _43 ~> ret remoteUpdate () ~> ret set_ext () ~> call get_ext () ~> call remoteUpdate () ~> call set_ext _25 ~> call localUpdate _192 ~> ret localUpdate () ~> ret set_ext () ~> call get_ext () ~> call localUpdate _273 ~> ret localUpdate () ~> ret get_ext _314 ~> ret remoteUpdate () ~> ret get_ext _419 )
#Or
  T ==K ( call remoteUpdate () ~> call set_ext 0 ~> call remoteUpdate () ~> call set_ext 0 ~> ret set_ext () ~> call get_ext () ~> call localUpdate _25 ~> ret localUpdate () ~> ret get_ext _43 ~> ret remoteUpdate () ~> ret set_ext () ~> call get_ext () ~> call remoteUpdate () ~> call set_ext _25 ~> call localUpdate _192 ~> ret localUpdate () ~> ret set_ext () ~> call get_ext () ~> ret get_ext _267 )
#Or
  T ==K ( call remoteUpdate () ~> call set_ext 0 ~> call remoteUpdate () ~> call set_ext 0 ~> ret set_ext () ~> call get_ext () ~> call localUpdate _25 ~> ret localUpdate () ~> ret get_ext _43 ~> ret remoteUpdate () ~> ret set_ext () ~> call get_ext () ~> call remoteUpdate () ~> call set_ext _25 ~> call localUpdate _192 ~> ret localUpdate () ~> ret set_ext () ~> call get_ext () ~> ret get_ext _267 ~> ret remoteUpdate () ~> ret get_ext _367 )
#Or
  T ==K ( call remoteUpdate () ~> call set_ext 0 ~> call remoteUpdate () ~> call set_ext 0 ~> ret set_ext () ~> call get_ext () ~> call localUpdate _25 ~> ret localUpdate () ~> ret get_ext _43 ~> ret remoteUpdate () ~> ret set_ext () ~> call get_ext () ~> call remoteUpdate () ~> call set_ext _25 ~> ret set_ext () ~> call get_ext () ~> call localUpdate _242 ~> ret localUpdate () ~> ret get_ext _268 )
#Or
  T ==K ( call remoteUpdate () ~> call set_ext 0 ~> call remoteUpdate () ~> call set_ext 0 ~> ret set_ext () ~> call get_ext () ~> call localUpdate _25 ~> ret localUpdate () ~> ret get_ext _43 ~> ret remoteUpdate () ~> ret set_ext () ~> call get_ext () ~> call remoteUpdate () ~> call set_ext _25 ~> ret set_ext () ~> call get_ext () ~> call localUpdate _242 ~> ret localUpdate () ~> ret get_ext _268 ~> ret remoteUpdate () ~> ret get_ext _368 )
#Or
  T ==K ( call remoteUpdate () ~> call set_ext 0 ~> call remoteUpdate () ~> call set_ext 0 ~> ret set_ext () ~> call get_ext () ~> call localUpdate _25 ~> ret localUpdate () ~> ret get_ext _43 ~> ret remoteUpdate () ~> ret set_ext () ~> call get_ext () ~> call remoteUpdate () ~> call set_ext _25 ~> ret set_ext () ~> call get_ext () ~> ret get_ext _239 )
#Or
  T ==K ( call remoteUpdate () ~> call set_ext 0 ~> call remoteUpdate () ~> call set_ext 0 ~> ret set_ext () ~> call get_ext () ~> call localUpdate _25 ~> ret localUpdate () ~> ret get_ext _43 ~> ret remoteUpdate () ~> ret set_ext () ~> call get_ext () ~> call remoteUpdate () ~> call set_ext _25 ~> ret set_ext () ~> call get_ext () ~> ret get_ext _239 ~> ret remoteUpdate () ~> ret get_ext _308 )
#Or
  T ==K ( call remoteUpdate () ~> call set_ext 0 ~> call remoteUpdate () ~> call set_ext 0 ~> ret set_ext () ~> call get_ext () ~> call localUpdate _25 ~> ret localUpdate () ~> ret get_ext _43 ~> ret remoteUpdate () ~> ret set_ext () ~> call get_ext () ~> ret get_ext _128 )
#Or
  T ==K ( call remoteUpdate () ~> call set_ext 0 ~> call remoteUpdate () ~> call set_ext 0 ~> ret set_ext () ~> call get_ext () ~> ret get_ext _22 )
#Or
  T ==K ( call remoteUpdate () ~> call set_ext 0 ~> call remoteUpdate () ~> call set_ext 0 ~> ret set_ext () ~> call get_ext () ~> ret get_ext _22 ~> ret remoteUpdate () ~> ret set_ext () ~> call get_ext () ~> call localUpdate _99 ~> ret localUpdate () ~> ret get_ext _129 )
#Or
  T ==K ( call remoteUpdate () ~> call set_ext 0 ~> call remoteUpdate () ~> call set_ext 0 ~> ret set_ext () ~> call get_ext () ~> ret get_ext _22 ~> ret remoteUpdate () ~> ret set_ext () ~> call get_ext () ~> call remoteUpdate () ~> call set_ext 0 ~> call localUpdate _156 ~> ret localUpdate () ~> ret set_ext () ~> call get_ext () ~> call localUpdate _248 ~> ret localUpdate () ~> ret get_ext _282 )
#Or
  T ==K ( call remoteUpdate () ~> call set_ext 0 ~> call remoteUpdate () ~> call set_ext 0 ~> ret set_ext () ~> call get_ext () ~> ret get_ext _22 ~> ret remoteUpdate () ~> ret set_ext () ~> call get_ext () ~> call remoteUpdate () ~> call set_ext 0 ~> call localUpdate _156 ~> ret localUpdate () ~> ret set_ext () ~> call get_ext () ~> call localUpdate _248 ~> ret localUpdate () ~> ret get_ext _282 ~> ret remoteUpdate () ~> ret get_ext _382 )
#Or
  T ==K ( call remoteUpdate () ~> call set_ext 0 ~> call remoteUpdate () ~> call set_ext 0 ~> ret set_ext () ~> call get_ext () ~> ret get_ext _22 ~> ret remoteUpdate () ~> ret set_ext () ~> call get_ext () ~> call remoteUpdate () ~> call set_ext 0 ~> call localUpdate _156 ~> ret localUpdate () ~> ret set_ext () ~> call get_ext () ~> ret get_ext _246 )
#Or
  T ==K ( call remoteUpdate () ~> call set_ext 0 ~> call remoteUpdate () ~> call set_ext 0 ~> ret set_ext () ~> call get_ext () ~> ret get_ext _22 ~> ret remoteUpdate () ~> ret set_ext () ~> call get_ext () ~> call remoteUpdate () ~> call set_ext 0 ~> call localUpdate _156 ~> ret localUpdate () ~> ret set_ext () ~> call get_ext () ~> ret get_ext _246 ~> ret remoteUpdate () ~> ret get_ext _328 )
#Or
  T ==K ( call remoteUpdate () ~> call set_ext 0 ~> call remoteUpdate () ~> call set_ext 0 ~> ret set_ext () ~> call get_ext () ~> ret get_ext _22 ~> ret remoteUpdate () ~> ret set_ext () ~> call get_ext () ~> call remoteUpdate () ~> call set_ext 0 ~> ret set_ext () ~> call get_ext () ~> call localUpdate _215 ~> ret localUpdate () ~> ret get_ext _247 )
#Or
  T ==K ( call remoteUpdate () ~> call set_ext 0 ~> call remoteUpdate () ~> call set_ext 0 ~> ret set_ext () ~> call get_ext () ~> ret get_ext _22 ~> ret remoteUpdate () ~> ret set_ext () ~> call get_ext () ~> call remoteUpdate () ~> call set_ext 0 ~> ret set_ext () ~> call get_ext () ~> call localUpdate _215 ~> ret localUpdate () ~> ret get_ext _247 ~> ret remoteUpdate () ~> ret get_ext _329 )
#Or
  T ==K ( call remoteUpdate () ~> call set_ext 0 ~> call remoteUpdate () ~> call set_ext 0 ~> ret set_ext () ~> call get_ext () ~> ret get_ext _22 ~> ret remoteUpdate () ~> ret set_ext () ~> call get_ext () ~> call remoteUpdate () ~> call set_ext 0 ~> ret set_ext () ~> call get_ext () ~> ret get_ext _214 )
#Or
  T ==K ( call remoteUpdate () ~> call set_ext 0 ~> call remoteUpdate () ~> call set_ext 0 ~> ret set_ext () ~> call get_ext () ~> ret get_ext _22 ~> ret remoteUpdate () ~> ret set_ext () ~> call get_ext () ~> call remoteUpdate () ~> call set_ext 0 ~> ret set_ext () ~> call get_ext () ~> ret get_ext _214 ~> ret remoteUpdate () ~> ret get_ext _281 )
#Or
  T ==K ( call remoteUpdate () ~> call set_ext 0 ~> call remoteUpdate () ~> call set_ext 0 ~> ret set_ext () ~> call get_ext () ~> ret get_ext _22 ~> ret remoteUpdate () ~> ret set_ext () ~> call get_ext () ~> ret get_ext _96 )
#Or
  T ==K ( call remoteUpdate () ~> call set_ext 0 ~> ret set_ext () ~> call get_ext () ~> call localUpdate _8 ~> ret localUpdate () ~> ret get_ext _16 )
#Or
  T ==K ( call remoteUpdate () ~> call set_ext 0 ~> ret set_ext () ~> call get_ext () ~> call remoteUpdate () ~> call set_ext 0 ~> call localUpdate _27 ~> ret localUpdate () ~> ret set_ext () ~> call get_ext () ~> call localUpdate _74 ~> ret localUpdate () ~> ret get_ext _101 )
#Or
  T ==K ( call remoteUpdate () ~> call set_ext 0 ~> ret set_ext () ~> call get_ext () ~> call remoteUpdate () ~> call set_ext 0 ~> call localUpdate _27 ~> ret localUpdate () ~> ret set_ext () ~> call get_ext () ~> call localUpdate _74 ~> ret localUpdate () ~> ret get_ext _101 ~> ret remoteUpdate () ~> ret get_ext _173 )
#Or
  T ==K ( call remoteUpdate () ~> call set_ext 0 ~> ret set_ext () ~> call get_ext () ~> call remoteUpdate () ~> call set_ext 0 ~> call localUpdate _27 ~> ret localUpdate () ~> ret set_ext () ~> call get_ext () ~> ret get_ext _72 )
#Or
  T ==K ( call remoteUpdate () ~> call set_ext 0 ~> ret set_ext () ~> call get_ext () ~> call remoteUpdate () ~> call set_ext 0 ~> call localUpdate _27 ~> ret localUpdate () ~> ret set_ext () ~> call get_ext () ~> ret get_ext _72 ~> ret remoteUpdate () ~> ret get_ext _130 )
#Or
  T ==K ( call remoteUpdate () ~> call set_ext 0 ~> ret set_ext () ~> call get_ext () ~> call remoteUpdate () ~> call set_ext 0 ~> ret set_ext () ~> call get_ext () ~> call localUpdate _52 ~> ret localUpdate () ~> ret get_ext _73 )
#Or
  T ==K ( call remoteUpdate () ~> call set_ext 0 ~> ret set_ext () ~> call get_ext () ~> call remoteUpdate () ~> call set_ext 0 ~> ret set_ext () ~> call get_ext () ~> call localUpdate _52 ~> ret localUpdate () ~> ret get_ext _73 ~> ret remoteUpdate () ~> ret get_ext _131 )
#Or
  T ==K ( call remoteUpdate () ~> call set_ext 0 ~> ret set_ext () ~> call get_ext () ~> call remoteUpdate () ~> call set_ext 0 ~> ret set_ext () ~> call get_ext () ~> ret get_ext _51 )
#Or
  T ==K ( call remoteUpdate () ~> call set_ext 0 ~> ret set_ext () ~> call get_ext () ~> call remoteUpdate () ~> call set_ext 0 ~> ret set_ext () ~> call get_ext () ~> ret get_ext _51 ~> ret remoteUpdate () ~> ret get_ext _97 )
#Or
  T ==K ( call remoteUpdate () ~> call set_ext 0 ~> ret set_ext () ~> call get_ext () ~> ret get_ext _7 )

real	0m10.145s
user	0m25.603s
sys	0m1.392s
