  T ==K ( call esimple _5 ~> ret esimple () ~> call mc91_e _219 )
#Or
  T ==K ( call esimple _5 ~> ret esimple () ~> call mult_e _243 )
#Or
  T ==K ( call esimple _5 ~> ret esimple () ~> call remoteUpdate () ~> call set_ext 0 ~> ret set_ext () ~> call get_ext () ~> ret get_ext _575 )
#Or
  T ==K ( call esimple _5 ~> ret esimple () ~> call repeat_e _233 )
#Or
  T ==K ( call esimple _5 ~> ret esimple () ~> call sum_e _197 )
#Or
  T ==K ( call fact_e _1 ~> ret fact_e () ~> call mc91_e _62 )
#Or
  T ==K ( call fact_e _1 ~> ret fact_e () ~> call mult_e _82 )
#Or
  T ==K ( call fact_e _1 ~> ret fact_e () ~> call remoteUpdate () ~> call set_ext 0 ~> ret set_ext () ~> call get_ext () ~> ret get_ext _418 )
#Or
  T ==K ( call fact_e _1 ~> ret fact_e () ~> call repeat_e _76 )
#Or
  T ==K ( call fact_e _1 ~> ret fact_e () ~> call sum_e _48 )
#Or
  T ==K ( call localUpdate _2 ~> ret localUpdate () ~> call mc91_e _36 )
#Or
  T ==K ( call localUpdate _2 ~> ret localUpdate () ~> call mult_e _45 )
#Or
  T ==K ( call localUpdate _2 ~> ret localUpdate () ~> call remoteUpdate () ~> call set_ext _2 ~> ret set_ext () ~> call get_ext () ~> ret get_ext _344 )
#Or
  T ==K ( call localUpdate _2 ~> ret localUpdate () ~> call repeat_e _43 )
#Or
  T ==K ( call localUpdate _2 ~> ret localUpdate () ~> call sum_e _29 )
#Or
  T ==K ( call lock_e _4 ~> ret lock_e () ~> call mc91_e _436 )
#Or
  T ==K ( call lock_e _4 ~> ret lock_e () ~> call mult_e _461 )
#Or
  T ==K ( call lock_e _4 ~> ret lock_e () ~> call remoteUpdate () ~> call set_ext 0 ~> ret set_ext () ~> call get_ext () ~> ret get_ext _671 )
#Or
  T ==K ( call lock_e _4 ~> ret lock_e () ~> call repeat_e _455 )
#Or
  T ==K ( call lock_e _4 ~> ret lock_e () ~> call sum_e _413 )
#Or
  T ==K ( call mc91_e _7 ~> ret mc91_e () ~> call mc91_e _72 )
#Or
  T ==K ( call mc91_e _7 ~> ret mc91_e () ~> call mc91_e _175 )
#Or
  T ==K ( call mc91_e _7 ~> ret mc91_e () ~> call mult_e _93 )
#Or
  T ==K ( call mc91_e _7 ~> ret mc91_e () ~> call mult_e _198 )
#Or
  T ==K ( call mc91_e _7 ~> ret mc91_e () ~> call remoteUpdate () ~> call set_ext 0 ~> ret set_ext () ~> call get_ext () ~> ret get_ext _430 )
#Or
  T ==K ( call mc91_e _7 ~> ret mc91_e () ~> call remoteUpdate () ~> call set_ext 0 ~> ret set_ext () ~> call get_ext () ~> ret get_ext _545 )
#Or
  T ==K ( call mc91_e _7 ~> ret mc91_e () ~> call repeat_e _86 )
#Or
  T ==K ( call mc91_e _7 ~> ret mc91_e () ~> call repeat_e _189 )
#Or
  T ==K ( call mc91_e _7 ~> ret mc91_e () ~> call sum_e _55 )
#Or
  T ==K ( call mc91_e _7 ~> ret mc91_e () ~> call sum_e _154 )
#Or
  T ==K ( call mult_e _12 ~> ret mult_e () ~> call mc91_e _281 )
#Or
  T ==K ( call mult_e _12 ~> ret mult_e () ~> call mult_e _310 )
#Or
  T ==K ( call mult_e _12 ~> ret mult_e () ~> call remoteUpdate () ~> call set_ext 0 ~> ret set_ext () ~> call get_ext () ~> ret get_ext _608 )
#Or
  T ==K ( call mult_e _12 ~> ret mult_e () ~> call repeat_e _302 )
#Or
  T ==K ( call mult_e _12 ~> ret mult_e () ~> call sum_e _248 )
#Or
  T ==K ( call remoteUpdate () ~> call set_ext 0 ~> ret set_ext () ~> call get_ext () ~> ret get_ext _227 )
#Or
  T ==K ( call remoteUpdate () ~> call set_ext 0 ~> ret set_ext () ~> call get_ext () ~> ret get_ext _227 ~> ret remoteUpdate () ~> call mc91_e _523 )
#Or
  T ==K ( call remoteUpdate () ~> call set_ext 0 ~> ret set_ext () ~> call get_ext () ~> ret get_ext _227 ~> ret remoteUpdate () ~> call mult_e _539 )
#Or
  T ==K ( call remoteUpdate () ~> call set_ext 0 ~> ret set_ext () ~> call get_ext () ~> ret get_ext _227 ~> ret remoteUpdate () ~> call remoteUpdate () ~> call set_ext 0 ~> ret set_ext () ~> call get_ext () ~> ret get_ext _686 )
#Or
  T ==K ( call remoteUpdate () ~> call set_ext 0 ~> ret set_ext () ~> call get_ext () ~> ret get_ext _227 ~> ret remoteUpdate () ~> call repeat_e _535 )
#Or
  T ==K ( call remoteUpdate () ~> call set_ext 0 ~> ret set_ext () ~> call get_ext () ~> ret get_ext _227 ~> ret remoteUpdate () ~> call sum_e _495 )
#Or
  T ==K ( call sum_e _3 ~> ret sum_e () ~> call mc91_e _121 )
#Or
  T ==K ( call sum_e _3 ~> ret sum_e () ~> call mult_e _140 )
#Or
  T ==K ( call sum_e _3 ~> ret sum_e () ~> call remoteUpdate () ~> call set_ext 0 ~> ret set_ext () ~> call get_ext () ~> ret get_ext _483 )
#Or
  T ==K ( call sum_e _3 ~> ret sum_e () ~> call repeat_e _133 )
#Or
  T ==K ( call sum_e _3 ~> ret sum_e () ~> call sum_e _100 )
#Or
  T ==K call mc91_e _7
#Or
  T ==K call mult_e _12
#Or
  T ==K call repeat_e _11
#Or
  T ==K call sum_e _3

real	0m14.134s
user	0m34.199s
sys	0m1.876s
