  T ==K ( call remoteUpdate () ~> call set_ext 0 ~> call localUpdate _4 ~> ret localUpdate () ~> ret set_ext () ~> call get_ext () ~> call localUpdate _17 ~> ret localUpdate () ~> ret get_ext _31 )
#Or
  T ==K ( call remoteUpdate () ~> call set_ext 0 ~> call localUpdate _4 ~> ret localUpdate () ~> ret set_ext () ~> call get_ext () ~> call remoteUpdate () ~> call set_ext _4 ~> ret set_ext () ~> call get_ext () ~> ret get_ext _52 )
#Or
  T ==K ( call remoteUpdate () ~> call set_ext 0 ~> call localUpdate _4 ~> ret localUpdate () ~> ret set_ext () ~> call get_ext () ~> call remoteUpdate () ~> call set_ext _4 ~> ret set_ext () ~> call get_ext () ~> ret get_ext _52 ~> ret remoteUpdate () ~> ret get_ext _71 )
#Or
  T ==K ( call remoteUpdate () ~> call set_ext 0 ~> call localUpdate _4 ~> ret localUpdate () ~> ret set_ext () ~> call get_ext () ~> ret get_ext _15 )
#Or
  T ==K ( call remoteUpdate () ~> call set_ext 0 ~> call remoteUpdate () ~> call set_ext 0 ~> ret set_ext () ~> call get_ext () ~> ret get_ext _21 )
#Or
  T ==K ( call remoteUpdate () ~> call set_ext 0 ~> call remoteUpdate () ~> call set_ext 0 ~> ret set_ext () ~> call get_ext () ~> ret get_ext _21 ~> ret remoteUpdate () ~> ret set_ext () ~> call get_ext () ~> call localUpdate _65 ~> ret localUpdate () ~> ret get_ext _74 )
#Or
  T ==K ( call remoteUpdate () ~> call set_ext 0 ~> call remoteUpdate () ~> call set_ext 0 ~> ret set_ext () ~> call get_ext () ~> ret get_ext _21 ~> ret remoteUpdate () ~> ret set_ext () ~> call get_ext () ~> call remoteUpdate () ~> call set_ext 0 ~> ret set_ext () ~> call get_ext () ~> ret get_ext _91 )
#Or
  T ==K ( call remoteUpdate () ~> call set_ext 0 ~> call remoteUpdate () ~> call set_ext 0 ~> ret set_ext () ~> call get_ext () ~> ret get_ext _21 ~> ret remoteUpdate () ~> ret set_ext () ~> call get_ext () ~> call remoteUpdate () ~> call set_ext 0 ~> ret set_ext () ~> call get_ext () ~> ret get_ext _91 ~> ret remoteUpdate () ~> ret get_ext _98 )
#Or
  T ==K ( call remoteUpdate () ~> call set_ext 0 ~> call remoteUpdate () ~> call set_ext 0 ~> ret set_ext () ~> call get_ext () ~> ret get_ext _21 ~> ret remoteUpdate () ~> ret set_ext () ~> call get_ext () ~> ret get_ext _63 )
#Or
  T ==K ( call remoteUpdate () ~> call set_ext 0 ~> ret set_ext () ~> call get_ext () ~> call localUpdate _8 ~> ret localUpdate () ~> ret get_ext _16 )
#Or
  T ==K ( call remoteUpdate () ~> call set_ext 0 ~> ret set_ext () ~> call get_ext () ~> call remoteUpdate () ~> call set_ext 0 ~> ret set_ext () ~> call get_ext () ~> ret get_ext _45 )
#Or
  T ==K ( call remoteUpdate () ~> call set_ext 0 ~> ret set_ext () ~> call get_ext () ~> call remoteUpdate () ~> call set_ext 0 ~> ret set_ext () ~> call get_ext () ~> ret get_ext _45 ~> ret remoteUpdate () ~> ret get_ext _64 )
#Or
  T ==K ( call remoteUpdate () ~> call set_ext 0 ~> ret set_ext () ~> call get_ext () ~> ret get_ext _7 )

real	0m6.483s
user	0m18.200s
sys	0m0.753s
