  T ==K ( call esimple _5 ~> ret esimple () ~> call esimple _294 ~> ret esimple () ~> call mc91_e _2422 )
#Or
  T ==K ( call esimple _5 ~> ret esimple () ~> call esimple _294 ~> ret esimple () ~> call mult_e _2590 )
#Or
  T ==K ( call esimple _5 ~> ret esimple () ~> call esimple _294 ~> ret esimple () ~> call remoteUpdate () ~> call set_ext 0 ~> ret set_ext () ~> call get_ext () ~> ret get_ext _5161 )
#Or
  T ==K ( call esimple _5 ~> ret esimple () ~> call esimple _294 ~> ret esimple () ~> call repeat_e _2528 )
#Or
  T ==K ( call esimple _5 ~> ret esimple () ~> call esimple _294 ~> ret esimple () ~> call sum_e _2225 )
#Or
  T ==K ( call esimple _5 ~> ret esimple () ~> call fact_e _221 ~> ret fact_e () ~> call mc91_e _1163 )
#Or
  T ==K ( call esimple _5 ~> ret esimple () ~> call fact_e _221 ~> ret fact_e () ~> call mult_e _1314 )
#Or
  T ==K ( call esimple _5 ~> ret esimple () ~> call fact_e _221 ~> ret fact_e () ~> call remoteUpdate () ~> call set_ext 0 ~> ret set_ext () ~> call get_ext () ~> ret get_ext _3986 )
#Or
  T ==K ( call esimple _5 ~> ret esimple () ~> call fact_e _221 ~> ret fact_e () ~> call repeat_e _1267 )
#Or
  T ==K ( call esimple _5 ~> ret esimple () ~> call fact_e _221 ~> ret fact_e () ~> call sum_e _1020 )
#Or
  T ==K ( call esimple _5 ~> ret esimple () ~> call localUpdate _235 ~> ret localUpdate () ~> call mc91_e _845 )
#Or
  T ==K ( call esimple _5 ~> ret esimple () ~> call localUpdate _235 ~> ret localUpdate () ~> call mult_e _978 )
#Or
  T ==K ( call esimple _5 ~> ret esimple () ~> call localUpdate _235 ~> ret localUpdate () ~> call remoteUpdate () ~> call set_ext _235 ~> ret set_ext () ~> call get_ext () ~> ret get_ext _3321 )
#Or
  T ==K ( call esimple _5 ~> ret esimple () ~> call localUpdate _235 ~> ret localUpdate () ~> call repeat_e _934 )
#Or
  T ==K ( call esimple _5 ~> ret esimple () ~> call localUpdate _235 ~> ret localUpdate () ~> call sum_e _737 )
#Or
  T ==K ( call esimple _5 ~> ret esimple () ~> call lock_e _273 ~> ret lock_e () ~> call mc91_e _4110 )
#Or
  T ==K ( call esimple _5 ~> ret esimple () ~> call lock_e _273 ~> ret lock_e () ~> call mult_e _4285 )
#Or
  T ==K ( call esimple _5 ~> ret esimple () ~> call lock_e _273 ~> ret lock_e () ~> call remoteUpdate () ~> call set_ext 0 ~> ret set_ext () ~> call get_ext () ~> ret get_ext _5999 )
#Or
  T ==K ( call esimple _5 ~> ret esimple () ~> call lock_e _273 ~> ret lock_e () ~> call repeat_e _4231 )
#Or
  T ==K ( call esimple _5 ~> ret esimple () ~> call lock_e _273 ~> ret lock_e () ~> call sum_e _3935 )
#Or
  T ==K ( call esimple _5 ~> ret esimple () ~> call mc91_e _315 )
#Or
  T ==K ( call esimple _5 ~> ret esimple () ~> call mc91_e _315 ~> ret mc91_e () ~> call mc91_e _1217 )
#Or
  T ==K ( call esimple _5 ~> ret esimple () ~> call mc91_e _315 ~> ret mc91_e () ~> call mc91_e _2074 )
#Or
  T ==K ( call esimple _5 ~> ret esimple () ~> call mc91_e _315 ~> ret mc91_e () ~> call mult_e _1368 )
#Or
  T ==K ( call esimple _5 ~> ret esimple () ~> call mc91_e _315 ~> ret mc91_e () ~> call mult_e _2226 )
#Or
  T ==K ( call esimple _5 ~> ret esimple () ~> call mc91_e _315 ~> ret mc91_e () ~> call remoteUpdate () ~> call set_ext 0 ~> ret set_ext () ~> call get_ext () ~> ret get_ext _4050 )
#Or
  T ==K ( call esimple _5 ~> ret esimple () ~> call mc91_e _315 ~> ret mc91_e () ~> call remoteUpdate () ~> call set_ext 0 ~> ret set_ext () ~> call get_ext () ~> ret get_ext _4894 )
#Or
  T ==K ( call esimple _5 ~> ret esimple () ~> call mc91_e _315 ~> ret mc91_e () ~> call repeat_e _1318 )
#Or
  T ==K ( call esimple _5 ~> ret esimple () ~> call mc91_e _315 ~> ret mc91_e () ~> call repeat_e _2167 )
#Or
  T ==K ( call esimple _5 ~> ret esimple () ~> call mc91_e _315 ~> ret mc91_e () ~> call sum_e _1069 )
#Or
  T ==K ( call esimple _5 ~> ret esimple () ~> call mc91_e _315 ~> ret mc91_e () ~> call sum_e _1886 )
#Or
  T ==K ( call esimple _5 ~> ret esimple () ~> call mult_e _385 )
#Or
  T ==K ( call esimple _5 ~> ret esimple () ~> call mult_e _385 ~> ret mult_e () ~> call mc91_e _2800 )
#Or
  T ==K ( call esimple _5 ~> ret esimple () ~> call mult_e _385 ~> ret mult_e () ~> call mult_e _2995 )
#Or
  T ==K ( call esimple _5 ~> ret esimple () ~> call mult_e _385 ~> ret mult_e () ~> call remoteUpdate () ~> call set_ext 0 ~> ret set_ext () ~> call get_ext () ~> ret get_ext _5390 )
#Or
  T ==K ( call esimple _5 ~> ret esimple () ~> call mult_e _385 ~> ret mult_e () ~> call repeat_e _2928 )
#Or
  T ==K ( call esimple _5 ~> ret esimple () ~> call mult_e _385 ~> ret mult_e () ~> call sum_e _2595 )
#Or
  T ==K ( call esimple _5 ~> ret esimple () ~> call remoteUpdate () ~> call set_ext 0 ~> ret set_ext () ~> call get_ext () ~> ret get_ext _2480 )
#Or
  T ==K ( call esimple _5 ~> ret esimple () ~> call remoteUpdate () ~> call set_ext 0 ~> ret set_ext () ~> call get_ext () ~> ret get_ext _2480 ~> ret remoteUpdate () ~> call mc91_e _4686 )
#Or
  T ==K ( call esimple _5 ~> ret esimple () ~> call remoteUpdate () ~> call set_ext 0 ~> ret set_ext () ~> call get_ext () ~> ret get_ext _2480 ~> ret remoteUpdate () ~> call mult_e _4834 )
#Or
  T ==K ( call esimple _5 ~> ret esimple () ~> call remoteUpdate () ~> call set_ext 0 ~> ret set_ext () ~> call get_ext () ~> ret get_ext _2480 ~> ret remoteUpdate () ~> call remoteUpdate () ~> call set_ext 0 ~> ret set_ext () ~> call get_ext () ~> ret get_ext _6161 )
#Or
  T ==K ( call esimple _5 ~> ret esimple () ~> call remoteUpdate () ~> call set_ext 0 ~> ret set_ext () ~> call get_ext () ~> ret get_ext _2480 ~> ret remoteUpdate () ~> call repeat_e _4785 )
#Or
  T ==K ( call esimple _5 ~> ret esimple () ~> call remoteUpdate () ~> call set_ext 0 ~> ret set_ext () ~> call get_ext () ~> ret get_ext _2480 ~> ret remoteUpdate () ~> call sum_e _4519 )
#Or
  T ==K ( call esimple _5 ~> ret esimple () ~> call repeat_e _354 )
#Or
  T ==K ( call esimple _5 ~> ret esimple () ~> call sum_e _257 )
#Or
  T ==K ( call esimple _5 ~> ret esimple () ~> call sum_e _257 ~> ret sum_e () ~> call mc91_e _1606 )
#Or
  T ==K ( call esimple _5 ~> ret esimple () ~> call sum_e _257 ~> ret sum_e () ~> call mult_e _1771 )
#Or
  T ==K ( call esimple _5 ~> ret esimple () ~> call sum_e _257 ~> ret sum_e () ~> call remoteUpdate () ~> call set_ext 0 ~> ret set_ext () ~> call get_ext () ~> ret get_ext _4464 )
#Or
  T ==K ( call esimple _5 ~> ret esimple () ~> call sum_e _257 ~> ret sum_e () ~> call repeat_e _1711 )
#Or
  T ==K ( call esimple _5 ~> ret esimple () ~> call sum_e _257 ~> ret sum_e () ~> call sum_e _1428 )
#Or
  T ==K ( call fact_e _1 ~> ret fact_e () ~> call esimple _56 ~> ret esimple () ~> call mc91_e _1142 )
#Or
  T ==K ( call fact_e _1 ~> ret fact_e () ~> call esimple _56 ~> ret esimple () ~> call mult_e _1297 )
#Or
  T ==K ( call fact_e _1 ~> ret fact_e () ~> call esimple _56 ~> ret esimple () ~> call remoteUpdate () ~> call set_ext 0 ~> ret set_ext () ~> call get_ext () ~> ret get_ext _3968 )
#Or
  T ==K ( call fact_e _1 ~> ret fact_e () ~> call esimple _56 ~> ret esimple () ~> call repeat_e _1239 )
#Or
  T ==K ( call fact_e _1 ~> ret fact_e () ~> call esimple _56 ~> ret esimple () ~> call sum_e _1003 )
#Or
  T ==K ( call fact_e _1 ~> ret fact_e () ~> call fact_e _40 ~> ret fact_e () ~> call mc91_e _343 )
#Or
  T ==K ( call fact_e _1 ~> ret fact_e () ~> call fact_e _40 ~> ret fact_e () ~> call mult_e _422 )
#Or
  T ==K ( call fact_e _1 ~> ret fact_e () ~> call fact_e _40 ~> ret fact_e () ~> call remoteUpdate () ~> call set_ext 0 ~> ret set_ext () ~> call get_ext () ~> ret get_ext _2562 )
#Or
  T ==K ( call fact_e _1 ~> ret fact_e () ~> call fact_e _40 ~> ret fact_e () ~> call repeat_e _397 )
#Or
  T ==K ( call fact_e _1 ~> ret fact_e () ~> call fact_e _40 ~> ret fact_e () ~> call sum_e _280 )
#Or
  T ==K ( call fact_e _1 ~> ret fact_e () ~> call localUpdate _44 ~> ret localUpdate () ~> call mc91_e _213 )
#Or
  T ==K ( call fact_e _1 ~> ret fact_e () ~> call localUpdate _44 ~> ret localUpdate () ~> call mult_e _262 )
#Or
  T ==K ( call fact_e _1 ~> ret fact_e () ~> call localUpdate _44 ~> ret localUpdate () ~> call remoteUpdate () ~> call set_ext _44 ~> ret set_ext () ~> call get_ext () ~> ret get_ext _1914 )
#Or
  T ==K ( call fact_e _1 ~> ret fact_e () ~> call localUpdate _44 ~> ret localUpdate () ~> call repeat_e _246 )
#Or
  T ==K ( call fact_e _1 ~> ret fact_e () ~> call localUpdate _44 ~> ret localUpdate () ~> call sum_e _174 )
#Or
  T ==K ( call fact_e _1 ~> ret fact_e () ~> call lock_e _51 ~> ret lock_e () ~> call mc91_e _2678 )
#Or
  T ==K ( call fact_e _1 ~> ret fact_e () ~> call lock_e _51 ~> ret lock_e () ~> call mult_e _2896 )
#Or
  T ==K ( call fact_e _1 ~> ret fact_e () ~> call lock_e _51 ~> ret lock_e () ~> call remoteUpdate () ~> call set_ext 0 ~> ret set_ext () ~> call get_ext () ~> ret get_ext _5348 )
#Or
  T ==K ( call fact_e _1 ~> ret fact_e () ~> call lock_e _51 ~> ret lock_e () ~> call repeat_e _2831 )
#Or
  T ==K ( call fact_e _1 ~> ret fact_e () ~> call lock_e _51 ~> ret lock_e () ~> call sum_e _2506 )
#Or
  T ==K ( call fact_e _1 ~> ret fact_e () ~> call mc91_e _62 )
#Or
  T ==K ( call fact_e _1 ~> ret fact_e () ~> call mc91_e _62 ~> ret mc91_e () ~> call mc91_e _371 )
#Or
  T ==K ( call fact_e _1 ~> ret fact_e () ~> call mc91_e _62 ~> ret mc91_e () ~> call mc91_e _864 )
#Or
  T ==K ( call fact_e _1 ~> ret fact_e () ~> call mc91_e _62 ~> ret mc91_e () ~> call mult_e _458 )
#Or
  T ==K ( call fact_e _1 ~> ret fact_e () ~> call mc91_e _62 ~> ret mc91_e () ~> call mult_e _1004 )
#Or
  T ==K ( call fact_e _1 ~> ret fact_e () ~> call mc91_e _62 ~> ret mc91_e () ~> call remoteUpdate () ~> call set_ext 0 ~> ret set_ext () ~> call get_ext () ~> ret get_ext _2629 )
#Or
  T ==K ( call fact_e _1 ~> ret fact_e () ~> call mc91_e _62 ~> ret mc91_e () ~> call remoteUpdate () ~> call set_ext 0 ~> ret set_ext () ~> call get_ext () ~> ret get_ext _3604 )
#Or
  T ==K ( call fact_e _1 ~> ret fact_e () ~> call mc91_e _62 ~> ret mc91_e () ~> call repeat_e _426 )
#Or
  T ==K ( call fact_e _1 ~> ret fact_e () ~> call mc91_e _62 ~> ret mc91_e () ~> call repeat_e _961 )
#Or
  T ==K ( call fact_e _1 ~> ret fact_e () ~> call mc91_e _62 ~> ret mc91_e () ~> call sum_e _305 )
#Or
  T ==K ( call fact_e _1 ~> ret fact_e () ~> call mc91_e _62 ~> ret mc91_e () ~> call sum_e _758 )
#Or
  T ==K ( call fact_e _1 ~> ret fact_e () ~> call mult_e _82 )
#Or
  T ==K ( call fact_e _1 ~> ret fact_e () ~> call mult_e _82 ~> ret mult_e () ~> call mc91_e _1460 )
#Or
  T ==K ( call fact_e _1 ~> ret fact_e () ~> call mult_e _82 ~> ret mult_e () ~> call mult_e _1639 )
#Or
  T ==K ( call fact_e _1 ~> ret fact_e () ~> call mult_e _82 ~> ret mult_e () ~> call remoteUpdate () ~> call set_ext 0 ~> ret set_ext () ~> call get_ext () ~> ret get_ext _4323 )
#Or
  T ==K ( call fact_e _1 ~> ret fact_e () ~> call mult_e _82 ~> ret mult_e () ~> call repeat_e _1582 )
#Or
  T ==K ( call fact_e _1 ~> ret fact_e () ~> call mult_e _82 ~> ret mult_e () ~> call sum_e _1302 )
#Or
  T ==K ( call fact_e _1 ~> ret fact_e () ~> call remoteUpdate () ~> call set_ext 0 ~> ret set_ext () ~> call get_ext () ~> ret get_ext _1190 )
#Or
  T ==K ( call fact_e _1 ~> ret fact_e () ~> call remoteUpdate () ~> call set_ext 0 ~> ret set_ext () ~> call get_ext () ~> ret get_ext _1190 ~> ret remoteUpdate () ~> call mc91_e _3375 )
#Or
  T ==K ( call fact_e _1 ~> ret fact_e () ~> call remoteUpdate () ~> call set_ext 0 ~> ret set_ext () ~> call get_ext () ~> ret get_ext _1190 ~> ret remoteUpdate () ~> call mult_e _3536 )
#Or
  T ==K ( call fact_e _1 ~> ret fact_e () ~> call remoteUpdate () ~> call set_ext 0 ~> ret set_ext () ~> call get_ext () ~> ret get_ext _1190 ~> ret remoteUpdate () ~> call remoteUpdate () ~> call set_ext 0 ~> ret set_ext () ~> call get_ext () ~> ret get_ext _5675 )
#Or
  T ==K ( call fact_e _1 ~> ret fact_e () ~> call remoteUpdate () ~> call set_ext 0 ~> ret set_ext () ~> call get_ext () ~> ret get_ext _1190 ~> ret remoteUpdate () ~> call repeat_e _3485 )
#Or
  T ==K ( call fact_e _1 ~> ret fact_e () ~> call remoteUpdate () ~> call set_ext 0 ~> ret set_ext () ~> call get_ext () ~> ret get_ext _1190 ~> ret remoteUpdate () ~> call sum_e _3147 )
#Or
  T ==K ( call fact_e _1 ~> ret fact_e () ~> call repeat_e _76 )
#Or
  T ==K ( call fact_e _1 ~> ret fact_e () ~> call sum_e _48 )
#Or
  T ==K ( call fact_e _1 ~> ret fact_e () ~> call sum_e _48 ~> ret sum_e () ~> call mc91_e _580 )
#Or
  T ==K ( call fact_e _1 ~> ret fact_e () ~> call sum_e _48 ~> ret sum_e () ~> call mult_e _681 )
#Or
  T ==K ( call fact_e _1 ~> ret fact_e () ~> call sum_e _48 ~> ret sum_e () ~> call remoteUpdate () ~> call set_ext 0 ~> ret set_ext () ~> call get_ext () ~> ret get_ext _3076 )
#Or
  T ==K ( call fact_e _1 ~> ret fact_e () ~> call sum_e _48 ~> ret sum_e () ~> call repeat_e _648 )
#Or
  T ==K ( call fact_e _1 ~> ret fact_e () ~> call sum_e _48 ~> ret sum_e () ~> call sum_e _487 )
#Or
  T ==K ( call localUpdate _2 ~> ret localUpdate () ~> call esimple _34 ~> ret esimple () ~> call mc91_e _835 )
#Or
  T ==K ( call localUpdate _2 ~> ret localUpdate () ~> call esimple _34 ~> ret esimple () ~> call mult_e _965 )
#Or
  T ==K ( call localUpdate _2 ~> ret localUpdate () ~> call esimple _34 ~> ret esimple () ~> call remoteUpdate () ~> call set_ext _2 ~> ret set_ext () ~> call get_ext () ~> ret get_ext _3299 )
#Or
  T ==K ( call localUpdate _2 ~> ret localUpdate () ~> call esimple _34 ~> ret esimple () ~> call repeat_e _914 )
#Or
  T ==K ( call localUpdate _2 ~> ret localUpdate () ~> call esimple _34 ~> ret esimple () ~> call sum_e _724 )
#Or
  T ==K ( call localUpdate _2 ~> ret localUpdate () ~> call fact_e _25 ~> ret fact_e () ~> call mc91_e _216 )
#Or
  T ==K ( call localUpdate _2 ~> ret localUpdate () ~> call fact_e _25 ~> ret fact_e () ~> call mult_e _265 )
#Or
  T ==K ( call localUpdate _2 ~> ret localUpdate () ~> call fact_e _25 ~> ret fact_e () ~> call remoteUpdate () ~> call set_ext _2 ~> ret set_ext () ~> call get_ext () ~> ret get_ext _1926 )
#Or
  T ==K ( call localUpdate _2 ~> ret localUpdate () ~> call fact_e _25 ~> ret fact_e () ~> call repeat_e _249 )
#Or
  T ==K ( call localUpdate _2 ~> ret localUpdate () ~> call fact_e _25 ~> ret fact_e () ~> call sum_e _176 )
#Or
  T ==K ( call localUpdate _2 ~> ret localUpdate () ~> call localUpdate _27 ~> ret localUpdate () ~> call mc91_e _137 )
#Or
  T ==K ( call localUpdate _2 ~> ret localUpdate () ~> call localUpdate _27 ~> ret localUpdate () ~> call mult_e _165 )
#Or
  T ==K ( call localUpdate _2 ~> ret localUpdate () ~> call localUpdate _27 ~> ret localUpdate () ~> call remoteUpdate () ~> call set_ext _27 ~> ret set_ext () ~> call get_ext () ~> ret get_ext _1516 )
#Or
  T ==K ( call localUpdate _2 ~> ret localUpdate () ~> call localUpdate _27 ~> ret localUpdate () ~> call repeat_e _157 )
#Or
  T ==K ( call localUpdate _2 ~> ret localUpdate () ~> call localUpdate _27 ~> ret localUpdate () ~> call sum_e _112 )
#Or
  T ==K ( call localUpdate _2 ~> ret localUpdate () ~> call lock_e _32 ~> ret lock_e () ~> call mc91_e _2265 )
#Or
  T ==K ( call localUpdate _2 ~> ret localUpdate () ~> call lock_e _32 ~> ret lock_e () ~> call mult_e _2460 )
#Or
  T ==K ( call localUpdate _2 ~> ret localUpdate () ~> call lock_e _32 ~> ret lock_e () ~> call remoteUpdate () ~> call set_ext _2 ~> ret set_ext () ~> call get_ext () ~> ret get_ext _4869 )
#Or
  T ==K ( call localUpdate _2 ~> ret localUpdate () ~> call lock_e _32 ~> ret lock_e () ~> call repeat_e _2394 )
#Or
  T ==K ( call localUpdate _2 ~> ret localUpdate () ~> call lock_e _32 ~> ret lock_e () ~> call sum_e _2103 )
#Or
  T ==K ( call localUpdate _2 ~> ret localUpdate () ~> call mc91_e _36 )
#Or
  T ==K ( call localUpdate _2 ~> ret localUpdate () ~> call mc91_e _36 ~> ret mc91_e () ~> call mc91_e _233 )
#Or
  T ==K ( call localUpdate _2 ~> ret localUpdate () ~> call mc91_e _36 ~> ret mc91_e () ~> call mc91_e _618 )
#Or
  T ==K ( call localUpdate _2 ~> ret localUpdate () ~> call mc91_e _36 ~> ret mc91_e () ~> call mult_e _288 )
#Or
  T ==K ( call localUpdate _2 ~> ret localUpdate () ~> call mc91_e _36 ~> ret mc91_e () ~> call mult_e _725 )
#Or
  T ==K ( call localUpdate _2 ~> ret localUpdate () ~> call mc91_e _36 ~> ret mc91_e () ~> call remoteUpdate () ~> call set_ext _2 ~> ret set_ext () ~> call get_ext () ~> ret get_ext _1993 )
#Or
  T ==K ( call localUpdate _2 ~> ret localUpdate () ~> call mc91_e _36 ~> ret mc91_e () ~> call remoteUpdate () ~> call set_ext _2 ~> ret set_ext () ~> call get_ext () ~> ret get_ext _2902 )
#Or
  T ==K ( call localUpdate _2 ~> ret localUpdate () ~> call mc91_e _36 ~> ret mc91_e () ~> call repeat_e _269 )
#Or
  T ==K ( call localUpdate _2 ~> ret localUpdate () ~> call mc91_e _36 ~> ret mc91_e () ~> call repeat_e _689 )
#Or
  T ==K ( call localUpdate _2 ~> ret localUpdate () ~> call mc91_e _36 ~> ret mc91_e () ~> call sum_e _191 )
#Or
  T ==K ( call localUpdate _2 ~> ret localUpdate () ~> call mc91_e _36 ~> ret mc91_e () ~> call sum_e _524 )
#Or
  T ==K ( call localUpdate _2 ~> ret localUpdate () ~> call mult_e _45 )
#Or
  T ==K ( call localUpdate _2 ~> ret localUpdate () ~> call mult_e _45 ~> ret mult_e () ~> call mc91_e _1110 )
#Or
  T ==K ( call localUpdate _2 ~> ret localUpdate () ~> call mult_e _45 ~> ret mult_e () ~> call mult_e _1253 )
#Or
  T ==K ( call localUpdate _2 ~> ret localUpdate () ~> call mult_e _45 ~> ret mult_e () ~> call remoteUpdate () ~> call set_ext _2 ~> ret set_ext () ~> call get_ext () ~> ret get_ext _3671 )
#Or
  T ==K ( call localUpdate _2 ~> ret localUpdate () ~> call mult_e _45 ~> ret mult_e () ~> call repeat_e _1202 )
#Or
  T ==K ( call localUpdate _2 ~> ret localUpdate () ~> call mult_e _45 ~> ret mult_e () ~> call sum_e _970 )
#Or
  T ==K ( call localUpdate _2 ~> ret localUpdate () ~> call remoteUpdate () ~> call set_ext _2 ~> ret set_ext () ~> call get_ext () ~> ret get_ext _727 )
#Or
  T ==K ( call localUpdate _2 ~> ret localUpdate () ~> call remoteUpdate () ~> call set_ext _2 ~> ret set_ext () ~> call get_ext () ~> ret get_ext _727 ~> ret remoteUpdate () ~> call mc91_e _2635 )
#Or
  T ==K ( call localUpdate _2 ~> ret localUpdate () ~> call remoteUpdate () ~> call set_ext _2 ~> ret set_ext () ~> call get_ext () ~> ret get_ext _727 ~> ret remoteUpdate () ~> call mult_e _2841 )
#Or
  T ==K ( call localUpdate _2 ~> ret localUpdate () ~> call remoteUpdate () ~> call set_ext _2 ~> ret set_ext () ~> call get_ext () ~> ret get_ext _727 ~> ret remoteUpdate () ~> call remoteUpdate () ~> call set_ext _2 ~> ret set_ext () ~> call get_ext () ~> ret get_ext _5142 )
#Or
  T ==K ( call localUpdate _2 ~> ret localUpdate () ~> call remoteUpdate () ~> call set_ext _2 ~> ret set_ext () ~> call get_ext () ~> ret get_ext _727 ~> ret remoteUpdate () ~> call repeat_e _2768 )
#Or
  T ==K ( call localUpdate _2 ~> ret localUpdate () ~> call remoteUpdate () ~> call set_ext _2 ~> ret set_ext () ~> call get_ext () ~> ret get_ext _727 ~> ret remoteUpdate () ~> call sum_e _2462 )
#Or
  T ==K ( call localUpdate _2 ~> ret localUpdate () ~> call repeat_e _43 )
#Or
  T ==K ( call localUpdate _2 ~> ret localUpdate () ~> call sum_e _29 )
#Or
  T ==K ( call localUpdate _2 ~> ret localUpdate () ~> call sum_e _29 ~> ret sum_e () ~> call mc91_e _380 )
#Or
  T ==K ( call localUpdate _2 ~> ret localUpdate () ~> call sum_e _29 ~> ret sum_e () ~> call mult_e _465 )
#Or
  T ==K ( call localUpdate _2 ~> ret localUpdate () ~> call sum_e _29 ~> ret sum_e () ~> call remoteUpdate () ~> call set_ext _2 ~> ret set_ext () ~> call get_ext () ~> ret get_ext _2391 )
#Or
  T ==K ( call localUpdate _2 ~> ret localUpdate () ~> call sum_e _29 ~> ret sum_e () ~> call repeat_e _430 )
#Or
  T ==K ( call localUpdate _2 ~> ret localUpdate () ~> call sum_e _29 ~> ret sum_e () ~> call sum_e _309 )
#Or
  T ==K ( call lock_e _4 ~> ret lock_e () ~> call esimple _1264 ~> ret esimple () ~> call mc91_e _4104 )
#Or
  T ==K ( call lock_e _4 ~> ret lock_e () ~> call esimple _1264 ~> ret esimple () ~> call mult_e _4278 )
#Or
  T ==K ( call lock_e _4 ~> ret lock_e () ~> call esimple _1264 ~> ret esimple () ~> call remoteUpdate () ~> call set_ext 0 ~> ret set_ext () ~> call get_ext () ~> ret get_ext _5996 )
#Or
  T ==K ( call lock_e _4 ~> ret lock_e () ~> call esimple _1264 ~> ret esimple () ~> call repeat_e _4220 )
#Or
  T ==K ( call lock_e _4 ~> ret lock_e () ~> call esimple _1264 ~> ret esimple () ~> call sum_e _3930 )
#Or
  T ==K ( call lock_e _4 ~> ret lock_e () ~> call fact_e _1064 ~> ret fact_e () ~> call mc91_e _2701 )
#Or
  T ==K ( call lock_e _4 ~> ret lock_e () ~> call fact_e _1064 ~> ret fact_e () ~> call mult_e _2911 )
#Or
  T ==K ( call lock_e _4 ~> ret lock_e () ~> call fact_e _1064 ~> ret fact_e () ~> call remoteUpdate () ~> call set_ext 0 ~> ret set_ext () ~> call get_ext () ~> ret get_ext _5351 )
#Or
  T ==K ( call lock_e _4 ~> ret lock_e () ~> call fact_e _1064 ~> ret fact_e () ~> call repeat_e _2850 )
#Or
  T ==K ( call lock_e _4 ~> ret lock_e () ~> call fact_e _1064 ~> ret fact_e () ~> call sum_e _2521 )
#Or
  T ==K ( call lock_e _4 ~> ret lock_e () ~> call localUpdate _1118 ~> ret localUpdate () ~> call mc91_e _2280 )
#Or
  T ==K ( call lock_e _4 ~> ret lock_e () ~> call localUpdate _1118 ~> ret localUpdate () ~> call mult_e _2471 )
#Or
  T ==K ( call lock_e _4 ~> ret lock_e () ~> call localUpdate _1118 ~> ret localUpdate () ~> call remoteUpdate () ~> call set_ext _1118 ~> ret set_ext () ~> call get_ext () ~> ret get_ext _4879 )
#Or
  T ==K ( call lock_e _4 ~> ret lock_e () ~> call localUpdate _1118 ~> ret localUpdate () ~> call repeat_e _2417 )
#Or
  T ==K ( call lock_e _4 ~> ret lock_e () ~> call localUpdate _1118 ~> ret localUpdate () ~> call sum_e _2116 )
#Or
  T ==K ( call lock_e _4 ~> ret lock_e () ~> call lock_e _1210 ~> ret lock_e () ~> call mc91_e _5414 )
#Or
  T ==K ( call lock_e _4 ~> ret lock_e () ~> call lock_e _1210 ~> ret lock_e () ~> call mult_e _5520 )
#Or
  T ==K ( call lock_e _4 ~> ret lock_e () ~> call lock_e _1210 ~> ret lock_e () ~> call remoteUpdate () ~> call set_ext 0 ~> ret set_ext () ~> call get_ext () ~> ret get_ext _6334 )
#Or
  T ==K ( call lock_e _4 ~> ret lock_e () ~> call lock_e _1210 ~> ret lock_e () ~> call repeat_e _5488 )
#Or
  T ==K ( call lock_e _4 ~> ret lock_e () ~> call lock_e _1210 ~> ret lock_e () ~> call sum_e _5313 )
#Or
  T ==K ( call lock_e _4 ~> ret lock_e () ~> call mc91_e _1313 )
#Or
  T ==K ( call lock_e _4 ~> ret lock_e () ~> call mc91_e _1313 ~> ret mc91_e () ~> call mc91_e _2787 )
#Or
  T ==K ( call lock_e _4 ~> ret lock_e () ~> call mc91_e _1313 ~> ret mc91_e () ~> call mc91_e _3762 )
#Or
  T ==K ( call lock_e _4 ~> ret lock_e () ~> call mc91_e _1313 ~> ret mc91_e () ~> call mult_e _2984 )
#Or
  T ==K ( call lock_e _4 ~> ret lock_e () ~> call mc91_e _1313 ~> ret mc91_e () ~> call mult_e _3931 )
#Or
  T ==K ( call lock_e _4 ~> ret lock_e () ~> call mc91_e _1313 ~> ret mc91_e () ~> call remoteUpdate () ~> call set_ext 0 ~> ret set_ext () ~> call get_ext () ~> ret get_ext _5383 )
#Or
  T ==K ( call lock_e _4 ~> ret lock_e () ~> call mc91_e _1313 ~> ret mc91_e () ~> call remoteUpdate () ~> call set_ext 0 ~> ret set_ext () ~> call get_ext () ~> ret get_ext _5850 )
#Or
  T ==K ( call lock_e _4 ~> ret lock_e () ~> call mc91_e _1313 ~> ret mc91_e () ~> call repeat_e _2915 )
#Or
  T ==K ( call lock_e _4 ~> ret lock_e () ~> call mc91_e _1313 ~> ret mc91_e () ~> call repeat_e _3874 )
#Or
  T ==K ( call lock_e _4 ~> ret lock_e () ~> call mc91_e _1313 ~> ret mc91_e () ~> call sum_e _2587 )
#Or
  T ==K ( call lock_e _4 ~> ret lock_e () ~> call mc91_e _1313 ~> ret mc91_e () ~> call sum_e _3564 )
#Or
  T ==K ( call lock_e _4 ~> ret lock_e () ~> call mult_e _1475 )
#Or
  T ==K ( call lock_e _4 ~> ret lock_e () ~> call mult_e _1475 ~> ret mult_e () ~> call mc91_e _4462 )
#Or
  T ==K ( call lock_e _4 ~> ret lock_e () ~> call mult_e _1475 ~> ret mult_e () ~> call mult_e _4631 )
#Or
  T ==K ( call lock_e _4 ~> ret lock_e () ~> call mult_e _1475 ~> ret mult_e () ~> call remoteUpdate () ~> call set_ext 0 ~> ret set_ext () ~> call get_ext () ~> ret get_ext _6101 )
#Or
  T ==K ( call lock_e _4 ~> ret lock_e () ~> call mult_e _1475 ~> ret mult_e () ~> call repeat_e _4579 )
#Or
  T ==K ( call lock_e _4 ~> ret lock_e () ~> call mult_e _1475 ~> ret mult_e () ~> call sum_e _4283 )
#Or
  T ==K ( call lock_e _4 ~> ret lock_e () ~> call remoteUpdate () ~> call set_ext 0 ~> ret set_ext () ~> call get_ext () ~> ret get_ext _4159 )
#Or
  T ==K ( call lock_e _4 ~> ret lock_e () ~> call remoteUpdate () ~> call set_ext 0 ~> ret set_ext () ~> call get_ext () ~> ret get_ext _4159 ~> ret remoteUpdate () ~> call mc91_e _5748 )
#Or
  T ==K ( call lock_e _4 ~> ret lock_e () ~> call remoteUpdate () ~> call set_ext 0 ~> ret set_ext () ~> call get_ext () ~> ret get_ext _4159 ~> ret remoteUpdate () ~> call mult_e _5829 )
#Or
  T ==K ( call lock_e _4 ~> ret lock_e () ~> call remoteUpdate () ~> call set_ext 0 ~> ret set_ext () ~> call get_ext () ~> ret get_ext _4159 ~> ret remoteUpdate () ~> call remoteUpdate () ~> call set_ext 0 ~> ret set_ext () ~> call get_ext () ~> ret get_ext _6373 )
#Or
  T ==K ( call lock_e _4 ~> ret lock_e () ~> call remoteUpdate () ~> call set_ext 0 ~> ret set_ext () ~> call get_ext () ~> ret get_ext _4159 ~> ret remoteUpdate () ~> call repeat_e _5809 )
#Or
  T ==K ( call lock_e _4 ~> ret lock_e () ~> call remoteUpdate () ~> call set_ext 0 ~> ret set_ext () ~> call get_ext () ~> ret get_ext _4159 ~> ret remoteUpdate () ~> call sum_e _5646 )
#Or
  T ==K ( call lock_e _4 ~> ret lock_e () ~> call repeat_e _1424 )
#Or
  T ==K ( call lock_e _4 ~> ret lock_e () ~> call sum_e _1160 )
#Or
  T ==K ( call lock_e _4 ~> ret lock_e () ~> call sum_e _1160 ~> ret sum_e () ~> call mc91_e _3245 )
#Or
  T ==K ( call lock_e _4 ~> ret lock_e () ~> call sum_e _1160 ~> ret sum_e () ~> call mult_e _3449 )
#Or
  T ==K ( call lock_e _4 ~> ret lock_e () ~> call sum_e _1160 ~> ret sum_e () ~> call remoteUpdate () ~> call set_ext 0 ~> ret set_ext () ~> call get_ext () ~> ret get_ext _5618 )
#Or
  T ==K ( call lock_e _4 ~> ret lock_e () ~> call sum_e _1160 ~> ret sum_e () ~> call repeat_e _3393 )
#Or
  T ==K ( call lock_e _4 ~> ret lock_e () ~> call sum_e _1160 ~> ret sum_e () ~> call sum_e _3045 )
#Or
  T ==K ( call mc91_e _7 ~> ret mc91_e () ~> call esimple _64 ~> ret esimple () ~> call mc91_e _1228 )
#Or
  T ==K ( call mc91_e _7 ~> ret mc91_e () ~> call esimple _64 ~> ret esimple () ~> call mult_e _1380 )
#Or
  T ==K ( call mc91_e _7 ~> ret mc91_e () ~> call esimple _64 ~> ret esimple () ~> call remoteUpdate () ~> call set_ext 0 ~> ret set_ext () ~> call get_ext () ~> ret get_ext _4065 )
#Or
  T ==K ( call mc91_e _7 ~> ret mc91_e () ~> call esimple _64 ~> ret esimple () ~> call repeat_e _1331 )
#Or
  T ==K ( call mc91_e _7 ~> ret mc91_e () ~> call esimple _64 ~> ret esimple () ~> call sum_e _1085 )
#Or
  T ==K ( call mc91_e _7 ~> ret mc91_e () ~> call esimple _194 ~> ret esimple () ~> call mc91_e _2081 )
#Or
  T ==K ( call mc91_e _7 ~> ret mc91_e () ~> call esimple _194 ~> ret esimple () ~> call mult_e _2230 )
#Or
  T ==K ( call mc91_e _7 ~> ret mc91_e () ~> call esimple _194 ~> ret esimple () ~> call remoteUpdate () ~> call set_ext 0 ~> ret set_ext () ~> call get_ext () ~> ret get_ext _4899 )
#Or
  T ==K ( call mc91_e _7 ~> ret mc91_e () ~> call esimple _194 ~> ret esimple () ~> call repeat_e _2173 )
#Or
  T ==K ( call mc91_e _7 ~> ret mc91_e () ~> call esimple _194 ~> ret esimple () ~> call sum_e _1894 )
#Or
  T ==K ( call mc91_e _7 ~> ret mc91_e () ~> call fact_e _47 ~> ret fact_e () ~> call mc91_e _389 )
#Or
  T ==K ( call mc91_e _7 ~> ret mc91_e () ~> call fact_e _47 ~> ret fact_e () ~> call mult_e _475 )
#Or
  T ==K ( call mc91_e _7 ~> ret mc91_e () ~> call fact_e _47 ~> ret fact_e () ~> call remoteUpdate () ~> call set_ext 0 ~> ret set_ext () ~> call get_ext () ~> ret get_ext _2661 )
#Or
  T ==K ( call mc91_e _7 ~> ret mc91_e () ~> call fact_e _47 ~> ret fact_e () ~> call repeat_e _445 )
#Or
  T ==K ( call mc91_e _7 ~> ret mc91_e () ~> call fact_e _47 ~> ret fact_e () ~> call sum_e _317 )
#Or
  T ==K ( call mc91_e _7 ~> ret mc91_e () ~> call fact_e _149 ~> ret fact_e () ~> call mc91_e _891 )
#Or
  T ==K ( call mc91_e _7 ~> ret mc91_e () ~> call fact_e _149 ~> ret fact_e () ~> call mult_e _1023 )
#Or
  T ==K ( call mc91_e _7 ~> ret mc91_e () ~> call fact_e _149 ~> ret fact_e () ~> call remoteUpdate () ~> call set_ext 0 ~> ret set_ext () ~> call get_ext () ~> ret get_ext _3631 )
#Or
  T ==K ( call mc91_e _7 ~> ret mc91_e () ~> call fact_e _149 ~> ret fact_e () ~> call repeat_e _983 )
#Or
  T ==K ( call mc91_e _7 ~> ret mc91_e () ~> call fact_e _149 ~> ret fact_e () ~> call sum_e _777 )
#Or
  T ==K ( call mc91_e _7 ~> ret mc91_e () ~> call localUpdate _50 ~> ret localUpdate () ~> call mc91_e _240 )
#Or
  T ==K ( call mc91_e _7 ~> ret mc91_e () ~> call localUpdate _50 ~> ret localUpdate () ~> call mult_e _298 )
#Or
  T ==K ( call mc91_e _7 ~> ret mc91_e () ~> call localUpdate _50 ~> ret localUpdate () ~> call remoteUpdate () ~> call set_ext _50 ~> ret set_ext () ~> call get_ext () ~> ret get_ext _2021 )
#Or
  T ==K ( call mc91_e _7 ~> ret mc91_e () ~> call localUpdate _50 ~> ret localUpdate () ~> call repeat_e _279 )
#Or
  T ==K ( call mc91_e _7 ~> ret mc91_e () ~> call localUpdate _50 ~> ret localUpdate () ~> call sum_e _195 )
#Or
  T ==K ( call mc91_e _7 ~> ret mc91_e () ~> call localUpdate _159 ~> ret localUpdate () ~> call mc91_e _632 )
#Or
  T ==K ( call mc91_e _7 ~> ret mc91_e () ~> call localUpdate _159 ~> ret localUpdate () ~> call mult_e _740 )
#Or
  T ==K ( call mc91_e _7 ~> ret mc91_e () ~> call localUpdate _159 ~> ret localUpdate () ~> call remoteUpdate () ~> call set_ext _159 ~> ret set_ext () ~> call get_ext () ~> ret get_ext _2929 )
#Or
  T ==K ( call mc91_e _7 ~> ret mc91_e () ~> call localUpdate _159 ~> ret localUpdate () ~> call repeat_e _703 )
#Or
  T ==K ( call mc91_e _7 ~> ret mc91_e () ~> call localUpdate _159 ~> ret localUpdate () ~> call sum_e _535 )
#Or
  T ==K ( call mc91_e _7 ~> ret mc91_e () ~> call lock_e _58 ~> ret lock_e () ~> call mc91_e _2815 )
#Or
  T ==K ( call mc91_e _7 ~> ret mc91_e () ~> call lock_e _58 ~> ret lock_e () ~> call mult_e _3002 )
#Or
  T ==K ( call mc91_e _7 ~> ret mc91_e () ~> call lock_e _58 ~> ret lock_e () ~> call remoteUpdate () ~> call set_ext 0 ~> ret set_ext () ~> call get_ext () ~> ret get_ext _5396 )
#Or
  T ==K ( call mc91_e _7 ~> ret mc91_e () ~> call lock_e _58 ~> ret lock_e () ~> call repeat_e _2944 )
#Or
  T ==K ( call mc91_e _7 ~> ret mc91_e () ~> call lock_e _58 ~> ret lock_e () ~> call sum_e _2606 )
#Or
  T ==K ( call mc91_e _7 ~> ret mc91_e () ~> call lock_e _181 ~> ret lock_e () ~> call mc91_e _3775 )
#Or
  T ==K ( call mc91_e _7 ~> ret mc91_e () ~> call lock_e _181 ~> ret lock_e () ~> call mult_e _3941 )
#Or
  T ==K ( call mc91_e _7 ~> ret mc91_e () ~> call lock_e _181 ~> ret lock_e () ~> call remoteUpdate () ~> call set_ext 0 ~> ret set_ext () ~> call get_ext () ~> ret get_ext _5855 )
#Or
  T ==K ( call mc91_e _7 ~> ret mc91_e () ~> call lock_e _181 ~> ret lock_e () ~> call repeat_e _3884 )
#Or
  T ==K ( call mc91_e _7 ~> ret mc91_e () ~> call lock_e _181 ~> ret lock_e () ~> call sum_e _3574 )
#Or
  T ==K ( call mc91_e _7 ~> ret mc91_e () ~> call mc91_e _72 )
#Or
  T ==K ( call mc91_e _7 ~> ret mc91_e () ~> call mc91_e _72 ~> ret mc91_e () ~> call mc91_e _418 )
#Or
  T ==K ( call mc91_e _7 ~> ret mc91_e () ~> call mc91_e _72 ~> ret mc91_e () ~> call mc91_e _950 )
#Or
  T ==K ( call mc91_e _7 ~> ret mc91_e () ~> call mc91_e _72 ~> ret mc91_e () ~> call mult_e _507 )
#Or
  T ==K ( call mc91_e _7 ~> ret mc91_e () ~> call mc91_e _72 ~> ret mc91_e () ~> call mult_e _1086 )
#Or
  T ==K ( call mc91_e _7 ~> ret mc91_e () ~> call mc91_e _72 ~> ret mc91_e () ~> call remoteUpdate () ~> call set_ext 0 ~> ret set_ext () ~> call get_ext () ~> ret get_ext _2733 )
#Or
  T ==K ( call mc91_e _7 ~> ret mc91_e () ~> call mc91_e _72 ~> ret mc91_e () ~> call remoteUpdate () ~> call set_ext 0 ~> ret set_ext () ~> call get_ext () ~> ret get_ext _3713 )
#Or
  T ==K ( call mc91_e _7 ~> ret mc91_e () ~> call mc91_e _72 ~> ret mc91_e () ~> call repeat_e _479 )
#Or
  T ==K ( call mc91_e _7 ~> ret mc91_e () ~> call mc91_e _72 ~> ret mc91_e () ~> call repeat_e _1034 )
#Or
  T ==K ( call mc91_e _7 ~> ret mc91_e () ~> call mc91_e _72 ~> ret mc91_e () ~> call sum_e _338 )
#Or
  T ==K ( call mc91_e _7 ~> ret mc91_e () ~> call mc91_e _72 ~> ret mc91_e () ~> call sum_e _821 )
#Or
  T ==K ( call mc91_e _7 ~> ret mc91_e () ~> call mc91_e _208 )
#Or
  T ==K ( call mc91_e _7 ~> ret mc91_e () ~> call mc91_e _208 ~> ret mc91_e () ~> call mc91_e _941 )
#Or
  T ==K ( call mc91_e _7 ~> ret mc91_e () ~> call mc91_e _208 ~> ret mc91_e () ~> call mc91_e _1722 )
#Or
  T ==K ( call mc91_e _7 ~> ret mc91_e () ~> call mc91_e _208 ~> ret mc91_e () ~> call mult_e _1075 )
#Or
  T ==K ( call mc91_e _7 ~> ret mc91_e () ~> call mc91_e _208 ~> ret mc91_e () ~> call mult_e _1895 )
#Or
  T ==K ( call mc91_e _7 ~> ret mc91_e () ~> call mc91_e _208 ~> ret mc91_e () ~> call remoteUpdate () ~> call set_ext 0 ~> ret set_ext () ~> call get_ext () ~> ret get_ext _3708 )
#Or
  T ==K ( call mc91_e _7 ~> ret mc91_e () ~> call mc91_e _208 ~> ret mc91_e () ~> call remoteUpdate () ~> call set_ext 0 ~> ret set_ext () ~> call get_ext () ~> ret get_ext _4595 )
#Or
  T ==K ( call mc91_e _7 ~> ret mc91_e () ~> call mc91_e _208 ~> ret mc91_e () ~> call repeat_e _1027 )
#Or
  T ==K ( call mc91_e _7 ~> ret mc91_e () ~> call mc91_e _208 ~> ret mc91_e () ~> call repeat_e _1830 )
#Or
  T ==K ( call mc91_e _7 ~> ret mc91_e () ~> call mc91_e _208 ~> ret mc91_e () ~> call sum_e _815 )
#Or
  T ==K ( call mc91_e _7 ~> ret mc91_e () ~> call mc91_e _208 ~> ret mc91_e () ~> call sum_e _1549 )
#Or
  T ==K ( call mc91_e _7 ~> ret mc91_e () ~> call mult_e _93 )
#Or
  T ==K ( call mc91_e _7 ~> ret mc91_e () ~> call mult_e _93 ~> ret mult_e () ~> call mc91_e _1562 )
#Or
  T ==K ( call mc91_e _7 ~> ret mc91_e () ~> call mult_e _93 ~> ret mult_e () ~> call mult_e _1732 )
#Or
  T ==K ( call mc91_e _7 ~> ret mc91_e () ~> call mult_e _93 ~> ret mult_e () ~> call remoteUpdate () ~> call set_ext 0 ~> ret set_ext () ~> call get_ext () ~> ret get_ext _4419 )
#Or
  T ==K ( call mc91_e _7 ~> ret mc91_e () ~> call mult_e _93 ~> ret mult_e () ~> call repeat_e _1677 )
#Or
  T ==K ( call mc91_e _7 ~> ret mc91_e () ~> call mult_e _93 ~> ret mult_e () ~> call sum_e _1385 )
#Or
  T ==K ( call mc91_e _7 ~> ret mc91_e () ~> call mult_e _258 )
#Or
  T ==K ( call mc91_e _7 ~> ret mc91_e () ~> call mult_e _258 ~> ret mult_e () ~> call mc91_e _2435 )
#Or
  T ==K ( call mc91_e _7 ~> ret mc91_e () ~> call mult_e _258 ~> ret mult_e () ~> call mult_e _2603 )
#Or
  T ==K ( call mc91_e _7 ~> ret mc91_e () ~> call mult_e _258 ~> ret mult_e () ~> call remoteUpdate () ~> call set_ext 0 ~> ret set_ext () ~> call get_ext () ~> ret get_ext _5169 )
#Or
  T ==K ( call mc91_e _7 ~> ret mc91_e () ~> call mult_e _258 ~> ret mult_e () ~> call repeat_e _2547 )
#Or
  T ==K ( call mc91_e _7 ~> ret mc91_e () ~> call mult_e _258 ~> ret mult_e () ~> call sum_e _2235 )
#Or
  T ==K ( call mc91_e _7 ~> ret mc91_e () ~> call remoteUpdate () ~> call set_ext 0 ~> ret set_ext () ~> call get_ext () ~> ret get_ext _1289 )
#Or
  T ==K ( call mc91_e _7 ~> ret mc91_e () ~> call remoteUpdate () ~> call set_ext 0 ~> ret set_ext () ~> call get_ext () ~> ret get_ext _1289 ~> ret remoteUpdate () ~> call mc91_e _3465 )
#Or
  T ==K ( call mc91_e _7 ~> ret mc91_e () ~> call remoteUpdate () ~> call set_ext 0 ~> ret set_ext () ~> call get_ext () ~> ret get_ext _1289 ~> ret remoteUpdate () ~> call mult_e _3638 )
#Or
  T ==K ( call mc91_e _7 ~> ret mc91_e () ~> call remoteUpdate () ~> call set_ext 0 ~> ret set_ext () ~> call get_ext () ~> ret get_ext _1289 ~> ret remoteUpdate () ~> call remoteUpdate () ~> call set_ext 0 ~> ret set_ext () ~> call get_ext () ~> ret get_ext _5726 )
#Or
  T ==K ( call mc91_e _7 ~> ret mc91_e () ~> call remoteUpdate () ~> call set_ext 0 ~> ret set_ext () ~> call get_ext () ~> ret get_ext _1289 ~> ret remoteUpdate () ~> call repeat_e _3583 )
#Or
  T ==K ( call mc91_e _7 ~> ret mc91_e () ~> call remoteUpdate () ~> call set_ext 0 ~> ret set_ext () ~> call get_ext () ~> ret get_ext _1289 ~> ret remoteUpdate () ~> call sum_e _3270 )
#Or
  T ==K ( call mc91_e _7 ~> ret mc91_e () ~> call remoteUpdate () ~> call set_ext 0 ~> ret set_ext () ~> call get_ext () ~> ret get_ext _2130 )
#Or
  T ==K ( call mc91_e _7 ~> ret mc91_e () ~> call remoteUpdate () ~> call set_ext 0 ~> ret set_ext () ~> call get_ext () ~> ret get_ext _2130 ~> ret remoteUpdate () ~> call mc91_e _4348 )
#Or
  T ==K ( call mc91_e _7 ~> ret mc91_e () ~> call remoteUpdate () ~> call set_ext 0 ~> ret set_ext () ~> call get_ext () ~> ret get_ext _2130 ~> ret remoteUpdate () ~> call mult_e _4526 )
#Or
  T ==K ( call mc91_e _7 ~> ret mc91_e () ~> call remoteUpdate () ~> call set_ext 0 ~> ret set_ext () ~> call get_ext () ~> ret get_ext _2130 ~> ret remoteUpdate () ~> call remoteUpdate () ~> call set_ext 0 ~> ret set_ext () ~> call get_ext () ~> ret get_ext _6071 )
#Or
  T ==K ( call mc91_e _7 ~> ret mc91_e () ~> call remoteUpdate () ~> call set_ext 0 ~> ret set_ext () ~> call get_ext () ~> ret get_ext _2130 ~> ret remoteUpdate () ~> call repeat_e _4474 )
#Or
  T ==K ( call mc91_e _7 ~> ret mc91_e () ~> call remoteUpdate () ~> call set_ext 0 ~> ret set_ext () ~> call get_ext () ~> ret get_ext _2130 ~> ret remoteUpdate () ~> call sum_e _4179 )
#Or
  T ==K ( call mc91_e _7 ~> ret mc91_e () ~> call repeat_e _86 )
#Or
  T ==K ( call mc91_e _7 ~> ret mc91_e () ~> call repeat_e _238 )
#Or
  T ==K ( call mc91_e _7 ~> ret mc91_e () ~> call sum_e _55 )
#Or
  T ==K ( call mc91_e _7 ~> ret mc91_e () ~> call sum_e _55 ~> ret sum_e () ~> call mc91_e _640 )
#Or
  T ==K ( call mc91_e _7 ~> ret mc91_e () ~> call sum_e _55 ~> ret sum_e () ~> call mult_e _746 )
#Or
  T ==K ( call mc91_e _7 ~> ret mc91_e () ~> call sum_e _55 ~> ret sum_e () ~> call remoteUpdate () ~> call set_ext 0 ~> ret set_ext () ~> call get_ext () ~> ret get_ext _3192 )
#Or
  T ==K ( call mc91_e _7 ~> ret mc91_e () ~> call sum_e _55 ~> ret sum_e () ~> call repeat_e _706 )
#Or
  T ==K ( call mc91_e _7 ~> ret mc91_e () ~> call sum_e _55 ~> ret sum_e () ~> call sum_e _540 )
#Or
  T ==K ( call mc91_e _7 ~> ret mc91_e () ~> call sum_e _171 )
#Or
  T ==K ( call mc91_e _7 ~> ret mc91_e () ~> call sum_e _171 ~> ret sum_e () ~> call mc91_e _1280 )
#Or
  T ==K ( call mc91_e _7 ~> ret mc91_e () ~> call sum_e _171 ~> ret sum_e () ~> call mult_e _1434 )
#Or
  T ==K ( call mc91_e _7 ~> ret mc91_e () ~> call sum_e _171 ~> ret sum_e () ~> call remoteUpdate () ~> call set_ext 0 ~> ret set_ext () ~> call get_ext () ~> ret get_ext _4115 )
#Or
  T ==K ( call mc91_e _7 ~> ret mc91_e () ~> call sum_e _171 ~> ret sum_e () ~> call repeat_e _1374 )
#Or
  T ==K ( call mc91_e _7 ~> ret mc91_e () ~> call sum_e _171 ~> ret sum_e () ~> call sum_e _1126 )
#Or
  T ==K ( call mult_e _12 ~> ret mult_e () ~> call esimple _452 ~> ret esimple () ~> call mc91_e _2826 )
#Or
  T ==K ( call mult_e _12 ~> ret mult_e () ~> call esimple _452 ~> ret esimple () ~> call mult_e _3011 )
#Or
  T ==K ( call mult_e _12 ~> ret mult_e () ~> call esimple _452 ~> ret esimple () ~> call remoteUpdate () ~> call set_ext 0 ~> ret set_ext () ~> call get_ext () ~> ret get_ext _5402 )
#Or
  T ==K ( call mult_e _12 ~> ret mult_e () ~> call esimple _452 ~> ret esimple () ~> call repeat_e _2955 )
#Or
  T ==K ( call mult_e _12 ~> ret mult_e () ~> call esimple _452 ~> ret esimple () ~> call sum_e _2619 )
#Or
  T ==K ( call mult_e _12 ~> ret mult_e () ~> call fact_e _340 ~> ret fact_e () ~> call mc91_e _1503 )
#Or
  T ==K ( call mult_e _12 ~> ret mult_e () ~> call fact_e _340 ~> ret fact_e () ~> call mult_e _1679 )
#Or
  T ==K ( call mult_e _12 ~> ret mult_e () ~> call fact_e _340 ~> ret fact_e () ~> call remoteUpdate () ~> call set_ext 0 ~> ret set_ext () ~> call get_ext () ~> ret get_ext _4364 )
#Or
  T ==K ( call mult_e _12 ~> ret mult_e () ~> call fact_e _340 ~> ret fact_e () ~> call repeat_e _1626 )
#Or
  T ==K ( call mult_e _12 ~> ret mult_e () ~> call fact_e _340 ~> ret fact_e () ~> call sum_e _1339 )
#Or
  T ==K ( call mult_e _12 ~> ret mult_e () ~> call localUpdate _364 ~> ret localUpdate () ~> call mc91_e _1137 )
#Or
  T ==K ( call mult_e _12 ~> ret mult_e () ~> call localUpdate _364 ~> ret localUpdate () ~> call mult_e _1292 )
#Or
  T ==K ( call mult_e _12 ~> ret mult_e () ~> call localUpdate _364 ~> ret localUpdate () ~> call remoteUpdate () ~> call set_ext _364 ~> ret set_ext () ~> call get_ext () ~> ret get_ext _3722 )
#Or
  T ==K ( call mult_e _12 ~> ret mult_e () ~> call localUpdate _364 ~> ret localUpdate () ~> call repeat_e _1234 )
#Or
  T ==K ( call mult_e _12 ~> ret mult_e () ~> call localUpdate _364 ~> ret localUpdate () ~> call sum_e _995 )
#Or
  T ==K ( call mult_e _12 ~> ret mult_e () ~> call lock_e _421 ~> ret lock_e () ~> call mc91_e _4490 )
#Or
  T ==K ( call mult_e _12 ~> ret mult_e () ~> call lock_e _421 ~> ret lock_e () ~> call mult_e _4661 )
#Or
  T ==K ( call mult_e _12 ~> ret mult_e () ~> call lock_e _421 ~> ret lock_e () ~> call remoteUpdate () ~> call set_ext 0 ~> ret set_ext () ~> call get_ext () ~> ret get_ext _6111 )
#Or
  T ==K ( call mult_e _12 ~> ret mult_e () ~> call lock_e _421 ~> ret lock_e () ~> call repeat_e _4611 )
#Or
  T ==K ( call mult_e _12 ~> ret mult_e () ~> call lock_e _421 ~> ret lock_e () ~> call sum_e _4313 )
#Or
  T ==K ( call mult_e _12 ~> ret mult_e () ~> call mc91_e _483 )
#Or
  T ==K ( call mult_e _12 ~> ret mult_e () ~> call mc91_e _483 ~> ret mc91_e () ~> call mc91_e _1569 )
#Or
  T ==K ( call mult_e _12 ~> ret mult_e () ~> call mc91_e _483 ~> ret mc91_e () ~> call mc91_e _2450 )
#Or
  T ==K ( call mult_e _12 ~> ret mult_e () ~> call mc91_e _483 ~> ret mc91_e () ~> call mult_e _1739 )
#Or
  T ==K ( call mult_e _12 ~> ret mult_e () ~> call mc91_e _483 ~> ret mc91_e () ~> call mult_e _2620 )
#Or
  T ==K ( call mult_e _12 ~> ret mult_e () ~> call mc91_e _483 ~> ret mc91_e () ~> call remoteUpdate () ~> call set_ext 0 ~> ret set_ext () ~> call get_ext () ~> ret get_ext _4433 )
#Or
  T ==K ( call mult_e _12 ~> ret mult_e () ~> call mc91_e _483 ~> ret mc91_e () ~> call remoteUpdate () ~> call set_ext 0 ~> ret set_ext () ~> call get_ext () ~> ret get_ext _5181 )
#Or
  T ==K ( call mult_e _12 ~> ret mult_e () ~> call mc91_e _483 ~> ret mc91_e () ~> call repeat_e _1683 )
#Or
  T ==K ( call mult_e _12 ~> ret mult_e () ~> call mc91_e _483 ~> ret mc91_e () ~> call repeat_e _2560 )
#Or
  T ==K ( call mult_e _12 ~> ret mult_e () ~> call mc91_e _483 ~> ret mc91_e () ~> call sum_e _1390 )
#Or
  T ==K ( call mult_e _12 ~> ret mult_e () ~> call mc91_e _483 ~> ret mc91_e () ~> call sum_e _2248 )
#Or
  T ==K ( call mult_e _12 ~> ret mult_e () ~> call mult_e _572 )
#Or
  T ==K ( call mult_e _12 ~> ret mult_e () ~> call mult_e _572 ~> ret mult_e () ~> call mc91_e _3212 )
#Or
  T ==K ( call mult_e _12 ~> ret mult_e () ~> call mult_e _572 ~> ret mult_e () ~> call mult_e _3429 )
#Or
  T ==K ( call mult_e _12 ~> ret mult_e () ~> call mult_e _572 ~> ret mult_e () ~> call remoteUpdate () ~> call set_ext 0 ~> ret set_ext () ~> call get_ext () ~> ret get_ext _5614 )
#Or
  T ==K ( call mult_e _12 ~> ret mult_e () ~> call mult_e _572 ~> ret mult_e () ~> call repeat_e _3371 )
#Or
  T ==K ( call mult_e _12 ~> ret mult_e () ~> call mult_e _572 ~> ret mult_e () ~> call sum_e _3016 )
#Or
  T ==K ( call mult_e _12 ~> ret mult_e () ~> call remoteUpdate () ~> call set_ext 0 ~> ret set_ext () ~> call get_ext () ~> ret get_ext _2893 )
#Or
  T ==K ( call mult_e _12 ~> ret mult_e () ~> call remoteUpdate () ~> call set_ext 0 ~> ret set_ext () ~> call get_ext () ~> ret get_ext _2893 ~> ret remoteUpdate () ~> call mc91_e _5017 )
#Or
  T ==K ( call mult_e _12 ~> ret mult_e () ~> call remoteUpdate () ~> call set_ext 0 ~> ret set_ext () ~> call get_ext () ~> ret get_ext _2893 ~> ret remoteUpdate () ~> call mult_e _5134 )
#Or
  T ==K ( call mult_e _12 ~> ret mult_e () ~> call remoteUpdate () ~> call set_ext 0 ~> ret set_ext () ~> call get_ext () ~> ret get_ext _2893 ~> ret remoteUpdate () ~> call remoteUpdate () ~> call set_ext 0 ~> ret set_ext () ~> call get_ext () ~> ret get_ext _6248 )
#Or
  T ==K ( call mult_e _12 ~> ret mult_e () ~> call remoteUpdate () ~> call set_ext 0 ~> ret set_ext () ~> call get_ext () ~> ret get_ext _2893 ~> ret remoteUpdate () ~> call repeat_e _5100 )
#Or
  T ==K ( call mult_e _12 ~> ret mult_e () ~> call remoteUpdate () ~> call set_ext 0 ~> ret set_ext () ~> call get_ext () ~> ret get_ext _2893 ~> ret remoteUpdate () ~> call sum_e _4859 )
#Or
  T ==K ( call mult_e _12 ~> ret mult_e () ~> call repeat_e _546 )
#Or
  T ==K ( call mult_e _12 ~> ret mult_e () ~> call sum_e _394 )
#Or
  T ==K ( call mult_e _12 ~> ret mult_e () ~> call sum_e _394 ~> ret sum_e () ~> call mc91_e _1976 )
#Or
  T ==K ( call mult_e _12 ~> ret mult_e () ~> call sum_e _394 ~> ret sum_e () ~> call mult_e _2139 )
#Or
  T ==K ( call mult_e _12 ~> ret mult_e () ~> call sum_e _394 ~> ret sum_e () ~> call remoteUpdate () ~> call set_ext 0 ~> ret set_ext () ~> call get_ext () ~> ret get_ext _4810 )
#Or
  T ==K ( call mult_e _12 ~> ret mult_e () ~> call sum_e _394 ~> ret sum_e () ~> call repeat_e _2091 )
#Or
  T ==K ( call mult_e _12 ~> ret mult_e () ~> call sum_e _394 ~> ret sum_e () ~> call sum_e _1790 )
#Or
  T ==K ( call remoteUpdate () ~> call set_ext 0 ~> ret set_ext () ~> call get_ext () ~> ret get_ext _339 )
#Or
  T ==K ( call remoteUpdate () ~> call set_ext 0 ~> ret set_ext () ~> call get_ext () ~> ret get_ext _339 ~> ret remoteUpdate () ~> call esimple _1840 ~> ret esimple () ~> call mc91_e _4699 )
#Or
  T ==K ( call remoteUpdate () ~> call set_ext 0 ~> ret set_ext () ~> call get_ext () ~> ret get_ext _339 ~> ret remoteUpdate () ~> call esimple _1840 ~> ret esimple () ~> call mult_e _4847 )
#Or
  T ==K ( call remoteUpdate () ~> call set_ext 0 ~> ret set_ext () ~> call get_ext () ~> ret get_ext _339 ~> ret remoteUpdate () ~> call esimple _1840 ~> ret esimple () ~> call remoteUpdate () ~> call set_ext 0 ~> ret set_ext () ~> call get_ext () ~> ret get_ext _6165 )
#Or
  T ==K ( call remoteUpdate () ~> call set_ext 0 ~> ret set_ext () ~> call get_ext () ~> ret get_ext _339 ~> ret remoteUpdate () ~> call esimple _1840 ~> ret esimple () ~> call repeat_e _4801 )
#Or
  T ==K ( call remoteUpdate () ~> call set_ext 0 ~> ret set_ext () ~> call get_ext () ~> ret get_ext _339 ~> ret remoteUpdate () ~> call esimple _1840 ~> ret esimple () ~> call sum_e _4544 )
#Or
  T ==K ( call remoteUpdate () ~> call set_ext 0 ~> ret set_ext () ~> call get_ext () ~> ret get_ext _339 ~> ret remoteUpdate () ~> call fact_e _1623 ~> ret fact_e () ~> call mc91_e _3418 )
#Or
  T ==K ( call remoteUpdate () ~> call set_ext 0 ~> ret set_ext () ~> call get_ext () ~> ret get_ext _339 ~> ret remoteUpdate () ~> call fact_e _1623 ~> ret fact_e () ~> call mult_e _3585 )
#Or
  T ==K ( call remoteUpdate () ~> call set_ext 0 ~> ret set_ext () ~> call get_ext () ~> ret get_ext _339 ~> ret remoteUpdate () ~> call fact_e _1623 ~> ret fact_e () ~> call remoteUpdate () ~> call set_ext 0 ~> ret set_ext () ~> call get_ext () ~> ret get_ext _5696 )
#Or
  T ==K ( call remoteUpdate () ~> call set_ext 0 ~> ret set_ext () ~> call get_ext () ~> ret get_ext _339 ~> ret remoteUpdate () ~> call fact_e _1623 ~> ret fact_e () ~> call repeat_e _3520 )
#Or
  T ==K ( call remoteUpdate () ~> call set_ext 0 ~> ret set_ext () ~> call get_ext () ~> ret get_ext _339 ~> ret remoteUpdate () ~> call fact_e _1623 ~> ret fact_e () ~> call sum_e _3198 )
#Or
  T ==K ( call remoteUpdate () ~> call set_ext 0 ~> ret set_ext () ~> call get_ext () ~> ret get_ext _339 ~> ret remoteUpdate () ~> call localUpdate _1678 ~> ret localUpdate () ~> call mc91_e _2950 )
#Or
  T ==K ( call remoteUpdate () ~> call set_ext 0 ~> ret set_ext () ~> call get_ext () ~> ret get_ext _339 ~> ret remoteUpdate () ~> call localUpdate _1678 ~> ret localUpdate () ~> call mult_e _3125 )
#Or
  T ==K ( call remoteUpdate () ~> call set_ext 0 ~> ret set_ext () ~> call get_ext () ~> ret get_ext _339 ~> ret remoteUpdate () ~> call localUpdate _1678 ~> ret localUpdate () ~> call remoteUpdate () ~> call set_ext _1678 ~> ret set_ext () ~> call get_ext () ~> ret get_ext _5329 )
#Or
  T ==K ( call remoteUpdate () ~> call set_ext 0 ~> ret set_ext () ~> call get_ext () ~> ret get_ext _339 ~> ret remoteUpdate () ~> call localUpdate _1678 ~> ret localUpdate () ~> call repeat_e _3066 )
#Or
  T ==K ( call remoteUpdate () ~> call set_ext 0 ~> ret set_ext () ~> call get_ext () ~> ret get_ext _339 ~> ret remoteUpdate () ~> call localUpdate _1678 ~> ret localUpdate () ~> call sum_e _2735 )
#Or
  T ==K ( call remoteUpdate () ~> call set_ext 0 ~> ret set_ext () ~> call get_ext () ~> ret get_ext _339 ~> ret remoteUpdate () ~> call lock_e _1786 ~> ret lock_e () ~> call mc91_e _5757 )
#Or
  T ==K ( call remoteUpdate () ~> call set_ext 0 ~> ret set_ext () ~> call get_ext () ~> ret get_ext _339 ~> ret remoteUpdate () ~> call lock_e _1786 ~> ret lock_e () ~> call mult_e _5835 )
#Or
  T ==K ( call remoteUpdate () ~> call set_ext 0 ~> ret set_ext () ~> call get_ext () ~> ret get_ext _339 ~> ret remoteUpdate () ~> call lock_e _1786 ~> ret lock_e () ~> call remoteUpdate () ~> call set_ext 0 ~> ret set_ext () ~> call get_ext () ~> ret get_ext _6374 )
#Or
  T ==K ( call remoteUpdate () ~> call set_ext 0 ~> ret set_ext () ~> call get_ext () ~> ret get_ext _339 ~> ret remoteUpdate () ~> call lock_e _1786 ~> ret lock_e () ~> call repeat_e _5817 )
#Or
  T ==K ( call remoteUpdate () ~> call set_ext 0 ~> ret set_ext () ~> call get_ext () ~> ret get_ext _339 ~> ret remoteUpdate () ~> call lock_e _1786 ~> ret lock_e () ~> call sum_e _5660 )
#Or
  T ==K ( call remoteUpdate () ~> call set_ext 0 ~> ret set_ext () ~> call get_ext () ~> ret get_ext _339 ~> ret remoteUpdate () ~> call mc91_e _1908 )
#Or
  T ==K ( call remoteUpdate () ~> call set_ext 0 ~> ret set_ext () ~> call get_ext () ~> ret get_ext _339 ~> ret remoteUpdate () ~> call mc91_e _1908 ~> ret mc91_e () ~> call mc91_e _3473 )
#Or
  T ==K ( call remoteUpdate () ~> call set_ext 0 ~> ret set_ext () ~> call get_ext () ~> ret get_ext _339 ~> ret remoteUpdate () ~> call mc91_e _1908 ~> ret mc91_e () ~> call mc91_e _4361 )
#Or
  T ==K ( call remoteUpdate () ~> call set_ext 0 ~> ret set_ext () ~> call get_ext () ~> ret get_ext _339 ~> ret remoteUpdate () ~> call mc91_e _1908 ~> ret mc91_e () ~> call mult_e _3646 )
#Or
  T ==K ( call remoteUpdate () ~> call set_ext 0 ~> ret set_ext () ~> call get_ext () ~> ret get_ext _339 ~> ret remoteUpdate () ~> call mc91_e _1908 ~> ret mc91_e () ~> call mult_e _4545 )
#Or
  T ==K ( call remoteUpdate () ~> call set_ext 0 ~> ret set_ext () ~> call get_ext () ~> ret get_ext _339 ~> ret remoteUpdate () ~> call mc91_e _1908 ~> ret mc91_e () ~> call remoteUpdate () ~> call set_ext 0 ~> ret set_ext () ~> call get_ext () ~> ret get_ext _5734 )
#Or
  T ==K ( call remoteUpdate () ~> call set_ext 0 ~> ret set_ext () ~> call get_ext () ~> ret get_ext _339 ~> ret remoteUpdate () ~> call mc91_e _1908 ~> ret mc91_e () ~> call remoteUpdate () ~> call set_ext 0 ~> ret set_ext () ~> call get_ext () ~> ret get_ext _6075 )
#Or
  T ==K ( call remoteUpdate () ~> call set_ext 0 ~> ret set_ext () ~> call get_ext () ~> ret get_ext _339 ~> ret remoteUpdate () ~> call mc91_e _1908 ~> ret mc91_e () ~> call repeat_e _3589 )
#Or
  T ==K ( call remoteUpdate () ~> call set_ext 0 ~> ret set_ext () ~> call get_ext () ~> ret get_ext _339 ~> ret remoteUpdate () ~> call mc91_e _1908 ~> ret mc91_e () ~> call repeat_e _4484 )
#Or
  T ==K ( call remoteUpdate () ~> call set_ext 0 ~> ret set_ext () ~> call get_ext () ~> ret get_ext _339 ~> ret remoteUpdate () ~> call mc91_e _1908 ~> ret mc91_e () ~> call sum_e _3279 )
#Or
  T ==K ( call remoteUpdate () ~> call set_ext 0 ~> ret set_ext () ~> call get_ext () ~> ret get_ext _339 ~> ret remoteUpdate () ~> call mc91_e _1908 ~> ret mc91_e () ~> call sum_e _4194 )
#Or
  T ==K ( call remoteUpdate () ~> call set_ext 0 ~> ret set_ext () ~> call get_ext () ~> ret get_ext _339 ~> ret remoteUpdate () ~> call mult_e _2088 )
#Or
  T ==K ( call remoteUpdate () ~> call set_ext 0 ~> ret set_ext () ~> call get_ext () ~> ret get_ext _339 ~> ret remoteUpdate () ~> call mult_e _2088 ~> ret mult_e () ~> call mc91_e _5013 )
#Or
  T ==K ( call remoteUpdate () ~> call set_ext 0 ~> ret set_ext () ~> call get_ext () ~> ret get_ext _339 ~> ret remoteUpdate () ~> call mult_e _2088 ~> ret mult_e () ~> call mult_e _5131 )
#Or
  T ==K ( call remoteUpdate () ~> call set_ext 0 ~> ret set_ext () ~> call get_ext () ~> ret get_ext _339 ~> ret remoteUpdate () ~> call mult_e _2088 ~> ret mult_e () ~> call remoteUpdate () ~> call set_ext 0 ~> ret set_ext () ~> call get_ext () ~> ret get_ext _6246 )
#Or
  T ==K ( call remoteUpdate () ~> call set_ext 0 ~> ret set_ext () ~> call get_ext () ~> ret get_ext _339 ~> ret remoteUpdate () ~> call mult_e _2088 ~> ret mult_e () ~> call repeat_e _5095 )
#Or
  T ==K ( call remoteUpdate () ~> call set_ext 0 ~> ret set_ext () ~> call get_ext () ~> ret get_ext _339 ~> ret remoteUpdate () ~> call mult_e _2088 ~> ret mult_e () ~> call sum_e _4852 )
#Or
  T ==K ( call remoteUpdate () ~> call set_ext 0 ~> ret set_ext () ~> call get_ext () ~> ret get_ext _339 ~> ret remoteUpdate () ~> call remoteUpdate () ~> call set_ext 0 ~> ret set_ext () ~> call get_ext () ~> ret get_ext _4745 )
#Or
  T ==K ( call remoteUpdate () ~> call set_ext 0 ~> ret set_ext () ~> call get_ext () ~> ret get_ext _339 ~> ret remoteUpdate () ~> call remoteUpdate () ~> call set_ext 0 ~> ret set_ext () ~> call get_ext () ~> ret get_ext _4745 ~> ret remoteUpdate () ~> call mc91_e _6004 )
#Or
  T ==K ( call remoteUpdate () ~> call set_ext 0 ~> ret set_ext () ~> call get_ext () ~> ret get_ext _339 ~> ret remoteUpdate () ~> call remoteUpdate () ~> call set_ext 0 ~> ret set_ext () ~> call get_ext () ~> ret get_ext _4745 ~> ret remoteUpdate () ~> call mult_e _6054 )
#Or
  T ==K ( call remoteUpdate () ~> call set_ext 0 ~> ret set_ext () ~> call get_ext () ~> ret get_ext _339 ~> ret remoteUpdate () ~> call remoteUpdate () ~> call set_ext 0 ~> ret set_ext () ~> call get_ext () ~> ret get_ext _4745 ~> ret remoteUpdate () ~> call remoteUpdate () ~> call set_ext 0 ~> ret set_ext () ~> call get_ext () ~> ret get_ext _6403 )
#Or
  T ==K ( call remoteUpdate () ~> call set_ext 0 ~> ret set_ext () ~> call get_ext () ~> ret get_ext _339 ~> ret remoteUpdate () ~> call remoteUpdate () ~> call set_ext 0 ~> ret set_ext () ~> call get_ext () ~> ret get_ext _4745 ~> ret remoteUpdate () ~> call repeat_e _6042 )
#Or
  T ==K ( call remoteUpdate () ~> call set_ext 0 ~> ret set_ext () ~> call get_ext () ~> ret get_ext _339 ~> ret remoteUpdate () ~> call remoteUpdate () ~> call set_ext 0 ~> ret set_ext () ~> call get_ext () ~> ret get_ext _4745 ~> ret remoteUpdate () ~> call sum_e _5936 )
#Or
  T ==K ( call remoteUpdate () ~> call set_ext 0 ~> ret set_ext () ~> call get_ext () ~> ret get_ext _339 ~> ret remoteUpdate () ~> call repeat_e _2035 )
#Or
  T ==K ( call remoteUpdate () ~> call set_ext 0 ~> ret set_ext () ~> call get_ext () ~> ret get_ext _339 ~> ret remoteUpdate () ~> call sum_e _1733 )
#Or
  T ==K ( call remoteUpdate () ~> call set_ext 0 ~> ret set_ext () ~> call get_ext () ~> ret get_ext _339 ~> ret remoteUpdate () ~> call sum_e _1733 ~> ret sum_e () ~> call mc91_e _3899 )
#Or
  T ==K ( call remoteUpdate () ~> call set_ext 0 ~> ret set_ext () ~> call get_ext () ~> ret get_ext _339 ~> ret remoteUpdate () ~> call sum_e _1733 ~> ret sum_e () ~> call mult_e _4071 )
#Or
  T ==K ( call remoteUpdate () ~> call set_ext 0 ~> ret set_ext () ~> call get_ext () ~> ret get_ext _339 ~> ret remoteUpdate () ~> call sum_e _1733 ~> ret sum_e () ~> call remoteUpdate () ~> call set_ext 0 ~> ret set_ext () ~> call get_ext () ~> ret get_ext _5912 )
#Or
  T ==K ( call remoteUpdate () ~> call set_ext 0 ~> ret set_ext () ~> call get_ext () ~> ret get_ext _339 ~> ret remoteUpdate () ~> call sum_e _1733 ~> ret sum_e () ~> call repeat_e _4001 )
#Or
  T ==K ( call remoteUpdate () ~> call set_ext 0 ~> ret set_ext () ~> call get_ext () ~> ret get_ext _339 ~> ret remoteUpdate () ~> call sum_e _1733 ~> ret sum_e () ~> call sum_e _3719 )
#Or
  T ==K ( call sum_e _3 ~> ret sum_e () ~> call esimple _114 ~> ret esimple () ~> call mc91_e _1595 )
#Or
  T ==K ( call sum_e _3 ~> ret sum_e () ~> call esimple _114 ~> ret esimple () ~> call mult_e _1758 )
#Or
  T ==K ( call sum_e _3 ~> ret sum_e () ~> call esimple _114 ~> ret esimple () ~> call remoteUpdate () ~> call set_ext 0 ~> ret set_ext () ~> call get_ext () ~> ret get_ext _4448 )
#Or
  T ==K ( call sum_e _3 ~> ret sum_e () ~> call esimple _114 ~> ret esimple () ~> call repeat_e _1700 )
#Or
  T ==K ( call sum_e _3 ~> ret sum_e () ~> call esimple _114 ~> ret esimple () ~> call sum_e _1419 )
#Or
  T ==K ( call sum_e _3 ~> ret sum_e () ~> call fact_e _83 ~> ret fact_e () ~> call mc91_e _592 )
#Or
  T ==K ( call sum_e _3 ~> ret sum_e () ~> call fact_e _83 ~> ret fact_e () ~> call mult_e _691 )
#Or
  T ==K ( call sum_e _3 ~> ret sum_e () ~> call fact_e _83 ~> ret fact_e () ~> call remoteUpdate () ~> call set_ext 0 ~> ret set_ext () ~> call get_ext () ~> ret get_ext _3089 )
#Or
  T ==K ( call sum_e _3 ~> ret sum_e () ~> call fact_e _83 ~> ret fact_e () ~> call repeat_e _660 )
#Or
  T ==K ( call sum_e _3 ~> ret sum_e () ~> call fact_e _83 ~> ret fact_e () ~> call sum_e _496 )
#Or
  T ==K ( call sum_e _3 ~> ret sum_e () ~> call localUpdate _91 ~> ret localUpdate () ~> call mc91_e _383 )
#Or
  T ==K ( call sum_e _3 ~> ret sum_e () ~> call localUpdate _91 ~> ret localUpdate () ~> call mult_e _469 )
#Or
  T ==K ( call sum_e _3 ~> ret sum_e () ~> call localUpdate _91 ~> ret localUpdate () ~> call remoteUpdate () ~> call set_ext _91 ~> ret set_ext () ~> call get_ext () ~> ret get_ext _2401 )
#Or
  T ==K ( call sum_e _3 ~> ret sum_e () ~> call localUpdate _91 ~> ret localUpdate () ~> call repeat_e _438 )
#Or
  T ==K ( call sum_e _3 ~> ret sum_e () ~> call localUpdate _91 ~> ret localUpdate () ~> call sum_e _312 )
#Or
  T ==K ( call sum_e _3 ~> ret sum_e () ~> call lock_e _107 ~> ret lock_e () ~> call mc91_e _3234 )
#Or
  T ==K ( call sum_e _3 ~> ret sum_e () ~> call lock_e _107 ~> ret lock_e () ~> call mult_e _3441 )
#Or
  T ==K ( call sum_e _3 ~> ret sum_e () ~> call lock_e _107 ~> ret lock_e () ~> call remoteUpdate () ~> call set_ext 0 ~> ret set_ext () ~> call get_ext () ~> ret get_ext _5616 )
#Or
  T ==K ( call sum_e _3 ~> ret sum_e () ~> call lock_e _107 ~> ret lock_e () ~> call repeat_e _3386 )
#Or
  T ==K ( call sum_e _3 ~> ret sum_e () ~> call lock_e _107 ~> ret lock_e () ~> call sum_e _3037 )
#Or
  T ==K ( call sum_e _3 ~> ret sum_e () ~> call mc91_e _125 )
#Or
  T ==K ( call sum_e _3 ~> ret sum_e () ~> call mc91_e _125 ~> ret mc91_e () ~> call mc91_e _627 )
#Or
  T ==K ( call sum_e _3 ~> ret sum_e () ~> call mc91_e _125 ~> ret mc91_e () ~> call mc91_e _1261 )
#Or
  T ==K ( call sum_e _3 ~> ret sum_e () ~> call mc91_e _125 ~> ret mc91_e () ~> call mult_e _733 )
#Or
  T ==K ( call sum_e _3 ~> ret sum_e () ~> call mc91_e _125 ~> ret mc91_e () ~> call mult_e _1420 )
#Or
  T ==K ( call sum_e _3 ~> ret sum_e () ~> call mc91_e _125 ~> ret mc91_e () ~> call remoteUpdate () ~> call set_ext 0 ~> ret set_ext () ~> call get_ext () ~> ret get_ext _3168 )
#Or
  T ==K ( call sum_e _3 ~> ret sum_e () ~> call mc91_e _125 ~> ret mc91_e () ~> call remoteUpdate () ~> call set_ext 0 ~> ret set_ext () ~> call get_ext () ~> ret get_ext _4097 )
#Or
  T ==K ( call sum_e _3 ~> ret sum_e () ~> call mc91_e _125 ~> ret mc91_e () ~> call repeat_e _695 )
#Or
  T ==K ( call sum_e _3 ~> ret sum_e () ~> call mc91_e _125 ~> ret mc91_e () ~> call repeat_e _1360 )
#Or
  T ==K ( call sum_e _3 ~> ret sum_e () ~> call mc91_e _125 ~> ret mc91_e () ~> call sum_e _530 )
#Or
  T ==K ( call sum_e _3 ~> ret sum_e () ~> call mc91_e _125 ~> ret mc91_e () ~> call sum_e _1116 )
#Or
  T ==K ( call sum_e _3 ~> ret sum_e () ~> call mult_e _148 )
#Or
  T ==K ( call sum_e _3 ~> ret sum_e () ~> call mult_e _148 ~> ret mult_e () ~> call mc91_e _1945 )
#Or
  T ==K ( call sum_e _3 ~> ret sum_e () ~> call mult_e _148 ~> ret mult_e () ~> call mult_e _2115 )
#Or
  T ==K ( call sum_e _3 ~> ret sum_e () ~> call mult_e _148 ~> ret mult_e () ~> call remoteUpdate () ~> call set_ext 0 ~> ret set_ext () ~> call get_ext () ~> ret get_ext _4770 )
#Or
  T ==K ( call sum_e _3 ~> ret sum_e () ~> call mult_e _148 ~> ret mult_e () ~> call repeat_e _2064 )
#Or
  T ==K ( call sum_e _3 ~> ret sum_e () ~> call mult_e _148 ~> ret mult_e () ~> call sum_e _1763 )
#Or
  T ==K ( call sum_e _3 ~> ret sum_e () ~> call remoteUpdate () ~> call set_ext 0 ~> ret set_ext () ~> call get_ext () ~> ret get_ext _1649 )
#Or
  T ==K ( call sum_e _3 ~> ret sum_e () ~> call remoteUpdate () ~> call set_ext 0 ~> ret set_ext () ~> call get_ext () ~> ret get_ext _1649 ~> ret remoteUpdate () ~> call mc91_e _3867 )
#Or
  T ==K ( call sum_e _3 ~> ret sum_e () ~> call remoteUpdate () ~> call set_ext 0 ~> ret set_ext () ~> call get_ext () ~> ret get_ext _1649 ~> ret remoteUpdate () ~> call mult_e _4031 )
#Or
  T ==K ( call sum_e _3 ~> ret sum_e () ~> call remoteUpdate () ~> call set_ext 0 ~> ret set_ext () ~> call get_ext () ~> ret get_ext _1649 ~> ret remoteUpdate () ~> call remoteUpdate () ~> call set_ext 0 ~> ret set_ext () ~> call get_ext () ~> ret get_ext _5901 )
#Or
  T ==K ( call sum_e _3 ~> ret sum_e () ~> call remoteUpdate () ~> call set_ext 0 ~> ret set_ext () ~> call get_ext () ~> ret get_ext _1649 ~> ret remoteUpdate () ~> call repeat_e _3978 )
#Or
  T ==K ( call sum_e _3 ~> ret sum_e () ~> call remoteUpdate () ~> call set_ext 0 ~> ret set_ext () ~> call get_ext () ~> ret get_ext _1649 ~> ret remoteUpdate () ~> call sum_e _3678 )
#Or
  T ==K ( call sum_e _3 ~> ret sum_e () ~> call repeat_e _140 )
#Or
  T ==K ( call sum_e _3 ~> ret sum_e () ~> call sum_e _101 )
#Or
  T ==K ( call sum_e _3 ~> ret sum_e () ~> call sum_e _101 ~> ret sum_e () ~> call mc91_e _884 )
#Or
  T ==K ( call sum_e _3 ~> ret sum_e () ~> call sum_e _101 ~> ret sum_e () ~> call mult_e _1017 )
#Or
  T ==K ( call sum_e _3 ~> ret sum_e () ~> call sum_e _101 ~> ret sum_e () ~> call remoteUpdate () ~> call set_ext 0 ~> ret set_ext () ~> call get_ext () ~> ret get_ext _3613 )
#Or
  T ==K ( call sum_e _3 ~> ret sum_e () ~> call sum_e _101 ~> ret sum_e () ~> call repeat_e _973 )
#Or
  T ==K ( call sum_e _3 ~> ret sum_e () ~> call sum_e _101 ~> ret sum_e () ~> call sum_e _771 )
#Or
  T ==K call mc91_e _7
#Or
  T ==K call mult_e _12
#Or
  T ==K call repeat_e _11
#Or
  T ==K call sum_e _3

real	1m8.562s
user	1m34.980s
sys	0m11.132s
