  T ==K ( call remoteUpdate () ~> call set_ext 0 ~> call fact_e _41 ~> ret fact_e () ~> ret set_ext () ~> call get_ext () ~> call fact_e _138 ~> ret fact_e () ~> ret get_ext _237 )
#Or
  T ==K ( call remoteUpdate () ~> call set_ext 0 ~> call fact_e _41 ~> ret fact_e () ~> ret set_ext () ~> call get_ext () ~> call localUpdate _144 ~> ret localUpdate () ~> ret get_ext _217 )
#Or
  T ==K ( call remoteUpdate () ~> call set_ext 0 ~> call fact_e _41 ~> ret fact_e () ~> ret set_ext () ~> call get_ext () ~> call mc91_e _163 ~> ret mc91_e () ~> ret get_ext _238 )
#Or
  T ==K ( call remoteUpdate () ~> call set_ext 0 ~> call fact_e _41 ~> ret fact_e () ~> ret set_ext () ~> call get_ext () ~> ret get_ext _135 )
#Or
  T ==K ( call remoteUpdate () ~> call set_ext 0 ~> call localUpdate _43 ~> ret localUpdate () ~> ret set_ext () ~> call get_ext () ~> call fact_e _124 ~> ret fact_e () ~> ret get_ext _220 )
#Or
  T ==K ( call remoteUpdate () ~> call set_ext 0 ~> call localUpdate _43 ~> ret localUpdate () ~> ret set_ext () ~> call get_ext () ~> call localUpdate _127 ~> ret localUpdate () ~> ret get_ext _183 )
#Or
  T ==K ( call remoteUpdate () ~> call set_ext 0 ~> call localUpdate _43 ~> ret localUpdate () ~> ret set_ext () ~> call get_ext () ~> call mc91_e _134 ~> ret mc91_e () ~> ret get_ext _223 )
#Or
  T ==K ( call remoteUpdate () ~> call set_ext 0 ~> call localUpdate _43 ~> ret localUpdate () ~> ret set_ext () ~> call get_ext () ~> ret get_ext _118 )
#Or
  T ==K ( call remoteUpdate () ~> call set_ext 0 ~> call mc91_e _56 ~> ret mc91_e () ~> ret set_ext () ~> call get_ext () ~> call fact_e _146 ~> ret fact_e () ~> ret get_ext _239 )
#Or
  T ==K ( call remoteUpdate () ~> call set_ext 0 ~> call mc91_e _56 ~> ret mc91_e () ~> ret set_ext () ~> call get_ext () ~> call localUpdate _150 ~> ret localUpdate () ~> ret get_ext _224 )
#Or
  T ==K ( call remoteUpdate () ~> call set_ext 0 ~> call mc91_e _56 ~> ret mc91_e () ~> ret set_ext () ~> call get_ext () ~> call mc91_e _171 ~> ret mc91_e () ~> ret get_ext _240 )
#Or
  T ==K ( call remoteUpdate () ~> call set_ext 0 ~> call mc91_e _56 ~> ret mc91_e () ~> ret set_ext () ~> call get_ext () ~> ret get_ext _142 )
#Or
  T ==K ( call remoteUpdate () ~> call set_ext 0 ~> ret set_ext () ~> call get_ext () ~> call fact_e _86 ~> ret fact_e () ~> ret get_ext _137 )
#Or
  T ==K ( call remoteUpdate () ~> call set_ext 0 ~> ret set_ext () ~> call get_ext () ~> call localUpdate _89 ~> ret localUpdate () ~> ret get_ext _119 )
#Or
  T ==K ( call remoteUpdate () ~> call set_ext 0 ~> ret set_ext () ~> call get_ext () ~> call mc91_e _96 ~> ret mc91_e () ~> ret get_ext _143 )
#Or
  T ==K ( call remoteUpdate () ~> call set_ext 0 ~> ret set_ext () ~> call get_ext () ~> ret get_ext _84 )
#Or
  T ==K call fact_e _1
#Or
  T ==K call lock_e _4
#Or
  T ==K call mc91_e _7
#Or
  T ==K call mult_e _12
#Or
  T ==K call repeat_e _11
#Or
  T ==K call sum_e _3

real	0m10.673s
user	0m28.881s
sys	0m1.380s
