  T ==K ( call check () ~> ret check () ~> call fact_e _85 )
#Or
  T ==K ( call check () ~> ret check () ~> call lock_e _110 )
#Or
  T ==K ( call check () ~> ret check () ~> call mc91_e _132 )
#Or
  T ==K ( call check () ~> ret check () ~> call mult_e _153 )
#Or
  T ==K ( call check () ~> ret check () ~> call repeat_e _139 )
#Or
  T ==K ( call check () ~> ret check () ~> call sum_e _92 )
#Or
  T ==K ( call esimple _5 ~> ret esimple () ~> call fact_e _210 )
#Or
  T ==K ( call esimple _5 ~> ret esimple () ~> call fact_e _297 )
#Or
  T ==K ( call esimple _5 ~> ret esimple () ~> call lock_e _237 )
#Or
  T ==K ( call esimple _5 ~> ret esimple () ~> call lock_e _337 )
#Or
  T ==K ( call esimple _5 ~> ret esimple () ~> call mc91_e _259 )
#Or
  T ==K ( call esimple _5 ~> ret esimple () ~> call mc91_e _373 )
#Or
  T ==K ( call esimple _5 ~> ret esimple () ~> call mult_e _282 )
#Or
  T ==K ( call esimple _5 ~> ret esimple () ~> call mult_e _405 )
#Or
  T ==K ( call esimple _5 ~> ret esimple () ~> call repeat_e _268 )
#Or
  T ==K ( call esimple _5 ~> ret esimple () ~> call repeat_e _386 )
#Or
  T ==K ( call esimple _5 ~> ret esimple () ~> call sum_e _218 )
#Or
  T ==K ( call esimple _5 ~> ret esimple () ~> call sum_e _307 )
#Or
  T ==K ( call fact_e _1 ~> ret fact_e () ~> call fact_e _34 )
#Or
  T ==K ( call fact_e _1 ~> ret fact_e () ~> call lock_e _40 )
#Or
  T ==K ( call fact_e _1 ~> ret fact_e () ~> call mc91_e _51 )
#Or
  T ==K ( call fact_e _1 ~> ret fact_e () ~> call mult_e _62 )
#Or
  T ==K ( call fact_e _1 ~> ret fact_e () ~> call repeat_e _55 )
#Or
  T ==K ( call fact_e _1 ~> ret fact_e () ~> call sum_e _35 )
#Or
  T ==K ( call increase _3 ~> ret increase () ~> call fact_e _47 )
#Or
  T ==K ( call increase _3 ~> ret increase () ~> call lock_e _64 )
#Or
  T ==K ( call increase _3 ~> ret increase () ~> call mc91_e _81 )
#Or
  T ==K ( call increase _3 ~> ret increase () ~> call mult_e _96 )
#Or
  T ==K ( call increase _3 ~> ret increase () ~> call repeat_e _90 )
#Or
  T ==K ( call increase _3 ~> ret increase () ~> call sum_e _52 )
#Or
  T ==K ( call lock_e _4 ~> ret lock_e () ~> call fact_e _613 )
#Or
  T ==K ( call lock_e _4 ~> ret lock_e () ~> call fact_e _1095 )
#Or
  T ==K ( call lock_e _4 ~> ret lock_e () ~> call lock_e _672 )
#Or
  T ==K ( call lock_e _4 ~> ret lock_e () ~> call lock_e _1166 )
#Or
  T ==K ( call lock_e _4 ~> ret lock_e () ~> call mc91_e _706 )
#Or
  T ==K ( call lock_e _4 ~> ret lock_e () ~> call mc91_e _1206 )
#Or
  T ==K ( call lock_e _4 ~> ret lock_e () ~> call mult_e _758 )
#Or
  T ==K ( call lock_e _4 ~> ret lock_e () ~> call mult_e _1257 )
#Or
  T ==K ( call lock_e _4 ~> ret lock_e () ~> call repeat_e _736 )
#Or
  T ==K ( call lock_e _4 ~> ret lock_e () ~> call repeat_e _1237 )
#Or
  T ==K ( call lock_e _4 ~> ret lock_e () ~> call sum_e _636 )
#Or
  T ==K ( call lock_e _4 ~> ret lock_e () ~> call sum_e _1116 )
#Or
  T ==K ( call mc91_e _7 ~> ret mc91_e () ~> call fact_e _37 )
#Or
  T ==K ( call mc91_e _7 ~> ret mc91_e () ~> call fact_e _148 )
#Or
  T ==K ( call mc91_e _7 ~> ret mc91_e () ~> call fact_e _417 )
#Or
  T ==K ( call mc91_e _7 ~> ret mc91_e () ~> call fact_e _849 )
#Or
  T ==K ( call mc91_e _7 ~> ret mc91_e () ~> call fact_e _1364 )
#Or
  T ==K ( call mc91_e _7 ~> ret mc91_e () ~> call lock_e _48 )
#Or
  T ==K ( call mc91_e _7 ~> ret mc91_e () ~> call lock_e _178 )
#Or
  T ==K ( call mc91_e _7 ~> ret mc91_e () ~> call lock_e _470 )
#Or
  T ==K ( call mc91_e _7 ~> ret mc91_e () ~> call lock_e _923 )
#Or
  T ==K ( call mc91_e _7 ~> ret mc91_e () ~> call lock_e _1431 )
#Or
  T ==K ( call mc91_e _7 ~> ret mc91_e () ~> call mc91_e _59 )
#Or
  T ==K ( call mc91_e _7 ~> ret mc91_e () ~> call mc91_e _194 )
#Or
  T ==K ( call mc91_e _7 ~> ret mc91_e () ~> call mc91_e _510 )
#Or
  T ==K ( call mc91_e _7 ~> ret mc91_e () ~> call mc91_e _965 )
#Or
  T ==K ( call mc91_e _7 ~> ret mc91_e () ~> call mc91_e _1483 )
#Or
  T ==K ( call mc91_e _7 ~> ret mc91_e () ~> call mult_e _75 )
#Or
  T ==K ( call mc91_e _7 ~> ret mc91_e () ~> call mult_e _220 )
#Or
  T ==K ( call mc91_e _7 ~> ret mc91_e () ~> call mult_e _544 )
#Or
  T ==K ( call mc91_e _7 ~> ret mc91_e () ~> call mult_e _1015 )
#Or
  T ==K ( call mc91_e _7 ~> ret mc91_e () ~> call mult_e _1533 )
#Or
  T ==K ( call mc91_e _7 ~> ret mc91_e () ~> call repeat_e _67 )
#Or
  T ==K ( call mc91_e _7 ~> ret mc91_e () ~> call repeat_e _212 )
#Or
  T ==K ( call mc91_e _7 ~> ret mc91_e () ~> call repeat_e _524 )
#Or
  T ==K ( call mc91_e _7 ~> ret mc91_e () ~> call repeat_e _986 )
#Or
  T ==K ( call mc91_e _7 ~> ret mc91_e () ~> call repeat_e _1511 )
#Or
  T ==K ( call mc91_e _7 ~> ret mc91_e () ~> call sum_e _39 )
#Or
  T ==K ( call mc91_e _7 ~> ret mc91_e () ~> call sum_e _159 )
#Or
  T ==K ( call mc91_e _7 ~> ret mc91_e () ~> call sum_e _434 )
#Or
  T ==K ( call mc91_e _7 ~> ret mc91_e () ~> call sum_e _872 )
#Or
  T ==K ( call mc91_e _7 ~> ret mc91_e () ~> call sum_e _1386 )
#Or
  T ==K ( call mult_e _11 ~> ret mult_e () ~> call fact_e _261 )
#Or
  T ==K ( call mult_e _11 ~> ret mult_e () ~> call fact_e _1489 )
#Or
  T ==K ( call mult_e _11 ~> ret mult_e () ~> call fact_e _2186 )
#Or
  T ==K ( call mult_e _11 ~> ret mult_e () ~> call lock_e _300 )
#Or
  T ==K ( call mult_e _11 ~> ret mult_e () ~> call lock_e _1559 )
#Or
  T ==K ( call mult_e _11 ~> ret mult_e () ~> call lock_e _2255 )
#Or
  T ==K ( call mult_e _11 ~> ret mult_e () ~> call mc91_e _330 )
#Or
  T ==K ( call mult_e _11 ~> ret mult_e () ~> call mc91_e _1615 )
#Or
  T ==K ( call mult_e _11 ~> ret mult_e () ~> call mc91_e _2290 )
#Or
  T ==K ( call mult_e _11 ~> ret mult_e () ~> call mult_e _363 )
#Or
  T ==K ( call mult_e _11 ~> ret mult_e () ~> call mult_e _1672 )
#Or
  T ==K ( call mult_e _11 ~> ret mult_e () ~> call mult_e _2335 )
#Or
  T ==K ( call mult_e _11 ~> ret mult_e () ~> call repeat_e _346 )
#Or
  T ==K ( call mult_e _11 ~> ret mult_e () ~> call repeat_e _1639 )
#Or
  T ==K ( call mult_e _11 ~> ret mult_e () ~> call repeat_e _2304 )
#Or
  T ==K ( call mult_e _11 ~> ret mult_e () ~> call sum_e _277 )
#Or
  T ==K ( call mult_e _11 ~> ret mult_e () ~> call sum_e _1513 )
#Or
  T ==K ( call mult_e _11 ~> ret mult_e () ~> call sum_e _2198 )
#Or
  T ==K ( call sum_e _2 ~> ret sum_e () ~> call fact_e _63 )
#Or
  T ==K ( call sum_e _2 ~> ret sum_e () ~> call fact_e _369 )
#Or
  T ==K ( call sum_e _2 ~> ret sum_e () ~> call fact_e _609 )
#Or
  T ==K ( call sum_e _2 ~> ret sum_e () ~> call lock_e _88 )
#Or
  T ==K ( call sum_e _2 ~> ret sum_e () ~> call lock_e _413 )
#Or
  T ==K ( call sum_e _2 ~> ret sum_e () ~> call lock_e _670 )
#Or
  T ==K ( call sum_e _2 ~> ret sum_e () ~> call mc91_e _107 )
#Or
  T ==K ( call sum_e _2 ~> ret sum_e () ~> call mc91_e _453 )
#Or
  T ==K ( call sum_e _2 ~> ret sum_e () ~> call mc91_e _701 )
#Or
  T ==K ( call sum_e _2 ~> ret sum_e () ~> call mult_e _124 )
#Or
  T ==K ( call sum_e _2 ~> ret sum_e () ~> call mult_e _486 )
#Or
  T ==K ( call sum_e _2 ~> ret sum_e () ~> call mult_e _754 )
#Or
  T ==K ( call sum_e _2 ~> ret sum_e () ~> call repeat_e _113 )
#Or
  T ==K ( call sum_e _2 ~> ret sum_e () ~> call repeat_e _465 )
#Or
  T ==K ( call sum_e _2 ~> ret sum_e () ~> call repeat_e _734 )
#Or
  T ==K ( call sum_e _2 ~> ret sum_e () ~> call sum_e _69 )
#Or
  T ==K ( call sum_e _2 ~> ret sum_e () ~> call sum_e _376 )
#Or
  T ==K ( call sum_e _2 ~> ret sum_e () ~> call sum_e _632 )
#Or
  T ==K call fact_e _1
#Or
  T ==K call lock_e _4
#Or
  T ==K call mc91_e _7
#Or
  T ==K call mult_e _11
#Or
  T ==K call repeat_e _9
#Or
  T ==K call sum_e _2

real	0m41.716s
user	0m59.473s
sys	0m6.910s
