  T ==K ( call main3 _13 ~> call syscall _13 ~> ret syscall () ~> ret main3 () ~> call main1 _363 )
#Or
  T ==K ( call main3 _13 ~> call syscall _13 ~> ret syscall () ~> ret main3 () ~> call main3 _333 ~> call syscall _333 ~> ret syscall () ~> ret main3 () ~> call main1 _3701 )
#Or
  T ==K ( call main3 _13 ~> call syscall _13 ~> ret syscall () ~> ret main3 () ~> call main3 _333 ~> call syscall _333 ~> ret syscall () ~> ret main3 () ~> call main12 _2422 )
#Or
  T ==K ( call main3 _13 ~> call syscall _13 ~> ret syscall () ~> ret main3 () ~> call main3 _333 ~> call syscall _333 ~> ret syscall () ~> ret main3 () ~> call main14 _2192 )
#Or
  T ==K ( call main3 _13 ~> call syscall _13 ~> ret syscall () ~> ret main3 () ~> call main10 _281 ~> call userExec _569 ~> ret userExec () ~> ret main10 () ~> call _569 () )
#Or
  T ==K ( call main3 _13 ~> call syscall _13 ~> ret syscall () ~> ret main3 () ~> call main10 _281 ~> call userExec _569 ~> ret userExec () ~> ret main10 () ~> call main1 _4216 )
#Or
  T ==K ( call main3 _13 ~> call syscall _13 ~> ret syscall () ~> ret main3 () ~> call main10 _281 ~> call userExec _569 ~> ret userExec () ~> ret main10 () ~> call main12 _2687 )
#Or
  T ==K ( call main3 _13 ~> call syscall _13 ~> ret syscall () ~> ret main3 () ~> call main10 _281 ~> call userExec _569 ~> ret userExec () ~> ret main10 () ~> call main14 _2418 )
#Or
  T ==K ( call main3 _13 ~> call syscall _13 ~> ret syscall () ~> ret main3 () ~> call main11 _379 ~> ret main11 () ~> call main1 _4427 )
#Or
  T ==K ( call main3 _13 ~> call syscall _13 ~> ret syscall () ~> ret main3 () ~> call main11 _379 ~> ret main11 () ~> call main12 _2985 )
#Or
  T ==K ( call main3 _13 ~> call syscall _13 ~> ret syscall () ~> ret main3 () ~> call main11 _379 ~> ret main11 () ~> call main14 _2692 )
#Or
  T ==K ( call main3 _13 ~> call syscall _13 ~> ret syscall () ~> ret main3 () ~> call main12 _235 )
#Or
  T ==K ( call main3 _13 ~> call syscall _13 ~> ret syscall () ~> ret main3 () ~> call main14 _204 )
#Or
  T ==K ( call main3 _13 ~> call syscall _13 ~> ret syscall () ~> ret main3 () ~> call main15 _320 ~> call send _320 ~> ret send () ~> ret main15 () ~> call main1 _9645 )
#Or
  T ==K ( call main3 _13 ~> call syscall _13 ~> ret syscall () ~> ret main3 () ~> call main15 _320 ~> call send _320 ~> ret send () ~> ret main15 () ~> call main12 _6551 )
#Or
  T ==K ( call main3 _13 ~> call syscall _13 ~> ret syscall () ~> ret main3 () ~> call main15 _320 ~> call send _320 ~> ret send () ~> ret main15 () ~> call main14 _6006 )
#Or
  T ==K ( call main3 _13 ~> call syscall _13 ~> ret syscall () ~> ret main3 () ~> call main15 _320 ~> ret main15 () ~> call main1 _2689 )
#Or
  T ==K ( call main3 _13 ~> call syscall _13 ~> ret syscall () ~> ret main3 () ~> call main15 _320 ~> ret main15 () ~> call main12 _1698 )
#Or
  T ==K ( call main3 _13 ~> call syscall _13 ~> ret syscall () ~> ret main3 () ~> call main15 _320 ~> ret main15 () ~> call main14 _1525 )
#Or
  T ==K ( call main3 _13 ~> call syscall _13 ~> ret syscall () ~> ret main3 () ~> call main16 _192 ~> call getUser () ~> ret getUser _781 ~> ret main16 () ~> call main1 _4208 )
#Or
  T ==K ( call main3 _13 ~> call syscall _13 ~> ret syscall () ~> ret main3 () ~> call main16 _192 ~> call getUser () ~> ret getUser _781 ~> ret main16 () ~> call main1 _13332 )
#Or
  T ==K ( call main3 _13 ~> call syscall _13 ~> ret syscall () ~> ret main3 () ~> call main16 _192 ~> call getUser () ~> ret getUser _781 ~> ret main16 () ~> call main12 _2828 )
#Or
  T ==K ( call main3 _13 ~> call syscall _13 ~> ret syscall () ~> ret main3 () ~> call main16 _192 ~> call getUser () ~> ret getUser _781 ~> ret main16 () ~> call main12 _9194 )
#Or
  T ==K ( call main3 _13 ~> call syscall _13 ~> ret syscall () ~> ret main3 () ~> call main16 _192 ~> call getUser () ~> ret getUser _781 ~> ret main16 () ~> call main14 _2542 )
#Or
  T ==K ( call main3 _13 ~> call syscall _13 ~> ret syscall () ~> ret main3 () ~> call main16 _192 ~> call getUser () ~> ret getUser _781 ~> ret main16 () ~> call main14 _8423 )
#Or
  T ==K ( call main3 _13 ~> call syscall _13 ~> ret syscall () ~> ret main3 () ~> call main16 _192 ~> ret main16 () ~> call main1 _1694 )
#Or
  T ==K ( call main3 _13 ~> call syscall _13 ~> ret syscall () ~> ret main3 () ~> call main16 _192 ~> ret main16 () ~> call main12 _1009 )
#Or
  T ==K ( call main3 _13 ~> call syscall _13 ~> ret syscall () ~> ret main3 () ~> call main16 _192 ~> ret main16 () ~> call main14 _875 )
#Or
  T ==K ( call main3 _13 ~> call syscall _13 ~> ret syscall () ~> ret main3 () ~> call main17 _479 ~> call send _479 ~> ret send () ~> ret main17 () ~> call main1 _13853 )
#Or
  T ==K ( call main3 _13 ~> call syscall _13 ~> ret syscall () ~> ret main3 () ~> call main17 _479 ~> call send _479 ~> ret send () ~> ret main17 () ~> call main12 _9671 )
#Or
  T ==K ( call main3 _13 ~> call syscall _13 ~> ret syscall () ~> ret main3 () ~> call main17 _479 ~> call send _479 ~> ret send () ~> ret main17 () ~> call main14 _8836 )
#Or
  T ==K ( call main3 _13 ~> call syscall _13 ~> ret syscall () ~> ret main3 () ~> call main17 _479 ~> ret main17 () ~> call main1 _4043 )
#Or
  T ==K ( call main3 _13 ~> call syscall _13 ~> ret syscall () ~> ret main3 () ~> call main17 _479 ~> ret main17 () ~> call main12 _2695 )
#Or
  T ==K ( call main3 _13 ~> call syscall _13 ~> ret syscall () ~> ret main3 () ~> call main17 _479 ~> ret main17 () ~> call main14 _2427 )
#Or
  T ==K ( call main3 _13 ~> call syscall _13 ~> ret syscall () ~> ret main3 () ~> call main20 _419 ~> ret main20 () ~> call main1 _3562 )
#Or
  T ==K ( call main3 _13 ~> call syscall _13 ~> ret syscall () ~> ret main3 () ~> call main20 _419 ~> ret main20 () ~> call main12 _2306 )
#Or
  T ==K ( call main3 _13 ~> call syscall _13 ~> ret syscall () ~> ret main3 () ~> call main20 _419 ~> ret main20 () ~> call main14 _2087 )
#Or
  T ==K ( call main3 _13 ~> call syscall _13 ~> ret syscall () ~> ret main3 () ~> call main21 _268 ~> call _268 () ~> ret _268 () ~> call _268 () ~> ret _268 () ~> call _268 () ~> ret _268 () ~> call _268 () ~> ret _268 () ~> call f2 () ~> ret f2 () ~> ret main21 () ~> call main1 _42226 )
#Or
  T ==K ( call main3 _13 ~> call syscall _13 ~> ret syscall () ~> ret main3 () ~> call main21 _268 ~> call _268 () ~> ret _268 () ~> call _268 () ~> ret _268 () ~> call _268 () ~> ret _268 () ~> call _268 () ~> ret _268 () ~> call f2 () ~> ret f2 () ~> ret main21 () ~> call main12 _40810 )
#Or
  T ==K ( call main3 _13 ~> call syscall _13 ~> ret syscall () ~> ret main3 () ~> call main21 _268 ~> call _268 () ~> ret _268 () ~> call _268 () ~> ret _268 () ~> call _268 () ~> ret _268 () ~> call _268 () ~> ret _268 () ~> call f2 () ~> ret f2 () ~> ret main21 () ~> call main14 _40491 )
#Or
  T ==K ( call main10 _8 ~> call userExec _31 ~> ret userExec () ~> ret main10 () ~> call _31 () )
#Or
  T ==K ( call main10 _8 ~> call userExec _31 ~> ret userExec () ~> ret main10 () ~> call main1 _416 )
#Or
  T ==K ( call main10 _8 ~> call userExec _31 ~> ret userExec () ~> ret main10 () ~> call main3 _377 ~> call syscall _377 ~> ret syscall () ~> ret main3 () ~> call _31 () )
#Or
  T ==K ( call main10 _8 ~> call userExec _31 ~> ret userExec () ~> ret main10 () ~> call main3 _377 ~> call syscall _377 ~> ret syscall () ~> ret main3 () ~> call main1 _4371 )
#Or
  T ==K ( call main10 _8 ~> call userExec _31 ~> ret userExec () ~> ret main10 () ~> call main3 _377 ~> call syscall _377 ~> ret syscall () ~> ret main3 () ~> call main12 _2797 )
#Or
  T ==K ( call main10 _8 ~> call userExec _31 ~> ret userExec () ~> ret main10 () ~> call main3 _377 ~> call syscall _377 ~> ret syscall () ~> ret main3 () ~> call main14 _2518 )
#Or
  T ==K ( call main10 _8 ~> call userExec _31 ~> ret userExec () ~> ret main10 () ~> call main10 _317 ~> call userExec _643 ~> ret userExec () ~> ret main10 () ~> call _31 () )
#Or
  T ==K ( call main10 _8 ~> call userExec _31 ~> ret userExec () ~> ret main10 () ~> call main10 _317 ~> call userExec _643 ~> ret userExec () ~> ret main10 () ~> call _643 () )
#Or
  T ==K ( call main10 _8 ~> call userExec _31 ~> ret userExec () ~> ret main10 () ~> call main10 _317 ~> call userExec _643 ~> ret userExec () ~> ret main10 () ~> call main1 _4797 )
#Or
  T ==K ( call main10 _8 ~> call userExec _31 ~> ret userExec () ~> ret main10 () ~> call main10 _317 ~> call userExec _643 ~> ret userExec () ~> ret main10 () ~> call main12 _3089 )
#Or
  T ==K ( call main10 _8 ~> call userExec _31 ~> ret userExec () ~> ret main10 () ~> call main10 _317 ~> call userExec _643 ~> ret userExec () ~> ret main10 () ~> call main14 _2793 )
#Or
  T ==K ( call main10 _8 ~> call userExec _31 ~> ret userExec () ~> ret main10 () ~> call main11 _435 ~> ret main11 () ~> call _31 () )
#Or
  T ==K ( call main10 _8 ~> call userExec _31 ~> ret userExec () ~> ret main10 () ~> call main11 _435 ~> ret main11 () ~> call main1 _5247 )
#Or
  T ==K ( call main10 _8 ~> call userExec _31 ~> ret userExec () ~> ret main10 () ~> call main11 _435 ~> ret main11 () ~> call main12 _3378 )
#Or
  T ==K ( call main10 _8 ~> call userExec _31 ~> ret userExec () ~> ret main10 () ~> call main11 _435 ~> ret main11 () ~> call main14 _3094 )
#Or
  T ==K ( call main10 _8 ~> call userExec _31 ~> ret userExec () ~> ret main10 () ~> call main12 _264 )
#Or
  T ==K ( call main10 _8 ~> call userExec _31 ~> ret userExec () ~> ret main10 () ~> call main14 _231 )
#Or
  T ==K ( call main10 _8 ~> call userExec _31 ~> ret userExec () ~> ret main10 () ~> call main15 _360 ~> call send _360 ~> ret send () ~> ret main15 () ~> call _31 () )
#Or
  T ==K ( call main10 _8 ~> call userExec _31 ~> ret userExec () ~> ret main10 () ~> call main15 _360 ~> call send _360 ~> ret send () ~> ret main15 () ~> call main1 _11413 )
#Or
  T ==K ( call main10 _8 ~> call userExec _31 ~> ret userExec () ~> ret main10 () ~> call main15 _360 ~> call send _360 ~> ret send () ~> ret main15 () ~> call main12 _7367 )
#Or
  T ==K ( call main10 _8 ~> call userExec _31 ~> ret userExec () ~> ret main10 () ~> call main15 _360 ~> call send _360 ~> ret send () ~> ret main15 () ~> call main14 _6749 )
#Or
  T ==K ( call main10 _8 ~> call userExec _31 ~> ret userExec () ~> ret main10 () ~> call main15 _360 ~> ret main15 () ~> call _31 () )
#Or
  T ==K ( call main10 _8 ~> call userExec _31 ~> ret userExec () ~> ret main10 () ~> call main15 _360 ~> ret main15 () ~> call main1 _3232 )
#Or
  T ==K ( call main10 _8 ~> call userExec _31 ~> ret userExec () ~> ret main10 () ~> call main15 _360 ~> ret main15 () ~> call main12 _1960 )
#Or
  T ==K ( call main10 _8 ~> call userExec _31 ~> ret userExec () ~> ret main10 () ~> call main15 _360 ~> ret main15 () ~> call main14 _1765 )
#Or
  T ==K ( call main10 _8 ~> call userExec _31 ~> ret userExec () ~> ret main10 () ~> call main16 _215 ~> call getUser () ~> ret getUser _860 ~> ret main16 () ~> call _31 () )
#Or
  T ==K ( call main10 _8 ~> call userExec _31 ~> ret userExec () ~> ret main10 () ~> call main16 _215 ~> call getUser () ~> ret getUser _860 ~> ret main16 () ~> call main1 _4789 )
#Or
  T ==K ( call main10 _8 ~> call userExec _31 ~> ret userExec () ~> ret main10 () ~> call main16 _215 ~> call getUser () ~> ret getUser _860 ~> ret main16 () ~> call main1 _14633 )
#Or
  T ==K ( call main10 _8 ~> call userExec _31 ~> ret userExec () ~> ret main10 () ~> call main16 _215 ~> call getUser () ~> ret getUser _860 ~> ret main16 () ~> call main12 _3084 )
#Or
  T ==K ( call main10 _8 ~> call userExec _31 ~> ret userExec () ~> ret main10 () ~> call main16 _215 ~> call getUser () ~> ret getUser _860 ~> ret main16 () ~> call main12 _9961 )
#Or
  T ==K ( call main10 _8 ~> call userExec _31 ~> ret userExec () ~> ret main10 () ~> call main16 _215 ~> call getUser () ~> ret getUser _860 ~> ret main16 () ~> call main14 _2788 )
#Or
  T ==K ( call main10 _8 ~> call userExec _31 ~> ret userExec () ~> ret main10 () ~> call main16 _215 ~> call getUser () ~> ret getUser _860 ~> ret main16 () ~> call main14 _9088 )
#Or
  T ==K ( call main10 _8 ~> call userExec _31 ~> ret userExec () ~> ret main10 () ~> call main16 _215 ~> ret main16 () ~> call _31 () )
#Or
  T ==K ( call main10 _8 ~> call userExec _31 ~> ret userExec () ~> ret main10 () ~> call main16 _215 ~> ret main16 () ~> call main1 _1956 )
#Or
  T ==K ( call main10 _8 ~> call userExec _31 ~> ret userExec () ~> ret main10 () ~> call main16 _215 ~> ret main16 () ~> call main12 _1136 )
#Or
  T ==K ( call main10 _8 ~> call userExec _31 ~> ret userExec () ~> ret main10 () ~> call main16 _215 ~> ret main16 () ~> call main14 _991 )
#Or
  T ==K ( call main10 _8 ~> call userExec _31 ~> ret userExec () ~> ret main10 () ~> call main17 _536 ~> call send _536 ~> ret send () ~> ret main17 () ~> call _31 () )
#Or
  T ==K ( call main10 _8 ~> call userExec _31 ~> ret userExec () ~> ret main10 () ~> call main17 _536 ~> call send _536 ~> ret send () ~> ret main17 () ~> call main1 _15687 )
#Or
  T ==K ( call main10 _8 ~> call userExec _31 ~> ret userExec () ~> ret main10 () ~> call main17 _536 ~> call send _536 ~> ret send () ~> ret main17 () ~> call main12 _10962 )
#Or
  T ==K ( call main10 _8 ~> call userExec _31 ~> ret userExec () ~> ret main10 () ~> call main17 _536 ~> call send _536 ~> ret send () ~> ret main17 () ~> call main14 _10003 )
#Or
  T ==K ( call main10 _8 ~> call userExec _31 ~> ret userExec () ~> ret main10 () ~> call main17 _536 ~> ret main17 () ~> call _31 () )
#Or
  T ==K ( call main10 _8 ~> call userExec _31 ~> ret userExec () ~> ret main10 () ~> call main17 _536 ~> ret main17 () ~> call main1 _4804 )
#Or
  T ==K ( call main10 _8 ~> call userExec _31 ~> ret userExec () ~> ret main10 () ~> call main17 _536 ~> ret main17 () ~> call main12 _3097 )
#Or
  T ==K ( call main10 _8 ~> call userExec _31 ~> ret userExec () ~> ret main10 () ~> call main17 _536 ~> ret main17 () ~> call main14 _2802 )
#Or
  T ==K ( call main10 _8 ~> call userExec _31 ~> ret userExec () ~> ret main10 () ~> call main20 _475 ~> ret main20 () ~> call _31 () )
#Or
  T ==K ( call main10 _8 ~> call userExec _31 ~> ret userExec () ~> ret main10 () ~> call main20 _475 ~> ret main20 () ~> call main1 _4171 )
#Or
  T ==K ( call main10 _8 ~> call userExec _31 ~> ret userExec () ~> ret main10 () ~> call main20 _475 ~> ret main20 () ~> call main12 _2657 )
#Or
  T ==K ( call main10 _8 ~> call userExec _31 ~> ret userExec () ~> ret main10 () ~> call main20 _475 ~> ret main20 () ~> call main14 _2393 )
#Or
  T ==K ( call main10 _8 ~> call userExec _31 ~> ret userExec () ~> ret main10 () ~> call main21 _304 ~> call _304 () ~> ret _304 () ~> call _304 () ~> ret _304 () ~> call _304 () ~> ret _304 () ~> call _304 () ~> ret _304 () ~> call f2 () ~> ret f2 () ~> ret main21 () ~> call _31 () )
#Or
  T ==K ( call main10 _8 ~> call userExec _31 ~> ret userExec () ~> ret main10 () ~> call main21 _304 ~> call _304 () ~> ret _304 () ~> call _304 () ~> ret _304 () ~> call _304 () ~> ret _304 () ~> call _304 () ~> ret _304 () ~> call f2 () ~> ret f2 () ~> ret main21 () ~> call main1 _42838 )
#Or
  T ==K ( call main10 _8 ~> call userExec _31 ~> ret userExec () ~> ret main10 () ~> call main21 _304 ~> call _304 () ~> ret _304 () ~> call _304 () ~> ret _304 () ~> call _304 () ~> ret _304 () ~> call _304 () ~> ret _304 () ~> call f2 () ~> ret f2 () ~> ret main21 () ~> call main12 _41215 )
#Or
  T ==K ( call main10 _8 ~> call userExec _31 ~> ret userExec () ~> ret main10 () ~> call main21 _304 ~> call _304 () ~> ret _304 () ~> call _304 () ~> ret _304 () ~> call _304 () ~> ret _304 () ~> call _304 () ~> ret _304 () ~> call f2 () ~> ret f2 () ~> ret main21 () ~> call main14 _40921 )
#Or
  T ==K ( call main11 _16 ~> ret main11 () ~> call main1 _439 )
#Or
  T ==K ( call main11 _16 ~> ret main11 () ~> call main3 _402 ~> call syscall _402 ~> ret syscall () ~> ret main3 () ~> call main1 _4441 )
#Or
  T ==K ( call main11 _16 ~> ret main11 () ~> call main3 _402 ~> call syscall _402 ~> ret syscall () ~> ret main3 () ~> call main12 _3000 )
#Or
  T ==K ( call main11 _16 ~> ret main11 () ~> call main3 _402 ~> call syscall _402 ~> ret syscall () ~> ret main3 () ~> call main14 _2705 )
#Or
  T ==K ( call main11 _16 ~> ret main11 () ~> call main10 _334 ~> call userExec _686 ~> ret userExec () ~> ret main10 () ~> call _686 () )
#Or
  T ==K ( call main11 _16 ~> ret main11 () ~> call main10 _334 ~> call userExec _686 ~> ret userExec () ~> ret main10 () ~> call main1 _5097 )
#Or
  T ==K ( call main11 _16 ~> ret main11 () ~> call main10 _334 ~> call userExec _686 ~> ret userExec () ~> ret main10 () ~> call main12 _3287 )
#Or
  T ==K ( call main11 _16 ~> ret main11 () ~> call main10 _334 ~> call userExec _686 ~> ret userExec () ~> ret main10 () ~> call main14 _2996 )
#Or
  T ==K ( call main11 _16 ~> ret main11 () ~> call main11 _461 ~> ret main11 () ~> call main1 _5324 )
#Or
  T ==K ( call main11 _16 ~> ret main11 () ~> call main11 _461 ~> ret main11 () ~> call main11 _5552 )
#Or
  T ==K ( call main11 _16 ~> ret main11 () ~> call main11 _461 ~> ret main11 () ~> call main12 _3575 )
#Or
  T ==K ( call main11 _16 ~> ret main11 () ~> call main11 _461 ~> ret main11 () ~> call main14 _3292 )
#Or
  T ==K ( call main11 _16 ~> ret main11 () ~> call main12 _295 )
#Or
  T ==K ( call main11 _16 ~> ret main11 () ~> call main14 _269 )
#Or
  T ==K ( call main11 _16 ~> ret main11 () ~> call main15 _381 ~> call send _381 ~> ret send () ~> ret main15 () ~> call main1 _11595 )
#Or
  T ==K ( call main11 _16 ~> ret main11 () ~> call main15 _381 ~> call send _381 ~> ret send () ~> ret main15 () ~> call main12 _7814 )
#Or
  T ==K ( call main11 _16 ~> ret main11 () ~> call main15 _381 ~> call send _381 ~> ret send () ~> ret main15 () ~> call main14 _7177 )
#Or
  T ==K ( call main11 _16 ~> ret main11 () ~> call main15 _381 ~> ret main15 () ~> call main1 _3289 )
#Or
  T ==K ( call main11 _16 ~> ret main11 () ~> call main15 _381 ~> ret main15 () ~> call main12 _2094 )
#Or
  T ==K ( call main11 _16 ~> ret main11 () ~> call main15 _381 ~> ret main15 () ~> call main14 _1902 )
#Or
  T ==K ( call main11 _16 ~> ret main11 () ~> call main16 _253 ~> call getUser () ~> ret getUser _1015 ~> ret main16 () ~> call main1 _5089 )
#Or
  T ==K ( call main11 _16 ~> ret main11 () ~> call main16 _253 ~> call getUser () ~> ret getUser _1015 ~> ret main16 () ~> call main1 _15330 )
#Or
  T ==K ( call main11 _16 ~> ret main11 () ~> call main16 _253 ~> call getUser () ~> ret getUser _1015 ~> ret main16 () ~> call main12 _3423 )
#Or
  T ==K ( call main11 _16 ~> ret main11 () ~> call main16 _253 ~> call getUser () ~> ret getUser _1015 ~> ret main16 () ~> call main12 _11096 )
#Or
  T ==K ( call main11 _16 ~> ret main11 () ~> call main16 _253 ~> call getUser () ~> ret getUser _1015 ~> ret main16 () ~> call main14 _3137 )
#Or
  T ==K ( call main11 _16 ~> ret main11 () ~> call main16 _253 ~> call getUser () ~> ret getUser _1015 ~> ret main16 () ~> call main14 _10138 )
#Or
  T ==K ( call main11 _16 ~> ret main11 () ~> call main16 _253 ~> ret main16 () ~> call main1 _2090 )
#Or
  T ==K ( call main11 _16 ~> ret main11 () ~> call main16 _253 ~> ret main16 () ~> call main12 _1304 )
#Or
  T ==K ( call main11 _16 ~> ret main11 () ~> call main16 _253 ~> ret main16 () ~> call main14 _1161 )
#Or
  T ==K ( call main11 _16 ~> ret main11 () ~> call main17 _571 ~> call send _571 ~> ret send () ~> ret main17 () ~> call main1 _15874 )
#Or
  T ==K ( call main11 _16 ~> ret main11 () ~> call main17 _571 ~> call send _571 ~> ret send () ~> ret main17 () ~> call main12 _11621 )
#Or
  T ==K ( call main11 _16 ~> ret main11 () ~> call main17 _571 ~> call send _571 ~> ret send () ~> ret main17 () ~> call main14 _10658 )
#Or
  T ==K ( call main11 _16 ~> ret main11 () ~> call main17 _571 ~> ret main17 () ~> call main1 _4878 )
#Or
  T ==K ( call main11 _16 ~> ret main11 () ~> call main17 _571 ~> ret main17 () ~> call main12 _3295 )
#Or
  T ==K ( call main11 _16 ~> ret main11 () ~> call main17 _571 ~> ret main17 () ~> call main14 _3005 )
#Or
  T ==K ( call main11 _16 ~> ret main11 () ~> call main20 _500 ~> ret main20 () ~> call main1 _4235 )
#Or
  T ==K ( call main11 _16 ~> ret main11 () ~> call main20 _500 ~> ret main20 () ~> call main12 _2853 )
#Or
  T ==K ( call main11 _16 ~> ret main11 () ~> call main20 _500 ~> ret main20 () ~> call main14 _2565 )
#Or
  T ==K ( call main11 _16 ~> ret main11 () ~> call main21 _321 ~> call _321 () ~> ret _321 () ~> call _321 () ~> ret _321 () ~> call _321 () ~> ret _321 () ~> call _321 () ~> ret _321 () ~> call f2 () ~> ret f2 () ~> ret main21 () ~> call main1 _42892 )
#Or
  T ==K ( call main11 _16 ~> ret main11 () ~> call main21 _321 ~> call _321 () ~> ret _321 () ~> call _321 () ~> ret _321 () ~> call _321 () ~> ret _321 () ~> call _321 () ~> ret _321 () ~> call f2 () ~> ret f2 () ~> ret main21 () ~> call main12 _41415 )
#Or
  T ==K ( call main11 _16 ~> ret main11 () ~> call main21 _321 ~> call _321 () ~> ret _321 () ~> call _321 () ~> ret _321 () ~> call _321 () ~> ret _321 () ~> call _321 () ~> ret _321 () ~> call f2 () ~> ret f2 () ~> ret main21 () ~> call main14 _41116 )
#Or
  T ==K ( call main15 _12 ~> call send _12 ~> ret send () ~> ret main15 () ~> call main1 _1068 )
#Or
  T ==K ( call main15 _12 ~> call send _12 ~> ret send () ~> ret main15 () ~> call main3 _928 ~> call syscall _928 ~> ret syscall () ~> ret main3 () ~> call main1 _9565 )
#Or
  T ==K ( call main15 _12 ~> call send _12 ~> ret send () ~> ret main15 () ~> call main3 _928 ~> call syscall _928 ~> ret syscall () ~> ret main3 () ~> call main12 _6486 )
#Or
  T ==K ( call main15 _12 ~> call send _12 ~> ret send () ~> ret main15 () ~> call main3 _928 ~> call syscall _928 ~> ret syscall () ~> ret main3 () ~> call main14 _5954 )
#Or
  T ==K ( call main15 _12 ~> call send _12 ~> ret send () ~> ret main15 () ~> call main10 _737 ~> call userExec _1868 ~> ret userExec () ~> ret main10 () ~> call _1868 () )
#Or
  T ==K ( call main15 _12 ~> call send _12 ~> ret send () ~> ret main15 () ~> call main10 _737 ~> call userExec _1868 ~> ret userExec () ~> ret main10 () ~> call main1 _10493 )
#Or
  T ==K ( call main15 _12 ~> call send _12 ~> ret send () ~> ret main15 () ~> call main10 _737 ~> call userExec _1868 ~> ret userExec () ~> ret main10 () ~> call main12 _7075 )
#Or
  T ==K ( call main15 _12 ~> call send _12 ~> ret send () ~> ret main15 () ~> call main10 _737 ~> call userExec _1868 ~> ret userExec () ~> ret main10 () ~> call main14 _6482 )
#Or
  T ==K ( call main15 _12 ~> call send _12 ~> ret send () ~> ret main15 () ~> call main11 _1143 ~> ret main11 () ~> call main1 _11462 )
#Or
  T ==K ( call main15 _12 ~> call send _12 ~> ret send () ~> ret main15 () ~> call main11 _1143 ~> ret main11 () ~> call main12 _7711 )
#Or
  T ==K ( call main15 _12 ~> call send _12 ~> ret send () ~> ret main15 () ~> call main11 _1143 ~> ret main11 () ~> call main14 _7080 )
#Or
  T ==K ( call main15 _12 ~> call send _12 ~> ret send () ~> ret main15 () ~> call main12 _644 )
#Or
  T ==K ( call main15 _12 ~> call send _12 ~> ret send () ~> ret main15 () ~> call main14 _587 )
#Or
  T ==K ( call main15 _12 ~> call send _12 ~> ret send () ~> ret main15 () ~> call main15 _865 ~> call send _865 ~> ret send () ~> ret main15 () ~> call main1 _19994 )
#Or
  T ==K ( call main15 _12 ~> call send _12 ~> ret send () ~> ret main15 () ~> call main15 _865 ~> call send _865 ~> ret send () ~> ret main15 () ~> call main12 _15705 )
#Or
  T ==K ( call main15 _12 ~> call send _12 ~> ret send () ~> ret main15 () ~> call main15 _865 ~> call send _865 ~> ret send () ~> ret main15 () ~> call main14 _14697 )
#Or
  T ==K ( call main15 _12 ~> call send _12 ~> ret send () ~> ret main15 () ~> call main15 _865 ~> ret main15 () ~> call main1 _7077 )
#Or
  T ==K ( call main15 _12 ~> call send _12 ~> ret send () ~> ret main15 () ~> call main15 _865 ~> ret main15 () ~> call main12 _4810 )
#Or
  T ==K ( call main15 _12 ~> call send _12 ~> ret send () ~> ret main15 () ~> call main15 _865 ~> ret main15 () ~> call main14 _4385 )
#Or
  T ==K ( call main15 _12 ~> call send _12 ~> ret send () ~> ret main15 () ~> call main16 _561 ~> call getUser () ~> ret getUser _2660 ~> ret main16 () ~> call main1 _10970 )
#Or
  T ==K ( call main15 _12 ~> call send _12 ~> ret send () ~> ret main15 () ~> call main16 _561 ~> call getUser () ~> ret getUser _2660 ~> ret main16 () ~> call main1 _23276 )
#Or
  T ==K ( call main15 _12 ~> call send _12 ~> ret send () ~> ret main15 () ~> call main16 _561 ~> call getUser () ~> ret getUser _2660 ~> ret main16 () ~> call main12 _7382 )
#Or
  T ==K ( call main15 _12 ~> call send _12 ~> ret send () ~> ret main15 () ~> call main16 _561 ~> call getUser () ~> ret getUser _2660 ~> ret main16 () ~> call main12 _19492 )
#Or
  T ==K ( call main15 _12 ~> call send _12 ~> ret send () ~> ret main15 () ~> call main16 _561 ~> call getUser () ~> ret getUser _2660 ~> ret main16 () ~> call main14 _6764 )
#Or
  T ==K ( call main15 _12 ~> call send _12 ~> ret send () ~> ret main15 () ~> call main16 _561 ~> call getUser () ~> ret getUser _2660 ~> ret main16 () ~> call main14 _18530 )
#Or
  T ==K ( call main15 _12 ~> call send _12 ~> ret send () ~> ret main15 () ~> call main16 _561 ~> ret main16 () ~> call main1 _4806 )
#Or
  T ==K ( call main15 _12 ~> call send _12 ~> ret send () ~> ret main15 () ~> call main16 _561 ~> ret main16 () ~> call main12 _3241 )
#Or
  T ==K ( call main15 _12 ~> call send _12 ~> ret send () ~> ret main15 () ~> call main16 _561 ~> ret main16 () ~> call main14 _2951 )
#Or
  T ==K ( call main15 _12 ~> call send _12 ~> ret send () ~> ret main15 () ~> call main17 _1505 ~> call send _1505 ~> ret send () ~> ret main17 () ~> call main1 _23790 )
#Or
  T ==K ( call main15 _12 ~> call send _12 ~> ret send () ~> ret main15 () ~> call main17 _1505 ~> call send _1505 ~> ret send () ~> ret main17 () ~> call main12 _20020 )
#Or
  T ==K ( call main15 _12 ~> call send _12 ~> ret send () ~> ret main15 () ~> call main17 _1505 ~> call send _1505 ~> ret send () ~> ret main17 () ~> call main14 _19056 )
#Or
  T ==K ( call main15 _12 ~> call send _12 ~> ret send () ~> ret main15 () ~> call main17 _1505 ~> ret main17 () ~> call main1 _10502 )
#Or
  T ==K ( call main15 _12 ~> call send _12 ~> ret send () ~> ret main15 () ~> call main17 _1505 ~> ret main17 () ~> call main12 _7083 )
#Or
  T ==K ( call main15 _12 ~> call send _12 ~> ret send () ~> ret main15 () ~> call main17 _1505 ~> ret main17 () ~> call main14 _6491 )
#Or
  T ==K ( call main15 _12 ~> call send _12 ~> ret send () ~> ret main15 () ~> call main20 _1283 ~> ret main20 () ~> call main1 _9137 )
#Or
  T ==K ( call main15 _12 ~> call send _12 ~> ret send () ~> ret main15 () ~> call main20 _1283 ~> ret main20 () ~> call main12 _6214 )
#Or
  T ==K ( call main15 _12 ~> call send _12 ~> ret send () ~> ret main15 () ~> call main20 _1283 ~> ret main20 () ~> call main14 _5711 )
#Or
  T ==K ( call main15 _12 ~> call send _12 ~> ret send () ~> ret main15 () ~> call main21 _705 ~> call _705 () ~> ret _705 () ~> call _705 () ~> ret _705 () ~> call _705 () ~> ret _705 () ~> call _705 () ~> ret _705 () ~> call f2 () ~> ret f2 () ~> ret main21 () ~> call main1 _46018 )
#Or
  T ==K ( call main15 _12 ~> call send _12 ~> ret send () ~> ret main15 () ~> call main21 _705 ~> call _705 () ~> ret _705 () ~> call _705 () ~> ret _705 () ~> call _705 () ~> ret _705 () ~> call _705 () ~> ret _705 () ~> call f2 () ~> ret f2 () ~> ret main21 () ~> call main12 _44381 )
#Or
  T ==K ( call main15 _12 ~> call send _12 ~> ret send () ~> ret main15 () ~> call main21 _705 ~> call _705 () ~> ret _705 () ~> call _705 () ~> ret _705 () ~> call _705 () ~> ret _705 () ~> call _705 () ~> ret _705 () ~> call f2 () ~> ret f2 () ~> ret main21 () ~> call main14 _44052 )
#Or
  T ==K ( call main15 _12 ~> ret main15 () ~> call main1 _266 )
#Or
  T ==K ( call main15 _12 ~> ret main15 () ~> call main3 _233 ~> call syscall _233 ~> ret syscall () ~> ret main3 () ~> call main1 _2675 )
#Or
  T ==K ( call main15 _12 ~> ret main15 () ~> call main3 _233 ~> call syscall _233 ~> ret syscall () ~> ret main3 () ~> call main12 _1687 )
#Or
  T ==K ( call main15 _12 ~> ret main15 () ~> call main3 _233 ~> call syscall _233 ~> ret syscall () ~> ret main3 () ~> call main14 _1515 )
#Or
  T ==K ( call main15 _12 ~> ret main15 () ~> call main10 _179 ~> call userExec _418 ~> ret userExec () ~> ret main10 () ~> call _418 () )
#Or
  T ==K ( call main15 _12 ~> ret main15 () ~> call main10 _179 ~> call userExec _418 ~> ret userExec () ~> ret main10 () ~> call main1 _3115 )
#Or
  T ==K ( call main15 _12 ~> ret main15 () ~> call main10 _179 ~> call userExec _418 ~> ret userExec () ~> ret main10 () ~> call main12 _1876 )
#Or
  T ==K ( call main15 _12 ~> ret main15 () ~> call main10 _179 ~> call userExec _418 ~> ret userExec () ~> ret main10 () ~> call main14 _1683 )
#Or
  T ==K ( call main15 _12 ~> ret main15 () ~> call main11 _280 ~> ret main11 () ~> call main1 _3262 )
#Or
  T ==K ( call main15 _12 ~> ret main15 () ~> call main11 _280 ~> ret main11 () ~> call main12 _2074 )
#Or
  T ==K ( call main15 _12 ~> ret main15 () ~> call main11 _280 ~> ret main11 () ~> call main14 _1881 )
#Or
  T ==K ( call main15 _12 ~> ret main15 () ~> call main12 _149 )
#Or
  T ==K ( call main15 _12 ~> ret main15 () ~> call main14 _132 )
#Or
  T ==K ( call main15 _12 ~> ret main15 () ~> call main15 _218 ~> call send _218 ~> ret send () ~> ret main15 () ~> call main1 _7106 )
#Or
  T ==K ( call main15 _12 ~> ret main15 () ~> call main15 _218 ~> call send _218 ~> ret send () ~> ret main15 () ~> call main12 _4825 )
#Or
  T ==K ( call main15 _12 ~> ret main15 () ~> call main15 _218 ~> call send _218 ~> ret send () ~> ret main15 () ~> call main14 _4397 )
#Or
  T ==K ( call main15 _12 ~> ret main15 () ~> call main15 _218 ~> ret main15 () ~> call main1 _1878 )
#Or
  T ==K ( call main15 _12 ~> ret main15 () ~> call main15 _218 ~> ret main15 () ~> call main12 _1149 )
#Or
  T ==K ( call main15 _12 ~> ret main15 () ~> call main15 _218 ~> ret main15 () ~> call main14 _1004 )
#Or
  T ==K ( call main15 _12 ~> ret main15 () ~> call main16 _123 ~> call getUser () ~> ret getUser _562 ~> ret main16 () ~> call main1 _3107 )
#Or
  T ==K ( call main15 _12 ~> ret main15 () ~> call main16 _123 ~> call getUser () ~> ret getUser _562 ~> ret main16 () ~> call main1 _10026 )
#Or
  T ==K ( call main15 _12 ~> ret main15 () ~> call main16 _123 ~> call getUser () ~> ret getUser _562 ~> ret main16 () ~> call main12 _1967 )
#Or
  T ==K ( call main15 _12 ~> ret main15 () ~> call main16 _123 ~> call getUser () ~> ret getUser _562 ~> ret main16 () ~> call main12 _6778 )
#Or
  T ==K ( call main15 _12 ~> ret main15 () ~> call main16 _123 ~> call getUser () ~> ret getUser _562 ~> ret main16 () ~> call main14 _1773 )
#Or
  T ==K ( call main15 _12 ~> ret main15 () ~> call main16 _123 ~> call getUser () ~> ret getUser _562 ~> ret main16 () ~> call main14 _6217 )
#Or
  T ==K ( call main15 _12 ~> ret main15 () ~> call main16 _123 ~> ret main16 () ~> call main1 _1145 )
#Or
  T ==K ( call main15 _12 ~> ret main15 () ~> call main16 _123 ~> ret main16 () ~> call main12 _677 )
#Or
  T ==K ( call main15 _12 ~> ret main15 () ~> call main16 _123 ~> ret main16 () ~> call main14 _618 )
#Or
  T ==K ( call main15 _12 ~> ret main15 () ~> call main17 _347 ~> call send _347 ~> ret send () ~> ret main17 () ~> call main1 _10555 )
#Or
  T ==K ( call main15 _12 ~> ret main15 () ~> call main17 _347 ~> call send _347 ~> ret send () ~> ret main17 () ~> call main12 _7132 )
#Or
  T ==K ( call main15 _12 ~> ret main15 () ~> call main17 _347 ~> call send _347 ~> ret send () ~> ret main17 () ~> call main14 _6533 )
#Or
  T ==K ( call main15 _12 ~> ret main15 () ~> call main17 _347 ~> ret main17 () ~> call main1 _2975 )
#Or
  T ==K ( call main15 _12 ~> ret main15 () ~> call main17 _347 ~> ret main17 () ~> call main12 _1884 )
#Or
  T ==K ( call main15 _12 ~> ret main15 () ~> call main17 _347 ~> ret main17 () ~> call main14 _1692 )
#Or
  T ==K ( call main15 _12 ~> ret main15 () ~> call main20 _305 ~> ret main20 () ~> call main1 _2536 )
#Or
  T ==K ( call main15 _12 ~> ret main15 () ~> call main20 _305 ~> ret main20 () ~> call main12 _1604 )
#Or
  T ==K ( call main15 _12 ~> ret main15 () ~> call main20 _305 ~> ret main20 () ~> call main14 _1440 )
#Or
  T ==K ( call main15 _12 ~> ret main15 () ~> call main21 _169 ~> call _169 () ~> ret _169 () ~> call _169 () ~> ret _169 () ~> call _169 () ~> ret _169 () ~> call _169 () ~> ret _169 () ~> call f2 () ~> ret f2 () ~> ret main21 () ~> call main1 _41089 )
#Or
  T ==K ( call main15 _12 ~> ret main15 () ~> call main21 _169 ~> call _169 () ~> ret _169 () ~> call _169 () ~> ret _169 () ~> call _169 () ~> ret _169 () ~> call _169 () ~> ret _169 () ~> call f2 () ~> ret f2 () ~> ret main21 () ~> call main12 _39692 )
#Or
  T ==K ( call main15 _12 ~> ret main15 () ~> call main21 _169 ~> call _169 () ~> ret _169 () ~> call _169 () ~> ret _169 () ~> call _169 () ~> ret _169 () ~> call _169 () ~> ret _169 () ~> call f2 () ~> ret f2 () ~> ret main21 () ~> call main14 _39420 )
#Or
  T ==K ( call main16 _2 ~> call getUser () ~> ret getUser _45 ~> ret main16 () ~> call main1 _407 )
#Or
  T ==K ( call main16 _2 ~> call getUser () ~> ret getUser _45 ~> ret main16 () ~> call main1 _1642 )
#Or
  T ==K ( call main16 _2 ~> call getUser () ~> ret getUser _45 ~> ret main16 () ~> call main3 _369 ~> call syscall _369 ~> ret syscall () ~> ret main3 () ~> call main1 _4110 )
#Or
  T ==K ( call main16 _2 ~> call getUser () ~> ret getUser _45 ~> ret main16 () ~> call main3 _369 ~> call syscall _369 ~> ret syscall () ~> ret main3 () ~> call main12 _2754 )
#Or
  T ==K ( call main16 _2 ~> call getUser () ~> ret getUser _45 ~> ret main16 () ~> call main3 _369 ~> call syscall _369 ~> ret syscall () ~> ret main3 () ~> call main14 _2481 )
#Or
  T ==K ( call main16 _2 ~> call getUser () ~> ret getUser _45 ~> ret main16 () ~> call main3 _1475 ~> call syscall _1475 ~> ret syscall () ~> ret main3 () ~> call main1 _13114 )
#Or
  T ==K ( call main16 _2 ~> call getUser () ~> ret getUser _45 ~> ret main16 () ~> call main3 _1475 ~> call syscall _1475 ~> ret syscall () ~> ret main3 () ~> call main12 _8989 )
#Or
  T ==K ( call main16 _2 ~> call getUser () ~> ret getUser _45 ~> ret main16 () ~> call main3 _1475 ~> call syscall _1475 ~> ret syscall () ~> ret main3 () ~> call main14 _8245 )
#Or
  T ==K ( call main16 _2 ~> call getUser () ~> ret getUser _45 ~> ret main16 () ~> call main10 _313 ~> call userExec _632 ~> ret userExec () ~> ret main10 () ~> call _632 () )
#Or
  T ==K ( call main16 _2 ~> call getUser () ~> ret getUser _45 ~> ret main16 () ~> call main10 _313 ~> call userExec _632 ~> ret userExec () ~> ret main10 () ~> call main1 _4511 )
#Or
  T ==K ( call main16 _2 ~> call getUser () ~> ret getUser _45 ~> ret main16 () ~> call main10 _313 ~> call userExec _632 ~> ret userExec () ~> ret main10 () ~> call main12 _3047 )
#Or
  T ==K ( call main16 _2 ~> call getUser () ~> ret getUser _45 ~> ret main16 () ~> call main10 _313 ~> call userExec _632 ~> ret userExec () ~> ret main10 () ~> call main14 _2750 )
#Or
  T ==K ( call main16 _2 ~> call getUser () ~> ret getUser _45 ~> ret main16 () ~> call main10 _1183 ~> call userExec _2742 ~> ret userExec () ~> ret main10 () ~> call _2742 () )
#Or
  T ==K ( call main16 _2 ~> call getUser () ~> ret getUser _45 ~> ret main16 () ~> call main10 _1183 ~> call userExec _2742 ~> ret userExec () ~> ret main10 () ~> call main1 _14534 )
#Or
  T ==K ( call main16 _2 ~> call getUser () ~> ret getUser _45 ~> ret main16 () ~> call main10 _1183 ~> call userExec _2742 ~> ret userExec () ~> ret main10 () ~> call main12 _9849 )
#Or
  T ==K ( call main16 _2 ~> call getUser () ~> ret getUser _45 ~> ret main16 () ~> call main10 _1183 ~> call userExec _2742 ~> ret userExec () ~> ret main10 () ~> call main14 _8985 )
#Or
  T ==K ( call main16 _2 ~> call getUser () ~> ret getUser _45 ~> ret main16 () ~> call main11 _424 ~> ret main11 () ~> call main1 _4947 )
#Or
  T ==K ( call main16 _2 ~> call getUser () ~> ret getUser _45 ~> ret main16 () ~> call main11 _424 ~> ret main11 () ~> call main12 _3336 )
#Or
  T ==K ( call main16 _2 ~> call getUser () ~> ret getUser _45 ~> ret main16 () ~> call main11 _424 ~> ret main11 () ~> call main14 _3052 )
#Or
  T ==K ( call main16 _2 ~> call getUser () ~> ret getUser _45 ~> ret main16 () ~> call main11 _1730 ~> ret main11 () ~> call main1 _15024 )
#Or
  T ==K ( call main16 _2 ~> call getUser () ~> ret getUser _45 ~> ret main16 () ~> call main11 _1730 ~> ret main11 () ~> call main12 _10798 )
#Or
  T ==K ( call main16 _2 ~> call getUser () ~> ret getUser _45 ~> ret main16 () ~> call main11 _1730 ~> ret main11 () ~> call main14 _9854 )
#Or
  T ==K ( call main16 _2 ~> call getUser () ~> ret getUser _45 ~> ret main16 () ~> call main12 _274 )
#Or
  T ==K ( call main16 _2 ~> call getUser () ~> ret getUser _45 ~> ret main16 () ~> call main12 _964 )
#Or
  T ==K ( call main16 _2 ~> call getUser () ~> ret getUser _45 ~> ret main16 () ~> call main14 _243 )
#Or
  T ==K ( call main16 _2 ~> call getUser () ~> ret getUser _45 ~> ret main16 () ~> call main14 _844 )
#Or
  T ==K ( call main16 _2 ~> call getUser () ~> ret getUser _45 ~> ret main16 () ~> call main15 _356 ~> call send _356 ~> ret send () ~> ret main15 () ~> call main1 _10824 )
#Or
  T ==K ( call main16 _2 ~> call getUser () ~> ret getUser _45 ~> ret main16 () ~> call main15 _356 ~> call send _356 ~> ret send () ~> ret main15 () ~> call main12 _7280 )
#Or
  T ==K ( call main16 _2 ~> call getUser () ~> ret getUser _45 ~> ret main16 () ~> call main15 _356 ~> call send _356 ~> ret send () ~> ret main15 () ~> call main14 _6669 )
#Or
  T ==K ( call main16 _2 ~> call getUser () ~> ret getUser _45 ~> ret main16 () ~> call main15 _356 ~> ret main15 () ~> call main1 _3049 )
#Or
  T ==K ( call main16 _2 ~> call getUser () ~> ret getUser _45 ~> ret main16 () ~> call main15 _356 ~> ret main15 () ~> call main12 _1933 )
#Or
  T ==K ( call main16 _2 ~> call getUser () ~> ret getUser _45 ~> ret main16 () ~> call main15 _356 ~> ret main15 () ~> call main14 _1737 )
#Or
  T ==K ( call main16 _2 ~> call getUser () ~> ret getUser _45 ~> ret main16 () ~> call main15 _1400 ~> call send _1400 ~> ret send () ~> ret main15 () ~> call main1 _23140 )
#Or
  T ==K ( call main16 _2 ~> call getUser () ~> ret getUser _45 ~> ret main16 () ~> call main15 _1400 ~> call send _1400 ~> ret send () ~> ret main15 () ~> call main12 _19333 )
#Or
  T ==K ( call main16 _2 ~> call getUser () ~> ret getUser _45 ~> ret main16 () ~> call main15 _1400 ~> call send _1400 ~> ret send () ~> ret main15 () ~> call main14 _18377 )
#Or
  T ==K ( call main16 _2 ~> call getUser () ~> ret getUser _45 ~> ret main16 () ~> call main15 _1400 ~> ret main15 () ~> call main1 _9851 )
#Or
  T ==K ( call main16 _2 ~> call getUser () ~> ret getUser _45 ~> ret main16 () ~> call main15 _1400 ~> ret main15 () ~> call main12 _6655 )
#Or
  T ==K ( call main16 _2 ~> call getUser () ~> ret getUser _45 ~> ret main16 () ~> call main15 _1400 ~> ret main15 () ~> call main14 _6100 )
#Or
  T ==K ( call main16 _2 ~> call getUser () ~> ret getUser _45 ~> ret main16 () ~> call main16 _226 ~> call getUser () ~> ret getUser _900 ~> ret main16 () ~> call main1 _4716 )
#Or
  T ==K ( call main16 _2 ~> call getUser () ~> ret getUser _45 ~> ret main16 () ~> call main16 _226 ~> call getUser () ~> ret getUser _900 ~> ret main16 () ~> call main1 _14541 )
#Or
  T ==K ( call main16 _2 ~> call getUser () ~> ret getUser _45 ~> ret main16 () ~> call main16 _226 ~> call getUser () ~> ret getUser _900 ~> ret main16 () ~> call main12 _3183 )
#Or
  T ==K ( call main16 _2 ~> call getUser () ~> ret getUser _45 ~> ret main16 () ~> call main16 _226 ~> call getUser () ~> ret getUser _900 ~> ret main16 () ~> call main12 _10319 )
#Or
  T ==K ( call main16 _2 ~> call getUser () ~> ret getUser _45 ~> ret main16 () ~> call main16 _226 ~> call getUser () ~> ret getUser _900 ~> ret main16 () ~> call main14 _2892 )
#Or
  T ==K ( call main16 _2 ~> call getUser () ~> ret getUser _45 ~> ret main16 () ~> call main16 _226 ~> call getUser () ~> ret getUser _900 ~> ret main16 () ~> call main14 _9416 )
#Or
  T ==K ( call main16 _2 ~> call getUser () ~> ret getUser _45 ~> ret main16 () ~> call main16 _226 ~> ret main16 () ~> call main1 _1929 )
#Or
  T ==K ( call main16 _2 ~> call getUser () ~> ret getUser _45 ~> ret main16 () ~> call main16 _226 ~> ret main16 () ~> call main12 _1186 )
#Or
  T ==K ( call main16 _2 ~> call getUser () ~> ret getUser _45 ~> ret main16 () ~> call main16 _226 ~> ret main16 () ~> call main14 _1038 )
#Or
  T ==K ( call main16 _2 ~> call getUser () ~> ret getUser _45 ~> ret main16 () ~> call main16 _799 ~> call getUser () ~> ret getUser _3753 ~> ret main16 () ~> call main1 _14526 )
#Or
  T ==K ( call main16 _2 ~> call getUser () ~> ret getUser _45 ~> ret main16 () ~> call main16 _799 ~> call getUser () ~> ret getUser _3753 ~> ret main16 () ~> call main1 _26375 )
#Or
  T ==K ( call main16 _2 ~> call getUser () ~> ret getUser _45 ~> ret main16 () ~> call main16 _799 ~> call getUser () ~> ret getUser _3753 ~> ret main16 () ~> call main12 _10307 )
#Or
  T ==K ( call main16 _2 ~> call getUser () ~> ret getUser _45 ~> ret main16 () ~> call main16 _799 ~> call getUser () ~> ret getUser _3753 ~> ret main16 () ~> call main12 _22687 )
#Or
  T ==K ( call main16 _2 ~> call getUser () ~> ret getUser _45 ~> ret main16 () ~> call main16 _799 ~> call getUser () ~> ret getUser _3753 ~> ret main16 () ~> call main14 _9402 )
#Or
  T ==K ( call main16 _2 ~> call getUser () ~> ret getUser _45 ~> ret main16 () ~> call main16 _799 ~> call getUser () ~> ret getUser _3753 ~> ret main16 () ~> call main14 _21874 )
#Or
  T ==K ( call main16 _2 ~> call getUser () ~> ret getUser _45 ~> ret main16 () ~> call main16 _799 ~> ret main16 () ~> call main1 _6651 )
#Or
  T ==K ( call main16 _2 ~> call getUser () ~> ret getUser _45 ~> ret main16 () ~> call main16 _799 ~> ret main16 () ~> call main12 _4495 )
#Or
  T ==K ( call main16 _2 ~> call getUser () ~> ret getUser _45 ~> ret main16 () ~> call main16 _799 ~> ret main16 () ~> call main14 _4095 )
#Or
  T ==K ( call main16 _2 ~> call getUser () ~> ret getUser _45 ~> ret main16 () ~> call main17 _526 ~> call send _526 ~> ret send () ~> ret main17 () ~> call main1 _15081 )
#Or
  T ==K ( call main16 _2 ~> call getUser () ~> ret getUser _45 ~> ret main16 () ~> call main17 _526 ~> call send _526 ~> ret send () ~> ret main17 () ~> call main12 _10850 )
#Or
  T ==K ( call main16 _2 ~> call getUser () ~> ret getUser _45 ~> ret main16 () ~> call main17 _526 ~> call send _526 ~> ret send () ~> ret main17 () ~> call main14 _9900 )
#Or
  T ==K ( call main16 _2 ~> call getUser () ~> ret getUser _45 ~> ret main16 () ~> call main17 _526 ~> ret main17 () ~> call main1 _4519 )
#Or
  T ==K ( call main16 _2 ~> call getUser () ~> ret getUser _45 ~> ret main16 () ~> call main17 _526 ~> ret main17 () ~> call main12 _3055 )
#Or
  T ==K ( call main16 _2 ~> call getUser () ~> ret getUser _45 ~> ret main16 () ~> call main17 _526 ~> ret main17 () ~> call main14 _2759 )
#Or
  T ==K ( call main16 _2 ~> call getUser () ~> ret getUser _45 ~> ret main16 () ~> call main17 _2235 ~> call send _2235 ~> ret send () ~> ret main17 () ~> call main1 _26790 )
#Or
  T ==K ( call main16 _2 ~> call getUser () ~> ret getUser _45 ~> ret main16 () ~> call main17 _2235 ~> call send _2235 ~> ret send () ~> ret main17 () ~> call main12 _23167 )
#Or
  T ==K ( call main16 _2 ~> call getUser () ~> ret getUser _45 ~> ret main16 () ~> call main17 _2235 ~> call send _2235 ~> ret send () ~> ret main17 () ~> call main14 _22313 )
#Or
  T ==K ( call main16 _2 ~> call getUser () ~> ret getUser _45 ~> ret main16 () ~> call main17 _2235 ~> ret main17 () ~> call main1 _14061 )
#Or
  T ==K ( call main16 _2 ~> call getUser () ~> ret getUser _45 ~> ret main16 () ~> call main17 _2235 ~> ret main17 () ~> call main12 _9857 )
#Or
  T ==K ( call main16 _2 ~> call getUser () ~> ret getUser _45 ~> ret main16 () ~> call main17 _2235 ~> ret main17 () ~> call main14 _8994 )
#Or
  T ==K ( call main16 _2 ~> call getUser () ~> ret getUser _45 ~> ret main16 () ~> call main20 _466 ~> ret main20 () ~> call main1 _3935 )
#Or
  T ==K ( call main16 _2 ~> call getUser () ~> ret getUser _45 ~> ret main16 () ~> call main20 _466 ~> ret main20 () ~> call main12 _2617 )
#Or
  T ==K ( call main16 _2 ~> call getUser () ~> ret getUser _45 ~> ret main16 () ~> call main20 _466 ~> ret main20 () ~> call main14 _2362 )
#Or
  T ==K ( call main16 _2 ~> call getUser () ~> ret getUser _45 ~> ret main16 () ~> call main20 _1927 ~> ret main20 () ~> call main1 _12668 )
#Or
  T ==K ( call main16 _2 ~> call getUser () ~> ret getUser _45 ~> ret main16 () ~> call main20 _1927 ~> ret main20 () ~> call main12 _8603 )
#Or
  T ==K ( call main16 _2 ~> call getUser () ~> ret getUser _45 ~> ret main16 () ~> call main20 _1927 ~> ret main20 () ~> call main14 _7915 )
#Or
  T ==K ( call main16 _2 ~> call getUser () ~> ret getUser _45 ~> ret main16 () ~> call main21 _300 ~> call _300 () ~> ret _300 () ~> call _300 () ~> ret _300 () ~> call _300 () ~> ret _300 () ~> call _300 () ~> ret _300 () ~> call f2 () ~> ret f2 () ~> ret main21 () ~> call main1 _42630 )
#Or
  T ==K ( call main16 _2 ~> call getUser () ~> ret getUser _45 ~> ret main16 () ~> call main21 _300 ~> call _300 () ~> ret _300 () ~> call _300 () ~> ret _300 () ~> call _300 () ~> ret _300 () ~> call _300 () ~> ret _300 () ~> call f2 () ~> ret f2 () ~> ret main21 () ~> call main12 _41178 )
#Or
  T ==K ( call main16 _2 ~> call getUser () ~> ret getUser _45 ~> ret main16 () ~> call main21 _300 ~> call _300 () ~> ret _300 () ~> call _300 () ~> ret _300 () ~> call _300 () ~> ret _300 () ~> call _300 () ~> ret _300 () ~> call f2 () ~> ret f2 () ~> ret main21 () ~> call main14 _40882 )
#Or
  T ==K ( call main16 _2 ~> call getUser () ~> ret getUser _45 ~> ret main16 () ~> call main21 _1108 ~> call _1108 () ~> ret _1108 () ~> call _1108 () ~> ret _1108 () ~> call _1108 () ~> ret _1108 () ~> call _1108 () ~> ret _1108 () ~> call f2 () ~> ret f2 () ~> ret main21 () ~> call main1 _47431 )
#Or
  T ==K ( call main16 _2 ~> call getUser () ~> ret getUser _45 ~> ret main16 () ~> call main21 _1108 ~> call _1108 () ~> ret _1108 () ~> call _1108 () ~> ret _1108 () ~> call _1108 () ~> ret _1108 () ~> call _1108 () ~> ret _1108 () ~> call f2 () ~> ret f2 () ~> ret main21 () ~> call main12 _45722 )
#Or
  T ==K ( call main16 _2 ~> call getUser () ~> ret getUser _45 ~> ret main16 () ~> call main21 _1108 ~> call _1108 () ~> ret _1108 () ~> call _1108 () ~> ret _1108 () ~> call _1108 () ~> ret _1108 () ~> call _1108 () ~> ret _1108 () ~> call f2 () ~> ret f2 () ~> ret main21 () ~> call main14 _45351 )
#Or
  T ==K ( call main16 _2 ~> ret main16 () ~> call main1 _145 )
#Or
  T ==K ( call main16 _2 ~> ret main16 () ~> call main3 _127 ~> call syscall _127 ~> ret syscall () ~> ret main3 () ~> call main1 _1661 )
#Or
  T ==K ( call main16 _2 ~> ret main16 () ~> call main3 _127 ~> call syscall _127 ~> ret syscall () ~> ret main3 () ~> call main12 _983 )
#Or
  T ==K ( call main16 _2 ~> ret main16 () ~> call main3 _127 ~> call syscall _127 ~> ret syscall () ~> ret main3 () ~> call main14 _856 )
#Or
  T ==K ( call main16 _2 ~> ret main16 () ~> call main10 _96 ~> call userExec _276 ~> ret userExec () ~> ret main10 () ~> call _276 () )
#Or
  T ==K ( call main16 _2 ~> ret main16 () ~> call main10 _96 ~> call userExec _276 ~> ret userExec () ~> ret main10 () ~> call main1 _1849 )
#Or
  T ==K ( call main16 _2 ~> ret main16 () ~> call main10 _96 ~> call userExec _276 ~> ret userExec () ~> ret main10 () ~> call main12 _1124 )
#Or
  T ==K ( call main16 _2 ~> ret main16 () ~> call main10 _96 ~> call userExec _276 ~> ret userExec () ~> ret main10 () ~> call main14 _979 )
#Or
  T ==K ( call main16 _2 ~> ret main16 () ~> call main11 _155 ~> ret main11 () ~> call main1 _2047 )
#Or
  T ==K ( call main16 _2 ~> ret main16 () ~> call main11 _155 ~> ret main11 () ~> call main12 _1271 )
#Or
  T ==K ( call main16 _2 ~> ret main16 () ~> call main11 _155 ~> ret main11 () ~> call main14 _1129 )
#Or
  T ==K ( call main16 _2 ~> ret main16 () ~> call main12 _75 )
#Or
  T ==K ( call main16 _2 ~> ret main16 () ~> call main14 _59 )
#Or
  T ==K ( call main16 _2 ~> ret main16 () ~> call main15 _119 ~> call send _119 ~> ret send () ~> ret main15 () ~> call main1 _4753 )
#Or
  T ==K ( call main16 _2 ~> ret main16 () ~> call main15 _119 ~> call send _119 ~> ret send () ~> ret main15 () ~> call main12 _3206 )
#Or
  T ==K ( call main16 _2 ~> ret main16 () ~> call main15 _119 ~> call send _119 ~> ret send () ~> ret main15 () ~> call main14 _2916 )
#Or
  T ==K ( call main16 _2 ~> ret main16 () ~> call main15 _119 ~> ret main15 () ~> call main1 _1126 )
#Or
  T ==K ( call main16 _2 ~> ret main16 () ~> call main15 _119 ~> ret main15 () ~> call main12 _668 )
#Or
  T ==K ( call main16 _2 ~> ret main16 () ~> call main15 _119 ~> ret main15 () ~> call main14 _611 )
#Or
  T ==K ( call main16 _2 ~> ret main16 () ~> call main16 _52 ~> call getUser () ~> ret getUser _370 ~> ret main16 () ~> call main1 _1938 )
#Or
  T ==K ( call main16 _2 ~> ret main16 () ~> call main16 _52 ~> call getUser () ~> ret getUser _370 ~> ret main16 () ~> call main1 _6684 )
#Or
  T ==K ( call main16 _2 ~> ret main16 () ~> call main16 _52 ~> call getUser () ~> ret getUser _370 ~> ret main16 () ~> call main12 _1193 )
#Or
  T ==K ( call main16 _2 ~> ret main16 () ~> call main16 _52 ~> call getUser () ~> ret getUser _370 ~> ret main16 () ~> call main12 _4520 )
#Or
  T ==K ( call main16 _2 ~> ret main16 () ~> call main16 _52 ~> call getUser () ~> ret getUser _370 ~> ret main16 () ~> call main14 _1046 )
#Or
  T ==K ( call main16 _2 ~> ret main16 () ~> call main16 _52 ~> call getUser () ~> ret getUser _370 ~> ret main16 () ~> call main14 _4115 )
#Or
  T ==K ( call main16 _2 ~> ret main16 () ~> call main16 _52 ~> ret main16 () ~> call main1 _664 )
#Or
  T ==K ( call main16 _2 ~> ret main16 () ~> call main16 _52 ~> ret main16 () ~> call main12 _449 )
#Or
  T ==K ( call main16 _2 ~> ret main16 () ~> call main16 _52 ~> ret main16 () ~> call main14 _409 )
#Or
  T ==K ( call main16 _2 ~> ret main16 () ~> call main17 _212 ~> call send _212 ~> ret send () ~> ret main17 () ~> call main1 _7031 )
#Or
  T ==K ( call main16 _2 ~> ret main16 () ~> call main17 _212 ~> call send _212 ~> ret send () ~> ret main17 () ~> call main12 _4779 )
#Or
  T ==K ( call main16 _2 ~> ret main16 () ~> call main17 _212 ~> call send _212 ~> ret send () ~> ret main17 () ~> call main14 _4351 )
#Or
  T ==K ( call main16 _2 ~> ret main16 () ~> call main17 _212 ~> ret main17 () ~> call main1 _1857 )
#Or
  T ==K ( call main16 _2 ~> ret main16 () ~> call main17 _212 ~> ret main17 () ~> call main12 _1132 )
#Or
  T ==K ( call main16 _2 ~> ret main16 () ~> call main17 _212 ~> ret main17 () ~> call main14 _988 )
#Or
  T ==K ( call main16 _2 ~> ret main16 () ~> call main20 _175 ~> ret main20 () ~> call main1 _1575 )
#Or
  T ==K ( call main16 _2 ~> ret main16 () ~> call main20 _175 ~> ret main20 () ~> call main12 _919 )
#Or
  T ==K ( call main16 _2 ~> ret main16 () ~> call main20 _175 ~> ret main20 () ~> call main14 _812 )
#Or
  T ==K ( call main16 _2 ~> ret main16 () ~> call main21 _89 ~> call _89 () ~> ret _89 () ~> call _89 () ~> ret _89 () ~> call _89 () ~> ret _89 () ~> call _89 () ~> ret _89 () ~> call f2 () ~> ret f2 () ~> ret main21 () ~> call main1 _39645 )
#Or
  T ==K ( call main16 _2 ~> ret main16 () ~> call main21 _89 ~> call _89 () ~> ret _89 () ~> call _89 () ~> ret _89 () ~> call _89 () ~> ret _89 () ~> call _89 () ~> ret _89 () ~> call f2 () ~> ret f2 () ~> ret main21 () ~> call main12 _38319 )
#Or
  T ==K ( call main16 _2 ~> ret main16 () ~> call main21 _89 ~> call _89 () ~> ret _89 () ~> call _89 () ~> ret _89 () ~> call _89 () ~> ret _89 () ~> call _89 () ~> ret _89 () ~> call f2 () ~> ret f2 () ~> ret main21 () ~> call main14 _38023 )
#Or
  T ==K ( call main17 _24 ~> call send _24 ~> ret send () ~> ret main17 () ~> call main1 _1816 )
#Or
  T ==K ( call main17 _24 ~> call send _24 ~> ret send () ~> ret main17 () ~> call main3 _1632 ~> call syscall _1632 ~> ret syscall () ~> ret main3 () ~> call main1 _13984 )
#Or
  T ==K ( call main17 _24 ~> call send _24 ~> ret send () ~> ret main17 () ~> call main3 _1632 ~> call syscall _1632 ~> ret syscall () ~> ret main3 () ~> call main12 _9786 )
#Or
  T ==K ( call main17 _24 ~> call send _24 ~> ret send () ~> ret main17 () ~> call main3 _1632 ~> call syscall _1632 ~> ret syscall () ~> ret main3 () ~> call main14 _8936 )
#Or
  T ==K ( call main17 _24 ~> call send _24 ~> ret send () ~> ret main17 () ~> call main10 _1318 ~> call userExec _3020 ~> ret userExec () ~> ret main10 () ~> call _3020 () )
#Or
  T ==K ( call main17 _24 ~> call send _24 ~> ret send () ~> ret main17 () ~> call main10 _1318 ~> call userExec _3020 ~> ret userExec () ~> ret main10 () ~> call main1 _15446 )
#Or
  T ==K ( call main17 _24 ~> call send _24 ~> ret send () ~> ret main17 () ~> call main10 _1318 ~> call userExec _3020 ~> ret userExec () ~> ret main10 () ~> call main12 _10723 )
#Or
  T ==K ( call main17 _24 ~> call send _24 ~> ret send () ~> ret main17 () ~> call main10 _1318 ~> call userExec _3020 ~> ret userExec () ~> ret main10 () ~> call main14 _9782 )
#Or
  T ==K ( call main17 _24 ~> call send _24 ~> ret send () ~> ret main17 () ~> call main11 _1916 ~> ret main11 () ~> call main1 _15953 )
#Or
  T ==K ( call main17 _24 ~> call send _24 ~> ret send () ~> ret main17 () ~> call main11 _1916 ~> ret main11 () ~> call main12 _11691 )
#Or
  T ==K ( call main17 _24 ~> call send _24 ~> ret send () ~> ret main17 () ~> call main11 _1916 ~> ret main11 () ~> call main14 _10728 )
#Or
  T ==K ( call main17 _24 ~> call send _24 ~> ret send () ~> ret main17 () ~> call main12 _1099 )
#Or
  T ==K ( call main17 _24 ~> call send _24 ~> ret send () ~> ret main17 () ~> call main14 _956 )
#Or
  T ==K ( call main17 _24 ~> call send _24 ~> ret send () ~> ret main17 () ~> call main15 _1545 ~> call send _1545 ~> ret send () ~> ret main15 () ~> call main1 _23946 )
#Or
  T ==K ( call main17 _24 ~> call send _24 ~> ret send () ~> ret main17 () ~> call main15 _1545 ~> call send _1545 ~> ret send () ~> ret main15 () ~> call main12 _20199 )
#Or
  T ==K ( call main17 _24 ~> call send _24 ~> ret send () ~> ret main17 () ~> call main15 _1545 ~> call send _1545 ~> ret send () ~> ret main15 () ~> call main14 _19249 )
#Or
  T ==K ( call main17 _24 ~> call send _24 ~> ret send () ~> ret main17 () ~> call main15 _1545 ~> ret main15 () ~> call main1 _10725 )
#Or
  T ==K ( call main17 _24 ~> call send _24 ~> ret send () ~> ret main17 () ~> call main15 _1545 ~> ret main15 () ~> call main12 _7226 )
#Or
  T ==K ( call main17 _24 ~> call send _24 ~> ret send () ~> ret main17 () ~> call main15 _1545 ~> ret main15 () ~> call main14 _6622 )
#Or
  T ==K ( call main17 _24 ~> call send _24 ~> ret send () ~> ret main17 () ~> call main16 _892 ~> call getUser () ~> ret getUser _4073 ~> ret main16 () ~> call main1 _15438 )
#Or
  T ==K ( call main17 _24 ~> call send _24 ~> ret send () ~> ret main17 () ~> call main16 _892 ~> call getUser () ~> ret getUser _4073 ~> ret main16 () ~> call main1 _27027 )
#Or
  T ==K ( call main17 _24 ~> call send _24 ~> ret send () ~> ret main17 () ~> call main16 _892 ~> call getUser () ~> ret getUser _4073 ~> ret main16 () ~> call main12 _11202 )
#Or
  T ==K ( call main17 _24 ~> call send _24 ~> ret send () ~> ret main17 () ~> call main16 _892 ~> call getUser () ~> ret getUser _4073 ~> ret main16 () ~> call main12 _23468 )
#Or
  T ==K ( call main17 _24 ~> call send _24 ~> ret send () ~> ret main17 () ~> call main16 _892 ~> call getUser () ~> ret getUser _4073 ~> ret main16 () ~> call main14 _10237 )
#Or
  T ==K ( call main17 _24 ~> call send _24 ~> ret send () ~> ret main17 () ~> call main16 _892 ~> call getUser () ~> ret getUser _4073 ~> ret main16 () ~> call main14 _22605 )
#Or
  T ==K ( call main17 _24 ~> call send _24 ~> ret send () ~> ret main17 () ~> call main16 _892 ~> ret main16 () ~> call main1 _7222 )
#Or
  T ==K ( call main17 _24 ~> call send _24 ~> ret send () ~> ret main17 () ~> call main16 _892 ~> ret main16 () ~> call main12 _4899 )
#Or
  T ==K ( call main17 _24 ~> call send _24 ~> ret send () ~> ret main17 () ~> call main16 _892 ~> ret main16 () ~> call main14 _4467 )
#Or
  T ==K ( call main17 _24 ~> call send _24 ~> ret send () ~> ret main17 () ~> call main17 _2456 ~> call send _2456 ~> ret send () ~> ret main17 () ~> call main1 _27450 )
#Or
  T ==K ( call main17 _24 ~> call send _24 ~> ret send () ~> ret main17 () ~> call main17 _2456 ~> call send _2456 ~> ret send () ~> ret main17 () ~> call main12 _23972 )
#Or
  T ==K ( call main17 _24 ~> call send _24 ~> ret send () ~> ret main17 () ~> call main17 _2456 ~> call send _2456 ~> ret send () ~> ret main17 () ~> call main14 _23073 )
#Or
  T ==K ( call main17 _24 ~> call send _24 ~> ret send () ~> ret main17 () ~> call main17 _2456 ~> ret main17 () ~> call main1 _14947 )
#Or
  T ==K ( call main17 _24 ~> call send _24 ~> ret send () ~> ret main17 () ~> call main17 _2456 ~> ret main17 () ~> call main12 _10731 )
#Or
  T ==K ( call main17 _24 ~> call send _24 ~> ret send () ~> ret main17 () ~> call main17 _2456 ~> ret main17 () ~> call main14 _9791 )
#Or
  T ==K ( call main17 _24 ~> call send _24 ~> ret send () ~> ret main17 () ~> call main20 _2111 ~> ret main20 () ~> call main1 _13508 )
#Or
  T ==K ( call main17 _24 ~> call send _24 ~> ret send () ~> ret main17 () ~> call main20 _2111 ~> ret main20 () ~> call main12 _9353 )
#Or
  T ==K ( call main17 _24 ~> call send _24 ~> ret send () ~> ret main17 () ~> call main20 _2111 ~> ret main20 () ~> call main14 _8553 )
#Or
  T ==K ( call main17 _24 ~> call send _24 ~> ret send () ~> ret main17 () ~> call main21 _1246 ~> call _1246 () ~> ret _1246 () ~> call _1246 () ~> ret _1246 () ~> call _1246 () ~> ret _1246 () ~> call _1246 () ~> ret _1246 () ~> call f2 () ~> ret f2 () ~> ret main21 () ~> call main1 _47775 )
#Or
  T ==K ( call main17 _24 ~> call send _24 ~> ret send () ~> ret main17 () ~> call main21 _1246 ~> call _1246 () ~> ret _1246 () ~> call _1246 () ~> ret _1246 () ~> call _1246 () ~> ret _1246 () ~> call _1246 () ~> ret _1246 () ~> call f2 () ~> ret f2 () ~> ret main21 () ~> call main12 _46083 )
#Or
  T ==K ( call main17 _24 ~> call send _24 ~> ret send () ~> ret main17 () ~> call main21 _1246 ~> call _1246 () ~> ret _1246 () ~> call _1246 () ~> ret _1246 () ~> call _1246 () ~> ret _1246 () ~> call _1246 () ~> ret _1246 () ~> call f2 () ~> ret f2 () ~> ret main21 () ~> call main14 _45699 )
#Or
  T ==K ( call main17 _24 ~> ret main17 () ~> call main1 _405 )
#Or
  T ==K ( call main17 _24 ~> ret main17 () ~> call main3 _367 ~> call syscall _367 ~> ret syscall () ~> ret main3 () ~> call main1 _4088 )
#Or
  T ==K ( call main17 _24 ~> ret main17 () ~> call main3 _367 ~> call syscall _367 ~> ret syscall () ~> ret main3 () ~> call main12 _2734 )
#Or
  T ==K ( call main17 _24 ~> ret main17 () ~> call main3 _367 ~> call syscall _367 ~> ret syscall () ~> ret main3 () ~> call main14 _2466 )
#Or
  T ==K ( call main17 _24 ~> ret main17 () ~> call main10 _311 ~> call userExec _630 ~> ret userExec () ~> ret main10 () ~> call _630 () )
#Or
  T ==K ( call main17 _24 ~> ret main17 () ~> call main10 _311 ~> call userExec _630 ~> ret userExec () ~> ret main10 () ~> call main1 _4483 )
#Or
  T ==K ( call main17 _24 ~> ret main17 () ~> call main10 _311 ~> call userExec _630 ~> ret userExec () ~> ret main10 () ~> call main12 _3028 )
#Or
  T ==K ( call main17 _24 ~> ret main17 () ~> call main10 _311 ~> call userExec _630 ~> ret userExec () ~> ret main10 () ~> call main14 _2730 )
#Or
  T ==K ( call main17 _24 ~> ret main17 () ~> call main11 _422 ~> ret main11 () ~> call main1 _4920 )
#Or
  T ==K ( call main17 _24 ~> ret main17 () ~> call main11 _422 ~> ret main11 () ~> call main12 _3320 )
#Or
  T ==K ( call main17 _24 ~> ret main17 () ~> call main11 _422 ~> ret main11 () ~> call main14 _3033 )
#Or
  T ==K ( call main17 _24 ~> ret main17 () ~> call main12 _272 )
#Or
  T ==K ( call main17 _24 ~> ret main17 () ~> call main14 _240 )
#Or
  T ==K ( call main17 _24 ~> ret main17 () ~> call main15 _353 ~> call send _353 ~> ret send () ~> ret main15 () ~> call main1 _10754 )
#Or
  T ==K ( call main17 _24 ~> ret main17 () ~> call main15 _353 ~> call send _353 ~> ret send () ~> ret main15 () ~> call main12 _7241 )
#Or
  T ==K ( call main17 _24 ~> ret main17 () ~> call main15 _353 ~> call send _353 ~> ret send () ~> ret main15 () ~> call main14 _6635 )
#Or
  T ==K ( call main17 _24 ~> ret main17 () ~> call main15 _353 ~> ret main15 () ~> call main1 _3030 )
#Or
  T ==K ( call main17 _24 ~> ret main17 () ~> call main15 _353 ~> ret main15 () ~> call main12 _1922 )
#Or
  T ==K ( call main17 _24 ~> ret main17 () ~> call main15 _353 ~> ret main15 () ~> call main14 _1726 )
#Or
  T ==K ( call main17 _24 ~> ret main17 () ~> call main16 _223 ~> call getUser () ~> ret getUser _893 ~> ret main16 () ~> call main1 _4692 )
#Or
  T ==K ( call main17 _24 ~> ret main17 () ~> call main16 _223 ~> call getUser () ~> ret getUser _893 ~> ret main16 () ~> call main1 _14469 )
#Or
  T ==K ( call main17 _24 ~> ret main17 () ~> call main16 _223 ~> call getUser () ~> ret getUser _893 ~> ret main16 () ~> call main12 _3167 )
#Or
  T ==K ( call main17 _24 ~> ret main17 () ~> call main16 _223 ~> call getUser () ~> ret getUser _893 ~> ret main16 () ~> call main12 _10251 )
#Or
  T ==K ( call main17 _24 ~> ret main17 () ~> call main16 _223 ~> call getUser () ~> ret getUser _893 ~> ret main16 () ~> call main14 _2873 )
#Or
  T ==K ( call main17 _24 ~> ret main17 () ~> call main16 _223 ~> call getUser () ~> ret getUser _893 ~> ret main16 () ~> call main14 _9356 )
#Or
  T ==K ( call main17 _24 ~> ret main17 () ~> call main16 _223 ~> ret main16 () ~> call main1 _1918 )
#Or
  T ==K ( call main17 _24 ~> ret main17 () ~> call main16 _223 ~> ret main16 () ~> call main12 _1177 )
#Or
  T ==K ( call main17 _24 ~> ret main17 () ~> call main16 _223 ~> ret main16 () ~> call main14 _1030 )
#Or
  T ==K ( call main17 _24 ~> ret main17 () ~> call main17 _524 ~> call send _524 ~> ret send () ~> ret main17 () ~> call main1 _14999 )
#Or
  T ==K ( call main17 _24 ~> ret main17 () ~> call main17 _524 ~> call send _524 ~> ret send () ~> ret main17 () ~> call main12 _10780 )
#Or
  T ==K ( call main17 _24 ~> ret main17 () ~> call main17 _524 ~> call send _524 ~> ret send () ~> ret main17 () ~> call main14 _9834 )
#Or
  T ==K ( call main17 _24 ~> ret main17 () ~> call main17 _524 ~> ret main17 () ~> call main1 _4491 )
#Or
  T ==K ( call main17 _24 ~> ret main17 () ~> call main17 _524 ~> ret main17 () ~> call main12 _3036 )
#Or
  T ==K ( call main17 _24 ~> ret main17 () ~> call main17 _524 ~> ret main17 () ~> call main14 _2739 )
#Or
  T ==K ( call main17 _24 ~> ret main17 () ~> call main20 _464 ~> ret main20 () ~> call main1 _3911 )
#Or
  T ==K ( call main17 _24 ~> ret main17 () ~> call main20 _464 ~> ret main20 () ~> call main12 _2598 )
#Or
  T ==K ( call main17 _24 ~> ret main17 () ~> call main20 _464 ~> ret main20 () ~> call main14 _2348 )
#Or
  T ==K ( call main17 _24 ~> ret main17 () ~> call main21 _298 ~> call _298 () ~> ret _298 () ~> call _298 () ~> ret _298 () ~> call _298 () ~> ret _298 () ~> call _298 () ~> ret _298 () ~> call f2 () ~> ret f2 () ~> ret main21 () ~> call main1 _42606 )
#Or
  T ==K ( call main17 _24 ~> ret main17 () ~> call main21 _298 ~> call _298 () ~> ret _298 () ~> call _298 () ~> ret _298 () ~> call _298 () ~> ret _298 () ~> call _298 () ~> ret _298 () ~> call f2 () ~> ret f2 () ~> ret main21 () ~> call main12 _41153 )
#Or
  T ==K ( call main17 _24 ~> ret main17 () ~> call main21 _298 ~> call _298 () ~> ret _298 () ~> call _298 () ~> ret _298 () ~> call _298 () ~> ret _298 () ~> call _298 () ~> ret _298 () ~> call f2 () ~> ret f2 () ~> ret main21 () ~> call main14 _40857 )
#Or
  T ==K ( call main20 _19 ~> ret main20 () ~> call main1 _350 )
#Or
  T ==K ( call main20 _19 ~> ret main20 () ~> call main3 _322 ~> call syscall _322 ~> ret syscall () ~> ret main3 () ~> call main1 _3588 )
#Or
  T ==K ( call main20 _19 ~> ret main20 () ~> call main3 _322 ~> call syscall _322 ~> ret syscall () ~> ret main3 () ~> call main12 _2331 )
#Or
  T ==K ( call main20 _19 ~> ret main20 () ~> call main3 _322 ~> call syscall _322 ~> ret syscall () ~> ret main3 () ~> call main14 _2107 )
#Or
  T ==K ( call main20 _19 ~> ret main20 () ~> call main10 _270 ~> call userExec _545 ~> ret userExec () ~> ret main10 () ~> call _545 () )
#Or
  T ==K ( call main20 _19 ~> ret main20 () ~> call main10 _270 ~> call userExec _545 ~> ret userExec () ~> ret main10 () ~> call main1 _4066 )
#Or
  T ==K ( call main20 _19 ~> ret main20 () ~> call main10 _270 ~> call userExec _545 ~> ret userExec () ~> ret main10 () ~> call main12 _2574 )
#Or
  T ==K ( call main20 _19 ~> ret main20 () ~> call main10 _270 ~> call userExec _545 ~> ret userExec () ~> ret main10 () ~> call main14 _2327 )
#Or
  T ==K ( call main20 _19 ~> ret main20 () ~> call main11 _365 ~> ret main11 () ~> call main1 _4254 )
#Or
  T ==K ( call main20 _19 ~> ret main20 () ~> call main11 _365 ~> ret main11 () ~> call main12 _2865 )
#Or
  T ==K ( call main20 _19 ~> ret main20 () ~> call main11 _365 ~> ret main11 () ~> call main14 _2579 )
#Or
  T ==K ( call main20 _19 ~> ret main20 () ~> call main12 _221 )
#Or
  T ==K ( call main20 _19 ~> ret main20 () ~> call main14 _193 )
#Or
  T ==K ( call main20 _19 ~> ret main20 () ~> call main15 _309 ~> call send _309 ~> ret send () ~> ret main15 () ~> call main1 _9306 )
#Or
  T ==K ( call main20 _19 ~> ret main20 () ~> call main15 _309 ~> call send _309 ~> ret send () ~> ret main15 () ~> call main12 _6315 )
#Or
  T ==K ( call main20 _19 ~> ret main20 () ~> call main15 _309 ~> call send _309 ~> ret send () ~> ret main15 () ~> call main14 _5801 )
#Or
  T ==K ( call main20 _19 ~> ret main20 () ~> call main15 _309 ~> ret main15 () ~> call main1 _2576 )
#Or
  T ==K ( call main20 _19 ~> ret main20 () ~> call main15 _309 ~> ret main15 () ~> call main12 _1628 )
#Or
  T ==K ( call main20 _19 ~> ret main20 () ~> call main15 _309 ~> ret main15 () ~> call main14 _1464 )
#Or
  T ==K ( call main20 _19 ~> ret main20 () ~> call main16 _182 ~> call getUser () ~> ret getUser _749 ~> ret main16 () ~> call main1 _4058 )
#Or
  T ==K ( call main20 _19 ~> ret main20 () ~> call main16 _182 ~> call getUser () ~> ret getUser _749 ~> ret main16 () ~> call main1 _12984 )
#Or
  T ==K ( call main20 _19 ~> ret main20 () ~> call main16 _182 ~> call getUser () ~> ret getUser _749 ~> ret main16 () ~> call main12 _2710 )
#Or
  T ==K ( call main20 _19 ~> ret main20 () ~> call main16 _182 ~> call getUser () ~> ret getUser _749 ~> ret main16 () ~> call main12 _8872 )
#Or
  T ==K ( call main20 _19 ~> ret main20 () ~> call main16 _182 ~> call getUser () ~> ret getUser _749 ~> ret main16 () ~> call main14 _2441 )
#Or
  T ==K ( call main20 _19 ~> ret main20 () ~> call main16 _182 ~> call getUser () ~> ret getUser _749 ~> ret main16 () ~> call main14 _8153 )
#Or
  T ==K ( call main20 _19 ~> ret main20 () ~> call main16 _182 ~> ret main16 () ~> call main1 _1624 )
#Or
  T ==K ( call main20 _19 ~> ret main20 () ~> call main16 _182 ~> ret main16 () ~> call main12 _950 )
#Or
  T ==K ( call main20 _19 ~> ret main20 () ~> call main16 _182 ~> ret main16 () ~> call main14 _835 )
#Or
  T ==K ( call main20 _19 ~> ret main20 () ~> call main17 _463 ~> call send _463 ~> ret send () ~> ret main17 () ~> call main1 _13488 )
#Or
  T ==K ( call main20 _19 ~> ret main20 () ~> call main17 _463 ~> call send _463 ~> ret send () ~> ret main17 () ~> call main12 _9332 )
#Or
  T ==K ( call main20 _19 ~> ret main20 () ~> call main17 _463 ~> call send _463 ~> ret send () ~> ret main17 () ~> call main14 _8537 )
#Or
  T ==K ( call main20 _19 ~> ret main20 () ~> call main17 _463 ~> ret main17 () ~> call main1 _3896 )
#Or
  T ==K ( call main20 _19 ~> ret main20 () ~> call main17 _463 ~> ret main17 () ~> call main12 _2582 )
#Or
  T ==K ( call main20 _19 ~> ret main20 () ~> call main17 _463 ~> ret main17 () ~> call main14 _2336 )
#Or
  T ==K ( call main20 _19 ~> ret main20 () ~> call main20 _403 ~> ret main20 () ~> call main1 _3447 )
#Or
  T ==K ( call main20 _19 ~> ret main20 () ~> call main20 _403 ~> ret main20 () ~> call main12 _2218 )
#Or
  T ==K ( call main20 _19 ~> ret main20 () ~> call main20 _403 ~> ret main20 () ~> call main14 _2008 )
#Or
  T ==K ( call main20 _19 ~> ret main20 () ~> call main21 _254 ~> call _254 () ~> ret _254 () ~> call _254 () ~> ret _254 () ~> call _254 () ~> ret _254 () ~> call _254 () ~> ret _254 () ~> call f2 () ~> ret f2 () ~> ret main21 () ~> call main1 _42087 )
#Or
  T ==K ( call main20 _19 ~> ret main20 () ~> call main21 _254 ~> call _254 () ~> ret _254 () ~> call _254 () ~> ret _254 () ~> call _254 () ~> ret _254 () ~> call _254 () ~> ret _254 () ~> call f2 () ~> ret f2 () ~> ret main21 () ~> call main12 _40674 )
#Or
  T ==K ( call main20 _19 ~> ret main20 () ~> call main21 _254 ~> call _254 () ~> ret _254 () ~> call _254 () ~> ret _254 () ~> call _254 () ~> ret _254 () ~> call _254 () ~> ret _254 () ~> call f2 () ~> ret f2 () ~> ret main21 () ~> call main14 _40347 )
#Or
  T ==K ( call main21 _7 ~> call _7 () ~> ret _7 () ~> call _7 () ~> ret _7 () ~> call _7 () ~> ret _7 () ~> call _7 () ~> ret _7 () ~> call f2 () ~> ret f2 () ~> ret main21 () ~> call main1 _34225 )
#Or
  T ==K ( call main21 _7 ~> call _7 () ~> ret _7 () ~> call _7 () ~> ret _7 () ~> call _7 () ~> ret _7 () ~> call _7 () ~> ret _7 () ~> call f2 () ~> ret f2 () ~> ret main21 () ~> call main3 _33744 ~> call syscall _33744 ~> ret syscall () ~> ret main3 () ~> call main1 _42178 )
#Or
  T ==K ( call main21 _7 ~> call _7 () ~> ret _7 () ~> call _7 () ~> ret _7 () ~> call _7 () ~> ret _7 () ~> call _7 () ~> ret _7 () ~> call f2 () ~> ret f2 () ~> ret main21 () ~> call main3 _33744 ~> call syscall _33744 ~> ret syscall () ~> ret main3 () ~> call main12 _40762 )
#Or
  T ==K ( call main21 _7 ~> call _7 () ~> ret _7 () ~> call _7 () ~> ret _7 () ~> call _7 () ~> ret _7 () ~> call _7 () ~> ret _7 () ~> call f2 () ~> ret f2 () ~> ret main21 () ~> call main3 _33744 ~> call syscall _33744 ~> ret syscall () ~> ret main3 () ~> call main14 _40442 )
#Or
  T ==K ( call main21 _7 ~> call _7 () ~> ret _7 () ~> call _7 () ~> ret _7 () ~> call _7 () ~> ret _7 () ~> call _7 () ~> ret _7 () ~> call f2 () ~> ret f2 () ~> ret main21 () ~> call main10 _32666 ~> call userExec _36426 ~> ret userExec () ~> ret main10 () ~> call _36426 () )
#Or
  T ==K ( call main21 _7 ~> call _7 () ~> ret _7 () ~> call _7 () ~> ret _7 () ~> call _7 () ~> ret _7 () ~> call _7 () ~> ret _7 () ~> call f2 () ~> ret f2 () ~> ret main21 () ~> call main10 _32666 ~> call userExec _36426 ~> ret userExec () ~> ret main10 () ~> call main1 _42502 )
#Or
  T ==K ( call main21 _7 ~> call _7 () ~> ret _7 () ~> call _7 () ~> ret _7 () ~> call _7 () ~> ret _7 () ~> call _7 () ~> ret _7 () ~> call f2 () ~> ret f2 () ~> ret main21 () ~> call main10 _32666 ~> call userExec _36426 ~> ret userExec () ~> ret main10 () ~> call main12 _41057 )
#Or
  T ==K ( call main21 _7 ~> call _7 () ~> ret _7 () ~> call _7 () ~> ret _7 () ~> call _7 () ~> ret _7 () ~> call _7 () ~> ret _7 () ~> call f2 () ~> ret f2 () ~> ret main21 () ~> call main10 _32666 ~> call userExec _36426 ~> ret userExec () ~> ret main10 () ~> call main14 _40758 )
#Or
  T ==K ( call main21 _7 ~> call _7 () ~> ret _7 () ~> call _7 () ~> ret _7 () ~> call _7 () ~> ret _7 () ~> call _7 () ~> ret _7 () ~> call f2 () ~> ret f2 () ~> ret main21 () ~> call main11 _34456 ~> ret main11 () ~> call main1 _42830 )
#Or
  T ==K ( call main21 _7 ~> call _7 () ~> ret _7 () ~> call _7 () ~> ret _7 () ~> call _7 () ~> ret _7 () ~> call _7 () ~> ret _7 () ~> call f2 () ~> ret f2 () ~> ret main21 () ~> call main11 _34456 ~> ret main11 () ~> call main12 _41357 )
#Or
  T ==K ( call main21 _7 ~> call _7 () ~> ret _7 () ~> call _7 () ~> ret _7 () ~> call _7 () ~> ret _7 () ~> call _7 () ~> ret _7 () ~> call f2 () ~> ret f2 () ~> ret main21 () ~> call main11 _34456 ~> ret main11 () ~> call main14 _41062 )
#Or
  T ==K ( call main21 _7 ~> call _7 () ~> ret _7 () ~> call _7 () ~> ret _7 () ~> call _7 () ~> ret _7 () ~> call _7 () ~> ret _7 () ~> call f2 () ~> ret f2 () ~> ret main21 () ~> call main12 _31902 )
#Or
  T ==K ( call main21 _7 ~> call _7 () ~> ret _7 () ~> call _7 () ~> ret _7 () ~> call _7 () ~> ret _7 () ~> call _7 () ~> ret _7 () ~> call f2 () ~> ret f2 () ~> ret main21 () ~> call main14 _31404 )
#Or
  T ==K ( call main21 _7 ~> call _7 () ~> ret _7 () ~> call _7 () ~> ret _7 () ~> call _7 () ~> ret _7 () ~> call _7 () ~> ret _7 () ~> call f2 () ~> ret f2 () ~> ret main21 () ~> call main15 _33483 ~> call send _33483 ~> ret send () ~> ret main15 () ~> call main1 _45967 )
#Or
  T ==K ( call main21 _7 ~> call _7 () ~> ret _7 () ~> call _7 () ~> ret _7 () ~> call _7 () ~> ret _7 () ~> call _7 () ~> ret _7 () ~> call f2 () ~> ret f2 () ~> ret main21 () ~> call main15 _33483 ~> call send _33483 ~> ret send () ~> ret main15 () ~> call main12 _44346 )
#Or
  T ==K ( call main21 _7 ~> call _7 () ~> ret _7 () ~> call _7 () ~> ret _7 () ~> call _7 () ~> ret _7 () ~> call _7 () ~> ret _7 () ~> call f2 () ~> ret f2 () ~> ret main21 () ~> call main15 _33483 ~> call send _33483 ~> ret send () ~> ret main15 () ~> call main14 _44017 )
#Or
  T ==K ( call main21 _7 ~> call _7 () ~> ret _7 () ~> call _7 () ~> ret _7 () ~> call _7 () ~> ret _7 () ~> call _7 () ~> ret _7 () ~> call f2 () ~> ret f2 () ~> ret main21 () ~> call main15 _33483 ~> ret main15 () ~> call main1 _41059 )
#Or
  T ==K ( call main21 _7 ~> call _7 () ~> ret _7 () ~> call _7 () ~> ret _7 () ~> call _7 () ~> ret _7 () ~> call _7 () ~> ret _7 () ~> call f2 () ~> ret f2 () ~> ret main21 () ~> call main15 _33483 ~> ret main15 () ~> call main12 _39661 )
#Or
  T ==K ( call main21 _7 ~> call _7 () ~> ret _7 () ~> call _7 () ~> ret _7 () ~> call _7 () ~> ret _7 () ~> call _7 () ~> ret _7 () ~> call f2 () ~> ret f2 () ~> ret main21 () ~> call main15 _33483 ~> ret main15 () ~> call main14 _39387 )
#Or
  T ==K ( call main21 _7 ~> call _7 () ~> ret _7 () ~> call _7 () ~> ret _7 () ~> call _7 () ~> ret _7 () ~> call _7 () ~> ret _7 () ~> call f2 () ~> ret f2 () ~> ret main21 () ~> call main16 _31130 ~> call getUser () ~> ret getUser _37707 ~> ret main16 () ~> call main1 _42655 )
#Or
  T ==K ( call main21 _7 ~> call _7 () ~> ret _7 () ~> call _7 () ~> ret _7 () ~> call _7 () ~> ret _7 () ~> call _7 () ~> ret _7 () ~> call f2 () ~> ret f2 () ~> ret main21 () ~> call main16 _31130 ~> call getUser () ~> ret getUser _37707 ~> ret main16 () ~> call main1 _47457 )
#Or
  T ==K ( call main21 _7 ~> call _7 () ~> ret _7 () ~> call _7 () ~> ret _7 () ~> call _7 () ~> ret _7 () ~> call _7 () ~> ret _7 () ~> call f2 () ~> ret f2 () ~> ret main21 () ~> call main16 _31130 ~> call getUser () ~> ret getUser _37707 ~> ret main16 () ~> call main12 _41199 )
#Or
  T ==K ( call main21 _7 ~> call _7 () ~> ret _7 () ~> call _7 () ~> ret _7 () ~> call _7 () ~> ret _7 () ~> call _7 () ~> ret _7 () ~> call f2 () ~> ret f2 () ~> ret main21 () ~> call main16 _31130 ~> call getUser () ~> ret getUser _37707 ~> ret main16 () ~> call main12 _45754 )
#Or
  T ==K ( call main21 _7 ~> call _7 () ~> ret _7 () ~> call _7 () ~> ret _7 () ~> call _7 () ~> ret _7 () ~> call _7 () ~> ret _7 () ~> call f2 () ~> ret f2 () ~> ret main21 () ~> call main16 _31130 ~> call getUser () ~> ret getUser _37707 ~> ret main16 () ~> call main14 _40903 )
#Or
  T ==K ( call main21 _7 ~> call _7 () ~> ret _7 () ~> call _7 () ~> ret _7 () ~> call _7 () ~> ret _7 () ~> call _7 () ~> ret _7 () ~> call f2 () ~> ret f2 () ~> ret main21 () ~> call main16 _31130 ~> call getUser () ~> ret getUser _37707 ~> ret main16 () ~> call main14 _45381 )
#Or
  T ==K ( call main21 _7 ~> call _7 () ~> ret _7 () ~> call _7 () ~> ret _7 () ~> call _7 () ~> ret _7 () ~> call _7 () ~> ret _7 () ~> call f2 () ~> ret f2 () ~> ret main21 () ~> call main16 _31130 ~> ret main16 () ~> call main1 _39657 )
#Or
  T ==K ( call main21 _7 ~> call _7 () ~> ret _7 () ~> call _7 () ~> ret _7 () ~> call _7 () ~> ret _7 () ~> call _7 () ~> ret _7 () ~> call f2 () ~> ret f2 () ~> ret main21 () ~> call main16 _31130 ~> ret main16 () ~> call main12 _38326 )
#Or
  T ==K ( call main21 _7 ~> call _7 () ~> ret _7 () ~> call _7 () ~> ret _7 () ~> call _7 () ~> ret _7 () ~> call _7 () ~> ret _7 () ~> call f2 () ~> ret f2 () ~> ret main21 () ~> call main16 _31130 ~> ret main16 () ~> call main14 _38029 )
#Or
  T ==K ( call main21 _7 ~> call _7 () ~> ret _7 () ~> call _7 () ~> ret _7 () ~> call _7 () ~> ret _7 () ~> call _7 () ~> ret _7 () ~> call f2 () ~> ret f2 () ~> ret main21 () ~> call main17 _35630 ~> call send _35630 ~> ret send () ~> ret main17 () ~> call main1 _47689 )
#Or
  T ==K ( call main21 _7 ~> call _7 () ~> ret _7 () ~> call _7 () ~> ret _7 () ~> call _7 () ~> ret _7 () ~> call _7 () ~> ret _7 () ~> call f2 () ~> ret f2 () ~> ret main21 () ~> call main17 _35630 ~> call send _35630 ~> ret send () ~> ret main17 () ~> call main12 _45993 )
#Or
  T ==K ( call main21 _7 ~> call _7 () ~> ret _7 () ~> call _7 () ~> ret _7 () ~> call _7 () ~> ret _7 () ~> call _7 () ~> ret _7 () ~> call f2 () ~> ret f2 () ~> ret main21 () ~> call main17 _35630 ~> call send _35630 ~> ret send () ~> ret main17 () ~> call main14 _45611 )
#Or
  T ==K ( call main21 _7 ~> call _7 () ~> ret _7 () ~> call _7 () ~> ret _7 () ~> call _7 () ~> ret _7 () ~> call _7 () ~> ret _7 () ~> call f2 () ~> ret f2 () ~> ret main21 () ~> call main17 _35630 ~> ret main17 () ~> call main1 _42510 )
#Or
  T ==K ( call main21 _7 ~> call _7 () ~> ret _7 () ~> call _7 () ~> ret _7 () ~> call _7 () ~> ret _7 () ~> call _7 () ~> ret _7 () ~> call f2 () ~> ret f2 () ~> ret main21 () ~> call main17 _35630 ~> ret main17 () ~> call main12 _41065 )
#Or
  T ==K ( call main21 _7 ~> call _7 () ~> ret _7 () ~> call _7 () ~> ret _7 () ~> call _7 () ~> ret _7 () ~> call _7 () ~> ret _7 () ~> call f2 () ~> ret f2 () ~> ret main21 () ~> call main17 _35630 ~> ret main17 () ~> call main14 _40767 )
#Or
  T ==K ( call main21 _7 ~> call _7 () ~> ret _7 () ~> call _7 () ~> ret _7 () ~> call _7 () ~> ret _7 () ~> call _7 () ~> ret _7 () ~> call f2 () ~> ret f2 () ~> ret main21 () ~> call main20 _34917 ~> ret main20 () ~> call main1 _42013 )
#Or
  T ==K ( call main21 _7 ~> call _7 () ~> ret _7 () ~> call _7 () ~> ret _7 () ~> call _7 () ~> ret _7 () ~> call _7 () ~> ret _7 () ~> call f2 () ~> ret f2 () ~> ret main21 () ~> call main20 _34917 ~> ret main20 () ~> call main12 _40604 )
#Or
  T ==K ( call main21 _7 ~> call _7 () ~> ret _7 () ~> call _7 () ~> ret _7 () ~> call _7 () ~> ret _7 () ~> call _7 () ~> ret _7 () ~> call f2 () ~> ret f2 () ~> ret main21 () ~> call main20 _34917 ~> ret main20 () ~> call main14 _40280 )
#Or
  T ==K ( call main21 _7 ~> call _7 () ~> ret _7 () ~> call _7 () ~> ret _7 () ~> call _7 () ~> ret _7 () ~> call _7 () ~> ret _7 () ~> call f2 () ~> ret f2 () ~> ret main21 () ~> call main21 _32403 ~> call _32403 () ~> ret _32403 () ~> call _32403 () ~> ret _32403 () ~> call _32403 () ~> ret _32403 () ~> call _32403 () ~> ret _32403 () ~> ret main21 () ~> call main1 _53642 )
#Or
  T ==K ( call main21 _7 ~> call _7 () ~> ret _7 () ~> call _7 () ~> ret _7 () ~> call _7 () ~> ret _7 () ~> call _7 () ~> ret _7 () ~> call f2 () ~> ret f2 () ~> ret main21 () ~> call main21 _32403 ~> call _32403 () ~> ret _32403 () ~> call _32403 () ~> ret _32403 () ~> call _32403 () ~> ret _32403 () ~> call _32403 () ~> ret _32403 () ~> ret main21 () ~> call main12 _53478 )
#Or
  T ==K ( call main21 _7 ~> call _7 () ~> ret _7 () ~> call _7 () ~> ret _7 () ~> call _7 () ~> ret _7 () ~> call _7 () ~> ret _7 () ~> call f2 () ~> ret f2 () ~> ret main21 () ~> call main21 _32403 ~> call _32403 () ~> ret _32403 () ~> call _32403 () ~> ret _32403 () ~> call _32403 () ~> ret _32403 () ~> call _32403 () ~> ret _32403 () ~> ret main21 () ~> call main14 _53438 )
#Or
  T ==K call main1 _15
#Or
  T ==K call main12 _5
#Or
  T ==K call main14 _3

real	2m18.511s
user	3m19.193s
sys	0m7.302s
