  T ==K ( call main3 _12 ~> call syscall _12 ~> ret syscall () ~> ret main3 () ~> call main1 _303 )
#Or
  T ==K ( call main3 _12 ~> call syscall _12 ~> ret syscall () ~> ret main3 () ~> call main3 _279 ~> call syscall _279 ~> ret syscall () ~> ret main3 () ~> call main1 _3017 )
#Or
  T ==K ( call main3 _12 ~> call syscall _12 ~> ret syscall () ~> ret main3 () ~> call main3 _279 ~> call syscall _279 ~> ret syscall () ~> ret main3 () ~> call main12 _2041 )
#Or
  T ==K ( call main3 _12 ~> call syscall _12 ~> ret syscall () ~> ret main3 () ~> call main3 _279 ~> call syscall _279 ~> ret syscall () ~> ret main3 () ~> call main14 _1841 )
#Or
  T ==K ( call main3 _12 ~> call syscall _12 ~> ret syscall () ~> ret main3 () ~> call main10 _231 ~> call userExec _469 ~> ret userExec () ~> ret main10 () ~> call _469 () )
#Or
  T ==K ( call main3 _12 ~> call syscall _12 ~> ret syscall () ~> ret main3 () ~> call main10 _231 ~> call userExec _469 ~> ret userExec () ~> ret main10 () ~> call main1 _3393 )
#Or
  T ==K ( call main3 _12 ~> call syscall _12 ~> ret syscall () ~> ret main3 () ~> call main10 _231 ~> call userExec _469 ~> ret userExec () ~> ret main10 () ~> call main12 _2387 )
#Or
  T ==K ( call main3 _12 ~> call syscall _12 ~> ret syscall () ~> ret main3 () ~> call main10 _231 ~> call userExec _469 ~> ret userExec () ~> ret main10 () ~> call main14 _2149 )
#Or
  T ==K ( call main3 _12 ~> call syscall _12 ~> ret syscall () ~> ret main3 () ~> call main11 _314 ~> ret main11 () ~> call main1 _3554 )
#Or
  T ==K ( call main3 _12 ~> call syscall _12 ~> ret syscall () ~> ret main3 () ~> call main11 _314 ~> ret main11 () ~> call main12 _2524 )
#Or
  T ==K ( call main3 _12 ~> call syscall _12 ~> ret syscall () ~> ret main3 () ~> call main11 _314 ~> ret main11 () ~> call main14 _2261 )
#Or
  T ==K ( call main3 _12 ~> call syscall _12 ~> ret syscall () ~> ret main3 () ~> call main12 _204 )
#Or
  T ==K ( call main3 _12 ~> call syscall _12 ~> ret syscall () ~> ret main3 () ~> call main14 _176 )
#Or
  T ==K ( call main3 _12 ~> call syscall _12 ~> ret syscall () ~> ret main3 () ~> call main15 _267 ~> call send _267 ~> ret send () ~> ret main15 () ~> call main1 _7763 )
#Or
  T ==K ( call main3 _12 ~> call syscall _12 ~> ret syscall () ~> ret main3 () ~> call main15 _267 ~> call send _267 ~> ret send () ~> ret main15 () ~> call main12 _5536 )
#Or
  T ==K ( call main3 _12 ~> call syscall _12 ~> ret syscall () ~> ret main3 () ~> call main15 _267 ~> call send _267 ~> ret send () ~> ret main15 () ~> call main14 _5063 )
#Or
  T ==K ( call main3 _12 ~> call syscall _12 ~> ret syscall () ~> ret main3 () ~> call main15 _267 ~> ret main15 () ~> call main1 _2152 )
#Or
  T ==K ( call main3 _12 ~> call syscall _12 ~> ret syscall () ~> ret main3 () ~> call main15 _267 ~> ret main15 () ~> call main12 _1418 )
#Or
  T ==K ( call main3 _12 ~> call syscall _12 ~> ret syscall () ~> ret main3 () ~> call main15 _267 ~> ret main15 () ~> call main14 _1269 )
#Or
  T ==K ( call main3 _12 ~> call syscall _12 ~> ret syscall () ~> ret main3 () ~> call main16 _165 ~> call getUser () ~> ret getUser _676 ~> ret main16 () ~> call main1 _3544 )
#Or
  T ==K ( call main3 _12 ~> call syscall _12 ~> ret syscall () ~> ret main3 () ~> call main16 _165 ~> call getUser () ~> ret getUser _676 ~> ret main16 () ~> call main1 _11163 )
#Or
  T ==K ( call main3 _12 ~> call syscall _12 ~> ret syscall () ~> ret main3 () ~> call main16 _165 ~> call getUser () ~> ret getUser _676 ~> ret main16 () ~> call main12 _2517 )
#Or
  T ==K ( call main3 _12 ~> call syscall _12 ~> ret syscall () ~> ret main3 () ~> call main16 _165 ~> call getUser () ~> ret getUser _676 ~> ret main16 () ~> call main12 _8108 )
#Or
  T ==K ( call main3 _12 ~> call syscall _12 ~> ret syscall () ~> ret main3 () ~> call main16 _165 ~> call getUser () ~> ret getUser _676 ~> ret main16 () ~> call main14 _2255 )
#Or
  T ==K ( call main3 _12 ~> call syscall _12 ~> ret syscall () ~> ret main3 () ~> call main16 _165 ~> call getUser () ~> ret getUser _676 ~> ret main16 () ~> call main14 _7404 )
#Or
  T ==K ( call main3 _12 ~> call syscall _12 ~> ret syscall () ~> ret main3 () ~> call main16 _165 ~> ret main16 () ~> call main1 _1415 )
#Or
  T ==K ( call main3 _12 ~> call syscall _12 ~> ret syscall () ~> ret main3 () ~> call main16 _165 ~> ret main16 () ~> call main12 _880 )
#Or
  T ==K ( call main3 _12 ~> call syscall _12 ~> ret syscall () ~> ret main3 () ~> call main16 _165 ~> ret main16 () ~> call main14 _764 )
#Or
  T ==K ( call main3 _12 ~> call syscall _12 ~> ret syscall () ~> ret main3 () ~> call main17 _397 ~> call send _397 ~> ret send () ~> ret main17 () ~> call main1 _11203 )
#Or
  T ==K ( call main3 _12 ~> call syscall _12 ~> ret syscall () ~> ret main3 () ~> call main17 _397 ~> call send _397 ~> ret send () ~> ret main17 () ~> call main12 _8150 )
#Or
  T ==K ( call main3 _12 ~> call syscall _12 ~> ret syscall () ~> ret main3 () ~> call main17 _397 ~> call send _397 ~> ret send () ~> ret main17 () ~> call main14 _7440 )
#Or
  T ==K ( call main3 _12 ~> call syscall _12 ~> ret syscall () ~> ret main3 () ~> call main17 _397 ~> ret main17 () ~> call main1 _3264 )
#Or
  T ==K ( call main3 _12 ~> call syscall _12 ~> ret syscall () ~> ret main3 () ~> call main17 _397 ~> ret main17 () ~> call main12 _2264 )
#Or
  T ==K ( call main3 _12 ~> call syscall _12 ~> ret syscall () ~> ret main3 () ~> call main17 _397 ~> ret main17 () ~> call main14 _2046 )
#Or
  T ==K ( call main3 _12 ~> call syscall _12 ~> ret syscall () ~> ret main3 () ~> call main20 _347 ~> ret main20 () ~> call main1 _2894 )
#Or
  T ==K ( call main3 _12 ~> call syscall _12 ~> ret syscall () ~> ret main3 () ~> call main20 _347 ~> ret main20 () ~> call main12 _1937 )
#Or
  T ==K ( call main3 _12 ~> call syscall _12 ~> ret syscall () ~> ret main3 () ~> call main20 _347 ~> ret main20 () ~> call main14 _1748 )
#Or
  T ==K ( call main10 _7 ~> call userExec _29 ~> ret userExec () ~> ret main10 () ~> call _29 () )
#Or
  T ==K ( call main10 _7 ~> call userExec _29 ~> ret userExec () ~> ret main10 () ~> call main1 _325 )
#Or
  T ==K ( call main10 _7 ~> call userExec _29 ~> ret userExec () ~> ret main10 () ~> call main3 _300 ~> call syscall _300 ~> ret syscall () ~> ret main3 () ~> call _29 () )
#Or
  T ==K ( call main10 _7 ~> call userExec _29 ~> ret userExec () ~> ret main10 () ~> call main3 _300 ~> call syscall _300 ~> ret syscall () ~> ret main3 () ~> call main1 _3222 )
#Or
  T ==K ( call main10 _7 ~> call userExec _29 ~> ret userExec () ~> ret main10 () ~> call main3 _300 ~> call syscall _300 ~> ret syscall () ~> ret main3 () ~> call main12 _2236 )
#Or
  T ==K ( call main10 _7 ~> call userExec _29 ~> ret userExec () ~> ret main10 () ~> call main3 _300 ~> call syscall _300 ~> ret syscall () ~> ret main3 () ~> call main14 _2015 )
#Or
  T ==K ( call main10 _7 ~> call userExec _29 ~> ret userExec () ~> ret main10 () ~> call main10 _253 ~> call userExec _510 ~> ret userExec () ~> ret main10 () ~> call _29 () )
#Or
  T ==K ( call main10 _7 ~> call userExec _29 ~> ret userExec () ~> ret main10 () ~> call main10 _253 ~> call userExec _510 ~> ret userExec () ~> ret main10 () ~> call _510 () )
#Or
  T ==K ( call main10 _7 ~> call userExec _29 ~> ret userExec () ~> ret main10 () ~> call main10 _253 ~> call userExec _510 ~> ret userExec () ~> ret main10 () ~> call main1 _3672 )
#Or
  T ==K ( call main10 _7 ~> call userExec _29 ~> ret userExec () ~> ret main10 () ~> call main10 _253 ~> call userExec _510 ~> ret userExec () ~> ret main10 () ~> call main12 _2485 )
#Or
  T ==K ( call main10 _7 ~> call userExec _29 ~> ret userExec () ~> ret main10 () ~> call main10 _253 ~> call userExec _510 ~> ret userExec () ~> ret main10 () ~> call main14 _2232 )
#Or
  T ==K ( call main10 _7 ~> call userExec _29 ~> ret userExec () ~> ret main10 () ~> call main11 _343 ~> ret main11 () ~> call _29 () )
#Or
  T ==K ( call main10 _7 ~> call userExec _29 ~> ret userExec () ~> ret main10 () ~> call main11 _343 ~> ret main11 () ~> call main1 _3854 )
#Or
  T ==K ( call main10 _7 ~> call userExec _29 ~> ret userExec () ~> ret main10 () ~> call main11 _343 ~> ret main11 () ~> call main12 _2740 )
#Or
  T ==K ( call main10 _7 ~> call userExec _29 ~> ret userExec () ~> ret main10 () ~> call main11 _343 ~> ret main11 () ~> call main14 _2490 )
#Or
  T ==K ( call main10 _7 ~> call userExec _29 ~> ret userExec () ~> ret main10 () ~> call main12 _229 )
#Or
  T ==K ( call main10 _7 ~> call userExec _29 ~> ret userExec () ~> ret main10 () ~> call main14 _200 )
#Or
  T ==K ( call main10 _7 ~> call userExec _29 ~> ret userExec () ~> ret main10 () ~> call main15 _287 ~> call send _287 ~> ret send () ~> ret main15 () ~> call _29 () )
#Or
  T ==K ( call main10 _7 ~> call userExec _29 ~> ret userExec () ~> ret main10 () ~> call main15 _287 ~> call send _287 ~> ret send () ~> ret main15 () ~> call main1 _8402 )
#Or
  T ==K ( call main10 _7 ~> call userExec _29 ~> ret userExec () ~> ret main10 () ~> call main15 _287 ~> call send _287 ~> ret send () ~> ret main15 () ~> call main12 _5962 )
#Or
  T ==K ( call main10 _7 ~> call userExec _29 ~> ret userExec () ~> ret main10 () ~> call main15 _287 ~> call send _287 ~> ret send () ~> ret main15 () ~> call main14 _5456 )
#Or
  T ==K ( call main10 _7 ~> call userExec _29 ~> ret userExec () ~> ret main10 () ~> call main15 _287 ~> ret main15 () ~> call _29 () )
#Or
  T ==K ( call main10 _7 ~> call userExec _29 ~> ret userExec () ~> ret main10 () ~> call main15 _287 ~> ret main15 () ~> call main1 _2353 )
#Or
  T ==K ( call main10 _7 ~> call userExec _29 ~> ret userExec () ~> ret main10 () ~> call main15 _287 ~> ret main15 () ~> call main12 _1551 )
#Or
  T ==K ( call main10 _7 ~> call userExec _29 ~> ret userExec () ~> ret main10 () ~> call main15 _287 ~> ret main15 () ~> call main14 _1394 )
#Or
  T ==K ( call main10 _7 ~> call userExec _29 ~> ret userExec () ~> ret main10 () ~> call main16 _185 ~> call getUser () ~> ret getUser _748 ~> ret main16 () ~> call _29 () )
#Or
  T ==K ( call main10 _7 ~> call userExec _29 ~> ret userExec () ~> ret main10 () ~> call main16 _185 ~> call getUser () ~> ret getUser _748 ~> ret main16 () ~> call main1 _3844 )
#Or
  T ==K ( call main10 _7 ~> call userExec _29 ~> ret userExec () ~> ret main10 () ~> call main16 _185 ~> call getUser () ~> ret getUser _748 ~> ret main16 () ~> call main1 _11804 )
#Or
  T ==K ( call main10 _7 ~> call userExec _29 ~> ret userExec () ~> ret main10 () ~> call main16 _185 ~> call getUser () ~> ret getUser _748 ~> ret main16 () ~> call main12 _2733 )
#Or
  T ==K ( call main10 _7 ~> call userExec _29 ~> ret userExec () ~> ret main10 () ~> call main16 _185 ~> call getUser () ~> ret getUser _748 ~> ret main16 () ~> call main12 _8779 )
#Or
  T ==K ( call main10 _7 ~> call userExec _29 ~> ret userExec () ~> ret main10 () ~> call main16 _185 ~> call getUser () ~> ret getUser _748 ~> ret main16 () ~> call main14 _2481 )
#Or
  T ==K ( call main10 _7 ~> call userExec _29 ~> ret userExec () ~> ret main10 () ~> call main16 _185 ~> call getUser () ~> ret getUser _748 ~> ret main16 () ~> call main14 _8010 )
#Or
  T ==K ( call main10 _7 ~> call userExec _29 ~> ret userExec () ~> ret main10 () ~> call main16 _185 ~> ret main16 () ~> call _29 () )
#Or
  T ==K ( call main10 _7 ~> call userExec _29 ~> ret userExec () ~> ret main10 () ~> call main16 _185 ~> ret main16 () ~> call main1 _1548 )
#Or
  T ==K ( call main10 _7 ~> call userExec _29 ~> ret userExec () ~> ret main10 () ~> call main16 _185 ~> ret main16 () ~> call main12 _989 )
#Or
  T ==K ( call main10 _7 ~> call userExec _29 ~> ret userExec () ~> ret main10 () ~> call main16 _185 ~> ret main16 () ~> call main14 _865 )
#Or
  T ==K ( call main10 _7 ~> call userExec _29 ~> ret userExec () ~> ret main10 () ~> call main17 _463 ~> call send _463 ~> ret send () ~> ret main17 () ~> call _29 () )
#Or
  T ==K ( call main10 _7 ~> call userExec _29 ~> ret userExec () ~> ret main10 () ~> call main17 _463 ~> call send _463 ~> ret send () ~> ret main17 () ~> call main1 _12634 )
#Or
  T ==K ( call main10 _7 ~> call userExec _29 ~> ret userExec () ~> ret main10 () ~> call main17 _463 ~> call send _463 ~> ret send () ~> ret main17 () ~> call main12 _9606 )
#Or
  T ==K ( call main10 _7 ~> call userExec _29 ~> ret userExec () ~> ret main10 () ~> call main17 _463 ~> call send _463 ~> ret send () ~> ret main17 () ~> call main14 _8820 )
#Or
  T ==K ( call main10 _7 ~> call userExec _29 ~> ret userExec () ~> ret main10 () ~> call main17 _463 ~> ret main17 () ~> call _29 () )
#Or
  T ==K ( call main10 _7 ~> call userExec _29 ~> ret userExec () ~> ret main10 () ~> call main17 _463 ~> ret main17 () ~> call main1 _3857 )
#Or
  T ==K ( call main10 _7 ~> call userExec _29 ~> ret userExec () ~> ret main10 () ~> call main17 _463 ~> ret main17 () ~> call main12 _2743 )
#Or
  T ==K ( call main10 _7 ~> call userExec _29 ~> ret userExec () ~> ret main10 () ~> call main17 _463 ~> ret main17 () ~> call main14 _2494 )
#Or
  T ==K ( call main10 _7 ~> call userExec _29 ~> ret userExec () ~> ret main10 () ~> call main20 _377 ~> ret main20 () ~> call _29 () )
#Or
  T ==K ( call main10 _7 ~> call userExec _29 ~> ret userExec () ~> ret main10 () ~> call main20 _377 ~> ret main20 () ~> call main1 _3101 )
#Or
  T ==K ( call main10 _7 ~> call userExec _29 ~> ret userExec () ~> ret main10 () ~> call main20 _377 ~> ret main20 () ~> call main12 _2127 )
#Or
  T ==K ( call main10 _7 ~> call userExec _29 ~> ret userExec () ~> ret main10 () ~> call main20 _377 ~> ret main20 () ~> call main14 _1912 )
#Or
  T ==K ( call main11 _15 ~> ret main11 () ~> call main1 _364 )
#Or
  T ==K ( call main11 _15 ~> ret main11 () ~> call main3 _330 ~> call syscall _330 ~> ret syscall () ~> ret main3 () ~> call main1 _3565 )
#Or
  T ==K ( call main11 _15 ~> ret main11 () ~> call main3 _330 ~> call syscall _330 ~> ret syscall () ~> ret main3 () ~> call main12 _2538 )
#Or
  T ==K ( call main11 _15 ~> ret main11 () ~> call main3 _330 ~> call syscall _330 ~> ret syscall () ~> ret main3 () ~> call main14 _2273 )
#Or
  T ==K ( call main11 _15 ~> ret main11 () ~> call main10 _280 ~> call userExec _571 ~> ret userExec () ~> ret main10 () ~> call _571 () )
#Or
  T ==K ( call main11 _15 ~> ret main11 () ~> call main10 _280 ~> call userExec _571 ~> ret userExec () ~> ret main10 () ~> call main1 _3908 )
#Or
  T ==K ( call main11 _15 ~> ret main11 () ~> call main10 _280 ~> call userExec _571 ~> ret userExec () ~> ret main10 () ~> call main12 _2783 )
#Or
  T ==K ( call main11 _15 ~> ret main11 () ~> call main10 _280 ~> call userExec _571 ~> ret userExec () ~> ret main10 () ~> call main14 _2534 )
#Or
  T ==K ( call main11 _15 ~> ret main11 () ~> call main11 _381 ~> ret main11 () ~> call main1 _4290 )
#Or
  T ==K ( call main11 _15 ~> ret main11 () ~> call main11 _381 ~> ret main11 () ~> call main11 _4478 )
#Or
  T ==K ( call main11 _15 ~> ret main11 () ~> call main11 _381 ~> ret main11 () ~> call main12 _3031 )
#Or
  T ==K ( call main11 _15 ~> ret main11 () ~> call main11 _381 ~> ret main11 () ~> call main14 _2786 )
#Or
  T ==K ( call main11 _15 ~> ret main11 () ~> call main12 _257 )
#Or
  T ==K ( call main11 _15 ~> ret main11 () ~> call main14 _232 )
#Or
  T ==K ( call main11 _15 ~> ret main11 () ~> call main15 _315 ~> call send _315 ~> ret send () ~> ret main15 () ~> call main1 _9338 )
#Or
  T ==K ( call main11 _15 ~> ret main11 () ~> call main15 _315 ~> call send _315 ~> ret send () ~> ret main15 () ~> call main12 _6581 )
#Or
  T ==K ( call main11 _15 ~> ret main11 () ~> call main15 _315 ~> call send _315 ~> ret send () ~> ret main15 () ~> call main14 _6063 )
#Or
  T ==K ( call main11 _15 ~> ret main11 () ~> call main15 _315 ~> ret main15 () ~> call main1 _2663 )
#Or
  T ==K ( call main11 _15 ~> ret main11 () ~> call main15 _315 ~> ret main15 () ~> call main12 _1755 )
#Or
  T ==K ( call main11 _15 ~> ret main11 () ~> call main15 _315 ~> ret main15 () ~> call main14 _1583 )
#Or
  T ==K ( call main11 _15 ~> ret main11 () ~> call main16 _221 ~> call getUser () ~> ret getUser _885 ~> ret main16 () ~> call main1 _4280 )
#Or
  T ==K ( call main11 _15 ~> ret main11 () ~> call main16 _221 ~> call getUser () ~> ret getUser _885 ~> ret main16 () ~> call main1 _12747 )
#Or
  T ==K ( call main11 _15 ~> ret main11 () ~> call main16 _221 ~> call getUser () ~> ret getUser _885 ~> ret main16 () ~> call main12 _3024 )
#Or
  T ==K ( call main11 _15 ~> ret main11 () ~> call main16 _221 ~> call getUser () ~> ret getUser _885 ~> ret main16 () ~> call main12 _9722 )
#Or
  T ==K ( call main11 _15 ~> ret main11 () ~> call main16 _221 ~> call getUser () ~> ret getUser _885 ~> ret main16 () ~> call main14 _2780 )
#Or
  T ==K ( call main11 _15 ~> ret main11 () ~> call main16 _221 ~> call getUser () ~> ret getUser _885 ~> ret main16 () ~> call main14 _8930 )
#Or
  T ==K ( call main11 _15 ~> ret main11 () ~> call main16 _221 ~> ret main16 () ~> call main1 _1752 )
#Or
  T ==K ( call main11 _15 ~> ret main11 () ~> call main16 _221 ~> ret main16 () ~> call main12 _1140 )
#Or
  T ==K ( call main11 _15 ~> ret main11 () ~> call main16 _221 ~> ret main16 () ~> call main14 _1010 )
#Or
  T ==K ( call main11 _15 ~> ret main11 () ~> call main17 _471 ~> call send _471 ~> ret send () ~> ret main17 () ~> call main1 _12786 )
#Or
  T ==K ( call main11 _15 ~> ret main11 () ~> call main17 _471 ~> call send _471 ~> ret send () ~> ret main17 () ~> call main12 _9763 )
#Or
  T ==K ( call main11 _15 ~> ret main11 () ~> call main17 _471 ~> call send _471 ~> ret send () ~> ret main17 () ~> call main14 _8966 )
#Or
  T ==K ( call main11 _15 ~> ret main11 () ~> call main17 _471 ~> ret main17 () ~> call main1 _3917 )
#Or
  T ==K ( call main11 _15 ~> ret main11 () ~> call main17 _471 ~> ret main17 () ~> call main12 _2789 )
#Or
  T ==K ( call main11 _15 ~> ret main11 () ~> call main17 _471 ~> ret main17 () ~> call main14 _2543 )
#Or
  T ==K ( call main11 _15 ~> ret main11 () ~> call main20 _417 ~> ret main20 () ~> call main1 _3409 )
#Or
  T ==K ( call main11 _15 ~> ret main11 () ~> call main20 _417 ~> ret main20 () ~> call main12 _2406 )
#Or
  T ==K ( call main11 _15 ~> ret main11 () ~> call main20 _417 ~> ret main20 () ~> call main14 _2167 )
#Or
  T ==K ( call main15 _10 ~> call send _10 ~> ret send () ~> ret main15 () ~> call main1 _870 )
#Or
  T ==K ( call main15 _10 ~> call send _10 ~> ret send () ~> ret main15 () ~> call main3 _755 ~> call syscall _755 ~> ret syscall () ~> ret main3 () ~> call main1 _7693 )
#Or
  T ==K ( call main15 _10 ~> call send _10 ~> ret send () ~> ret main15 () ~> call main3 _755 ~> call syscall _755 ~> ret syscall () ~> ret main3 () ~> call main12 _5479 )
#Or
  T ==K ( call main15 _10 ~> call send _10 ~> ret send () ~> ret main15 () ~> call main3 _755 ~> call syscall _755 ~> ret syscall () ~> ret main3 () ~> call main14 _5017 )
#Or
  T ==K ( call main15 _10 ~> call send _10 ~> ret send () ~> ret main15 () ~> call main10 _612 ~> call userExec _1556 ~> ret userExec () ~> ret main10 () ~> call _1556 () )
#Or
  T ==K ( call main15 _10 ~> call send _10 ~> ret send () ~> ret main15 () ~> call main10 _612 ~> call userExec _1556 ~> ret userExec () ~> ret main10 () ~> call main1 _8437 )
#Or
  T ==K ( call main15 _10 ~> call send _10 ~> ret send () ~> ret main15 () ~> call main10 _612 ~> call userExec _1556 ~> ret userExec () ~> ret main10 () ~> call main12 _5979 )
#Or
  T ==K ( call main15 _10 ~> call send _10 ~> ret send () ~> ret main15 () ~> call main10 _612 ~> call userExec _1556 ~> ret userExec () ~> ret main10 () ~> call main14 _5475 )
#Or
  T ==K ( call main15 _10 ~> call send _10 ~> ret send () ~> ret main15 () ~> call main11 _933 ~> ret main11 () ~> call main1 _9231 )
#Or
  T ==K ( call main15 _10 ~> call send _10 ~> ret send () ~> ret main15 () ~> call main11 _933 ~> ret main11 () ~> call main12 _6497 )
#Or
  T ==K ( call main15 _10 ~> call send _10 ~> ret send () ~> ret main15 () ~> call main11 _933 ~> ret main11 () ~> call main14 _5982 )
#Or
  T ==K ( call main15 _10 ~> call send _10 ~> ret send () ~> ret main15 () ~> call main12 _562 )
#Or
  T ==K ( call main15 _10 ~> call send _10 ~> ret send () ~> ret main15 () ~> call main14 _511 )
#Or
  T ==K ( call main15 _10 ~> call send _10 ~> ret send () ~> ret main15 () ~> call main15 _707 ~> call send _707 ~> ret send () ~> ret main15 () ~> call main1 _15955 )
#Or
  T ==K ( call main15 _10 ~> call send _10 ~> ret send () ~> ret main15 () ~> call main15 _707 ~> call send _707 ~> ret send () ~> ret main15 () ~> call main12 _13048 )
#Or
  T ==K ( call main15 _10 ~> call send _10 ~> ret send () ~> ret main15 () ~> call main15 _707 ~> call send _707 ~> ret send () ~> ret main15 () ~> call main14 _12261 )
#Or
  T ==K ( call main15 _10 ~> call send _10 ~> ret send () ~> ret main15 () ~> call main15 _707 ~> ret main15 () ~> call main1 _5724 )
#Or
  T ==K ( call main15 _10 ~> call send _10 ~> ret send () ~> ret main15 () ~> call main15 _707 ~> ret main15 () ~> call main12 _4048 )
#Or
  T ==K ( call main15 _10 ~> call send _10 ~> ret send () ~> ret main15 () ~> call main15 _707 ~> ret main15 () ~> call main14 _3688 )
#Or
  T ==K ( call main15 _10 ~> call send _10 ~> ret send () ~> ret main15 () ~> call main16 _486 ~> call getUser () ~> ret getUser _2360 ~> ret main16 () ~> call main1 _9221 )
#Or
  T ==K ( call main15 _10 ~> call send _10 ~> ret send () ~> ret main15 () ~> call main16 _486 ~> call getUser () ~> ret getUser _2360 ~> ret main16 () ~> call main1 _18604 )
#Or
  T ==K ( call main15 _10 ~> call send _10 ~> ret send () ~> ret main15 () ~> call main16 _486 ~> call getUser () ~> ret getUser _2360 ~> ret main16 () ~> call main12 _6490 )
#Or
  T ==K ( call main15 _10 ~> call send _10 ~> ret send () ~> ret main15 () ~> call main16 _486 ~> call getUser () ~> ret getUser _2360 ~> ret main16 () ~> call main12 _16286 )
#Or
  T ==K ( call main15 _10 ~> call send _10 ~> ret send () ~> ret main15 () ~> call main16 _486 ~> call getUser () ~> ret getUser _2360 ~> ret main16 () ~> call main14 _5975 )
#Or
  T ==K ( call main15 _10 ~> call send _10 ~> ret send () ~> ret main15 () ~> call main16 _486 ~> call getUser () ~> ret getUser _2360 ~> ret main16 () ~> call main14 _15589 )
#Or
  T ==K ( call main15 _10 ~> call send _10 ~> ret send () ~> ret main15 () ~> call main16 _486 ~> ret main16 () ~> call main1 _4045 )
#Or
  T ==K ( call main15 _10 ~> call send _10 ~> ret send () ~> ret main15 () ~> call main16 _486 ~> ret main16 () ~> call main12 _2866 )
#Or
  T ==K ( call main15 _10 ~> call send _10 ~> ret send () ~> ret main15 () ~> call main16 _486 ~> ret main16 () ~> call main14 _2622 )
#Or
  T ==K ( call main15 _10 ~> call send _10 ~> ret send () ~> ret main15 () ~> call main17 _1250 ~> call send _1250 ~> ret send () ~> ret main17 () ~> call main1 _18643 )
#Or
  T ==K ( call main15 _10 ~> call send _10 ~> ret send () ~> ret main15 () ~> call main17 _1250 ~> call send _1250 ~> ret send () ~> ret main17 () ~> call main12 _16327 )
#Or
  T ==K ( call main15 _10 ~> call send _10 ~> ret send () ~> ret main15 () ~> call main17 _1250 ~> call send _1250 ~> ret send () ~> ret main17 () ~> call main14 _15626 )
#Or
  T ==K ( call main15 _10 ~> call send _10 ~> ret send () ~> ret main15 () ~> call main17 _1250 ~> ret main17 () ~> call main1 _8447 )
#Or
  T ==K ( call main15 _10 ~> call send _10 ~> ret send () ~> ret main15 () ~> call main17 _1250 ~> ret main17 () ~> call main12 _5985 )
#Or
  T ==K ( call main15 _10 ~> call send _10 ~> ret send () ~> ret main15 () ~> call main17 _1250 ~> ret main17 () ~> call main14 _5484 )
#Or
  T ==K ( call main15 _10 ~> call send _10 ~> ret send () ~> ret main15 () ~> call main20 _1057 ~> ret main20 () ~> call main1 _7358 )
#Or
  T ==K ( call main15 _10 ~> call send _10 ~> ret send () ~> ret main15 () ~> call main20 _1057 ~> ret main20 () ~> call main12 _5240 )
#Or
  T ==K ( call main15 _10 ~> call send _10 ~> ret send () ~> ret main15 () ~> call main20 _1057 ~> ret main20 () ~> call main14 _4811 )
#Or
  T ==K ( call main15 _10 ~> ret main15 () ~> call main1 _218 )
#Or
  T ==K ( call main15 _10 ~> ret main15 () ~> call main3 _188 ~> call syscall _188 ~> ret syscall () ~> ret main3 () ~> call main1 _2138 )
#Or
  T ==K ( call main15 _10 ~> ret main15 () ~> call main3 _188 ~> call syscall _188 ~> ret syscall () ~> ret main3 () ~> call main12 _1407 )
#Or
  T ==K ( call main15 _10 ~> ret main15 () ~> call main3 _188 ~> call syscall _188 ~> ret syscall () ~> ret main3 () ~> call main14 _1259 )
#Or
  T ==K ( call main15 _10 ~> ret main15 () ~> call main10 _143 ~> call userExec _345 ~> ret userExec () ~> ret main10 () ~> call _345 () )
#Or
  T ==K ( call main15 _10 ~> ret main15 () ~> call main10 _143 ~> call userExec _345 ~> ret userExec () ~> ret main10 () ~> call main1 _2508 )
#Or
  T ==K ( call main15 _10 ~> ret main15 () ~> call main10 _143 ~> call userExec _345 ~> ret userExec () ~> ret main10 () ~> call main12 _1561 )
#Or
  T ==K ( call main15 _10 ~> ret main15 () ~> call main10 _143 ~> call userExec _345 ~> ret userExec () ~> ret main10 () ~> call main14 _1403 )
#Or
  T ==K ( call main15 _10 ~> ret main15 () ~> call main11 _230 ~> ret main11 () ~> call main1 _2640 )
#Or
  T ==K ( call main15 _10 ~> ret main15 () ~> call main11 _230 ~> ret main11 () ~> call main12 _1736 )
#Or
  T ==K ( call main15 _10 ~> ret main15 () ~> call main11 _230 ~> ret main11 () ~> call main14 _1564 )
#Or
  T ==K ( call main15 _10 ~> ret main15 () ~> call main12 _127 )
#Or
  T ==K ( call main15 _10 ~> ret main15 () ~> call main14 _112 )
#Or
  T ==K ( call main15 _10 ~> ret main15 () ~> call main15 _174 ~> call send _174 ~> ret send () ~> ret main15 () ~> call main1 _5749 )
#Or
  T ==K ( call main15 _10 ~> ret main15 () ~> call main15 _174 ~> call send _174 ~> ret send () ~> ret main15 () ~> call main12 _4061 )
#Or
  T ==K ( call main15 _10 ~> ret main15 () ~> call main15 _174 ~> call send _174 ~> ret send () ~> ret main15 () ~> call main14 _3700 )
#Or
  T ==K ( call main15 _10 ~> ret main15 () ~> call main15 _174 ~> ret main15 () ~> call main1 _1482 )
#Or
  T ==K ( call main15 _10 ~> ret main15 () ~> call main15 _174 ~> ret main15 () ~> call main12 _939 )
#Or
  T ==K ( call main15 _10 ~> ret main15 () ~> call main15 _174 ~> ret main15 () ~> call main14 _815 )
#Or
  T ==K ( call main15 _10 ~> ret main15 () ~> call main16 _103 ~> call getUser () ~> ret getUser _487 ~> ret main16 () ~> call main1 _2630 )
#Or
  T ==K ( call main15 _10 ~> ret main15 () ~> call main16 _103 ~> call getUser () ~> ret getUser _487 ~> ret main16 () ~> call main1 _8448 )
#Or
  T ==K ( call main15 _10 ~> ret main15 () ~> call main16 _103 ~> call getUser () ~> ret getUser _487 ~> ret main16 () ~> call main12 _1729 )
#Or
  T ==K ( call main15 _10 ~> ret main15 () ~> call main16 _103 ~> call getUser () ~> ret getUser _487 ~> ret main16 () ~> call main12 _5986 )
#Or
  T ==K ( call main15 _10 ~> ret main15 () ~> call main16 _103 ~> call getUser () ~> ret getUser _487 ~> ret main16 () ~> call main14 _1558 )
#Or
  T ==K ( call main15 _10 ~> ret main15 () ~> call main16 _103 ~> call getUser () ~> ret getUser _487 ~> ret main16 () ~> call main14 _5485 )
#Or
  T ==K ( call main15 _10 ~> ret main15 () ~> call main16 _103 ~> ret main16 () ~> call main1 _936 )
#Or
  T ==K ( call main15 _10 ~> ret main15 () ~> call main16 _103 ~> ret main16 () ~> call main12 _591 )
#Or
  T ==K ( call main15 _10 ~> ret main15 () ~> call main16 _103 ~> ret main16 () ~> call main14 _539 )
#Or
  T ==K ( call main15 _10 ~> ret main15 () ~> call main17 _289 ~> call send _289 ~> ret send () ~> ret main17 () ~> call main1 _8488 )
#Or
  T ==K ( call main15 _10 ~> ret main15 () ~> call main17 _289 ~> call send _289 ~> ret send () ~> ret main17 () ~> call main12 _6028 )
#Or
  T ==K ( call main15 _10 ~> ret main15 () ~> call main17 _289 ~> call send _289 ~> ret send () ~> ret main17 () ~> call main14 _5521 )
#Or
  T ==K ( call main15 _10 ~> ret main15 () ~> call main17 _289 ~> ret main17 () ~> call main1 _2381 )
#Or
  T ==K ( call main15 _10 ~> ret main15 () ~> call main17 _289 ~> ret main17 () ~> call main12 _1567 )
#Or
  T ==K ( call main15 _10 ~> ret main15 () ~> call main17 _289 ~> ret main17 () ~> call main14 _1412 )
#Or
  T ==K ( call main15 _10 ~> ret main15 () ~> call main20 _255 ~> ret main20 () ~> call main1 _2028 )
#Or
  T ==K ( call main15 _10 ~> ret main15 () ~> call main20 _255 ~> ret main20 () ~> call main12 _1332 )
#Or
  T ==K ( call main15 _10 ~> ret main15 () ~> call main20 _255 ~> ret main20 () ~> call main14 _1193 )
#Or
  T ==K ( call main16 _2 ~> call getUser () ~> ret getUser _42 ~> ret main16 () ~> call main1 _353 )
#Or
  T ==K ( call main16 _2 ~> call getUser () ~> ret getUser _42 ~> ret main16 () ~> call main1 _1446 )
#Or
  T ==K ( call main16 _2 ~> call getUser () ~> ret getUser _42 ~> ret main16 () ~> call main3 _321 ~> call syscall _321 ~> ret syscall () ~> ret main3 () ~> call main1 _3455 )
#Or
  T ==K ( call main16 _2 ~> call getUser () ~> ret getUser _42 ~> ret main16 () ~> call main3 _321 ~> call syscall _321 ~> ret syscall () ~> ret main3 () ~> call main12 _2451 )
#Or
  T ==K ( call main16 _2 ~> call getUser () ~> ret getUser _42 ~> ret main16 () ~> call main3 _321 ~> call syscall _321 ~> ret syscall () ~> ret main3 () ~> call main14 _2206 )
#Or
  T ==K ( call main16 _2 ~> call getUser () ~> ret getUser _42 ~> ret main16 () ~> call main3 _1294 ~> call syscall _1294 ~> ret syscall () ~> ret main3 () ~> call main1 _10990 )
#Or
  T ==K ( call main16 _2 ~> call getUser () ~> ret getUser _42 ~> ret main16 () ~> call main3 _1294 ~> call syscall _1294 ~> ret syscall () ~> ret main3 () ~> call main12 _7929 )
#Or
  T ==K ( call main16 _2 ~> call getUser () ~> ret getUser _42 ~> ret main16 () ~> call main3 _1294 ~> call syscall _1294 ~> ret syscall () ~> ret main3 () ~> call main14 _7249 )
#Or
  T ==K ( call main16 _2 ~> call getUser () ~> ret getUser _42 ~> ret main16 () ~> call main10 _274 ~> call userExec _552 ~> ret userExec () ~> ret main10 () ~> call _552 () )
#Or
  T ==K ( call main16 _2 ~> call getUser () ~> ret getUser _42 ~> ret main16 () ~> call main10 _274 ~> call userExec _552 ~> ret userExec () ~> ret main10 () ~> call main1 _3971 )
#Or
  T ==K ( call main16 _2 ~> call getUser () ~> ret getUser _42 ~> ret main16 () ~> call main10 _274 ~> call userExec _552 ~> ret userExec () ~> ret main10 () ~> call main12 _2703 )
#Or
  T ==K ( call main16 _2 ~> call getUser () ~> ret getUser _42 ~> ret main16 () ~> call main10 _274 ~> call userExec _552 ~> ret userExec () ~> ret main10 () ~> call main14 _2447 )
#Or
  T ==K ( call main16 _2 ~> call getUser () ~> ret getUser _42 ~> ret main16 () ~> call main10 _1030 ~> call userExec _2440 ~> ret userExec () ~> ret main10 () ~> call _2440 () )
#Or
  T ==K ( call main16 _2 ~> call getUser () ~> ret getUser _42 ~> ret main16 () ~> call main10 _1030 ~> call userExec _2440 ~> ret userExec () ~> ret main10 () ~> call main1 _12126 )
#Or
  T ==K ( call main16 _2 ~> call getUser () ~> ret getUser _42 ~> ret main16 () ~> call main10 _1030 ~> call userExec _2440 ~> ret userExec () ~> ret main10 () ~> call main12 _8686 )
#Or
  T ==K ( call main16 _2 ~> call getUser () ~> ret getUser _42 ~> ret main16 () ~> call main10 _1030 ~> call userExec _2440 ~> ret userExec () ~> ret main10 () ~> call main14 _7925 )
#Or
  T ==K ( call main16 _2 ~> call getUser () ~> ret getUser _42 ~> ret main16 () ~> call main11 _368 ~> ret main11 () ~> call main1 _4166 )
#Or
  T ==K ( call main16 _2 ~> call getUser () ~> ret getUser _42 ~> ret main16 () ~> call main11 _368 ~> ret main11 () ~> call main12 _2947 )
#Or
  T ==K ( call main16 _2 ~> call getUser () ~> ret getUser _42 ~> ret main16 () ~> call main11 _368 ~> ret main11 () ~> call main14 _2706 )
#Or
  T ==K ( call main16 _2 ~> call getUser () ~> ret getUser _42 ~> ret main16 () ~> call main11 _1520 ~> ret main11 () ~> call main1 _12520 )
#Or
  T ==K ( call main16 _2 ~> call getUser () ~> ret getUser _42 ~> ret main16 () ~> call main11 _1520 ~> ret main11 () ~> call main12 _9475 )
#Or
  T ==K ( call main16 _2 ~> call getUser () ~> ret getUser _42 ~> ret main16 () ~> call main11 _1520 ~> ret main11 () ~> call main14 _8689 )
#Or
  T ==K ( call main16 _2 ~> call getUser () ~> ret getUser _42 ~> ret main16 () ~> call main12 _250 )
#Or
  T ==K ( call main16 _2 ~> call getUser () ~> ret getUser _42 ~> ret main16 () ~> call main12 _905 )
#Or
  T ==K ( call main16 _2 ~> call getUser () ~> ret getUser _42 ~> ret main16 () ~> call main14 _226 )
#Or
  T ==K ( call main16 _2 ~> call getUser () ~> ret getUser _42 ~> ret main16 () ~> call main14 _784 )
#Or
  T ==K ( call main16 _2 ~> call getUser () ~> ret getUser _42 ~> ret main16 () ~> call main15 _310 ~> call send _310 ~> ret send () ~> ret main15 () ~> call main1 _9106 )
#Or
  T ==K ( call main16 _2 ~> call getUser () ~> ret getUser _42 ~> ret main16 () ~> call main15 _310 ~> call send _310 ~> ret send () ~> ret main15 () ~> call main12 _6410 )
#Or
  T ==K ( call main16 _2 ~> call getUser () ~> ret getUser _42 ~> ret main16 () ~> call main15 _310 ~> call send _310 ~> ret send () ~> ret main15 () ~> call main14 _5895 )
#Or
  T ==K ( call main16 _2 ~> call getUser () ~> ret getUser _42 ~> ret main16 () ~> call main15 _310 ~> ret main15 () ~> call main1 _2580 )
#Or
  T ==K ( call main16 _2 ~> call getUser () ~> ret getUser _42 ~> ret main16 () ~> call main15 _310 ~> ret main15 () ~> call main12 _1698 )
#Or
  T ==K ( call main16 _2 ~> call getUser () ~> ret getUser _42 ~> ret main16 () ~> call main15 _310 ~> ret main15 () ~> call main14 _1527 )
#Or
  T ==K ( call main16 _2 ~> call getUser () ~> ret getUser _42 ~> ret main16 () ~> call main15 _1224 ~> call send _1224 ~> ret send () ~> ret main15 () ~> call main1 _18504 )
#Or
  T ==K ( call main16 _2 ~> call getUser () ~> ret getUser _42 ~> ret main16 () ~> call main15 _1224 ~> call send _1224 ~> ret send () ~> ret main15 () ~> call main12 _16176 )
#Or
  T ==K ( call main16 _2 ~> call getUser () ~> ret getUser _42 ~> ret main16 () ~> call main15 _1224 ~> call send _1224 ~> ret send () ~> ret main15 () ~> call main14 _15481 )
#Or
  T ==K ( call main16 _2 ~> call getUser () ~> ret getUser _42 ~> ret main16 () ~> call main15 _1224 ~> ret main15 () ~> call main1 _8302 )
#Or
  T ==K ( call main16 _2 ~> call getUser () ~> ret getUser _42 ~> ret main16 () ~> call main15 _1224 ~> ret main15 () ~> call main12 _5882 )
#Or
  T ==K ( call main16 _2 ~> call getUser () ~> ret getUser _42 ~> ret main16 () ~> call main15 _1224 ~> ret main15 () ~> call main14 _5377 )
#Or
  T ==K ( call main16 _2 ~> call getUser () ~> ret getUser _42 ~> ret main16 () ~> call main16 _212 ~> call getUser () ~> ret getUser _842 ~> ret main16 () ~> call main1 _4156 )
#Or
  T ==K ( call main16 _2 ~> call getUser () ~> ret getUser _42 ~> ret main16 () ~> call main16 _212 ~> call getUser () ~> ret getUser _842 ~> ret main16 () ~> call main1 _12523 )
#Or
  T ==K ( call main16 _2 ~> call getUser () ~> ret getUser _42 ~> ret main16 () ~> call main16 _212 ~> call getUser () ~> ret getUser _842 ~> ret main16 () ~> call main12 _2940 )
#Or
  T ==K ( call main16 _2 ~> call getUser () ~> ret getUser _42 ~> ret main16 () ~> call main16 _212 ~> call getUser () ~> ret getUser _842 ~> ret main16 () ~> call main12 _9479 )
#Or
  T ==K ( call main16 _2 ~> call getUser () ~> ret getUser _42 ~> ret main16 () ~> call main16 _212 ~> call getUser () ~> ret getUser _842 ~> ret main16 () ~> call main14 _2700 )
#Or
  T ==K ( call main16 _2 ~> call getUser () ~> ret getUser _42 ~> ret main16 () ~> call main16 _212 ~> call getUser () ~> ret getUser _842 ~> ret main16 () ~> call main14 _8693 )
#Or
  T ==K ( call main16 _2 ~> call getUser () ~> ret getUser _42 ~> ret main16 () ~> call main16 _212 ~> ret main16 () ~> call main1 _1695 )
#Or
  T ==K ( call main16 _2 ~> call getUser () ~> ret getUser _42 ~> ret main16 () ~> call main16 _212 ~> ret main16 () ~> call main12 _1096 )
#Or
  T ==K ( call main16 _2 ~> call getUser () ~> ret getUser _42 ~> ret main16 () ~> call main16 _212 ~> ret main16 () ~> call main14 _970 )
#Or
  T ==K ( call main16 _2 ~> call getUser () ~> ret getUser _42 ~> ret main16 () ~> call main16 _734 ~> call getUser () ~> ret getUser _3441 ~> ret main16 () ~> call main1 _12510 )
#Or
  T ==K ( call main16 _2 ~> call getUser () ~> ret getUser _42 ~> ret main16 () ~> call main16 _734 ~> call getUser () ~> ret getUser _3441 ~> ret main16 () ~> call main1 _21039 )
#Or
  T ==K ( call main16 _2 ~> call getUser () ~> ret getUser _42 ~> ret main16 () ~> call main16 _734 ~> call getUser () ~> ret getUser _3441 ~> ret main16 () ~> call main12 _9467 )
#Or
  T ==K ( call main16 _2 ~> call getUser () ~> ret getUser _42 ~> ret main16 () ~> call main16 _734 ~> call getUser () ~> ret getUser _3441 ~> ret main16 () ~> call main12 _18814 )
#Or
  T ==K ( call main16 _2 ~> call getUser () ~> ret getUser _42 ~> ret main16 () ~> call main16 _734 ~> call getUser () ~> ret getUser _3441 ~> ret main16 () ~> call main14 _8683 )
#Or
  T ==K ( call main16 _2 ~> call getUser () ~> ret getUser _42 ~> ret main16 () ~> call main16 _734 ~> call getUser () ~> ret getUser _3441 ~> ret main16 () ~> call main14 _18173 )
#Or
  T ==K ( call main16 _2 ~> call getUser () ~> ret getUser _42 ~> ret main16 () ~> call main16 _734 ~> ret main16 () ~> call main1 _5879 )
#Or
  T ==K ( call main16 _2 ~> call getUser () ~> ret getUser _42 ~> ret main16 () ~> call main16 _734 ~> ret main16 () ~> call main12 _4149 )
#Or
  T ==K ( call main16 _2 ~> call getUser () ~> ret getUser _42 ~> ret main16 () ~> call main16 _734 ~> ret main16 () ~> call main14 _3778 )
#Or
  T ==K ( call main16 _2 ~> call getUser () ~> ret getUser _42 ~> ret main16 () ~> call main17 _455 ~> call send _455 ~> ret send () ~> ret main17 () ~> call main1 _12563 )
#Or
  T ==K ( call main16 _2 ~> call getUser () ~> ret getUser _42 ~> ret main16 () ~> call main17 _455 ~> call send _455 ~> ret send () ~> ret main17 () ~> call main12 _9521 )
#Or
  T ==K ( call main16 _2 ~> call getUser () ~> ret getUser _42 ~> ret main16 () ~> call main17 _455 ~> call send _455 ~> ret send () ~> ret main17 () ~> call main14 _8729 )
#Or
  T ==K ( call main16 _2 ~> call getUser () ~> ret getUser _42 ~> ret main16 () ~> call main17 _455 ~> ret main17 () ~> call main1 _3799 )
#Or
  T ==K ( call main16 _2 ~> call getUser () ~> ret getUser _42 ~> ret main16 () ~> call main17 _455 ~> ret main17 () ~> call main12 _2709 )
#Or
  T ==K ( call main16 _2 ~> call getUser () ~> ret getUser _42 ~> ret main16 () ~> call main17 _455 ~> ret main17 () ~> call main14 _2456 )
#Or
  T ==K ( call main16 _2 ~> call getUser () ~> ret getUser _42 ~> ret main16 () ~> call main17 _1978 ~> call send _1978 ~> ret send () ~> ret main17 () ~> call main1 _21079 )
#Or
  T ==K ( call main16 _2 ~> call getUser () ~> ret getUser _42 ~> ret main16 () ~> call main17 _1978 ~> call send _1978 ~> ret send () ~> ret main17 () ~> call main12 _18857 )
#Or
  T ==K ( call main16 _2 ~> call getUser () ~> ret getUser _42 ~> ret main16 () ~> call main17 _1978 ~> call send _1978 ~> ret send () ~> ret main17 () ~> call main14 _18209 )
#Or
  T ==K ( call main16 _2 ~> call getUser () ~> ret getUser _42 ~> ret main16 () ~> call main17 _1978 ~> ret main17 () ~> call main1 _11734 )
#Or
  T ==K ( call main16 _2 ~> call getUser () ~> ret getUser _42 ~> ret main16 () ~> call main17 _1978 ~> ret main17 () ~> call main12 _8692 )
#Or
  T ==K ( call main16 _2 ~> call getUser () ~> ret getUser _42 ~> ret main16 () ~> call main17 _1978 ~> ret main17 () ~> call main14 _7934 )
#Or
  T ==K ( call main16 _2 ~> call getUser () ~> ret getUser _42 ~> ret main16 () ~> call main20 _404 ~> ret main20 () ~> call main1 _3318 )
#Or
  T ==K ( call main16 _2 ~> call getUser () ~> ret getUser _42 ~> ret main16 () ~> call main20 _404 ~> ret main20 () ~> call main12 _2321 )
#Or
  T ==K ( call main16 _2 ~> call getUser () ~> ret getUser _42 ~> ret main16 () ~> call main20 _404 ~> ret main20 () ~> call main14 _2098 )
#Or
  T ==K ( call main16 _2 ~> call getUser () ~> ret getUser _42 ~> ret main16 () ~> call main20 _1692 ~> ret main20 () ~> call main1 _10619 )
#Or
  T ==K ( call main16 _2 ~> call getUser () ~> ret getUser _42 ~> ret main16 () ~> call main20 _1692 ~> ret main20 () ~> call main12 _7575 )
#Or
  T ==K ( call main16 _2 ~> call getUser () ~> ret getUser _42 ~> ret main16 () ~> call main20 _1692 ~> ret main20 () ~> call main14 _6961 )
#Or
  T ==K ( call main16 _2 ~> ret main16 () ~> call main1 _124 )
#Or
  T ==K ( call main16 _2 ~> ret main16 () ~> call main3 _108 ~> call syscall _108 ~> ret syscall () ~> ret main3 () ~> call main1 _1382 )
#Or
  T ==K ( call main16 _2 ~> ret main16 () ~> call main3 _108 ~> call syscall _108 ~> ret syscall () ~> ret main3 () ~> call main12 _858 )
#Or
  T ==K ( call main16 _2 ~> ret main16 () ~> call main3 _108 ~> call syscall _108 ~> ret syscall () ~> ret main3 () ~> call main14 _744 )
#Or
  T ==K ( call main16 _2 ~> ret main16 () ~> call main10 _81 ~> call userExec _240 ~> ret userExec () ~> ret main10 () ~> call _240 () )
#Or
  T ==K ( call main16 _2 ~> ret main16 () ~> call main10 _81 ~> call userExec _240 ~> ret userExec () ~> ret main10 () ~> call main1 _1623 )
#Or
  T ==K ( call main16 _2 ~> ret main16 () ~> call main10 _81 ~> call userExec _240 ~> ret userExec () ~> ret main10 () ~> call main12 _980 )
#Or
  T ==K ( call main16 _2 ~> ret main16 () ~> call main10 _81 ~> call userExec _240 ~> ret userExec () ~> ret main10 () ~> call main14 _854 )
#Or
  T ==K ( call main16 _2 ~> ret main16 () ~> call main11 _132 ~> ret main11 () ~> call main1 _1714 )
#Or
  T ==K ( call main16 _2 ~> ret main16 () ~> call main11 _132 ~> ret main11 () ~> call main12 _1109 )
#Or
  T ==K ( call main16 _2 ~> ret main16 () ~> call main11 _132 ~> ret main11 () ~> call main14 _983 )
#Or
  T ==K ( call main16 _2 ~> ret main16 () ~> call main12 _69 )
#Or
  T ==K ( call main16 _2 ~> ret main16 () ~> call main14 _55 )
#Or
  T ==K ( call main16 _2 ~> ret main16 () ~> call main15 _100 ~> call send _100 ~> ret send () ~> ret main15 () ~> call main1 _3997 )
#Or
  T ==K ( call main16 _2 ~> ret main16 () ~> call main15 _100 ~> call send _100 ~> ret send () ~> ret main15 () ~> call main12 _2839 )
#Or
  T ==K ( call main16 _2 ~> ret main16 () ~> call main15 _100 ~> call send _100 ~> ret send () ~> ret main15 () ~> call main14 _2596 )
#Or
  T ==K ( call main16 _2 ~> ret main16 () ~> call main15 _100 ~> ret main15 () ~> call main1 _920 )
#Or
  T ==K ( call main16 _2 ~> ret main16 () ~> call main15 _100 ~> ret main15 () ~> call main12 _583 )
#Or
  T ==K ( call main16 _2 ~> ret main16 () ~> call main15 _100 ~> ret main15 () ~> call main14 _532 )
#Or
  T ==K ( call main16 _2 ~> ret main16 () ~> call main16 _49 ~> call getUser () ~> ret getUser _337 ~> ret main16 () ~> call main1 _1704 )
#Or
  T ==K ( call main16 _2 ~> ret main16 () ~> call main16 _49 ~> call getUser () ~> ret getUser _337 ~> ret main16 () ~> call main1 _5907 )
#Or
  T ==K ( call main16 _2 ~> ret main16 () ~> call main16 _49 ~> call getUser () ~> ret getUser _337 ~> ret main16 () ~> call main12 _1102 )
#Or
  T ==K ( call main16 _2 ~> ret main16 () ~> call main16 _49 ~> call getUser () ~> ret getUser _337 ~> ret main16 () ~> call main12 _4169 )
#Or
  T ==K ( call main16 _2 ~> ret main16 () ~> call main16 _49 ~> call getUser () ~> ret getUser _337 ~> ret main16 () ~> call main14 _977 )
#Or
  T ==K ( call main16 _2 ~> ret main16 () ~> call main16 _49 ~> call getUser () ~> ret getUser _337 ~> ret main16 () ~> call main14 _3800 )
#Or
  T ==K ( call main16 _2 ~> ret main16 () ~> call main16 _49 ~> ret main16 () ~> call main1 _580 )
#Or
  T ==K ( call main16 _2 ~> ret main16 () ~> call main16 _49 ~> ret main16 () ~> call main12 _407 )
#Or
  T ==K ( call main16 _2 ~> ret main16 () ~> call main16 _49 ~> ret main16 () ~> call main14 _370 )
#Or
  T ==K ( call main16 _2 ~> ret main16 () ~> call main17 _183 ~> call send _183 ~> ret send () ~> ret main17 () ~> call main1 _5947 )
#Or
  T ==K ( call main16 _2 ~> ret main16 () ~> call main17 _183 ~> call send _183 ~> ret send () ~> ret main17 () ~> call main12 _4211 )
#Or
  T ==K ( call main16 _2 ~> ret main16 () ~> call main17 _183 ~> call send _183 ~> ret send () ~> ret main17 () ~> call main14 _3836 )
#Or
  T ==K ( call main16 _2 ~> ret main16 () ~> call main17 _183 ~> ret main17 () ~> call main1 _1545 )
#Or
  T ==K ( call main16 _2 ~> ret main16 () ~> call main17 _183 ~> ret main17 () ~> call main12 _986 )
#Or
  T ==K ( call main16 _2 ~> ret main16 () ~> call main17 _183 ~> ret main17 () ~> call main14 _863 )
#Or
  T ==K ( call main16 _2 ~> ret main16 () ~> call main20 _150 ~> ret main20 () ~> call main1 _1309 )
#Or
  T ==K ( call main16 _2 ~> ret main16 () ~> call main20 _150 ~> ret main20 () ~> call main12 _799 )
#Or
  T ==K ( call main16 _2 ~> ret main16 () ~> call main20 _150 ~> ret main20 () ~> call main14 _701 )
#Or
  T ==K ( call main17 _22 ~> call send _22 ~> ret send () ~> ret main17 () ~> call main1 _1512 )
#Or
  T ==K ( call main17 _22 ~> call send _22 ~> ret send () ~> ret main17 () ~> call main3 _1358 ~> call syscall _1358 ~> ret syscall () ~> ret main3 () ~> call main1 _11304 )
#Or
  T ==K ( call main17 _22 ~> call send _22 ~> ret send () ~> ret main17 () ~> call main3 _1358 ~> call syscall _1358 ~> ret syscall () ~> ret main3 () ~> call main12 _8246 )
#Or
  T ==K ( call main17 _22 ~> call send _22 ~> ret send () ~> ret main17 () ~> call main3 _1358 ~> call syscall _1358 ~> ret syscall () ~> ret main3 () ~> call main14 _7526 )
#Or
  T ==K ( call main17 _22 ~> call send _22 ~> ret send () ~> ret main17 () ~> call main10 _1086 ~> call userExec _2557 ~> ret userExec () ~> ret main10 () ~> call _2557 () )
#Or
  T ==K ( call main17 _22 ~> call send _22 ~> ret send () ~> ret main17 () ~> call main10 _1086 ~> call userExec _2557 ~> ret userExec () ~> ret main10 () ~> call main1 _12454 )
#Or
  T ==K ( call main17 _22 ~> call send _22 ~> ret send () ~> ret main17 () ~> call main10 _1086 ~> call userExec _2557 ~> ret userExec () ~> ret main10 () ~> call main12 _9019 )
#Or
  T ==K ( call main17 _22 ~> call send _22 ~> ret send () ~> ret main17 () ~> call main10 _1086 ~> call userExec _2557 ~> ret userExec () ~> ret main10 () ~> call main14 _8242 )
#Or
  T ==K ( call main17 _22 ~> call send _22 ~> ret send () ~> ret main17 () ~> call main11 _1597 ~> ret main11 () ~> call main1 _12848 )
#Or
  T ==K ( call main17 _22 ~> call send _22 ~> ret send () ~> ret main17 () ~> call main11 _1597 ~> ret main11 () ~> call main12 _9820 )
#Or
  T ==K ( call main17 _22 ~> call send _22 ~> ret send () ~> ret main17 () ~> call main11 _1597 ~> ret main11 () ~> call main14 _9022 )
#Or
  T ==K ( call main17 _22 ~> call send _22 ~> ret send () ~> ret main17 () ~> call main12 _961 )
#Or
  T ==K ( call main17 _22 ~> call send _22 ~> ret send () ~> ret main17 () ~> call main14 _834 )
#Or
  T ==K ( call main17 _22 ~> call send _22 ~> ret send () ~> ret main17 () ~> call main15 _1285 ~> call send _1285 ~> ret send () ~> ret main15 () ~> call main1 _18755 )
#Or
  T ==K ( call main17 _22 ~> call send _22 ~> ret send () ~> ret main17 () ~> call main15 _1285 ~> call send _1285 ~> ret send () ~> ret main15 () ~> call main12 _16445 )
#Or
  T ==K ( call main17 _22 ~> call send _22 ~> ret send () ~> ret main17 () ~> call main15 _1285 ~> call send _1285 ~> ret send () ~> ret main15 () ~> call main14 _15756 )
#Or
  T ==K ( call main17 _22 ~> call send _22 ~> ret send () ~> ret main17 () ~> call main15 _1285 ~> ret main15 () ~> call main1 _8628 )
#Or
  T ==K ( call main17 _22 ~> call send _22 ~> ret send () ~> ret main17 () ~> call main15 _1285 ~> ret main15 () ~> call main12 _6105 )
#Or
  T ==K ( call main17 _22 ~> call send _22 ~> ret send () ~> ret main17 () ~> call main15 _1285 ~> ret main15 () ~> call main14 _5599 )
#Or
  T ==K ( call main17 _22 ~> call send _22 ~> ret send () ~> ret main17 () ~> call main16 _777 ~> call getUser () ~> ret getUser _3589 ~> ret main16 () ~> call main1 _12838 )
#Or
  T ==K ( call main17 _22 ~> call send _22 ~> ret send () ~> ret main17 () ~> call main16 _777 ~> call getUser () ~> ret getUser _3589 ~> ret main16 () ~> call main1 _21233 )
#Or
  T ==K ( call main17 _22 ~> call send _22 ~> ret send () ~> ret main17 () ~> call main16 _777 ~> call getUser () ~> ret getUser _3589 ~> ret main16 () ~> call main12 _9813 )
#Or
  T ==K ( call main17 _22 ~> call send _22 ~> ret send () ~> ret main17 () ~> call main16 _777 ~> call getUser () ~> ret getUser _3589 ~> ret main16 () ~> call main12 _19066 )
#Or
  T ==K ( call main17 _22 ~> call send _22 ~> ret send () ~> ret main17 () ~> call main16 _777 ~> call getUser () ~> ret getUser _3589 ~> ret main16 () ~> call main14 _9016 )
#Or
  T ==K ( call main17 _22 ~> call send _22 ~> ret send () ~> ret main17 () ~> call main16 _777 ~> call getUser () ~> ret getUser _3589 ~> ret main16 () ~> call main14 _18416 )
#Or
  T ==K ( call main17 _22 ~> call send _22 ~> ret send () ~> ret main17 () ~> call main16 _777 ~> ret main16 () ~> call main1 _6102 )
#Or
  T ==K ( call main17 _22 ~> call send _22 ~> ret send () ~> ret main17 () ~> call main16 _777 ~> ret main16 () ~> call main12 _4311 )
#Or
  T ==K ( call main17 _22 ~> call send _22 ~> ret send () ~> ret main17 () ~> call main16 _777 ~> ret main16 () ~> call main14 _3936 )
#Or
  T ==K ( call main17 _22 ~> call send _22 ~> ret send () ~> ret main17 () ~> call main17 _2074 ~> call send _2074 ~> ret send () ~> ret main17 () ~> call main1 _21272 )
#Or
  T ==K ( call main17 _22 ~> call send _22 ~> ret send () ~> ret main17 () ~> call main17 _2074 ~> call send _2074 ~> ret send () ~> ret main17 () ~> call main12 _19108 )
#Or
  T ==K ( call main17 _22 ~> call send _22 ~> ret send () ~> ret main17 () ~> call main17 _2074 ~> call send _2074 ~> ret send () ~> ret main17 () ~> call main14 _18452 )
#Or
  T ==K ( call main17 _22 ~> call send _22 ~> ret send () ~> ret main17 () ~> call main17 _2074 ~> ret main17 () ~> call main1 _12073 )
#Or
  T ==K ( call main17 _22 ~> call send _22 ~> ret send () ~> ret main17 () ~> call main17 _2074 ~> ret main17 () ~> call main12 _9025 )
#Or
  T ==K ( call main17 _22 ~> call send _22 ~> ret send () ~> ret main17 () ~> call main17 _2074 ~> ret main17 () ~> call main14 _8251 )
#Or
  T ==K ( call main17 _22 ~> call send _22 ~> ret send () ~> ret main17 () ~> call main20 _1772 ~> ret main20 () ~> call main1 _10936 )
#Or
  T ==K ( call main17 _22 ~> call send _22 ~> ret send () ~> ret main17 () ~> call main20 _1772 ~> ret main20 () ~> call main12 _7877 )
#Or
  T ==K ( call main17 _22 ~> call send _22 ~> ret send () ~> ret main17 () ~> call main20 _1772 ~> ret main20 () ~> call main14 _7212 )
#Or
  T ==K ( call main17 _22 ~> ret main17 () ~> call main1 _334 )
#Or
  T ==K ( call main17 _22 ~> ret main17 () ~> call main3 _308 ~> call syscall _308 ~> ret syscall () ~> ret main3 () ~> call main1 _3300 )
#Or
  T ==K ( call main17 _22 ~> ret main17 () ~> call main3 _308 ~> call syscall _308 ~> ret syscall () ~> ret main3 () ~> call main12 _2301 )
#Or
  T ==K ( call main17 _22 ~> ret main17 () ~> call main3 _308 ~> call syscall _308 ~> ret syscall () ~> ret main3 () ~> call main14 _2083 )
#Or
  T ==K ( call main17 _22 ~> ret main17 () ~> call main10 _260 ~> call userExec _523 ~> ret userExec () ~> ret main10 () ~> call _523 () )
#Or
  T ==K ( call main17 _22 ~> ret main17 () ~> call main10 _260 ~> call userExec _523 ~> ret userExec () ~> ret main10 () ~> call main1 _3768 )
#Or
  T ==K ( call main17 _22 ~> ret main17 () ~> call main10 _260 ~> call userExec _523 ~> ret userExec () ~> ret main10 () ~> call main12 _2562 )
#Or
  T ==K ( call main17 _22 ~> ret main17 () ~> call main10 _260 ~> call userExec _523 ~> ret userExec () ~> ret main10 () ~> call main14 _2297 )
#Or
  T ==K ( call main17 _22 ~> ret main17 () ~> call main11 _350 ~> ret main11 () ~> call main1 _3954 )
#Or
  T ==K ( call main17 _22 ~> ret main17 () ~> call main11 _350 ~> ret main11 () ~> call main12 _2811 )
#Or
  T ==K ( call main17 _22 ~> ret main17 () ~> call main11 _350 ~> ret main11 () ~> call main14 _2565 )
#Or
  T ==K ( call main17 _22 ~> ret main17 () ~> call main12 _235 )
#Or
  T ==K ( call main17 _22 ~> ret main17 () ~> call main14 _209 )
#Or
  T ==K ( call main17 _22 ~> ret main17 () ~> call main15 _294 ~> call send _294 ~> ret send () ~> ret main15 () ~> call main1 _8653 )
#Or
  T ==K ( call main17 _22 ~> ret main17 () ~> call main15 _294 ~> call send _294 ~> ret send () ~> ret main15 () ~> call main12 _6117 )
#Or
  T ==K ( call main17 _22 ~> ret main17 () ~> call main15 _294 ~> call send _294 ~> ret send () ~> ret main15 () ~> call main14 _5610 )
#Or
  T ==K ( call main17 _22 ~> ret main17 () ~> call main15 _294 ~> ret main15 () ~> call main1 _2431 )
#Or
  T ==K ( call main17 _22 ~> ret main17 () ~> call main15 _294 ~> ret main15 () ~> call main12 _1603 )
#Or
  T ==K ( call main17 _22 ~> ret main17 () ~> call main15 _294 ~> ret main15 () ~> call main14 _1443 )
#Or
  T ==K ( call main17 _22 ~> ret main17 () ~> call main16 _193 ~> call getUser () ~> ret getUser _778 ~> ret main16 () ~> call main1 _3944 )
#Or
  T ==K ( call main17 _22 ~> ret main17 () ~> call main16 _193 ~> call getUser () ~> ret getUser _778 ~> ret main16 () ~> call main1 _12074 )
#Or
  T ==K ( call main17 _22 ~> ret main17 () ~> call main16 _193 ~> call getUser () ~> ret getUser _778 ~> ret main16 () ~> call main12 _2804 )
#Or
  T ==K ( call main17 _22 ~> ret main17 () ~> call main16 _193 ~> call getUser () ~> ret getUser _778 ~> ret main16 () ~> call main12 _9026 )
#Or
  T ==K ( call main17 _22 ~> ret main17 () ~> call main16 _193 ~> call getUser () ~> ret getUser _778 ~> ret main16 () ~> call main14 _2559 )
#Or
  T ==K ( call main17 _22 ~> ret main17 () ~> call main16 _193 ~> call getUser () ~> ret getUser _778 ~> ret main16 () ~> call main14 _8252 )
#Or
  T ==K ( call main17 _22 ~> ret main17 () ~> call main16 _193 ~> ret main16 () ~> call main1 _1600 )
#Or
  T ==K ( call main17 _22 ~> ret main17 () ~> call main16 _193 ~> ret main16 () ~> call main12 _1025 )
#Or
  T ==K ( call main17 _22 ~> ret main17 () ~> call main16 _193 ~> ret main16 () ~> call main14 _899 )
#Or
  T ==K ( call main17 _22 ~> ret main17 () ~> call main17 _436 ~> call send _436 ~> ret send () ~> ret main17 () ~> call main1 _12113 )
#Or
  T ==K ( call main17 _22 ~> ret main17 () ~> call main17 _436 ~> call send _436 ~> ret send () ~> ret main17 () ~> call main12 _9068 )
#Or
  T ==K ( call main17 _22 ~> ret main17 () ~> call main17 _436 ~> call send _436 ~> ret send () ~> ret main17 () ~> call main14 _8288 )
#Or
  T ==K ( call main17 _22 ~> ret main17 () ~> call main17 _436 ~> ret main17 () ~> call main1 _3610 )
#Or
  T ==K ( call main17 _22 ~> ret main17 () ~> call main17 _436 ~> ret main17 () ~> call main12 _2568 )
#Or
  T ==K ( call main17 _22 ~> ret main17 () ~> call main17 _436 ~> ret main17 () ~> call main14 _2306 )
#Or
  T ==K ( call main17 _22 ~> ret main17 () ~> call main20 _385 ~> ret main20 () ~> call main1 _3174 )
#Or
  T ==K ( call main17 _22 ~> ret main17 () ~> call main20 _385 ~> ret main20 () ~> call main12 _2193 )
#Or
  T ==K ( call main17 _22 ~> ret main17 () ~> call main20 _385 ~> ret main20 () ~> call main14 _1974 )
#Or
  T ==K ( call main20 _18 ~> ret main20 () ~> call main1 _292 )
#Or
  T ==K ( call main20 _18 ~> ret main20 () ~> call main3 _270 ~> call syscall _270 ~> ret syscall () ~> ret main3 () ~> call main1 _2918 )
#Or
  T ==K ( call main20 _18 ~> ret main20 () ~> call main3 _270 ~> call syscall _270 ~> ret syscall () ~> ret main3 () ~> call main12 _1959 )
#Or
  T ==K ( call main20 _18 ~> ret main20 () ~> call main3 _270 ~> call syscall _270 ~> ret syscall () ~> ret main3 () ~> call main14 _1767 )
#Or
  T ==K ( call main20 _18 ~> ret main20 () ~> call main10 _222 ~> call userExec _451 ~> ret userExec () ~> ret main10 () ~> call _451 () )
#Or
  T ==K ( call main20 _18 ~> ret main20 () ~> call main10 _222 ~> call userExec _451 ~> ret userExec () ~> ret main10 () ~> call main1 _3283 )
#Or
  T ==K ( call main20 _18 ~> ret main20 () ~> call main10 _222 ~> call userExec _451 ~> ret userExec () ~> ret main10 () ~> call main12 _2173 )
#Or
  T ==K ( call main20 _18 ~> ret main20 () ~> call main10 _222 ~> call userExec _451 ~> ret userExec () ~> ret main10 () ~> call main14 _1955 )
#Or
  T ==K ( call main20 _18 ~> ret main20 () ~> call main11 _305 ~> ret main11 () ~> call main1 _3424 )
#Or
  T ==K ( call main20 _18 ~> ret main20 () ~> call main11 _305 ~> ret main11 () ~> call main12 _2417 )
#Or
  T ==K ( call main20 _18 ~> ret main20 () ~> call main11 _305 ~> ret main11 () ~> call main14 _2176 )
#Or
  T ==K ( call main20 _18 ~> ret main20 () ~> call main12 _191 )
#Or
  T ==K ( call main20 _18 ~> ret main20 () ~> call main14 _166 )
#Or
  T ==K ( call main20 _18 ~> ret main20 () ~> call main15 _258 ~> call send _258 ~> ret send () ~> ret main15 () ~> call main1 _7489 )
#Or
  T ==K ( call main20 _18 ~> ret main20 () ~> call main15 _258 ~> call send _258 ~> ret send () ~> ret main15 () ~> call main12 _5328 )
#Or
  T ==K ( call main20 _18 ~> ret main20 () ~> call main15 _258 ~> call send _258 ~> ret send () ~> ret main15 () ~> call main14 _4888 )
#Or
  T ==K ( call main20 _18 ~> ret main20 () ~> call main15 _258 ~> ret main15 () ~> call main1 _2066 )
#Or
  T ==K ( call main20 _18 ~> ret main20 () ~> call main15 _258 ~> ret main15 () ~> call main12 _1353 )
#Or
  T ==K ( call main20 _18 ~> ret main20 () ~> call main15 _258 ~> ret main15 () ~> call main14 _1214 )
#Or
  T ==K ( call main20 _18 ~> ret main20 () ~> call main16 _156 ~> call getUser () ~> ret getUser _648 ~> ret main16 () ~> call main1 _3414 )
#Or
  T ==K ( call main20 _18 ~> ret main20 () ~> call main16 _156 ~> call getUser () ~> ret getUser _648 ~> ret main16 () ~> call main1 _10882 )
#Or
  T ==K ( call main20 _18 ~> ret main20 () ~> call main16 _156 ~> call getUser () ~> ret getUser _648 ~> ret main16 () ~> call main12 _2410 )
#Or
  T ==K ( call main20 _18 ~> ret main20 () ~> call main16 _156 ~> call getUser () ~> ret getUser _648 ~> ret main16 () ~> call main12 _7818 )
#Or
  T ==K ( call main20 _18 ~> ret main20 () ~> call main16 _156 ~> call getUser () ~> ret getUser _648 ~> ret main16 () ~> call main14 _2170 )
#Or
  T ==K ( call main20 _18 ~> ret main20 () ~> call main16 _156 ~> call getUser () ~> ret getUser _648 ~> ret main16 () ~> call main14 _7162 )
#Or
  T ==K ( call main20 _18 ~> ret main20 () ~> call main16 _156 ~> ret main16 () ~> call main1 _1350 )
#Or
  T ==K ( call main20 _18 ~> ret main20 () ~> call main16 _156 ~> ret main16 () ~> call main12 _829 )
#Or
  T ==K ( call main20 _18 ~> ret main20 () ~> call main16 _156 ~> ret main16 () ~> call main14 _724 )
#Or
  T ==K ( call main20 _18 ~> ret main20 () ~> call main17 _383 ~> call send _383 ~> ret send () ~> ret main17 () ~> call main1 _10922 )
#Or
  T ==K ( call main20 _18 ~> ret main20 () ~> call main17 _383 ~> call send _383 ~> ret send () ~> ret main17 () ~> call main12 _7860 )
#Or
  T ==K ( call main20 _18 ~> ret main20 () ~> call main17 _383 ~> call send _383 ~> ret send () ~> ret main17 () ~> call main14 _7198 )
#Or
  T ==K ( call main20 _18 ~> ret main20 () ~> call main17 _383 ~> ret main17 () ~> call main1 _3163 )
#Or
  T ==K ( call main20 _18 ~> ret main20 () ~> call main17 _383 ~> ret main17 () ~> call main12 _2179 )
#Or
  T ==K ( call main20 _18 ~> ret main20 () ~> call main17 _383 ~> ret main17 () ~> call main14 _1964 )
#Or
  T ==K ( call main20 _18 ~> ret main20 () ~> call main20 _332 ~> ret main20 () ~> call main1 _2798 )
#Or
  T ==K ( call main20 _18 ~> ret main20 () ~> call main20 _332 ~> ret main20 () ~> call main12 _1863 )
#Or
  T ==K ( call main20 _18 ~> ret main20 () ~> call main20 _332 ~> ret main20 () ~> call main14 _1679 )
#Or
  T ==K call main1 _14
#Or
  T ==K call main12 _5
#Or
  T ==K call main14 _3

real	1m29.875s
user	2m10.925s
sys	0m6.263s
