  T ==K ( call run () ~> call getInput () ~> call run () ~> call getInput () ~> call run () ~> call getInput () ~> ret getInput _7 ~> ret run () ~> call run () ~> call getInput () ~> ret getInput _20 ~> ret run () ~> call run () ~> call getInput () ~> ret getInput _44 ~> ret run () ~> ret getInput _61 )
#Or
  T ==K ( call run () ~> call getInput () ~> call run () ~> call getInput () ~> call run () ~> call getInput () ~> ret getInput _7 ~> ret run () ~> call run () ~> call getInput () ~> ret getInput _20 ~> ret run () ~> ret getInput _32 )
#Or
  T ==K ( call run () ~> call getInput () ~> call run () ~> call getInput () ~> call run () ~> call getInput () ~> ret getInput _7 ~> ret run () ~> ret getInput _13 )
#Or
  T ==K ( call run () ~> call getInput () ~> call run () ~> call getInput () ~> ret getInput _4 ~> ret run () ~> call run () ~> call getInput () ~> call run () ~> call getInput () ~> ret getInput _21 ~> ret run () ~> call run () ~> call getInput () ~> ret getInput _45 ~> ret run () ~> call run () ~> call getInput () ~> ret getInput _76 ~> ret run () ~> ret getInput _93 )
#Or
  T ==K ( call run () ~> call getInput () ~> call run () ~> call getInput () ~> ret getInput _4 ~> ret run () ~> call run () ~> call getInput () ~> call run () ~> call getInput () ~> ret getInput _21 ~> ret run () ~> call run () ~> call getInput () ~> ret getInput _45 ~> ret run () ~> ret getInput _62 )
#Or
  T ==K ( call run () ~> call getInput () ~> call run () ~> call getInput () ~> ret getInput _4 ~> ret run () ~> call run () ~> call getInput () ~> call run () ~> call getInput () ~> ret getInput _21 ~> ret run () ~> ret getInput _33 )
#Or
  T ==K ( call run () ~> call getInput () ~> call run () ~> call getInput () ~> ret getInput _4 ~> ret run () ~> call run () ~> call getInput () ~> ret getInput _15 ~> ret run () ~> call run () ~> call getInput () ~> call run () ~> call getInput () ~> ret getInput _46 ~> ret run () ~> call run () ~> call getInput () ~> ret getInput _77 ~> ret run () ~> call run () ~> call getInput () ~> ret getInput _107 ~> ret run () ~> ret getInput _120 )
#Or
  T ==K ( call run () ~> call getInput () ~> call run () ~> call getInput () ~> ret getInput _4 ~> ret run () ~> call run () ~> call getInput () ~> ret getInput _15 ~> ret run () ~> call run () ~> call getInput () ~> call run () ~> call getInput () ~> ret getInput _46 ~> ret run () ~> call run () ~> call getInput () ~> ret getInput _77 ~> ret run () ~> ret getInput _94 )
#Or
  T ==K ( call run () ~> call getInput () ~> call run () ~> call getInput () ~> ret getInput _4 ~> ret run () ~> call run () ~> call getInput () ~> ret getInput _15 ~> ret run () ~> call run () ~> call getInput () ~> call run () ~> call getInput () ~> ret getInput _46 ~> ret run () ~> ret getInput _63 )
#Or
  T ==K ( call run () ~> call getInput () ~> call run () ~> call getInput () ~> ret getInput _4 ~> ret run () ~> call run () ~> call getInput () ~> ret getInput _15 ~> ret run () ~> call run () ~> call getInput () ~> ret getInput _37 ~> ret run () ~> ret getInput _47 )
#Or
  T ==K ( call run () ~> call getInput () ~> call run () ~> call getInput () ~> ret getInput _4 ~> ret run () ~> call run () ~> call getInput () ~> ret getInput _15 ~> ret run () ~> ret getInput _22 )
#Or
  T ==K ( call run () ~> call getInput () ~> call run () ~> call getInput () ~> ret getInput _4 ~> ret run () ~> ret getInput _8 )
#Or
  T ==K ( call run () ~> call getInput () ~> ret getInput _2 ~> ret run () ~> call run () ~> call getInput () ~> call run () ~> call getInput () ~> call run () ~> call getInput () ~> ret getInput _23 ~> ret run () ~> call run () ~> call getInput () ~> ret getInput _48 ~> ret run () ~> call run () ~> call getInput () ~> ret getInput _78 ~> ret run () ~> ret getInput _95 )
#Or
  T ==K ( call run () ~> call getInput () ~> ret getInput _2 ~> ret run () ~> call run () ~> call getInput () ~> call run () ~> call getInput () ~> call run () ~> call getInput () ~> ret getInput _23 ~> ret run () ~> call run () ~> call getInput () ~> ret getInput _48 ~> ret run () ~> ret getInput _64 )
#Or
  T ==K ( call run () ~> call getInput () ~> ret getInput _2 ~> ret run () ~> call run () ~> call getInput () ~> call run () ~> call getInput () ~> call run () ~> call getInput () ~> ret getInput _23 ~> ret run () ~> ret getInput _34 )
#Or
  T ==K ( call run () ~> call getInput () ~> ret getInput _2 ~> ret run () ~> call run () ~> call getInput () ~> call run () ~> call getInput () ~> ret getInput _16 ~> ret run () ~> call run () ~> call getInput () ~> call run () ~> call getInput () ~> ret getInput _49 ~> ret run () ~> call run () ~> call getInput () ~> ret getInput _79 ~> ret run () ~> call run () ~> call getInput () ~> ret getInput _108 ~> ret run () ~> ret getInput _121 )
#Or
  T ==K ( call run () ~> call getInput () ~> ret getInput _2 ~> ret run () ~> call run () ~> call getInput () ~> call run () ~> call getInput () ~> ret getInput _16 ~> ret run () ~> call run () ~> call getInput () ~> call run () ~> call getInput () ~> ret getInput _49 ~> ret run () ~> call run () ~> call getInput () ~> ret getInput _79 ~> ret run () ~> ret getInput _96 )
#Or
  T ==K ( call run () ~> call getInput () ~> ret getInput _2 ~> ret run () ~> call run () ~> call getInput () ~> call run () ~> call getInput () ~> ret getInput _16 ~> ret run () ~> call run () ~> call getInput () ~> call run () ~> call getInput () ~> ret getInput _49 ~> ret run () ~> ret getInput _65 )
#Or
  T ==K ( call run () ~> call getInput () ~> ret getInput _2 ~> ret run () ~> call run () ~> call getInput () ~> call run () ~> call getInput () ~> ret getInput _16 ~> ret run () ~> call run () ~> call getInput () ~> ret getInput _39 ~> ret run () ~> call run () ~> call getInput () ~> call run () ~> call getInput () ~> ret getInput _80 ~> ret run () ~> call run () ~> call getInput () ~> ret getInput _109 ~> ret run () ~> call run () ~> call getInput () ~> ret getInput _129 ~> ret run () ~> ret getInput _135 )
#Or
  T ==K ( call run () ~> call getInput () ~> ret getInput _2 ~> ret run () ~> call run () ~> call getInput () ~> call run () ~> call getInput () ~> ret getInput _16 ~> ret run () ~> call run () ~> call getInput () ~> ret getInput _39 ~> ret run () ~> call run () ~> call getInput () ~> call run () ~> call getInput () ~> ret getInput _80 ~> ret run () ~> call run () ~> call getInput () ~> ret getInput _109 ~> ret run () ~> ret getInput _122 )
#Or
  T ==K ( call run () ~> call getInput () ~> ret getInput _2 ~> ret run () ~> call run () ~> call getInput () ~> call run () ~> call getInput () ~> ret getInput _16 ~> ret run () ~> call run () ~> call getInput () ~> ret getInput _39 ~> ret run () ~> call run () ~> call getInput () ~> call run () ~> call getInput () ~> ret getInput _80 ~> ret run () ~> ret getInput _97 )
#Or
  T ==K ( call run () ~> call getInput () ~> ret getInput _2 ~> ret run () ~> call run () ~> call getInput () ~> call run () ~> call getInput () ~> ret getInput _16 ~> ret run () ~> call run () ~> call getInput () ~> ret getInput _39 ~> ret run () ~> call run () ~> call getInput () ~> ret getInput _71 ~> ret run () ~> ret getInput _81 )
#Or
  T ==K ( call run () ~> call getInput () ~> ret getInput _2 ~> ret run () ~> call run () ~> call getInput () ~> call run () ~> call getInput () ~> ret getInput _16 ~> ret run () ~> call run () ~> call getInput () ~> ret getInput _39 ~> ret run () ~> ret getInput _50 )
#Or
  T ==K ( call run () ~> call getInput () ~> ret getInput _2 ~> ret run () ~> call run () ~> call getInput () ~> call run () ~> call getInput () ~> ret getInput _16 ~> ret run () ~> ret getInput _24 )
#Or
  T ==K ( call run () ~> call getInput () ~> ret getInput _2 ~> ret run () ~> call run () ~> call getInput () ~> ret getInput _11 ~> ret run () ~> call run () ~> call getInput () ~> call run () ~> call getInput () ~> call run () ~> call getInput () ~> ret getInput _51 ~> ret run () ~> call run () ~> call getInput () ~> ret getInput _82 ~> ret run () ~> call run () ~> call getInput () ~> ret getInput _110 ~> ret run () ~> ret getInput _123 )
#Or
  T ==K ( call run () ~> call getInput () ~> ret getInput _2 ~> ret run () ~> call run () ~> call getInput () ~> ret getInput _11 ~> ret run () ~> call run () ~> call getInput () ~> call run () ~> call getInput () ~> call run () ~> call getInput () ~> ret getInput _51 ~> ret run () ~> call run () ~> call getInput () ~> ret getInput _82 ~> ret run () ~> ret getInput _98 )
#Or
  T ==K ( call run () ~> call getInput () ~> ret getInput _2 ~> ret run () ~> call run () ~> call getInput () ~> ret getInput _11 ~> ret run () ~> call run () ~> call getInput () ~> call run () ~> call getInput () ~> call run () ~> call getInput () ~> ret getInput _51 ~> ret run () ~> ret getInput _66 )
#Or
  T ==K ( call run () ~> call getInput () ~> ret getInput _2 ~> ret run () ~> call run () ~> call getInput () ~> ret getInput _11 ~> ret run () ~> call run () ~> call getInput () ~> call run () ~> call getInput () ~> ret getInput _40 ~> ret run () ~> call run () ~> call getInput () ~> call run () ~> call getInput () ~> ret getInput _83 ~> ret run () ~> call run () ~> call getInput () ~> ret getInput _111 ~> ret run () ~> call run () ~> call getInput () ~> ret getInput _130 ~> ret run () ~> ret getInput _136 )
#Or
  T ==K ( call run () ~> call getInput () ~> ret getInput _2 ~> ret run () ~> call run () ~> call getInput () ~> ret getInput _11 ~> ret run () ~> call run () ~> call getInput () ~> call run () ~> call getInput () ~> ret getInput _40 ~> ret run () ~> call run () ~> call getInput () ~> call run () ~> call getInput () ~> ret getInput _83 ~> ret run () ~> call run () ~> call getInput () ~> ret getInput _111 ~> ret run () ~> ret getInput _124 )
#Or
  T ==K ( call run () ~> call getInput () ~> ret getInput _2 ~> ret run () ~> call run () ~> call getInput () ~> ret getInput _11 ~> ret run () ~> call run () ~> call getInput () ~> call run () ~> call getInput () ~> ret getInput _40 ~> ret run () ~> call run () ~> call getInput () ~> call run () ~> call getInput () ~> ret getInput _83 ~> ret run () ~> ret getInput _99 )
#Or
  T ==K ( call run () ~> call getInput () ~> ret getInput _2 ~> ret run () ~> call run () ~> call getInput () ~> ret getInput _11 ~> ret run () ~> call run () ~> call getInput () ~> call run () ~> call getInput () ~> ret getInput _40 ~> ret run () ~> call run () ~> call getInput () ~> ret getInput _73 ~> ret run () ~> call run () ~> call getInput () ~> call run () ~> call getInput () ~> ret getInput _112 ~> ret run () ~> call run () ~> call getInput () ~> ret getInput _131 ~> ret run () ~> call run () ~> call getInput () ~> ret getInput _139 ~> ret run () ~> ret getInput _141 )
#Or
  T ==K ( call run () ~> call getInput () ~> ret getInput _2 ~> ret run () ~> call run () ~> call getInput () ~> ret getInput _11 ~> ret run () ~> call run () ~> call getInput () ~> call run () ~> call getInput () ~> ret getInput _40 ~> ret run () ~> call run () ~> call getInput () ~> ret getInput _73 ~> ret run () ~> call run () ~> call getInput () ~> call run () ~> call getInput () ~> ret getInput _112 ~> ret run () ~> call run () ~> call getInput () ~> ret getInput _131 ~> ret run () ~> ret getInput _137 )
#Or
  T ==K ( call run () ~> call getInput () ~> ret getInput _2 ~> ret run () ~> call run () ~> call getInput () ~> ret getInput _11 ~> ret run () ~> call run () ~> call getInput () ~> call run () ~> call getInput () ~> ret getInput _40 ~> ret run () ~> call run () ~> call getInput () ~> ret getInput _73 ~> ret run () ~> call run () ~> call getInput () ~> call run () ~> call getInput () ~> ret getInput _112 ~> ret run () ~> ret getInput _125 )
#Or
  T ==K ( call run () ~> call getInput () ~> ret getInput _2 ~> ret run () ~> call run () ~> call getInput () ~> ret getInput _11 ~> ret run () ~> call run () ~> call getInput () ~> call run () ~> call getInput () ~> ret getInput _40 ~> ret run () ~> call run () ~> call getInput () ~> ret getInput _73 ~> ret run () ~> call run () ~> call getInput () ~> ret getInput _105 ~> ret run () ~> ret getInput _113 )
#Or
  T ==K ( call run () ~> call getInput () ~> ret getInput _2 ~> ret run () ~> call run () ~> call getInput () ~> ret getInput _11 ~> ret run () ~> call run () ~> call getInput () ~> call run () ~> call getInput () ~> ret getInput _40 ~> ret run () ~> call run () ~> call getInput () ~> ret getInput _73 ~> ret run () ~> ret getInput _84 )
#Or
  T ==K ( call run () ~> call getInput () ~> ret getInput _2 ~> ret run () ~> call run () ~> call getInput () ~> ret getInput _11 ~> ret run () ~> call run () ~> call getInput () ~> call run () ~> call getInput () ~> ret getInput _40 ~> ret run () ~> ret getInput _52 )

real	0m6.501s
user	0m19.388s
sys	0m0.648s
