  T ==K ( call isNone _5 ~> call syscall 0 ~> call isA _27 ~> call syscall 1 ~> ret syscall () ~> ret isA () ~> call isA _96 ~> ret isA () ~> ret syscall () ~> ret isNone () ~> call isAB _468 ~> call syscall 2 ~> call isABC _1014 ~> call syscall 3 ~> ret syscall () ~> ret isABC () ~> call isABCD _2233 )
#Or
  T ==K ( call isNone _5 ~> call syscall 0 ~> call isA _27 ~> call syscall 1 ~> ret syscall () ~> ret isA () ~> call isAB _106 ~> call syscall 2 ~> ret syscall () ~> ret isAB () ~> ret syscall () ~> ret isNone () ~> call isABC _566 ~> call syscall 3 ~> call isA _1113 ~> ret isA () ~> call isABCD _2235 )
#Or
  T ==K ( call isNone _5 ~> call syscall 0 ~> call isA _27 ~> call syscall 1 ~> ret syscall () ~> ret isA () ~> call isAB _106 ~> call syscall 2 ~> ret syscall () ~> ret isAB () ~> ret syscall () ~> ret isNone () ~> call isABC _566 ~> call syscall 3 ~> call isAB _1117 ~> ret isAB () ~> call isABCD _2262 )
#Or
  T ==K ( call isNone _5 ~> call syscall 0 ~> call isA _27 ~> call syscall 1 ~> ret syscall () ~> ret isA () ~> call isAB _106 ~> call syscall 2 ~> ret syscall () ~> ret isAB () ~> ret syscall () ~> ret isNone () ~> call isABC _566 ~> call syscall 3 ~> call isABC _1115 ~> ret isABC () ~> call isABCD _2251 )
#Or
  T ==K ( call isNone _5 ~> call syscall 0 ~> call isA _27 ~> call syscall 1 ~> ret syscall () ~> ret isA () ~> call isAB _106 ~> call syscall 2 ~> ret syscall () ~> ret isAB () ~> ret syscall () ~> ret isNone () ~> call isABC _566 ~> call syscall 3 ~> call isABCD _1119 )
#Or
  T ==K ( call isNone _5 ~> call syscall 0 ~> call isA _27 ~> call syscall 1 ~> ret syscall () ~> ret isA () ~> call isAB _106 ~> call syscall 2 ~> ret syscall () ~> ret isAB () ~> ret syscall () ~> ret isNone () ~> call isABC _566 ~> call syscall 3 ~> call isNone _1121 ~> ret isNone () ~> call isABCD _2273 )
#Or
  T ==K ( call isNone _5 ~> call syscall 0 ~> call isA _27 ~> call syscall 1 ~> ret syscall () ~> ret isA () ~> call isABC _101 ~> ret isABC () ~> ret syscall () ~> ret isNone () ~> call isAB _475 ~> call syscall 2 ~> call isABC _1028 ~> call syscall 3 ~> ret syscall () ~> ret isABC () ~> call isABCD _2249 )
#Or
  T ==K ( call isNone _5 ~> call syscall 0 ~> call isA _27 ~> call syscall 1 ~> ret syscall () ~> ret isA () ~> call isABCD _112 ~> ret isABCD () ~> ret syscall () ~> ret isNone () ~> call isAB _470 ~> call syscall 2 ~> call isABC _1016 ~> call syscall 3 ~> ret syscall () ~> ret isABC () ~> call isABCD _2239 )
#Or
  T ==K ( call isNone _5 ~> call syscall 0 ~> call isA _27 ~> call syscall 1 ~> ret syscall () ~> ret isA () ~> call isNone _117 ~> ret isNone () ~> ret syscall () ~> ret isNone () ~> call isAB _500 ~> call syscall 2 ~> call isABC _1080 ~> call syscall 3 ~> ret syscall () ~> ret isABC () ~> call isABCD _2274 )
#Or
  T ==K ( call isNone _5 ~> call syscall 0 ~> call isA _27 ~> call syscall 1 ~> ret syscall () ~> ret isA () ~> ret syscall () ~> ret isNone () ~> call isAB _125 ~> call syscall 2 ~> call isABC _495 ~> call syscall 3 ~> ret syscall () ~> ret isABC () ~> call isABCD _1120 )
#Or
  T ==K ( call isNone _5 ~> call syscall 0 ~> call isAB _29 ~> ret isAB () ~> call isA _59 ~> call syscall 1 ~> ret syscall () ~> ret isA () ~> ret syscall () ~> ret isNone () ~> call isAB _489 ~> call syscall 2 ~> call isABC _1052 ~> call syscall 3 ~> ret syscall () ~> ret isABC () ~> call isABCD _2266 )
#Or
  T ==K ( call isNone _5 ~> call syscall 0 ~> call isABC _28 ~> ret isABC () ~> call isA _50 ~> call syscall 1 ~> ret syscall () ~> ret isA () ~> ret syscall () ~> ret isNone () ~> call isAB _479 ~> call syscall 2 ~> call isABC _1034 ~> call syscall 3 ~> ret syscall () ~> ret isABC () ~> call isABCD _2256 )
#Or
  T ==K ( call isNone _5 ~> call syscall 0 ~> call isABCD _30 ~> ret isABCD () ~> call isA _44 ~> call syscall 1 ~> ret syscall () ~> ret isA () ~> ret syscall () ~> ret isNone () ~> call isAB _473 ~> call syscall 2 ~> call isABC _1024 ~> call syscall 3 ~> ret syscall () ~> ret isABC () ~> call isABCD _2245 )
#Or
  T ==K ( call isNone _5 ~> call syscall 0 ~> call isNone _31 ~> ret isNone () ~> call isA _78 ~> call syscall 1 ~> ret syscall () ~> ret isA () ~> ret syscall () ~> ret isNone () ~> call isAB _503 ~> call syscall 2 ~> call isABC _1088 ~> call syscall 3 ~> ret syscall () ~> ret isABC () ~> call isABCD _2275 )

real	0m17.439s
user	0m36.657s
sys	0m0.870s
