  T ==K ( call enlist _1 ~> ret enlist () ~> call run () ~> call _1 () ~> call enlist _11 ~> ret enlist () ~> call run () ~> call _11 () ~> call enlist _25 ~> ret enlist () ~> call enlist _36 ~> ret enlist () ~> ret _11 () ~> ret run () ~> ret _1 () )
#Or
  T ==K ( call enlist _1 ~> ret enlist () ~> call run () ~> call _1 () ~> call enlist _11 ~> ret enlist () ~> call run () ~> call _11 () ~> call enlist _25 ~> ret enlist () ~> ret _11 () ~> ret run () ~> ret _1 () )
#Or
  T ==K ( call enlist _1 ~> ret enlist () ~> call run () ~> call _1 () ~> call enlist _11 ~> ret enlist () ~> call run () ~> call _11 () ~> ret _11 () ~> ret run () ~> ret _1 () )
#Or
  T ==K ( call enlist _1 ~> ret enlist () ~> call run () ~> call _1 () ~> call run () ~> call _1 () ~> call enlist _18 ~> ret enlist () ~> call enlist _26 ~> ret enlist () ~> ret _1 () ~> ret run () ~> call run () ~> ret run () ~> ret _1 () )
#Or
  T ==K ( call enlist _1 ~> ret enlist () ~> call run () ~> call _1 () ~> call run () ~> call _1 () ~> call enlist _18 ~> ret enlist () ~> call enlist _26 ~> ret enlist () ~> ret _1 () ~> ret run () ~> ret _1 () )
#Or
  T ==K ( call enlist _1 ~> ret enlist () ~> call run () ~> call _1 () ~> call run () ~> call _1 () ~> call enlist _18 ~> ret enlist () ~> ret _1 () ~> ret run () ~> call run () ~> ret run () ~> ret _1 () )
#Or
  T ==K ( call enlist _1 ~> ret enlist () ~> call run () ~> call _1 () ~> call run () ~> call _1 () ~> call enlist _18 ~> ret enlist () ~> ret _1 () ~> ret run () ~> ret _1 () )
#Or
  T ==K ( call enlist _1 ~> ret enlist () ~> call run () ~> call _1 () ~> call run () ~> call _1 () ~> ret _1 () ~> ret run () ~> call run () ~> ret run () ~> ret _1 () )
#Or
  T ==K ( call enlist _1 ~> ret enlist () ~> call run () ~> call _1 () ~> call run () ~> call _1 () ~> ret _1 () ~> ret run () ~> ret _1 () )

real	0m5.913s
user	0m16.735s
sys	0m0.463s
