  T ==K ( call esimple _6 ~> ret esimple () ~> call fact_e _190 )
#Or
  T ==K ( call esimple _6 ~> ret esimple () ~> call fact_e _265 )
#Or
  T ==K ( call esimple _6 ~> ret esimple () ~> call lock_e _149 )
#Or
  T ==K ( call esimple _6 ~> ret esimple () ~> call lock_e _219 )
#Or
  T ==K ( call esimple _6 ~> ret esimple () ~> call mc91_e _163 )
#Or
  T ==K ( call esimple _6 ~> ret esimple () ~> call mc91_e _236 )
#Or
  T ==K ( call esimple _6 ~> ret esimple () ~> call mult_e _159 )
#Or
  T ==K ( call esimple _6 ~> ret esimple () ~> call mult_e _226 )
#Or
  T ==K ( call esimple _6 ~> ret esimple () ~> call repeat_e _140 )
#Or
  T ==K ( call esimple _6 ~> ret esimple () ~> call repeat_e _206 )
#Or
  T ==K ( call esimple _6 ~> ret esimple () ~> call sum_e _170 )
#Or
  T ==K ( call esimple _6 ~> ret esimple () ~> call sum_e _246 )
#Or
  T ==K ( call fact_e _8 ~> ret fact_e () ~> call fact_e _78 )
#Or
  T ==K ( call fact_e _8 ~> ret fact_e () ~> call lock_e _54 )
#Or
  T ==K ( call fact_e _8 ~> ret fact_e () ~> call mc91_e _64 )
#Or
  T ==K ( call fact_e _8 ~> ret fact_e () ~> call mult_e _58 )
#Or
  T ==K ( call fact_e _8 ~> ret fact_e () ~> call repeat_e _49 )
#Or
  T ==K ( call fact_e _8 ~> ret fact_e () ~> call sum_e _69 )
#Or
  T ==K ( call lock_e _2 ~> ret lock_e () ~> call fact_e _415 )
#Or
  T ==K ( call lock_e _2 ~> ret lock_e () ~> call fact_e _590 )
#Or
  T ==K ( call lock_e _2 ~> ret lock_e () ~> call lock_e _373 )
#Or
  T ==K ( call lock_e _2 ~> ret lock_e () ~> call lock_e _556 )
#Or
  T ==K ( call lock_e _2 ~> ret lock_e () ~> call mc91_e _391 )
#Or
  T ==K ( call lock_e _2 ~> ret lock_e () ~> call mc91_e _569 )
#Or
  T ==K ( call lock_e _2 ~> ret lock_e () ~> call mult_e _380 )
#Or
  T ==K ( call lock_e _2 ~> ret lock_e () ~> call mult_e _561 )
#Or
  T ==K ( call lock_e _2 ~> ret lock_e () ~> call repeat_e _359 )
#Or
  T ==K ( call lock_e _2 ~> ret lock_e () ~> call repeat_e _543 )
#Or
  T ==K ( call lock_e _2 ~> ret lock_e () ~> call sum_e _398 )
#Or
  T ==K ( call lock_e _2 ~> ret lock_e () ~> call sum_e _574 )
#Or
  T ==K ( call mc91_e _4 ~> ret mc91_e () ~> call fact_e _44 )
#Or
  T ==K ( call mc91_e _4 ~> ret mc91_e () ~> call fact_e _118 )
#Or
  T ==K ( call mc91_e _4 ~> ret mc91_e () ~> call fact_e _316 )
#Or
  T ==K ( call mc91_e _4 ~> ret mc91_e () ~> call lock_e _31 )
#Or
  T ==K ( call mc91_e _4 ~> ret mc91_e () ~> call lock_e _91 )
#Or
  T ==K ( call mc91_e _4 ~> ret mc91_e () ~> call lock_e _259 )
#Or
  T ==K ( call mc91_e _4 ~> ret mc91_e () ~> call mc91_e _36 )
#Or
  T ==K ( call mc91_e _4 ~> ret mc91_e () ~> call mc91_e _101 )
#Or
  T ==K ( call mc91_e _4 ~> ret mc91_e () ~> call mc91_e _285 )
#Or
  T ==K ( call mc91_e _4 ~> ret mc91_e () ~> call mult_e _34 )
#Or
  T ==K ( call mc91_e _4 ~> ret mc91_e () ~> call mult_e _96 )
#Or
  T ==K ( call mc91_e _4 ~> ret mc91_e () ~> call mult_e _269 )
#Or
  T ==K ( call mc91_e _4 ~> ret mc91_e () ~> call repeat_e _30 )
#Or
  T ==K ( call mc91_e _4 ~> ret mc91_e () ~> call repeat_e _83 )
#Or
  T ==K ( call mc91_e _4 ~> ret mc91_e () ~> call repeat_e _249 )
#Or
  T ==K ( call mc91_e _4 ~> ret mc91_e () ~> call sum_e _40 )
#Or
  T ==K ( call mc91_e _4 ~> ret mc91_e () ~> call sum_e _109 )
#Or
  T ==K ( call mc91_e _4 ~> ret mc91_e () ~> call sum_e _294 )
#Or
  T ==K ( call mult_e _3 ~> ret mult_e () ~> call fact_e _175 )
#Or
  T ==K ( call mult_e _3 ~> ret mult_e () ~> call lock_e _135 )
#Or
  T ==K ( call mult_e _3 ~> ret mult_e () ~> call mc91_e _151 )
#Or
  T ==K ( call mult_e _3 ~> ret mult_e () ~> call mult_e _142 )
#Or
  T ==K ( call mult_e _3 ~> ret mult_e () ~> call repeat_e _132 )
#Or
  T ==K ( call mult_e _3 ~> ret mult_e () ~> call sum_e _160 )
#Or
  T ==K ( call sum_e _5 ~> ret sum_e () ~> call fact_e _99 )
#Or
  T ==K ( call sum_e _5 ~> ret sum_e () ~> call lock_e _70 )
#Or
  T ==K ( call sum_e _5 ~> ret sum_e () ~> call mc91_e _80 )
#Or
  T ==K ( call sum_e _5 ~> ret sum_e () ~> call mult_e _76 )
#Or
  T ==K ( call sum_e _5 ~> ret sum_e () ~> call repeat_e _68 )
#Or
  T ==K ( call sum_e _5 ~> ret sum_e () ~> call sum_e _88 )
#Or
  T ==K call fact_e _8
#Or
  T ==K call lock_e _2
#Or
  T ==K call mc91_e _4
#Or
  T ==K call mult_e _3
#Or
  T ==K call repeat_e _1
#Or
  T ==K call sum_e _5

real	0m11.736s
user	0m28.559s
sys	0m1.686s
