  T ==K ( call esimple _6 ~> ret esimple () ~> call mc91_e _149 )
#Or
  T ==K ( call esimple _6 ~> ret esimple () ~> call mult_e _145 )
#Or
  T ==K ( call esimple _6 ~> ret esimple () ~> call repeat_e _128 )
#Or
  T ==K ( call esimple _6 ~> ret esimple () ~> call sum_e _154 )
#Or
  T ==K ( call fact_e _8 ~> ret fact_e () ~> call mc91_e _58 )
#Or
  T ==K ( call fact_e _8 ~> ret fact_e () ~> call mult_e _53 )
#Or
  T ==K ( call fact_e _8 ~> ret fact_e () ~> call repeat_e _46 )
#Or
  T ==K ( call fact_e _8 ~> ret fact_e () ~> call sum_e _63 )
#Or
  T ==K ( call lock_e _2 ~> ret lock_e () ~> call mc91_e _283 )
#Or
  T ==K ( call lock_e _2 ~> ret lock_e () ~> call mult_e _277 )
#Or
  T ==K ( call lock_e _2 ~> ret lock_e () ~> call repeat_e _267 )
#Or
  T ==K ( call lock_e _2 ~> ret lock_e () ~> call sum_e _287 )
#Or
  T ==K ( call mc91_e _4 ~> ret mc91_e () ~> call mc91_e _35 )
#Or
  T ==K ( call mc91_e _4 ~> ret mc91_e () ~> call mc91_e _92 )
#Or
  T ==K ( call mc91_e _4 ~> ret mc91_e () ~> call mult_e _34 )
#Or
  T ==K ( call mc91_e _4 ~> ret mc91_e () ~> call mult_e _87 )
#Or
  T ==K ( call mc91_e _4 ~> ret mc91_e () ~> call repeat_e _30 )
#Or
  T ==K ( call mc91_e _4 ~> ret mc91_e () ~> call repeat_e _75 )
#Or
  T ==K ( call mc91_e _4 ~> ret mc91_e () ~> call sum_e _39 )
#Or
  T ==K ( call mc91_e _4 ~> ret mc91_e () ~> call sum_e _99 )
#Or
  T ==K ( call mult_e _3 ~> ret mult_e () ~> call mc91_e _137 )
#Or
  T ==K ( call mult_e _3 ~> ret mult_e () ~> call mult_e _130 )
#Or
  T ==K ( call mult_e _3 ~> ret mult_e () ~> call repeat_e _121 )
#Or
  T ==K ( call mult_e _3 ~> ret mult_e () ~> call sum_e _146 )
#Or
  T ==K ( call sum_e _5 ~> ret sum_e () ~> call mc91_e _72 )
#Or
  T ==K ( call sum_e _5 ~> ret sum_e () ~> call mult_e _68 )
#Or
  T ==K ( call sum_e _5 ~> ret sum_e () ~> call repeat_e _62 )
#Or
  T ==K ( call sum_e _5 ~> ret sum_e () ~> call sum_e _79 )
#Or
  T ==K call mc91_e _4
#Or
  T ==K call mult_e _3
#Or
  T ==K call repeat_e _1
#Or
  T ==K call sum_e _5

real	0m8.542s
user	0m23.270s
sys	0m1.064s
