  T ==K ( call reserve _1 ~> call send_confirmation () ~> call reserve _5 ~> call send_confirmation () ~> ret send_confirmation () ~> ret reserve () ~> call reserve _47 ~> call send_confirmation () ~> ret send_confirmation () ~> ret reserve () ~> ret send_confirmation () )
#Or
  T ==K ( call reserve _1 ~> call send_confirmation () ~> call reserve _5 ~> call send_confirmation () ~> ret send_confirmation () ~> ret reserve () ~> call reserve _47 ~> call send_confirmation () ~> ret send_confirmation () ~> ret reserve () ~> ret send_confirmation () ~> ret reserve () ~> call reserve _269 ~> call send_confirmation () ~> call reserve _351 ~> call send_confirmation () ~> ret send_confirmation () ~> ret reserve () ~> call reserve _527 ~> call send_confirmation () ~> ret send_confirmation () ~> ret reserve () ~> ret send_confirmation () )
#Or
  T ==K ( call reserve _1 ~> call send_confirmation () ~> call reserve _5 ~> call send_confirmation () ~> ret send_confirmation () ~> ret reserve () ~> call reserve _47 ~> call send_confirmation () ~> ret send_confirmation () ~> ret reserve () ~> ret send_confirmation () ~> ret reserve () ~> call reserve _269 ~> call send_confirmation () ~> call reserve _351 ~> call send_confirmation () ~> ret send_confirmation () ~> ret reserve () ~> call reserve _527 ~> ret reserve () ~> ret send_confirmation () )
#Or
  T ==K ( call reserve _1 ~> call send_confirmation () ~> call reserve _5 ~> call send_confirmation () ~> ret send_confirmation () ~> ret reserve () ~> call reserve _47 ~> call send_confirmation () ~> ret send_confirmation () ~> ret reserve () ~> ret send_confirmation () ~> ret reserve () ~> call reserve _269 ~> call send_confirmation () ~> call reserve _351 ~> call send_confirmation () ~> ret send_confirmation () ~> ret reserve () ~> ret send_confirmation () )
#Or
  T ==K ( call reserve _1 ~> call send_confirmation () ~> call reserve _5 ~> call send_confirmation () ~> ret send_confirmation () ~> ret reserve () ~> call reserve _47 ~> call send_confirmation () ~> ret send_confirmation () ~> ret reserve () ~> ret send_confirmation () ~> ret reserve () ~> call reserve _269 ~> call send_confirmation () ~> call reserve _351 ~> ret reserve () ~> call reserve _441 ~> call send_confirmation () ~> ret send_confirmation () ~> ret reserve () ~> ret send_confirmation () )
#Or
  T ==K ( call reserve _1 ~> call send_confirmation () ~> call reserve _5 ~> call send_confirmation () ~> ret send_confirmation () ~> ret reserve () ~> call reserve _47 ~> ret reserve () ~> ret send_confirmation () )
#Or
  T ==K ( call reserve _1 ~> call send_confirmation () ~> call reserve _5 ~> call send_confirmation () ~> ret send_confirmation () ~> ret reserve () ~> call reserve _47 ~> ret reserve () ~> ret send_confirmation () ~> ret reserve () ~> call reserve _172 ~> call send_confirmation () ~> call reserve _247 ~> call send_confirmation () ~> ret send_confirmation () ~> ret reserve () ~> call reserve _442 ~> call send_confirmation () ~> ret send_confirmation () ~> ret reserve () ~> ret send_confirmation () )
#Or
  T ==K ( call reserve _1 ~> call send_confirmation () ~> call reserve _5 ~> call send_confirmation () ~> ret send_confirmation () ~> ret reserve () ~> call reserve _47 ~> ret reserve () ~> ret send_confirmation () ~> ret reserve () ~> call reserve _172 ~> call send_confirmation () ~> call reserve _247 ~> call send_confirmation () ~> ret send_confirmation () ~> ret reserve () ~> call reserve _442 ~> ret reserve () ~> ret send_confirmation () )
#Or
  T ==K ( call reserve _1 ~> call send_confirmation () ~> call reserve _5 ~> call send_confirmation () ~> ret send_confirmation () ~> ret reserve () ~> call reserve _47 ~> ret reserve () ~> ret send_confirmation () ~> ret reserve () ~> call reserve _172 ~> call send_confirmation () ~> call reserve _247 ~> call send_confirmation () ~> ret send_confirmation () ~> ret reserve () ~> ret send_confirmation () )
#Or
  T ==K ( call reserve _1 ~> call send_confirmation () ~> call reserve _5 ~> call send_confirmation () ~> ret send_confirmation () ~> ret reserve () ~> call reserve _47 ~> ret reserve () ~> ret send_confirmation () ~> ret reserve () ~> call reserve _172 ~> call send_confirmation () ~> call reserve _247 ~> ret reserve () ~> call reserve _338 ~> call send_confirmation () ~> ret send_confirmation () ~> ret reserve () ~> ret send_confirmation () )
#Or
  T ==K ( call reserve _1 ~> call send_confirmation () ~> call reserve _5 ~> call send_confirmation () ~> ret send_confirmation () ~> ret reserve () ~> ret send_confirmation () )
#Or
  T ==K ( call reserve _1 ~> call send_confirmation () ~> call reserve _5 ~> call send_confirmation () ~> ret send_confirmation () ~> ret reserve () ~> ret send_confirmation () ~> ret reserve () ~> call reserve _108 ~> call send_confirmation () ~> call reserve _164 ~> call send_confirmation () ~> ret send_confirmation () ~> ret reserve () ~> call reserve _354 ~> call send_confirmation () ~> ret send_confirmation () ~> ret reserve () ~> ret send_confirmation () )
#Or
  T ==K ( call reserve _1 ~> call send_confirmation () ~> call reserve _5 ~> call send_confirmation () ~> ret send_confirmation () ~> ret reserve () ~> ret send_confirmation () ~> ret reserve () ~> call reserve _108 ~> call send_confirmation () ~> call reserve _164 ~> call send_confirmation () ~> ret send_confirmation () ~> ret reserve () ~> call reserve _354 ~> ret reserve () ~> ret send_confirmation () )
#Or
  T ==K ( call reserve _1 ~> call send_confirmation () ~> call reserve _5 ~> call send_confirmation () ~> ret send_confirmation () ~> ret reserve () ~> ret send_confirmation () ~> ret reserve () ~> call reserve _108 ~> call send_confirmation () ~> call reserve _164 ~> call send_confirmation () ~> ret send_confirmation () ~> ret reserve () ~> ret send_confirmation () )
#Or
  T ==K ( call reserve _1 ~> call send_confirmation () ~> call reserve _5 ~> call send_confirmation () ~> ret send_confirmation () ~> ret reserve () ~> ret send_confirmation () ~> ret reserve () ~> call reserve _108 ~> call send_confirmation () ~> call reserve _164 ~> ret reserve () ~> call reserve _248 ~> call send_confirmation () ~> ret send_confirmation () ~> ret reserve () ~> ret send_confirmation () )
#Or
  T ==K ( call reserve _1 ~> call send_confirmation () ~> call reserve _5 ~> ret reserve () ~> call reserve _18 ~> call send_confirmation () ~> ret send_confirmation () ~> ret reserve () ~> ret send_confirmation () )
#Or
  T ==K ( call reserve _1 ~> call send_confirmation () ~> call reserve _5 ~> ret reserve () ~> call reserve _18 ~> call send_confirmation () ~> ret send_confirmation () ~> ret reserve () ~> ret send_confirmation () ~> ret reserve () ~> call reserve _173 ~> call send_confirmation () ~> call reserve _249 ~> call send_confirmation () ~> ret send_confirmation () ~> ret reserve () ~> call reserve _445 ~> call send_confirmation () ~> ret send_confirmation () ~> ret reserve () ~> ret send_confirmation () )
#Or
  T ==K ( call reserve _1 ~> call send_confirmation () ~> call reserve _5 ~> ret reserve () ~> call reserve _18 ~> call send_confirmation () ~> ret send_confirmation () ~> ret reserve () ~> ret send_confirmation () ~> ret reserve () ~> call reserve _173 ~> call send_confirmation () ~> call reserve _249 ~> call send_confirmation () ~> ret send_confirmation () ~> ret reserve () ~> call reserve _445 ~> ret reserve () ~> ret send_confirmation () )
#Or
  T ==K ( call reserve _1 ~> call send_confirmation () ~> call reserve _5 ~> ret reserve () ~> call reserve _18 ~> call send_confirmation () ~> ret send_confirmation () ~> ret reserve () ~> ret send_confirmation () ~> ret reserve () ~> call reserve _173 ~> call send_confirmation () ~> call reserve _249 ~> call send_confirmation () ~> ret send_confirmation () ~> ret reserve () ~> ret send_confirmation () )
#Or
  T ==K ( call reserve _1 ~> call send_confirmation () ~> call reserve _5 ~> ret reserve () ~> call reserve _18 ~> call send_confirmation () ~> ret send_confirmation () ~> ret reserve () ~> ret send_confirmation () ~> ret reserve () ~> call reserve _173 ~> call send_confirmation () ~> call reserve _249 ~> ret reserve () ~> call reserve _339 ~> call send_confirmation () ~> ret send_confirmation () ~> ret reserve () ~> ret send_confirmation () )
#Or
  T ==K ( call reserve _1 ~> call send_confirmation () ~> call reserve _5 ~> ret reserve () ~> call reserve _18 ~> ret reserve () ~> ret send_confirmation () ~> ret reserve () ~> call reserve _96 ~> call send_confirmation () ~> call reserve _157 ~> call send_confirmation () ~> ret send_confirmation () ~> ret reserve () ~> call reserve _340 ~> call send_confirmation () ~> ret send_confirmation () ~> ret reserve () ~> ret send_confirmation () )
#Or
  T ==K ( call reserve _1 ~> call send_confirmation () ~> call reserve _5 ~> ret reserve () ~> call reserve _18 ~> ret reserve () ~> ret send_confirmation () ~> ret reserve () ~> call reserve _96 ~> call send_confirmation () ~> call reserve _157 ~> call send_confirmation () ~> ret send_confirmation () ~> ret reserve () ~> call reserve _340 ~> ret reserve () ~> ret send_confirmation () )
#Or
  T ==K ( call reserve _1 ~> call send_confirmation () ~> call reserve _5 ~> ret reserve () ~> call reserve _18 ~> ret reserve () ~> ret send_confirmation () ~> ret reserve () ~> call reserve _96 ~> call send_confirmation () ~> call reserve _157 ~> call send_confirmation () ~> ret send_confirmation () ~> ret reserve () ~> ret send_confirmation () )
#Or
  T ==K ( call reserve _1 ~> call send_confirmation () ~> call reserve _5 ~> ret reserve () ~> call reserve _18 ~> ret reserve () ~> ret send_confirmation () ~> ret reserve () ~> call reserve _96 ~> call send_confirmation () ~> call reserve _157 ~> ret reserve () ~> call reserve _228 ~> call send_confirmation () ~> ret send_confirmation () ~> ret reserve () ~> ret send_confirmation () )
#Or
  T ==K ( call reserve _1 ~> call send_confirmation () ~> call reserve _5 ~> ret reserve () ~> ret send_confirmation () ~> ret reserve () ~> call reserve _52 ~> call send_confirmation () ~> call reserve _92 ~> call send_confirmation () ~> ret send_confirmation () ~> ret reserve () ~> call reserve _252 ~> call send_confirmation () ~> ret send_confirmation () ~> ret reserve () ~> ret send_confirmation () )
#Or
  T ==K ( call reserve _1 ~> call send_confirmation () ~> call reserve _5 ~> ret reserve () ~> ret send_confirmation () ~> ret reserve () ~> call reserve _52 ~> call send_confirmation () ~> call reserve _92 ~> call send_confirmation () ~> ret send_confirmation () ~> ret reserve () ~> call reserve _252 ~> ret reserve () ~> ret send_confirmation () )
#Or
  T ==K ( call reserve _1 ~> call send_confirmation () ~> call reserve _5 ~> ret reserve () ~> ret send_confirmation () ~> ret reserve () ~> call reserve _52 ~> call send_confirmation () ~> call reserve _92 ~> call send_confirmation () ~> ret send_confirmation () ~> ret reserve () ~> ret send_confirmation () )
#Or
  T ==K ( call reserve _1 ~> call send_confirmation () ~> call reserve _5 ~> ret reserve () ~> ret send_confirmation () ~> ret reserve () ~> call reserve _52 ~> call send_confirmation () ~> call reserve _92 ~> ret reserve () ~> call reserve _158 ~> call send_confirmation () ~> ret send_confirmation () ~> ret reserve () ~> ret send_confirmation () )
#Or
  T ==K ( call reserve _1 ~> call send_confirmation () ~> ret send_confirmation () ~> ret reserve () ~> call reserve _24 ~> call send_confirmation () ~> call reserve _49 ~> call send_confirmation () ~> ret send_confirmation () ~> ret reserve () ~> call reserve _167 ~> call send_confirmation () ~> ret send_confirmation () ~> ret reserve () ~> ret send_confirmation () )
#Or
  T ==K ( call reserve _1 ~> call send_confirmation () ~> ret send_confirmation () ~> ret reserve () ~> call reserve _24 ~> call send_confirmation () ~> call reserve _49 ~> call send_confirmation () ~> ret send_confirmation () ~> ret reserve () ~> call reserve _167 ~> ret reserve () ~> ret send_confirmation () )
#Or
  T ==K ( call reserve _1 ~> call send_confirmation () ~> ret send_confirmation () ~> ret reserve () ~> call reserve _24 ~> call send_confirmation () ~> call reserve _49 ~> call send_confirmation () ~> ret send_confirmation () ~> ret reserve () ~> ret send_confirmation () )
#Or
  T ==K ( call reserve _1 ~> call send_confirmation () ~> ret send_confirmation () ~> ret reserve () ~> call reserve _24 ~> call send_confirmation () ~> call reserve _49 ~> ret reserve () ~> call reserve _93 ~> call send_confirmation () ~> ret send_confirmation () ~> ret reserve () ~> ret send_confirmation () )
#Or
  T ==K ( call reserve _1 ~> ret reserve () ~> call reserve _6 ~> call send_confirmation () ~> call reserve _19 ~> call send_confirmation () ~> ret send_confirmation () ~> ret reserve () ~> call reserve _94 ~> call send_confirmation () ~> ret send_confirmation () ~> ret reserve () ~> ret send_confirmation () )
#Or
  T ==K ( call reserve _1 ~> ret reserve () ~> call reserve _6 ~> call send_confirmation () ~> call reserve _19 ~> call send_confirmation () ~> ret send_confirmation () ~> ret reserve () ~> call reserve _94 ~> ret reserve () ~> ret send_confirmation () )
#Or
  T ==K ( call reserve _1 ~> ret reserve () ~> call reserve _6 ~> call send_confirmation () ~> call reserve _19 ~> call send_confirmation () ~> ret send_confirmation () ~> ret reserve () ~> ret send_confirmation () )
#Or
  T ==K ( call reserve _1 ~> ret reserve () ~> call reserve _6 ~> call send_confirmation () ~> call reserve _19 ~> ret reserve () ~> call reserve _43 ~> call send_confirmation () ~> ret send_confirmation () ~> ret reserve () ~> ret send_confirmation () )

real	0m8.907s
user	0m24.254s
sys	0m1.237s
