  T ==K ( call run _1 ~> call _1 () ~> call run _3 ~> call _3 () ~> call run _7 ~> call _7 () ~> call run _13 ~> call _13 () ~> ret _13 () ~> call _13 () ~> ret _13 () ~> ret run () ~> ret _7 () ~> call _7 () ~> call run _83 ~> call _83 () ~> ret _83 () ~> call _83 () ~> ret _83 () ~> ret run () ~> ret _7 () )
#Or
  T ==K ( call run _1 ~> call _1 () ~> call run _3 ~> call _3 () ~> call run _7 ~> call _7 () ~> call run _13 ~> call _13 () ~> ret _13 () ~> call _13 () ~> ret _13 () ~> ret run () ~> ret _7 () ~> call _7 () ~> ret _7 () ~> ret run () ~> ret _3 () ~> call _3 () ~> call run _146 ~> call _146 () ~> call run _180 ~> call _180 () ~> ret _180 () ~> call _180 () ~> ret _180 () ~> ret run () ~> ret _146 () ~> call _146 () ~> call run _317 ~> call _317 () ~> ret _317 () ~> call _317 () ~> ret _317 () ~> ret run () ~> ret _146 () )
#Or
  T ==K ( call run _1 ~> call _1 () ~> call run _3 ~> call _3 () ~> call run _7 ~> call _7 () ~> call run _13 ~> call _13 () ~> ret _13 () ~> call _13 () ~> ret _13 () ~> ret run () ~> ret _7 () ~> call _7 () ~> ret _7 () ~> ret run () ~> ret _3 () ~> call _3 () ~> call run _146 ~> call _146 () ~> call run _180 ~> call _180 () ~> ret _180 () ~> call _180 () ~> ret _180 () ~> ret run () ~> ret _146 () ~> call _146 () ~> ret _146 () ~> ret run () ~> ret _3 () )
#Or
  T ==K ( call run _1 ~> call _1 () ~> call run _3 ~> call _3 () ~> call run _7 ~> call _7 () ~> call run _13 ~> call _13 () ~> ret _13 () ~> call _13 () ~> ret _13 () ~> ret run () ~> ret _7 () ~> call _7 () ~> ret _7 () ~> ret run () ~> ret _3 () ~> call _3 () ~> call run _146 ~> call _146 () ~> ret _146 () ~> call _146 () ~> call run _203 ~> call _203 () ~> ret _203 () ~> call _203 () ~> ret _203 () ~> ret run () ~> ret _146 () )
#Or
  T ==K ( call run _1 ~> call _1 () ~> call run _3 ~> call _3 () ~> call run _7 ~> call _7 () ~> call run _13 ~> call _13 () ~> ret _13 () ~> call _13 () ~> ret _13 () ~> ret run () ~> ret _7 () ~> call _7 () ~> ret _7 () ~> ret run () ~> ret _3 () ~> call _3 () ~> call run _146 ~> call _146 () ~> ret _146 () ~> call _146 () ~> ret _146 () ~> ret run () ~> ret _3 () )
#Or
  T ==K ( call run _1 ~> call _1 () ~> call run _3 ~> call _3 () ~> call run _7 ~> call _7 () ~> call run _13 ~> call _13 () ~> ret _13 () ~> call _13 () ~> ret _13 () ~> ret run () ~> ret _7 () ~> call _7 () ~> ret _7 () ~> ret run () ~> ret _3 () ~> call _3 () ~> ret _3 () ~> ret run () ~> ret _1 () ~> call _1 () ~> call run _217 ~> call _217 () ~> call run _254 ~> call _254 () ~> call run _293 ~> call _293 () ~> ret _293 () ~> call _293 () ~> ret _293 () ~> ret run () ~> ret _254 () ~> call _254 () ~> call run _418 ~> call _418 () ~> ret _418 () ~> call _418 () ~> ret _418 () ~> ret run () ~> ret _254 () )
#Or
  T ==K ( call run _1 ~> call _1 () ~> call run _3 ~> call _3 () ~> call run _7 ~> call _7 () ~> call run _13 ~> call _13 () ~> ret _13 () ~> call _13 () ~> ret _13 () ~> ret run () ~> ret _7 () ~> call _7 () ~> ret _7 () ~> ret run () ~> ret _3 () ~> call _3 () ~> ret _3 () ~> ret run () ~> ret _1 () ~> call _1 () ~> call run _217 ~> call _217 () ~> call run _254 ~> call _254 () ~> call run _293 ~> call _293 () ~> ret _293 () ~> call _293 () ~> ret _293 () ~> ret run () ~> ret _254 () ~> call _254 () ~> ret _254 () ~> ret run () ~> ret _217 () ~> call _217 () ~> call run _468 ~> call _468 () ~> call run _483 ~> call _483 () ~> ret _483 () ~> call _483 () ~> ret _483 () ~> ret run () ~> ret _468 () ~> call _468 () ~> call run _520 ~> call _520 () ~> ret _520 () ~> call _520 () ~> ret _520 () ~> ret run () ~> ret _468 () )
#Or
  T ==K ( call run _1 ~> call _1 () ~> call run _3 ~> call _3 () ~> call run _7 ~> call _7 () ~> call run _13 ~> call _13 () ~> ret _13 () ~> call _13 () ~> ret _13 () ~> ret run () ~> ret _7 () ~> call _7 () ~> ret _7 () ~> ret run () ~> ret _3 () ~> call _3 () ~> ret _3 () ~> ret run () ~> ret _1 () ~> call _1 () ~> call run _217 ~> call _217 () ~> call run _254 ~> call _254 () ~> call run _293 ~> call _293 () ~> ret _293 () ~> call _293 () ~> ret _293 () ~> ret run () ~> ret _254 () ~> call _254 () ~> ret _254 () ~> ret run () ~> ret _217 () ~> call _217 () ~> call run _468 ~> call _468 () ~> call run _483 ~> call _483 () ~> ret _483 () ~> call _483 () ~> ret _483 () ~> ret run () ~> ret _468 () ~> call _468 () ~> ret _468 () ~> ret run () ~> ret _217 () )
#Or
  T ==K ( call run _1 ~> call _1 () ~> call run _3 ~> call _3 () ~> call run _7 ~> call _7 () ~> call run _13 ~> call _13 () ~> ret _13 () ~> call _13 () ~> ret _13 () ~> ret run () ~> ret _7 () ~> call _7 () ~> ret _7 () ~> ret run () ~> ret _3 () ~> call _3 () ~> ret _3 () ~> ret run () ~> ret _1 () ~> call _1 () ~> call run _217 ~> call _217 () ~> call run _254 ~> call _254 () ~> call run _293 ~> call _293 () ~> ret _293 () ~> call _293 () ~> ret _293 () ~> ret run () ~> ret _254 () ~> call _254 () ~> ret _254 () ~> ret run () ~> ret _217 () ~> call _217 () ~> call run _468 ~> call _468 () ~> ret _468 () ~> call _468 () ~> call run _494 ~> call _494 () ~> ret _494 () ~> call _494 () ~> ret _494 () ~> ret run () ~> ret _468 () )
#Or
  T ==K ( call run _1 ~> call _1 () ~> call run _3 ~> call _3 () ~> call run _7 ~> call _7 () ~> call run _13 ~> call _13 () ~> ret _13 () ~> call _13 () ~> ret _13 () ~> ret run () ~> ret _7 () ~> call _7 () ~> ret _7 () ~> ret run () ~> ret _3 () ~> call _3 () ~> ret _3 () ~> ret run () ~> ret _1 () ~> call _1 () ~> call run _217 ~> call _217 () ~> call run _254 ~> call _254 () ~> call run _293 ~> call _293 () ~> ret _293 () ~> call _293 () ~> ret _293 () ~> ret run () ~> ret _254 () ~> call _254 () ~> ret _254 () ~> ret run () ~> ret _217 () ~> call _217 () ~> call run _468 ~> call _468 () ~> ret _468 () ~> call _468 () ~> ret _468 () ~> ret run () ~> ret _217 () )
#Or
  T ==K ( call run _1 ~> call _1 () ~> call run _3 ~> call _3 () ~> call run _7 ~> call _7 () ~> call run _13 ~> call _13 () ~> ret _13 () ~> call _13 () ~> ret _13 () ~> ret run () ~> ret _7 () ~> call _7 () ~> ret _7 () ~> ret run () ~> ret _3 () ~> call _3 () ~> ret _3 () ~> ret run () ~> ret _1 () ~> call _1 () ~> call run _217 ~> call _217 () ~> call run _254 ~> call _254 () ~> call run _293 ~> call _293 () ~> ret _293 () ~> call _293 () ~> ret _293 () ~> ret run () ~> ret _254 () ~> call _254 () ~> ret _254 () ~> ret run () ~> ret _217 () ~> call _217 () ~> ret _217 () ~> ret run () ~> ret _1 () )
#Or
  T ==K ( call run _1 ~> call _1 () ~> call run _3 ~> call _3 () ~> call run _7 ~> call _7 () ~> call run _13 ~> call _13 () ~> ret _13 () ~> call _13 () ~> ret _13 () ~> ret run () ~> ret _7 () ~> call _7 () ~> ret _7 () ~> ret run () ~> ret _3 () ~> call _3 () ~> ret _3 () ~> ret run () ~> ret _1 () ~> call _1 () ~> call run _217 ~> call _217 () ~> call run _254 ~> call _254 () ~> ret _254 () ~> call _254 () ~> call run _319 ~> call _319 () ~> ret _319 () ~> call _319 () ~> ret _319 () ~> ret run () ~> ret _254 () )
#Or
  T ==K ( call run _1 ~> call _1 () ~> call run _3 ~> call _3 () ~> call run _7 ~> call _7 () ~> call run _13 ~> call _13 () ~> ret _13 () ~> call _13 () ~> ret _13 () ~> ret run () ~> ret _7 () ~> call _7 () ~> ret _7 () ~> ret run () ~> ret _3 () ~> call _3 () ~> ret _3 () ~> ret run () ~> ret _1 () ~> call _1 () ~> call run _217 ~> call _217 () ~> call run _254 ~> call _254 () ~> ret _254 () ~> call _254 () ~> ret _254 () ~> ret run () ~> ret _217 () ~> call _217 () ~> call run _395 ~> call _395 () ~> call run _419 ~> call _419 () ~> ret _419 () ~> call _419 () ~> ret _419 () ~> ret run () ~> ret _395 () ~> call _395 () ~> call run _495 ~> call _495 () ~> ret _495 () ~> call _495 () ~> ret _495 () ~> ret run () ~> ret _395 () )
#Or
  T ==K ( call run _1 ~> call _1 () ~> call run _3 ~> call _3 () ~> call run _7 ~> call _7 () ~> call run _13 ~> call _13 () ~> ret _13 () ~> call _13 () ~> ret _13 () ~> ret run () ~> ret _7 () ~> call _7 () ~> ret _7 () ~> ret run () ~> ret _3 () ~> call _3 () ~> ret _3 () ~> ret run () ~> ret _1 () ~> call _1 () ~> call run _217 ~> call _217 () ~> call run _254 ~> call _254 () ~> ret _254 () ~> call _254 () ~> ret _254 () ~> ret run () ~> ret _217 () ~> call _217 () ~> call run _395 ~> call _395 () ~> call run _419 ~> call _419 () ~> ret _419 () ~> call _419 () ~> ret _419 () ~> ret run () ~> ret _395 () ~> call _395 () ~> ret _395 () ~> ret run () ~> ret _217 () )
#Or
  T ==K ( call run _1 ~> call _1 () ~> call run _3 ~> call _3 () ~> call run _7 ~> call _7 () ~> call run _13 ~> call _13 () ~> ret _13 () ~> call _13 () ~> ret _13 () ~> ret run () ~> ret _7 () ~> call _7 () ~> ret _7 () ~> ret run () ~> ret _3 () ~> call _3 () ~> ret _3 () ~> ret run () ~> ret _1 () ~> call _1 () ~> call run _217 ~> call _217 () ~> call run _254 ~> call _254 () ~> ret _254 () ~> call _254 () ~> ret _254 () ~> ret run () ~> ret _217 () ~> call _217 () ~> call run _395 ~> call _395 () ~> ret _395 () ~> call _395 () ~> call run _436 ~> call _436 () ~> ret _436 () ~> call _436 () ~> ret _436 () ~> ret run () ~> ret _395 () )
#Or
  T ==K ( call run _1 ~> call _1 () ~> call run _3 ~> call _3 () ~> call run _7 ~> call _7 () ~> call run _13 ~> call _13 () ~> ret _13 () ~> call _13 () ~> ret _13 () ~> ret run () ~> ret _7 () ~> call _7 () ~> ret _7 () ~> ret run () ~> ret _3 () ~> call _3 () ~> ret _3 () ~> ret run () ~> ret _1 () ~> call _1 () ~> call run _217 ~> call _217 () ~> call run _254 ~> call _254 () ~> ret _254 () ~> call _254 () ~> ret _254 () ~> ret run () ~> ret _217 () ~> call _217 () ~> call run _395 ~> call _395 () ~> ret _395 () ~> call _395 () ~> ret _395 () ~> ret run () ~> ret _217 () )
#Or
  T ==K ( call run _1 ~> call _1 () ~> call run _3 ~> call _3 () ~> call run _7 ~> call _7 () ~> call run _13 ~> call _13 () ~> ret _13 () ~> call _13 () ~> ret _13 () ~> ret run () ~> ret _7 () ~> call _7 () ~> ret _7 () ~> ret run () ~> ret _3 () ~> call _3 () ~> ret _3 () ~> ret run () ~> ret _1 () ~> call _1 () ~> call run _217 ~> call _217 () ~> call run _254 ~> call _254 () ~> ret _254 () ~> call _254 () ~> ret _254 () ~> ret run () ~> ret _217 () ~> call _217 () ~> ret _217 () ~> ret run () ~> ret _1 () )
#Or
  T ==K ( call run _1 ~> call _1 () ~> call run _3 ~> call _3 () ~> call run _7 ~> call _7 () ~> call run _13 ~> call _13 () ~> ret _13 () ~> call _13 () ~> ret _13 () ~> ret run () ~> ret _7 () ~> call _7 () ~> ret _7 () ~> ret run () ~> ret _3 () ~> call _3 () ~> ret _3 () ~> ret run () ~> ret _1 () ~> call _1 () ~> call run _217 ~> call _217 () ~> ret _217 () ~> call _217 () ~> call run _289 ~> call _289 () ~> call run _320 ~> call _320 () ~> ret _320 () ~> call _320 () ~> ret _320 () ~> ret run () ~> ret _289 () ~> call _289 () ~> call run _437 ~> call _437 () ~> ret _437 () ~> call _437 () ~> ret _437 () ~> ret run () ~> ret _289 () )
#Or
  T ==K ( call run _1 ~> call _1 () ~> call run _3 ~> call _3 () ~> call run _7 ~> call _7 () ~> call run _13 ~> call _13 () ~> ret _13 () ~> call _13 () ~> ret _13 () ~> ret run () ~> ret _7 () ~> call _7 () ~> ret _7 () ~> ret run () ~> ret _3 () ~> call _3 () ~> ret _3 () ~> ret run () ~> ret _1 () ~> call _1 () ~> call run _217 ~> call _217 () ~> ret _217 () ~> call _217 () ~> call run _289 ~> call _289 () ~> call run _320 ~> call _320 () ~> ret _320 () ~> call _320 () ~> ret _320 () ~> ret run () ~> ret _289 () ~> call _289 () ~> ret _289 () ~> ret run () ~> ret _217 () )
#Or
  T ==K ( call run _1 ~> call _1 () ~> call run _3 ~> call _3 () ~> call run _7 ~> call _7 () ~> call run _13 ~> call _13 () ~> ret _13 () ~> call _13 () ~> ret _13 () ~> ret run () ~> ret _7 () ~> call _7 () ~> ret _7 () ~> ret run () ~> ret _3 () ~> call _3 () ~> ret _3 () ~> ret run () ~> ret _1 () ~> call _1 () ~> call run _217 ~> call _217 () ~> ret _217 () ~> call _217 () ~> call run _289 ~> call _289 () ~> ret _289 () ~> call _289 () ~> call run _343 ~> call _343 () ~> ret _343 () ~> call _343 () ~> ret _343 () ~> ret run () ~> ret _289 () )
#Or
  T ==K ( call run _1 ~> call _1 () ~> call run _3 ~> call _3 () ~> call run _7 ~> call _7 () ~> call run _13 ~> call _13 () ~> ret _13 () ~> call _13 () ~> ret _13 () ~> ret run () ~> ret _7 () ~> call _7 () ~> ret _7 () ~> ret run () ~> ret _3 () ~> call _3 () ~> ret _3 () ~> ret run () ~> ret _1 () ~> call _1 () ~> call run _217 ~> call _217 () ~> ret _217 () ~> call _217 () ~> call run _289 ~> call _289 () ~> ret _289 () ~> call _289 () ~> ret _289 () ~> ret run () ~> ret _217 () )
#Or
  T ==K ( call run _1 ~> call _1 () ~> call run _3 ~> call _3 () ~> call run _7 ~> call _7 () ~> call run _13 ~> call _13 () ~> ret _13 () ~> call _13 () ~> ret _13 () ~> ret run () ~> ret _7 () ~> call _7 () ~> ret _7 () ~> ret run () ~> ret _3 () ~> call _3 () ~> ret _3 () ~> ret run () ~> ret _1 () ~> call _1 () ~> call run _217 ~> call _217 () ~> ret _217 () ~> call _217 () ~> ret _217 () ~> ret run () ~> ret _1 () )
#Or
  T ==K ( call run _1 ~> call _1 () ~> call run _3 ~> call _3 () ~> call run _7 ~> call _7 () ~> ret _7 () ~> call _7 () ~> call run _20 ~> call _20 () ~> ret _20 () ~> call _20 () ~> ret _20 () ~> ret run () ~> ret _7 () )
#Or
  T ==K ( call run _1 ~> call _1 () ~> call run _3 ~> call _3 () ~> call run _7 ~> call _7 () ~> ret _7 () ~> call _7 () ~> ret _7 () ~> ret run () ~> ret _3 () ~> call _3 () ~> call run _62 ~> call _62 () ~> call run _84 ~> call _84 () ~> ret _84 () ~> call _84 () ~> ret _84 () ~> ret run () ~> ret _62 () ~> call _62 () ~> call run _204 ~> call _204 () ~> ret _204 () ~> call _204 () ~> ret _204 () ~> ret run () ~> ret _62 () )
#Or
  T ==K ( call run _1 ~> call _1 () ~> call run _3 ~> call _3 () ~> call run _7 ~> call _7 () ~> ret _7 () ~> call _7 () ~> ret _7 () ~> ret run () ~> ret _3 () ~> call _3 () ~> call run _62 ~> call _62 () ~> call run _84 ~> call _84 () ~> ret _84 () ~> call _84 () ~> ret _84 () ~> ret run () ~> ret _62 () ~> call _62 () ~> ret _62 () ~> ret run () ~> ret _3 () )
#Or
  T ==K ( call run _1 ~> call _1 () ~> call run _3 ~> call _3 () ~> call run _7 ~> call _7 () ~> ret _7 () ~> call _7 () ~> ret _7 () ~> ret run () ~> ret _3 () ~> call _3 () ~> call run _62 ~> call _62 () ~> ret _62 () ~> call _62 () ~> call run _100 ~> call _100 () ~> ret _100 () ~> call _100 () ~> ret _100 () ~> ret run () ~> ret _62 () )
#Or
  T ==K ( call run _1 ~> call _1 () ~> call run _3 ~> call _3 () ~> call run _7 ~> call _7 () ~> ret _7 () ~> call _7 () ~> ret _7 () ~> ret run () ~> ret _3 () ~> call _3 () ~> call run _62 ~> call _62 () ~> ret _62 () ~> call _62 () ~> ret _62 () ~> ret run () ~> ret _3 () )
#Or
  T ==K ( call run _1 ~> call _1 () ~> call run _3 ~> call _3 () ~> call run _7 ~> call _7 () ~> ret _7 () ~> call _7 () ~> ret _7 () ~> ret run () ~> ret _3 () ~> call _3 () ~> ret _3 () ~> ret run () ~> ret _1 () ~> call _1 () ~> call run _114 ~> call _114 () ~> call run _147 ~> call _147 () ~> call run _181 ~> call _181 () ~> ret _181 () ~> call _181 () ~> ret _181 () ~> ret run () ~> ret _147 () ~> call _147 () ~> call run _321 ~> call _321 () ~> ret _321 () ~> call _321 () ~> ret _321 () ~> ret run () ~> ret _147 () )
#Or
  T ==K ( call run _1 ~> call _1 () ~> call run _3 ~> call _3 () ~> call run _7 ~> call _7 () ~> ret _7 () ~> call _7 () ~> ret _7 () ~> ret run () ~> ret _3 () ~> call _3 () ~> ret _3 () ~> ret run () ~> ret _1 () ~> call _1 () ~> call run _114 ~> call _114 () ~> call run _147 ~> call _147 () ~> call run _181 ~> call _181 () ~> ret _181 () ~> call _181 () ~> ret _181 () ~> ret run () ~> ret _147 () ~> call _147 () ~> ret _147 () ~> ret run () ~> ret _114 () ~> call _114 () ~> call run _396 ~> call _396 () ~> call run _420 ~> call _420 () ~> ret _420 () ~> call _420 () ~> ret _420 () ~> ret run () ~> ret _396 () ~> call _396 () ~> call run _496 ~> call _496 () ~> ret _496 () ~> call _496 () ~> ret _496 () ~> ret run () ~> ret _396 () )
#Or
  T ==K ( call run _1 ~> call _1 () ~> call run _3 ~> call _3 () ~> call run _7 ~> call _7 () ~> ret _7 () ~> call _7 () ~> ret _7 () ~> ret run () ~> ret _3 () ~> call _3 () ~> ret _3 () ~> ret run () ~> ret _1 () ~> call _1 () ~> call run _114 ~> call _114 () ~> call run _147 ~> call _147 () ~> call run _181 ~> call _181 () ~> ret _181 () ~> call _181 () ~> ret _181 () ~> ret run () ~> ret _147 () ~> call _147 () ~> ret _147 () ~> ret run () ~> ret _114 () ~> call _114 () ~> call run _396 ~> call _396 () ~> call run _420 ~> call _420 () ~> ret _420 () ~> call _420 () ~> ret _420 () ~> ret run () ~> ret _396 () ~> call _396 () ~> ret _396 () ~> ret run () ~> ret _114 () )
#Or
  T ==K ( call run _1 ~> call _1 () ~> call run _3 ~> call _3 () ~> call run _7 ~> call _7 () ~> ret _7 () ~> call _7 () ~> ret _7 () ~> ret run () ~> ret _3 () ~> call _3 () ~> ret _3 () ~> ret run () ~> ret _1 () ~> call _1 () ~> call run _114 ~> call _114 () ~> call run _147 ~> call _147 () ~> call run _181 ~> call _181 () ~> ret _181 () ~> call _181 () ~> ret _181 () ~> ret run () ~> ret _147 () ~> call _147 () ~> ret _147 () ~> ret run () ~> ret _114 () ~> call _114 () ~> call run _396 ~> call _396 () ~> ret _396 () ~> call _396 () ~> call run _439 ~> call _439 () ~> ret _439 () ~> call _439 () ~> ret _439 () ~> ret run () ~> ret _396 () )
#Or
  T ==K ( call run _1 ~> call _1 () ~> call run _3 ~> call _3 () ~> call run _7 ~> call _7 () ~> ret _7 () ~> call _7 () ~> ret _7 () ~> ret run () ~> ret _3 () ~> call _3 () ~> ret _3 () ~> ret run () ~> ret _1 () ~> call _1 () ~> call run _114 ~> call _114 () ~> call run _147 ~> call _147 () ~> call run _181 ~> call _181 () ~> ret _181 () ~> call _181 () ~> ret _181 () ~> ret run () ~> ret _147 () ~> call _147 () ~> ret _147 () ~> ret run () ~> ret _114 () ~> call _114 () ~> call run _396 ~> call _396 () ~> ret _396 () ~> call _396 () ~> ret _396 () ~> ret run () ~> ret _114 () )
#Or
  T ==K ( call run _1 ~> call _1 () ~> call run _3 ~> call _3 () ~> call run _7 ~> call _7 () ~> ret _7 () ~> call _7 () ~> ret _7 () ~> ret run () ~> ret _3 () ~> call _3 () ~> ret _3 () ~> ret run () ~> ret _1 () ~> call _1 () ~> call run _114 ~> call _114 () ~> call run _147 ~> call _147 () ~> call run _181 ~> call _181 () ~> ret _181 () ~> call _181 () ~> ret _181 () ~> ret run () ~> ret _147 () ~> call _147 () ~> ret _147 () ~> ret run () ~> ret _114 () ~> call _114 () ~> ret _114 () ~> ret run () ~> ret _1 () )
#Or
  T ==K ( call run _1 ~> call _1 () ~> call run _3 ~> call _3 () ~> call run _7 ~> call _7 () ~> ret _7 () ~> call _7 () ~> ret _7 () ~> ret run () ~> ret _3 () ~> call _3 () ~> ret _3 () ~> ret run () ~> ret _1 () ~> call _1 () ~> call run _114 ~> call _114 () ~> call run _147 ~> call _147 () ~> ret _147 () ~> call _147 () ~> call run _206 ~> call _206 () ~> ret _206 () ~> call _206 () ~> ret _206 () ~> ret run () ~> ret _147 () )
#Or
  T ==K ( call run _1 ~> call _1 () ~> call run _3 ~> call _3 () ~> call run _7 ~> call _7 () ~> ret _7 () ~> call _7 () ~> ret _7 () ~> ret run () ~> ret _3 () ~> call _3 () ~> ret _3 () ~> ret run () ~> ret _1 () ~> call _1 () ~> call run _114 ~> call _114 () ~> call run _147 ~> call _147 () ~> ret _147 () ~> call _147 () ~> ret _147 () ~> ret run () ~> ret _114 () ~> call _114 () ~> call run _291 ~> call _291 () ~> call run _322 ~> call _322 () ~> ret _322 () ~> call _322 () ~> ret _322 () ~> ret run () ~> ret _291 () ~> call _291 () ~> call run _440 ~> call _440 () ~> ret _440 () ~> call _440 () ~> ret _440 () ~> ret run () ~> ret _291 () )
#Or
  T ==K ( call run _1 ~> call _1 () ~> call run _3 ~> call _3 () ~> call run _7 ~> call _7 () ~> ret _7 () ~> call _7 () ~> ret _7 () ~> ret run () ~> ret _3 () ~> call _3 () ~> ret _3 () ~> ret run () ~> ret _1 () ~> call _1 () ~> call run _114 ~> call _114 () ~> call run _147 ~> call _147 () ~> ret _147 () ~> call _147 () ~> ret _147 () ~> ret run () ~> ret _114 () ~> call _114 () ~> call run _291 ~> call _291 () ~> call run _322 ~> call _322 () ~> ret _322 () ~> call _322 () ~> ret _322 () ~> ret run () ~> ret _291 () ~> call _291 () ~> ret _291 () ~> ret run () ~> ret _114 () )
#Or
  T ==K ( call run _1 ~> call _1 () ~> call run _3 ~> call _3 () ~> call run _7 ~> call _7 () ~> ret _7 () ~> call _7 () ~> ret _7 () ~> ret run () ~> ret _3 () ~> call _3 () ~> ret _3 () ~> ret run () ~> ret _1 () ~> call _1 () ~> call run _114 ~> call _114 () ~> call run _147 ~> call _147 () ~> ret _147 () ~> call _147 () ~> ret _147 () ~> ret run () ~> ret _114 () ~> call _114 () ~> call run _291 ~> call _291 () ~> ret _291 () ~> call _291 () ~> call run _346 ~> call _346 () ~> ret _346 () ~> call _346 () ~> ret _346 () ~> ret run () ~> ret _291 () )
#Or
  T ==K ( call run _1 ~> call _1 () ~> call run _3 ~> call _3 () ~> call run _7 ~> call _7 () ~> ret _7 () ~> call _7 () ~> ret _7 () ~> ret run () ~> ret _3 () ~> call _3 () ~> ret _3 () ~> ret run () ~> ret _1 () ~> call _1 () ~> call run _114 ~> call _114 () ~> call run _147 ~> call _147 () ~> ret _147 () ~> call _147 () ~> ret _147 () ~> ret run () ~> ret _114 () ~> call _114 () ~> call run _291 ~> call _291 () ~> ret _291 () ~> call _291 () ~> ret _291 () ~> ret run () ~> ret _114 () )
#Or
  T ==K ( call run _1 ~> call _1 () ~> call run _3 ~> call _3 () ~> call run _7 ~> call _7 () ~> ret _7 () ~> call _7 () ~> ret _7 () ~> ret run () ~> ret _3 () ~> call _3 () ~> ret _3 () ~> ret run () ~> ret _1 () ~> call _1 () ~> call run _114 ~> call _114 () ~> call run _147 ~> call _147 () ~> ret _147 () ~> call _147 () ~> ret _147 () ~> ret run () ~> ret _114 () ~> call _114 () ~> ret _114 () ~> ret run () ~> ret _1 () )
#Or
  T ==K ( call run _1 ~> call _1 () ~> call run _3 ~> call _3 () ~> call run _7 ~> call _7 () ~> ret _7 () ~> call _7 () ~> ret _7 () ~> ret run () ~> ret _3 () ~> call _3 () ~> ret _3 () ~> ret run () ~> ret _1 () ~> call _1 () ~> call run _114 ~> call _114 () ~> ret _114 () ~> call _114 () ~> call run _176 ~> call _176 () ~> call run _207 ~> call _207 () ~> ret _207 () ~> call _207 () ~> ret _207 () ~> ret run () ~> ret _176 () ~> call _176 () ~> call run _347 ~> call _347 () ~> ret _347 () ~> call _347 () ~> ret _347 () ~> ret run () ~> ret _176 () )
#Or
  T ==K ( call run _1 ~> call _1 () ~> call run _3 ~> call _3 () ~> call run _7 ~> call _7 () ~> ret _7 () ~> call _7 () ~> ret _7 () ~> ret run () ~> ret _3 () ~> call _3 () ~> ret _3 () ~> ret run () ~> ret _1 () ~> call _1 () ~> call run _114 ~> call _114 () ~> ret _114 () ~> call _114 () ~> call run _176 ~> call _176 () ~> call run _207 ~> call _207 () ~> ret _207 () ~> call _207 () ~> ret _207 () ~> ret run () ~> ret _176 () ~> call _176 () ~> ret _176 () ~> ret run () ~> ret _114 () )
#Or
  T ==K ( call run _1 ~> call _1 () ~> call run _3 ~> call _3 () ~> call run _7 ~> call _7 () ~> ret _7 () ~> call _7 () ~> ret _7 () ~> ret run () ~> ret _3 () ~> call _3 () ~> ret _3 () ~> ret run () ~> ret _1 () ~> call _1 () ~> call run _114 ~> call _114 () ~> ret _114 () ~> call _114 () ~> call run _176 ~> call _176 () ~> ret _176 () ~> call _176 () ~> call run _232 ~> call _232 () ~> ret _232 () ~> call _232 () ~> ret _232 () ~> ret run () ~> ret _176 () )
#Or
  T ==K ( call run _1 ~> call _1 () ~> call run _3 ~> call _3 () ~> call run _7 ~> call _7 () ~> ret _7 () ~> call _7 () ~> ret _7 () ~> ret run () ~> ret _3 () ~> call _3 () ~> ret _3 () ~> ret run () ~> ret _1 () ~> call _1 () ~> call run _114 ~> call _114 () ~> ret _114 () ~> call _114 () ~> call run _176 ~> call _176 () ~> ret _176 () ~> call _176 () ~> ret _176 () ~> ret run () ~> ret _114 () )
#Or
  T ==K ( call run _1 ~> call _1 () ~> call run _3 ~> call _3 () ~> call run _7 ~> call _7 () ~> ret _7 () ~> call _7 () ~> ret _7 () ~> ret run () ~> ret _3 () ~> call _3 () ~> ret _3 () ~> ret run () ~> ret _1 () ~> call _1 () ~> call run _114 ~> call _114 () ~> ret _114 () ~> call _114 () ~> ret _114 () ~> ret run () ~> ret _1 () )
#Or
  T ==K ( call run _1 ~> call _1 () ~> call run _3 ~> call _3 () ~> ret _3 () ~> call _3 () ~> call run _11 ~> call _11 () ~> call run _21 ~> call _21 () ~> ret _21 () ~> call _21 () ~> ret _21 () ~> ret run () ~> ret _11 () ~> call _11 () ~> call run _101 ~> call _101 () ~> ret _101 () ~> call _101 () ~> ret _101 () ~> ret run () ~> ret _11 () )
#Or
  T ==K ( call run _1 ~> call _1 () ~> call run _3 ~> call _3 () ~> ret _3 () ~> call _3 () ~> call run _11 ~> call _11 () ~> call run _21 ~> call _21 () ~> ret _21 () ~> call _21 () ~> ret _21 () ~> ret run () ~> ret _11 () ~> call _11 () ~> ret _11 () ~> ret run () ~> ret _3 () )
#Or
  T ==K ( call run _1 ~> call _1 () ~> call run _3 ~> call _3 () ~> ret _3 () ~> call _3 () ~> call run _11 ~> call _11 () ~> ret _11 () ~> call _11 () ~> call run _31 ~> call _31 () ~> ret _31 () ~> call _31 () ~> ret _31 () ~> ret run () ~> ret _11 () )
#Or
  T ==K ( call run _1 ~> call _1 () ~> call run _3 ~> call _3 () ~> ret _3 () ~> call _3 () ~> call run _11 ~> call _11 () ~> ret _11 () ~> call _11 () ~> ret _11 () ~> ret run () ~> ret _3 () )
#Or
  T ==K ( call run _1 ~> call _1 () ~> call run _3 ~> call _3 () ~> ret _3 () ~> call _3 () ~> ret _3 () ~> ret run () ~> ret _1 () ~> call _1 () ~> call run _42 ~> call _42 () ~> call run _63 ~> call _63 () ~> call run _85 ~> call _85 () ~> ret _85 () ~> call _85 () ~> ret _85 () ~> ret run () ~> ret _63 () ~> call _63 () ~> call run _208 ~> call _208 () ~> ret _208 () ~> call _208 () ~> ret _208 () ~> ret run () ~> ret _63 () )
#Or
  T ==K ( call run _1 ~> call _1 () ~> call run _3 ~> call _3 () ~> ret _3 () ~> call _3 () ~> ret _3 () ~> ret run () ~> ret _1 () ~> call _1 () ~> call run _42 ~> call _42 () ~> call run _63 ~> call _63 () ~> call run _85 ~> call _85 () ~> ret _85 () ~> call _85 () ~> ret _85 () ~> ret run () ~> ret _63 () ~> call _63 () ~> ret _63 () ~> ret run () ~> ret _42 () ~> call _42 () ~> call run _292 ~> call _292 () ~> call run _323 ~> call _323 () ~> ret _323 () ~> call _323 () ~> ret _323 () ~> ret run () ~> ret _292 () ~> call _292 () ~> call run _441 ~> call _441 () ~> ret _441 () ~> call _441 () ~> ret _441 () ~> ret run () ~> ret _292 () )
#Or
  T ==K ( call run _1 ~> call _1 () ~> call run _3 ~> call _3 () ~> ret _3 () ~> call _3 () ~> ret _3 () ~> ret run () ~> ret _1 () ~> call _1 () ~> call run _42 ~> call _42 () ~> call run _63 ~> call _63 () ~> call run _85 ~> call _85 () ~> ret _85 () ~> call _85 () ~> ret _85 () ~> ret run () ~> ret _63 () ~> call _63 () ~> ret _63 () ~> ret run () ~> ret _42 () ~> call _42 () ~> call run _292 ~> call _292 () ~> call run _323 ~> call _323 () ~> ret _323 () ~> call _323 () ~> ret _323 () ~> ret run () ~> ret _292 () ~> call _292 () ~> ret _292 () ~> ret run () ~> ret _42 () )
#Or
  T ==K ( call run _1 ~> call _1 () ~> call run _3 ~> call _3 () ~> ret _3 () ~> call _3 () ~> ret _3 () ~> ret run () ~> ret _1 () ~> call _1 () ~> call run _42 ~> call _42 () ~> call run _63 ~> call _63 () ~> call run _85 ~> call _85 () ~> ret _85 () ~> call _85 () ~> ret _85 () ~> ret run () ~> ret _63 () ~> call _63 () ~> ret _63 () ~> ret run () ~> ret _42 () ~> call _42 () ~> call run _292 ~> call _292 () ~> ret _292 () ~> call _292 () ~> call run _349 ~> call _349 () ~> ret _349 () ~> call _349 () ~> ret _349 () ~> ret run () ~> ret _292 () )
#Or
  T ==K ( call run _1 ~> call _1 () ~> call run _3 ~> call _3 () ~> ret _3 () ~> call _3 () ~> ret _3 () ~> ret run () ~> ret _1 () ~> call _1 () ~> call run _42 ~> call _42 () ~> call run _63 ~> call _63 () ~> call run _85 ~> call _85 () ~> ret _85 () ~> call _85 () ~> ret _85 () ~> ret run () ~> ret _63 () ~> call _63 () ~> ret _63 () ~> ret run () ~> ret _42 () ~> call _42 () ~> call run _292 ~> call _292 () ~> ret _292 () ~> call _292 () ~> ret _292 () ~> ret run () ~> ret _42 () )
#Or
  T ==K ( call run _1 ~> call _1 () ~> call run _3 ~> call _3 () ~> ret _3 () ~> call _3 () ~> ret _3 () ~> ret run () ~> ret _1 () ~> call _1 () ~> call run _42 ~> call _42 () ~> call run _63 ~> call _63 () ~> call run _85 ~> call _85 () ~> ret _85 () ~> call _85 () ~> ret _85 () ~> ret run () ~> ret _63 () ~> call _63 () ~> ret _63 () ~> ret run () ~> ret _42 () ~> call _42 () ~> ret _42 () ~> ret run () ~> ret _1 () )
#Or
  T ==K ( call run _1 ~> call _1 () ~> call run _3 ~> call _3 () ~> ret _3 () ~> call _3 () ~> ret _3 () ~> ret run () ~> ret _1 () ~> call _1 () ~> call run _42 ~> call _42 () ~> call run _63 ~> call _63 () ~> ret _63 () ~> call _63 () ~> call run _103 ~> call _103 () ~> ret _103 () ~> call _103 () ~> ret _103 () ~> ret run () ~> ret _63 () )
#Or
  T ==K ( call run _1 ~> call _1 () ~> call run _3 ~> call _3 () ~> ret _3 () ~> call _3 () ~> ret _3 () ~> ret run () ~> ret _1 () ~> call _1 () ~> call run _42 ~> call _42 () ~> call run _63 ~> call _63 () ~> ret _63 () ~> call _63 () ~> ret _63 () ~> ret run () ~> ret _42 () ~> call _42 () ~> call run _178 ~> call _178 () ~> call run _209 ~> call _209 () ~> ret _209 () ~> call _209 () ~> ret _209 () ~> ret run () ~> ret _178 () ~> call _178 () ~> call run _350 ~> call _350 () ~> ret _350 () ~> call _350 () ~> ret _350 () ~> ret run () ~> ret _178 () )
#Or
  T ==K ( call run _1 ~> call _1 () ~> call run _3 ~> call _3 () ~> ret _3 () ~> call _3 () ~> ret _3 () ~> ret run () ~> ret _1 () ~> call _1 () ~> call run _42 ~> call _42 () ~> call run _63 ~> call _63 () ~> ret _63 () ~> call _63 () ~> ret _63 () ~> ret run () ~> ret _42 () ~> call _42 () ~> call run _178 ~> call _178 () ~> call run _209 ~> call _209 () ~> ret _209 () ~> call _209 () ~> ret _209 () ~> ret run () ~> ret _178 () ~> call _178 () ~> ret _178 () ~> ret run () ~> ret _42 () )
#Or
  T ==K ( call run _1 ~> call _1 () ~> call run _3 ~> call _3 () ~> ret _3 () ~> call _3 () ~> ret _3 () ~> ret run () ~> ret _1 () ~> call _1 () ~> call run _42 ~> call _42 () ~> call run _63 ~> call _63 () ~> ret _63 () ~> call _63 () ~> ret _63 () ~> ret run () ~> ret _42 () ~> call _42 () ~> call run _178 ~> call _178 () ~> ret _178 () ~> call _178 () ~> call run _235 ~> call _235 () ~> ret _235 () ~> call _235 () ~> ret _235 () ~> ret run () ~> ret _178 () )
#Or
  T ==K ( call run _1 ~> call _1 () ~> call run _3 ~> call _3 () ~> ret _3 () ~> call _3 () ~> ret _3 () ~> ret run () ~> ret _1 () ~> call _1 () ~> call run _42 ~> call _42 () ~> call run _63 ~> call _63 () ~> ret _63 () ~> call _63 () ~> ret _63 () ~> ret run () ~> ret _42 () ~> call _42 () ~> call run _178 ~> call _178 () ~> ret _178 () ~> call _178 () ~> ret _178 () ~> ret run () ~> ret _42 () )
#Or
  T ==K ( call run _1 ~> call _1 () ~> call run _3 ~> call _3 () ~> ret _3 () ~> call _3 () ~> ret _3 () ~> ret run () ~> ret _1 () ~> call _1 () ~> call run _42 ~> call _42 () ~> call run _63 ~> call _63 () ~> ret _63 () ~> call _63 () ~> ret _63 () ~> ret run () ~> ret _42 () ~> call _42 () ~> ret _42 () ~> ret run () ~> ret _1 () )
#Or
  T ==K ( call run _1 ~> call _1 () ~> call run _3 ~> call _3 () ~> ret _3 () ~> call _3 () ~> ret _3 () ~> ret run () ~> ret _1 () ~> call _1 () ~> call run _42 ~> call _42 () ~> ret _42 () ~> call _42 () ~> call run _80 ~> call _80 () ~> call run _104 ~> call _104 () ~> ret _104 () ~> call _104 () ~> ret _104 () ~> ret run () ~> ret _80 () ~> call _80 () ~> call run _236 ~> call _236 () ~> ret _236 () ~> call _236 () ~> ret _236 () ~> ret run () ~> ret _80 () )
#Or
  T ==K ( call run _1 ~> call _1 () ~> call run _3 ~> call _3 () ~> ret _3 () ~> call _3 () ~> ret _3 () ~> ret run () ~> ret _1 () ~> call _1 () ~> call run _42 ~> call _42 () ~> ret _42 () ~> call _42 () ~> call run _80 ~> call _80 () ~> call run _104 ~> call _104 () ~> ret _104 () ~> call _104 () ~> ret _104 () ~> ret run () ~> ret _80 () ~> call _80 () ~> ret _80 () ~> ret run () ~> ret _42 () )
#Or
  T ==K ( call run _1 ~> call _1 () ~> call run _3 ~> call _3 () ~> ret _3 () ~> call _3 () ~> ret _3 () ~> ret run () ~> ret _1 () ~> call _1 () ~> call run _42 ~> call _42 () ~> ret _42 () ~> call _42 () ~> call run _80 ~> call _80 () ~> ret _80 () ~> call _80 () ~> call run _126 ~> call _126 () ~> ret _126 () ~> call _126 () ~> ret _126 () ~> ret run () ~> ret _80 () )
#Or
  T ==K ( call run _1 ~> call _1 () ~> call run _3 ~> call _3 () ~> ret _3 () ~> call _3 () ~> ret _3 () ~> ret run () ~> ret _1 () ~> call _1 () ~> call run _42 ~> call _42 () ~> ret _42 () ~> call _42 () ~> call run _80 ~> call _80 () ~> ret _80 () ~> call _80 () ~> ret _80 () ~> ret run () ~> ret _42 () )
#Or
  T ==K ( call run _1 ~> call _1 () ~> call run _3 ~> call _3 () ~> ret _3 () ~> call _3 () ~> ret _3 () ~> ret run () ~> ret _1 () ~> call _1 () ~> call run _42 ~> call _42 () ~> ret _42 () ~> call _42 () ~> ret _42 () ~> ret run () ~> ret _1 () )
#Or
  T ==K ( call run _1 ~> call _1 () ~> ret _1 () ~> call _1 () ~> call run _6 ~> call _6 () ~> call run _12 ~> call _12 () ~> call run _22 ~> call _22 () ~> ret _22 () ~> call _22 () ~> ret _22 () ~> ret run () ~> ret _12 () ~> call _12 () ~> call run _105 ~> call _105 () ~> ret _105 () ~> call _105 () ~> ret _105 () ~> ret run () ~> ret _12 () )
#Or
  T ==K ( call run _1 ~> call _1 () ~> ret _1 () ~> call _1 () ~> call run _6 ~> call _6 () ~> call run _12 ~> call _12 () ~> call run _22 ~> call _22 () ~> ret _22 () ~> call _22 () ~> ret _22 () ~> ret run () ~> ret _12 () ~> call _12 () ~> ret _12 () ~> ret run () ~> ret _6 () ~> call _6 () ~> call run _179 ~> call _179 () ~> call run _210 ~> call _210 () ~> ret _210 () ~> call _210 () ~> ret _210 () ~> ret run () ~> ret _179 () ~> call _179 () ~> call run _351 ~> call _351 () ~> ret _351 () ~> call _351 () ~> ret _351 () ~> ret run () ~> ret _179 () )
#Or
  T ==K ( call run _1 ~> call _1 () ~> ret _1 () ~> call _1 () ~> call run _6 ~> call _6 () ~> call run _12 ~> call _12 () ~> call run _22 ~> call _22 () ~> ret _22 () ~> call _22 () ~> ret _22 () ~> ret run () ~> ret _12 () ~> call _12 () ~> ret _12 () ~> ret run () ~> ret _6 () ~> call _6 () ~> call run _179 ~> call _179 () ~> call run _210 ~> call _210 () ~> ret _210 () ~> call _210 () ~> ret _210 () ~> ret run () ~> ret _179 () ~> call _179 () ~> ret _179 () ~> ret run () ~> ret _6 () )
#Or
  T ==K ( call run _1 ~> call _1 () ~> ret _1 () ~> call _1 () ~> call run _6 ~> call _6 () ~> call run _12 ~> call _12 () ~> call run _22 ~> call _22 () ~> ret _22 () ~> call _22 () ~> ret _22 () ~> ret run () ~> ret _12 () ~> call _12 () ~> ret _12 () ~> ret run () ~> ret _6 () ~> call _6 () ~> call run _179 ~> call _179 () ~> ret _179 () ~> call _179 () ~> call run _238 ~> call _238 () ~> ret _238 () ~> call _238 () ~> ret _238 () ~> ret run () ~> ret _179 () )
#Or
  T ==K ( call run _1 ~> call _1 () ~> ret _1 () ~> call _1 () ~> call run _6 ~> call _6 () ~> call run _12 ~> call _12 () ~> call run _22 ~> call _22 () ~> ret _22 () ~> call _22 () ~> ret _22 () ~> ret run () ~> ret _12 () ~> call _12 () ~> ret _12 () ~> ret run () ~> ret _6 () ~> call _6 () ~> call run _179 ~> call _179 () ~> ret _179 () ~> call _179 () ~> ret _179 () ~> ret run () ~> ret _6 () )
#Or
  T ==K ( call run _1 ~> call _1 () ~> ret _1 () ~> call _1 () ~> call run _6 ~> call _6 () ~> call run _12 ~> call _12 () ~> call run _22 ~> call _22 () ~> ret _22 () ~> call _22 () ~> ret _22 () ~> ret run () ~> ret _12 () ~> call _12 () ~> ret _12 () ~> ret run () ~> ret _6 () ~> call _6 () ~> ret _6 () ~> ret run () ~> ret _1 () )
#Or
  T ==K ( call run _1 ~> call _1 () ~> ret _1 () ~> call _1 () ~> call run _6 ~> call _6 () ~> call run _12 ~> call _12 () ~> ret _12 () ~> call _12 () ~> call run _33 ~> call _33 () ~> ret _33 () ~> call _33 () ~> ret _33 () ~> ret run () ~> ret _12 () )
#Or
  T ==K ( call run _1 ~> call _1 () ~> ret _1 () ~> call _1 () ~> call run _6 ~> call _6 () ~> call run _12 ~> call _12 () ~> ret _12 () ~> call _12 () ~> ret _12 () ~> ret run () ~> ret _6 () ~> call _6 () ~> call run _82 ~> call _82 () ~> call run _106 ~> call _106 () ~> ret _106 () ~> call _106 () ~> ret _106 () ~> ret run () ~> ret _82 () ~> call _82 () ~> call run _239 ~> call _239 () ~> ret _239 () ~> call _239 () ~> ret _239 () ~> ret run () ~> ret _82 () )
#Or
  T ==K ( call run _1 ~> call _1 () ~> ret _1 () ~> call _1 () ~> call run _6 ~> call _6 () ~> call run _12 ~> call _12 () ~> ret _12 () ~> call _12 () ~> ret _12 () ~> ret run () ~> ret _6 () ~> call _6 () ~> call run _82 ~> call _82 () ~> call run _106 ~> call _106 () ~> ret _106 () ~> call _106 () ~> ret _106 () ~> ret run () ~> ret _82 () ~> call _82 () ~> ret _82 () ~> ret run () ~> ret _6 () )
#Or
  T ==K ( call run _1 ~> call _1 () ~> ret _1 () ~> call _1 () ~> call run _6 ~> call _6 () ~> call run _12 ~> call _12 () ~> ret _12 () ~> call _12 () ~> ret _12 () ~> ret run () ~> ret _6 () ~> call _6 () ~> call run _82 ~> call _82 () ~> ret _82 () ~> call _82 () ~> call run _129 ~> call _129 () ~> ret _129 () ~> call _129 () ~> ret _129 () ~> ret run () ~> ret _82 () )
#Or
  T ==K ( call run _1 ~> call _1 () ~> ret _1 () ~> call _1 () ~> call run _6 ~> call _6 () ~> call run _12 ~> call _12 () ~> ret _12 () ~> call _12 () ~> ret _12 () ~> ret run () ~> ret _6 () ~> call _6 () ~> call run _82 ~> call _82 () ~> ret _82 () ~> call _82 () ~> ret _82 () ~> ret run () ~> ret _6 () )
#Or
  T ==K ( call run _1 ~> call _1 () ~> ret _1 () ~> call _1 () ~> call run _6 ~> call _6 () ~> call run _12 ~> call _12 () ~> ret _12 () ~> call _12 () ~> ret _12 () ~> ret run () ~> ret _6 () ~> call _6 () ~> ret _6 () ~> ret run () ~> ret _1 () )
#Or
  T ==K ( call run _1 ~> call _1 () ~> ret _1 () ~> call _1 () ~> call run _6 ~> call _6 () ~> ret _6 () ~> call _6 () ~> call run _18 ~> call _18 () ~> call run _34 ~> call _34 () ~> ret _34 () ~> call _34 () ~> ret _34 () ~> ret run () ~> ret _18 () ~> call _18 () ~> call run _130 ~> call _130 () ~> ret _130 () ~> call _130 () ~> ret _130 () ~> ret run () ~> ret _18 () )
#Or
  T ==K ( call run _1 ~> call _1 () ~> ret _1 () ~> call _1 () ~> call run _6 ~> call _6 () ~> ret _6 () ~> call _6 () ~> call run _18 ~> call _18 () ~> call run _34 ~> call _34 () ~> ret _34 () ~> call _34 () ~> ret _34 () ~> ret run () ~> ret _18 () ~> call _18 () ~> ret _18 () ~> ret run () ~> ret _6 () )
#Or
  T ==K ( call run _1 ~> call _1 () ~> ret _1 () ~> call _1 () ~> call run _6 ~> call _6 () ~> ret _6 () ~> call _6 () ~> call run _18 ~> call _18 () ~> ret _18 () ~> call _18 () ~> call run _50 ~> call _50 () ~> ret _50 () ~> call _50 () ~> ret _50 () ~> ret run () ~> ret _18 () )
#Or
  T ==K ( call run _1 ~> call _1 () ~> ret _1 () ~> call _1 () ~> call run _6 ~> call _6 () ~> ret _6 () ~> call _6 () ~> call run _18 ~> call _18 () ~> ret _18 () ~> call _18 () ~> ret _18 () ~> ret run () ~> ret _6 () )
#Or
  T ==K ( call run _1 ~> call _1 () ~> ret _1 () ~> call _1 () ~> call run _6 ~> call _6 () ~> ret _6 () ~> call _6 () ~> ret _6 () ~> ret run () ~> ret _1 () )

real	0m8.244s
user	0m25.196s
sys	0m0.636s
