  T ==K ( call run () ~> call getInput () ~> call run () ~> call getInput () ~> call run () ~> call getInput () ~> call run () ~> call getInput () ~> ret getInput _13 ~> ret run () ~> call run () ~> call getInput () ~> ret getInput _32 ~> ret run () ~> ret getInput _47 )
#Or
  T ==K ( call run () ~> call getInput () ~> call run () ~> call getInput () ~> call run () ~> call getInput () ~> call run () ~> call getInput () ~> ret getInput _13 ~> ret run () ~> ret getInput _21 )
#Or
  T ==K ( call run () ~> call getInput () ~> call run () ~> call getInput () ~> call run () ~> call getInput () ~> ret getInput _7 ~> ret run () ~> call run () ~> call getInput () ~> call run () ~> call getInput () ~> ret getInput _33 ~> ret run () ~> call run () ~> call getInput () ~> ret getInput _61 ~> ret run () ~> ret getInput _77 )
#Or
  T ==K ( call run () ~> call getInput () ~> call run () ~> call getInput () ~> call run () ~> call getInput () ~> ret getInput _7 ~> ret run () ~> call run () ~> call getInput () ~> call run () ~> call getInput () ~> ret getInput _33 ~> ret run () ~> ret getInput _48 )
#Or
  T ==K ( call run () ~> call getInput () ~> call run () ~> call getInput () ~> call run () ~> call getInput () ~> ret getInput _7 ~> ret run () ~> call run () ~> call getInput () ~> ret getInput _23 ~> ret run () ~> ret getInput _34 )
#Or
  T ==K ( call run () ~> call getInput () ~> call run () ~> call getInput () ~> call run () ~> call getInput () ~> ret getInput _7 ~> ret run () ~> ret getInput _14 )
#Or
  T ==K ( call run () ~> call getInput () ~> call run () ~> call getInput () ~> ret getInput _4 ~> ret run () ~> call run () ~> call getInput () ~> call run () ~> call getInput () ~> call run () ~> call getInput () ~> ret getInput _35 ~> ret run () ~> call run () ~> call getInput () ~> ret getInput _62 ~> ret run () ~> ret getInput _78 )
#Or
  T ==K ( call run () ~> call getInput () ~> call run () ~> call getInput () ~> ret getInput _4 ~> ret run () ~> call run () ~> call getInput () ~> call run () ~> call getInput () ~> call run () ~> call getInput () ~> ret getInput _35 ~> ret run () ~> ret getInput _49 )
#Or
  T ==K ( call run () ~> call getInput () ~> call run () ~> call getInput () ~> ret getInput _4 ~> ret run () ~> call run () ~> call getInput () ~> call run () ~> call getInput () ~> ret getInput _24 ~> ret run () ~> call run () ~> call getInput () ~> call run () ~> call getInput () ~> ret getInput _63 ~> ret run () ~> call run () ~> call getInput () ~> ret getInput _88 ~> ret run () ~> ret getInput _97 )
#Or
  T ==K ( call run () ~> call getInput () ~> call run () ~> call getInput () ~> ret getInput _4 ~> ret run () ~> call run () ~> call getInput () ~> call run () ~> call getInput () ~> ret getInput _24 ~> ret run () ~> call run () ~> call getInput () ~> call run () ~> call getInput () ~> ret getInput _63 ~> ret run () ~> ret getInput _79 )
#Or
  T ==K ( call run () ~> call getInput () ~> call run () ~> call getInput () ~> ret getInput _4 ~> ret run () ~> call run () ~> call getInput () ~> call run () ~> call getInput () ~> ret getInput _24 ~> ret run () ~> call run () ~> call getInput () ~> ret getInput _53 ~> ret run () ~> ret getInput _64 )
#Or
  T ==K ( call run () ~> call getInput () ~> call run () ~> call getInput () ~> ret getInput _4 ~> ret run () ~> call run () ~> call getInput () ~> call run () ~> call getInput () ~> ret getInput _24 ~> ret run () ~> ret getInput _36 )
#Or
  T ==K ( call run () ~> call getInput () ~> call run () ~> call getInput () ~> ret getInput _4 ~> ret run () ~> call run () ~> call getInput () ~> ret getInput _17 ~> ret run () ~> ret getInput _25 )
#Or
  T ==K ( call run () ~> call getInput () ~> call run () ~> call getInput () ~> ret getInput _4 ~> ret run () ~> ret getInput _8 )
#Or
  T ==K ( call run () ~> call getInput () ~> ret getInput _2 ~> ret run () ~> call run () ~> call getInput () ~> call run () ~> call getInput () ~> call run () ~> call getInput () ~> call run () ~> call getInput () ~> ret getInput _37 ~> ret run () ~> call run () ~> call getInput () ~> ret getInput _65 ~> ret run () ~> ret getInput _80 )
#Or
  T ==K ( call run () ~> call getInput () ~> ret getInput _2 ~> ret run () ~> call run () ~> call getInput () ~> call run () ~> call getInput () ~> call run () ~> call getInput () ~> call run () ~> call getInput () ~> ret getInput _37 ~> ret run () ~> ret getInput _50 )
#Or
  T ==K ( call run () ~> call getInput () ~> ret getInput _2 ~> ret run () ~> call run () ~> call getInput () ~> call run () ~> call getInput () ~> call run () ~> call getInput () ~> ret getInput _26 ~> ret run () ~> call run () ~> call getInput () ~> call run () ~> call getInput () ~> ret getInput _66 ~> ret run () ~> call run () ~> call getInput () ~> ret getInput _89 ~> ret run () ~> ret getInput _98 )
#Or
  T ==K ( call run () ~> call getInput () ~> ret getInput _2 ~> ret run () ~> call run () ~> call getInput () ~> call run () ~> call getInput () ~> call run () ~> call getInput () ~> ret getInput _26 ~> ret run () ~> call run () ~> call getInput () ~> call run () ~> call getInput () ~> ret getInput _66 ~> ret run () ~> ret getInput _81 )
#Or
  T ==K ( call run () ~> call getInput () ~> ret getInput _2 ~> ret run () ~> call run () ~> call getInput () ~> call run () ~> call getInput () ~> call run () ~> call getInput () ~> ret getInput _26 ~> ret run () ~> call run () ~> call getInput () ~> ret getInput _55 ~> ret run () ~> ret getInput _67 )
#Or
  T ==K ( call run () ~> call getInput () ~> ret getInput _2 ~> ret run () ~> call run () ~> call getInput () ~> call run () ~> call getInput () ~> call run () ~> call getInput () ~> ret getInput _26 ~> ret run () ~> ret getInput _38 )
#Or
  T ==K ( call run () ~> call getInput () ~> ret getInput _2 ~> ret run () ~> call run () ~> call getInput () ~> call run () ~> call getInput () ~> ret getInput _18 ~> ret run () ~> call run () ~> call getInput () ~> call run () ~> call getInput () ~> call run () ~> call getInput () ~> ret getInput _68 ~> ret run () ~> call run () ~> call getInput () ~> ret getInput _90 ~> ret run () ~> ret getInput _99 )
#Or
  T ==K ( call run () ~> call getInput () ~> ret getInput _2 ~> ret run () ~> call run () ~> call getInput () ~> call run () ~> call getInput () ~> ret getInput _18 ~> ret run () ~> call run () ~> call getInput () ~> call run () ~> call getInput () ~> call run () ~> call getInput () ~> ret getInput _68 ~> ret run () ~> ret getInput _82 )
#Or
  T ==K ( call run () ~> call getInput () ~> ret getInput _2 ~> ret run () ~> call run () ~> call getInput () ~> call run () ~> call getInput () ~> ret getInput _18 ~> ret run () ~> call run () ~> call getInput () ~> call run () ~> call getInput () ~> ret getInput _56 ~> ret run () ~> call run () ~> call getInput () ~> call run () ~> call getInput () ~> ret getInput _91 ~> ret run () ~> call run () ~> call getInput () ~> ret getInput _102 ~> ret run () ~> ret getInput _104 )
#Or
  T ==K ( call run () ~> call getInput () ~> ret getInput _2 ~> ret run () ~> call run () ~> call getInput () ~> call run () ~> call getInput () ~> ret getInput _18 ~> ret run () ~> call run () ~> call getInput () ~> call run () ~> call getInput () ~> ret getInput _56 ~> ret run () ~> call run () ~> call getInput () ~> call run () ~> call getInput () ~> ret getInput _91 ~> ret run () ~> ret getInput _100 )
#Or
  T ==K ( call run () ~> call getInput () ~> ret getInput _2 ~> ret run () ~> call run () ~> call getInput () ~> call run () ~> call getInput () ~> ret getInput _18 ~> ret run () ~> call run () ~> call getInput () ~> call run () ~> call getInput () ~> ret getInput _56 ~> ret run () ~> call run () ~> call getInput () ~> ret getInput _86 ~> ret run () ~> ret getInput _92 )
#Or
  T ==K ( call run () ~> call getInput () ~> ret getInput _2 ~> ret run () ~> call run () ~> call getInput () ~> call run () ~> call getInput () ~> ret getInput _18 ~> ret run () ~> call run () ~> call getInput () ~> call run () ~> call getInput () ~> ret getInput _56 ~> ret run () ~> ret getInput _69 )
#Or
  T ==K ( call run () ~> call getInput () ~> ret getInput _2 ~> ret run () ~> call run () ~> call getInput () ~> call run () ~> call getInput () ~> ret getInput _18 ~> ret run () ~> call run () ~> call getInput () ~> ret getInput _45 ~> ret run () ~> ret getInput _57 )
#Or
  T ==K ( call run () ~> call getInput () ~> ret getInput _2 ~> ret run () ~> call run () ~> call getInput () ~> call run () ~> call getInput () ~> ret getInput _18 ~> ret run () ~> ret getInput _27 )

real	0m6.272s
user	0m18.602s
sys	0m0.577s
