  T ==K ( call initialise () ~> call getInput () ~> call initialise () ~> call getInput () ~> call initialise () ~> call getInput () ~> call initialise () ~> call getInput () ~> call initialise () ~> call getInput () ~> ret getInput _28 ~> ret initialise () ~> ret getInput _38 ~> ret initialise () ~> ret getInput _48 ~> ret initialise () ~> ret getInput _59 ~> ret initialise () ~> ret getInput _93 )
#Or
  T ==K ( call initialise () ~> call getInput () ~> call initialise () ~> call getInput () ~> call initialise () ~> call getInput () ~> call initialise () ~> call getInput () ~> call initialise () ~> call getInput () ~> ret getInput _28 ~> ret initialise () ~> ret getInput _38 ~> ret initialise () ~> ret getInput _48 ~> ret initialise () ~> ret getInput _86 )
#Or
  T ==K ( call initialise () ~> call getInput () ~> call initialise () ~> call getInput () ~> call initialise () ~> call getInput () ~> call initialise () ~> call getInput () ~> call initialise () ~> call getInput () ~> ret getInput _28 ~> ret initialise () ~> ret getInput _38 ~> ret initialise () ~> ret getInput _48 ~> ret initialise () ~> ret getInput _86 ~> ret initialise () ~> ret getInput _92 )
#Or
  T ==K ( call initialise () ~> call getInput () ~> call initialise () ~> call getInput () ~> call initialise () ~> call getInput () ~> call initialise () ~> call getInput () ~> call initialise () ~> call getInput () ~> ret getInput _28 ~> ret initialise () ~> ret getInput _38 ~> ret initialise () ~> ret getInput _78 )
#Or
  T ==K ( call initialise () ~> call getInput () ~> call initialise () ~> call getInput () ~> call initialise () ~> call getInput () ~> call initialise () ~> call getInput () ~> call initialise () ~> call getInput () ~> ret getInput _28 ~> ret initialise () ~> ret getInput _38 ~> ret initialise () ~> ret getInput _78 ~> ret initialise () ~> ret getInput _85 )
#Or
  T ==K ( call initialise () ~> call getInput () ~> call initialise () ~> call getInput () ~> call initialise () ~> call getInput () ~> call initialise () ~> call getInput () ~> call initialise () ~> call getInput () ~> ret getInput _28 ~> ret initialise () ~> ret getInput _38 ~> ret initialise () ~> ret getInput _78 ~> ret initialise () ~> ret getInput _85 ~> ret initialise () ~> ret getInput _91 )
#Or
  T ==K ( call initialise () ~> call getInput () ~> call initialise () ~> call getInput () ~> call initialise () ~> call getInput () ~> call initialise () ~> call getInput () ~> ret getInput _18 ~> ret initialise () ~> ret getInput _25 ~> ret initialise () ~> ret getInput _35 ~> ret initialise () ~> ret getInput _77 )
#Or
  T ==K ( call initialise () ~> call getInput () ~> call initialise () ~> call getInput () ~> call initialise () ~> call getInput () ~> call initialise () ~> call getInput () ~> ret getInput _18 ~> ret initialise () ~> ret getInput _25 ~> ret initialise () ~> ret getInput _66 )
#Or
  T ==K ( call initialise () ~> call getInput () ~> call initialise () ~> call getInput () ~> call initialise () ~> call getInput () ~> call initialise () ~> call getInput () ~> ret getInput _18 ~> ret initialise () ~> ret getInput _25 ~> ret initialise () ~> ret getInput _66 ~> ret initialise () ~> ret getInput _76 )
#Or
  T ==K ( call initialise () ~> call getInput () ~> call initialise () ~> call getInput () ~> call initialise () ~> call getInput () ~> call initialise () ~> call getInput () ~> ret getInput _18 ~> ret initialise () ~> ret getInput _55 )
#Or
  T ==K ( call initialise () ~> call getInput () ~> call initialise () ~> call getInput () ~> call initialise () ~> call getInput () ~> call initialise () ~> call getInput () ~> ret getInput _18 ~> ret initialise () ~> ret getInput _55 ~> ret initialise () ~> ret getInput _65 )
#Or
  T ==K ( call initialise () ~> call getInput () ~> call initialise () ~> call getInput () ~> call initialise () ~> call getInput () ~> call initialise () ~> call getInput () ~> ret getInput _18 ~> ret initialise () ~> ret getInput _55 ~> ret initialise () ~> ret getInput _65 ~> ret initialise () ~> ret getInput _75 )
#Or
  T ==K ( call initialise () ~> call getInput () ~> call initialise () ~> call getInput () ~> call initialise () ~> call getInput () ~> ret getInput _11 ~> ret initialise () ~> ret getInput _15 ~> ret initialise () ~> ret getInput _54 )
#Or
  T ==K ( call initialise () ~> call getInput () ~> call initialise () ~> call getInput () ~> call initialise () ~> call getInput () ~> ret getInput _11 ~> ret initialise () ~> ret getInput _43 )
#Or
  T ==K ( call initialise () ~> call getInput () ~> call initialise () ~> call getInput () ~> call initialise () ~> call getInput () ~> ret getInput _11 ~> ret initialise () ~> ret getInput _43 ~> ret initialise () ~> ret getInput _53 )
#Or
  T ==K ( call initialise () ~> call getInput () ~> call initialise () ~> call getInput () ~> ret getInput _5 ~> ret initialise () ~> ret getInput _32 )

real	0m7.216s
user	0m20.747s
sys	0m0.860s
