  T ==K ( call read () ~> call send 100 ~> call write _7 ~> ret write () ~> call write _15 ~> ret write () ~> call write _27 ~> ret write () ~> ret send () )
#Or
  T ==K ( call read () ~> call send 100 ~> call write _7 ~> ret write () ~> call write _15 ~> ret write () ~> call write _27 ~> ret write () ~> ret send () ~> ret read () ~> call read () ~> call send _27 ~> call write _146 ~> ret write () ~> call write _212 ~> ret write () ~> call write _284 ~> ret write () ~> ret send () )
#Or
  T ==K ( call read () ~> call send 100 ~> call write _7 ~> ret write () ~> call write _15 ~> ret write () ~> call write _27 ~> ret write () ~> ret send () ~> ret read () ~> call read () ~> call send _27 ~> call write _146 ~> ret write () ~> call write _212 ~> ret write () ~> call write _284 ~> ret write () ~> ret send () ~> ret read () ~> call read () ~> call send _284 ~> call write _521 ~> ret write () ~> call write _557 ~> ret write () ~> call write _576 ~> ret write () ~> ret send () )
#Or
  T ==K ( call read () ~> call send 100 ~> call write _7 ~> ret write () ~> call write _15 ~> ret write () ~> call write _27 ~> ret write () ~> ret send () ~> ret read () ~> call read () ~> call send _27 ~> call write _146 ~> ret write () ~> call write _212 ~> ret write () ~> call write _284 ~> ret write () ~> ret send () ~> ret read () ~> call read () ~> call send _284 ~> call write _521 ~> ret write () ~> call write _557 ~> ret write () ~> ret send () )
#Or
  T ==K ( call read () ~> call send 100 ~> call write _7 ~> ret write () ~> call write _15 ~> ret write () ~> call write _27 ~> ret write () ~> ret send () ~> ret read () ~> call read () ~> call send _27 ~> call write _146 ~> ret write () ~> call write _212 ~> ret write () ~> call write _284 ~> ret write () ~> ret send () ~> ret read () ~> call read () ~> call send _284 ~> call write _521 ~> ret write () ~> ret send () )
#Or
  T ==K ( call read () ~> call send 100 ~> call write _7 ~> ret write () ~> call write _15 ~> ret write () ~> call write _27 ~> ret write () ~> ret send () ~> ret read () ~> call read () ~> call send _27 ~> call write _146 ~> ret write () ~> call write _212 ~> ret write () ~> ret send () )
#Or
  T ==K ( call read () ~> call send 100 ~> call write _7 ~> ret write () ~> call write _15 ~> ret write () ~> call write _27 ~> ret write () ~> ret send () ~> ret read () ~> call read () ~> call send _27 ~> call write _146 ~> ret write () ~> call write _212 ~> ret write () ~> ret send () ~> ret read () ~> call read () ~> call send _212 ~> call write _466 ~> ret write () ~> call write _522 ~> ret write () ~> call write _558 ~> ret write () ~> ret send () )
#Or
  T ==K ( call read () ~> call send 100 ~> call write _7 ~> ret write () ~> call write _15 ~> ret write () ~> call write _27 ~> ret write () ~> ret send () ~> ret read () ~> call read () ~> call send _27 ~> call write _146 ~> ret write () ~> call write _212 ~> ret write () ~> ret send () ~> ret read () ~> call read () ~> call send _212 ~> call write _466 ~> ret write () ~> call write _522 ~> ret write () ~> ret send () )
#Or
  T ==K ( call read () ~> call send 100 ~> call write _7 ~> ret write () ~> call write _15 ~> ret write () ~> call write _27 ~> ret write () ~> ret send () ~> ret read () ~> call read () ~> call send _27 ~> call write _146 ~> ret write () ~> call write _212 ~> ret write () ~> ret send () ~> ret read () ~> call read () ~> call send _212 ~> call write _466 ~> ret write () ~> ret send () )
#Or
  T ==K ( call read () ~> call send 100 ~> call write _7 ~> ret write () ~> call write _15 ~> ret write () ~> call write _27 ~> ret write () ~> ret send () ~> ret read () ~> call read () ~> call send _27 ~> call write _146 ~> ret write () ~> ret send () )
#Or
  T ==K ( call read () ~> call send 100 ~> call write _7 ~> ret write () ~> call write _15 ~> ret write () ~> call write _27 ~> ret write () ~> ret send () ~> ret read () ~> call read () ~> call send _27 ~> call write _146 ~> ret write () ~> ret send () ~> ret read () ~> call read () ~> call send _146 ~> call write _394 ~> ret write () ~> call write _467 ~> ret write () ~> call write _523 ~> ret write () ~> ret send () )
#Or
  T ==K ( call read () ~> call send 100 ~> call write _7 ~> ret write () ~> call write _15 ~> ret write () ~> call write _27 ~> ret write () ~> ret send () ~> ret read () ~> call read () ~> call send _27 ~> call write _146 ~> ret write () ~> ret send () ~> ret read () ~> call read () ~> call send _146 ~> call write _394 ~> ret write () ~> call write _467 ~> ret write () ~> ret send () )
#Or
  T ==K ( call read () ~> call send 100 ~> call write _7 ~> ret write () ~> call write _15 ~> ret write () ~> call write _27 ~> ret write () ~> ret send () ~> ret read () ~> call read () ~> call send _27 ~> call write _146 ~> ret write () ~> ret send () ~> ret read () ~> call read () ~> call send _146 ~> call write _394 ~> ret write () ~> ret send () )
#Or
  T ==K ( call read () ~> call send 100 ~> call write _7 ~> ret write () ~> call write _15 ~> ret write () ~> call write _27 ~> ret write () ~> ret send () ~> ret read () ~> call read () ~> call send _27 ~> ret send () ~> ret read () ~> call read () ~> call send _27 ~> call write _313 ~> ret write () ~> call write _395 ~> ret write () ~> call write _468 ~> ret write () ~> ret send () )
#Or
  T ==K ( call read () ~> call send 100 ~> call write _7 ~> ret write () ~> call write _15 ~> ret write () ~> call write _27 ~> ret write () ~> ret send () ~> ret read () ~> call read () ~> call send _27 ~> ret send () ~> ret read () ~> call read () ~> call send _27 ~> call write _313 ~> ret write () ~> call write _395 ~> ret write () ~> ret send () )
#Or
  T ==K ( call read () ~> call send 100 ~> call write _7 ~> ret write () ~> call write _15 ~> ret write () ~> call write _27 ~> ret write () ~> ret send () ~> ret read () ~> call read () ~> call send _27 ~> ret send () ~> ret read () ~> call read () ~> call send _27 ~> call write _313 ~> ret write () ~> ret send () )
#Or
  T ==K ( call read () ~> call send 100 ~> call write _7 ~> ret write () ~> call write _15 ~> ret write () ~> call write _27 ~> ret write () ~> ret send () ~> ret read () ~> call write _87 ~> ret write () ~> call read () ~> call send _27 ~> call write _205 ~> ret write () ~> call write _280 ~> ret write () ~> call write _353 ~> ret write () ~> ret send () )
#Or
  T ==K ( call read () ~> call send 100 ~> call write _7 ~> ret write () ~> call write _15 ~> ret write () ~> call write _27 ~> ret write () ~> ret send () ~> ret read () ~> call write _87 ~> ret write () ~> call read () ~> call send _27 ~> call write _205 ~> ret write () ~> call write _280 ~> ret write () ~> ret send () )
#Or
  T ==K ( call read () ~> call send 100 ~> call write _7 ~> ret write () ~> call write _15 ~> ret write () ~> call write _27 ~> ret write () ~> ret send () ~> ret read () ~> call write _87 ~> ret write () ~> call read () ~> call send _27 ~> call write _205 ~> ret write () ~> ret send () )
#Or
  T ==K ( call read () ~> call send 100 ~> call write _7 ~> ret write () ~> call write _15 ~> ret write () ~> ret send () )
#Or
  T ==K ( call read () ~> call send 100 ~> call write _7 ~> ret write () ~> call write _15 ~> ret write () ~> ret send () ~> ret read () ~> call read () ~> call send _15 ~> call write _92 ~> ret write () ~> call write _147 ~> ret write () ~> call write _213 ~> ret write () ~> ret send () )
#Or
  T ==K ( call read () ~> call send 100 ~> call write _7 ~> ret write () ~> call write _15 ~> ret write () ~> ret send () ~> ret read () ~> call read () ~> call send _15 ~> call write _92 ~> ret write () ~> call write _147 ~> ret write () ~> call write _213 ~> ret write () ~> ret send () ~> ret read () ~> call read () ~> call send _213 ~> call write _469 ~> ret write () ~> call write _524 ~> ret write () ~> call write _559 ~> ret write () ~> ret send () )
#Or
  T ==K ( call read () ~> call send 100 ~> call write _7 ~> ret write () ~> call write _15 ~> ret write () ~> ret send () ~> ret read () ~> call read () ~> call send _15 ~> call write _92 ~> ret write () ~> call write _147 ~> ret write () ~> call write _213 ~> ret write () ~> ret send () ~> ret read () ~> call read () ~> call send _213 ~> call write _469 ~> ret write () ~> call write _524 ~> ret write () ~> ret send () )
#Or
  T ==K ( call read () ~> call send 100 ~> call write _7 ~> ret write () ~> call write _15 ~> ret write () ~> ret send () ~> ret read () ~> call read () ~> call send _15 ~> call write _92 ~> ret write () ~> call write _147 ~> ret write () ~> call write _213 ~> ret write () ~> ret send () ~> ret read () ~> call read () ~> call send _213 ~> call write _469 ~> ret write () ~> ret send () )
#Or
  T ==K ( call read () ~> call send 100 ~> call write _7 ~> ret write () ~> call write _15 ~> ret write () ~> ret send () ~> ret read () ~> call read () ~> call send _15 ~> call write _92 ~> ret write () ~> call write _147 ~> ret write () ~> ret send () )
#Or
  T ==K ( call read () ~> call send 100 ~> call write _7 ~> ret write () ~> call write _15 ~> ret write () ~> ret send () ~> ret read () ~> call read () ~> call send _15 ~> call write _92 ~> ret write () ~> call write _147 ~> ret write () ~> ret send () ~> ret read () ~> call read () ~> call send _147 ~> call write _396 ~> ret write () ~> call write _470 ~> ret write () ~> call write _525 ~> ret write () ~> ret send () )
#Or
  T ==K ( call read () ~> call send 100 ~> call write _7 ~> ret write () ~> call write _15 ~> ret write () ~> ret send () ~> ret read () ~> call read () ~> call send _15 ~> call write _92 ~> ret write () ~> call write _147 ~> ret write () ~> ret send () ~> ret read () ~> call read () ~> call send _147 ~> call write _396 ~> ret write () ~> call write _470 ~> ret write () ~> ret send () )
#Or
  T ==K ( call read () ~> call send 100 ~> call write _7 ~> ret write () ~> call write _15 ~> ret write () ~> ret send () ~> ret read () ~> call read () ~> call send _15 ~> call write _92 ~> ret write () ~> call write _147 ~> ret write () ~> ret send () ~> ret read () ~> call read () ~> call send _147 ~> call write _396 ~> ret write () ~> ret send () )
#Or
  T ==K ( call read () ~> call send 100 ~> call write _7 ~> ret write () ~> call write _15 ~> ret write () ~> ret send () ~> ret read () ~> call read () ~> call send _15 ~> call write _92 ~> ret write () ~> ret send () )
#Or
  T ==K ( call read () ~> call send 100 ~> call write _7 ~> ret write () ~> call write _15 ~> ret write () ~> ret send () ~> ret read () ~> call read () ~> call send _15 ~> call write _92 ~> ret write () ~> ret send () ~> ret read () ~> call read () ~> call send _92 ~> call write _314 ~> ret write () ~> call write _397 ~> ret write () ~> call write _471 ~> ret write () ~> ret send () )
#Or
  T ==K ( call read () ~> call send 100 ~> call write _7 ~> ret write () ~> call write _15 ~> ret write () ~> ret send () ~> ret read () ~> call read () ~> call send _15 ~> call write _92 ~> ret write () ~> ret send () ~> ret read () ~> call read () ~> call send _92 ~> call write _314 ~> ret write () ~> call write _397 ~> ret write () ~> ret send () )
#Or
  T ==K ( call read () ~> call send 100 ~> call write _7 ~> ret write () ~> call write _15 ~> ret write () ~> ret send () ~> ret read () ~> call read () ~> call send _15 ~> call write _92 ~> ret write () ~> ret send () ~> ret read () ~> call read () ~> call send _92 ~> call write _314 ~> ret write () ~> ret send () )
#Or
  T ==K ( call read () ~> call send 100 ~> call write _7 ~> ret write () ~> call write _15 ~> ret write () ~> ret send () ~> ret read () ~> call read () ~> call send _15 ~> ret send () ~> ret read () ~> call read () ~> call send _15 ~> call write _232 ~> ret write () ~> call write _315 ~> ret write () ~> call write _398 ~> ret write () ~> ret send () )
#Or
  T ==K ( call read () ~> call send 100 ~> call write _7 ~> ret write () ~> call write _15 ~> ret write () ~> ret send () ~> ret read () ~> call read () ~> call send _15 ~> ret send () ~> ret read () ~> call read () ~> call send _15 ~> call write _232 ~> ret write () ~> call write _315 ~> ret write () ~> ret send () )
#Or
  T ==K ( call read () ~> call send 100 ~> call write _7 ~> ret write () ~> call write _15 ~> ret write () ~> ret send () ~> ret read () ~> call read () ~> call send _15 ~> ret send () ~> ret read () ~> call read () ~> call send _15 ~> call write _232 ~> ret write () ~> ret send () )
#Or
  T ==K ( call read () ~> call send 100 ~> call write _7 ~> ret write () ~> call write _15 ~> ret write () ~> ret send () ~> ret read () ~> call write _52 ~> ret write () ~> call read () ~> call send _15 ~> call write _141 ~> ret write () ~> call write _207 ~> ret write () ~> call write _281 ~> ret write () ~> ret send () )
#Or
  T ==K ( call read () ~> call send 100 ~> call write _7 ~> ret write () ~> call write _15 ~> ret write () ~> ret send () ~> ret read () ~> call write _52 ~> ret write () ~> call read () ~> call send _15 ~> call write _141 ~> ret write () ~> call write _207 ~> ret write () ~> ret send () )
#Or
  T ==K ( call read () ~> call send 100 ~> call write _7 ~> ret write () ~> call write _15 ~> ret write () ~> ret send () ~> ret read () ~> call write _52 ~> ret write () ~> call read () ~> call send _15 ~> call write _141 ~> ret write () ~> ret send () )
#Or
  T ==K ( call read () ~> call send 100 ~> call write _7 ~> ret write () ~> ret send () )
#Or
  T ==K ( call read () ~> call send 100 ~> call write _7 ~> ret write () ~> ret send () ~> ret read () ~> call read () ~> call send _7 ~> call write _54 ~> ret write () ~> call write _93 ~> ret write () ~> call write _148 ~> ret write () ~> ret send () )
#Or
  T ==K ( call read () ~> call send 100 ~> call write _7 ~> ret write () ~> ret send () ~> ret read () ~> call read () ~> call send _7 ~> call write _54 ~> ret write () ~> call write _93 ~> ret write () ~> call write _148 ~> ret write () ~> ret send () ~> ret read () ~> call read () ~> call send _148 ~> call write _399 ~> ret write () ~> call write _472 ~> ret write () ~> call write _526 ~> ret write () ~> ret send () )
#Or
  T ==K ( call read () ~> call send 100 ~> call write _7 ~> ret write () ~> ret send () ~> ret read () ~> call read () ~> call send _7 ~> call write _54 ~> ret write () ~> call write _93 ~> ret write () ~> call write _148 ~> ret write () ~> ret send () ~> ret read () ~> call read () ~> call send _148 ~> call write _399 ~> ret write () ~> call write _472 ~> ret write () ~> ret send () )
#Or
  T ==K ( call read () ~> call send 100 ~> call write _7 ~> ret write () ~> ret send () ~> ret read () ~> call read () ~> call send _7 ~> call write _54 ~> ret write () ~> call write _93 ~> ret write () ~> call write _148 ~> ret write () ~> ret send () ~> ret read () ~> call read () ~> call send _148 ~> call write _399 ~> ret write () ~> ret send () )
#Or
  T ==K ( call read () ~> call send 100 ~> call write _7 ~> ret write () ~> ret send () ~> ret read () ~> call read () ~> call send _7 ~> call write _54 ~> ret write () ~> call write _93 ~> ret write () ~> ret send () )
#Or
  T ==K ( call read () ~> call send 100 ~> call write _7 ~> ret write () ~> ret send () ~> ret read () ~> call read () ~> call send _7 ~> call write _54 ~> ret write () ~> call write _93 ~> ret write () ~> ret send () ~> ret read () ~> call read () ~> call send _93 ~> call write _316 ~> ret write () ~> call write _400 ~> ret write () ~> call write _473 ~> ret write () ~> ret send () )
#Or
  T ==K ( call read () ~> call send 100 ~> call write _7 ~> ret write () ~> ret send () ~> ret read () ~> call read () ~> call send _7 ~> call write _54 ~> ret write () ~> call write _93 ~> ret write () ~> ret send () ~> ret read () ~> call read () ~> call send _93 ~> call write _316 ~> ret write () ~> call write _400 ~> ret write () ~> ret send () )
#Or
  T ==K ( call read () ~> call send 100 ~> call write _7 ~> ret write () ~> ret send () ~> ret read () ~> call read () ~> call send _7 ~> call write _54 ~> ret write () ~> call write _93 ~> ret write () ~> ret send () ~> ret read () ~> call read () ~> call send _93 ~> call write _316 ~> ret write () ~> ret send () )
#Or
  T ==K ( call read () ~> call send 100 ~> call write _7 ~> ret write () ~> ret send () ~> ret read () ~> call read () ~> call send _7 ~> call write _54 ~> ret write () ~> ret send () )
#Or
  T ==K ( call read () ~> call send 100 ~> call write _7 ~> ret write () ~> ret send () ~> ret read () ~> call read () ~> call send _7 ~> call write _54 ~> ret write () ~> ret send () ~> ret read () ~> call read () ~> call send _54 ~> call write _233 ~> ret write () ~> call write _317 ~> ret write () ~> call write _401 ~> ret write () ~> ret send () )
#Or
  T ==K ( call read () ~> call send 100 ~> call write _7 ~> ret write () ~> ret send () ~> ret read () ~> call read () ~> call send _7 ~> call write _54 ~> ret write () ~> ret send () ~> ret read () ~> call read () ~> call send _54 ~> call write _233 ~> ret write () ~> call write _317 ~> ret write () ~> ret send () )
#Or
  T ==K ( call read () ~> call send 100 ~> call write _7 ~> ret write () ~> ret send () ~> ret read () ~> call read () ~> call send _7 ~> call write _54 ~> ret write () ~> ret send () ~> ret read () ~> call read () ~> call send _54 ~> call write _233 ~> ret write () ~> ret send () )
#Or
  T ==K ( call read () ~> call send 100 ~> call write _7 ~> ret write () ~> ret send () ~> ret read () ~> call read () ~> call send _7 ~> ret send () ~> ret read () ~> call read () ~> call send _7 ~> call write _163 ~> ret write () ~> call write _234 ~> ret write () ~> call write _318 ~> ret write () ~> ret send () )
#Or
  T ==K ( call read () ~> call send 100 ~> call write _7 ~> ret write () ~> ret send () ~> ret read () ~> call read () ~> call send _7 ~> ret send () ~> ret read () ~> call read () ~> call send _7 ~> call write _163 ~> ret write () ~> call write _234 ~> ret write () ~> ret send () )
#Or
  T ==K ( call read () ~> call send 100 ~> call write _7 ~> ret write () ~> ret send () ~> ret read () ~> call read () ~> call send _7 ~> ret send () ~> ret read () ~> call read () ~> call send _7 ~> call write _163 ~> ret write () ~> ret send () )
#Or
  T ==K ( call read () ~> call send 100 ~> call write _7 ~> ret write () ~> ret send () ~> ret read () ~> call write _33 ~> ret write () ~> call read () ~> call send _7 ~> call write _90 ~> ret write () ~> call write _143 ~> ret write () ~> call write _208 ~> ret write () ~> ret send () )
#Or
  T ==K ( call read () ~> call send 100 ~> call write _7 ~> ret write () ~> ret send () ~> ret read () ~> call write _33 ~> ret write () ~> call read () ~> call send _7 ~> call write _90 ~> ret write () ~> call write _143 ~> ret write () ~> ret send () )
#Or
  T ==K ( call read () ~> call send 100 ~> call write _7 ~> ret write () ~> ret send () ~> ret read () ~> call write _33 ~> ret write () ~> call read () ~> call send _7 ~> call write _90 ~> ret write () ~> ret send () )
#Or
  T ==K ( call read () ~> call send 100 ~> ret send () ~> ret read () ~> call read () ~> call send 100 ~> call write _36 ~> ret write () ~> call write _63 ~> ret write () ~> call write _102 ~> ret write () ~> ret send () )
#Or
  T ==K ( call read () ~> call send 100 ~> ret send () ~> ret read () ~> call read () ~> call send 100 ~> call write _36 ~> ret write () ~> call write _63 ~> ret write () ~> call write _102 ~> ret write () ~> ret send () ~> ret read () ~> call read () ~> call send _102 ~> call write _326 ~> ret write () ~> call write _408 ~> ret write () ~> call write _477 ~> ret write () ~> ret send () )
#Or
  T ==K ( call read () ~> call send 100 ~> ret send () ~> ret read () ~> call read () ~> call send 100 ~> call write _36 ~> ret write () ~> call write _63 ~> ret write () ~> call write _102 ~> ret write () ~> ret send () ~> ret read () ~> call read () ~> call send _102 ~> call write _326 ~> ret write () ~> call write _408 ~> ret write () ~> ret send () )
#Or
  T ==K ( call read () ~> call send 100 ~> ret send () ~> ret read () ~> call read () ~> call send 100 ~> call write _36 ~> ret write () ~> call write _63 ~> ret write () ~> call write _102 ~> ret write () ~> ret send () ~> ret read () ~> call read () ~> call send _102 ~> call write _326 ~> ret write () ~> ret send () )
#Or
  T ==K ( call read () ~> call send 100 ~> ret send () ~> ret read () ~> call read () ~> call send 100 ~> call write _36 ~> ret write () ~> call write _63 ~> ret write () ~> ret send () )
#Or
  T ==K ( call read () ~> call send 100 ~> ret send () ~> ret read () ~> call read () ~> call send 100 ~> call write _36 ~> ret write () ~> call write _63 ~> ret write () ~> ret send () ~> ret read () ~> call read () ~> call send _63 ~> call write _242 ~> ret write () ~> call write _327 ~> ret write () ~> call write _409 ~> ret write () ~> ret send () )
#Or
  T ==K ( call read () ~> call send 100 ~> ret send () ~> ret read () ~> call read () ~> call send 100 ~> call write _36 ~> ret write () ~> call write _63 ~> ret write () ~> ret send () ~> ret read () ~> call read () ~> call send _63 ~> call write _242 ~> ret write () ~> call write _327 ~> ret write () ~> ret send () )
#Or
  T ==K ( call read () ~> call send 100 ~> ret send () ~> ret read () ~> call read () ~> call send 100 ~> call write _36 ~> ret write () ~> call write _63 ~> ret write () ~> ret send () ~> ret read () ~> call read () ~> call send _63 ~> call write _242 ~> ret write () ~> ret send () )
#Or
  T ==K ( call read () ~> call send 100 ~> ret send () ~> ret read () ~> call read () ~> call send 100 ~> call write _36 ~> ret write () ~> ret send () )
#Or
  T ==K ( call read () ~> call send 100 ~> ret send () ~> ret read () ~> call read () ~> call send 100 ~> call write _36 ~> ret write () ~> ret send () ~> ret read () ~> call read () ~> call send _36 ~> call write _168 ~> ret write () ~> call write _243 ~> ret write () ~> call write _328 ~> ret write () ~> ret send () )
#Or
  T ==K ( call read () ~> call send 100 ~> ret send () ~> ret read () ~> call read () ~> call send 100 ~> call write _36 ~> ret write () ~> ret send () ~> ret read () ~> call read () ~> call send _36 ~> call write _168 ~> ret write () ~> call write _243 ~> ret write () ~> ret send () )
#Or
  T ==K ( call read () ~> call send 100 ~> ret send () ~> ret read () ~> call read () ~> call send 100 ~> call write _36 ~> ret write () ~> ret send () ~> ret read () ~> call read () ~> call send _36 ~> call write _168 ~> ret write () ~> ret send () )
#Or
  T ==K ( call read () ~> call send 100 ~> ret send () ~> ret read () ~> call read () ~> call send 100 ~> ret send () ~> ret read () ~> call read () ~> call send 100 ~> call write _120 ~> ret write () ~> call write _185 ~> ret write () ~> call write _264 ~> ret write () ~> ret send () )
#Or
  T ==K ( call read () ~> call send 100 ~> ret send () ~> ret read () ~> call read () ~> call send 100 ~> ret send () ~> ret read () ~> call read () ~> call send 100 ~> call write _120 ~> ret write () ~> call write _185 ~> ret write () ~> ret send () )
#Or
  T ==K ( call read () ~> call send 100 ~> ret send () ~> ret read () ~> call read () ~> call send 100 ~> ret send () ~> ret read () ~> call read () ~> call send 100 ~> call write _120 ~> ret write () ~> ret send () )
#Or
  T ==K ( call read () ~> call send 100 ~> ret send () ~> ret read () ~> call write _17 ~> ret write () ~> call read () ~> call send 100 ~> call write _61 ~> ret write () ~> call write _100 ~> ret write () ~> call write _154 ~> ret write () ~> ret send () )
#Or
  T ==K ( call read () ~> call send 100 ~> ret send () ~> ret read () ~> call write _17 ~> ret write () ~> call read () ~> call send 100 ~> call write _61 ~> ret write () ~> call write _100 ~> ret write () ~> ret send () )
#Or
  T ==K ( call read () ~> call send 100 ~> ret send () ~> ret read () ~> call write _17 ~> ret write () ~> call read () ~> call send 100 ~> call write _61 ~> ret write () ~> ret send () )
#Or
  T ==K ( call write _2 ~> ret write () ~> call read () ~> call send 100 ~> call write _14 ~> ret write () ~> call write _26 ~> ret write () ~> call write _45 ~> ret write () ~> ret send () )
#Or
  T ==K ( call write _2 ~> ret write () ~> call read () ~> call send 100 ~> call write _14 ~> ret write () ~> call write _26 ~> ret write () ~> call write _45 ~> ret write () ~> ret send () ~> ret read () ~> call read () ~> call send _45 ~> call write _209 ~> ret write () ~> call write _282 ~> ret write () ~> call write _354 ~> ret write () ~> ret send () )
#Or
  T ==K ( call write _2 ~> ret write () ~> call read () ~> call send 100 ~> call write _14 ~> ret write () ~> call write _26 ~> ret write () ~> call write _45 ~> ret write () ~> ret send () ~> ret read () ~> call read () ~> call send _45 ~> call write _209 ~> ret write () ~> call write _282 ~> ret write () ~> ret send () )
#Or
  T ==K ( call write _2 ~> ret write () ~> call read () ~> call send 100 ~> call write _14 ~> ret write () ~> call write _26 ~> ret write () ~> call write _45 ~> ret write () ~> ret send () ~> ret read () ~> call read () ~> call send _45 ~> call write _209 ~> ret write () ~> ret send () )
#Or
  T ==K ( call write _2 ~> ret write () ~> call read () ~> call send 100 ~> call write _14 ~> ret write () ~> call write _26 ~> ret write () ~> ret send () )
#Or
  T ==K ( call write _2 ~> ret write () ~> call read () ~> call send 100 ~> call write _14 ~> ret write () ~> call write _26 ~> ret write () ~> ret send () ~> ret read () ~> call read () ~> call send _26 ~> call write _144 ~> ret write () ~> call write _210 ~> ret write () ~> call write _283 ~> ret write () ~> ret send () )
#Or
  T ==K ( call write _2 ~> ret write () ~> call read () ~> call send 100 ~> call write _14 ~> ret write () ~> call write _26 ~> ret write () ~> ret send () ~> ret read () ~> call read () ~> call send _26 ~> call write _144 ~> ret write () ~> call write _210 ~> ret write () ~> ret send () )
#Or
  T ==K ( call write _2 ~> ret write () ~> call read () ~> call send 100 ~> call write _14 ~> ret write () ~> call write _26 ~> ret write () ~> ret send () ~> ret read () ~> call read () ~> call send _26 ~> call write _144 ~> ret write () ~> ret send () )
#Or
  T ==K ( call write _2 ~> ret write () ~> call read () ~> call send 100 ~> call write _14 ~> ret write () ~> ret send () )
#Or
  T ==K ( call write _2 ~> ret write () ~> call read () ~> call send 100 ~> call write _14 ~> ret write () ~> ret send () ~> ret read () ~> call read () ~> call send _14 ~> call write _91 ~> ret write () ~> call write _145 ~> ret write () ~> call write _211 ~> ret write () ~> ret send () )
#Or
  T ==K ( call write _2 ~> ret write () ~> call read () ~> call send 100 ~> call write _14 ~> ret write () ~> ret send () ~> ret read () ~> call read () ~> call send _14 ~> call write _91 ~> ret write () ~> call write _145 ~> ret write () ~> ret send () )
#Or
  T ==K ( call write _2 ~> ret write () ~> call read () ~> call send 100 ~> call write _14 ~> ret write () ~> ret send () ~> ret read () ~> call read () ~> call send _14 ~> call write _91 ~> ret write () ~> ret send () )
#Or
  T ==K ( call write _2 ~> ret write () ~> call read () ~> call send 100 ~> ret send () ~> ret read () ~> call read () ~> call send 100 ~> call write _62 ~> ret write () ~> call write _101 ~> ret write () ~> call write _155 ~> ret write () ~> ret send () )
#Or
  T ==K ( call write _2 ~> ret write () ~> call read () ~> call send 100 ~> ret send () ~> ret read () ~> call read () ~> call send 100 ~> call write _62 ~> ret write () ~> call write _101 ~> ret write () ~> ret send () )
#Or
  T ==K ( call write _2 ~> ret write () ~> call read () ~> call send 100 ~> ret send () ~> ret read () ~> call read () ~> call send 100 ~> call write _62 ~> ret write () ~> ret send () )
#Or
  T ==K ( call write _2 ~> ret write () ~> call write _4 ~> ret write () ~> call read () ~> call send 100 ~> call write _24 ~> ret write () ~> call write _44 ~> ret write () ~> call write _70 ~> ret write () ~> ret send () )
#Or
  T ==K ( call write _2 ~> ret write () ~> call write _4 ~> ret write () ~> call read () ~> call send 100 ~> call write _24 ~> ret write () ~> call write _44 ~> ret write () ~> ret send () )
#Or
  T ==K ( call write _2 ~> ret write () ~> call write _4 ~> ret write () ~> call read () ~> call send 100 ~> call write _24 ~> ret write () ~> ret send () )

real	0m9.753s
user	0m28.505s
sys	0m1.119s
