  T ==K ( call enlist _1 ~> ret enlist () ~> call run () ~> call _1 () ~> call enlist _15 ~> ret enlist () ~> call enlist _27 ~> ret enlist () ~> call run () ~> call _27 () ~> ret _27 () ~> ret run () ~> ret _1 () )
#Or
  T ==K ( call enlist _1 ~> ret enlist () ~> call run () ~> call _1 () ~> call enlist _15 ~> ret enlist () ~> call run () ~> call _15 () ~> ret _15 () ~> ret run () ~> call run () ~> ret run () ~> ret _1 () )
#Or
  T ==K ( call enlist _1 ~> ret enlist () ~> call run () ~> call _1 () ~> call enlist _15 ~> ret enlist () ~> call run () ~> call _15 () ~> ret _15 () ~> ret run () ~> ret _1 () )
#Or
  T ==K ( call enlist _1 ~> ret enlist () ~> call run () ~> call _1 () ~> call run () ~> call _1 () ~> ret _1 () ~> ret run () ~> call enlist _65 ~> ret enlist () ~> call run () ~> call _65 () ~> ret _65 () ~> ret run () ~> ret _1 () )
#Or
  T ==K ( call enlist _1 ~> ret enlist () ~> call run () ~> call _1 () ~> call run () ~> call _1 () ~> ret _1 () ~> ret run () ~> call run () ~> ret run () ~> call run () ~> ret run () ~> ret _1 () )
#Or
  T ==K ( call enlist _1 ~> ret enlist () ~> call run () ~> call _1 () ~> call run () ~> call _1 () ~> ret _1 () ~> ret run () ~> call run () ~> ret run () ~> ret _1 () )
#Or
  T ==K ( call enlist _1 ~> ret enlist () ~> call run () ~> call _1 () ~> call run () ~> call _1 () ~> ret _1 () ~> ret run () ~> ret _1 () )
#Or
  T ==K ( call run () ~> ret run () ~> call enlist _4 ~> ret enlist () ~> call run () ~> call _4 () ~> call enlist _24 ~> ret enlist () ~> call enlist _41 ~> ret enlist () ~> call run () ~> call _41 () ~> ret _41 () ~> ret run () ~> ret _4 () )
#Or
  T ==K ( call run () ~> ret run () ~> call enlist _4 ~> ret enlist () ~> call run () ~> call _4 () ~> call enlist _24 ~> ret enlist () ~> call run () ~> call _24 () ~> ret _24 () ~> ret run () ~> call run () ~> ret run () ~> ret _4 () )
#Or
  T ==K ( call run () ~> ret run () ~> call enlist _4 ~> ret enlist () ~> call run () ~> call _4 () ~> call enlist _24 ~> ret enlist () ~> call run () ~> call _24 () ~> ret _24 () ~> ret run () ~> ret _4 () )
#Or
  T ==K ( call run () ~> ret run () ~> call enlist _4 ~> ret enlist () ~> call run () ~> call _4 () ~> call run () ~> call _4 () ~> ret _4 () ~> ret run () ~> call enlist _94 ~> ret enlist () ~> call run () ~> call _94 () ~> ret _94 () ~> ret run () ~> ret _4 () )
#Or
  T ==K ( call run () ~> ret run () ~> call enlist _4 ~> ret enlist () ~> call run () ~> call _4 () ~> call run () ~> call _4 () ~> ret _4 () ~> ret run () ~> call run () ~> ret run () ~> call run () ~> ret run () ~> ret _4 () )
#Or
  T ==K ( call run () ~> ret run () ~> call enlist _4 ~> ret enlist () ~> call run () ~> call _4 () ~> call run () ~> call _4 () ~> ret _4 () ~> ret run () ~> call run () ~> ret run () ~> ret _4 () )
#Or
  T ==K ( call run () ~> ret run () ~> call enlist _4 ~> ret enlist () ~> call run () ~> call _4 () ~> call run () ~> call _4 () ~> ret _4 () ~> ret run () ~> ret _4 () )

real	0m6.728s
user	0m19.706s
sys	0m0.589s
