  T ==K ( call esimple _6 ~> ret esimple () ~> call esimple _170 ~> ret esimple () ~> call mc91_e _1368 )
#Or
  T ==K ( call esimple _6 ~> ret esimple () ~> call esimple _170 ~> ret esimple () ~> call mult_e _1338 )
#Or
  T ==K ( call esimple _6 ~> ret esimple () ~> call esimple _170 ~> ret esimple () ~> call repeat_e _1259 )
#Or
  T ==K ( call esimple _6 ~> ret esimple () ~> call esimple _170 ~> ret esimple () ~> call sum_e _1400 )
#Or
  T ==K ( call esimple _6 ~> ret esimple () ~> call fact_e _182 ~> ret fact_e () ~> call mc91_e _748 )
#Or
  T ==K ( call esimple _6 ~> ret esimple () ~> call fact_e _182 ~> ret fact_e () ~> call mult_e _715 )
#Or
  T ==K ( call esimple _6 ~> ret esimple () ~> call fact_e _182 ~> ret fact_e () ~> call repeat_e _637 )
#Or
  T ==K ( call esimple _6 ~> ret esimple () ~> call fact_e _182 ~> ret fact_e () ~> call sum_e _778 )
#Or
  T ==K ( call esimple _6 ~> ret esimple () ~> call lock_e _138 ~> ret lock_e () ~> call mc91_e _2080 )
#Or
  T ==K ( call esimple _6 ~> ret esimple () ~> call lock_e _138 ~> ret lock_e () ~> call mult_e _2062 )
#Or
  T ==K ( call esimple _6 ~> ret esimple () ~> call lock_e _138 ~> ret lock_e () ~> call repeat_e _2006 )
#Or
  T ==K ( call esimple _6 ~> ret esimple () ~> call lock_e _138 ~> ret lock_e () ~> call sum_e _2096 )
#Or
  T ==K ( call esimple _6 ~> ret esimple () ~> call mc91_e _154 )
#Or
  T ==K ( call esimple _6 ~> ret esimple () ~> call mc91_e _154 ~> ret mc91_e () ~> call mc91_e _522 )
#Or
  T ==K ( call esimple _6 ~> ret esimple () ~> call mc91_e _154 ~> ret mc91_e () ~> call mc91_e _1034 )
#Or
  T ==K ( call esimple _6 ~> ret esimple () ~> call mc91_e _154 ~> ret mc91_e () ~> call mult_e _502 )
#Or
  T ==K ( call esimple _6 ~> ret esimple () ~> call mc91_e _154 ~> ret mc91_e () ~> call mult_e _1004 )
#Or
  T ==K ( call esimple _6 ~> ret esimple () ~> call mc91_e _154 ~> ret mc91_e () ~> call repeat_e _442 )
#Or
  T ==K ( call esimple _6 ~> ret esimple () ~> call mc91_e _154 ~> ret mc91_e () ~> call repeat_e _915 )
#Or
  T ==K ( call esimple _6 ~> ret esimple () ~> call mc91_e _154 ~> ret mc91_e () ~> call sum_e _549 )
#Or
  T ==K ( call esimple _6 ~> ret esimple () ~> call mc91_e _154 ~> ret mc91_e () ~> call sum_e _1069 )
#Or
  T ==K ( call esimple _6 ~> ret esimple () ~> call mult_e _149 )
#Or
  T ==K ( call esimple _6 ~> ret esimple () ~> call mult_e _149 ~> ret mult_e () ~> call mc91_e _1330 )
#Or
  T ==K ( call esimple _6 ~> ret esimple () ~> call mult_e _149 ~> ret mult_e () ~> call mult_e _1294 )
#Or
  T ==K ( call esimple _6 ~> ret esimple () ~> call mult_e _149 ~> ret mult_e () ~> call repeat_e _1216 )
#Or
  T ==K ( call esimple _6 ~> ret esimple () ~> call mult_e _149 ~> ret mult_e () ~> call sum_e _1365 )
#Or
  T ==K ( call esimple _6 ~> ret esimple () ~> call repeat_e _130 )
#Or
  T ==K ( call esimple _6 ~> ret esimple () ~> call sum_e _160 )
#Or
  T ==K ( call esimple _6 ~> ret esimple () ~> call sum_e _160 ~> ret sum_e () ~> call mc91_e _884 )
#Or
  T ==K ( call esimple _6 ~> ret esimple () ~> call sum_e _160 ~> ret sum_e () ~> call mult_e _848 )
#Or
  T ==K ( call esimple _6 ~> ret esimple () ~> call sum_e _160 ~> ret sum_e () ~> call repeat_e _777 )
#Or
  T ==K ( call esimple _6 ~> ret esimple () ~> call sum_e _160 ~> ret sum_e () ~> call sum_e _919 )
#Or
  T ==K ( call fact_e _8 ~> ret fact_e () ~> call esimple _66 ~> ret esimple () ~> call mc91_e _752 )
#Or
  T ==K ( call fact_e _8 ~> ret fact_e () ~> call esimple _66 ~> ret esimple () ~> call mult_e _724 )
#Or
  T ==K ( call fact_e _8 ~> ret fact_e () ~> call esimple _66 ~> ret esimple () ~> call repeat_e _642 )
#Or
  T ==K ( call fact_e _8 ~> ret fact_e () ~> call esimple _66 ~> ret esimple () ~> call sum_e _782 )
#Or
  T ==K ( call fact_e _8 ~> ret fact_e () ~> call fact_e _70 ~> ret fact_e () ~> call mc91_e _314 )
#Or
  T ==K ( call fact_e _8 ~> ret fact_e () ~> call fact_e _70 ~> ret fact_e () ~> call mult_e _297 )
#Or
  T ==K ( call fact_e _8 ~> ret fact_e () ~> call fact_e _70 ~> ret fact_e () ~> call repeat_e _265 )
#Or
  T ==K ( call fact_e _8 ~> ret fact_e () ~> call fact_e _70 ~> ret fact_e () ~> call sum_e _334 )
#Or
  T ==K ( call fact_e _8 ~> ret fact_e () ~> call lock_e _49 ~> ret lock_e () ~> call mc91_e _1620 )
#Or
  T ==K ( call fact_e _8 ~> ret fact_e () ~> call lock_e _49 ~> ret lock_e () ~> call mult_e _1590 )
#Or
  T ==K ( call fact_e _8 ~> ret fact_e () ~> call lock_e _49 ~> ret lock_e () ~> call repeat_e _1511 )
#Or
  T ==K ( call fact_e _8 ~> ret fact_e () ~> call lock_e _49 ~> ret lock_e () ~> call sum_e _1656 )
#Or
  T ==K ( call fact_e _8 ~> ret fact_e () ~> call mc91_e _58 )
#Or
  T ==K ( call fact_e _8 ~> ret fact_e () ~> call mc91_e _58 ~> ret mc91_e () ~> call mc91_e _216 )
#Or
  T ==K ( call fact_e _8 ~> ret fact_e () ~> call mc91_e _58 ~> ret mc91_e () ~> call mc91_e _470 )
#Or
  T ==K ( call fact_e _8 ~> ret fact_e () ~> call mc91_e _58 ~> ret mc91_e () ~> call mult_e _205 )
#Or
  T ==K ( call fact_e _8 ~> ret fact_e () ~> call mc91_e _58 ~> ret mc91_e () ~> call mult_e _444 )
#Or
  T ==K ( call fact_e _8 ~> ret fact_e () ~> call mc91_e _58 ~> ret mc91_e () ~> call repeat_e _184 )
#Or
  T ==K ( call fact_e _8 ~> ret fact_e () ~> call mc91_e _58 ~> ret mc91_e () ~> call repeat_e _403 )
#Or
  T ==K ( call fact_e _8 ~> ret fact_e () ~> call mc91_e _58 ~> ret mc91_e () ~> call sum_e _231 )
#Or
  T ==K ( call fact_e _8 ~> ret fact_e () ~> call mc91_e _58 ~> ret mc91_e () ~> call sum_e _503 )
#Or
  T ==K ( call fact_e _8 ~> ret fact_e () ~> call mult_e _53 )
#Or
  T ==K ( call fact_e _8 ~> ret fact_e () ~> call mult_e _53 ~> ret mult_e () ~> call mc91_e _716 )
#Or
  T ==K ( call fact_e _8 ~> ret fact_e () ~> call mult_e _53 ~> ret mult_e () ~> call mult_e _674 )
#Or
  T ==K ( call fact_e _8 ~> ret fact_e () ~> call mult_e _53 ~> ret mult_e () ~> call repeat_e _611 )
#Or
  T ==K ( call fact_e _8 ~> ret fact_e () ~> call mult_e _53 ~> ret mult_e () ~> call sum_e _749 )
#Or
  T ==K ( call fact_e _8 ~> ret fact_e () ~> call repeat_e _46 )
#Or
  T ==K ( call fact_e _8 ~> ret fact_e () ~> call sum_e _63 )
#Or
  T ==K ( call fact_e _8 ~> ret fact_e () ~> call sum_e _63 ~> ret sum_e () ~> call mc91_e _379 )
#Or
  T ==K ( call fact_e _8 ~> ret fact_e () ~> call sum_e _63 ~> ret sum_e () ~> call mult_e _359 )
#Or
  T ==K ( call fact_e _8 ~> ret fact_e () ~> call sum_e _63 ~> ret sum_e () ~> call repeat_e _333 )
#Or
  T ==K ( call fact_e _8 ~> ret fact_e () ~> call sum_e _63 ~> ret sum_e () ~> call sum_e _407 )
#Or
  T ==K ( call lock_e _2 ~> ret lock_e () ~> call esimple _587 ~> ret esimple () ~> call mc91_e _2072 )
#Or
  T ==K ( call lock_e _2 ~> ret lock_e () ~> call esimple _587 ~> ret esimple () ~> call mult_e _2045 )
#Or
  T ==K ( call lock_e _2 ~> ret lock_e () ~> call esimple _587 ~> ret esimple () ~> call repeat_e _1994 )
#Or
  T ==K ( call lock_e _2 ~> ret lock_e () ~> call esimple _587 ~> ret esimple () ~> call sum_e _2088 )
#Or
  T ==K ( call lock_e _2 ~> ret lock_e () ~> call fact_e _615 ~> ret fact_e () ~> call mc91_e _1600 )
#Or
  T ==K ( call lock_e _2 ~> ret lock_e () ~> call fact_e _615 ~> ret fact_e () ~> call mult_e _1558 )
#Or
  T ==K ( call lock_e _2 ~> ret lock_e () ~> call fact_e _615 ~> ret fact_e () ~> call repeat_e _1478 )
#Or
  T ==K ( call lock_e _2 ~> ret lock_e () ~> call fact_e _615 ~> ret fact_e () ~> call sum_e _1628 )
#Or
  T ==K ( call lock_e _2 ~> ret lock_e () ~> call lock_e _477 ~> ret lock_e () ~> call mc91_e _2407 )
#Or
  T ==K ( call lock_e _2 ~> ret lock_e () ~> call lock_e _477 ~> ret lock_e () ~> call mult_e _2395 )
#Or
  T ==K ( call lock_e _2 ~> ret lock_e () ~> call lock_e _477 ~> ret lock_e () ~> call repeat_e _2377 )
#Or
  T ==K ( call lock_e _2 ~> ret lock_e () ~> call lock_e _477 ~> ret lock_e () ~> call sum_e _2416 )
#Or
  T ==K ( call lock_e _2 ~> ret lock_e () ~> call mc91_e _529 )
#Or
  T ==K ( call lock_e _2 ~> ret lock_e () ~> call mc91_e _529 ~> ret mc91_e () ~> call mc91_e _1341 )
#Or
  T ==K ( call lock_e _2 ~> ret lock_e () ~> call mc91_e _529 ~> ret mc91_e () ~> call mc91_e _1840 )
#Or
  T ==K ( call lock_e _2 ~> ret lock_e () ~> call mc91_e _529 ~> ret mc91_e () ~> call mult_e _1308 )
#Or
  T ==K ( call lock_e _2 ~> ret lock_e () ~> call mc91_e _529 ~> ret mc91_e () ~> call mult_e _1812 )
#Or
  T ==K ( call lock_e _2 ~> ret lock_e () ~> call mc91_e _529 ~> ret mc91_e () ~> call repeat_e _1227 )
#Or
  T ==K ( call lock_e _2 ~> ret lock_e () ~> call mc91_e _529 ~> ret mc91_e () ~> call repeat_e _1746 )
#Or
  T ==K ( call lock_e _2 ~> ret lock_e () ~> call mc91_e _529 ~> ret mc91_e () ~> call sum_e _1378 )
#Or
  T ==K ( call lock_e _2 ~> ret lock_e () ~> call mc91_e _529 ~> ret mc91_e () ~> call sum_e _1869 )
#Or
  T ==K ( call lock_e _2 ~> ret lock_e () ~> call mult_e _505 )
#Or
  T ==K ( call lock_e _2 ~> ret lock_e () ~> call mult_e _505 ~> ret mult_e () ~> call mc91_e _2037 )
#Or
  T ==K ( call lock_e _2 ~> ret lock_e () ~> call mult_e _505 ~> ret mult_e () ~> call mult_e _2013 )
#Or
  T ==K ( call lock_e _2 ~> ret lock_e () ~> call mult_e _505 ~> ret mult_e () ~> call repeat_e _1971 )
#Or
  T ==K ( call lock_e _2 ~> ret lock_e () ~> call mult_e _505 ~> ret mult_e () ~> call sum_e _2069 )
#Or
  T ==K ( call lock_e _2 ~> ret lock_e () ~> call repeat_e _449 )
#Or
  T ==K ( call lock_e _2 ~> ret lock_e () ~> call sum_e _556 )
#Or
  T ==K ( call lock_e _2 ~> ret lock_e () ~> call sum_e _556 ~> ret sum_e () ~> call mc91_e _1716 )
#Or
  T ==K ( call lock_e _2 ~> ret lock_e () ~> call sum_e _556 ~> ret sum_e () ~> call mult_e _1682 )
#Or
  T ==K ( call lock_e _2 ~> ret lock_e () ~> call sum_e _556 ~> ret sum_e () ~> call repeat_e _1627 )
#Or
  T ==K ( call lock_e _2 ~> ret lock_e () ~> call sum_e _556 ~> ret sum_e () ~> call sum_e _1750 )
#Or
  T ==K ( call mc91_e _4 ~> ret mc91_e () ~> call esimple _40 ~> ret esimple () ~> call mc91_e _515 )
#Or
  T ==K ( call mc91_e _4 ~> ret mc91_e () ~> call esimple _40 ~> ret esimple () ~> call mult_e _493 )
#Or
  T ==K ( call mc91_e _4 ~> ret mc91_e () ~> call esimple _40 ~> ret esimple () ~> call repeat_e _435 )
#Or
  T ==K ( call mc91_e _4 ~> ret mc91_e () ~> call esimple _40 ~> ret esimple () ~> call sum_e _538 )
#Or
  T ==K ( call mc91_e _4 ~> ret mc91_e () ~> call esimple _101 ~> ret esimple () ~> call mc91_e _1022 )
#Or
  T ==K ( call mc91_e _4 ~> ret mc91_e () ~> call esimple _101 ~> ret esimple () ~> call mult_e _989 )
#Or
  T ==K ( call mc91_e _4 ~> ret mc91_e () ~> call esimple _101 ~> ret esimple () ~> call repeat_e _902 )
#Or
  T ==K ( call mc91_e _4 ~> ret mc91_e () ~> call esimple _101 ~> ret esimple () ~> call sum_e _1055 )
#Or
  T ==K ( call mc91_e _4 ~> ret mc91_e () ~> call fact_e _42 ~> ret fact_e () ~> call mc91_e _212 )
#Or
  T ==K ( call mc91_e _4 ~> ret mc91_e () ~> call fact_e _42 ~> ret fact_e () ~> call mult_e _199 )
#Or
  T ==K ( call mc91_e _4 ~> ret mc91_e () ~> call fact_e _42 ~> ret fact_e () ~> call repeat_e _180 )
#Or
  T ==K ( call mc91_e _4 ~> ret mc91_e () ~> call fact_e _42 ~> ret fact_e () ~> call sum_e _225 )
#Or
  T ==K ( call mc91_e _4 ~> ret mc91_e () ~> call fact_e _107 ~> ret fact_e () ~> call mc91_e _457 )
#Or
  T ==K ( call mc91_e _4 ~> ret mc91_e () ~> call fact_e _107 ~> ret fact_e () ~> call mult_e _430 )
#Or
  T ==K ( call mc91_e _4 ~> ret mc91_e () ~> call fact_e _107 ~> ret fact_e () ~> call repeat_e _386 )
#Or
  T ==K ( call mc91_e _4 ~> ret mc91_e () ~> call fact_e _107 ~> ret fact_e () ~> call sum_e _484 )
#Or
  T ==K ( call mc91_e _4 ~> ret mc91_e () ~> call lock_e _31 ~> ret lock_e () ~> call mc91_e _1354 )
#Or
  T ==K ( call mc91_e _4 ~> ret mc91_e () ~> call lock_e _31 ~> ret lock_e () ~> call mult_e _1319 )
#Or
  T ==K ( call mc91_e _4 ~> ret mc91_e () ~> call lock_e _31 ~> ret lock_e () ~> call repeat_e _1244 )
#Or
  T ==K ( call mc91_e _4 ~> ret mc91_e () ~> call lock_e _31 ~> ret lock_e () ~> call sum_e _1391 )
#Or
  T ==K ( call mc91_e _4 ~> ret mc91_e () ~> call lock_e _82 ~> ret lock_e () ~> call mc91_e _1849 )
#Or
  T ==K ( call mc91_e _4 ~> ret mc91_e () ~> call lock_e _82 ~> ret lock_e () ~> call mult_e _1822 )
#Or
  T ==K ( call mc91_e _4 ~> ret mc91_e () ~> call lock_e _82 ~> ret lock_e () ~> call repeat_e _1759 )
#Or
  T ==K ( call mc91_e _4 ~> ret mc91_e () ~> call lock_e _82 ~> ret lock_e () ~> call sum_e _1877 )
#Or
  T ==K ( call mc91_e _4 ~> ret mc91_e () ~> call mc91_e _35 )
#Or
  T ==K ( call mc91_e _4 ~> ret mc91_e () ~> call mc91_e _35 ~> ret mc91_e () ~> call mc91_e _144 )
#Or
  T ==K ( call mc91_e _4 ~> ret mc91_e () ~> call mc91_e _35 ~> ret mc91_e () ~> call mc91_e _318 )
#Or
  T ==K ( call mc91_e _4 ~> ret mc91_e () ~> call mc91_e _35 ~> ret mc91_e () ~> call mult_e _136 )
#Or
  T ==K ( call mc91_e _4 ~> ret mc91_e () ~> call mc91_e _35 ~> ret mc91_e () ~> call mult_e _303 )
#Or
  T ==K ( call mc91_e _4 ~> ret mc91_e () ~> call mc91_e _35 ~> ret mc91_e () ~> call repeat_e _124 )
#Or
  T ==K ( call mc91_e _4 ~> ret mc91_e () ~> call mc91_e _35 ~> ret mc91_e () ~> call repeat_e _271 )
#Or
  T ==K ( call mc91_e _4 ~> ret mc91_e () ~> call mc91_e _35 ~> ret mc91_e () ~> call sum_e _153 )
#Or
  T ==K ( call mc91_e _4 ~> ret mc91_e () ~> call mc91_e _35 ~> ret mc91_e () ~> call sum_e _338 )
#Or
  T ==K ( call mc91_e _4 ~> ret mc91_e () ~> call mc91_e _92 )
#Or
  T ==K ( call mc91_e _4 ~> ret mc91_e () ~> call mc91_e _92 ~> ret mc91_e () ~> call mc91_e _316 )
#Or
  T ==K ( call mc91_e _4 ~> ret mc91_e () ~> call mc91_e _92 ~> ret mc91_e () ~> call mc91_e _687 )
#Or
  T ==K ( call mc91_e _4 ~> ret mc91_e () ~> call mc91_e _92 ~> ret mc91_e () ~> call mult_e _301 )
#Or
  T ==K ( call mc91_e _4 ~> ret mc91_e () ~> call mc91_e _92 ~> ret mc91_e () ~> call mult_e _651 )
#Or
  T ==K ( call mc91_e _4 ~> ret mc91_e () ~> call mc91_e _92 ~> ret mc91_e () ~> call repeat_e _270 )
#Or
  T ==K ( call mc91_e _4 ~> ret mc91_e () ~> call mc91_e _92 ~> ret mc91_e () ~> call repeat_e _592 )
#Or
  T ==K ( call mc91_e _4 ~> ret mc91_e () ~> call mc91_e _92 ~> ret mc91_e () ~> call sum_e _337 )
#Or
  T ==K ( call mc91_e _4 ~> ret mc91_e () ~> call mc91_e _92 ~> ret mc91_e () ~> call sum_e _732 )
#Or
  T ==K ( call mc91_e _4 ~> ret mc91_e () ~> call mult_e _34 )
#Or
  T ==K ( call mc91_e _4 ~> ret mc91_e () ~> call mult_e _34 ~> ret mult_e () ~> call mc91_e _485 )
#Or
  T ==K ( call mc91_e _4 ~> ret mc91_e () ~> call mult_e _34 ~> ret mult_e () ~> call mult_e _458 )
#Or
  T ==K ( call mc91_e _4 ~> ret mc91_e () ~> call mult_e _34 ~> ret mult_e () ~> call repeat_e _414 )
#Or
  T ==K ( call mc91_e _4 ~> ret mc91_e () ~> call mult_e _34 ~> ret mult_e () ~> call sum_e _512 )
#Or
  T ==K ( call mc91_e _4 ~> ret mc91_e () ~> call mult_e _87 )
#Or
  T ==K ( call mc91_e _4 ~> ret mc91_e () ~> call mult_e _87 ~> ret mult_e () ~> call mc91_e _981 )
#Or
  T ==K ( call mc91_e _4 ~> ret mc91_e () ~> call mult_e _87 ~> ret mult_e () ~> call mult_e _939 )
#Or
  T ==K ( call mc91_e _4 ~> ret mc91_e () ~> call mult_e _87 ~> ret mult_e () ~> call repeat_e _867 )
#Or
  T ==K ( call mc91_e _4 ~> ret mc91_e () ~> call mult_e _87 ~> ret mult_e () ~> call sum_e _1019 )
#Or
  T ==K ( call mc91_e _4 ~> ret mc91_e () ~> call repeat_e _30 )
#Or
  T ==K ( call mc91_e _4 ~> ret mc91_e () ~> call repeat_e _75 )
#Or
  T ==K ( call mc91_e _4 ~> ret mc91_e () ~> call sum_e _39 )
#Or
  T ==K ( call mc91_e _4 ~> ret mc91_e () ~> call sum_e _39 ~> ret sum_e () ~> call mc91_e _256 )
#Or
  T ==K ( call mc91_e _4 ~> ret mc91_e () ~> call sum_e _39 ~> ret sum_e () ~> call mult_e _245 )
#Or
  T ==K ( call mc91_e _4 ~> ret mc91_e () ~> call sum_e _39 ~> ret sum_e () ~> call repeat_e _224 )
#Or
  T ==K ( call mc91_e _4 ~> ret mc91_e () ~> call sum_e _39 ~> ret sum_e () ~> call sum_e _275 )
#Or
  T ==K ( call mc91_e _4 ~> ret mc91_e () ~> call sum_e _99 )
#Or
  T ==K ( call mc91_e _4 ~> ret mc91_e () ~> call sum_e _99 ~> ret sum_e () ~> call mc91_e _560 )
#Or
  T ==K ( call mc91_e _4 ~> ret mc91_e () ~> call sum_e _99 ~> ret sum_e () ~> call mult_e _532 )
#Or
  T ==K ( call mc91_e _4 ~> ret mc91_e () ~> call sum_e _99 ~> ret sum_e () ~> call repeat_e _483 )
#Or
  T ==K ( call mc91_e _4 ~> ret mc91_e () ~> call sum_e _99 ~> ret sum_e () ~> call sum_e _596 )
#Or
  T ==K ( call mult_e _3 ~> ret mult_e () ~> call esimple _156 ~> ret esimple () ~> call mc91_e _1312 )
#Or
  T ==K ( call mult_e _3 ~> ret mult_e () ~> call esimple _156 ~> ret esimple () ~> call mult_e _1274 )
#Or
  T ==K ( call mult_e _3 ~> ret mult_e () ~> call esimple _156 ~> ret esimple () ~> call repeat_e _1197 )
#Or
  T ==K ( call mult_e _3 ~> ret mult_e () ~> call esimple _156 ~> ret esimple () ~> call sum_e _1346 )
#Or
  T ==K ( call mult_e _3 ~> ret mult_e () ~> call fact_e _165 ~> ret fact_e () ~> call mc91_e _686 )
#Or
  T ==K ( call mult_e _3 ~> ret mult_e () ~> call fact_e _165 ~> ret fact_e () ~> call mult_e _649 )
#Or
  T ==K ( call mult_e _3 ~> ret mult_e () ~> call fact_e _165 ~> ret fact_e () ~> call repeat_e _591 )
#Or
  T ==K ( call mult_e _3 ~> ret mult_e () ~> call fact_e _165 ~> ret fact_e () ~> call sum_e _731 )
#Or
  T ==K ( call mult_e _3 ~> ret mult_e () ~> call lock_e _125 ~> ret lock_e () ~> call mc91_e _2046 )
#Or
  T ==K ( call mult_e _3 ~> ret mult_e () ~> call lock_e _125 ~> ret lock_e () ~> call mult_e _2020 )
#Or
  T ==K ( call mult_e _3 ~> ret mult_e () ~> call lock_e _125 ~> ret lock_e () ~> call repeat_e _1974 )
#Or
  T ==K ( call mult_e _3 ~> ret mult_e () ~> call lock_e _125 ~> ret lock_e () ~> call sum_e _2074 )
#Or
  T ==K ( call mult_e _3 ~> ret mult_e () ~> call mc91_e _140 )
#Or
  T ==K ( call mult_e _3 ~> ret mult_e () ~> call mc91_e _140 ~> ret mc91_e () ~> call mc91_e _478 )
#Or
  T ==K ( call mult_e _3 ~> ret mult_e () ~> call mc91_e _140 ~> ret mc91_e () ~> call mc91_e _974 )
#Or
  T ==K ( call mult_e _3 ~> ret mult_e () ~> call mc91_e _140 ~> ret mc91_e () ~> call mult_e _452 )
#Or
  T ==K ( call mult_e _3 ~> ret mult_e () ~> call mc91_e _140 ~> ret mc91_e () ~> call mult_e _934 )
#Or
  T ==K ( call mult_e _3 ~> ret mult_e () ~> call mc91_e _140 ~> ret mc91_e () ~> call repeat_e _410 )
#Or
  T ==K ( call mult_e _3 ~> ret mult_e () ~> call mc91_e _140 ~> ret mc91_e () ~> call repeat_e _861 )
#Or
  T ==K ( call mult_e _3 ~> ret mult_e () ~> call mc91_e _140 ~> ret mc91_e () ~> call sum_e _508 )
#Or
  T ==K ( call mult_e _3 ~> ret mult_e () ~> call mc91_e _140 ~> ret mc91_e () ~> call sum_e _1017 )
#Or
  T ==K ( call mult_e _3 ~> ret mult_e () ~> call mult_e _132 )
#Or
  T ==K ( call mult_e _3 ~> ret mult_e () ~> call mult_e _132 ~> ret mult_e () ~> call mc91_e _1266 )
#Or
  T ==K ( call mult_e _3 ~> ret mult_e () ~> call mult_e _132 ~> ret mult_e () ~> call mult_e _1228 )
#Or
  T ==K ( call mult_e _3 ~> ret mult_e () ~> call mult_e _132 ~> ret mult_e () ~> call repeat_e _1160 )
#Or
  T ==K ( call mult_e _3 ~> ret mult_e () ~> call mult_e _132 ~> ret mult_e () ~> call sum_e _1309 )
#Or
  T ==K ( call mult_e _3 ~> ret mult_e () ~> call repeat_e _121 )
#Or
  T ==K ( call mult_e _3 ~> ret mult_e () ~> call sum_e _150 )
#Or
  T ==K ( call mult_e _3 ~> ret mult_e () ~> call sum_e _150 ~> ret sum_e () ~> call mc91_e _821 )
#Or
  T ==K ( call mult_e _3 ~> ret mult_e () ~> call sum_e _150 ~> ret sum_e () ~> call mult_e _789 )
#Or
  T ==K ( call mult_e _3 ~> ret mult_e () ~> call sum_e _150 ~> ret sum_e () ~> call repeat_e _730 )
#Or
  T ==K ( call mult_e _3 ~> ret mult_e () ~> call sum_e _150 ~> ret sum_e () ~> call sum_e _865 )
#Or
  T ==K ( call sum_e _5 ~> ret sum_e () ~> call esimple _83 ~> ret esimple () ~> call mc91_e _881 )
#Or
  T ==K ( call sum_e _5 ~> ret sum_e () ~> call esimple _83 ~> ret esimple () ~> call mult_e _846 )
#Or
  T ==K ( call sum_e _5 ~> ret sum_e () ~> call esimple _83 ~> ret esimple () ~> call repeat_e _772 )
#Or
  T ==K ( call sum_e _5 ~> ret sum_e () ~> call esimple _83 ~> ret esimple () ~> call sum_e _912 )
#Or
  T ==K ( call sum_e _5 ~> ret sum_e () ~> call fact_e _90 ~> ret fact_e () ~> call mc91_e _376 )
#Or
  T ==K ( call sum_e _5 ~> ret sum_e () ~> call fact_e _90 ~> ret fact_e () ~> call mult_e _357 )
#Or
  T ==K ( call sum_e _5 ~> ret sum_e () ~> call fact_e _90 ~> ret fact_e () ~> call repeat_e _328 )
#Or
  T ==K ( call sum_e _5 ~> ret sum_e () ~> call fact_e _90 ~> ret fact_e () ~> call sum_e _400 )
#Or
  T ==K ( call sum_e _5 ~> ret sum_e () ~> call lock_e _64 ~> ret lock_e () ~> call mc91_e _1729 )
#Or
  T ==K ( call sum_e _5 ~> ret sum_e () ~> call lock_e _64 ~> ret lock_e () ~> call mult_e _1699 )
#Or
  T ==K ( call sum_e _5 ~> ret sum_e () ~> call lock_e _64 ~> ret lock_e () ~> call repeat_e _1645 )
#Or
  T ==K ( call sum_e _5 ~> ret sum_e () ~> call lock_e _64 ~> ret lock_e () ~> call sum_e _1771 )
#Or
  T ==K ( call sum_e _5 ~> ret sum_e () ~> call mc91_e _72 )
#Or
  T ==K ( call sum_e _5 ~> ret sum_e () ~> call mc91_e _72 ~> ret mc91_e () ~> call mc91_e _259 )
#Or
  T ==K ( call sum_e _5 ~> ret sum_e () ~> call mc91_e _72 ~> ret mc91_e () ~> call mc91_e _570 )
#Or
  T ==K ( call sum_e _5 ~> ret sum_e () ~> call mc91_e _72 ~> ret mc91_e () ~> call mult_e _250 )
#Or
  T ==K ( call sum_e _5 ~> ret sum_e () ~> call mc91_e _72 ~> ret mc91_e () ~> call mult_e _542 )
#Or
  T ==K ( call sum_e _5 ~> ret sum_e () ~> call mc91_e _72 ~> ret mc91_e () ~> call repeat_e _227 )
#Or
  T ==K ( call sum_e _5 ~> ret sum_e () ~> call mc91_e _72 ~> ret mc91_e () ~> call repeat_e _494 )
#Or
  T ==K ( call sum_e _5 ~> ret sum_e () ~> call mc91_e _72 ~> ret mc91_e () ~> call sum_e _279 )
#Or
  T ==K ( call sum_e _5 ~> ret sum_e () ~> call mc91_e _72 ~> ret mc91_e () ~> call sum_e _607 )
#Or
  T ==K ( call sum_e _5 ~> ret sum_e () ~> call mult_e _68 )
#Or
  T ==K ( call sum_e _5 ~> ret sum_e () ~> call mult_e _68 ~> ret mult_e () ~> call mc91_e _838 )
#Or
  T ==K ( call sum_e _5 ~> ret sum_e () ~> call mult_e _68 ~> ret mult_e () ~> call mult_e _803 )
#Or
  T ==K ( call sum_e _5 ~> ret sum_e () ~> call mult_e _68 ~> ret mult_e () ~> call repeat_e _741 )
#Or
  T ==K ( call sum_e _5 ~> ret sum_e () ~> call mult_e _68 ~> ret mult_e () ~> call sum_e _878 )
#Or
  T ==K ( call sum_e _5 ~> ret sum_e () ~> call repeat_e _62 )
#Or
  T ==K ( call sum_e _5 ~> ret sum_e () ~> call sum_e _79 )
#Or
  T ==K ( call sum_e _5 ~> ret sum_e () ~> call sum_e _79 ~> ret sum_e () ~> call mc91_e _466 )
#Or
  T ==K ( call sum_e _5 ~> ret sum_e () ~> call sum_e _79 ~> ret sum_e () ~> call mult_e _438 )
#Or
  T ==K ( call sum_e _5 ~> ret sum_e () ~> call sum_e _79 ~> ret sum_e () ~> call repeat_e _399 )
#Or
  T ==K ( call sum_e _5 ~> ret sum_e () ~> call sum_e _79 ~> ret sum_e () ~> call sum_e _498 )
#Or
  T ==K call mc91_e _4
#Or
  T ==K call mult_e _3
#Or
  T ==K call repeat_e _1
#Or
  T ==K call sum_e _5

real	0m23.378s
user	0m44.113s
sys	0m3.828s
