  T ==K ( call localUpdate _1 ~> ret localUpdate () ~> call remoteUpdate () ~> call set_ext _1 ~> call localUpdate _9 ~> ret localUpdate () ~> call localUpdate _18 ~> ret localUpdate () ~> ret set_ext () ~> call get_ext () ~> call localUpdate _80 ~> ret localUpdate () ~> call localUpdate _124 ~> ret localUpdate () ~> ret get_ext _165 )
#Or
  T ==K ( call localUpdate _1 ~> ret localUpdate () ~> call remoteUpdate () ~> call set_ext _1 ~> call localUpdate _9 ~> ret localUpdate () ~> call localUpdate _18 ~> ret localUpdate () ~> ret set_ext () ~> call get_ext () ~> call localUpdate _80 ~> ret localUpdate () ~> ret get_ext _120 )
#Or
  T ==K ( call localUpdate _1 ~> ret localUpdate () ~> call remoteUpdate () ~> call set_ext _1 ~> call localUpdate _9 ~> ret localUpdate () ~> call localUpdate _18 ~> ret localUpdate () ~> ret set_ext () ~> call get_ext () ~> ret get_ext _74 )
#Or
  T ==K ( call localUpdate _1 ~> ret localUpdate () ~> call remoteUpdate () ~> call set_ext _1 ~> call localUpdate _9 ~> ret localUpdate () ~> ret set_ext () ~> call get_ext () ~> call localUpdate _44 ~> ret localUpdate () ~> call localUpdate _81 ~> ret localUpdate () ~> ret get_ext _121 )
#Or
  T ==K ( call localUpdate _1 ~> ret localUpdate () ~> call remoteUpdate () ~> call set_ext _1 ~> call localUpdate _9 ~> ret localUpdate () ~> ret set_ext () ~> call get_ext () ~> call localUpdate _44 ~> ret localUpdate () ~> ret get_ext _75 )
#Or
  T ==K ( call localUpdate _1 ~> ret localUpdate () ~> call remoteUpdate () ~> call set_ext _1 ~> call localUpdate _9 ~> ret localUpdate () ~> ret set_ext () ~> call get_ext () ~> ret get_ext _40 )
#Or
  T ==K ( call localUpdate _1 ~> ret localUpdate () ~> call remoteUpdate () ~> call set_ext _1 ~> ret set_ext () ~> call get_ext () ~> call localUpdate _24 ~> ret localUpdate () ~> call localUpdate _45 ~> ret localUpdate () ~> ret get_ext _76 )
#Or
  T ==K ( call localUpdate _1 ~> ret localUpdate () ~> call remoteUpdate () ~> call set_ext _1 ~> ret set_ext () ~> call get_ext () ~> call localUpdate _24 ~> ret localUpdate () ~> ret get_ext _41 )
#Or
  T ==K ( call localUpdate _1 ~> ret localUpdate () ~> call remoteUpdate () ~> call set_ext _1 ~> ret set_ext () ~> call get_ext () ~> ret get_ext _22 )
#Or
  T ==K ( call remoteUpdate () ~> call set_ext 0 ~> call localUpdate _6 ~> ret localUpdate () ~> call localUpdate _12 ~> ret localUpdate () ~> ret set_ext () ~> call get_ext () ~> call localUpdate _55 ~> ret localUpdate () ~> call localUpdate _94 ~> ret localUpdate () ~> ret get_ext _135 )
#Or
  T ==K ( call remoteUpdate () ~> call set_ext 0 ~> call localUpdate _6 ~> ret localUpdate () ~> call localUpdate _12 ~> ret localUpdate () ~> ret set_ext () ~> call get_ext () ~> call localUpdate _55 ~> ret localUpdate () ~> call localUpdate _94 ~> ret localUpdate () ~> ret get_ext _135 ~> ret remoteUpdate () ~> call remoteUpdate () ~> call set_ext _94 ~> call localUpdate _296 ~> ret localUpdate () ~> call localUpdate _407 ~> ret localUpdate () ~> ret set_ext () ~> call get_ext () ~> call localUpdate _786 ~> ret localUpdate () ~> call localUpdate _892 ~> ret localUpdate () ~> ret get_ext _946 )
#Or
  T ==K ( call remoteUpdate () ~> call set_ext 0 ~> call localUpdate _6 ~> ret localUpdate () ~> call localUpdate _12 ~> ret localUpdate () ~> ret set_ext () ~> call get_ext () ~> call localUpdate _55 ~> ret localUpdate () ~> call localUpdate _94 ~> ret localUpdate () ~> ret get_ext _135 ~> ret remoteUpdate () ~> call remoteUpdate () ~> call set_ext _94 ~> call localUpdate _296 ~> ret localUpdate () ~> call localUpdate _407 ~> ret localUpdate () ~> ret set_ext () ~> call get_ext () ~> call localUpdate _786 ~> ret localUpdate () ~> ret get_ext _888 )
#Or
  T ==K ( call remoteUpdate () ~> call set_ext 0 ~> call localUpdate _6 ~> ret localUpdate () ~> call localUpdate _12 ~> ret localUpdate () ~> ret set_ext () ~> call get_ext () ~> call localUpdate _55 ~> ret localUpdate () ~> call localUpdate _94 ~> ret localUpdate () ~> ret get_ext _135 ~> ret remoteUpdate () ~> call remoteUpdate () ~> call set_ext _94 ~> call localUpdate _296 ~> ret localUpdate () ~> call localUpdate _407 ~> ret localUpdate () ~> ret set_ext () ~> call get_ext () ~> ret get_ext _776 )
#Or
  T ==K ( call remoteUpdate () ~> call set_ext 0 ~> call localUpdate _6 ~> ret localUpdate () ~> call localUpdate _12 ~> ret localUpdate () ~> ret set_ext () ~> call get_ext () ~> call localUpdate _55 ~> ret localUpdate () ~> call localUpdate _94 ~> ret localUpdate () ~> ret get_ext _135 ~> ret remoteUpdate () ~> call remoteUpdate () ~> call set_ext _94 ~> call localUpdate _296 ~> ret localUpdate () ~> ret set_ext () ~> call get_ext () ~> call localUpdate _636 ~> ret localUpdate () ~> call localUpdate _787 ~> ret localUpdate () ~> ret get_ext _889 )
#Or
  T ==K ( call remoteUpdate () ~> call set_ext 0 ~> call localUpdate _6 ~> ret localUpdate () ~> call localUpdate _12 ~> ret localUpdate () ~> ret set_ext () ~> call get_ext () ~> call localUpdate _55 ~> ret localUpdate () ~> call localUpdate _94 ~> ret localUpdate () ~> ret get_ext _135 ~> ret remoteUpdate () ~> call remoteUpdate () ~> call set_ext _94 ~> call localUpdate _296 ~> ret localUpdate () ~> ret set_ext () ~> call get_ext () ~> call localUpdate _636 ~> ret localUpdate () ~> ret get_ext _777 )
#Or
  T ==K ( call remoteUpdate () ~> call set_ext 0 ~> call localUpdate _6 ~> ret localUpdate () ~> call localUpdate _12 ~> ret localUpdate () ~> ret set_ext () ~> call get_ext () ~> call localUpdate _55 ~> ret localUpdate () ~> call localUpdate _94 ~> ret localUpdate () ~> ret get_ext _135 ~> ret remoteUpdate () ~> call remoteUpdate () ~> call set_ext _94 ~> call localUpdate _296 ~> ret localUpdate () ~> ret set_ext () ~> call get_ext () ~> ret get_ext _619 )
#Or
  T ==K ( call remoteUpdate () ~> call set_ext 0 ~> call localUpdate _6 ~> ret localUpdate () ~> call localUpdate _12 ~> ret localUpdate () ~> ret set_ext () ~> call get_ext () ~> call localUpdate _55 ~> ret localUpdate () ~> call localUpdate _94 ~> ret localUpdate () ~> ret get_ext _135 ~> ret remoteUpdate () ~> call remoteUpdate () ~> call set_ext _94 ~> ret set_ext () ~> call get_ext () ~> call localUpdate _476 ~> ret localUpdate () ~> call localUpdate _637 ~> ret localUpdate () ~> ret get_ext _778 )
#Or
  T ==K ( call remoteUpdate () ~> call set_ext 0 ~> call localUpdate _6 ~> ret localUpdate () ~> call localUpdate _12 ~> ret localUpdate () ~> ret set_ext () ~> call get_ext () ~> call localUpdate _55 ~> ret localUpdate () ~> call localUpdate _94 ~> ret localUpdate () ~> ret get_ext _135 ~> ret remoteUpdate () ~> call remoteUpdate () ~> call set_ext _94 ~> ret set_ext () ~> call get_ext () ~> call localUpdate _476 ~> ret localUpdate () ~> ret get_ext _620 )
#Or
  T ==K ( call remoteUpdate () ~> call set_ext 0 ~> call localUpdate _6 ~> ret localUpdate () ~> call localUpdate _12 ~> ret localUpdate () ~> ret set_ext () ~> call get_ext () ~> call localUpdate _55 ~> ret localUpdate () ~> call localUpdate _94 ~> ret localUpdate () ~> ret get_ext _135 ~> ret remoteUpdate () ~> call remoteUpdate () ~> call set_ext _94 ~> ret set_ext () ~> call get_ext () ~> ret get_ext _456 )
#Or
  T ==K ( call remoteUpdate () ~> call set_ext 0 ~> call localUpdate _6 ~> ret localUpdate () ~> call localUpdate _12 ~> ret localUpdate () ~> ret set_ext () ~> call get_ext () ~> call localUpdate _55 ~> ret localUpdate () ~> ret get_ext _90 )
#Or
  T ==K ( call remoteUpdate () ~> call set_ext 0 ~> call localUpdate _6 ~> ret localUpdate () ~> call localUpdate _12 ~> ret localUpdate () ~> ret set_ext () ~> call get_ext () ~> call localUpdate _55 ~> ret localUpdate () ~> ret get_ext _90 ~> ret remoteUpdate () ~> call remoteUpdate () ~> call set_ext _55 ~> call localUpdate _231 ~> ret localUpdate () ~> call localUpdate _297 ~> ret localUpdate () ~> ret set_ext () ~> call get_ext () ~> call localUpdate _638 ~> ret localUpdate () ~> call localUpdate _788 ~> ret localUpdate () ~> ret get_ext _890 )
#Or
  T ==K ( call remoteUpdate () ~> call set_ext 0 ~> call localUpdate _6 ~> ret localUpdate () ~> call localUpdate _12 ~> ret localUpdate () ~> ret set_ext () ~> call get_ext () ~> call localUpdate _55 ~> ret localUpdate () ~> ret get_ext _90 ~> ret remoteUpdate () ~> call remoteUpdate () ~> call set_ext _55 ~> call localUpdate _231 ~> ret localUpdate () ~> call localUpdate _297 ~> ret localUpdate () ~> ret set_ext () ~> call get_ext () ~> call localUpdate _638 ~> ret localUpdate () ~> ret get_ext _779 )
#Or
  T ==K ( call remoteUpdate () ~> call set_ext 0 ~> call localUpdate _6 ~> ret localUpdate () ~> call localUpdate _12 ~> ret localUpdate () ~> ret set_ext () ~> call get_ext () ~> call localUpdate _55 ~> ret localUpdate () ~> ret get_ext _90 ~> ret remoteUpdate () ~> call remoteUpdate () ~> call set_ext _55 ~> call localUpdate _231 ~> ret localUpdate () ~> call localUpdate _297 ~> ret localUpdate () ~> ret set_ext () ~> call get_ext () ~> ret get_ext _621 )
#Or
  T ==K ( call remoteUpdate () ~> call set_ext 0 ~> call localUpdate _6 ~> ret localUpdate () ~> call localUpdate _12 ~> ret localUpdate () ~> ret set_ext () ~> call get_ext () ~> call localUpdate _55 ~> ret localUpdate () ~> ret get_ext _90 ~> ret remoteUpdate () ~> call remoteUpdate () ~> call set_ext _55 ~> call localUpdate _231 ~> ret localUpdate () ~> ret set_ext () ~> call get_ext () ~> call localUpdate _477 ~> ret localUpdate () ~> call localUpdate _639 ~> ret localUpdate () ~> ret get_ext _780 )
#Or
  T ==K ( call remoteUpdate () ~> call set_ext 0 ~> call localUpdate _6 ~> ret localUpdate () ~> call localUpdate _12 ~> ret localUpdate () ~> ret set_ext () ~> call get_ext () ~> call localUpdate _55 ~> ret localUpdate () ~> ret get_ext _90 ~> ret remoteUpdate () ~> call remoteUpdate () ~> call set_ext _55 ~> call localUpdate _231 ~> ret localUpdate () ~> ret set_ext () ~> call get_ext () ~> call localUpdate _477 ~> ret localUpdate () ~> ret get_ext _622 )
#Or
  T ==K ( call remoteUpdate () ~> call set_ext 0 ~> call localUpdate _6 ~> ret localUpdate () ~> call localUpdate _12 ~> ret localUpdate () ~> ret set_ext () ~> call get_ext () ~> call localUpdate _55 ~> ret localUpdate () ~> ret get_ext _90 ~> ret remoteUpdate () ~> call remoteUpdate () ~> call set_ext _55 ~> call localUpdate _231 ~> ret localUpdate () ~> ret set_ext () ~> call get_ext () ~> ret get_ext _457 )
#Or
  T ==K ( call remoteUpdate () ~> call set_ext 0 ~> call localUpdate _6 ~> ret localUpdate () ~> call localUpdate _12 ~> ret localUpdate () ~> ret set_ext () ~> call get_ext () ~> call localUpdate _55 ~> ret localUpdate () ~> ret get_ext _90 ~> ret remoteUpdate () ~> call remoteUpdate () ~> call set_ext _55 ~> ret set_ext () ~> call get_ext () ~> call localUpdate _345 ~> ret localUpdate () ~> call localUpdate _478 ~> ret localUpdate () ~> ret get_ext _623 )
#Or
  T ==K ( call remoteUpdate () ~> call set_ext 0 ~> call localUpdate _6 ~> ret localUpdate () ~> call localUpdate _12 ~> ret localUpdate () ~> ret set_ext () ~> call get_ext () ~> call localUpdate _55 ~> ret localUpdate () ~> ret get_ext _90 ~> ret remoteUpdate () ~> call remoteUpdate () ~> call set_ext _55 ~> ret set_ext () ~> call get_ext () ~> call localUpdate _345 ~> ret localUpdate () ~> ret get_ext _458 )
#Or
  T ==K ( call remoteUpdate () ~> call set_ext 0 ~> call localUpdate _6 ~> ret localUpdate () ~> call localUpdate _12 ~> ret localUpdate () ~> ret set_ext () ~> call get_ext () ~> call localUpdate _55 ~> ret localUpdate () ~> ret get_ext _90 ~> ret remoteUpdate () ~> call remoteUpdate () ~> call set_ext _55 ~> ret set_ext () ~> call get_ext () ~> ret get_ext _328 )
#Or
  T ==K ( call remoteUpdate () ~> call set_ext 0 ~> call localUpdate _6 ~> ret localUpdate () ~> call localUpdate _12 ~> ret localUpdate () ~> ret set_ext () ~> call get_ext () ~> ret get_ext _51 )
#Or
  T ==K ( call remoteUpdate () ~> call set_ext 0 ~> call localUpdate _6 ~> ret localUpdate () ~> call localUpdate _12 ~> ret localUpdate () ~> ret set_ext () ~> call get_ext () ~> ret get_ext _51 ~> ret remoteUpdate () ~> call remoteUpdate () ~> call set_ext _12 ~> call localUpdate _188 ~> ret localUpdate () ~> call localUpdate _232 ~> ret localUpdate () ~> ret set_ext () ~> call get_ext () ~> call localUpdate _479 ~> ret localUpdate () ~> call localUpdate _640 ~> ret localUpdate () ~> ret get_ext _781 )
#Or
  T ==K ( call remoteUpdate () ~> call set_ext 0 ~> call localUpdate _6 ~> ret localUpdate () ~> call localUpdate _12 ~> ret localUpdate () ~> ret set_ext () ~> call get_ext () ~> ret get_ext _51 ~> ret remoteUpdate () ~> call remoteUpdate () ~> call set_ext _12 ~> call localUpdate _188 ~> ret localUpdate () ~> call localUpdate _232 ~> ret localUpdate () ~> ret set_ext () ~> call get_ext () ~> call localUpdate _479 ~> ret localUpdate () ~> ret get_ext _624 )
#Or
  T ==K ( call remoteUpdate () ~> call set_ext 0 ~> call localUpdate _6 ~> ret localUpdate () ~> call localUpdate _12 ~> ret localUpdate () ~> ret set_ext () ~> call get_ext () ~> ret get_ext _51 ~> ret remoteUpdate () ~> call remoteUpdate () ~> call set_ext _12 ~> call localUpdate _188 ~> ret localUpdate () ~> call localUpdate _232 ~> ret localUpdate () ~> ret set_ext () ~> call get_ext () ~> ret get_ext _459 )
#Or
  T ==K ( call remoteUpdate () ~> call set_ext 0 ~> call localUpdate _6 ~> ret localUpdate () ~> call localUpdate _12 ~> ret localUpdate () ~> ret set_ext () ~> call get_ext () ~> ret get_ext _51 ~> ret remoteUpdate () ~> call remoteUpdate () ~> call set_ext _12 ~> call localUpdate _188 ~> ret localUpdate () ~> ret set_ext () ~> call get_ext () ~> call localUpdate _346 ~> ret localUpdate () ~> call localUpdate _480 ~> ret localUpdate () ~> ret get_ext _625 )
#Or
  T ==K ( call remoteUpdate () ~> call set_ext 0 ~> call localUpdate _6 ~> ret localUpdate () ~> call localUpdate _12 ~> ret localUpdate () ~> ret set_ext () ~> call get_ext () ~> ret get_ext _51 ~> ret remoteUpdate () ~> call remoteUpdate () ~> call set_ext _12 ~> call localUpdate _188 ~> ret localUpdate () ~> ret set_ext () ~> call get_ext () ~> call localUpdate _346 ~> ret localUpdate () ~> ret get_ext _460 )
#Or
  T ==K ( call remoteUpdate () ~> call set_ext 0 ~> call localUpdate _6 ~> ret localUpdate () ~> call localUpdate _12 ~> ret localUpdate () ~> ret set_ext () ~> call get_ext () ~> ret get_ext _51 ~> ret remoteUpdate () ~> call remoteUpdate () ~> call set_ext _12 ~> call localUpdate _188 ~> ret localUpdate () ~> ret set_ext () ~> call get_ext () ~> ret get_ext _329 )
#Or
  T ==K ( call remoteUpdate () ~> call set_ext 0 ~> call localUpdate _6 ~> ret localUpdate () ~> call localUpdate _12 ~> ret localUpdate () ~> ret set_ext () ~> call get_ext () ~> ret get_ext _51 ~> ret remoteUpdate () ~> call remoteUpdate () ~> call set_ext _12 ~> ret set_ext () ~> call get_ext () ~> call localUpdate _259 ~> ret localUpdate () ~> call localUpdate _347 ~> ret localUpdate () ~> ret get_ext _461 )
#Or
  T ==K ( call remoteUpdate () ~> call set_ext 0 ~> call localUpdate _6 ~> ret localUpdate () ~> call localUpdate _12 ~> ret localUpdate () ~> ret set_ext () ~> call get_ext () ~> ret get_ext _51 ~> ret remoteUpdate () ~> call remoteUpdate () ~> call set_ext _12 ~> ret set_ext () ~> call get_ext () ~> call localUpdate _259 ~> ret localUpdate () ~> ret get_ext _330 )
#Or
  T ==K ( call remoteUpdate () ~> call set_ext 0 ~> call localUpdate _6 ~> ret localUpdate () ~> call localUpdate _12 ~> ret localUpdate () ~> ret set_ext () ~> call get_ext () ~> ret get_ext _51 ~> ret remoteUpdate () ~> call remoteUpdate () ~> call set_ext _12 ~> ret set_ext () ~> call get_ext () ~> ret get_ext _250 )
#Or
  T ==K ( call remoteUpdate () ~> call set_ext 0 ~> call localUpdate _6 ~> ret localUpdate () ~> ret set_ext () ~> call get_ext () ~> call localUpdate _28 ~> ret localUpdate () ~> call localUpdate _56 ~> ret localUpdate () ~> ret get_ext _91 )
#Or
  T ==K ( call remoteUpdate () ~> call set_ext 0 ~> call localUpdate _6 ~> ret localUpdate () ~> ret set_ext () ~> call get_ext () ~> call localUpdate _28 ~> ret localUpdate () ~> call localUpdate _56 ~> ret localUpdate () ~> ret get_ext _91 ~> ret remoteUpdate () ~> call remoteUpdate () ~> call set_ext _56 ~> call localUpdate _233 ~> ret localUpdate () ~> call localUpdate _300 ~> ret localUpdate () ~> ret set_ext () ~> call get_ext () ~> call localUpdate _641 ~> ret localUpdate () ~> call localUpdate _789 ~> ret localUpdate () ~> ret get_ext _891 )
#Or
  T ==K ( call remoteUpdate () ~> call set_ext 0 ~> call localUpdate _6 ~> ret localUpdate () ~> ret set_ext () ~> call get_ext () ~> call localUpdate _28 ~> ret localUpdate () ~> call localUpdate _56 ~> ret localUpdate () ~> ret get_ext _91 ~> ret remoteUpdate () ~> call remoteUpdate () ~> call set_ext _56 ~> call localUpdate _233 ~> ret localUpdate () ~> call localUpdate _300 ~> ret localUpdate () ~> ret set_ext () ~> call get_ext () ~> call localUpdate _641 ~> ret localUpdate () ~> ret get_ext _782 )
#Or
  T ==K ( call remoteUpdate () ~> call set_ext 0 ~> call localUpdate _6 ~> ret localUpdate () ~> ret set_ext () ~> call get_ext () ~> call localUpdate _28 ~> ret localUpdate () ~> call localUpdate _56 ~> ret localUpdate () ~> ret get_ext _91 ~> ret remoteUpdate () ~> call remoteUpdate () ~> call set_ext _56 ~> call localUpdate _233 ~> ret localUpdate () ~> call localUpdate _300 ~> ret localUpdate () ~> ret set_ext () ~> call get_ext () ~> ret get_ext _626 )
#Or
  T ==K ( call remoteUpdate () ~> call set_ext 0 ~> call localUpdate _6 ~> ret localUpdate () ~> ret set_ext () ~> call get_ext () ~> call localUpdate _28 ~> ret localUpdate () ~> call localUpdate _56 ~> ret localUpdate () ~> ret get_ext _91 ~> ret remoteUpdate () ~> call remoteUpdate () ~> call set_ext _56 ~> call localUpdate _233 ~> ret localUpdate () ~> ret set_ext () ~> call get_ext () ~> call localUpdate _481 ~> ret localUpdate () ~> call localUpdate _642 ~> ret localUpdate () ~> ret get_ext _783 )
#Or
  T ==K ( call remoteUpdate () ~> call set_ext 0 ~> call localUpdate _6 ~> ret localUpdate () ~> ret set_ext () ~> call get_ext () ~> call localUpdate _28 ~> ret localUpdate () ~> call localUpdate _56 ~> ret localUpdate () ~> ret get_ext _91 ~> ret remoteUpdate () ~> call remoteUpdate () ~> call set_ext _56 ~> call localUpdate _233 ~> ret localUpdate () ~> ret set_ext () ~> call get_ext () ~> call localUpdate _481 ~> ret localUpdate () ~> ret get_ext _627 )
#Or
  T ==K ( call remoteUpdate () ~> call set_ext 0 ~> call localUpdate _6 ~> ret localUpdate () ~> ret set_ext () ~> call get_ext () ~> call localUpdate _28 ~> ret localUpdate () ~> call localUpdate _56 ~> ret localUpdate () ~> ret get_ext _91 ~> ret remoteUpdate () ~> call remoteUpdate () ~> call set_ext _56 ~> call localUpdate _233 ~> ret localUpdate () ~> ret set_ext () ~> call get_ext () ~> ret get_ext _462 )
#Or
  T ==K ( call remoteUpdate () ~> call set_ext 0 ~> call localUpdate _6 ~> ret localUpdate () ~> ret set_ext () ~> call get_ext () ~> call localUpdate _28 ~> ret localUpdate () ~> call localUpdate _56 ~> ret localUpdate () ~> ret get_ext _91 ~> ret remoteUpdate () ~> call remoteUpdate () ~> call set_ext _56 ~> ret set_ext () ~> call get_ext () ~> call localUpdate _348 ~> ret localUpdate () ~> call localUpdate _482 ~> ret localUpdate () ~> ret get_ext _628 )
#Or
  T ==K ( call remoteUpdate () ~> call set_ext 0 ~> call localUpdate _6 ~> ret localUpdate () ~> ret set_ext () ~> call get_ext () ~> call localUpdate _28 ~> ret localUpdate () ~> call localUpdate _56 ~> ret localUpdate () ~> ret get_ext _91 ~> ret remoteUpdate () ~> call remoteUpdate () ~> call set_ext _56 ~> ret set_ext () ~> call get_ext () ~> call localUpdate _348 ~> ret localUpdate () ~> ret get_ext _463 )
#Or
  T ==K ( call remoteUpdate () ~> call set_ext 0 ~> call localUpdate _6 ~> ret localUpdate () ~> ret set_ext () ~> call get_ext () ~> call localUpdate _28 ~> ret localUpdate () ~> call localUpdate _56 ~> ret localUpdate () ~> ret get_ext _91 ~> ret remoteUpdate () ~> call remoteUpdate () ~> call set_ext _56 ~> ret set_ext () ~> call get_ext () ~> ret get_ext _331 )
#Or
  T ==K ( call remoteUpdate () ~> call set_ext 0 ~> call localUpdate _6 ~> ret localUpdate () ~> ret set_ext () ~> call get_ext () ~> call localUpdate _28 ~> ret localUpdate () ~> ret get_ext _52 )
#Or
  T ==K ( call remoteUpdate () ~> call set_ext 0 ~> call localUpdate _6 ~> ret localUpdate () ~> ret set_ext () ~> call get_ext () ~> call localUpdate _28 ~> ret localUpdate () ~> ret get_ext _52 ~> ret remoteUpdate () ~> call remoteUpdate () ~> call set_ext _28 ~> call localUpdate _189 ~> ret localUpdate () ~> call localUpdate _234 ~> ret localUpdate () ~> ret set_ext () ~> call get_ext () ~> call localUpdate _483 ~> ret localUpdate () ~> call localUpdate _643 ~> ret localUpdate () ~> ret get_ext _784 )
#Or
  T ==K ( call remoteUpdate () ~> call set_ext 0 ~> call localUpdate _6 ~> ret localUpdate () ~> ret set_ext () ~> call get_ext () ~> call localUpdate _28 ~> ret localUpdate () ~> ret get_ext _52 ~> ret remoteUpdate () ~> call remoteUpdate () ~> call set_ext _28 ~> call localUpdate _189 ~> ret localUpdate () ~> call localUpdate _234 ~> ret localUpdate () ~> ret set_ext () ~> call get_ext () ~> call localUpdate _483 ~> ret localUpdate () ~> ret get_ext _629 )
#Or
  T ==K ( call remoteUpdate () ~> call set_ext 0 ~> call localUpdate _6 ~> ret localUpdate () ~> ret set_ext () ~> call get_ext () ~> call localUpdate _28 ~> ret localUpdate () ~> ret get_ext _52 ~> ret remoteUpdate () ~> call remoteUpdate () ~> call set_ext _28 ~> call localUpdate _189 ~> ret localUpdate () ~> call localUpdate _234 ~> ret localUpdate () ~> ret set_ext () ~> call get_ext () ~> ret get_ext _464 )
#Or
  T ==K ( call remoteUpdate () ~> call set_ext 0 ~> call localUpdate _6 ~> ret localUpdate () ~> ret set_ext () ~> call get_ext () ~> call localUpdate _28 ~> ret localUpdate () ~> ret get_ext _52 ~> ret remoteUpdate () ~> call remoteUpdate () ~> call set_ext _28 ~> call localUpdate _189 ~> ret localUpdate () ~> ret set_ext () ~> call get_ext () ~> call localUpdate _349 ~> ret localUpdate () ~> call localUpdate _484 ~> ret localUpdate () ~> ret get_ext _630 )
#Or
  T ==K ( call remoteUpdate () ~> call set_ext 0 ~> call localUpdate _6 ~> ret localUpdate () ~> ret set_ext () ~> call get_ext () ~> call localUpdate _28 ~> ret localUpdate () ~> ret get_ext _52 ~> ret remoteUpdate () ~> call remoteUpdate () ~> call set_ext _28 ~> call localUpdate _189 ~> ret localUpdate () ~> ret set_ext () ~> call get_ext () ~> call localUpdate _349 ~> ret localUpdate () ~> ret get_ext _465 )
#Or
  T ==K ( call remoteUpdate () ~> call set_ext 0 ~> call localUpdate _6 ~> ret localUpdate () ~> ret set_ext () ~> call get_ext () ~> call localUpdate _28 ~> ret localUpdate () ~> ret get_ext _52 ~> ret remoteUpdate () ~> call remoteUpdate () ~> call set_ext _28 ~> call localUpdate _189 ~> ret localUpdate () ~> ret set_ext () ~> call get_ext () ~> ret get_ext _332 )
#Or
  T ==K ( call remoteUpdate () ~> call set_ext 0 ~> call localUpdate _6 ~> ret localUpdate () ~> ret set_ext () ~> call get_ext () ~> call localUpdate _28 ~> ret localUpdate () ~> ret get_ext _52 ~> ret remoteUpdate () ~> call remoteUpdate () ~> call set_ext _28 ~> ret set_ext () ~> call get_ext () ~> call localUpdate _260 ~> ret localUpdate () ~> call localUpdate _350 ~> ret localUpdate () ~> ret get_ext _466 )
#Or
  T ==K ( call remoteUpdate () ~> call set_ext 0 ~> call localUpdate _6 ~> ret localUpdate () ~> ret set_ext () ~> call get_ext () ~> call localUpdate _28 ~> ret localUpdate () ~> ret get_ext _52 ~> ret remoteUpdate () ~> call remoteUpdate () ~> call set_ext _28 ~> ret set_ext () ~> call get_ext () ~> call localUpdate _260 ~> ret localUpdate () ~> ret get_ext _333 )
#Or
  T ==K ( call remoteUpdate () ~> call set_ext 0 ~> call localUpdate _6 ~> ret localUpdate () ~> ret set_ext () ~> call get_ext () ~> call localUpdate _28 ~> ret localUpdate () ~> ret get_ext _52 ~> ret remoteUpdate () ~> call remoteUpdate () ~> call set_ext _28 ~> ret set_ext () ~> call get_ext () ~> ret get_ext _251 )
#Or
  T ==K ( call remoteUpdate () ~> call set_ext 0 ~> call localUpdate _6 ~> ret localUpdate () ~> ret set_ext () ~> call get_ext () ~> ret get_ext _26 )
#Or
  T ==K ( call remoteUpdate () ~> call set_ext 0 ~> call localUpdate _6 ~> ret localUpdate () ~> ret set_ext () ~> call get_ext () ~> ret get_ext _26 ~> ret remoteUpdate () ~> call remoteUpdate () ~> call set_ext _6 ~> call localUpdate _149 ~> ret localUpdate () ~> call localUpdate _190 ~> ret localUpdate () ~> ret set_ext () ~> call get_ext () ~> call localUpdate _351 ~> ret localUpdate () ~> call localUpdate _485 ~> ret localUpdate () ~> ret get_ext _631 )
#Or
  T ==K ( call remoteUpdate () ~> call set_ext 0 ~> call localUpdate _6 ~> ret localUpdate () ~> ret set_ext () ~> call get_ext () ~> ret get_ext _26 ~> ret remoteUpdate () ~> call remoteUpdate () ~> call set_ext _6 ~> call localUpdate _149 ~> ret localUpdate () ~> call localUpdate _190 ~> ret localUpdate () ~> ret set_ext () ~> call get_ext () ~> call localUpdate _351 ~> ret localUpdate () ~> ret get_ext _467 )
#Or
  T ==K ( call remoteUpdate () ~> call set_ext 0 ~> call localUpdate _6 ~> ret localUpdate () ~> ret set_ext () ~> call get_ext () ~> ret get_ext _26 ~> ret remoteUpdate () ~> call remoteUpdate () ~> call set_ext _6 ~> call localUpdate _149 ~> ret localUpdate () ~> call localUpdate _190 ~> ret localUpdate () ~> ret set_ext () ~> call get_ext () ~> ret get_ext _334 )
#Or
  T ==K ( call remoteUpdate () ~> call set_ext 0 ~> call localUpdate _6 ~> ret localUpdate () ~> ret set_ext () ~> call get_ext () ~> ret get_ext _26 ~> ret remoteUpdate () ~> call remoteUpdate () ~> call set_ext _6 ~> call localUpdate _149 ~> ret localUpdate () ~> ret set_ext () ~> call get_ext () ~> call localUpdate _261 ~> ret localUpdate () ~> call localUpdate _352 ~> ret localUpdate () ~> ret get_ext _468 )
#Or
  T ==K ( call remoteUpdate () ~> call set_ext 0 ~> call localUpdate _6 ~> ret localUpdate () ~> ret set_ext () ~> call get_ext () ~> ret get_ext _26 ~> ret remoteUpdate () ~> call remoteUpdate () ~> call set_ext _6 ~> call localUpdate _149 ~> ret localUpdate () ~> ret set_ext () ~> call get_ext () ~> call localUpdate _261 ~> ret localUpdate () ~> ret get_ext _335 )
#Or
  T ==K ( call remoteUpdate () ~> call set_ext 0 ~> call localUpdate _6 ~> ret localUpdate () ~> ret set_ext () ~> call get_ext () ~> ret get_ext _26 ~> ret remoteUpdate () ~> call remoteUpdate () ~> call set_ext _6 ~> call localUpdate _149 ~> ret localUpdate () ~> ret set_ext () ~> call get_ext () ~> ret get_ext _252 )
#Or
  T ==K ( call remoteUpdate () ~> call set_ext 0 ~> call localUpdate _6 ~> ret localUpdate () ~> ret set_ext () ~> call get_ext () ~> ret get_ext _26 ~> ret remoteUpdate () ~> call remoteUpdate () ~> call set_ext _6 ~> ret set_ext () ~> call get_ext () ~> call localUpdate _207 ~> ret localUpdate () ~> call localUpdate _262 ~> ret localUpdate () ~> ret get_ext _336 )
#Or
  T ==K ( call remoteUpdate () ~> call set_ext 0 ~> call localUpdate _6 ~> ret localUpdate () ~> ret set_ext () ~> call get_ext () ~> ret get_ext _26 ~> ret remoteUpdate () ~> call remoteUpdate () ~> call set_ext _6 ~> ret set_ext () ~> call get_ext () ~> call localUpdate _207 ~> ret localUpdate () ~> ret get_ext _253 )
#Or
  T ==K ( call remoteUpdate () ~> call set_ext 0 ~> call localUpdate _6 ~> ret localUpdate () ~> ret set_ext () ~> call get_ext () ~> ret get_ext _26 ~> ret remoteUpdate () ~> call remoteUpdate () ~> call set_ext _6 ~> ret set_ext () ~> call get_ext () ~> ret get_ext _204 )
#Or
  T ==K ( call remoteUpdate () ~> call set_ext 0 ~> ret set_ext () ~> call get_ext () ~> call localUpdate _15 ~> ret localUpdate () ~> call localUpdate _29 ~> ret localUpdate () ~> ret get_ext _53 )
#Or
  T ==K ( call remoteUpdate () ~> call set_ext 0 ~> ret set_ext () ~> call get_ext () ~> call localUpdate _15 ~> ret localUpdate () ~> call localUpdate _29 ~> ret localUpdate () ~> ret get_ext _53 ~> ret remoteUpdate () ~> call remoteUpdate () ~> call set_ext _29 ~> call localUpdate _191 ~> ret localUpdate () ~> call localUpdate _237 ~> ret localUpdate () ~> ret set_ext () ~> call get_ext () ~> call localUpdate _486 ~> ret localUpdate () ~> call localUpdate _644 ~> ret localUpdate () ~> ret get_ext _785 )
#Or
  T ==K ( call remoteUpdate () ~> call set_ext 0 ~> ret set_ext () ~> call get_ext () ~> call localUpdate _15 ~> ret localUpdate () ~> call localUpdate _29 ~> ret localUpdate () ~> ret get_ext _53 ~> ret remoteUpdate () ~> call remoteUpdate () ~> call set_ext _29 ~> call localUpdate _191 ~> ret localUpdate () ~> call localUpdate _237 ~> ret localUpdate () ~> ret set_ext () ~> call get_ext () ~> call localUpdate _486 ~> ret localUpdate () ~> ret get_ext _632 )
#Or
  T ==K ( call remoteUpdate () ~> call set_ext 0 ~> ret set_ext () ~> call get_ext () ~> call localUpdate _15 ~> ret localUpdate () ~> call localUpdate _29 ~> ret localUpdate () ~> ret get_ext _53 ~> ret remoteUpdate () ~> call remoteUpdate () ~> call set_ext _29 ~> call localUpdate _191 ~> ret localUpdate () ~> call localUpdate _237 ~> ret localUpdate () ~> ret set_ext () ~> call get_ext () ~> ret get_ext _469 )
#Or
  T ==K ( call remoteUpdate () ~> call set_ext 0 ~> ret set_ext () ~> call get_ext () ~> call localUpdate _15 ~> ret localUpdate () ~> call localUpdate _29 ~> ret localUpdate () ~> ret get_ext _53 ~> ret remoteUpdate () ~> call remoteUpdate () ~> call set_ext _29 ~> call localUpdate _191 ~> ret localUpdate () ~> ret set_ext () ~> call get_ext () ~> call localUpdate _353 ~> ret localUpdate () ~> call localUpdate _487 ~> ret localUpdate () ~> ret get_ext _633 )
#Or
  T ==K ( call remoteUpdate () ~> call set_ext 0 ~> ret set_ext () ~> call get_ext () ~> call localUpdate _15 ~> ret localUpdate () ~> call localUpdate _29 ~> ret localUpdate () ~> ret get_ext _53 ~> ret remoteUpdate () ~> call remoteUpdate () ~> call set_ext _29 ~> call localUpdate _191 ~> ret localUpdate () ~> ret set_ext () ~> call get_ext () ~> call localUpdate _353 ~> ret localUpdate () ~> ret get_ext _470 )
#Or
  T ==K ( call remoteUpdate () ~> call set_ext 0 ~> ret set_ext () ~> call get_ext () ~> call localUpdate _15 ~> ret localUpdate () ~> call localUpdate _29 ~> ret localUpdate () ~> ret get_ext _53 ~> ret remoteUpdate () ~> call remoteUpdate () ~> call set_ext _29 ~> call localUpdate _191 ~> ret localUpdate () ~> ret set_ext () ~> call get_ext () ~> ret get_ext _337 )
#Or
  T ==K ( call remoteUpdate () ~> call set_ext 0 ~> ret set_ext () ~> call get_ext () ~> call localUpdate _15 ~> ret localUpdate () ~> call localUpdate _29 ~> ret localUpdate () ~> ret get_ext _53 ~> ret remoteUpdate () ~> call remoteUpdate () ~> call set_ext _29 ~> ret set_ext () ~> call get_ext () ~> call localUpdate _263 ~> ret localUpdate () ~> call localUpdate _354 ~> ret localUpdate () ~> ret get_ext _471 )
#Or
  T ==K ( call remoteUpdate () ~> call set_ext 0 ~> ret set_ext () ~> call get_ext () ~> call localUpdate _15 ~> ret localUpdate () ~> call localUpdate _29 ~> ret localUpdate () ~> ret get_ext _53 ~> ret remoteUpdate () ~> call remoteUpdate () ~> call set_ext _29 ~> ret set_ext () ~> call get_ext () ~> call localUpdate _263 ~> ret localUpdate () ~> ret get_ext _338 )
#Or
  T ==K ( call remoteUpdate () ~> call set_ext 0 ~> ret set_ext () ~> call get_ext () ~> call localUpdate _15 ~> ret localUpdate () ~> call localUpdate _29 ~> ret localUpdate () ~> ret get_ext _53 ~> ret remoteUpdate () ~> call remoteUpdate () ~> call set_ext _29 ~> ret set_ext () ~> call get_ext () ~> ret get_ext _254 )
#Or
  T ==K ( call remoteUpdate () ~> call set_ext 0 ~> ret set_ext () ~> call get_ext () ~> call localUpdate _15 ~> ret localUpdate () ~> ret get_ext _27 )
#Or
  T ==K ( call remoteUpdate () ~> call set_ext 0 ~> ret set_ext () ~> call get_ext () ~> call localUpdate _15 ~> ret localUpdate () ~> ret get_ext _27 ~> ret remoteUpdate () ~> call remoteUpdate () ~> call set_ext _15 ~> call localUpdate _150 ~> ret localUpdate () ~> call localUpdate _192 ~> ret localUpdate () ~> ret set_ext () ~> call get_ext () ~> call localUpdate _355 ~> ret localUpdate () ~> call localUpdate _488 ~> ret localUpdate () ~> ret get_ext _634 )
#Or
  T ==K ( call remoteUpdate () ~> call set_ext 0 ~> ret set_ext () ~> call get_ext () ~> call localUpdate _15 ~> ret localUpdate () ~> ret get_ext _27 ~> ret remoteUpdate () ~> call remoteUpdate () ~> call set_ext _15 ~> call localUpdate _150 ~> ret localUpdate () ~> call localUpdate _192 ~> ret localUpdate () ~> ret set_ext () ~> call get_ext () ~> call localUpdate _355 ~> ret localUpdate () ~> ret get_ext _472 )
#Or
  T ==K ( call remoteUpdate () ~> call set_ext 0 ~> ret set_ext () ~> call get_ext () ~> call localUpdate _15 ~> ret localUpdate () ~> ret get_ext _27 ~> ret remoteUpdate () ~> call remoteUpdate () ~> call set_ext _15 ~> call localUpdate _150 ~> ret localUpdate () ~> call localUpdate _192 ~> ret localUpdate () ~> ret set_ext () ~> call get_ext () ~> ret get_ext _339 )
#Or
  T ==K ( call remoteUpdate () ~> call set_ext 0 ~> ret set_ext () ~> call get_ext () ~> call localUpdate _15 ~> ret localUpdate () ~> ret get_ext _27 ~> ret remoteUpdate () ~> call remoteUpdate () ~> call set_ext _15 ~> call localUpdate _150 ~> ret localUpdate () ~> ret set_ext () ~> call get_ext () ~> call localUpdate _264 ~> ret localUpdate () ~> call localUpdate _356 ~> ret localUpdate () ~> ret get_ext _473 )
#Or
  T ==K ( call remoteUpdate () ~> call set_ext 0 ~> ret set_ext () ~> call get_ext () ~> call localUpdate _15 ~> ret localUpdate () ~> ret get_ext _27 ~> ret remoteUpdate () ~> call remoteUpdate () ~> call set_ext _15 ~> call localUpdate _150 ~> ret localUpdate () ~> ret set_ext () ~> call get_ext () ~> call localUpdate _264 ~> ret localUpdate () ~> ret get_ext _340 )
#Or
  T ==K ( call remoteUpdate () ~> call set_ext 0 ~> ret set_ext () ~> call get_ext () ~> call localUpdate _15 ~> ret localUpdate () ~> ret get_ext _27 ~> ret remoteUpdate () ~> call remoteUpdate () ~> call set_ext _15 ~> call localUpdate _150 ~> ret localUpdate () ~> ret set_ext () ~> call get_ext () ~> ret get_ext _255 )
#Or
  T ==K ( call remoteUpdate () ~> call set_ext 0 ~> ret set_ext () ~> call get_ext () ~> call localUpdate _15 ~> ret localUpdate () ~> ret get_ext _27 ~> ret remoteUpdate () ~> call remoteUpdate () ~> call set_ext _15 ~> ret set_ext () ~> call get_ext () ~> call localUpdate _208 ~> ret localUpdate () ~> call localUpdate _265 ~> ret localUpdate () ~> ret get_ext _341 )
#Or
  T ==K ( call remoteUpdate () ~> call set_ext 0 ~> ret set_ext () ~> call get_ext () ~> call localUpdate _15 ~> ret localUpdate () ~> ret get_ext _27 ~> ret remoteUpdate () ~> call remoteUpdate () ~> call set_ext _15 ~> ret set_ext () ~> call get_ext () ~> call localUpdate _208 ~> ret localUpdate () ~> ret get_ext _256 )
#Or
  T ==K ( call remoteUpdate () ~> call set_ext 0 ~> ret set_ext () ~> call get_ext () ~> call localUpdate _15 ~> ret localUpdate () ~> ret get_ext _27 ~> ret remoteUpdate () ~> call remoteUpdate () ~> call set_ext _15 ~> ret set_ext () ~> call get_ext () ~> ret get_ext _205 )
#Or
  T ==K ( call remoteUpdate () ~> call set_ext 0 ~> ret set_ext () ~> call get_ext () ~> ret get_ext _14 )
#Or
  T ==K ( call remoteUpdate () ~> call set_ext 0 ~> ret set_ext () ~> call get_ext () ~> ret get_ext _14 ~> ret remoteUpdate () ~> call remoteUpdate () ~> call set_ext 0 ~> call localUpdate _116 ~> ret localUpdate () ~> call localUpdate _162 ~> ret localUpdate () ~> ret set_ext () ~> call get_ext () ~> call localUpdate _280 ~> ret localUpdate () ~> call localUpdate _385 ~> ret localUpdate () ~> ret get_ext _530 )
#Or
  T ==K ( call remoteUpdate () ~> call set_ext 0 ~> ret set_ext () ~> call get_ext () ~> ret get_ext _14 ~> ret remoteUpdate () ~> call remoteUpdate () ~> call set_ext 0 ~> call localUpdate _116 ~> ret localUpdate () ~> call localUpdate _162 ~> ret localUpdate () ~> ret set_ext () ~> call get_ext () ~> call localUpdate _280 ~> ret localUpdate () ~> ret get_ext _383 )
#Or
  T ==K ( call remoteUpdate () ~> call set_ext 0 ~> ret set_ext () ~> call get_ext () ~> ret get_ext _14 ~> ret remoteUpdate () ~> call remoteUpdate () ~> call set_ext 0 ~> call localUpdate _116 ~> ret localUpdate () ~> call localUpdate _162 ~> ret localUpdate () ~> ret set_ext () ~> call get_ext () ~> ret get_ext _277 )
#Or
  T ==K ( call remoteUpdate () ~> call set_ext 0 ~> ret set_ext () ~> call get_ext () ~> ret get_ext _14 ~> ret remoteUpdate () ~> call remoteUpdate () ~> call set_ext 0 ~> call localUpdate _116 ~> ret localUpdate () ~> ret set_ext () ~> call get_ext () ~> call localUpdate _216 ~> ret localUpdate () ~> call localUpdate _281 ~> ret localUpdate () ~> ret get_ext _384 )
#Or
  T ==K ( call remoteUpdate () ~> call set_ext 0 ~> ret set_ext () ~> call get_ext () ~> ret get_ext _14 ~> ret remoteUpdate () ~> call remoteUpdate () ~> call set_ext 0 ~> call localUpdate _116 ~> ret localUpdate () ~> ret set_ext () ~> call get_ext () ~> call localUpdate _216 ~> ret localUpdate () ~> ret get_ext _278 )
#Or
  T ==K ( call remoteUpdate () ~> call set_ext 0 ~> ret set_ext () ~> call get_ext () ~> ret get_ext _14 ~> ret remoteUpdate () ~> call remoteUpdate () ~> call set_ext 0 ~> call localUpdate _116 ~> ret localUpdate () ~> ret set_ext () ~> call get_ext () ~> ret get_ext _213 )
#Or
  T ==K ( call remoteUpdate () ~> call set_ext 0 ~> ret set_ext () ~> call get_ext () ~> ret get_ext _14 ~> ret remoteUpdate () ~> call remoteUpdate () ~> call set_ext 0 ~> ret set_ext () ~> call get_ext () ~> call localUpdate _174 ~> ret localUpdate () ~> call localUpdate _217 ~> ret localUpdate () ~> ret get_ext _279 )
#Or
  T ==K ( call remoteUpdate () ~> call set_ext 0 ~> ret set_ext () ~> call get_ext () ~> ret get_ext _14 ~> ret remoteUpdate () ~> call remoteUpdate () ~> call set_ext 0 ~> ret set_ext () ~> call get_ext () ~> call localUpdate _174 ~> ret localUpdate () ~> ret get_ext _214 )
#Or
  T ==K ( call remoteUpdate () ~> call set_ext 0 ~> ret set_ext () ~> call get_ext () ~> ret get_ext _14 ~> ret remoteUpdate () ~> call remoteUpdate () ~> call set_ext 0 ~> ret set_ext () ~> call get_ext () ~> ret get_ext _171 )

real	0m12.695s
user	0m31.294s
sys	0m1.807s
